running egg_info
creating ../../../../build/xela_pybullet_viewer/xela_pybullet_viewer.egg-info
writing ../../../../build/xela_pybullet_viewer/xela_pybullet_viewer.egg-info/PKG-INFO
writing dependency_links to ../../../../build/xela_pybullet_viewer/xela_pybullet_viewer.egg-info/dependency_links.txt
writing entry points to ../../../../build/xela_pybullet_viewer/xela_pybullet_viewer.egg-info/entry_points.txt
writing requirements to ../../../../build/xela_pybullet_viewer/xela_pybullet_viewer.egg-info/requires.txt
writing top-level names to ../../../../build/xela_pybullet_viewer/xela_pybullet_viewer.egg-info/top_level.txt
writing manifest file '../../../../build/xela_pybullet_viewer/xela_pybullet_viewer.egg-info/SOURCES.txt'
reading manifest file '../../../../build/xela_pybullet_viewer/xela_pybullet_viewer.egg-info/SOURCES.txt'
writing manifest file '../../../../build/xela_pybullet_viewer/xela_pybullet_viewer.egg-info/SOURCES.txt'
running build
running build_py
creating /workspace/LeapXELA_Hardware_ws/build/xela_pybullet_viewer/build
creating /workspace/LeapXELA_Hardware_ws/build/xela_pybullet_viewer/build/lib
creating /workspace/LeapXELA_Hardware_ws/build/xela_pybullet_viewer/build/lib/xela_pybullet_viewer
copying xela_pybullet_viewer/__init__.py -> /workspace/LeapXELA_Hardware_ws/build/xela_pybullet_viewer/build/lib/xela_pybullet_viewer
copying xela_pybullet_viewer/pybullet_xacro_viewer.py -> /workspace/LeapXELA_Hardware_ws/build/xela_pybullet_viewer/build/lib/xela_pybullet_viewer
running install
running install_lib
creating /workspace/LeapXELA_Hardware_ws/install/xela_pybullet_viewer/lib/python3.10/site-packages/xela_pybullet_viewer
copying /workspace/LeapXELA_Hardware_ws/build/xela_pybullet_viewer/build/lib/xela_pybullet_viewer/__init__.py -> /workspace/LeapXELA_Hardware_ws/install/xela_pybullet_viewer/lib/python3.10/site-packages/xela_pybullet_viewer
copying /workspace/LeapXELA_Hardware_ws/build/xela_pybullet_viewer/build/lib/xela_pybullet_viewer/pybullet_xacro_viewer.py -> /workspace/LeapXELA_Hardware_ws/install/xela_pybullet_viewer/lib/python3.10/site-packages/xela_pybullet_viewer
byte-compiling /workspace/LeapXELA_Hardware_ws/install/xela_pybullet_viewer/lib/python3.10/site-packages/xela_pybullet_viewer/__init__.py to __init__.cpython-310.pyc
byte-compiling /workspace/LeapXELA_Hardware_ws/install/xela_pybullet_viewer/lib/python3.10/site-packages/xela_pybullet_viewer/pybullet_xacro_viewer.py to pybullet_xacro_viewer.cpython-310.pyc
running install_data
creating /workspace/LeapXELA_Hardware_ws/install/xela_pybullet_viewer/share/ament_index
creating /workspace/LeapXELA_Hardware_ws/install/xela_pybullet_viewer/share/ament_index/resource_index
creating /workspace/LeapXELA_Hardware_ws/install/xela_pybullet_viewer/share/ament_index/resource_index/packages
copying resource/xela_pybullet_viewer -> /workspace/LeapXELA_Hardware_ws/install/xela_pybullet_viewer/share/ament_index/resource_index/packages
copying package.xml -> /workspace/LeapXELA_Hardware_ws/install/xela_pybullet_viewer/share/xela_pybullet_viewer
creating /workspace/LeapXELA_Hardware_ws/install/xela_pybullet_viewer/share/xela_pybullet_viewer/launch
copying launch/pybullet_aftf.launch.py -> /workspace/LeapXELA_Hardware_ws/install/xela_pybullet_viewer/share/xela_pybullet_viewer/launch
running install_egg_info
Copying ../../../../build/xela_pybullet_viewer/xela_pybullet_viewer.egg-info to /workspace/LeapXELA_Hardware_ws/install/xela_pybullet_viewer/lib/python3.10/site-packages/xela_pybullet_viewer-0.0.1-py3.10.egg-info
running install_scripts
Installing pybullet_xacro_viewer script to /workspace/LeapXELA_Hardware_ws/install/xela_pybullet_viewer/lib/xela_pybullet_viewer
writing list of installed files to '/workspace/LeapXELA_Hardware_ws/build/xela_pybullet_viewer/install.log'
