[1.168s] Invoking command in '/workspace/LeapXELA_Hardware_ws/ros_ws/src/xela_models/xela_pybullet_viewer': AMENT_PREFIX_PATH=/workspace/LeapXELA_Hardware_ws/install/xela_models:${AMENT_PREFIX_PATH} CMAKE_PREFIX_PATH=/workspace/LeapXELA_Hardware_ws/install/xela_models PYTHONPATH=/workspace/LeapXELA_Hardware_ws/build/xela_pybullet_viewer/prefix_override:/usr/lib/python3/dist-packages/colcon_core/task/python/colcon_distutils_commands:/workspace/LeapXELA_Hardware_ws/install/xela_pybullet_viewer/lib/python3.10/site-packages:${PYTHONPATH} /usr/bin/python3 -W ignore:setup.py install is deprecated -W ignore:easy_install command is deprecated setup.py egg_info --egg-base ../../../../build/xela_pybullet_viewer build --build-base /workspace/LeapXELA_Hardware_ws/build/xela_pybullet_viewer/build install --record /workspace/LeapXELA_Hardware_ws/build/xela_pybullet_viewer/install.log --single-version-externally-managed install_data
[1.667s] running egg_info
[1.669s] creating ../../../../build/xela_pybullet_viewer/xela_pybullet_viewer.egg-info
[1.670s] writing ../../../../build/xela_pybullet_viewer/xela_pybullet_viewer.egg-info/PKG-INFO
[1.670s] writing dependency_links to ../../../../build/xela_pybullet_viewer/xela_pybullet_viewer.egg-info/dependency_links.txt
[1.671s] writing entry points to ../../../../build/xela_pybullet_viewer/xela_pybullet_viewer.egg-info/entry_points.txt
[1.671s] writing requirements to ../../../../build/xela_pybullet_viewer/xela_pybullet_viewer.egg-info/requires.txt
[1.671s] writing top-level names to ../../../../build/xela_pybullet_viewer/xela_pybullet_viewer.egg-info/top_level.txt
[1.672s] writing manifest file '../../../../build/xela_pybullet_viewer/xela_pybullet_viewer.egg-info/SOURCES.txt'
[1.676s] reading manifest file '../../../../build/xela_pybullet_viewer/xela_pybullet_viewer.egg-info/SOURCES.txt'
[1.678s] writing manifest file '../../../../build/xela_pybullet_viewer/xela_pybullet_viewer.egg-info/SOURCES.txt'
[1.678s] running build
[1.678s] running build_py
[1.678s] creating /workspace/LeapXELA_Hardware_ws/build/xela_pybullet_viewer/build
[1.678s] creating /workspace/LeapXELA_Hardware_ws/build/xela_pybullet_viewer/build/lib
[1.678s] creating /workspace/LeapXELA_Hardware_ws/build/xela_pybullet_viewer/build/lib/xela_pybullet_viewer
[1.679s] copying xela_pybullet_viewer/__init__.py -> /workspace/LeapXELA_Hardware_ws/build/xela_pybullet_viewer/build/lib/xela_pybullet_viewer
[1.679s] copying xela_pybullet_viewer/pybullet_xacro_viewer.py -> /workspace/LeapXELA_Hardware_ws/build/xela_pybullet_viewer/build/lib/xela_pybullet_viewer
[1.679s] running install
[1.680s] running install_lib
[1.682s] creating /workspace/LeapXELA_Hardware_ws/install/xela_pybullet_viewer/lib/python3.10/site-packages/xela_pybullet_viewer
[1.682s] copying /workspace/LeapXELA_Hardware_ws/build/xela_pybullet_viewer/build/lib/xela_pybullet_viewer/__init__.py -> /workspace/LeapXELA_Hardware_ws/install/xela_pybullet_viewer/lib/python3.10/site-packages/xela_pybullet_viewer
[1.682s] copying /workspace/LeapXELA_Hardware_ws/build/xela_pybullet_viewer/build/lib/xela_pybullet_viewer/pybullet_xacro_viewer.py -> /workspace/LeapXELA_Hardware_ws/install/xela_pybullet_viewer/lib/python3.10/site-packages/xela_pybullet_viewer
[1.683s] byte-compiling /workspace/LeapXELA_Hardware_ws/install/xela_pybullet_viewer/lib/python3.10/site-packages/xela_pybullet_viewer/__init__.py to __init__.cpython-310.pyc
[1.684s] byte-compiling /workspace/LeapXELA_Hardware_ws/install/xela_pybullet_viewer/lib/python3.10/site-packages/xela_pybullet_viewer/pybullet_xacro_viewer.py to pybullet_xacro_viewer.cpython-310.pyc
[1.688s] running install_data
[1.688s] creating /workspace/LeapXELA_Hardware_ws/install/xela_pybullet_viewer/share/ament_index
[1.689s] creating /workspace/LeapXELA_Hardware_ws/install/xela_pybullet_viewer/share/ament_index/resource_index
[1.689s] creating /workspace/LeapXELA_Hardware_ws/install/xela_pybullet_viewer/share/ament_index/resource_index/packages
[1.689s] copying resource/xela_pybullet_viewer -> /workspace/LeapXELA_Hardware_ws/install/xela_pybullet_viewer/share/ament_index/resource_index/packages
[1.689s] copying package.xml -> /workspace/LeapXELA_Hardware_ws/install/xela_pybullet_viewer/share/xela_pybullet_viewer
[1.689s] creating /workspace/LeapXELA_Hardware_ws/install/xela_pybullet_viewer/share/xela_pybullet_viewer/launch
[1.690s] copying launch/pybullet_aftf.launch.py -> /workspace/LeapXELA_Hardware_ws/install/xela_pybullet_viewer/share/xela_pybullet_viewer/launch
[1.690s] running install_egg_info
[1.692s] Copying ../../../../build/xela_pybullet_viewer/xela_pybullet_viewer.egg-info to /workspace/LeapXELA_Hardware_ws/install/xela_pybullet_viewer/lib/python3.10/site-packages/xela_pybullet_viewer-0.0.1-py3.10.egg-info
[1.694s] running install_scripts
[1.728s] Installing pybullet_xacro_viewer script to /workspace/LeapXELA_Hardware_ws/install/xela_pybullet_viewer/lib/xela_pybullet_viewer
[1.729s] writing list of installed files to '/workspace/LeapXELA_Hardware_ws/build/xela_pybullet_viewer/install.log'
[1.763s] Invoked command in '/workspace/LeapXELA_Hardware_ws/ros_ws/src/xela_models/xela_pybullet_viewer' returned '0': AMENT_PREFIX_PATH=/workspace/LeapXELA_Hardware_ws/install/xela_models:${AMENT_PREFIX_PATH} CMAKE_PREFIX_PATH=/workspace/LeapXELA_Hardware_ws/install/xela_models PYTHONPATH=/workspace/LeapXELA_Hardware_ws/build/xela_pybullet_viewer/prefix_override:/usr/lib/python3/dist-packages/colcon_core/task/python/colcon_distutils_commands:/workspace/LeapXELA_Hardware_ws/install/xela_pybullet_viewer/lib/python3.10/site-packages:${PYTHONPATH} /usr/bin/python3 -W ignore:setup.py install is deprecated -W ignore:easy_install command is deprecated setup.py egg_info --egg-base ../../../../build/xela_pybullet_viewer build --build-base /workspace/LeapXELA_Hardware_ws/build/xela_pybullet_viewer/build install --record /workspace/LeapXELA_Hardware_ws/build/xela_pybullet_viewer/install.log --single-version-externally-managed install_data
