[2.460s] Invoking command in '/workspace/LeapXELA_Hardware_ws/ros_ws/src/leap_description': PYTHONPATH=/workspace/LeapXELA_Hardware_ws/build/leap_description/prefix_override:/usr/lib/python3/dist-packages/colcon_core/task/python/colcon_distutils_commands:/workspace/LeapXELA_Hardware_ws/install/leap_description/lib/python3.10/site-packages:${PYTHONPATH} /usr/bin/python3 -W ignore:setup.py install is deprecated -W ignore:easy_install command is deprecated setup.py egg_info --egg-base ../../../build/leap_description build --build-base /workspace/LeapXELA_Hardware_ws/build/leap_description/build install --record /workspace/LeapXELA_Hardware_ws/build/leap_description/install.log --single-version-externally-managed install_data
[2.899s] running egg_info
[2.900s] creating ../../../build/leap_description/leap_description.egg-info
[2.900s] writing ../../../build/leap_description/leap_description.egg-info/PKG-INFO
[2.900s] writing dependency_links to ../../../build/leap_description/leap_description.egg-info/dependency_links.txt
[2.901s] writing entry points to ../../../build/leap_description/leap_description.egg-info/entry_points.txt
[2.901s] writing requirements to ../../../build/leap_description/leap_description.egg-info/requires.txt
[2.901s] writing top-level names to ../../../build/leap_description/leap_description.egg-info/top_level.txt
[2.901s] writing manifest file '../../../build/leap_description/leap_description.egg-info/SOURCES.txt'
[2.902s] reading manifest file '../../../build/leap_description/leap_description.egg-info/SOURCES.txt'
[2.904s] writing manifest file '../../../build/leap_description/leap_description.egg-info/SOURCES.txt'
[2.904s] running build
[2.904s] running install
[2.905s] running install_data
[2.905s] creating /workspace/LeapXELA_Hardware_ws/install/leap_description/share/ament_index
[2.905s] creating /workspace/LeapXELA_Hardware_ws/install/leap_description/share/ament_index/resource_index
[2.905s] creating /workspace/LeapXELA_Hardware_ws/install/leap_description/share/ament_index/resource_index/packages
[2.905s] copying resource/leap_description -> /workspace/LeapXELA_Hardware_ws/install/leap_description/share/ament_index/resource_index/packages
[2.906s] copying package.xml -> /workspace/LeapXELA_Hardware_ws/install/leap_description/share/leap_description
[2.906s] creating /workspace/LeapXELA_Hardware_ws/install/leap_description/share/leap_description/urdf
[2.906s] copying urdf/palm.urdf -> /workspace/LeapXELA_Hardware_ws/install/leap_description/share/leap_description/urdf
[2.906s] copying urdf/finger.urdf -> /workspace/LeapXELA_Hardware_ws/install/leap_description/share/leap_description/urdf
[2.906s] copying urdf/visulize_hand_node.py -> /workspace/LeapXELA_Hardware_ws/install/leap_description/share/leap_description/urdf
[2.906s] copying urdf/thumb.urdf -> /workspace/LeapXELA_Hardware_ws/install/leap_description/share/leap_description/urdf
[2.907s] copying urdf/robot.urdf -> /workspace/LeapXELA_Hardware_ws/install/leap_description/share/leap_description/urdf
[2.907s] copying urdf/list_to_string.py -> /workspace/LeapXELA_Hardware_ws/install/leap_description/share/leap_description/urdf
[2.907s] copying urdf/finger.py -> /workspace/LeapXELA_Hardware_ws/install/leap_description/share/leap_description/urdf
[2.907s] copying urdf/visulize_palm_node.py -> /workspace/LeapXELA_Hardware_ws/install/leap_description/share/leap_description/urdf
[2.907s] copying urdf/visulize_finger.py -> /workspace/LeapXELA_Hardware_ws/install/leap_description/share/leap_description/urdf
[2.908s] copying urdf/thumb.py -> /workspace/LeapXELA_Hardware_ws/install/leap_description/share/leap_description/urdf
[2.908s] copying urdf/robot_pybullet.urdf -> /workspace/LeapXELA_Hardware_ws/install/leap_description/share/leap_description/urdf
[2.908s] copying urdf/palm.py -> /workspace/LeapXELA_Hardware_ws/install/leap_description/share/leap_description/urdf
[2.908s] copying urdf/visulize_thumb_node.py -> /workspace/LeapXELA_Hardware_ws/install/leap_description/share/leap_description/urdf
[2.908s] copying urdf/hand.py -> /workspace/LeapXELA_Hardware_ws/install/leap_description/share/leap_description/urdf
[2.908s] copying urdf/hand.urdf -> /workspace/LeapXELA_Hardware_ws/install/leap_description/share/leap_description/urdf
[2.908s] creating /workspace/LeapXELA_Hardware_ws/install/leap_description/share/leap_description/urdf/assets
[2.909s] copying urdf/assets/thumb_pip.part -> /workspace/LeapXELA_Hardware_ws/install/leap_description/share/leap_description/urdf/assets
[2.909s] copying urdf/assets/fingertip_old.stl -> /workspace/LeapXELA_Hardware_ws/install/leap_description/share/leap_description/urdf/assets
[2.909s] copying urdf/assets/fingertip.stl -> /workspace/LeapXELA_Hardware_ws/install/leap_description/share/leap_description/urdf/assets
[2.909s] copying urdf/assets/palm_lower_left.stl -> /workspace/LeapXELA_Hardware_ws/install/leap_description/share/leap_description/urdf/assets
[2.998s] copying urdf/assets/palm_lower.stl -> /workspace/LeapXELA_Hardware_ws/install/leap_description/share/leap_description/urdf/assets
[3.110s] copying urdf/assets/dip.part -> /workspace/LeapXELA_Hardware_ws/install/leap_description/share/leap_description/urdf/assets
[3.111s] copying urdf/assets/palm_lower.part -> /workspace/LeapXELA_Hardware_ws/install/leap_description/share/leap_description/urdf/assets
[3.111s] copying urdf/assets/fingertip.part -> /workspace/LeapXELA_Hardware_ws/install/leap_description/share/leap_description/urdf/assets
[3.111s] copying urdf/assets/pip.stl -> /workspace/LeapXELA_Hardware_ws/install/leap_description/share/leap_description/urdf/assets
[3.113s] copying urdf/assets/thumb_fingertip.part -> /workspace/LeapXELA_Hardware_ws/install/leap_description/share/leap_description/urdf/assets
[3.113s] copying urdf/assets/mcp_joint.stl -> /workspace/LeapXELA_Hardware_ws/install/leap_description/share/leap_description/urdf/assets
[3.115s] copying urdf/assets/thumb_dip.stl -> /workspace/LeapXELA_Hardware_ws/install/leap_description/share/leap_description/urdf/assets
[3.116s] copying urdf/assets/config.json -> /workspace/LeapXELA_Hardware_ws/install/leap_description/share/leap_description/urdf/assets
[3.117s] copying urdf/assets/pip.part -> /workspace/LeapXELA_Hardware_ws/install/leap_description/share/leap_description/urdf/assets
[3.117s] copying urdf/assets/palm_lower_left_old.stl -> /workspace/LeapXELA_Hardware_ws/install/leap_description/share/leap_description/urdf/assets
[3.200s] copying urdf/assets/thumb_dip.part -> /workspace/LeapXELA_Hardware_ws/install/leap_description/share/leap_description/urdf/assets
[3.200s] copying urdf/assets/thumb_fingertip_old.stl -> /workspace/LeapXELA_Hardware_ws/install/leap_description/share/leap_description/urdf/assets
[3.201s] copying urdf/assets/dip.stl -> /workspace/LeapXELA_Hardware_ws/install/leap_description/share/leap_description/urdf/assets
[3.204s] copying urdf/assets/thumb_fingertip.stl -> /workspace/LeapXELA_Hardware_ws/install/leap_description/share/leap_description/urdf/assets
[3.206s] copying urdf/assets/thumb_pip.stl -> /workspace/LeapXELA_Hardware_ws/install/leap_description/share/leap_description/urdf/assets
[3.208s] copying urdf/assets/mcp_joint.part -> /workspace/LeapXELA_Hardware_ws/install/leap_description/share/leap_description/urdf/assets
[3.209s] creating /workspace/LeapXELA_Hardware_ws/install/leap_description/share/leap_description/urdf/__pycache__
[3.209s] copying urdf/__pycache__/palm.cpython-310.pyc -> /workspace/LeapXELA_Hardware_ws/install/leap_description/share/leap_description/urdf/__pycache__
[3.209s] copying urdf/__pycache__/thumb.cpython-310.pyc -> /workspace/LeapXELA_Hardware_ws/install/leap_description/share/leap_description/urdf/__pycache__
[3.209s] copying urdf/__pycache__/finger.cpython-310.pyc -> /workspace/LeapXELA_Hardware_ws/install/leap_description/share/leap_description/urdf/__pycache__
[3.209s] copying urdf/__pycache__/list_to_string.cpython-310.pyc -> /workspace/LeapXELA_Hardware_ws/install/leap_description/share/leap_description/urdf/__pycache__
[3.210s] running install_egg_info
[3.213s] Copying ../../../build/leap_description/leap_description.egg-info to /workspace/LeapXELA_Hardware_ws/install/leap_description/lib/python3.10/site-packages/leap_description-0.0.0-py3.10.egg-info
[3.215s] running install_scripts
[3.257s] writing list of installed files to '/workspace/LeapXELA_Hardware_ws/build/leap_description/install.log'
[3.300s] Invoked command in '/workspace/LeapXELA_Hardware_ws/ros_ws/src/leap_description' returned '0': PYTHONPATH=/workspace/LeapXELA_Hardware_ws/build/leap_description/prefix_override:/usr/lib/python3/dist-packages/colcon_core/task/python/colcon_distutils_commands:/workspace/LeapXELA_Hardware_ws/install/leap_description/lib/python3.10/site-packages:${PYTHONPATH} /usr/bin/python3 -W ignore:setup.py install is deprecated -W ignore:easy_install command is deprecated setup.py egg_info --egg-base ../../../build/leap_description build --build-base /workspace/LeapXELA_Hardware_ws/build/leap_description/build install --record /workspace/LeapXELA_Hardware_ws/build/leap_description/install.log --single-version-externally-managed install_data
