/workspace/LeapXELA_Hardware_ws/install/oculusTeleop/lib/python3.10/site-packages/oculusTeleop/__init__.py
/workspace/LeapXELA_Hardware_ws/install/oculusTeleop/lib/python3.10/site-packages/oculusTeleop/client.py
/workspace/LeapXELA_Hardware_ws/install/oculusTeleop/lib/python3.10/site-packages/oculusTeleop/quest_streamer.py
/workspace/LeapXELA_Hardware_ws/install/oculusTeleop/lib/python3.10/site-packages/oculusTeleop/leapXela_clinet.py
/workspace/LeapXELA_Hardware_ws/install/oculusTeleop/lib/python3.10/site-packages/oculusTeleop/avp_leapXela_server.py
/workspace/LeapXELA_Hardware_ws/install/oculusTeleop/lib/python3.10/site-packages/oculusTeleop/avp_leap_server.py
/workspace/LeapXELA_Hardware_ws/install/oculusTeleop/lib/python3.10/site-packages/oculusTeleop/sim_to_hardware_conversion.py
/workspace/LeapXELA_Hardware_ws/install/oculusTeleop/lib/python3.10/site-packages/oculusTeleop/leapXela_right/__init__.py
/workspace/LeapXELA_Hardware_ws/install/oculusTeleop/lib/python3.10/site-packages/oculusTeleop/leapXela_right/visulize_hand_node.py
/workspace/LeapXELA_Hardware_ws/install/oculusTeleop/lib/python3.10/site-packages/oculusTeleop/leapXela_right/visulize_finger_node.py
/workspace/LeapXELA_Hardware_ws/install/oculusTeleop/lib/python3.10/site-packages/oculusTeleop/leapXela_right/visulize_node.py
/workspace/LeapXELA_Hardware_ws/install/oculusTeleop/lib/python3.10/site-packages/oculusTeleop/leapXela_right/list_to_string.py
/workspace/LeapXELA_Hardware_ws/install/oculusTeleop/lib/python3.10/site-packages/oculusTeleop/leapXela_right/finger.py
/workspace/LeapXELA_Hardware_ws/install/oculusTeleop/lib/python3.10/site-packages/oculusTeleop/leapXela_right/visulize_palm_node.py
/workspace/LeapXELA_Hardware_ws/install/oculusTeleop/lib/python3.10/site-packages/oculusTeleop/leapXela_right/thumb.py
/workspace/LeapXELA_Hardware_ws/install/oculusTeleop/lib/python3.10/site-packages/oculusTeleop/leapXela_right/palm.py
/workspace/LeapXELA_Hardware_ws/install/oculusTeleop/lib/python3.10/site-packages/oculusTeleop/leapXela_right/visulize_thumb_node.py
/workspace/LeapXELA_Hardware_ws/install/oculusTeleop/lib/python3.10/site-packages/oculusTeleop/leapXela_right/hand.py
/workspace/LeapXELA_Hardware_ws/install/oculusTeleop/lib/python3.10/site-packages/oculusTeleop/leap_hand_mesh_left/dip.part
/workspace/LeapXELA_Hardware_ws/install/oculusTeleop/lib/python3.10/site-packages/oculusTeleop/leap_hand_mesh_left/dip.stl
/workspace/LeapXELA_Hardware_ws/install/oculusTeleop/lib/python3.10/site-packages/oculusTeleop/leap_hand_mesh_left/fingertip.part
/workspace/LeapXELA_Hardware_ws/install/oculusTeleop/lib/python3.10/site-packages/oculusTeleop/leap_hand_mesh_left/fingertip.stl
/workspace/LeapXELA_Hardware_ws/install/oculusTeleop/lib/python3.10/site-packages/oculusTeleop/leap_hand_mesh_left/mcp_joint.part
/workspace/LeapXELA_Hardware_ws/install/oculusTeleop/lib/python3.10/site-packages/oculusTeleop/leap_hand_mesh_left/mcp_joint.stl
/workspace/LeapXELA_Hardware_ws/install/oculusTeleop/lib/python3.10/site-packages/oculusTeleop/leap_hand_mesh_left/palm_lower_left.part
/workspace/LeapXELA_Hardware_ws/install/oculusTeleop/lib/python3.10/site-packages/oculusTeleop/leap_hand_mesh_left/palm_lower_left.stl
/workspace/LeapXELA_Hardware_ws/install/oculusTeleop/lib/python3.10/site-packages/oculusTeleop/leap_hand_mesh_left/pip.part
/workspace/LeapXELA_Hardware_ws/install/oculusTeleop/lib/python3.10/site-packages/oculusTeleop/leap_hand_mesh_left/pip.stl
/workspace/LeapXELA_Hardware_ws/install/oculusTeleop/lib/python3.10/site-packages/oculusTeleop/leap_hand_mesh_left/robot.urdf
/workspace/LeapXELA_Hardware_ws/install/oculusTeleop/lib/python3.10/site-packages/oculusTeleop/leap_hand_mesh_left/robot_pybullet.urdf
/workspace/LeapXELA_Hardware_ws/install/oculusTeleop/lib/python3.10/site-packages/oculusTeleop/leap_hand_mesh_left/thumb_dip.part
/workspace/LeapXELA_Hardware_ws/install/oculusTeleop/lib/python3.10/site-packages/oculusTeleop/leap_hand_mesh_left/thumb_dip.stl
/workspace/LeapXELA_Hardware_ws/install/oculusTeleop/lib/python3.10/site-packages/oculusTeleop/leap_hand_mesh_left/thumb_fingertip.part
/workspace/LeapXELA_Hardware_ws/install/oculusTeleop/lib/python3.10/site-packages/oculusTeleop/leap_hand_mesh_left/thumb_fingertip.stl
/workspace/LeapXELA_Hardware_ws/install/oculusTeleop/lib/python3.10/site-packages/oculusTeleop/leap_hand_mesh_left/thumb_left_temp_base.part
/workspace/LeapXELA_Hardware_ws/install/oculusTeleop/lib/python3.10/site-packages/oculusTeleop/leap_hand_mesh_left/thumb_left_temp_base.stl
/workspace/LeapXELA_Hardware_ws/install/oculusTeleop/lib/python3.10/site-packages/oculusTeleop/leap_hand_mesh_left/thumb_pip.part
/workspace/LeapXELA_Hardware_ws/install/oculusTeleop/lib/python3.10/site-packages/oculusTeleop/leap_hand_mesh_left/thumb_pip.stl
/workspace/LeapXELA_Hardware_ws/install/oculusTeleop/lib/python3.10/site-packages/oculusTeleop/leap_hand_mesh_right/config.json
/workspace/LeapXELA_Hardware_ws/install/oculusTeleop/lib/python3.10/site-packages/oculusTeleop/leap_hand_mesh_right/dip.part
/workspace/LeapXELA_Hardware_ws/install/oculusTeleop/lib/python3.10/site-packages/oculusTeleop/leap_hand_mesh_right/dip.stl
/workspace/LeapXELA_Hardware_ws/install/oculusTeleop/lib/python3.10/site-packages/oculusTeleop/leap_hand_mesh_right/fingertip.part
/workspace/LeapXELA_Hardware_ws/install/oculusTeleop/lib/python3.10/site-packages/oculusTeleop/leap_hand_mesh_right/fingertip.stl
/workspace/LeapXELA_Hardware_ws/install/oculusTeleop/lib/python3.10/site-packages/oculusTeleop/leap_hand_mesh_right/fingertip_old.stl
/workspace/LeapXELA_Hardware_ws/install/oculusTeleop/lib/python3.10/site-packages/oculusTeleop/leap_hand_mesh_right/mcp_joint.part
/workspace/LeapXELA_Hardware_ws/install/oculusTeleop/lib/python3.10/site-packages/oculusTeleop/leap_hand_mesh_right/mcp_joint.stl
/workspace/LeapXELA_Hardware_ws/install/oculusTeleop/lib/python3.10/site-packages/oculusTeleop/leap_hand_mesh_right/palm_lower.part
/workspace/LeapXELA_Hardware_ws/install/oculusTeleop/lib/python3.10/site-packages/oculusTeleop/leap_hand_mesh_right/palm_lower.stl
/workspace/LeapXELA_Hardware_ws/install/oculusTeleop/lib/python3.10/site-packages/oculusTeleop/leap_hand_mesh_right/palm_lower_left.stl
/workspace/LeapXELA_Hardware_ws/install/oculusTeleop/lib/python3.10/site-packages/oculusTeleop/leap_hand_mesh_right/palm_lower_left_old.stl
/workspace/LeapXELA_Hardware_ws/install/oculusTeleop/lib/python3.10/site-packages/oculusTeleop/leap_hand_mesh_right/pip.part
/workspace/LeapXELA_Hardware_ws/install/oculusTeleop/lib/python3.10/site-packages/oculusTeleop/leap_hand_mesh_right/pip.stl
/workspace/LeapXELA_Hardware_ws/install/oculusTeleop/lib/python3.10/site-packages/oculusTeleop/leap_hand_mesh_right/robot.urdf
/workspace/LeapXELA_Hardware_ws/install/oculusTeleop/lib/python3.10/site-packages/oculusTeleop/leap_hand_mesh_right/robot_pybullet.urdf
/workspace/LeapXELA_Hardware_ws/install/oculusTeleop/lib/python3.10/site-packages/oculusTeleop/leap_hand_mesh_right/thumb_dip.part
/workspace/LeapXELA_Hardware_ws/install/oculusTeleop/lib/python3.10/site-packages/oculusTeleop/leap_hand_mesh_right/thumb_dip.stl
/workspace/LeapXELA_Hardware_ws/install/oculusTeleop/lib/python3.10/site-packages/oculusTeleop/leap_hand_mesh_right/thumb_fingertip.part
/workspace/LeapXELA_Hardware_ws/install/oculusTeleop/lib/python3.10/site-packages/oculusTeleop/leap_hand_mesh_right/thumb_fingertip.stl
/workspace/LeapXELA_Hardware_ws/install/oculusTeleop/lib/python3.10/site-packages/oculusTeleop/leap_hand_mesh_right/thumb_fingertip_old.stl
/workspace/LeapXELA_Hardware_ws/install/oculusTeleop/lib/python3.10/site-packages/oculusTeleop/leap_hand_mesh_right/thumb_pip.part
/workspace/LeapXELA_Hardware_ws/install/oculusTeleop/lib/python3.10/site-packages/oculusTeleop/leap_hand_mesh_right/thumb_pip.stl
/workspace/LeapXELA_Hardware_ws/install/oculusTeleop/lib/python3.10/site-packages/oculusTeleop/leapXela_right/palm.urdf
/workspace/LeapXELA_Hardware_ws/install/oculusTeleop/lib/python3.10/site-packages/oculusTeleop/leapXela_right/finger.urdf
/workspace/LeapXELA_Hardware_ws/install/oculusTeleop/lib/python3.10/site-packages/oculusTeleop/leapXela_right/thumb.urdf
/workspace/LeapXELA_Hardware_ws/install/oculusTeleop/lib/python3.10/site-packages/oculusTeleop/leapXela_right/robot.urdf
/workspace/LeapXELA_Hardware_ws/install/oculusTeleop/lib/python3.10/site-packages/oculusTeleop/leapXela_right/hand.urdf
/workspace/LeapXELA_Hardware_ws/install/oculusTeleop/lib/python3.10/site-packages/oculusTeleop/leapXela_right/config.json
/workspace/LeapXELA_Hardware_ws/install/oculusTeleop/lib/python3.10/site-packages/oculusTeleop/leapXela_right/assets/fingertop_unfied.part
/workspace/LeapXELA_Hardware_ws/install/oculusTeleop/lib/python3.10/site-packages/oculusTeleop/leapXela_right/assets/p4_unified.stl
/workspace/LeapXELA_Hardware_ws/install/oculusTeleop/lib/python3.10/site-packages/oculusTeleop/leapXela_right/assets/thp0_unified.stl
/workspace/LeapXELA_Hardware_ws/install/oculusTeleop/lib/python3.10/site-packages/oculusTeleop/leapXela_right/assets/fingertop_unfied.stl
/workspace/LeapXELA_Hardware_ws/install/oculusTeleop/lib/python3.10/site-packages/oculusTeleop/leapXela_right/assets/p5_unified.stl
/workspace/LeapXELA_Hardware_ws/install/oculusTeleop/lib/python3.10/site-packages/oculusTeleop/leapXela_right/assets/palm_face.part
/workspace/LeapXELA_Hardware_ws/install/oculusTeleop/lib/python3.10/site-packages/oculusTeleop/leapXela_right/assets/thfingertip_unified.part
/workspace/LeapXELA_Hardware_ws/install/oculusTeleop/lib/python3.10/site-packages/oculusTeleop/leapXela_right/assets/thconnector.stl
/workspace/LeapXELA_Hardware_ws/install/oculusTeleop/lib/python3.10/site-packages/oculusTeleop/leapXela_right/assets/p3_unified.part
/workspace/LeapXELA_Hardware_ws/install/oculusTeleop/lib/python3.10/site-packages/oculusTeleop/leapXela_right/assets/thp1_unified.part
/workspace/LeapXELA_Hardware_ws/install/oculusTeleop/lib/python3.10/site-packages/oculusTeleop/leapXela_right/assets/top_palm.stl
/workspace/LeapXELA_Hardware_ws/install/oculusTeleop/lib/python3.10/site-packages/oculusTeleop/leapXela_right/assets/leap_hand_xela_motorholder.part
/workspace/LeapXELA_Hardware_ws/install/oculusTeleop/lib/python3.10/site-packages/oculusTeleop/leapXela_right/assets/clipper.part
/workspace/LeapXELA_Hardware_ws/install/oculusTeleop/lib/python3.10/site-packages/oculusTeleop/leapXela_right/assets/uspa46.stl
/workspace/LeapXELA_Hardware_ws/install/oculusTeleop/lib/python3.10/site-packages/oculusTeleop/leapXela_right/assets/leap_hand_xela_motorholder.stl
/workspace/LeapXELA_Hardware_ws/install/oculusTeleop/lib/python3.10/site-packages/oculusTeleop/leapXela_right/assets/leap_hand_xela_bottom.stl
/workspace/LeapXELA_Hardware_ws/install/oculusTeleop/lib/python3.10/site-packages/oculusTeleop/leapXela_right/assets/leap_hand_xela_side_cover.stl
/workspace/LeapXELA_Hardware_ws/install/oculusTeleop/lib/python3.10/site-packages/oculusTeleop/leapXela_right/assets/p5_unified.part
/workspace/LeapXELA_Hardware_ws/install/oculusTeleop/lib/python3.10/site-packages/oculusTeleop/leapXela_right/assets/p4_unified.part
/workspace/LeapXELA_Hardware_ws/install/oculusTeleop/lib/python3.10/site-packages/oculusTeleop/leapXela_right/assets/leap_hand_xela_side_cover.part
/workspace/LeapXELA_Hardware_ws/install/oculusTeleop/lib/python3.10/site-packages/oculusTeleop/leapXela_right/assets/clipper.stl
/workspace/LeapXELA_Hardware_ws/install/oculusTeleop/lib/python3.10/site-packages/oculusTeleop/leapXela_right/assets/uspa46.part
/workspace/LeapXELA_Hardware_ws/install/oculusTeleop/lib/python3.10/site-packages/oculusTeleop/leapXela_right/assets/thfingertip_unified.stl
/workspace/LeapXELA_Hardware_ws/install/oculusTeleop/lib/python3.10/site-packages/oculusTeleop/leapXela_right/assets/leap_hand_xela_back_cover.stl
/workspace/LeapXELA_Hardware_ws/install/oculusTeleop/lib/python3.10/site-packages/oculusTeleop/leapXela_right/assets/top_palm.part
/workspace/LeapXELA_Hardware_ws/install/oculusTeleop/lib/python3.10/site-packages/oculusTeleop/leapXela_right/assets/palm_face.stl
/workspace/LeapXELA_Hardware_ws/install/oculusTeleop/lib/python3.10/site-packages/oculusTeleop/leapXela_right/assets/thp1_unified.stl
/workspace/LeapXELA_Hardware_ws/install/oculusTeleop/lib/python3.10/site-packages/oculusTeleop/leapXela_right/assets/thconnector.part
/workspace/LeapXELA_Hardware_ws/install/oculusTeleop/lib/python3.10/site-packages/oculusTeleop/leapXela_right/assets/thp0_unified.part
/workspace/LeapXELA_Hardware_ws/install/oculusTeleop/lib/python3.10/site-packages/oculusTeleop/leapXela_right/assets/leap_hand_xela_back_cover.part
/workspace/LeapXELA_Hardware_ws/install/oculusTeleop/lib/python3.10/site-packages/oculusTeleop/leapXela_right/assets/p3_unified.stl
/workspace/LeapXELA_Hardware_ws/install/oculusTeleop/lib/python3.10/site-packages/oculusTeleop/leapXela_right/assets/leap_hand_xela_bottom.part
/workspace/LeapXELA_Hardware_ws/install/oculusTeleop/lib/python3.10/site-packages/oculusTeleop/leapXela_right/assets/thp2_unified.stl
/workspace/LeapXELA_Hardware_ws/install/oculusTeleop/lib/python3.10/site-packages/oculusTeleop/leapXela_right/assets/p2_unified.stl
/workspace/LeapXELA_Hardware_ws/install/oculusTeleop/lib/python3.10/site-packages/oculusTeleop/leapXela_right/assets/p2_unified.part
/workspace/LeapXELA_Hardware_ws/install/oculusTeleop/lib/python3.10/site-packages/oculusTeleop/leapXela_right/assets/thp2_unified.part
/workspace/LeapXELA_Hardware_ws/install/oculusTeleop/lib/python3.10/site-packages/oculusTeleop/__pycache__/__init__.cpython-310.pyc
/workspace/LeapXELA_Hardware_ws/install/oculusTeleop/lib/python3.10/site-packages/oculusTeleop/__pycache__/client.cpython-310.pyc
/workspace/LeapXELA_Hardware_ws/install/oculusTeleop/lib/python3.10/site-packages/oculusTeleop/__pycache__/quest_streamer.cpython-310.pyc
/workspace/LeapXELA_Hardware_ws/install/oculusTeleop/lib/python3.10/site-packages/oculusTeleop/__pycache__/leapXela_clinet.cpython-310.pyc
/workspace/LeapXELA_Hardware_ws/install/oculusTeleop/lib/python3.10/site-packages/oculusTeleop/__pycache__/avp_leapXela_server.cpython-310.pyc
/workspace/LeapXELA_Hardware_ws/install/oculusTeleop/lib/python3.10/site-packages/oculusTeleop/__pycache__/avp_leap_server.cpython-310.pyc
/workspace/LeapXELA_Hardware_ws/install/oculusTeleop/lib/python3.10/site-packages/oculusTeleop/__pycache__/sim_to_hardware_conversion.cpython-310.pyc
/workspace/LeapXELA_Hardware_ws/install/oculusTeleop/lib/python3.10/site-packages/oculusTeleop/leapXela_right/__pycache__/__init__.cpython-310.pyc
/workspace/LeapXELA_Hardware_ws/install/oculusTeleop/lib/python3.10/site-packages/oculusTeleop/leapXela_right/__pycache__/visulize_hand_node.cpython-310.pyc
/workspace/LeapXELA_Hardware_ws/install/oculusTeleop/lib/python3.10/site-packages/oculusTeleop/leapXela_right/__pycache__/visulize_finger_node.cpython-310.pyc
/workspace/LeapXELA_Hardware_ws/install/oculusTeleop/lib/python3.10/site-packages/oculusTeleop/leapXela_right/__pycache__/visulize_node.cpython-310.pyc
/workspace/LeapXELA_Hardware_ws/install/oculusTeleop/lib/python3.10/site-packages/oculusTeleop/leapXela_right/__pycache__/list_to_string.cpython-310.pyc
/workspace/LeapXELA_Hardware_ws/install/oculusTeleop/lib/python3.10/site-packages/oculusTeleop/leapXela_right/__pycache__/finger.cpython-310.pyc
/workspace/LeapXELA_Hardware_ws/install/oculusTeleop/lib/python3.10/site-packages/oculusTeleop/leapXela_right/__pycache__/visulize_palm_node.cpython-310.pyc
/workspace/LeapXELA_Hardware_ws/install/oculusTeleop/lib/python3.10/site-packages/oculusTeleop/leapXela_right/__pycache__/thumb.cpython-310.pyc
/workspace/LeapXELA_Hardware_ws/install/oculusTeleop/lib/python3.10/site-packages/oculusTeleop/leapXela_right/__pycache__/palm.cpython-310.pyc
/workspace/LeapXELA_Hardware_ws/install/oculusTeleop/lib/python3.10/site-packages/oculusTeleop/leapXela_right/__pycache__/visulize_thumb_node.cpython-310.pyc
/workspace/LeapXELA_Hardware_ws/install/oculusTeleop/lib/python3.10/site-packages/oculusTeleop/leapXela_right/__pycache__/hand.cpython-310.pyc
/workspace/LeapXELA_Hardware_ws/install/oculusTeleop/share/ament_index/resource_index/packages/oculusTeleop
/workspace/LeapXELA_Hardware_ws/install/oculusTeleop/share/oculusTeleop/package.xml
/workspace/LeapXELA_Hardware_ws/install/oculusTeleop/share/oculusTeleop/launch/launch_oculus_teleop.py
/workspace/LeapXELA_Hardware_ws/install/oculusTeleop/share/oculusTeleop/launch/launch_oculus_xela_teleop.py
/workspace/LeapXELA_Hardware_ws/install/oculusTeleop/lib/python3.10/site-packages/oculusTeleop-0.0.0-py3.10.egg-info/dependency_links.txt
/workspace/LeapXELA_Hardware_ws/install/oculusTeleop/lib/python3.10/site-packages/oculusTeleop-0.0.0-py3.10.egg-info/SOURCES.txt
/workspace/LeapXELA_Hardware_ws/install/oculusTeleop/lib/python3.10/site-packages/oculusTeleop-0.0.0-py3.10.egg-info/PKG-INFO
/workspace/LeapXELA_Hardware_ws/install/oculusTeleop/lib/python3.10/site-packages/oculusTeleop-0.0.0-py3.10.egg-info/requires.txt
/workspace/LeapXELA_Hardware_ws/install/oculusTeleop/lib/python3.10/site-packages/oculusTeleop-0.0.0-py3.10.egg-info/entry_points.txt
/workspace/LeapXELA_Hardware_ws/install/oculusTeleop/lib/python3.10/site-packages/oculusTeleop-0.0.0-py3.10.egg-info/zip-safe
/workspace/LeapXELA_Hardware_ws/install/oculusTeleop/lib/python3.10/site-packages/oculusTeleop-0.0.0-py3.10.egg-info/top_level.txt
/workspace/LeapXELA_Hardware_ws/install/oculusTeleop/lib/oculusTeleop/avp_leap_server
/workspace/LeapXELA_Hardware_ws/install/oculusTeleop/lib/oculusTeleop/avp_leap_xela_server
/workspace/LeapXELA_Hardware_ws/install/oculusTeleop/lib/oculusTeleop/convert_sim_to_hardware
/workspace/LeapXELA_Hardware_ws/install/oculusTeleop/lib/oculusTeleop/leap_xela_client
/workspace/LeapXELA_Hardware_ws/install/oculusTeleop/lib/oculusTeleop/quest_client
/workspace/LeapXELA_Hardware_ws/install/oculusTeleop/lib/oculusTeleop/quest_streamer
