running egg_info
writing ../../../build/leap_to_leapXela/leap_to_leapXela.egg-info/PKG-INFO
writing dependency_links to ../../../build/leap_to_leapXela/leap_to_leapXela.egg-info/dependency_links.txt
writing entry points to ../../../build/leap_to_leapXela/leap_to_leapXela.egg-info/entry_points.txt
writing requirements to ../../../build/leap_to_leapXela/leap_to_leapXela.egg-info/requires.txt
writing top-level names to ../../../build/leap_to_leapXela/leap_to_leapXela.egg-info/top_level.txt
reading manifest file '../../../build/leap_to_leapXela/leap_to_leapXela.egg-info/SOURCES.txt'
writing manifest file '../../../build/leap_to_leapXela/leap_to_leapXela.egg-info/SOURCES.txt'
running build
running build_py
running install
running install_lib
running install_data
running install_egg_info
removing '/workspace/LeapXELA_Hardware_ws/install/leap_to_leapXela/lib/python3.10/site-packages/leap_to_leapXela-0.0.0-py3.10.egg-info' (and everything under it)
Copying ../../../build/leap_to_leapXela/leap_to_leapXela.egg-info to /workspace/LeapXELA_Hardware_ws/install/leap_to_leapXela/lib/python3.10/site-packages/leap_to_leapXela-0.0.0-py3.10.egg-info
running install_scripts
Installing leap_publisher script to /workspace/LeapXELA_Hardware_ws/install/leap_to_leapXela/lib/leap_to_leapXela
Installing leap_xela_subscriber script to /workspace/LeapXELA_Hardware_ws/install/leap_to_leapXela/lib/leap_to_leapXela
writing list of installed files to '/workspace/LeapXELA_Hardware_ws/build/leap_to_leapXela/install.log'
