[1.643s] Invoking command in '/workspace/LeapXELA_Hardware_ws/ros_ws/src/leap_to_leapXela': AMENT_PREFIX_PATH=/workspace/LeapXELA_Hardware_ws/install/leap_description:${AMENT_PREFIX_PATH} PYTHONPATH=/workspace/LeapXELA_Hardware_ws/build/leap_to_leapXela/prefix_override:/usr/lib/python3/dist-packages/colcon_core/task/python/colcon_distutils_commands:/workspace/LeapXELA_Hardware_ws/install/leap_to_leapXela/lib/python3.10/site-packages:/workspace/LeapXELA_Hardware_ws/install/leap_description/lib/python3.10/site-packages:/opt/ros/humble/lib/python3.10/site-packages:/opt/ros/humble/local/lib/python3.10/dist-packages:/usr/local/lib /usr/bin/python3 -W ignore:setup.py install is deprecated -W ignore:easy_install command is deprecated setup.py egg_info --egg-base ../../../build/leap_to_leapXela build --build-base /workspace/LeapXELA_Hardware_ws/build/leap_to_leapXela/build install --record /workspace/LeapXELA_Hardware_ws/build/leap_to_leapXela/install.log --single-version-externally-managed install_data
[2.053s] running egg_info
[2.054s] writing ../../../build/leap_to_leapXela/leap_to_leapXela.egg-info/PKG-INFO
[2.054s] writing dependency_links to ../../../build/leap_to_leapXela/leap_to_leapXela.egg-info/dependency_links.txt
[2.055s] writing entry points to ../../../build/leap_to_leapXela/leap_to_leapXela.egg-info/entry_points.txt
[2.055s] writing requirements to ../../../build/leap_to_leapXela/leap_to_leapXela.egg-info/requires.txt
[2.055s] writing top-level names to ../../../build/leap_to_leapXela/leap_to_leapXela.egg-info/top_level.txt
[2.061s] reading manifest file '../../../build/leap_to_leapXela/leap_to_leapXela.egg-info/SOURCES.txt'
[2.065s] writing manifest file '../../../build/leap_to_leapXela/leap_to_leapXela.egg-info/SOURCES.txt'
[2.065s] running build
[2.065s] running build_py
[2.077s] running install
[2.077s] running install_lib
[2.083s] running install_data
[2.083s] running install_egg_info
[2.086s] removing '/workspace/LeapXELA_Hardware_ws/install/leap_to_leapXela/lib/python3.10/site-packages/leap_to_leapXela-0.0.0-py3.10.egg-info' (and everything under it)
[2.086s] Copying ../../../build/leap_to_leapXela/leap_to_leapXela.egg-info to /workspace/LeapXELA_Hardware_ws/install/leap_to_leapXela/lib/python3.10/site-packages/leap_to_leapXela-0.0.0-py3.10.egg-info
[2.087s] running install_scripts
[2.122s] Installing leap_publisher script to /workspace/LeapXELA_Hardware_ws/install/leap_to_leapXela/lib/leap_to_leapXela
[2.123s] Installing leap_xela_subscriber script to /workspace/LeapXELA_Hardware_ws/install/leap_to_leapXela/lib/leap_to_leapXela
[2.124s] writing list of installed files to '/workspace/LeapXELA_Hardware_ws/build/leap_to_leapXela/install.log'
[2.165s] Invoked command in '/workspace/LeapXELA_Hardware_ws/ros_ws/src/leap_to_leapXela' returned '0': AMENT_PREFIX_PATH=/workspace/LeapXELA_Hardware_ws/install/leap_description:${AMENT_PREFIX_PATH} PYTHONPATH=/workspace/LeapXELA_Hardware_ws/build/leap_to_leapXela/prefix_override:/usr/lib/python3/dist-packages/colcon_core/task/python/colcon_distutils_commands:/workspace/LeapXELA_Hardware_ws/install/leap_to_leapXela/lib/python3.10/site-packages:/workspace/LeapXELA_Hardware_ws/install/leap_description/lib/python3.10/site-packages:/opt/ros/humble/lib/python3.10/site-packages:/opt/ros/humble/local/lib/python3.10/dist-packages:/usr/local/lib /usr/bin/python3 -W ignore:setup.py install is deprecated -W ignore:easy_install command is deprecated setup.py egg_info --egg-base ../../../build/leap_to_leapXela build --build-base /workspace/LeapXELA_Hardware_ws/build/leap_to_leapXela/build install --record /workspace/LeapXELA_Hardware_ws/build/leap_to_leapXela/install.log --single-version-externally-managed install_data
