/workspace/LeapXELA_Hardware_ws/ros_ws/src/install/xela_description/lib/python3.10/site-packages/xela_description/__init__.py
/workspace/LeapXELA_Hardware_ws/ros_ws/src/install/xela_description/lib/python3.10/site-packages/xela_description/visulize_hand_node.py
/workspace/LeapXELA_Hardware_ws/ros_ws/src/install/xela_description/lib/python3.10/site-packages/xela_description/visulize_finger_node.py
/workspace/LeapXELA_Hardware_ws/ros_ws/src/install/xela_description/lib/python3.10/site-packages/xela_description/visulize_node.py
/workspace/LeapXELA_Hardware_ws/ros_ws/src/install/xela_description/lib/python3.10/site-packages/xela_description/list_to_string.py
/workspace/LeapXELA_Hardware_ws/ros_ws/src/install/xela_description/lib/python3.10/site-packages/xela_description/finger.py
/workspace/LeapXELA_Hardware_ws/ros_ws/src/install/xela_description/lib/python3.10/site-packages/xela_description/visulize_palm_node.py
/workspace/LeapXELA_Hardware_ws/ros_ws/src/install/xela_description/lib/python3.10/site-packages/xela_description/thumb.py
/workspace/LeapXELA_Hardware_ws/ros_ws/src/install/xela_description/lib/python3.10/site-packages/xela_description/palm.py
/workspace/LeapXELA_Hardware_ws/ros_ws/src/install/xela_description/lib/python3.10/site-packages/xela_description/visulize_thumb_node.py
/workspace/LeapXELA_Hardware_ws/ros_ws/src/install/xela_description/lib/python3.10/site-packages/xela_description/hand.py
/workspace/LeapXELA_Hardware_ws/ros_ws/src/install/xela_description/lib/python3.10/site-packages/xela_description/__pycache__/__init__.cpython-310.pyc
/workspace/LeapXELA_Hardware_ws/ros_ws/src/install/xela_description/lib/python3.10/site-packages/xela_description/__pycache__/visulize_hand_node.cpython-310.pyc
/workspace/LeapXELA_Hardware_ws/ros_ws/src/install/xela_description/lib/python3.10/site-packages/xela_description/__pycache__/visulize_finger_node.cpython-310.pyc
/workspace/LeapXELA_Hardware_ws/ros_ws/src/install/xela_description/lib/python3.10/site-packages/xela_description/__pycache__/visulize_node.cpython-310.pyc
/workspace/LeapXELA_Hardware_ws/ros_ws/src/install/xela_description/lib/python3.10/site-packages/xela_description/__pycache__/list_to_string.cpython-310.pyc
/workspace/LeapXELA_Hardware_ws/ros_ws/src/install/xela_description/lib/python3.10/site-packages/xela_description/__pycache__/finger.cpython-310.pyc
/workspace/LeapXELA_Hardware_ws/ros_ws/src/install/xela_description/lib/python3.10/site-packages/xela_description/__pycache__/visulize_palm_node.cpython-310.pyc
/workspace/LeapXELA_Hardware_ws/ros_ws/src/install/xela_description/lib/python3.10/site-packages/xela_description/__pycache__/thumb.cpython-310.pyc
/workspace/LeapXELA_Hardware_ws/ros_ws/src/install/xela_description/lib/python3.10/site-packages/xela_description/__pycache__/palm.cpython-310.pyc
/workspace/LeapXELA_Hardware_ws/ros_ws/src/install/xela_description/lib/python3.10/site-packages/xela_description/__pycache__/visulize_thumb_node.cpython-310.pyc
/workspace/LeapXELA_Hardware_ws/ros_ws/src/install/xela_description/lib/python3.10/site-packages/xela_description/__pycache__/hand.cpython-310.pyc
/workspace/LeapXELA_Hardware_ws/ros_ws/src/install/xela_description/share/ament_index/resource_index/packages/xela_description
/workspace/LeapXELA_Hardware_ws/ros_ws/src/install/xela_description/share/xela_description/package.xml
/workspace/LeapXELA_Hardware_ws/ros_ws/src/install/xela_description/share/xela_description/robot.urdf
/workspace/LeapXELA_Hardware_ws/ros_ws/src/install/xela_description/share/xela_description/finger.urdf
/workspace/LeapXELA_Hardware_ws/ros_ws/src/install/xela_description/share/xela_description/thumb.urdf
/workspace/LeapXELA_Hardware_ws/ros_ws/src/install/xela_description/share/xela_description/palm.urdf
/workspace/LeapXELA_Hardware_ws/ros_ws/src/install/xela_description/share/xela_description/hand.urdf
/workspace/LeapXELA_Hardware_ws/ros_ws/src/install/xela_description/share/xela_description/launch/visulize.launch.py
/workspace/LeapXELA_Hardware_ws/ros_ws/src/install/xela_description/share/xela_description/launch/visulize_palm_launch.py
/workspace/LeapXELA_Hardware_ws/ros_ws/src/install/xela_description/share/xela_description/launch/visulize_finger_launch.py
/workspace/LeapXELA_Hardware_ws/ros_ws/src/install/xela_description/share/xela_description/launch/visulize_thumb_launch.py
/workspace/LeapXELA_Hardware_ws/ros_ws/src/install/xela_description/share/xela_description/launch/visulize_hand_launch.py
/workspace/LeapXELA_Hardware_ws/ros_ws/src/install/xela_description/share/xela_description/launch/__pycache__/visulize_finger_launch.cpython-310.pyc
/workspace/LeapXELA_Hardware_ws/ros_ws/src/install/xela_description/share/xela_description/assets/fingertop_unfied.part
/workspace/LeapXELA_Hardware_ws/ros_ws/src/install/xela_description/share/xela_description/assets/p4_unified.stl
/workspace/LeapXELA_Hardware_ws/ros_ws/src/install/xela_description/share/xela_description/assets/thp0_unified.stl
/workspace/LeapXELA_Hardware_ws/ros_ws/src/install/xela_description/share/xela_description/assets/fingertop_unfied.stl
/workspace/LeapXELA_Hardware_ws/ros_ws/src/install/xela_description/share/xela_description/assets/p5_unified.stl
/workspace/LeapXELA_Hardware_ws/ros_ws/src/install/xela_description/share/xela_description/assets/palm_face.part
/workspace/LeapXELA_Hardware_ws/ros_ws/src/install/xela_description/share/xela_description/assets/thfingertip_unified.part
/workspace/LeapXELA_Hardware_ws/ros_ws/src/install/xela_description/share/xela_description/assets/thconnector.stl
/workspace/LeapXELA_Hardware_ws/ros_ws/src/install/xela_description/share/xela_description/assets/p3_unified.part
/workspace/LeapXELA_Hardware_ws/ros_ws/src/install/xela_description/share/xela_description/assets/thp1_unified.part
/workspace/LeapXELA_Hardware_ws/ros_ws/src/install/xela_description/share/xela_description/assets/top_palm.stl
/workspace/LeapXELA_Hardware_ws/ros_ws/src/install/xela_description/share/xela_description/assets/leap_hand_xela_motorholder.part
/workspace/LeapXELA_Hardware_ws/ros_ws/src/install/xela_description/share/xela_description/assets/clipper.part
/workspace/LeapXELA_Hardware_ws/ros_ws/src/install/xela_description/share/xela_description/assets/uspa46.stl
/workspace/LeapXELA_Hardware_ws/ros_ws/src/install/xela_description/share/xela_description/assets/leap_hand_xela_motorholder.stl
/workspace/LeapXELA_Hardware_ws/ros_ws/src/install/xela_description/share/xela_description/assets/leap_hand_xela_bottom.stl
/workspace/LeapXELA_Hardware_ws/ros_ws/src/install/xela_description/share/xela_description/assets/leap_hand_xela_side_cover.stl
/workspace/LeapXELA_Hardware_ws/ros_ws/src/install/xela_description/share/xela_description/assets/p5_unified.part
/workspace/LeapXELA_Hardware_ws/ros_ws/src/install/xela_description/share/xela_description/assets/p4_unified.part
/workspace/LeapXELA_Hardware_ws/ros_ws/src/install/xela_description/share/xela_description/assets/leap_hand_xela_side_cover.part
/workspace/LeapXELA_Hardware_ws/ros_ws/src/install/xela_description/share/xela_description/assets/clipper.stl
/workspace/LeapXELA_Hardware_ws/ros_ws/src/install/xela_description/share/xela_description/assets/uspa46.part
/workspace/LeapXELA_Hardware_ws/ros_ws/src/install/xela_description/share/xela_description/assets/thfingertip_unified.stl
/workspace/LeapXELA_Hardware_ws/ros_ws/src/install/xela_description/share/xela_description/assets/leap_hand_xela_back_cover.stl
/workspace/LeapXELA_Hardware_ws/ros_ws/src/install/xela_description/share/xela_description/assets/top_palm.part
/workspace/LeapXELA_Hardware_ws/ros_ws/src/install/xela_description/share/xela_description/assets/palm_face.stl
/workspace/LeapXELA_Hardware_ws/ros_ws/src/install/xela_description/share/xela_description/assets/thp1_unified.stl
/workspace/LeapXELA_Hardware_ws/ros_ws/src/install/xela_description/share/xela_description/assets/thconnector.part
/workspace/LeapXELA_Hardware_ws/ros_ws/src/install/xela_description/share/xela_description/assets/thp0_unified.part
/workspace/LeapXELA_Hardware_ws/ros_ws/src/install/xela_description/share/xela_description/assets/leap_hand_xela_back_cover.part
/workspace/LeapXELA_Hardware_ws/ros_ws/src/install/xela_description/share/xela_description/assets/p3_unified.stl
/workspace/LeapXELA_Hardware_ws/ros_ws/src/install/xela_description/share/xela_description/assets/leap_hand_xela_bottom.part
/workspace/LeapXELA_Hardware_ws/ros_ws/src/install/xela_description/share/xela_description/assets/thp2_unified.stl
/workspace/LeapXELA_Hardware_ws/ros_ws/src/install/xela_description/share/xela_description/assets/p2_unified.stl
/workspace/LeapXELA_Hardware_ws/ros_ws/src/install/xela_description/share/xela_description/assets/p2_unified.part
/workspace/LeapXELA_Hardware_ws/ros_ws/src/install/xela_description/share/xela_description/assets/thp2_unified.part
/workspace/LeapXELA_Hardware_ws/ros_ws/src/install/xela_description/lib/python3.10/site-packages/xela_description-0.0.0-py3.10.egg-info/dependency_links.txt
/workspace/LeapXELA_Hardware_ws/ros_ws/src/install/xela_description/lib/python3.10/site-packages/xela_description-0.0.0-py3.10.egg-info/SOURCES.txt
/workspace/LeapXELA_Hardware_ws/ros_ws/src/install/xela_description/lib/python3.10/site-packages/xela_description-0.0.0-py3.10.egg-info/PKG-INFO
/workspace/LeapXELA_Hardware_ws/ros_ws/src/install/xela_description/lib/python3.10/site-packages/xela_description-0.0.0-py3.10.egg-info/requires.txt
/workspace/LeapXELA_Hardware_ws/ros_ws/src/install/xela_description/lib/python3.10/site-packages/xela_description-0.0.0-py3.10.egg-info/entry_points.txt
/workspace/LeapXELA_Hardware_ws/ros_ws/src/install/xela_description/lib/python3.10/site-packages/xela_description-0.0.0-py3.10.egg-info/zip-safe
/workspace/LeapXELA_Hardware_ws/ros_ws/src/install/xela_description/lib/python3.10/site-packages/xela_description-0.0.0-py3.10.egg-info/top_level.txt
/workspace/LeapXELA_Hardware_ws/ros_ws/src/install/xela_description/lib/xela_description/visulize
/workspace/LeapXELA_Hardware_ws/ros_ws/src/install/xela_description/lib/xela_description/visulize_finger
/workspace/LeapXELA_Hardware_ws/ros_ws/src/install/xela_description/lib/xela_description/visulize_hand
/workspace/LeapXELA_Hardware_ws/ros_ws/src/install/xela_description/lib/xela_description/visulize_palm
/workspace/LeapXELA_Hardware_ws/ros_ws/src/install/xela_description/lib/xela_description/visulize_thumb
