[35m[1mConsolidate compiler generated dependencies of target arm_server__rosidl_generator_c[0m
[  1%] Built target arm_server__cpp
[  3%] Built target arm_server__rs
[ 13%] Built target arm_server__rosidl_generator_c
[35m[1mConsolidate compiler generated dependencies of target arm_server__rosidl_typesupport_introspection_cpp[0m
[35m[1mConsolidate compiler generated dependencies of target arm_server__rosidl_typesupport_cpp[0m
[ 13%] Built target ament_cmake_python_copy_arm_server
[35m[1mConsolidate compiler generated dependencies of target arm_server__rosidl_typesupport_introspection_c[0m
[35m[1mConsolidate compiler generated dependencies of target arm_server__rosidl_typesupport_fastrtps_c[0m
[35m[1mConsolidate compiler generated dependencies of target arm_server__rosidl_typesupport_c[0m
[35m[1mConsolidate compiler generated dependencies of target arm_server__rosidl_typesupport_fastrtps_cpp[0m
[ 24%] Built target arm_server__rosidl_typesupport_introspection_c
[ 34%] Built target arm_server__rosidl_typesupport_cpp
[ 44%] Built target arm_server__rosidl_typesupport_fastrtps_c
[ 55%] Built target arm_server__rosidl_typesupport_introspection_cpp
[ 65%] Built target arm_server__rosidl_typesupport_fastrtps_cpp
[ 75%] Built target arm_server__rosidl_typesupport_c
[ 77%] [32mBuilding CXX object CMakeFiles/arm_action_server.dir/src/arm_action_server.cpp.o[0m
[ 77%] Built target arm_server
[ 79%] Built target arm_server__py
[35m[1mConsolidate compiler generated dependencies of target arm_server__rosidl_generator_py[0m
[ 87%] Built target arm_server__rosidl_generator_py
[35m[1mConsolidate compiler generated dependencies of target arm_server__rosidl_typesupport_c__pyext[0m
[35m[1mConsolidate compiler generated dependencies of target arm_server__rosidl_typesupport_introspection_c__pyext[0m
[35m[1mConsolidate compiler generated dependencies of target arm_server__rosidl_typesupport_fastrtps_c__pyext[0m
[ 91%] Built target arm_server__rosidl_typesupport_introspection_c__pyext
[ 94%] Built target arm_server__rosidl_typesupport_fastrtps_c__pyext
[ 98%] Built target arm_server__rosidl_typesupport_c__pyext
running egg_info
writing arm_server.egg-info/PKG-INFO
writing dependency_links to arm_server.egg-info/dependency_links.txt
writing top-level names to arm_server.egg-info/top_level.txt
reading manifest file 'arm_server.egg-info/SOURCES.txt'
writing manifest file 'arm_server.egg-info/SOURCES.txt'
[ 98%] Built target ament_cmake_python_build_arm_server_egg
[100%] [32m[1mLinking CXX executable arm_action_server[0m
[100%] Built target arm_action_server
-- Install configuration: ""
-- Installing: /workspace/LeapXELA_Hardware_ws/ros_ws/src/install/arm_server/share/ament_index/resource_index/rosidl_interfaces/arm_server
-- Installing: /workspace/LeapXELA_Hardware_ws/ros_ws/src/install/arm_server/include/arm_server/arm_server
-- Installing: /workspace/LeapXELA_Hardware_ws/ros_ws/src/install/arm_server/include/arm_server/arm_server/action
-- Installing: /workspace/LeapXELA_Hardware_ws/ros_ws/src/install/arm_server/include/arm_server/arm_server/action/detail
-- Installing: /workspace/LeapXELA_Hardware_ws/ros_ws/src/install/arm_server/include/arm_server/arm_server/action/detail/update_planning_scene__functions.c
-- Installing: /workspace/LeapXELA_Hardware_ws/ros_ws/src/install/arm_server/include/arm_server/arm_server/action/detail/update_planning_scene__struct.h
-- Installing: /workspace/LeapXELA_Hardware_ws/ros_ws/src/install/arm_server/include/arm_server/arm_server/action/detail/update_planning_scene__functions.h
-- Installing: /workspace/LeapXELA_Hardware_ws/ros_ws/src/install/arm_server/include/arm_server/arm_server/action/detail/plan__struct.h
-- Installing: /workspace/LeapXELA_Hardware_ws/ros_ws/src/install/arm_server/include/arm_server/arm_server/action/detail/execute__functions.c
-- Installing: /workspace/LeapXELA_Hardware_ws/ros_ws/src/install/arm_server/include/arm_server/arm_server/action/detail/plan__type_support.h
-- Installing: /workspace/LeapXELA_Hardware_ws/ros_ws/src/install/arm_server/include/arm_server/arm_server/action/detail/update_planning_scene__type_support.h
-- Installing: /workspace/LeapXELA_Hardware_ws/ros_ws/src/install/arm_server/include/arm_server/arm_server/action/detail/plan__functions.c
-- Installing: /workspace/LeapXELA_Hardware_ws/ros_ws/src/install/arm_server/include/arm_server/arm_server/action/detail/execute__functions.h
-- Installing: /workspace/LeapXELA_Hardware_ws/ros_ws/src/install/arm_server/include/arm_server/arm_server/action/detail/execute__type_support.h
-- Installing: /workspace/LeapXELA_Hardware_ws/ros_ws/src/install/arm_server/include/arm_server/arm_server/action/detail/plan__functions.h
-- Installing: /workspace/LeapXELA_Hardware_ws/ros_ws/src/install/arm_server/include/arm_server/arm_server/action/detail/execute__struct.h
-- Installing: /workspace/LeapXELA_Hardware_ws/ros_ws/src/install/arm_server/include/arm_server/arm_server/action/execute.h
-- Installing: /workspace/LeapXELA_Hardware_ws/ros_ws/src/install/arm_server/include/arm_server/arm_server/action/plan.h
-- Installing: /workspace/LeapXELA_Hardware_ws/ros_ws/src/install/arm_server/include/arm_server/arm_server/action/update_planning_scene.h
-- Installing: /workspace/LeapXELA_Hardware_ws/ros_ws/src/install/arm_server/include/arm_server/arm_server/msg
-- Installing: /workspace/LeapXELA_Hardware_ws/ros_ws/src/install/arm_server/include/arm_server/arm_server/msg/detail
-- Installing: /workspace/LeapXELA_Hardware_ws/ros_ws/src/install/arm_server/include/arm_server/arm_server/msg/detail/scene_object__type_support.h
-- Installing: /workspace/LeapXELA_Hardware_ws/ros_ws/src/install/arm_server/include/arm_server/arm_server/msg/detail/scene_object__struct.h
-- Installing: /workspace/LeapXELA_Hardware_ws/ros_ws/src/install/arm_server/include/arm_server/arm_server/msg/detail/scene_object__functions.h
-- Installing: /workspace/LeapXELA_Hardware_ws/ros_ws/src/install/arm_server/include/arm_server/arm_server/msg/detail/scene_object__functions.c
-- Installing: /workspace/LeapXELA_Hardware_ws/ros_ws/src/install/arm_server/include/arm_server/arm_server/msg/scene_object.h
-- Installing: /workspace/LeapXELA_Hardware_ws/ros_ws/src/install/arm_server/include/arm_server/arm_server/msg/rosidl_generator_c__visibility_control.h
-- Installing: /workspace/LeapXELA_Hardware_ws/ros_ws/src/install/arm_server/share/arm_server/environment/library_path.sh
-- Installing: /workspace/LeapXELA_Hardware_ws/ros_ws/src/install/arm_server/share/arm_server/environment/library_path.dsv
-- Installing: /workspace/LeapXELA_Hardware_ws/ros_ws/src/install/arm_server/lib/libarm_server__rosidl_generator_c.so
-- Set runtime path of "/workspace/LeapXELA_Hardware_ws/ros_ws/src/install/arm_server/lib/libarm_server__rosidl_generator_c.so" to ""
-- Up-to-date: /workspace/LeapXELA_Hardware_ws/ros_ws/src/install/arm_server/include/arm_server/arm_server
-- Up-to-date: /workspace/LeapXELA_Hardware_ws/ros_ws/src/install/arm_server/include/arm_server/arm_server/action
-- Up-to-date: /workspace/LeapXELA_Hardware_ws/ros_ws/src/install/arm_server/include/arm_server/arm_server/action/detail
-- Installing: /workspace/LeapXELA_Hardware_ws/ros_ws/src/install/arm_server/include/arm_server/arm_server/action/detail/execute__rosidl_typesupport_fastrtps_c.h
-- Installing: /workspace/LeapXELA_Hardware_ws/ros_ws/src/install/arm_server/include/arm_server/arm_server/action/detail/plan__rosidl_typesupport_fastrtps_c.h
-- Installing: /workspace/LeapXELA_Hardware_ws/ros_ws/src/install/arm_server/include/arm_server/arm_server/action/detail/update_planning_scene__rosidl_typesupport_fastrtps_c.h
-- Up-to-date: /workspace/LeapXELA_Hardware_ws/ros_ws/src/install/arm_server/include/arm_server/arm_server/msg
-- Up-to-date: /workspace/LeapXELA_Hardware_ws/ros_ws/src/install/arm_server/include/arm_server/arm_server/msg/detail
-- Installing: /workspace/LeapXELA_Hardware_ws/ros_ws/src/install/arm_server/include/arm_server/arm_server/msg/detail/scene_object__rosidl_typesupport_fastrtps_c.h
-- Installing: /workspace/LeapXELA_Hardware_ws/ros_ws/src/install/arm_server/include/arm_server/arm_server/msg/rosidl_typesupport_fastrtps_c__visibility_control.h
-- Installing: /workspace/LeapXELA_Hardware_ws/ros_ws/src/install/arm_server/lib/libarm_server__rosidl_typesupport_fastrtps_c.so
-- Set runtime path of "/workspace/LeapXELA_Hardware_ws/ros_ws/src/install/arm_server/lib/libarm_server__rosidl_typesupport_fastrtps_c.so" to ""
-- Up-to-date: /workspace/LeapXELA_Hardware_ws/ros_ws/src/install/arm_server/include/arm_server/arm_server
-- Up-to-date: /workspace/LeapXELA_Hardware_ws/ros_ws/src/install/arm_server/include/arm_server/arm_server/action
-- Up-to-date: /workspace/LeapXELA_Hardware_ws/ros_ws/src/install/arm_server/include/arm_server/arm_server/action/detail
-- Installing: /workspace/LeapXELA_Hardware_ws/ros_ws/src/install/arm_server/include/arm_server/arm_server/action/detail/plan__type_support.c
-- Installing: /workspace/LeapXELA_Hardware_ws/ros_ws/src/install/arm_server/include/arm_server/arm_server/action/detail/execute__type_support.c
-- Installing: /workspace/LeapXELA_Hardware_ws/ros_ws/src/install/arm_server/include/arm_server/arm_server/action/detail/plan__rosidl_typesupport_introspection_c.h
-- Installing: /workspace/LeapXELA_Hardware_ws/ros_ws/src/install/arm_server/include/arm_server/arm_server/action/detail/update_planning_scene__rosidl_typesupport_introspection_c.h
-- Installing: /workspace/LeapXELA_Hardware_ws/ros_ws/src/install/arm_server/include/arm_server/arm_server/action/detail/update_planning_scene__type_support.c
-- Installing: /workspace/LeapXELA_Hardware_ws/ros_ws/src/install/arm_server/include/arm_server/arm_server/action/detail/execute__rosidl_typesupport_introspection_c.h
-- Up-to-date: /workspace/LeapXELA_Hardware_ws/ros_ws/src/install/arm_server/include/arm_server/arm_server/msg
-- Up-to-date: /workspace/LeapXELA_Hardware_ws/ros_ws/src/install/arm_server/include/arm_server/arm_server/msg/detail
-- Installing: /workspace/LeapXELA_Hardware_ws/ros_ws/src/install/arm_server/include/arm_server/arm_server/msg/detail/scene_object__rosidl_typesupport_introspection_c.h
-- Installing: /workspace/LeapXELA_Hardware_ws/ros_ws/src/install/arm_server/include/arm_server/arm_server/msg/detail/scene_object__type_support.c
-- Installing: /workspace/LeapXELA_Hardware_ws/ros_ws/src/install/arm_server/include/arm_server/arm_server/msg/rosidl_typesupport_introspection_c__visibility_control.h
-- Installing: /workspace/LeapXELA_Hardware_ws/ros_ws/src/install/arm_server/lib/libarm_server__rosidl_typesupport_introspection_c.so
-- Set runtime path of "/workspace/LeapXELA_Hardware_ws/ros_ws/src/install/arm_server/lib/libarm_server__rosidl_typesupport_introspection_c.so" to ""
-- Installing: /workspace/LeapXELA_Hardware_ws/ros_ws/src/install/arm_server/lib/libarm_server__rosidl_typesupport_c.so
-- Set runtime path of "/workspace/LeapXELA_Hardware_ws/ros_ws/src/install/arm_server/lib/libarm_server__rosidl_typesupport_c.so" to ""
-- Up-to-date: /workspace/LeapXELA_Hardware_ws/ros_ws/src/install/arm_server/include/arm_server/arm_server
-- Up-to-date: /workspace/LeapXELA_Hardware_ws/ros_ws/src/install/arm_server/include/arm_server/arm_server/action
-- Up-to-date: /workspace/LeapXELA_Hardware_ws/ros_ws/src/install/arm_server/include/arm_server/arm_server/action/detail
-- Installing: /workspace/LeapXELA_Hardware_ws/ros_ws/src/install/arm_server/include/arm_server/arm_server/action/detail/plan__struct.hpp
-- Installing: /workspace/LeapXELA_Hardware_ws/ros_ws/src/install/arm_server/include/arm_server/arm_server/action/detail/update_planning_scene__struct.hpp
-- Installing: /workspace/LeapXELA_Hardware_ws/ros_ws/src/install/arm_server/include/arm_server/arm_server/action/detail/update_planning_scene__builder.hpp
-- Installing: /workspace/LeapXELA_Hardware_ws/ros_ws/src/install/arm_server/include/arm_server/arm_server/action/detail/execute__traits.hpp
-- Installing: /workspace/LeapXELA_Hardware_ws/ros_ws/src/install/arm_server/include/arm_server/arm_server/action/detail/update_planning_scene__type_support.hpp
-- Installing: /workspace/LeapXELA_Hardware_ws/ros_ws/src/install/arm_server/include/arm_server/arm_server/action/detail/plan__type_support.hpp
-- Installing: /workspace/LeapXELA_Hardware_ws/ros_ws/src/install/arm_server/include/arm_server/arm_server/action/detail/execute__builder.hpp
-- Installing: /workspace/LeapXELA_Hardware_ws/ros_ws/src/install/arm_server/include/arm_server/arm_server/action/detail/execute__type_support.hpp
-- Installing: /workspace/LeapXELA_Hardware_ws/ros_ws/src/install/arm_server/include/arm_server/arm_server/action/detail/plan__builder.hpp
-- Installing: /workspace/LeapXELA_Hardware_ws/ros_ws/src/install/arm_server/include/arm_server/arm_server/action/detail/execute__struct.hpp
-- Installing: /workspace/LeapXELA_Hardware_ws/ros_ws/src/install/arm_server/include/arm_server/arm_server/action/detail/plan__traits.hpp
-- Installing: /workspace/LeapXELA_Hardware_ws/ros_ws/src/install/arm_server/include/arm_server/arm_server/action/detail/update_planning_scene__traits.hpp
-- Installing: /workspace/LeapXELA_Hardware_ws/ros_ws/src/install/arm_server/include/arm_server/arm_server/action/plan.hpp
-- Installing: /workspace/LeapXELA_Hardware_ws/ros_ws/src/install/arm_server/include/arm_server/arm_server/action/execute.hpp
-- Installing: /workspace/LeapXELA_Hardware_ws/ros_ws/src/install/arm_server/include/arm_server/arm_server/action/update_planning_scene.hpp
-- Up-to-date: /workspace/LeapXELA_Hardware_ws/ros_ws/src/install/arm_server/include/arm_server/arm_server/msg
-- Up-to-date: /workspace/LeapXELA_Hardware_ws/ros_ws/src/install/arm_server/include/arm_server/arm_server/msg/detail
-- Installing: /workspace/LeapXELA_Hardware_ws/ros_ws/src/install/arm_server/include/arm_server/arm_server/msg/detail/scene_object__builder.hpp
-- Installing: /workspace/LeapXELA_Hardware_ws/ros_ws/src/install/arm_server/include/arm_server/arm_server/msg/detail/scene_object__struct.hpp
-- Installing: /workspace/LeapXELA_Hardware_ws/ros_ws/src/install/arm_server/include/arm_server/arm_server/msg/detail/scene_object__type_support.hpp
-- Installing: /workspace/LeapXELA_Hardware_ws/ros_ws/src/install/arm_server/include/arm_server/arm_server/msg/detail/scene_object__traits.hpp
-- Installing: /workspace/LeapXELA_Hardware_ws/ros_ws/src/install/arm_server/include/arm_server/arm_server/msg/rosidl_generator_cpp__visibility_control.hpp
-- Installing: /workspace/LeapXELA_Hardware_ws/ros_ws/src/install/arm_server/include/arm_server/arm_server/msg/scene_object.hpp
-- Up-to-date: /workspace/LeapXELA_Hardware_ws/ros_ws/src/install/arm_server/include/arm_server/arm_server
-- Up-to-date: /workspace/LeapXELA_Hardware_ws/ros_ws/src/install/arm_server/include/arm_server/arm_server/action
-- Up-to-date: /workspace/LeapXELA_Hardware_ws/ros_ws/src/install/arm_server/include/arm_server/arm_server/action/detail
-- Installing: /workspace/LeapXELA_Hardware_ws/ros_ws/src/install/arm_server/include/arm_server/arm_server/action/detail/update_planning_scene__rosidl_typesupport_fastrtps_cpp.hpp
-- Installing: /workspace/LeapXELA_Hardware_ws/ros_ws/src/install/arm_server/include/arm_server/arm_server/action/detail/execute__rosidl_typesupport_fastrtps_cpp.hpp
-- Installing: /workspace/LeapXELA_Hardware_ws/ros_ws/src/install/arm_server/include/arm_server/arm_server/action/detail/plan__rosidl_typesupport_fastrtps_cpp.hpp
-- Installing: /workspace/LeapXELA_Hardware_ws/ros_ws/src/install/arm_server/include/arm_server/arm_server/action/detail/dds_fastrtps
-- Up-to-date: /workspace/LeapXELA_Hardware_ws/ros_ws/src/install/arm_server/include/arm_server/arm_server/msg
-- Up-to-date: /workspace/LeapXELA_Hardware_ws/ros_ws/src/install/arm_server/include/arm_server/arm_server/msg/detail
-- Installing: /workspace/LeapXELA_Hardware_ws/ros_ws/src/install/arm_server/include/arm_server/arm_server/msg/detail/scene_object__rosidl_typesupport_fastrtps_cpp.hpp
-- Installing: /workspace/LeapXELA_Hardware_ws/ros_ws/src/install/arm_server/include/arm_server/arm_server/msg/detail/dds_fastrtps
-- Installing: /workspace/LeapXELA_Hardware_ws/ros_ws/src/install/arm_server/include/arm_server/arm_server/msg/rosidl_typesupport_fastrtps_cpp__visibility_control.h
-- Installing: /workspace/LeapXELA_Hardware_ws/ros_ws/src/install/arm_server/lib/libarm_server__rosidl_typesupport_fastrtps_cpp.so
-- Set runtime path of "/workspace/LeapXELA_Hardware_ws/ros_ws/src/install/arm_server/lib/libarm_server__rosidl_typesupport_fastrtps_cpp.so" to ""
-- Up-to-date: /workspace/LeapXELA_Hardware_ws/ros_ws/src/install/arm_server/include/arm_server/arm_server
-- Up-to-date: /workspace/LeapXELA_Hardware_ws/ros_ws/src/install/arm_server/include/arm_server/arm_server/action
-- Up-to-date: /workspace/LeapXELA_Hardware_ws/ros_ws/src/install/arm_server/include/arm_server/arm_server/action/detail
-- Installing: /workspace/LeapXELA_Hardware_ws/ros_ws/src/install/arm_server/include/arm_server/arm_server/action/detail/execute__rosidl_typesupport_introspection_cpp.hpp
-- Installing: /workspace/LeapXELA_Hardware_ws/ros_ws/src/install/arm_server/include/arm_server/arm_server/action/detail/plan__rosidl_typesupport_introspection_cpp.hpp
-- Installing: /workspace/LeapXELA_Hardware_ws/ros_ws/src/install/arm_server/include/arm_server/arm_server/action/detail/execute__type_support.cpp
-- Installing: /workspace/LeapXELA_Hardware_ws/ros_ws/src/install/arm_server/include/arm_server/arm_server/action/detail/update_planning_scene__type_support.cpp
-- Installing: /workspace/LeapXELA_Hardware_ws/ros_ws/src/install/arm_server/include/arm_server/arm_server/action/detail/plan__type_support.cpp
-- Installing: /workspace/LeapXELA_Hardware_ws/ros_ws/src/install/arm_server/include/arm_server/arm_server/action/detail/update_planning_scene__rosidl_typesupport_introspection_cpp.hpp
-- Up-to-date: /workspace/LeapXELA_Hardware_ws/ros_ws/src/install/arm_server/include/arm_server/arm_server/msg
-- Up-to-date: /workspace/LeapXELA_Hardware_ws/ros_ws/src/install/arm_server/include/arm_server/arm_server/msg/detail
-- Installing: /workspace/LeapXELA_Hardware_ws/ros_ws/src/install/arm_server/include/arm_server/arm_server/msg/detail/scene_object__rosidl_typesupport_introspection_cpp.hpp
-- Installing: /workspace/LeapXELA_Hardware_ws/ros_ws/src/install/arm_server/include/arm_server/arm_server/msg/detail/scene_object__type_support.cpp
-- Installing: /workspace/LeapXELA_Hardware_ws/ros_ws/src/install/arm_server/lib/libarm_server__rosidl_typesupport_introspection_cpp.so
-- Set runtime path of "/workspace/LeapXELA_Hardware_ws/ros_ws/src/install/arm_server/lib/libarm_server__rosidl_typesupport_introspection_cpp.so" to ""
-- Installing: /workspace/LeapXELA_Hardware_ws/ros_ws/src/install/arm_server/lib/libarm_server__rosidl_typesupport_cpp.so
-- Set runtime path of "/workspace/LeapXELA_Hardware_ws/ros_ws/src/install/arm_server/lib/libarm_server__rosidl_typesupport_cpp.so" to ""
-- Installing: /workspace/LeapXELA_Hardware_ws/ros_ws/src/install/arm_server/share/arm_server/environment/pythonpath.sh
-- Installing: /workspace/LeapXELA_Hardware_ws/ros_ws/src/install/arm_server/share/arm_server/environment/pythonpath.dsv
-- Installing: /workspace/LeapXELA_Hardware_ws/ros_ws/src/install/arm_server/local/lib/python3.10/dist-packages/arm_server-0.0.0-py3.10.egg-info
-- Installing: /workspace/LeapXELA_Hardware_ws/ros_ws/src/install/arm_server/local/lib/python3.10/dist-packages/arm_server-0.0.0-py3.10.egg-info/dependency_links.txt
-- Installing: /workspace/LeapXELA_Hardware_ws/ros_ws/src/install/arm_server/local/lib/python3.10/dist-packages/arm_server-0.0.0-py3.10.egg-info/SOURCES.txt
-- Installing: /workspace/LeapXELA_Hardware_ws/ros_ws/src/install/arm_server/local/lib/python3.10/dist-packages/arm_server-0.0.0-py3.10.egg-info/PKG-INFO
-- Installing: /workspace/LeapXELA_Hardware_ws/ros_ws/src/install/arm_server/local/lib/python3.10/dist-packages/arm_server-0.0.0-py3.10.egg-info/top_level.txt
-- Installing: /workspace/LeapXELA_Hardware_ws/ros_ws/src/install/arm_server/local/lib/python3.10/dist-packages/arm_server
-- Installing: /workspace/LeapXELA_Hardware_ws/ros_ws/src/install/arm_server/local/lib/python3.10/dist-packages/arm_server/action
-- Installing: /workspace/LeapXELA_Hardware_ws/ros_ws/src/install/arm_server/local/lib/python3.10/dist-packages/arm_server/action/__init__.py
-- Installing: /workspace/LeapXELA_Hardware_ws/ros_ws/src/install/arm_server/local/lib/python3.10/dist-packages/arm_server/action/_execute.py
-- Installing: /workspace/LeapXELA_Hardware_ws/ros_ws/src/install/arm_server/local/lib/python3.10/dist-packages/arm_server/action/_update_planning_scene.py
-- Installing: /workspace/LeapXELA_Hardware_ws/ros_ws/src/install/arm_server/local/lib/python3.10/dist-packages/arm_server/action/_plan.py
-- Installing: /workspace/LeapXELA_Hardware_ws/ros_ws/src/install/arm_server/local/lib/python3.10/dist-packages/arm_server/action/_update_planning_scene_s.c
-- Installing: /workspace/LeapXELA_Hardware_ws/ros_ws/src/install/arm_server/local/lib/python3.10/dist-packages/arm_server/action/_plan_s.c
-- Installing: /workspace/LeapXELA_Hardware_ws/ros_ws/src/install/arm_server/local/lib/python3.10/dist-packages/arm_server/action/_execute_s.c
-- Installing: /workspace/LeapXELA_Hardware_ws/ros_ws/src/install/arm_server/local/lib/python3.10/dist-packages/arm_server/__init__.py
-- Installing: /workspace/LeapXELA_Hardware_ws/ros_ws/src/install/arm_server/local/lib/python3.10/dist-packages/arm_server/arm_server_s__rosidl_typesupport_introspection_c.cpython-310-x86_64-linux-gnu.so
-- Installing: /workspace/LeapXELA_Hardware_ws/ros_ws/src/install/arm_server/local/lib/python3.10/dist-packages/arm_server/_arm_server_s.ep.rosidl_typesupport_fastrtps_c.c
-- Installing: /workspace/LeapXELA_Hardware_ws/ros_ws/src/install/arm_server/local/lib/python3.10/dist-packages/arm_server/_arm_server_s.ep.rosidl_typesupport_c.c
-- Installing: /workspace/LeapXELA_Hardware_ws/ros_ws/src/install/arm_server/local/lib/python3.10/dist-packages/arm_server/arm_server_s__rosidl_typesupport_c.cpython-310-x86_64-linux-gnu.so
-- Installing: /workspace/LeapXELA_Hardware_ws/ros_ws/src/install/arm_server/local/lib/python3.10/dist-packages/arm_server/arm_server_s__rosidl_typesupport_fastrtps_c.cpython-310-x86_64-linux-gnu.so
-- Installing: /workspace/LeapXELA_Hardware_ws/ros_ws/src/install/arm_server/local/lib/python3.10/dist-packages/arm_server/_arm_server_s.ep.rosidl_typesupport_introspection_c.c
-- Installing: /workspace/LeapXELA_Hardware_ws/ros_ws/src/install/arm_server/local/lib/python3.10/dist-packages/arm_server/libarm_server__rosidl_generator_py.so
-- Installing: /workspace/LeapXELA_Hardware_ws/ros_ws/src/install/arm_server/local/lib/python3.10/dist-packages/arm_server/msg
-- Installing: /workspace/LeapXELA_Hardware_ws/ros_ws/src/install/arm_server/local/lib/python3.10/dist-packages/arm_server/msg/__init__.py
-- Installing: /workspace/LeapXELA_Hardware_ws/ros_ws/src/install/arm_server/local/lib/python3.10/dist-packages/arm_server/msg/_scene_object_s.c
-- Installing: /workspace/LeapXELA_Hardware_ws/ros_ws/src/install/arm_server/local/lib/python3.10/dist-packages/arm_server/msg/_scene_object.py
Listing '/workspace/LeapXELA_Hardware_ws/ros_ws/src/install/arm_server/local/lib/python3.10/dist-packages/arm_server'...
Compiling '/workspace/LeapXELA_Hardware_ws/ros_ws/src/install/arm_server/local/lib/python3.10/dist-packages/arm_server/__init__.py'...
Listing '/workspace/LeapXELA_Hardware_ws/ros_ws/src/install/arm_server/local/lib/python3.10/dist-packages/arm_server/action'...
Compiling '/workspace/LeapXELA_Hardware_ws/ros_ws/src/install/arm_server/local/lib/python3.10/dist-packages/arm_server/action/__init__.py'...
Compiling '/workspace/LeapXELA_Hardware_ws/ros_ws/src/install/arm_server/local/lib/python3.10/dist-packages/arm_server/action/_execute.py'...
Compiling '/workspace/LeapXELA_Hardware_ws/ros_ws/src/install/arm_server/local/lib/python3.10/dist-packages/arm_server/action/_plan.py'...
Compiling '/workspace/LeapXELA_Hardware_ws/ros_ws/src/install/arm_server/local/lib/python3.10/dist-packages/arm_server/action/_update_planning_scene.py'...
Listing '/workspace/LeapXELA_Hardware_ws/ros_ws/src/install/arm_server/local/lib/python3.10/dist-packages/arm_server/msg'...
Compiling '/workspace/LeapXELA_Hardware_ws/ros_ws/src/install/arm_server/local/lib/python3.10/dist-packages/arm_server/msg/__init__.py'...
Compiling '/workspace/LeapXELA_Hardware_ws/ros_ws/src/install/arm_server/local/lib/python3.10/dist-packages/arm_server/msg/_scene_object.py'...
-- Installing: /workspace/LeapXELA_Hardware_ws/ros_ws/src/install/arm_server/local/lib/python3.10/dist-packages/arm_server/arm_server_s__rosidl_typesupport_fastrtps_c.cpython-310-x86_64-linux-gnu.so
-- Set runtime path of "/workspace/LeapXELA_Hardware_ws/ros_ws/src/install/arm_server/local/lib/python3.10/dist-packages/arm_server/arm_server_s__rosidl_typesupport_fastrtps_c.cpython-310-x86_64-linux-gnu.so" to ""
-- Installing: /workspace/LeapXELA_Hardware_ws/ros_ws/src/install/arm_server/local/lib/python3.10/dist-packages/arm_server/arm_server_s__rosidl_typesupport_introspection_c.cpython-310-x86_64-linux-gnu.so
-- Set runtime path of "/workspace/LeapXELA_Hardware_ws/ros_ws/src/install/arm_server/local/lib/python3.10/dist-packages/arm_server/arm_server_s__rosidl_typesupport_introspection_c.cpython-310-x86_64-linux-gnu.so" to ""
-- Installing: /workspace/LeapXELA_Hardware_ws/ros_ws/src/install/arm_server/local/lib/python3.10/dist-packages/arm_server/arm_server_s__rosidl_typesupport_c.cpython-310-x86_64-linux-gnu.so
-- Set runtime path of "/workspace/LeapXELA_Hardware_ws/ros_ws/src/install/arm_server/local/lib/python3.10/dist-packages/arm_server/arm_server_s__rosidl_typesupport_c.cpython-310-x86_64-linux-gnu.so" to ""
-- Installing: /workspace/LeapXELA_Hardware_ws/ros_ws/src/install/arm_server/lib/libarm_server__rosidl_generator_py.so
-- Set runtime path of "/workspace/LeapXELA_Hardware_ws/ros_ws/src/install/arm_server/lib/libarm_server__rosidl_generator_py.so" to ""
-- Installing: /workspace/LeapXELA_Hardware_ws/ros_ws/src/install/arm_server/share/ament_index/resource_index/rust_packages/arm_server
-- Installing: /workspace/LeapXELA_Hardware_ws/ros_ws/src/install/arm_server/share/arm_server/rust
-- Installing: /workspace/LeapXELA_Hardware_ws/ros_ws/src/install/arm_server/share/arm_server/rust/Cargo.toml
-- Installing: /workspace/LeapXELA_Hardware_ws/ros_ws/src/install/arm_server/share/arm_server/rust/src
-- Installing: /workspace/LeapXELA_Hardware_ws/ros_ws/src/install/arm_server/share/arm_server/rust/src/action
-- Installing: /workspace/LeapXELA_Hardware_ws/ros_ws/src/install/arm_server/share/arm_server/rust/src/action/rmw.rs
-- Installing: /workspace/LeapXELA_Hardware_ws/ros_ws/src/install/arm_server/share/arm_server/rust/src/lib.rs
-- Installing: /workspace/LeapXELA_Hardware_ws/ros_ws/src/install/arm_server/share/arm_server/rust/src/msg.rs
-- Installing: /workspace/LeapXELA_Hardware_ws/ros_ws/src/install/arm_server/share/arm_server/rust/src/action.rs
-- Installing: /workspace/LeapXELA_Hardware_ws/ros_ws/src/install/arm_server/share/arm_server/rust/src/msg
-- Installing: /workspace/LeapXELA_Hardware_ws/ros_ws/src/install/arm_server/share/arm_server/rust/src/msg/rmw.rs
-- Installing: /workspace/LeapXELA_Hardware_ws/ros_ws/src/install/arm_server/share/arm_server/rust/build.rs
-- Installing: /workspace/LeapXELA_Hardware_ws/ros_ws/src/install/arm_server/share/arm_server/msg/SceneObject.idl
-- Installing: /workspace/LeapXELA_Hardware_ws/ros_ws/src/install/arm_server/share/arm_server/action/Plan.idl
-- Installing: /workspace/LeapXELA_Hardware_ws/ros_ws/src/install/arm_server/share/arm_server/action/Execute.idl
-- Installing: /workspace/LeapXELA_Hardware_ws/ros_ws/src/install/arm_server/share/arm_server/action/UpdatePlanningScene.idl
-- Installing: /workspace/LeapXELA_Hardware_ws/ros_ws/src/install/arm_server/share/arm_server/msg/SceneObject.msg
-- Installing: /workspace/LeapXELA_Hardware_ws/ros_ws/src/install/arm_server/share/arm_server/action/Plan.action
-- Installing: /workspace/LeapXELA_Hardware_ws/ros_ws/src/install/arm_server/share/arm_server/action/Execute.action
-- Installing: /workspace/LeapXELA_Hardware_ws/ros_ws/src/install/arm_server/share/arm_server/action/UpdatePlanningScene.action
-- Installing: /workspace/LeapXELA_Hardware_ws/ros_ws/src/install/arm_server/lib/arm_server/arm_action_server
-- Set runtime path of "/workspace/LeapXELA_Hardware_ws/ros_ws/src/install/arm_server/lib/arm_server/arm_action_server" to ""
-- Installing: /workspace/LeapXELA_Hardware_ws/ros_ws/src/install/arm_server/share/arm_server/launch
-- Installing: /workspace/LeapXELA_Hardware_ws/ros_ws/src/install/arm_server/share/arm_server/launch/__pycache__
-- Installing: /workspace/LeapXELA_Hardware_ws/ros_ws/src/install/arm_server/share/arm_server/launch/__pycache__/arm_action_server.launch.cpython-310.pyc
-- Installing: /workspace/LeapXELA_Hardware_ws/ros_ws/src/install/arm_server/share/arm_server/launch/arm_action_server.launch.py
-- Installing: /workspace/LeapXELA_Hardware_ws/ros_ws/src/install/arm_server/lib/arm_server/build_the_wall
-- Installing: /workspace/LeapXELA_Hardware_ws/ros_ws/src/install/arm_server/share/arm_server/script/ws_table.json
-- Installing: /workspace/LeapXELA_Hardware_ws/ros_ws/src/install/arm_server/share/ament_index/resource_index/package_run_dependencies/arm_server
-- Installing: /workspace/LeapXELA_Hardware_ws/ros_ws/src/install/arm_server/share/ament_index/resource_index/parent_prefix_path/arm_server
-- Installing: /workspace/LeapXELA_Hardware_ws/ros_ws/src/install/arm_server/share/arm_server/environment/ament_prefix_path.sh
-- Installing: /workspace/LeapXELA_Hardware_ws/ros_ws/src/install/arm_server/share/arm_server/environment/ament_prefix_path.dsv
-- Installing: /workspace/LeapXELA_Hardware_ws/ros_ws/src/install/arm_server/share/arm_server/environment/path.sh
-- Installing: /workspace/LeapXELA_Hardware_ws/ros_ws/src/install/arm_server/share/arm_server/environment/path.dsv
-- Installing: /workspace/LeapXELA_Hardware_ws/ros_ws/src/install/arm_server/share/arm_server/local_setup.bash
-- Installing: /workspace/LeapXELA_Hardware_ws/ros_ws/src/install/arm_server/share/arm_server/local_setup.sh
-- Installing: /workspace/LeapXELA_Hardware_ws/ros_ws/src/install/arm_server/share/arm_server/local_setup.zsh
-- Installing: /workspace/LeapXELA_Hardware_ws/ros_ws/src/install/arm_server/share/arm_server/local_setup.dsv
-- Installing: /workspace/LeapXELA_Hardware_ws/ros_ws/src/install/arm_server/share/arm_server/package.dsv
-- Installing: /workspace/LeapXELA_Hardware_ws/ros_ws/src/install/arm_server/share/ament_index/resource_index/packages/arm_server
-- Installing: /workspace/LeapXELA_Hardware_ws/ros_ws/src/install/arm_server/share/arm_server/cmake/export_arm_server__rosidl_generator_cExport.cmake
-- Installing: /workspace/LeapXELA_Hardware_ws/ros_ws/src/install/arm_server/share/arm_server/cmake/export_arm_server__rosidl_generator_cExport-noconfig.cmake
-- Installing: /workspace/LeapXELA_Hardware_ws/ros_ws/src/install/arm_server/share/arm_server/cmake/export_arm_server__rosidl_typesupport_fastrtps_cExport.cmake
-- Installing: /workspace/LeapXELA_Hardware_ws/ros_ws/src/install/arm_server/share/arm_server/cmake/export_arm_server__rosidl_typesupport_fastrtps_cExport-noconfig.cmake
-- Installing: /workspace/LeapXELA_Hardware_ws/ros_ws/src/install/arm_server/share/arm_server/cmake/arm_server__rosidl_typesupport_introspection_cExport.cmake
-- Installing: /workspace/LeapXELA_Hardware_ws/ros_ws/src/install/arm_server/share/arm_server/cmake/arm_server__rosidl_typesupport_introspection_cExport-noconfig.cmake
-- Installing: /workspace/LeapXELA_Hardware_ws/ros_ws/src/install/arm_server/share/arm_server/cmake/arm_server__rosidl_typesupport_cExport.cmake
-- Installing: /workspace/LeapXELA_Hardware_ws/ros_ws/src/install/arm_server/share/arm_server/cmake/arm_server__rosidl_typesupport_cExport-noconfig.cmake
-- Installing: /workspace/LeapXELA_Hardware_ws/ros_ws/src/install/arm_server/share/arm_server/cmake/export_arm_server__rosidl_generator_cppExport.cmake
-- Installing: /workspace/LeapXELA_Hardware_ws/ros_ws/src/install/arm_server/share/arm_server/cmake/export_arm_server__rosidl_typesupport_fastrtps_cppExport.cmake
-- Installing: /workspace/LeapXELA_Hardware_ws/ros_ws/src/install/arm_server/share/arm_server/cmake/export_arm_server__rosidl_typesupport_fastrtps_cppExport-noconfig.cmake
-- Installing: /workspace/LeapXELA_Hardware_ws/ros_ws/src/install/arm_server/share/arm_server/cmake/arm_server__rosidl_typesupport_introspection_cppExport.cmake
-- Installing: /workspace/LeapXELA_Hardware_ws/ros_ws/src/install/arm_server/share/arm_server/cmake/arm_server__rosidl_typesupport_introspection_cppExport-noconfig.cmake
-- Installing: /workspace/LeapXELA_Hardware_ws/ros_ws/src/install/arm_server/share/arm_server/cmake/arm_server__rosidl_typesupport_cppExport.cmake
-- Installing: /workspace/LeapXELA_Hardware_ws/ros_ws/src/install/arm_server/share/arm_server/cmake/arm_server__rosidl_typesupport_cppExport-noconfig.cmake
-- Installing: /workspace/LeapXELA_Hardware_ws/ros_ws/src/install/arm_server/share/arm_server/cmake/export_arm_server__rosidl_generator_pyExport.cmake
-- Installing: /workspace/LeapXELA_Hardware_ws/ros_ws/src/install/arm_server/share/arm_server/cmake/export_arm_server__rosidl_generator_pyExport-noconfig.cmake
-- Installing: /workspace/LeapXELA_Hardware_ws/ros_ws/src/install/arm_server/share/arm_server/cmake/rosidl_cmake-extras.cmake
-- Installing: /workspace/LeapXELA_Hardware_ws/ros_ws/src/install/arm_server/share/arm_server/cmake/ament_cmake_export_dependencies-extras.cmake
-- Installing: /workspace/LeapXELA_Hardware_ws/ros_ws/src/install/arm_server/share/arm_server/cmake/ament_cmake_export_include_directories-extras.cmake
-- Installing: /workspace/LeapXELA_Hardware_ws/ros_ws/src/install/arm_server/share/arm_server/cmake/ament_cmake_export_libraries-extras.cmake
-- Installing: /workspace/LeapXELA_Hardware_ws/ros_ws/src/install/arm_server/share/arm_server/cmake/ament_cmake_export_targets-extras.cmake
-- Installing: /workspace/LeapXELA_Hardware_ws/ros_ws/src/install/arm_server/share/arm_server/cmake/rosidl_cmake_export_typesupport_targets-extras.cmake
-- Installing: /workspace/LeapXELA_Hardware_ws/ros_ws/src/install/arm_server/share/arm_server/cmake/rosidl_cmake_export_typesupport_libraries-extras.cmake
-- Installing: /workspace/LeapXELA_Hardware_ws/ros_ws/src/install/arm_server/share/arm_server/cmake/arm_serverConfig.cmake
-- Installing: /workspace/LeapXELA_Hardware_ws/ros_ws/src/install/arm_server/share/arm_server/cmake/arm_serverConfig-version.cmake
-- Installing: /workspace/LeapXELA_Hardware_ws/ros_ws/src/install/arm_server/share/arm_server/package.xml
