-- The C compiler identification is GNU 13.3.0
-- The CXX compiler identification is GNU 13.3.0
-- Detecting C compiler ABI info
-- Detecting C compiler ABI info - done
-- Check for working C compiler: /usr/bin/cc - skipped
-- Detecting C compile features
-- Detecting C compile features - done
-- Detecting CXX compiler ABI info
-- Detecting CXX compiler ABI info - done
-- Check for working CXX compiler: /usr/bin/c++ - skipped
-- Detecting CXX compile features
-- Detecting CXX compile features - done
-- Found ament_cmake: 2.8.2 (/opt/ros/rolling/share/ament_cmake/cmake)
-- Found Python3: /home/mamad/miniconda3/bin/python3 (found version "3.13.11") found components: Interpreter 
-- Found rclpy: 9.2.0 (/opt/ros/rolling/share/rclpy/cmake)
-- Found std_msgs: 5.7.0 (/opt/ros/rolling/share/std_msgs/cmake)
-- Found rosidl_generator_c: 4.10.0 (/opt/ros/rolling/share/rosidl_generator_c/cmake)
-- Found rosidl_generator_cpp: 4.10.0 (/opt/ros/rolling/share/rosidl_generator_cpp/cmake)
-- Using all available rosidl_typesupport_c: rosidl_typesupport_fastrtps_c;rosidl_typesupport_introspection_c
-- Using all available rosidl_typesupport_cpp: rosidl_typesupport_fastrtps_cpp;rosidl_typesupport_introspection_cpp
-- Found rosidl_default_generators: 1.8.0 (/opt/ros/rolling/share/rosidl_default_generators/cmake)
-- Found rosidl_adapter: 4.10.0 (/opt/ros/rolling/share/rosidl_adapter/cmake)
[31mCMake Error at /opt/ros/rolling/share/rosidl_adapter/cmake/rosidl_adapt_interfaces.cmake:57 (message):
  execute_process(/home/mamad/miniconda3/bin/python3 -m rosidl_adapter
  --package-name leap_hand --arguments-file
  /home/mamad/PhD/LeapXELA_Hardware_ws/build/leap_hand/rosidl_adapter__arguments__leap_hand.json
  --output-dir
  /home/mamad/PhD/LeapXELA_Hardware_ws/build/leap_hand/rosidl_adapter/leap_hand
  --output-file
  /home/mamad/PhD/LeapXELA_Hardware_ws/build/leap_hand/rosidl_adapter/leap_hand.idls)
  returned error code 1:

  Traceback (most recent call last):

    File "<frozen runpy>", line 198, in _run_module_as_main
    File "<frozen runpy>", line 88, in _run_code
    File "/opt/ros/rolling/lib/python3.12/site-packages/rosidl_adapter/__main__.py", line 19, in <module>
      main()
      ~~~~^^
    File "/opt/ros/rolling/lib/python3.12/site-packages/rosidl_adapter/main.py", line 54, in main
      abs_idl_file = convert_to_idl(
          pathlib.Path(basepath), args.package_name,
          pathlib.Path(relative_path), output_dir)
    File "/opt/ros/rolling/lib/python3.12/site-packages/rosidl_adapter/__init__.py", line 26, in convert_to_idl
      from rosidl_adapter.srv import convert_srv_to_idl
    File "/opt/ros/rolling/lib/python3.12/site-packages/rosidl_adapter/srv/__init__.py", line 18, in <module>
      from rosidl_adapter.resource import expand_template, SrvData
    File "/opt/ros/rolling/lib/python3.12/site-packages/rosidl_adapter/resource/__init__.py", line 21, in <module>
      import em

  ModuleNotFoundError: No module named 'em'

Call Stack (most recent call first):
  /opt/ros/rolling/share/rosidl_cmake/cmake/rosidl_generate_interfaces.cmake:132 (rosidl_adapt_interfaces)
  CMakeLists.txt:15 (rosidl_generate_interfaces)

[0m
-- Configuring incomplete, errors occurred!
