/workspace/LeapXELA_Hardware_ws/install/leap_description/share/ament_index/resource_index/packages/leap_description
/workspace/LeapXELA_Hardware_ws/install/leap_description/share/leap_description/package.xml
/workspace/LeapXELA_Hardware_ws/install/leap_description/share/leap_description/urdf/palm.urdf
/workspace/LeapXELA_Hardware_ws/install/leap_description/share/leap_description/urdf/finger.urdf
/workspace/LeapXELA_Hardware_ws/install/leap_description/share/leap_description/urdf/visulize_hand_node.py
/workspace/LeapXELA_Hardware_ws/install/leap_description/share/leap_description/urdf/thumb.urdf
/workspace/LeapXELA_Hardware_ws/install/leap_description/share/leap_description/urdf/robot.urdf
/workspace/LeapXELA_Hardware_ws/install/leap_description/share/leap_description/urdf/list_to_string.py
/workspace/LeapXELA_Hardware_ws/install/leap_description/share/leap_description/urdf/finger.py
/workspace/LeapXELA_Hardware_ws/install/leap_description/share/leap_description/urdf/visulize_palm_node.py
/workspace/LeapXELA_Hardware_ws/install/leap_description/share/leap_description/urdf/visulize_finger.py
/workspace/LeapXELA_Hardware_ws/install/leap_description/share/leap_description/urdf/thumb.py
/workspace/LeapXELA_Hardware_ws/install/leap_description/share/leap_description/urdf/robot_pybullet.urdf
/workspace/LeapXELA_Hardware_ws/install/leap_description/share/leap_description/urdf/palm.py
/workspace/LeapXELA_Hardware_ws/install/leap_description/share/leap_description/urdf/visulize_thumb_node.py
/workspace/LeapXELA_Hardware_ws/install/leap_description/share/leap_description/urdf/hand.py
/workspace/LeapXELA_Hardware_ws/install/leap_description/share/leap_description/urdf/hand.urdf
/workspace/LeapXELA_Hardware_ws/install/leap_description/share/leap_description/urdf/assets/thumb_pip.part
/workspace/LeapXELA_Hardware_ws/install/leap_description/share/leap_description/urdf/assets/fingertip_old.stl
/workspace/LeapXELA_Hardware_ws/install/leap_description/share/leap_description/urdf/assets/fingertip.stl
/workspace/LeapXELA_Hardware_ws/install/leap_description/share/leap_description/urdf/assets/palm_lower_left.stl
/workspace/LeapXELA_Hardware_ws/install/leap_description/share/leap_description/urdf/assets/palm_lower.stl
/workspace/LeapXELA_Hardware_ws/install/leap_description/share/leap_description/urdf/assets/dip.part
/workspace/LeapXELA_Hardware_ws/install/leap_description/share/leap_description/urdf/assets/palm_lower.part
/workspace/LeapXELA_Hardware_ws/install/leap_description/share/leap_description/urdf/assets/fingertip.part
/workspace/LeapXELA_Hardware_ws/install/leap_description/share/leap_description/urdf/assets/pip.stl
/workspace/LeapXELA_Hardware_ws/install/leap_description/share/leap_description/urdf/assets/thumb_fingertip.part
/workspace/LeapXELA_Hardware_ws/install/leap_description/share/leap_description/urdf/assets/mcp_joint.stl
/workspace/LeapXELA_Hardware_ws/install/leap_description/share/leap_description/urdf/assets/thumb_dip.stl
/workspace/LeapXELA_Hardware_ws/install/leap_description/share/leap_description/urdf/assets/config.json
/workspace/LeapXELA_Hardware_ws/install/leap_description/share/leap_description/urdf/assets/pip.part
/workspace/LeapXELA_Hardware_ws/install/leap_description/share/leap_description/urdf/assets/palm_lower_left_old.stl
/workspace/LeapXELA_Hardware_ws/install/leap_description/share/leap_description/urdf/assets/thumb_dip.part
/workspace/LeapXELA_Hardware_ws/install/leap_description/share/leap_description/urdf/assets/thumb_fingertip_old.stl
/workspace/LeapXELA_Hardware_ws/install/leap_description/share/leap_description/urdf/assets/dip.stl
/workspace/LeapXELA_Hardware_ws/install/leap_description/share/leap_description/urdf/assets/thumb_fingertip.stl
/workspace/LeapXELA_Hardware_ws/install/leap_description/share/leap_description/urdf/assets/thumb_pip.stl
/workspace/LeapXELA_Hardware_ws/install/leap_description/share/leap_description/urdf/assets/mcp_joint.part
/workspace/LeapXELA_Hardware_ws/install/leap_description/share/leap_description/urdf/__pycache__/palm.cpython-310.pyc
/workspace/LeapXELA_Hardware_ws/install/leap_description/share/leap_description/urdf/__pycache__/thumb.cpython-310.pyc
/workspace/LeapXELA_Hardware_ws/install/leap_description/share/leap_description/urdf/__pycache__/finger.cpython-310.pyc
/workspace/LeapXELA_Hardware_ws/install/leap_description/share/leap_description/urdf/__pycache__/list_to_string.cpython-310.pyc
/workspace/LeapXELA_Hardware_ws/install/leap_description/lib/python3.10/site-packages/leap_description-0.0.0-py3.10.egg-info/dependency_links.txt
/workspace/LeapXELA_Hardware_ws/install/leap_description/lib/python3.10/site-packages/leap_description-0.0.0-py3.10.egg-info/SOURCES.txt
/workspace/LeapXELA_Hardware_ws/install/leap_description/lib/python3.10/site-packages/leap_description-0.0.0-py3.10.egg-info/PKG-INFO
/workspace/LeapXELA_Hardware_ws/install/leap_description/lib/python3.10/site-packages/leap_description-0.0.0-py3.10.egg-info/requires.txt
/workspace/LeapXELA_Hardware_ws/install/leap_description/lib/python3.10/site-packages/leap_description-0.0.0-py3.10.egg-info/entry_points.txt
/workspace/LeapXELA_Hardware_ws/install/leap_description/lib/python3.10/site-packages/leap_description-0.0.0-py3.10.egg-info/zip-safe
/workspace/LeapXELA_Hardware_ws/install/leap_description/lib/python3.10/site-packages/leap_description-0.0.0-py3.10.egg-info/top_level.txt
