running egg_info
writing ../../build/avp_stream/avp_stream.egg-info/PKG-INFO
writing dependency_links to ../../build/avp_stream/avp_stream.egg-info/dependency_links.txt
writing entry points to ../../build/avp_stream/avp_stream.egg-info/entry_points.txt
writing requirements to ../../build/avp_stream/avp_stream.egg-info/requires.txt
writing top-level names to ../../build/avp_stream/avp_stream.egg-info/top_level.txt
reading manifest file '../../build/avp_stream/avp_stream.egg-info/SOURCES.txt'
adding license file 'LICENSE'
writing manifest file '../../build/avp_stream/avp_stream.egg-info/SOURCES.txt'
running build
running build_py
running install
running install_lib
running install_egg_info
removing '/workspace/LeapXELA_Hardware_ws/install/avp_stream/lib/python3.10/site-packages/avp_stream-2.50-py3.10.egg-info' (and everything under it)
Copying ../../build/avp_stream/avp_stream.egg-info to /workspace/LeapXELA_Hardware_ws/install/avp_stream/lib/python3.10/site-packages/avp_stream-2.50-py3.10.egg-info
running install_scripts
Installing avp script to /workspace/LeapXELA_Hardware_ws/install/avp_stream/bin
Installing setup-avp-wired script to /workspace/LeapXELA_Hardware_ws/install/avp_stream/bin
writing list of installed files to '/workspace/LeapXELA_Hardware_ws/build/avp_stream/install.log'
