[0.942s] Invoking command in '/workspace/LeapXELA_Hardware_ws/build/xela_server_ros2': CMAKE_PREFIX_PATH=/opt/ros/humble /usr/bin/cmake /workspace/LeapXELA_Hardware_ws/ros_ws/src/xela_server_ros2 -DCMAKE_INSTALL_PREFIX=/workspace/LeapXELA_Hardware_ws/install/xela_server_ros2
[1.926s] -- The C compiler identification is GNU 11.4.0
[2.535s] -- The CXX compiler identification is GNU 11.4.0
[2.611s] -- Detecting C compiler ABI info
[2.757s] -- Detecting C compiler ABI info - done
[2.769s] -- Check for working C compiler: /usr/bin/cc - skipped
[2.772s] -- Detecting C compile features
[2.778s] -- Detecting C compile features - done
[2.783s] -- Detecting CXX compiler ABI info
[2.904s] -- Detecting CXX compiler ABI info - done
[2.928s] -- Check for working CXX compiler: /usr/bin/c++ - skipped
[2.929s] -- Detecting CXX compile features
[2.930s] -- Detecting CXX compile features - done
[2.947s] -- Found rclcpp: 16.0.19 (/opt/ros/humble/share/rclcpp/cmake)
[3.385s] -- Found Python3: /usr/bin/python3 (found version "3.10.12") found components: Interpreter 
[3.940s] -- Found rosidl_generator_c: 3.1.8 (/opt/ros/humble/share/rosidl_generator_c/cmake)
[3.976s] -- Found rosidl_adapter: 3.1.8 (/opt/ros/humble/share/rosidl_adapter/cmake)
[4.052s] -- Found rosidl_generator_cpp: 3.1.8 (/opt/ros/humble/share/rosidl_generator_cpp/cmake)
[4.159s] -- Using all available rosidl_typesupport_c: rosidl_typesupport_fastrtps_c;rosidl_typesupport_introspection_c
[4.265s] -- Using all available rosidl_typesupport_cpp: rosidl_typesupport_fastrtps_cpp;rosidl_typesupport_introspection_cpp
[4.639s] -- Found rmw_implementation_cmake: 6.1.2 (/opt/ros/humble/share/rmw_implementation_cmake/cmake)
[4.660s] -- Found rmw_fastrtps_cpp: 6.2.10 (/opt/ros/humble/share/rmw_fastrtps_cpp/cmake)
[5.158s] -- Found OpenSSL: /usr/lib/x86_64-linux-gnu/libcrypto.so (found version "3.0.2")  
[5.244s] -- Found FastRTPS: /opt/ros/humble/include  
[5.364s] -- Using RMW implementation 'rmw_fastrtps_cpp' as default
[5.423s] -- Looking for pthread.h
[5.547s] -- Looking for pthread.h - found
[5.548s] -- Performing Test CMAKE_HAVE_LIBC_PTHREAD
[5.686s] -- Performing Test CMAKE_HAVE_LIBC_PTHREAD - Success
[5.689s] -- Found Threads: TRUE  
[6.054s] -- Found rclpy: 3.3.21 (/opt/ros/humble/share/rclpy/cmake)
[6.066s] -- Found geometry_msgs: 4.9.1 (/opt/ros/humble/share/geometry_msgs/cmake)
[6.194s] -- Found rosidl_default_generators: 1.2.1 (/opt/ros/humble/share/rosidl_default_generators/cmake)
[6.863s] -- Found ament_cmake_ros: 0.10.0 (/opt/ros/humble/share/ament_cmake_ros/cmake)
[7.704s] -- Using all available rosidl_typesupport_c: rosidl_typesupport_fastrtps_c;rosidl_typesupport_introspection_c
[8.019s] -- Using all available rosidl_typesupport_cpp: rosidl_typesupport_fastrtps_cpp;rosidl_typesupport_introspection_cpp
[8.072s] -- Found PythonInterp: /usr/bin/python3 (found suitable version "3.10.12", minimum required is "3.6") 
[8.074s] -- Found python_cmake_module: 0.10.0 (/opt/ros/humble/share/python_cmake_module/cmake)
[8.131s] -- Found PythonLibs: /usr/lib/x86_64-linux-gnu/libpython3.10.so (found suitable version "3.10.12", minimum required is "3.5") 
[8.131s] -- Using PYTHON_EXECUTABLE: /usr/bin/python3
[8.131s] -- Using PYTHON_INCLUDE_DIRS: /usr/include/python3.10
[8.131s] -- Using PYTHON_LIBRARIES: /usr/lib/x86_64-linux-gnu/libpython3.10.so
[8.180s] -- Found PythonExtra: .so  
[8.494s] -- Configuring done
[8.563s] -- Generating done
[8.584s] -- Build files have been written to: /workspace/LeapXELA_Hardware_ws/build/xela_server_ros2
[8.601s] Invoked command in '/workspace/LeapXELA_Hardware_ws/build/xela_server_ros2' returned '0': CMAKE_PREFIX_PATH=/opt/ros/humble /usr/bin/cmake /workspace/LeapXELA_Hardware_ws/ros_ws/src/xela_server_ros2 -DCMAKE_INSTALL_PREFIX=/workspace/LeapXELA_Hardware_ws/install/xela_server_ros2
[8.603s] Invoking command in '/workspace/LeapXELA_Hardware_ws/build/xela_server_ros2': CMAKE_PREFIX_PATH=/opt/ros/humble /usr/bin/cmake --build /workspace/LeapXELA_Hardware_ws/build/xela_server_ros2 -- -j16 -l16
[8.677s] [  1%] [34m[1mGenerating Rust code for ROS interfaces[0m
[9.187s] [  1%] Built target xela_server_ros2__rs
[9.228s] [  1%] Built target ament_cmake_python_copy_xela_server_ros2
[9.261s] [  3%] [34m[1mGenerating C++ code for ROS interfaces[0m
[10.185s] [  3%] Built target xela_server_ros2__cpp
[10.596s] running egg_info
[10.597s] creating xela_server_ros2.egg-info
[10.598s] writing xela_server_ros2.egg-info/PKG-INFO
[10.598s] writing dependency_links to xela_server_ros2.egg-info/dependency_links.txt
[10.598s] writing top-level names to xela_server_ros2.egg-info/top_level.txt
[10.598s] writing manifest file 'xela_server_ros2.egg-info/SOURCES.txt'
[10.602s] reading manifest file 'xela_server_ros2.egg-info/SOURCES.txt'
[10.603s] writing manifest file 'xela_server_ros2.egg-info/SOURCES.txt'
[10.644s] [  3%] Built target ament_cmake_python_build_xela_server_ros2_egg
[10.660s] [  4%] [34m[1mGenerating C++ type support dispatch for ROS interfaces[0m
[11.149s] [  6%] [32mBuilding CXX object CMakeFiles/xela_server_ros2__rosidl_typesupport_cpp.dir/rosidl_typesupport_cpp/xela_server_ros2/msg/sensor_full__type_support.cpp.o[0m
[11.550s] [  7%] [32mBuilding CXX object CMakeFiles/xela_server_ros2__rosidl_typesupport_cpp.dir/rosidl_typesupport_cpp/xela_server_ros2/srv/xela_sensor_stream__type_support.cpp.o[0m
[11.974s] [  9%] [32mBuilding CXX object CMakeFiles/xela_server_ros2__rosidl_typesupport_cpp.dir/rosidl_typesupport_cpp/xela_server_ros2/msg/forces__type_support.cpp.o[0m
[12.402s] [ 10%] [32mBuilding CXX object CMakeFiles/xela_server_ros2__rosidl_typesupport_cpp.dir/rosidl_typesupport_cpp/xela_server_ros2/msg/taxel__type_support.cpp.o[0m
[12.808s] [ 12%] [32mBuilding CXX object CMakeFiles/xela_server_ros2__rosidl_typesupport_cpp.dir/rosidl_typesupport_cpp/xela_server_ros2/msg/sens_stream__type_support.cpp.o[0m
[13.218s] [ 14%] [32m[1mLinking CXX shared library libxela_server_ros2__rosidl_typesupport_cpp.so[0m
[13.306s] [ 14%] Built target xela_server_ros2__rosidl_typesupport_cpp
[13.322s] [ 15%] [34m[1mGenerating C++ introspection for ROS interfaces[0m
[14.001s] [ 17%] [32mBuilding CXX object CMakeFiles/xela_server_ros2__rosidl_typesupport_introspection_cpp.dir/rosidl_typesupport_introspection_cpp/xela_server_ros2/msg/detail/sensor_full__type_support.cpp.o[0m
[14.748s] [ 18%] [32mBuilding CXX object CMakeFiles/xela_server_ros2__rosidl_typesupport_introspection_cpp.dir/rosidl_typesupport_introspection_cpp/xela_server_ros2/srv/detail/xela_sensor_stream__type_support.cpp.o[0m
[15.648s] [ 20%] [32mBuilding CXX object CMakeFiles/xela_server_ros2__rosidl_typesupport_introspection_cpp.dir/rosidl_typesupport_introspection_cpp/xela_server_ros2/msg/detail/forces__type_support.cpp.o[0m
[16.360s] [ 21%] [32mBuilding CXX object CMakeFiles/xela_server_ros2__rosidl_typesupport_introspection_cpp.dir/rosidl_typesupport_introspection_cpp/xela_server_ros2/msg/detail/taxel__type_support.cpp.o[0m
[17.026s] [ 23%] [32mBuilding CXX object CMakeFiles/xela_server_ros2__rosidl_typesupport_introspection_cpp.dir/rosidl_typesupport_introspection_cpp/xela_server_ros2/msg/detail/sens_stream__type_support.cpp.o[0m
[17.890s] [ 25%] [32m[1mLinking CXX shared library libxela_server_ros2__rosidl_typesupport_introspection_cpp.so[0m
[18.046s] [ 25%] Built target xela_server_ros2__rosidl_typesupport_introspection_cpp
[18.062s] [ 26%] [34m[1mGenerating C++ type support for eProsima Fast-RTPS[0m
[18.803s] [ 28%] [32mBuilding CXX object CMakeFiles/xela_server_ros2__rosidl_typesupport_fastrtps_cpp.dir/rosidl_typesupport_fastrtps_cpp/xela_server_ros2/msg/detail/dds_fastrtps/sensor_full__type_support.cpp.o[0m
[19.588s] [ 29%] [32mBuilding CXX object CMakeFiles/xela_server_ros2__rosidl_typesupport_fastrtps_cpp.dir/rosidl_typesupport_fastrtps_cpp/xela_server_ros2/srv/detail/dds_fastrtps/xela_sensor_stream__type_support.cpp.o[0m
[20.321s] [ 31%] [32mBuilding CXX object CMakeFiles/xela_server_ros2__rosidl_typesupport_fastrtps_cpp.dir/rosidl_typesupport_fastrtps_cpp/xela_server_ros2/msg/detail/dds_fastrtps/forces__type_support.cpp.o[0m
[20.927s] [ 32%] [32mBuilding CXX object CMakeFiles/xela_server_ros2__rosidl_typesupport_fastrtps_cpp.dir/rosidl_typesupport_fastrtps_cpp/xela_server_ros2/msg/detail/dds_fastrtps/taxel__type_support.cpp.o[0m
[21.523s] [ 34%] [32mBuilding CXX object CMakeFiles/xela_server_ros2__rosidl_typesupport_fastrtps_cpp.dir/rosidl_typesupport_fastrtps_cpp/xela_server_ros2/msg/detail/dds_fastrtps/sens_stream__type_support.cpp.o[0m
[22.254s] [ 35%] [32m[1mLinking CXX shared library libxela_server_ros2__rosidl_typesupport_fastrtps_cpp.so[0m
[22.395s] [ 35%] Built target xela_server_ros2__rosidl_typesupport_fastrtps_cpp
[22.411s] [ 37%] [34m[1mGenerating C code for ROS interfaces[0m
[23.461s] [ 39%] [32mBuilding C object CMakeFiles/xela_server_ros2__rosidl_generator_c.dir/rosidl_generator_c/xela_server_ros2/msg/detail/sensor_full__functions.c.o[0m
[23.543s] [ 40%] [32mBuilding C object CMakeFiles/xela_server_ros2__rosidl_generator_c.dir/rosidl_generator_c/xela_server_ros2/srv/detail/xela_sensor_stream__functions.c.o[0m
[23.649s] [ 42%] [32mBuilding C object CMakeFiles/xela_server_ros2__rosidl_generator_c.dir/rosidl_generator_c/xela_server_ros2/msg/detail/forces__functions.c.o[0m
[23.759s] [ 43%] [32mBuilding C object CMakeFiles/xela_server_ros2__rosidl_generator_c.dir/rosidl_generator_c/xela_server_ros2/msg/detail/taxel__functions.c.o[0m
[23.839s] [ 45%] [32mBuilding C object CMakeFiles/xela_server_ros2__rosidl_generator_c.dir/rosidl_generator_c/xela_server_ros2/msg/detail/sens_stream__functions.c.o[0m
[23.920s] [ 46%] [32m[1mLinking C shared library libxela_server_ros2__rosidl_generator_c.so[0m
[23.984s] [ 46%] Built target xela_server_ros2__rosidl_generator_c
[24.000s] [ 48%] [34m[1mGenerating C type support for eProsima Fast-RTPS[0m
[24.763s] [ 50%] [32mBuilding CXX object CMakeFiles/xela_server_ros2__rosidl_typesupport_fastrtps_c.dir/rosidl_typesupport_fastrtps_c/xela_server_ros2/msg/detail/sensor_full__type_support_c.cpp.o[0m
[25.341s] [ 51%] [32mBuilding CXX object CMakeFiles/xela_server_ros2__rosidl_typesupport_fastrtps_c.dir/rosidl_typesupport_fastrtps_c/xela_server_ros2/srv/detail/xela_sensor_stream__type_support_c.cpp.o[0m
[25.897s] [ 53%] [32mBuilding CXX object CMakeFiles/xela_server_ros2__rosidl_typesupport_fastrtps_c.dir/rosidl_typesupport_fastrtps_c/xela_server_ros2/msg/detail/forces__type_support_c.cpp.o[0m
[26.420s] [ 54%] [32mBuilding CXX object CMakeFiles/xela_server_ros2__rosidl_typesupport_fastrtps_c.dir/rosidl_typesupport_fastrtps_c/xela_server_ros2/msg/detail/taxel__type_support_c.cpp.o[0m
[26.945s] [ 56%] [32mBuilding CXX object CMakeFiles/xela_server_ros2__rosidl_typesupport_fastrtps_c.dir/rosidl_typesupport_fastrtps_c/xela_server_ros2/msg/detail/sens_stream__type_support_c.cpp.o[0m
[27.480s] [ 57%] [32m[1mLinking CXX shared library libxela_server_ros2__rosidl_typesupport_fastrtps_c.so[0m
[27.604s] [ 57%] Built target xela_server_ros2__rosidl_typesupport_fastrtps_c
[27.621s] [ 59%] [34m[1mGenerating C type support dispatch for ROS interfaces[0m
[28.208s] [ 60%] [32mBuilding CXX object CMakeFiles/xela_server_ros2__rosidl_typesupport_c.dir/rosidl_typesupport_c/xela_server_ros2/msg/sensor_full__type_support.cpp.o[0m
[28.266s] [ 62%] [32mBuilding CXX object CMakeFiles/xela_server_ros2__rosidl_typesupport_c.dir/rosidl_typesupport_c/xela_server_ros2/srv/xela_sensor_stream__type_support.cpp.o[0m
[28.326s] [ 64%] [32mBuilding CXX object CMakeFiles/xela_server_ros2__rosidl_typesupport_c.dir/rosidl_typesupport_c/xela_server_ros2/msg/forces__type_support.cpp.o[0m
[28.378s] [ 65%] [32mBuilding CXX object CMakeFiles/xela_server_ros2__rosidl_typesupport_c.dir/rosidl_typesupport_c/xela_server_ros2/msg/taxel__type_support.cpp.o[0m
[28.427s] [ 67%] [32mBuilding CXX object CMakeFiles/xela_server_ros2__rosidl_typesupport_c.dir/rosidl_typesupport_c/xela_server_ros2/msg/sens_stream__type_support.cpp.o[0m
[28.479s] [ 68%] [32m[1mLinking CXX shared library libxela_server_ros2__rosidl_typesupport_c.so[0m
[28.559s] [ 68%] Built target xela_server_ros2__rosidl_typesupport_c
[28.576s] [ 70%] [34m[1mGenerating C introspection for ROS interfaces[0m
[29.291s] [ 71%] [32mBuilding C object CMakeFiles/xela_server_ros2__rosidl_typesupport_introspection_c.dir/rosidl_typesupport_introspection_c/xela_server_ros2/msg/detail/sensor_full__type_support.c.o[0m
[29.358s] [ 73%] [32mBuilding C object CMakeFiles/xela_server_ros2__rosidl_typesupport_introspection_c.dir/rosidl_typesupport_introspection_c/xela_server_ros2/srv/detail/xela_sensor_stream__type_support.c.o[0m
[29.423s] [ 75%] [32mBuilding C object CMakeFiles/xela_server_ros2__rosidl_typesupport_introspection_c.dir/rosidl_typesupport_introspection_c/xela_server_ros2/msg/detail/forces__type_support.c.o[0m
[29.478s] [ 76%] [32mBuilding C object CMakeFiles/xela_server_ros2__rosidl_typesupport_introspection_c.dir/rosidl_typesupport_introspection_c/xela_server_ros2/msg/detail/taxel__type_support.c.o[0m
[29.533s] [ 78%] [32mBuilding C object CMakeFiles/xela_server_ros2__rosidl_typesupport_introspection_c.dir/rosidl_typesupport_introspection_c/xela_server_ros2/msg/detail/sens_stream__type_support.c.o[0m
[29.611s] [ 79%] [32m[1mLinking C shared library libxela_server_ros2__rosidl_typesupport_introspection_c.so[0m
[29.667s] [ 79%] Built target xela_server_ros2__rosidl_typesupport_introspection_c
[29.702s] [ 79%] Built target xela_server_ros2
[29.735s] [ 81%] [34m[1mGenerating Python code for ROS interfaces[0m
[31.091s] [ 81%] Built target xela_server_ros2__py
[31.123s] [ 82%] [32mBuilding C object CMakeFiles/xela_server_ros2__rosidl_generator_py.dir/rosidl_generator_py/xela_server_ros2/msg/_sensor_full_s.c.o[0m
[31.316s] [ 84%] [32mBuilding C object CMakeFiles/xela_server_ros2__rosidl_generator_py.dir/rosidl_generator_py/xela_server_ros2/srv/_xela_sensor_stream_s.c.o[0m
[31.510s] [ 85%] [32mBuilding C object CMakeFiles/xela_server_ros2__rosidl_generator_py.dir/rosidl_generator_py/xela_server_ros2/msg/_forces_s.c.o[0m
[31.708s] [ 87%] [32mBuilding C object CMakeFiles/xela_server_ros2__rosidl_generator_py.dir/rosidl_generator_py/xela_server_ros2/msg/_taxel_s.c.o[0m
[31.891s] [ 89%] [32mBuilding C object CMakeFiles/xela_server_ros2__rosidl_generator_py.dir/rosidl_generator_py/xela_server_ros2/msg/_sens_stream_s.c.o[0m
[32.089s] [ 90%] [32m[1mLinking C shared library rosidl_generator_py/xela_server_ros2/libxela_server_ros2__rosidl_generator_py.so[0m
[32.163s] [ 90%] Built target xela_server_ros2__rosidl_generator_py
[32.194s] [ 92%] [32mBuilding C object CMakeFiles/xela_server_ros2__rosidl_typesupport_fastrtps_c__pyext.dir/rosidl_generator_py/xela_server_ros2/_xela_server_ros2_s.ep.rosidl_typesupport_fastrtps_c.c.o[0m
[32.375s] [ 93%] [32m[1mLinking C shared library rosidl_generator_py/xela_server_ros2/xela_server_ros2_s__rosidl_typesupport_fastrtps_c.cpython-310-x86_64-linux-gnu.so[0m
[32.441s] [ 93%] Built target xela_server_ros2__rosidl_typesupport_fastrtps_c__pyext
[32.472s] [ 95%] [32mBuilding C object CMakeFiles/xela_server_ros2__rosidl_typesupport_c__pyext.dir/rosidl_generator_py/xela_server_ros2/_xela_server_ros2_s.ep.rosidl_typesupport_c.c.o[0m
[32.667s] [ 96%] [32m[1mLinking C shared library rosidl_generator_py/xela_server_ros2/xela_server_ros2_s__rosidl_typesupport_c.cpython-310-x86_64-linux-gnu.so[0m
[32.733s] [ 96%] Built target xela_server_ros2__rosidl_typesupport_c__pyext
[32.764s] [ 98%] [32mBuilding C object CMakeFiles/xela_server_ros2__rosidl_typesupport_introspection_c__pyext.dir/rosidl_generator_py/xela_server_ros2/_xela_server_ros2_s.ep.rosidl_typesupport_introspection_c.c.o[0m
[32.944s] [100%] [32m[1mLinking C shared library rosidl_generator_py/xela_server_ros2/xela_server_ros2_s__rosidl_typesupport_introspection_c.cpython-310-x86_64-linux-gnu.so[0m
[33.009s] [100%] Built target xela_server_ros2__rosidl_typesupport_introspection_c__pyext
[33.027s] Invoked command in '/workspace/LeapXELA_Hardware_ws/build/xela_server_ros2' returned '0': CMAKE_PREFIX_PATH=/opt/ros/humble /usr/bin/cmake --build /workspace/LeapXELA_Hardware_ws/build/xela_server_ros2 -- -j16 -l16
[33.031s] Invoking command in '/workspace/LeapXELA_Hardware_ws/build/xela_server_ros2': CMAKE_PREFIX_PATH=/opt/ros/humble /usr/bin/cmake --install /workspace/LeapXELA_Hardware_ws/build/xela_server_ros2
[33.043s] -- Install configuration: ""
[33.043s] -- Installing: /workspace/LeapXELA_Hardware_ws/install/xela_server_ros2/share/ament_index/resource_index/rosidl_interfaces/xela_server_ros2
[33.044s] -- Installing: /workspace/LeapXELA_Hardware_ws/install/xela_server_ros2/include/xela_server_ros2/xela_server_ros2
[33.044s] -- Installing: /workspace/LeapXELA_Hardware_ws/install/xela_server_ros2/include/xela_server_ros2/xela_server_ros2/srv
[33.044s] -- Installing: /workspace/LeapXELA_Hardware_ws/install/xela_server_ros2/include/xela_server_ros2/xela_server_ros2/srv/detail
[33.044s] -- Installing: /workspace/LeapXELA_Hardware_ws/install/xela_server_ros2/include/xela_server_ros2/xela_server_ros2/srv/detail/xela_sensor_stream__struct.h
[33.044s] -- Installing: /workspace/LeapXELA_Hardware_ws/install/xela_server_ros2/include/xela_server_ros2/xela_server_ros2/srv/detail/xela_sensor_stream__type_support.h
[33.045s] -- Installing: /workspace/LeapXELA_Hardware_ws/install/xela_server_ros2/include/xela_server_ros2/xela_server_ros2/srv/detail/xela_sensor_stream__functions.h
[33.045s] -- Installing: /workspace/LeapXELA_Hardware_ws/install/xela_server_ros2/include/xela_server_ros2/xela_server_ros2/srv/detail/xela_sensor_stream__functions.c
[33.045s] -- Installing: /workspace/LeapXELA_Hardware_ws/install/xela_server_ros2/include/xela_server_ros2/xela_server_ros2/srv/xela_sensor_stream.h
[33.045s] -- Installing: /workspace/LeapXELA_Hardware_ws/install/xela_server_ros2/include/xela_server_ros2/xela_server_ros2/msg
[33.045s] -- Installing: /workspace/LeapXELA_Hardware_ws/install/xela_server_ros2/include/xela_server_ros2/xela_server_ros2/msg/detail
[33.046s] -- Installing: /workspace/LeapXELA_Hardware_ws/install/xela_server_ros2/include/xela_server_ros2/xela_server_ros2/msg/detail/forces__struct.h
[33.046s] -- Installing: /workspace/LeapXELA_Hardware_ws/install/xela_server_ros2/include/xela_server_ros2/xela_server_ros2/msg/detail/taxel__functions.c
[33.046s] -- Installing: /workspace/LeapXELA_Hardware_ws/install/xela_server_ros2/include/xela_server_ros2/xela_server_ros2/msg/detail/sens_stream__functions.h
[33.046s] -- Installing: /workspace/LeapXELA_Hardware_ws/install/xela_server_ros2/include/xela_server_ros2/xela_server_ros2/msg/detail/forces__functions.h
[33.046s] -- Installing: /workspace/LeapXELA_Hardware_ws/install/xela_server_ros2/include/xela_server_ros2/xela_server_ros2/msg/detail/sens_stream__struct.h
[33.047s] -- Installing: /workspace/LeapXELA_Hardware_ws/install/xela_server_ros2/include/xela_server_ros2/xela_server_ros2/msg/detail/sensor_full__functions.c
[33.047s] -- Installing: /workspace/LeapXELA_Hardware_ws/install/xela_server_ros2/include/xela_server_ros2/xela_server_ros2/msg/detail/sens_stream__type_support.h
[33.047s] -- Installing: /workspace/LeapXELA_Hardware_ws/install/xela_server_ros2/include/xela_server_ros2/xela_server_ros2/msg/detail/forces__type_support.h
[33.047s] -- Installing: /workspace/LeapXELA_Hardware_ws/install/xela_server_ros2/include/xela_server_ros2/xela_server_ros2/msg/detail/sensor_full__functions.h
[33.047s] -- Installing: /workspace/LeapXELA_Hardware_ws/install/xela_server_ros2/include/xela_server_ros2/xela_server_ros2/msg/detail/forces__functions.c
[33.047s] -- Installing: /workspace/LeapXELA_Hardware_ws/install/xela_server_ros2/include/xela_server_ros2/xela_server_ros2/msg/detail/taxel__functions.h
[33.048s] -- Installing: /workspace/LeapXELA_Hardware_ws/install/xela_server_ros2/include/xela_server_ros2/xela_server_ros2/msg/detail/sens_stream__functions.c
[33.048s] -- Installing: /workspace/LeapXELA_Hardware_ws/install/xela_server_ros2/include/xela_server_ros2/xela_server_ros2/msg/detail/sensor_full__type_support.h
[33.048s] -- Installing: /workspace/LeapXELA_Hardware_ws/install/xela_server_ros2/include/xela_server_ros2/xela_server_ros2/msg/detail/sensor_full__struct.h
[33.048s] -- Installing: /workspace/LeapXELA_Hardware_ws/install/xela_server_ros2/include/xela_server_ros2/xela_server_ros2/msg/detail/taxel__type_support.h
[33.048s] -- Installing: /workspace/LeapXELA_Hardware_ws/install/xela_server_ros2/include/xela_server_ros2/xela_server_ros2/msg/detail/taxel__struct.h
[33.048s] -- Installing: /workspace/LeapXELA_Hardware_ws/install/xela_server_ros2/include/xela_server_ros2/xela_server_ros2/msg/sens_stream.h
[33.049s] -- Installing: /workspace/LeapXELA_Hardware_ws/install/xela_server_ros2/include/xela_server_ros2/xela_server_ros2/msg/sensor_full.h
[33.049s] -- Installing: /workspace/LeapXELA_Hardware_ws/install/xela_server_ros2/include/xela_server_ros2/xela_server_ros2/msg/taxel.h
[33.049s] -- Installing: /workspace/LeapXELA_Hardware_ws/install/xela_server_ros2/include/xela_server_ros2/xela_server_ros2/msg/rosidl_generator_c__visibility_control.h
[33.049s] -- Installing: /workspace/LeapXELA_Hardware_ws/install/xela_server_ros2/include/xela_server_ros2/xela_server_ros2/msg/forces.h
[33.049s] -- Installing: /workspace/LeapXELA_Hardware_ws/install/xela_server_ros2/share/xela_server_ros2/environment/library_path.sh
[33.050s] -- Installing: /workspace/LeapXELA_Hardware_ws/install/xela_server_ros2/share/xela_server_ros2/environment/library_path.dsv
[33.050s] -- Installing: /workspace/LeapXELA_Hardware_ws/install/xela_server_ros2/lib/libxela_server_ros2__rosidl_generator_c.so
[33.050s] -- Set runtime path of "/workspace/LeapXELA_Hardware_ws/install/xela_server_ros2/lib/libxela_server_ros2__rosidl_generator_c.so" to ""
[33.050s] -- Up-to-date: /workspace/LeapXELA_Hardware_ws/install/xela_server_ros2/include/xela_server_ros2/xela_server_ros2
[33.050s] -- Up-to-date: /workspace/LeapXELA_Hardware_ws/install/xela_server_ros2/include/xela_server_ros2/xela_server_ros2/srv
[33.050s] -- Up-to-date: /workspace/LeapXELA_Hardware_ws/install/xela_server_ros2/include/xela_server_ros2/xela_server_ros2/srv/detail
[33.051s] -- Installing: /workspace/LeapXELA_Hardware_ws/install/xela_server_ros2/include/xela_server_ros2/xela_server_ros2/srv/detail/xela_sensor_stream__rosidl_typesupport_fastrtps_c.h
[33.051s] -- Up-to-date: /workspace/LeapXELA_Hardware_ws/install/xela_server_ros2/include/xela_server_ros2/xela_server_ros2/msg
[33.051s] -- Up-to-date: /workspace/LeapXELA_Hardware_ws/install/xela_server_ros2/include/xela_server_ros2/xela_server_ros2/msg/detail
[33.051s] -- Installing: /workspace/LeapXELA_Hardware_ws/install/xela_server_ros2/include/xela_server_ros2/xela_server_ros2/msg/detail/sens_stream__rosidl_typesupport_fastrtps_c.h
[33.051s] -- Installing: /workspace/LeapXELA_Hardware_ws/install/xela_server_ros2/include/xela_server_ros2/xela_server_ros2/msg/detail/taxel__rosidl_typesupport_fastrtps_c.h
[33.052s] -- Installing: /workspace/LeapXELA_Hardware_ws/install/xela_server_ros2/include/xela_server_ros2/xela_server_ros2/msg/detail/forces__rosidl_typesupport_fastrtps_c.h
[33.052s] -- Installing: /workspace/LeapXELA_Hardware_ws/install/xela_server_ros2/include/xela_server_ros2/xela_server_ros2/msg/detail/sensor_full__rosidl_typesupport_fastrtps_c.h
[33.052s] -- Installing: /workspace/LeapXELA_Hardware_ws/install/xela_server_ros2/include/xela_server_ros2/xela_server_ros2/msg/rosidl_typesupport_fastrtps_c__visibility_control.h
[33.052s] -- Installing: /workspace/LeapXELA_Hardware_ws/install/xela_server_ros2/lib/libxela_server_ros2__rosidl_typesupport_fastrtps_c.so
[33.052s] -- Set runtime path of "/workspace/LeapXELA_Hardware_ws/install/xela_server_ros2/lib/libxela_server_ros2__rosidl_typesupport_fastrtps_c.so" to ""
[33.053s] -- Up-to-date: /workspace/LeapXELA_Hardware_ws/install/xela_server_ros2/include/xela_server_ros2/xela_server_ros2
[33.053s] -- Up-to-date: /workspace/LeapXELA_Hardware_ws/install/xela_server_ros2/include/xela_server_ros2/xela_server_ros2/srv
[33.053s] -- Up-to-date: /workspace/LeapXELA_Hardware_ws/install/xela_server_ros2/include/xela_server_ros2/xela_server_ros2/srv/detail
[33.053s] -- Installing: /workspace/LeapXELA_Hardware_ws/install/xela_server_ros2/include/xela_server_ros2/xela_server_ros2/srv/detail/xela_sensor_stream__traits.hpp
[33.053s] -- Installing: /workspace/LeapXELA_Hardware_ws/install/xela_server_ros2/include/xela_server_ros2/xela_server_ros2/srv/detail/xela_sensor_stream__struct.hpp
[33.053s] -- Installing: /workspace/LeapXELA_Hardware_ws/install/xela_server_ros2/include/xela_server_ros2/xela_server_ros2/srv/detail/xela_sensor_stream__builder.hpp
[33.054s] -- Installing: /workspace/LeapXELA_Hardware_ws/install/xela_server_ros2/include/xela_server_ros2/xela_server_ros2/srv/detail/xela_sensor_stream__type_support.hpp
[33.054s] -- Installing: /workspace/LeapXELA_Hardware_ws/install/xela_server_ros2/include/xela_server_ros2/xela_server_ros2/srv/xela_sensor_stream.hpp
[33.054s] -- Up-to-date: /workspace/LeapXELA_Hardware_ws/install/xela_server_ros2/include/xela_server_ros2/xela_server_ros2/msg
[33.054s] -- Up-to-date: /workspace/LeapXELA_Hardware_ws/install/xela_server_ros2/include/xela_server_ros2/xela_server_ros2/msg/detail
[33.054s] -- Installing: /workspace/LeapXELA_Hardware_ws/install/xela_server_ros2/include/xela_server_ros2/xela_server_ros2/msg/detail/forces__type_support.hpp
[33.055s] -- Installing: /workspace/LeapXELA_Hardware_ws/install/xela_server_ros2/include/xela_server_ros2/xela_server_ros2/msg/detail/forces__struct.hpp
[33.055s] -- Installing: /workspace/LeapXELA_Hardware_ws/install/xela_server_ros2/include/xela_server_ros2/xela_server_ros2/msg/detail/sensor_full__type_support.hpp
[33.055s] -- Installing: /workspace/LeapXELA_Hardware_ws/install/xela_server_ros2/include/xela_server_ros2/xela_server_ros2/msg/detail/taxel__struct.hpp
[33.055s] -- Installing: /workspace/LeapXELA_Hardware_ws/install/xela_server_ros2/include/xela_server_ros2/xela_server_ros2/msg/detail/sens_stream__builder.hpp
[33.055s] -- Installing: /workspace/LeapXELA_Hardware_ws/install/xela_server_ros2/include/xela_server_ros2/xela_server_ros2/msg/detail/taxel__builder.hpp
[33.055s] -- Installing: /workspace/LeapXELA_Hardware_ws/install/xela_server_ros2/include/xela_server_ros2/xela_server_ros2/msg/detail/sens_stream__traits.hpp
[33.055s] -- Installing: /workspace/LeapXELA_Hardware_ws/install/xela_server_ros2/include/xela_server_ros2/xela_server_ros2/msg/detail/forces__builder.hpp
[33.056s] -- Installing: /workspace/LeapXELA_Hardware_ws/install/xela_server_ros2/include/xela_server_ros2/xela_server_ros2/msg/detail/sensor_full__struct.hpp
[33.056s] -- Installing: /workspace/LeapXELA_Hardware_ws/install/xela_server_ros2/include/xela_server_ros2/xela_server_ros2/msg/detail/sensor_full__traits.hpp
[33.056s] -- Installing: /workspace/LeapXELA_Hardware_ws/install/xela_server_ros2/include/xela_server_ros2/xela_server_ros2/msg/detail/forces__traits.hpp
[33.056s] -- Installing: /workspace/LeapXELA_Hardware_ws/install/xela_server_ros2/include/xela_server_ros2/xela_server_ros2/msg/detail/taxel__traits.hpp
[33.056s] -- Installing: /workspace/LeapXELA_Hardware_ws/install/xela_server_ros2/include/xela_server_ros2/xela_server_ros2/msg/detail/sens_stream__struct.hpp
[33.057s] -- Installing: /workspace/LeapXELA_Hardware_ws/install/xela_server_ros2/include/xela_server_ros2/xela_server_ros2/msg/detail/taxel__type_support.hpp
[33.057s] -- Installing: /workspace/LeapXELA_Hardware_ws/install/xela_server_ros2/include/xela_server_ros2/xela_server_ros2/msg/detail/sens_stream__type_support.hpp
[33.057s] -- Installing: /workspace/LeapXELA_Hardware_ws/install/xela_server_ros2/include/xela_server_ros2/xela_server_ros2/msg/detail/sensor_full__builder.hpp
[33.057s] -- Installing: /workspace/LeapXELA_Hardware_ws/install/xela_server_ros2/include/xela_server_ros2/xela_server_ros2/msg/forces.hpp
[33.057s] -- Installing: /workspace/LeapXELA_Hardware_ws/install/xela_server_ros2/include/xela_server_ros2/xela_server_ros2/msg/sensor_full.hpp
[33.057s] -- Installing: /workspace/LeapXELA_Hardware_ws/install/xela_server_ros2/include/xela_server_ros2/xela_server_ros2/msg/rosidl_generator_cpp__visibility_control.hpp
[33.058s] -- Installing: /workspace/LeapXELA_Hardware_ws/install/xela_server_ros2/include/xela_server_ros2/xela_server_ros2/msg/taxel.hpp
[33.058s] -- Installing: /workspace/LeapXELA_Hardware_ws/install/xela_server_ros2/include/xela_server_ros2/xela_server_ros2/msg/sens_stream.hpp
[33.058s] -- Up-to-date: /workspace/LeapXELA_Hardware_ws/install/xela_server_ros2/include/xela_server_ros2/xela_server_ros2
[33.058s] -- Up-to-date: /workspace/LeapXELA_Hardware_ws/install/xela_server_ros2/include/xela_server_ros2/xela_server_ros2/srv
[33.058s] -- Up-to-date: /workspace/LeapXELA_Hardware_ws/install/xela_server_ros2/include/xela_server_ros2/xela_server_ros2/srv/detail
[33.058s] -- Installing: /workspace/LeapXELA_Hardware_ws/install/xela_server_ros2/include/xela_server_ros2/xela_server_ros2/srv/detail/xela_sensor_stream__rosidl_typesupport_fastrtps_cpp.hpp
[33.059s] -- Installing: /workspace/LeapXELA_Hardware_ws/install/xela_server_ros2/include/xela_server_ros2/xela_server_ros2/srv/detail/dds_fastrtps
[33.059s] -- Up-to-date: /workspace/LeapXELA_Hardware_ws/install/xela_server_ros2/include/xela_server_ros2/xela_server_ros2/msg
[33.059s] -- Up-to-date: /workspace/LeapXELA_Hardware_ws/install/xela_server_ros2/include/xela_server_ros2/xela_server_ros2/msg/detail
[33.059s] -- Installing: /workspace/LeapXELA_Hardware_ws/install/xela_server_ros2/include/xela_server_ros2/xela_server_ros2/msg/detail/sens_stream__rosidl_typesupport_fastrtps_cpp.hpp
[33.059s] -- Installing: /workspace/LeapXELA_Hardware_ws/install/xela_server_ros2/include/xela_server_ros2/xela_server_ros2/msg/detail/sensor_full__rosidl_typesupport_fastrtps_cpp.hpp
[33.059s] -- Installing: /workspace/LeapXELA_Hardware_ws/install/xela_server_ros2/include/xela_server_ros2/xela_server_ros2/msg/detail/forces__rosidl_typesupport_fastrtps_cpp.hpp
[33.060s] -- Installing: /workspace/LeapXELA_Hardware_ws/install/xela_server_ros2/include/xela_server_ros2/xela_server_ros2/msg/detail/taxel__rosidl_typesupport_fastrtps_cpp.hpp
[33.060s] -- Installing: /workspace/LeapXELA_Hardware_ws/install/xela_server_ros2/include/xela_server_ros2/xela_server_ros2/msg/detail/dds_fastrtps
[33.060s] -- Installing: /workspace/LeapXELA_Hardware_ws/install/xela_server_ros2/include/xela_server_ros2/xela_server_ros2/msg/rosidl_typesupport_fastrtps_cpp__visibility_control.h
[33.060s] -- Installing: /workspace/LeapXELA_Hardware_ws/install/xela_server_ros2/lib/libxela_server_ros2__rosidl_typesupport_fastrtps_cpp.so
[33.060s] -- Set runtime path of "/workspace/LeapXELA_Hardware_ws/install/xela_server_ros2/lib/libxela_server_ros2__rosidl_typesupport_fastrtps_cpp.so" to ""
[33.060s] -- Up-to-date: /workspace/LeapXELA_Hardware_ws/install/xela_server_ros2/include/xela_server_ros2/xela_server_ros2
[33.061s] -- Up-to-date: /workspace/LeapXELA_Hardware_ws/install/xela_server_ros2/include/xela_server_ros2/xela_server_ros2/srv
[33.061s] -- Up-to-date: /workspace/LeapXELA_Hardware_ws/install/xela_server_ros2/include/xela_server_ros2/xela_server_ros2/srv/detail
[33.061s] -- Installing: /workspace/LeapXELA_Hardware_ws/install/xela_server_ros2/include/xela_server_ros2/xela_server_ros2/srv/detail/xela_sensor_stream__type_support.c
[33.061s] -- Installing: /workspace/LeapXELA_Hardware_ws/install/xela_server_ros2/include/xela_server_ros2/xela_server_ros2/srv/detail/xela_sensor_stream__rosidl_typesupport_introspection_c.h
[33.061s] -- Up-to-date: /workspace/LeapXELA_Hardware_ws/install/xela_server_ros2/include/xela_server_ros2/xela_server_ros2/msg
[33.061s] -- Up-to-date: /workspace/LeapXELA_Hardware_ws/install/xela_server_ros2/include/xela_server_ros2/xela_server_ros2/msg/detail
[33.062s] -- Installing: /workspace/LeapXELA_Hardware_ws/install/xela_server_ros2/include/xela_server_ros2/xela_server_ros2/msg/detail/taxel__rosidl_typesupport_introspection_c.h
[33.062s] -- Installing: /workspace/LeapXELA_Hardware_ws/install/xela_server_ros2/include/xela_server_ros2/xela_server_ros2/msg/detail/sensor_full__rosidl_typesupport_introspection_c.h
[33.062s] -- Installing: /workspace/LeapXELA_Hardware_ws/install/xela_server_ros2/include/xela_server_ros2/xela_server_ros2/msg/detail/sens_stream__rosidl_typesupport_introspection_c.h
[33.062s] -- Installing: /workspace/LeapXELA_Hardware_ws/install/xela_server_ros2/include/xela_server_ros2/xela_server_ros2/msg/detail/forces__type_support.c
[33.062s] -- Installing: /workspace/LeapXELA_Hardware_ws/install/xela_server_ros2/include/xela_server_ros2/xela_server_ros2/msg/detail/forces__rosidl_typesupport_introspection_c.h
[33.063s] -- Installing: /workspace/LeapXELA_Hardware_ws/install/xela_server_ros2/include/xela_server_ros2/xela_server_ros2/msg/detail/sensor_full__type_support.c
[33.063s] -- Installing: /workspace/LeapXELA_Hardware_ws/install/xela_server_ros2/include/xela_server_ros2/xela_server_ros2/msg/detail/sens_stream__type_support.c
[33.063s] -- Installing: /workspace/LeapXELA_Hardware_ws/install/xela_server_ros2/include/xela_server_ros2/xela_server_ros2/msg/detail/taxel__type_support.c
[33.063s] -- Installing: /workspace/LeapXELA_Hardware_ws/install/xela_server_ros2/include/xela_server_ros2/xela_server_ros2/msg/rosidl_typesupport_introspection_c__visibility_control.h
[33.063s] -- Installing: /workspace/LeapXELA_Hardware_ws/install/xela_server_ros2/lib/libxela_server_ros2__rosidl_typesupport_introspection_c.so
[33.063s] -- Set runtime path of "/workspace/LeapXELA_Hardware_ws/install/xela_server_ros2/lib/libxela_server_ros2__rosidl_typesupport_introspection_c.so" to ""
[33.064s] -- Installing: /workspace/LeapXELA_Hardware_ws/install/xela_server_ros2/lib/libxela_server_ros2__rosidl_typesupport_c.so
[33.064s] -- Set runtime path of "/workspace/LeapXELA_Hardware_ws/install/xela_server_ros2/lib/libxela_server_ros2__rosidl_typesupport_c.so" to ""
[33.064s] -- Up-to-date: /workspace/LeapXELA_Hardware_ws/install/xela_server_ros2/include/xela_server_ros2/xela_server_ros2
[33.064s] -- Up-to-date: /workspace/LeapXELA_Hardware_ws/install/xela_server_ros2/include/xela_server_ros2/xela_server_ros2/srv
[33.064s] -- Up-to-date: /workspace/LeapXELA_Hardware_ws/install/xela_server_ros2/include/xela_server_ros2/xela_server_ros2/srv/detail
[33.065s] -- Installing: /workspace/LeapXELA_Hardware_ws/install/xela_server_ros2/include/xela_server_ros2/xela_server_ros2/srv/detail/xela_sensor_stream__type_support.cpp
[33.065s] -- Installing: /workspace/LeapXELA_Hardware_ws/install/xela_server_ros2/include/xela_server_ros2/xela_server_ros2/srv/detail/xela_sensor_stream__rosidl_typesupport_introspection_cpp.hpp
[33.065s] -- Up-to-date: /workspace/LeapXELA_Hardware_ws/install/xela_server_ros2/include/xela_server_ros2/xela_server_ros2/msg
[33.065s] -- Up-to-date: /workspace/LeapXELA_Hardware_ws/install/xela_server_ros2/include/xela_server_ros2/xela_server_ros2/msg/detail
[33.065s] -- Installing: /workspace/LeapXELA_Hardware_ws/install/xela_server_ros2/include/xela_server_ros2/xela_server_ros2/msg/detail/taxel__type_support.cpp
[33.065s] -- Installing: /workspace/LeapXELA_Hardware_ws/install/xela_server_ros2/include/xela_server_ros2/xela_server_ros2/msg/detail/sens_stream__rosidl_typesupport_introspection_cpp.hpp
[33.065s] -- Installing: /workspace/LeapXELA_Hardware_ws/install/xela_server_ros2/include/xela_server_ros2/xela_server_ros2/msg/detail/sensor_full__rosidl_typesupport_introspection_cpp.hpp
[33.066s] -- Installing: /workspace/LeapXELA_Hardware_ws/install/xela_server_ros2/include/xela_server_ros2/xela_server_ros2/msg/detail/taxel__rosidl_typesupport_introspection_cpp.hpp
[33.066s] -- Installing: /workspace/LeapXELA_Hardware_ws/install/xela_server_ros2/include/xela_server_ros2/xela_server_ros2/msg/detail/forces__rosidl_typesupport_introspection_cpp.hpp
[33.066s] -- Installing: /workspace/LeapXELA_Hardware_ws/install/xela_server_ros2/include/xela_server_ros2/xela_server_ros2/msg/detail/sensor_full__type_support.cpp
[33.066s] -- Installing: /workspace/LeapXELA_Hardware_ws/install/xela_server_ros2/include/xela_server_ros2/xela_server_ros2/msg/detail/forces__type_support.cpp
[33.066s] -- Installing: /workspace/LeapXELA_Hardware_ws/install/xela_server_ros2/include/xela_server_ros2/xela_server_ros2/msg/detail/sens_stream__type_support.cpp
[33.066s] -- Installing: /workspace/LeapXELA_Hardware_ws/install/xela_server_ros2/lib/libxela_server_ros2__rosidl_typesupport_introspection_cpp.so
[33.066s] -- Set runtime path of "/workspace/LeapXELA_Hardware_ws/install/xela_server_ros2/lib/libxela_server_ros2__rosidl_typesupport_introspection_cpp.so" to ""
[33.067s] -- Installing: /workspace/LeapXELA_Hardware_ws/install/xela_server_ros2/lib/libxela_server_ros2__rosidl_typesupport_cpp.so
[33.067s] -- Set runtime path of "/workspace/LeapXELA_Hardware_ws/install/xela_server_ros2/lib/libxela_server_ros2__rosidl_typesupport_cpp.so" to ""
[33.067s] -- Installing: /workspace/LeapXELA_Hardware_ws/install/xela_server_ros2/share/xela_server_ros2/environment/pythonpath.sh
[33.067s] -- Installing: /workspace/LeapXELA_Hardware_ws/install/xela_server_ros2/share/xela_server_ros2/environment/pythonpath.dsv
[33.067s] -- Installing: /workspace/LeapXELA_Hardware_ws/install/xela_server_ros2/local/lib/python3.10/dist-packages/xela_server_ros2-1.5.0-py3.10.egg-info
[33.067s] -- Installing: /workspace/LeapXELA_Hardware_ws/install/xela_server_ros2/local/lib/python3.10/dist-packages/xela_server_ros2-1.5.0-py3.10.egg-info/dependency_links.txt
[33.067s] -- Installing: /workspace/LeapXELA_Hardware_ws/install/xela_server_ros2/local/lib/python3.10/dist-packages/xela_server_ros2-1.5.0-py3.10.egg-info/SOURCES.txt
[33.068s] -- Installing: /workspace/LeapXELA_Hardware_ws/install/xela_server_ros2/local/lib/python3.10/dist-packages/xela_server_ros2-1.5.0-py3.10.egg-info/PKG-INFO
[33.068s] -- Installing: /workspace/LeapXELA_Hardware_ws/install/xela_server_ros2/local/lib/python3.10/dist-packages/xela_server_ros2-1.5.0-py3.10.egg-info/top_level.txt
[33.068s] -- Installing: /workspace/LeapXELA_Hardware_ws/install/xela_server_ros2/local/lib/python3.10/dist-packages/xela_server_ros2
[33.068s] -- Installing: /workspace/LeapXELA_Hardware_ws/install/xela_server_ros2/local/lib/python3.10/dist-packages/xela_server_ros2/__init__.py
[33.068s] -- Installing: /workspace/LeapXELA_Hardware_ws/install/xela_server_ros2/local/lib/python3.10/dist-packages/xela_server_ros2/_xela_server_ros2_s.ep.rosidl_typesupport_c.c
[33.068s] -- Installing: /workspace/LeapXELA_Hardware_ws/install/xela_server_ros2/local/lib/python3.10/dist-packages/xela_server_ros2/xela_server_ros2_s__rosidl_typesupport_c.cpython-310-x86_64-linux-gnu.so
[33.068s] -- Installing: /workspace/LeapXELA_Hardware_ws/install/xela_server_ros2/local/lib/python3.10/dist-packages/xela_server_ros2/xela_server_ros2_s__rosidl_typesupport_fastrtps_c.cpython-310-x86_64-linux-gnu.so
[33.069s] -- Installing: /workspace/LeapXELA_Hardware_ws/install/xela_server_ros2/local/lib/python3.10/dist-packages/xela_server_ros2/_xela_server_ros2_s.ep.rosidl_typesupport_introspection_c.c
[33.069s] -- Installing: /workspace/LeapXELA_Hardware_ws/install/xela_server_ros2/local/lib/python3.10/dist-packages/xela_server_ros2/libxela_server_ros2__rosidl_generator_py.so
[33.069s] -- Installing: /workspace/LeapXELA_Hardware_ws/install/xela_server_ros2/local/lib/python3.10/dist-packages/xela_server_ros2/_xela_server_ros2_s.ep.rosidl_typesupport_fastrtps_c.c
[33.069s] -- Installing: /workspace/LeapXELA_Hardware_ws/install/xela_server_ros2/local/lib/python3.10/dist-packages/xela_server_ros2/srv
[33.069s] -- Installing: /workspace/LeapXELA_Hardware_ws/install/xela_server_ros2/local/lib/python3.10/dist-packages/xela_server_ros2/srv/__init__.py
[33.069s] -- Installing: /workspace/LeapXELA_Hardware_ws/install/xela_server_ros2/local/lib/python3.10/dist-packages/xela_server_ros2/srv/_xela_sensor_stream_s.c
[33.070s] -- Installing: /workspace/LeapXELA_Hardware_ws/install/xela_server_ros2/local/lib/python3.10/dist-packages/xela_server_ros2/srv/_xela_sensor_stream.py
[33.070s] -- Installing: /workspace/LeapXELA_Hardware_ws/install/xela_server_ros2/local/lib/python3.10/dist-packages/xela_server_ros2/xela_server_ros2_s__rosidl_typesupport_introspection_c.cpython-310-x86_64-linux-gnu.so
[33.070s] -- Installing: /workspace/LeapXELA_Hardware_ws/install/xela_server_ros2/local/lib/python3.10/dist-packages/xela_server_ros2/msg
[33.070s] -- Installing: /workspace/LeapXELA_Hardware_ws/install/xela_server_ros2/local/lib/python3.10/dist-packages/xela_server_ros2/msg/_taxel_s.c
[33.070s] -- Installing: /workspace/LeapXELA_Hardware_ws/install/xela_server_ros2/local/lib/python3.10/dist-packages/xela_server_ros2/msg/__init__.py
[33.070s] -- Installing: /workspace/LeapXELA_Hardware_ws/install/xela_server_ros2/local/lib/python3.10/dist-packages/xela_server_ros2/msg/_sens_stream.py
[33.071s] -- Installing: /workspace/LeapXELA_Hardware_ws/install/xela_server_ros2/local/lib/python3.10/dist-packages/xela_server_ros2/msg/_forces.py
[33.071s] -- Installing: /workspace/LeapXELA_Hardware_ws/install/xela_server_ros2/local/lib/python3.10/dist-packages/xela_server_ros2/msg/_sensor_full_s.c
[33.071s] -- Installing: /workspace/LeapXELA_Hardware_ws/install/xela_server_ros2/local/lib/python3.10/dist-packages/xela_server_ros2/msg/_sens_stream_s.c
[33.071s] -- Installing: /workspace/LeapXELA_Hardware_ws/install/xela_server_ros2/local/lib/python3.10/dist-packages/xela_server_ros2/msg/_sensor_full.py
[33.071s] -- Installing: /workspace/LeapXELA_Hardware_ws/install/xela_server_ros2/local/lib/python3.10/dist-packages/xela_server_ros2/msg/_forces_s.c
[33.071s] -- Installing: /workspace/LeapXELA_Hardware_ws/install/xela_server_ros2/local/lib/python3.10/dist-packages/xela_server_ros2/msg/_taxel.py
[33.136s] Listing '/workspace/LeapXELA_Hardware_ws/install/xela_server_ros2/local/lib/python3.10/dist-packages/xela_server_ros2'...
[33.136s] Compiling '/workspace/LeapXELA_Hardware_ws/install/xela_server_ros2/local/lib/python3.10/dist-packages/xela_server_ros2/__init__.py'...
[33.136s] Listing '/workspace/LeapXELA_Hardware_ws/install/xela_server_ros2/local/lib/python3.10/dist-packages/xela_server_ros2/msg'...
[33.136s] Compiling '/workspace/LeapXELA_Hardware_ws/install/xela_server_ros2/local/lib/python3.10/dist-packages/xela_server_ros2/msg/__init__.py'...
[33.136s] Compiling '/workspace/LeapXELA_Hardware_ws/install/xela_server_ros2/local/lib/python3.10/dist-packages/xela_server_ros2/msg/_forces.py'...
[33.137s] Compiling '/workspace/LeapXELA_Hardware_ws/install/xela_server_ros2/local/lib/python3.10/dist-packages/xela_server_ros2/msg/_sens_stream.py'...
[33.137s] Compiling '/workspace/LeapXELA_Hardware_ws/install/xela_server_ros2/local/lib/python3.10/dist-packages/xela_server_ros2/msg/_sensor_full.py'...
[33.137s] Compiling '/workspace/LeapXELA_Hardware_ws/install/xela_server_ros2/local/lib/python3.10/dist-packages/xela_server_ros2/msg/_taxel.py'...
[33.137s] Listing '/workspace/LeapXELA_Hardware_ws/install/xela_server_ros2/local/lib/python3.10/dist-packages/xela_server_ros2/srv'...
[33.137s] Compiling '/workspace/LeapXELA_Hardware_ws/install/xela_server_ros2/local/lib/python3.10/dist-packages/xela_server_ros2/srv/__init__.py'...
[33.137s] Compiling '/workspace/LeapXELA_Hardware_ws/install/xela_server_ros2/local/lib/python3.10/dist-packages/xela_server_ros2/srv/_xela_sensor_stream.py'...
[33.143s] -- Installing: /workspace/LeapXELA_Hardware_ws/install/xela_server_ros2/local/lib/python3.10/dist-packages/xela_server_ros2/xela_server_ros2_s__rosidl_typesupport_fastrtps_c.cpython-310-x86_64-linux-gnu.so
[33.144s] -- Set runtime path of "/workspace/LeapXELA_Hardware_ws/install/xela_server_ros2/local/lib/python3.10/dist-packages/xela_server_ros2/xela_server_ros2_s__rosidl_typesupport_fastrtps_c.cpython-310-x86_64-linux-gnu.so" to ""
[33.144s] -- Installing: /workspace/LeapXELA_Hardware_ws/install/xela_server_ros2/local/lib/python3.10/dist-packages/xela_server_ros2/xela_server_ros2_s__rosidl_typesupport_introspection_c.cpython-310-x86_64-linux-gnu.so
[33.144s] -- Set runtime path of "/workspace/LeapXELA_Hardware_ws/install/xela_server_ros2/local/lib/python3.10/dist-packages/xela_server_ros2/xela_server_ros2_s__rosidl_typesupport_introspection_c.cpython-310-x86_64-linux-gnu.so" to ""
[33.145s] -- Installing: /workspace/LeapXELA_Hardware_ws/install/xela_server_ros2/local/lib/python3.10/dist-packages/xela_server_ros2/xela_server_ros2_s__rosidl_typesupport_c.cpython-310-x86_64-linux-gnu.so
[33.145s] -- Set runtime path of "/workspace/LeapXELA_Hardware_ws/install/xela_server_ros2/local/lib/python3.10/dist-packages/xela_server_ros2/xela_server_ros2_s__rosidl_typesupport_c.cpython-310-x86_64-linux-gnu.so" to ""
[33.145s] -- Installing: /workspace/LeapXELA_Hardware_ws/install/xela_server_ros2/lib/libxela_server_ros2__rosidl_generator_py.so
[33.145s] -- Set runtime path of "/workspace/LeapXELA_Hardware_ws/install/xela_server_ros2/lib/libxela_server_ros2__rosidl_generator_py.so" to ""
[33.146s] -- Installing: /workspace/LeapXELA_Hardware_ws/install/xela_server_ros2/share/ament_index/resource_index/rust_packages/xela_server_ros2
[33.146s] -- Installing: /workspace/LeapXELA_Hardware_ws/install/xela_server_ros2/share/xela_server_ros2/rust
[33.146s] -- Installing: /workspace/LeapXELA_Hardware_ws/install/xela_server_ros2/share/xela_server_ros2/rust/Cargo.toml
[33.146s] -- Installing: /workspace/LeapXELA_Hardware_ws/install/xela_server_ros2/share/xela_server_ros2/rust/src
[33.146s] -- Installing: /workspace/LeapXELA_Hardware_ws/install/xela_server_ros2/share/xela_server_ros2/rust/src/lib.rs
[33.147s] -- Installing: /workspace/LeapXELA_Hardware_ws/install/xela_server_ros2/share/xela_server_ros2/rust/src/msg.rs
[33.147s] -- Installing: /workspace/LeapXELA_Hardware_ws/install/xela_server_ros2/share/xela_server_ros2/rust/src/srv
[33.147s] -- Installing: /workspace/LeapXELA_Hardware_ws/install/xela_server_ros2/share/xela_server_ros2/rust/src/srv/rmw.rs
[33.147s] -- Installing: /workspace/LeapXELA_Hardware_ws/install/xela_server_ros2/share/xela_server_ros2/rust/src/msg
[33.147s] -- Installing: /workspace/LeapXELA_Hardware_ws/install/xela_server_ros2/share/xela_server_ros2/rust/src/msg/rmw.rs
[33.148s] -- Installing: /workspace/LeapXELA_Hardware_ws/install/xela_server_ros2/share/xela_server_ros2/rust/src/srv.rs
[33.148s] -- Installing: /workspace/LeapXELA_Hardware_ws/install/xela_server_ros2/share/xela_server_ros2/rust/build.rs
[33.148s] -- Installing: /workspace/LeapXELA_Hardware_ws/install/xela_server_ros2/share/xela_server_ros2/msg/SensorFull.idl
[33.148s] -- Installing: /workspace/LeapXELA_Hardware_ws/install/xela_server_ros2/share/xela_server_ros2/msg/SensStream.idl
[33.148s] -- Installing: /workspace/LeapXELA_Hardware_ws/install/xela_server_ros2/share/xela_server_ros2/msg/Taxel.idl
[33.148s] -- Installing: /workspace/LeapXELA_Hardware_ws/install/xela_server_ros2/share/xela_server_ros2/msg/Forces.idl
[33.149s] -- Installing: /workspace/LeapXELA_Hardware_ws/install/xela_server_ros2/share/xela_server_ros2/srv/XelaSensorStream.idl
[33.149s] -- Installing: /workspace/LeapXELA_Hardware_ws/install/xela_server_ros2/share/xela_server_ros2/msg/SensorFull.msg
[33.149s] -- Installing: /workspace/LeapXELA_Hardware_ws/install/xela_server_ros2/share/xela_server_ros2/msg/SensStream.msg
[33.149s] -- Installing: /workspace/LeapXELA_Hardware_ws/install/xela_server_ros2/share/xela_server_ros2/msg/Taxel.msg
[33.149s] -- Installing: /workspace/LeapXELA_Hardware_ws/install/xela_server_ros2/share/xela_server_ros2/msg/Forces.msg
[33.150s] -- Installing: /workspace/LeapXELA_Hardware_ws/install/xela_server_ros2/share/xela_server_ros2/srv/XelaSensorStream.srv
[33.150s] -- Installing: /workspace/LeapXELA_Hardware_ws/install/xela_server_ros2/share/xela_server_ros2/srv/XelaSensorStream_Request.msg
[33.150s] -- Installing: /workspace/LeapXELA_Hardware_ws/install/xela_server_ros2/share/xela_server_ros2/srv/XelaSensorStream_Response.msg
[33.150s] -- Installing: /workspace/LeapXELA_Hardware_ws/install/xela_server_ros2/lib/xela_server_ros2/xela_server
[33.150s] -- Installing: /workspace/LeapXELA_Hardware_ws/install/xela_server_ros2/lib/xela_server_ros2/xela_service
[33.150s] -- Up-to-date: /workspace/LeapXELA_Hardware_ws/install/xela_server_ros2/share/xela_server_ros2
[33.151s] -- Installing: /workspace/LeapXELA_Hardware_ws/install/xela_server_ros2/share/xela_server_ros2/service.launch
[33.151s] -- Installing: /workspace/LeapXELA_Hardware_ws/install/xela_server_ros2/share/ament_index/resource_index/package_run_dependencies/xela_server_ros2
[33.151s] -- Installing: /workspace/LeapXELA_Hardware_ws/install/xela_server_ros2/share/ament_index/resource_index/parent_prefix_path/xela_server_ros2
[33.151s] -- Installing: /workspace/LeapXELA_Hardware_ws/install/xela_server_ros2/share/xela_server_ros2/environment/ament_prefix_path.sh
[33.151s] -- Installing: /workspace/LeapXELA_Hardware_ws/install/xela_server_ros2/share/xela_server_ros2/environment/ament_prefix_path.dsv
[33.151s] -- Installing: /workspace/LeapXELA_Hardware_ws/install/xela_server_ros2/share/xela_server_ros2/environment/path.sh
[33.152s] -- Installing: /workspace/LeapXELA_Hardware_ws/install/xela_server_ros2/share/xela_server_ros2/environment/path.dsv
[33.152s] -- Installing: /workspace/LeapXELA_Hardware_ws/install/xela_server_ros2/share/xela_server_ros2/local_setup.bash
[33.152s] -- Installing: /workspace/LeapXELA_Hardware_ws/install/xela_server_ros2/share/xela_server_ros2/local_setup.sh
[33.152s] -- Installing: /workspace/LeapXELA_Hardware_ws/install/xela_server_ros2/share/xela_server_ros2/local_setup.zsh
[33.152s] -- Installing: /workspace/LeapXELA_Hardware_ws/install/xela_server_ros2/share/xela_server_ros2/local_setup.dsv
[33.153s] -- Installing: /workspace/LeapXELA_Hardware_ws/install/xela_server_ros2/share/xela_server_ros2/package.dsv
[33.153s] -- Installing: /workspace/LeapXELA_Hardware_ws/install/xela_server_ros2/share/ament_index/resource_index/packages/xela_server_ros2
[33.153s] -- Installing: /workspace/LeapXELA_Hardware_ws/install/xela_server_ros2/share/xela_server_ros2/cmake/export_xela_server_ros2__rosidl_generator_cExport.cmake
[33.153s] -- Installing: /workspace/LeapXELA_Hardware_ws/install/xela_server_ros2/share/xela_server_ros2/cmake/export_xela_server_ros2__rosidl_generator_cExport-noconfig.cmake
[33.153s] -- Installing: /workspace/LeapXELA_Hardware_ws/install/xela_server_ros2/share/xela_server_ros2/cmake/export_xela_server_ros2__rosidl_typesupport_fastrtps_cExport.cmake
[33.153s] -- Installing: /workspace/LeapXELA_Hardware_ws/install/xela_server_ros2/share/xela_server_ros2/cmake/export_xela_server_ros2__rosidl_typesupport_fastrtps_cExport-noconfig.cmake
[33.154s] -- Installing: /workspace/LeapXELA_Hardware_ws/install/xela_server_ros2/share/xela_server_ros2/cmake/export_xela_server_ros2__rosidl_generator_cppExport.cmake
[33.154s] -- Installing: /workspace/LeapXELA_Hardware_ws/install/xela_server_ros2/share/xela_server_ros2/cmake/export_xela_server_ros2__rosidl_typesupport_fastrtps_cppExport.cmake
[33.154s] -- Installing: /workspace/LeapXELA_Hardware_ws/install/xela_server_ros2/share/xela_server_ros2/cmake/export_xela_server_ros2__rosidl_typesupport_fastrtps_cppExport-noconfig.cmake
[33.154s] -- Installing: /workspace/LeapXELA_Hardware_ws/install/xela_server_ros2/share/xela_server_ros2/cmake/xela_server_ros2__rosidl_typesupport_introspection_cExport.cmake
[33.154s] -- Installing: /workspace/LeapXELA_Hardware_ws/install/xela_server_ros2/share/xela_server_ros2/cmake/xela_server_ros2__rosidl_typesupport_introspection_cExport-noconfig.cmake
[33.155s] -- Installing: /workspace/LeapXELA_Hardware_ws/install/xela_server_ros2/share/xela_server_ros2/cmake/xela_server_ros2__rosidl_typesupport_cExport.cmake
[33.155s] -- Installing: /workspace/LeapXELA_Hardware_ws/install/xela_server_ros2/share/xela_server_ros2/cmake/xela_server_ros2__rosidl_typesupport_cExport-noconfig.cmake
[33.155s] -- Installing: /workspace/LeapXELA_Hardware_ws/install/xela_server_ros2/share/xela_server_ros2/cmake/xela_server_ros2__rosidl_typesupport_introspection_cppExport.cmake
[33.155s] -- Installing: /workspace/LeapXELA_Hardware_ws/install/xela_server_ros2/share/xela_server_ros2/cmake/xela_server_ros2__rosidl_typesupport_introspection_cppExport-noconfig.cmake
[33.155s] -- Installing: /workspace/LeapXELA_Hardware_ws/install/xela_server_ros2/share/xela_server_ros2/cmake/xela_server_ros2__rosidl_typesupport_cppExport.cmake
[33.156s] -- Installing: /workspace/LeapXELA_Hardware_ws/install/xela_server_ros2/share/xela_server_ros2/cmake/xela_server_ros2__rosidl_typesupport_cppExport-noconfig.cmake
[33.156s] -- Installing: /workspace/LeapXELA_Hardware_ws/install/xela_server_ros2/share/xela_server_ros2/cmake/export_xela_server_ros2__rosidl_generator_pyExport.cmake
[33.156s] -- Installing: /workspace/LeapXELA_Hardware_ws/install/xela_server_ros2/share/xela_server_ros2/cmake/export_xela_server_ros2__rosidl_generator_pyExport-noconfig.cmake
[33.156s] -- Installing: /workspace/LeapXELA_Hardware_ws/install/xela_server_ros2/share/xela_server_ros2/cmake/rosidl_cmake-extras.cmake
[33.156s] -- Installing: /workspace/LeapXELA_Hardware_ws/install/xela_server_ros2/share/xela_server_ros2/cmake/ament_cmake_export_dependencies-extras.cmake
[33.156s] -- Installing: /workspace/LeapXELA_Hardware_ws/install/xela_server_ros2/share/xela_server_ros2/cmake/ament_cmake_export_include_directories-extras.cmake
[33.157s] -- Installing: /workspace/LeapXELA_Hardware_ws/install/xela_server_ros2/share/xela_server_ros2/cmake/ament_cmake_export_libraries-extras.cmake
[33.157s] -- Installing: /workspace/LeapXELA_Hardware_ws/install/xela_server_ros2/share/xela_server_ros2/cmake/ament_cmake_export_targets-extras.cmake
[33.157s] -- Installing: /workspace/LeapXELA_Hardware_ws/install/xela_server_ros2/share/xela_server_ros2/cmake/rosidl_cmake_export_typesupport_targets-extras.cmake
[33.157s] -- Installing: /workspace/LeapXELA_Hardware_ws/install/xela_server_ros2/share/xela_server_ros2/cmake/rosidl_cmake_export_typesupport_libraries-extras.cmake
[33.157s] -- Installing: /workspace/LeapXELA_Hardware_ws/install/xela_server_ros2/share/xela_server_ros2/cmake/xela_server_ros2Config.cmake
[33.157s] -- Installing: /workspace/LeapXELA_Hardware_ws/install/xela_server_ros2/share/xela_server_ros2/cmake/xela_server_ros2Config-version.cmake
[33.158s] -- Installing: /workspace/LeapXELA_Hardware_ws/install/xela_server_ros2/share/xela_server_ros2/package.xml
[33.161s] Invoked command in '/workspace/LeapXELA_Hardware_ws/build/xela_server_ros2' returned '0': CMAKE_PREFIX_PATH=/opt/ros/humble /usr/bin/cmake --install /workspace/LeapXELA_Hardware_ws/build/xela_server_ros2
