/workspace/LeapXELA_Hardware_ws/install/xela_description/lib/python3.10/site-packages/mjcf/__init__.py
/workspace/LeapXELA_Hardware_ws/install/xela_description/lib/python3.10/site-packages/mjcf/add_touch_point_cloud_to_model.py
/workspace/LeapXELA_Hardware_ws/install/xela_description/lib/python3.10/site-packages/mjcf/visulize_mjcf.py
/workspace/LeapXELA_Hardware_ws/install/xela_description/lib/python3.10/site-packages/mjcf/leap_taxel_map.py
/workspace/LeapXELA_Hardware_ws/install/xela_description/lib/python3.10/site-packages/urdf/__init__.py
/workspace/LeapXELA_Hardware_ws/install/xela_description/lib/python3.10/site-packages/urdf/visulize_hand_node.py
/workspace/LeapXELA_Hardware_ws/install/xela_description/lib/python3.10/site-packages/urdf/visulize_node.py
/workspace/LeapXELA_Hardware_ws/install/xela_description/lib/python3.10/site-packages/urdf/list_to_string.py
/workspace/LeapXELA_Hardware_ws/install/xela_description/lib/python3.10/site-packages/urdf/finger.py
/workspace/LeapXELA_Hardware_ws/install/xela_description/lib/python3.10/site-packages/urdf/visulize_palm_node.py
/workspace/LeapXELA_Hardware_ws/install/xela_description/lib/python3.10/site-packages/urdf/thumb.py
/workspace/LeapXELA_Hardware_ws/install/xela_description/lib/python3.10/site-packages/urdf/palm.py
/workspace/LeapXELA_Hardware_ws/install/xela_description/lib/python3.10/site-packages/urdf/visulize_thumb_node.py
/workspace/LeapXELA_Hardware_ws/install/xela_description/lib/python3.10/site-packages/urdf/hand.py
/workspace/LeapXELA_Hardware_ws/install/xela_description/lib/python3.10/site-packages/mjcf/__pycache__/__init__.cpython-310.pyc
/workspace/LeapXELA_Hardware_ws/install/xela_description/lib/python3.10/site-packages/mjcf/__pycache__/add_touch_point_cloud_to_model.cpython-310.pyc
/workspace/LeapXELA_Hardware_ws/install/xela_description/lib/python3.10/site-packages/mjcf/__pycache__/visulize_mjcf.cpython-310.pyc
/workspace/LeapXELA_Hardware_ws/install/xela_description/lib/python3.10/site-packages/mjcf/__pycache__/leap_taxel_map.cpython-310.pyc
/workspace/LeapXELA_Hardware_ws/install/xela_description/lib/python3.10/site-packages/urdf/__pycache__/__init__.cpython-310.pyc
/workspace/LeapXELA_Hardware_ws/install/xela_description/lib/python3.10/site-packages/urdf/__pycache__/visulize_hand_node.cpython-310.pyc
/workspace/LeapXELA_Hardware_ws/install/xela_description/lib/python3.10/site-packages/urdf/__pycache__/visulize_node.cpython-310.pyc
/workspace/LeapXELA_Hardware_ws/install/xela_description/lib/python3.10/site-packages/urdf/__pycache__/list_to_string.cpython-310.pyc
/workspace/LeapXELA_Hardware_ws/install/xela_description/lib/python3.10/site-packages/urdf/__pycache__/finger.cpython-310.pyc
/workspace/LeapXELA_Hardware_ws/install/xela_description/lib/python3.10/site-packages/urdf/__pycache__/visulize_palm_node.cpython-310.pyc
/workspace/LeapXELA_Hardware_ws/install/xela_description/lib/python3.10/site-packages/urdf/__pycache__/thumb.cpython-310.pyc
/workspace/LeapXELA_Hardware_ws/install/xela_description/lib/python3.10/site-packages/urdf/__pycache__/palm.cpython-310.pyc
/workspace/LeapXELA_Hardware_ws/install/xela_description/lib/python3.10/site-packages/urdf/__pycache__/visulize_thumb_node.cpython-310.pyc
/workspace/LeapXELA_Hardware_ws/install/xela_description/lib/python3.10/site-packages/urdf/__pycache__/hand.cpython-310.pyc
/workspace/LeapXELA_Hardware_ws/install/xela_description/share/ament_index/resource_index/packages/xela_description
/workspace/LeapXELA_Hardware_ws/install/xela_description/share/xela_description/package.xml
/workspace/LeapXELA_Hardware_ws/install/xela_description/share/xela_description/robot.urdf
/workspace/LeapXELA_Hardware_ws/install/xela_description/share/xela_description/finger.urdf
/workspace/LeapXELA_Hardware_ws/install/xela_description/share/xela_description/thumb.urdf
/workspace/LeapXELA_Hardware_ws/install/xela_description/share/xela_description/palm.urdf
/workspace/LeapXELA_Hardware_ws/install/xela_description/share/xela_description/hand.urdf
/workspace/LeapXELA_Hardware_ws/install/xela_description/share/xela_description/joint_config.json
/workspace/LeapXELA_Hardware_ws/install/xela_description/share/xela_description/launch/visulize.launch.py
/workspace/LeapXELA_Hardware_ws/install/xela_description/share/xela_description/launch/visulize_palm_launch.py
/workspace/LeapXELA_Hardware_ws/install/xela_description/share/xela_description/launch/visulize_mjcf_launch.py
/workspace/LeapXELA_Hardware_ws/install/xela_description/share/xela_description/launch/visulize_finger_launch.py
/workspace/LeapXELA_Hardware_ws/install/xela_description/share/xela_description/launch/visulize_thumb_launch.py
/workspace/LeapXELA_Hardware_ws/install/xela_description/share/xela_description/launch/visulize_hand_launch.py
/workspace/LeapXELA_Hardware_ws/install/xela_description/share/xela_description/launch/__pycache__/visulize_finger_launch.cpython-310.pyc
/workspace/LeapXELA_Hardware_ws/install/xela_description/share/xela_description/mjcf/leapXela_base_model.xml
/workspace/LeapXELA_Hardware_ws/install/xela_description/share/xela_description/mjcf/__init__.py
/workspace/LeapXELA_Hardware_ws/install/xela_description/share/xela_description/mjcf/add_touch_point_cloud_to_model.py
/workspace/LeapXELA_Hardware_ws/install/xela_description/share/xela_description/mjcf/scene.xml
/workspace/LeapXELA_Hardware_ws/install/xela_description/share/xela_description/mjcf/sensor_joints.json
/workspace/LeapXELA_Hardware_ws/install/xela_description/share/xela_description/mjcf/scene_touch_point_cloud.xml
/workspace/LeapXELA_Hardware_ws/install/xela_description/share/xela_description/mjcf/leapXela_touch_point_cloud.xml
/workspace/LeapXELA_Hardware_ws/install/xela_description/share/xela_description/mjcf/config.json
/workspace/LeapXELA_Hardware_ws/install/xela_description/share/xela_description/mjcf/visulize_mjcf.py
/workspace/LeapXELA_Hardware_ws/install/xela_description/share/xela_description/mjcf/4_6_sites.json
/workspace/LeapXELA_Hardware_ws/install/xela_description/share/xela_description/mjcf/leap_taxel_map.py
/workspace/LeapXELA_Hardware_ws/install/xela_description/share/xela_description/mjcf/leap_sensor_taxel_map.json
/workspace/LeapXELA_Hardware_ws/install/xela_description/share/xela_description/mjcf/fingertip_magnet_pose.json
/workspace/LeapXELA_Hardware_ws/install/xela_description/share/xela_description/mjcf/4_4_sites.json
/workspace/LeapXELA_Hardware_ws/install/xela_description/share/xela_description/mjcf/assets/fingertop_unfied.part
/workspace/LeapXELA_Hardware_ws/install/xela_description/share/xela_description/mjcf/assets/p4_unified.stl
/workspace/LeapXELA_Hardware_ws/install/xela_description/share/xela_description/mjcf/assets/thp0_unified.stl
/workspace/LeapXELA_Hardware_ws/install/xela_description/share/xela_description/mjcf/assets/outer_skin_collision_1.stl
/workspace/LeapXELA_Hardware_ws/install/xela_description/share/xela_description/mjcf/assets/sphere.stl
/workspace/LeapXELA_Hardware_ws/install/xela_description/share/xela_description/mjcf/assets/fingertop_unfied.stl
/workspace/LeapXELA_Hardware_ws/install/xela_description/share/xela_description/mjcf/assets/p5_unified.stl
/workspace/LeapXELA_Hardware_ws/install/xela_description/share/xela_description/mjcf/assets/palm_face.part
/workspace/LeapXELA_Hardware_ws/install/xela_description/share/xela_description/mjcf/assets/thfingertip_unified.part
/workspace/LeapXELA_Hardware_ws/install/xela_description/share/xela_description/mjcf/assets/outer_skin_v1_3_1.stl.mtl
/workspace/LeapXELA_Hardware_ws/install/xela_description/share/xela_description/mjcf/assets/outer_skin_collision_2.stl
/workspace/LeapXELA_Hardware_ws/install/xela_description/share/xela_description/mjcf/assets/thconnector.stl
/workspace/LeapXELA_Hardware_ws/install/xela_description/share/xela_description/mjcf/assets/p3_unified.part
/workspace/LeapXELA_Hardware_ws/install/xela_description/share/xela_description/mjcf/assets/outer_skin_collision_5.stl
/workspace/LeapXELA_Hardware_ws/install/xela_description/share/xela_description/mjcf/assets/thp1_unified.part
/workspace/LeapXELA_Hardware_ws/install/xela_description/share/xela_description/mjcf/assets/top_palm.stl
/workspace/LeapXELA_Hardware_ws/install/xela_description/share/xela_description/mjcf/assets/outer_skin_collision_6.stl
/workspace/LeapXELA_Hardware_ws/install/xela_description/share/xela_description/mjcf/assets/leap_hand_xela_motorholder.part
/workspace/LeapXELA_Hardware_ws/install/xela_description/share/xela_description/mjcf/assets/clipper.part
/workspace/LeapXELA_Hardware_ws/install/xela_description/share/xela_description/mjcf/assets/uspa46.stl
/workspace/LeapXELA_Hardware_ws/install/xela_description/share/xela_description/mjcf/assets/leap_hand_xela_motorholder.stl
/workspace/LeapXELA_Hardware_ws/install/xela_description/share/xela_description/mjcf/assets/leap_hand_xela_bottom.stl
/workspace/LeapXELA_Hardware_ws/install/xela_description/share/xela_description/mjcf/assets/leap_hand_xela_side_cover.stl
/workspace/LeapXELA_Hardware_ws/install/xela_description/share/xela_description/mjcf/assets/p5_unified.part
/workspace/LeapXELA_Hardware_ws/install/xela_description/share/xela_description/mjcf/assets/p4_unified.part
/workspace/LeapXELA_Hardware_ws/install/xela_description/share/xela_description/mjcf/assets/outer_skin_collision_3.stl
/workspace/LeapXELA_Hardware_ws/install/xela_description/share/xela_description/mjcf/assets/leap_hand_xela_side_cover.part
/workspace/LeapXELA_Hardware_ws/install/xela_description/share/xela_description/mjcf/assets/clipper.stl
/workspace/LeapXELA_Hardware_ws/install/xela_description/share/xela_description/mjcf/assets/uspa46.part
/workspace/LeapXELA_Hardware_ws/install/xela_description/share/xela_description/mjcf/assets/thfingertip_unified.stl
/workspace/LeapXELA_Hardware_ws/install/xela_description/share/xela_description/mjcf/assets/leap_hand_xela_back_cover.stl
/workspace/LeapXELA_Hardware_ws/install/xela_description/share/xela_description/mjcf/assets/top_palm.part
/workspace/LeapXELA_Hardware_ws/install/xela_description/share/xela_description/mjcf/assets/palm_face.stl
/workspace/LeapXELA_Hardware_ws/install/xela_description/share/xela_description/mjcf/assets/outer_skin_v1_3_1.part
/workspace/LeapXELA_Hardware_ws/install/xela_description/share/xela_description/mjcf/assets/outer_skin_v1_3_1.stl
/workspace/LeapXELA_Hardware_ws/install/xela_description/share/xela_description/mjcf/assets/thp1_unified.stl
/workspace/LeapXELA_Hardware_ws/install/xela_description/share/xela_description/mjcf/assets/thconnector.part
/workspace/LeapXELA_Hardware_ws/install/xela_description/share/xela_description/mjcf/assets/thp0_unified.part
/workspace/LeapXELA_Hardware_ws/install/xela_description/share/xela_description/mjcf/assets/outer_skin_v1_3_1.stl.obj
/workspace/LeapXELA_Hardware_ws/install/xela_description/share/xela_description/mjcf/assets/leap_hand_xela_back_cover.part
/workspace/LeapXELA_Hardware_ws/install/xela_description/share/xela_description/mjcf/assets/p3_unified.stl
/workspace/LeapXELA_Hardware_ws/install/xela_description/share/xela_description/mjcf/assets/leap_hand_xela_bottom.part
/workspace/LeapXELA_Hardware_ws/install/xela_description/share/xela_description/mjcf/assets/thp2_unified.stl
/workspace/LeapXELA_Hardware_ws/install/xela_description/share/xela_description/mjcf/assets/outer_skin_collision_4.stl
/workspace/LeapXELA_Hardware_ws/install/xela_description/share/xela_description/mjcf/assets/p2_unified.stl
/workspace/LeapXELA_Hardware_ws/install/xela_description/share/xela_description/mjcf/assets/p2_unified.part
/workspace/LeapXELA_Hardware_ws/install/xela_description/share/xela_description/mjcf/assets/thp2_unified.part
/workspace/LeapXELA_Hardware_ws/install/xela_description/share/xela_description/mjcf/assets/meshes/leap_mount.obj
/workspace/LeapXELA_Hardware_ws/install/xela_description/share/xela_description/mjcf/assets/meshes/dex_cube.obj
/workspace/LeapXELA_Hardware_ws/install/xela_description/share/xela_description/mjcf/meshes/leap_mount.obj
/workspace/LeapXELA_Hardware_ws/install/xela_description/share/xela_description/mjcf/meshes/dex_cube.obj
/workspace/LeapXELA_Hardware_ws/install/xela_description/share/xela_description/assets/fingertop_unfied.part
/workspace/LeapXELA_Hardware_ws/install/xela_description/share/xela_description/assets/p4_unified.stl
/workspace/LeapXELA_Hardware_ws/install/xela_description/share/xela_description/assets/thp0_unified.stl
/workspace/LeapXELA_Hardware_ws/install/xela_description/share/xela_description/assets/fingertop_unfied.stl
/workspace/LeapXELA_Hardware_ws/install/xela_description/share/xela_description/assets/p5_unified.stl
/workspace/LeapXELA_Hardware_ws/install/xela_description/share/xela_description/assets/palm_face.part
/workspace/LeapXELA_Hardware_ws/install/xela_description/share/xela_description/assets/thfingertip_unified.part
/workspace/LeapXELA_Hardware_ws/install/xela_description/share/xela_description/assets/thconnector.stl
/workspace/LeapXELA_Hardware_ws/install/xela_description/share/xela_description/assets/p3_unified.part
/workspace/LeapXELA_Hardware_ws/install/xela_description/share/xela_description/assets/thp1_unified.part
/workspace/LeapXELA_Hardware_ws/install/xela_description/share/xela_description/assets/top_palm.stl
/workspace/LeapXELA_Hardware_ws/install/xela_description/share/xela_description/assets/leap_hand_xela_motorholder.part
/workspace/LeapXELA_Hardware_ws/install/xela_description/share/xela_description/assets/clipper.part
/workspace/LeapXELA_Hardware_ws/install/xela_description/share/xela_description/assets/uspa46.stl
/workspace/LeapXELA_Hardware_ws/install/xela_description/share/xela_description/assets/leap_hand_xela_motorholder.stl
/workspace/LeapXELA_Hardware_ws/install/xela_description/share/xela_description/assets/leap_hand_xela_bottom.stl
/workspace/LeapXELA_Hardware_ws/install/xela_description/share/xela_description/assets/leap_hand_xela_side_cover.stl
/workspace/LeapXELA_Hardware_ws/install/xela_description/share/xela_description/assets/p5_unified.part
/workspace/LeapXELA_Hardware_ws/install/xela_description/share/xela_description/assets/p4_unified.part
/workspace/LeapXELA_Hardware_ws/install/xela_description/share/xela_description/assets/leap_hand_xela_side_cover.part
/workspace/LeapXELA_Hardware_ws/install/xela_description/share/xela_description/assets/clipper.stl
/workspace/LeapXELA_Hardware_ws/install/xela_description/share/xela_description/assets/uspa46.part
/workspace/LeapXELA_Hardware_ws/install/xela_description/share/xela_description/assets/thfingertip_unified.stl
/workspace/LeapXELA_Hardware_ws/install/xela_description/share/xela_description/assets/leap_hand_xela_back_cover.stl
/workspace/LeapXELA_Hardware_ws/install/xela_description/share/xela_description/assets/top_palm.part
/workspace/LeapXELA_Hardware_ws/install/xela_description/share/xela_description/assets/palm_face.stl
/workspace/LeapXELA_Hardware_ws/install/xela_description/share/xela_description/assets/thp1_unified.stl
/workspace/LeapXELA_Hardware_ws/install/xela_description/share/xela_description/assets/thconnector.part
/workspace/LeapXELA_Hardware_ws/install/xela_description/share/xela_description/assets/thp0_unified.part
/workspace/LeapXELA_Hardware_ws/install/xela_description/share/xela_description/assets/leap_hand_xela_back_cover.part
/workspace/LeapXELA_Hardware_ws/install/xela_description/share/xela_description/assets/p3_unified.stl
/workspace/LeapXELA_Hardware_ws/install/xela_description/share/xela_description/assets/leap_hand_xela_bottom.part
/workspace/LeapXELA_Hardware_ws/install/xela_description/share/xela_description/assets/thp2_unified.stl
/workspace/LeapXELA_Hardware_ws/install/xela_description/share/xela_description/assets/p2_unified.stl
/workspace/LeapXELA_Hardware_ws/install/xela_description/share/xela_description/assets/p2_unified.part
/workspace/LeapXELA_Hardware_ws/install/xela_description/share/xela_description/assets/thp2_unified.part
/workspace/LeapXELA_Hardware_ws/install/xela_description/lib/python3.10/site-packages/xela_description-0.0.0-py3.10.egg-info/dependency_links.txt
/workspace/LeapXELA_Hardware_ws/install/xela_description/lib/python3.10/site-packages/xela_description-0.0.0-py3.10.egg-info/SOURCES.txt
/workspace/LeapXELA_Hardware_ws/install/xela_description/lib/python3.10/site-packages/xela_description-0.0.0-py3.10.egg-info/PKG-INFO
/workspace/LeapXELA_Hardware_ws/install/xela_description/lib/python3.10/site-packages/xela_description-0.0.0-py3.10.egg-info/requires.txt
/workspace/LeapXELA_Hardware_ws/install/xela_description/lib/python3.10/site-packages/xela_description-0.0.0-py3.10.egg-info/entry_points.txt
/workspace/LeapXELA_Hardware_ws/install/xela_description/lib/python3.10/site-packages/xela_description-0.0.0-py3.10.egg-info/zip-safe
/workspace/LeapXELA_Hardware_ws/install/xela_description/lib/python3.10/site-packages/xela_description-0.0.0-py3.10.egg-info/top_level.txt
/workspace/LeapXELA_Hardware_ws/install/xela_description/lib/xela_description/visulize
/workspace/LeapXELA_Hardware_ws/install/xela_description/lib/xela_description/visulize_finger
/workspace/LeapXELA_Hardware_ws/install/xela_description/lib/xela_description/visulize_hand
/workspace/LeapXELA_Hardware_ws/install/xela_description/lib/xela_description/visulize_mjcf
/workspace/LeapXELA_Hardware_ws/install/xela_description/lib/xela_description/visulize_palm
/workspace/LeapXELA_Hardware_ws/install/xela_description/lib/xela_description/visulize_thumb
