[1.835s] Invoking command in '/workspace/LeapXELA_Hardware_ws/build/leap_hand': CMAKE_PREFIX_PATH=/opt/ros/humble /usr/bin/cmake /workspace/LeapXELA_Hardware_ws/ros_ws/src/LEAP_Hand_API/ros2_module -DCMAKE_INSTALL_PREFIX=/workspace/LeapXELA_Hardware_ws/install/leap_hand
[1.926s] -- The C compiler identification is GNU 11.4.0
[2.519s] -- The CXX compiler identification is GNU 11.4.0
[2.594s] -- Detecting C compiler ABI info
[2.742s] -- Detecting C compiler ABI info - done
[2.764s] -- Check for working C compiler: /usr/bin/cc - skipped
[2.765s] -- Detecting C compile features
[2.765s] -- Detecting C compile features - done
[2.773s] -- Detecting CXX compiler ABI info
[2.899s] -- Detecting CXX compiler ABI info - done
[2.911s] -- Check for working CXX compiler: /usr/bin/c++ - skipped
[2.912s] -- Detecting CXX compile features
[2.912s] -- Detecting CXX compile features - done
[2.920s] -- Found ament_cmake: 1.3.14 (/opt/ros/humble/share/ament_cmake/cmake)
[3.364s] -- Found Python3: /usr/bin/python3 (found version "3.10.12") found components: Interpreter 
[3.759s] -- Found rclpy: 3.3.21 (/opt/ros/humble/share/rclpy/cmake)
[3.770s] -- Found std_msgs: 4.9.1 (/opt/ros/humble/share/std_msgs/cmake)
[3.924s] -- Found rosidl_generator_c: 3.1.8 (/opt/ros/humble/share/rosidl_generator_c/cmake)
[3.960s] -- Found rosidl_adapter: 3.1.8 (/opt/ros/humble/share/rosidl_adapter/cmake)
[4.036s] -- Found rosidl_generator_cpp: 3.1.8 (/opt/ros/humble/share/rosidl_generator_cpp/cmake)
[4.142s] -- Using all available rosidl_typesupport_c: rosidl_typesupport_fastrtps_c;rosidl_typesupport_introspection_c
[4.248s] -- Using all available rosidl_typesupport_cpp: rosidl_typesupport_fastrtps_cpp;rosidl_typesupport_introspection_cpp
[4.449s] -- Found rosidl_default_generators: 1.2.1 (/opt/ros/humble/share/rosidl_default_generators/cmake)
[5.291s] -- Found ament_cmake_ros: 0.10.0 (/opt/ros/humble/share/ament_cmake_ros/cmake)
[6.219s] -- Using all available rosidl_typesupport_c: rosidl_typesupport_fastrtps_c;rosidl_typesupport_introspection_c
[6.513s] -- Using all available rosidl_typesupport_cpp: rosidl_typesupport_fastrtps_cpp;rosidl_typesupport_introspection_cpp
[6.568s] -- Found PythonInterp: /usr/bin/python3 (found suitable version "3.10.12", minimum required is "3.6") 
[6.575s] -- Found python_cmake_module: 0.10.0 (/opt/ros/humble/share/python_cmake_module/cmake)
[6.648s] -- Found PythonLibs: /usr/lib/x86_64-linux-gnu/libpython3.10.so (found suitable version "3.10.12", minimum required is "3.5") 
[6.648s] -- Using PYTHON_EXECUTABLE: /usr/bin/python3
[6.648s] -- Using PYTHON_INCLUDE_DIRS: /usr/include/python3.10
[6.649s] -- Using PYTHON_LIBRARIES: /usr/lib/x86_64-linux-gnu/libpython3.10.so
[6.700s] -- Found PythonExtra: .so  
[7.008s] -- Configuring done
[7.069s] -- Generating done
[7.089s] -- Build files have been written to: /workspace/LeapXELA_Hardware_ws/build/leap_hand
[7.098s] Invoked command in '/workspace/LeapXELA_Hardware_ws/build/leap_hand' returned '0': CMAKE_PREFIX_PATH=/opt/ros/humble /usr/bin/cmake /workspace/LeapXELA_Hardware_ws/ros_ws/src/LEAP_Hand_API/ros2_module -DCMAKE_INSTALL_PREFIX=/workspace/LeapXELA_Hardware_ws/install/leap_hand
[7.101s] Invoking command in '/workspace/LeapXELA_Hardware_ws/build/leap_hand': CMAKE_PREFIX_PATH=/opt/ros/humble /usr/bin/cmake --build /workspace/LeapXELA_Hardware_ws/build/leap_hand -- -j16 -l16
[7.176s] [  1%] [34m[1mGenerating C++ code for ROS interfaces[0m
[8.212s] [  1%] Built target leap_hand__cpp
[8.255s] [  1%] Built target ament_cmake_python_copy_leap_hand
[8.270s] [  3%] [34m[1mGenerating C++ introspection for ROS interfaces[0m
[8.963s] [  5%] [32mBuilding CXX object CMakeFiles/leap_hand__rosidl_typesupport_introspection_cpp.dir/rosidl_typesupport_introspection_cpp/leap_hand/srv/detail/leap_velocity__type_support.cpp.o[0m
[9.845s] [  7%] [32mBuilding CXX object CMakeFiles/leap_hand__rosidl_typesupport_introspection_cpp.dir/rosidl_typesupport_introspection_cpp/leap_hand/srv/detail/leap_state__type_support.cpp.o[0m
[10.464s] [  8%] [32mBuilding CXX object CMakeFiles/leap_hand__rosidl_typesupport_introspection_cpp.dir/rosidl_typesupport_introspection_cpp/leap_hand/srv/detail/leap_effort__type_support.cpp.o[0m
[11.100s] [ 10%] [32mBuilding CXX object CMakeFiles/leap_hand__rosidl_typesupport_introspection_cpp.dir/rosidl_typesupport_introspection_cpp/leap_hand/srv/detail/leap_position__type_support.cpp.o[0m
[11.719s] [ 12%] [32m[1mLinking CXX shared library libleap_hand__rosidl_typesupport_introspection_cpp.so[0m
[11.850s] [ 12%] Built target leap_hand__rosidl_typesupport_introspection_cpp
[12.277s] running egg_info
[12.278s] creating leap_hand.egg-info
[12.279s] writing leap_hand.egg-info/PKG-INFO
[12.279s] writing dependency_links to leap_hand.egg-info/dependency_links.txt
[12.279s] writing top-level names to leap_hand.egg-info/top_level.txt
[12.280s] writing manifest file 'leap_hand.egg-info/SOURCES.txt'
[12.283s] reading manifest file 'leap_hand.egg-info/SOURCES.txt'
[12.284s] writing manifest file 'leap_hand.egg-info/SOURCES.txt'
[12.327s] [ 12%] Built target ament_cmake_python_build_leap_hand_egg
[12.343s] [ 14%] [34m[1mGenerating C++ type support for eProsima Fast-RTPS[0m
[13.163s] [ 16%] [32mBuilding CXX object CMakeFiles/leap_hand__rosidl_typesupport_fastrtps_cpp.dir/rosidl_typesupport_fastrtps_cpp/leap_hand/srv/detail/dds_fastrtps/leap_velocity__type_support.cpp.o[0m
[14.171s] [ 17%] [32mBuilding CXX object CMakeFiles/leap_hand__rosidl_typesupport_fastrtps_cpp.dir/rosidl_typesupport_fastrtps_cpp/leap_hand/srv/detail/dds_fastrtps/leap_state__type_support.cpp.o[0m
[14.854s] [ 19%] [32mBuilding CXX object CMakeFiles/leap_hand__rosidl_typesupport_fastrtps_cpp.dir/rosidl_typesupport_fastrtps_cpp/leap_hand/srv/detail/dds_fastrtps/leap_effort__type_support.cpp.o[0m
[15.603s] [ 21%] [32mBuilding CXX object CMakeFiles/leap_hand__rosidl_typesupport_fastrtps_cpp.dir/rosidl_typesupport_fastrtps_cpp/leap_hand/srv/detail/dds_fastrtps/leap_position__type_support.cpp.o[0m
[16.448s] [ 23%] [32m[1mLinking CXX shared library libleap_hand__rosidl_typesupport_fastrtps_cpp.so[0m
[16.618s] [ 23%] Built target leap_hand__rosidl_typesupport_fastrtps_cpp
[16.639s] [ 25%] [34m[1mGenerating C++ type support dispatch for ROS interfaces[0m
[17.230s] [ 26%] [32mBuilding CXX object CMakeFiles/leap_hand__rosidl_typesupport_cpp.dir/rosidl_typesupport_cpp/leap_hand/srv/leap_velocity__type_support.cpp.o[0m
[17.679s] [ 28%] [32mBuilding CXX object CMakeFiles/leap_hand__rosidl_typesupport_cpp.dir/rosidl_typesupport_cpp/leap_hand/srv/leap_state__type_support.cpp.o[0m
[18.103s] [ 30%] [32mBuilding CXX object CMakeFiles/leap_hand__rosidl_typesupport_cpp.dir/rosidl_typesupport_cpp/leap_hand/srv/leap_effort__type_support.cpp.o[0m
[18.527s] [ 32%] [32mBuilding CXX object CMakeFiles/leap_hand__rosidl_typesupport_cpp.dir/rosidl_typesupport_cpp/leap_hand/srv/leap_position__type_support.cpp.o[0m
[18.942s] [ 33%] [32m[1mLinking CXX shared library libleap_hand__rosidl_typesupport_cpp.so[0m
[19.007s] [ 33%] Built target leap_hand__rosidl_typesupport_cpp
[19.037s] [ 35%] [34m[1mGenerating Rust code for ROS interfaces[0m
[19.489s] [ 35%] Built target leap_hand__rs
[19.504s] [ 37%] [34m[1mGenerating C code for ROS interfaces[0m
[20.481s] [ 39%] [32mBuilding C object CMakeFiles/leap_hand__rosidl_generator_c.dir/rosidl_generator_c/leap_hand/srv/detail/leap_velocity__functions.c.o[0m
[20.576s] [ 41%] [32mBuilding C object CMakeFiles/leap_hand__rosidl_generator_c.dir/rosidl_generator_c/leap_hand/srv/detail/leap_state__functions.c.o[0m
[20.673s] [ 42%] [32mBuilding C object CMakeFiles/leap_hand__rosidl_generator_c.dir/rosidl_generator_c/leap_hand/srv/detail/leap_effort__functions.c.o[0m
[20.771s] [ 44%] [32mBuilding C object CMakeFiles/leap_hand__rosidl_generator_c.dir/rosidl_generator_c/leap_hand/srv/detail/leap_position__functions.c.o[0m
[20.869s] [ 46%] [32m[1mLinking C shared library libleap_hand__rosidl_generator_c.so[0m
[20.929s] [ 46%] Built target leap_hand__rosidl_generator_c
[20.945s] [ 48%] [34m[1mGenerating C type support for eProsima Fast-RTPS[0m
[21.722s] [ 50%] [32mBuilding CXX object CMakeFiles/leap_hand__rosidl_typesupport_fastrtps_c.dir/rosidl_typesupport_fastrtps_c/leap_hand/srv/detail/leap_velocity__type_support_c.cpp.o[0m
[22.264s] [ 51%] [32mBuilding CXX object CMakeFiles/leap_hand__rosidl_typesupport_fastrtps_c.dir/rosidl_typesupport_fastrtps_c/leap_hand/srv/detail/leap_state__type_support_c.cpp.o[0m
[22.814s] [ 53%] [32mBuilding CXX object CMakeFiles/leap_hand__rosidl_typesupport_fastrtps_c.dir/rosidl_typesupport_fastrtps_c/leap_hand/srv/detail/leap_effort__type_support_c.cpp.o[0m
[23.383s] [ 55%] [32mBuilding CXX object CMakeFiles/leap_hand__rosidl_typesupport_fastrtps_c.dir/rosidl_typesupport_fastrtps_c/leap_hand/srv/detail/leap_position__type_support_c.cpp.o[0m
[23.988s] [ 57%] [32m[1mLinking CXX shared library libleap_hand__rosidl_typesupport_fastrtps_c.so[0m
[24.115s] [ 57%] Built target leap_hand__rosidl_typesupport_fastrtps_c
[24.131s] [ 58%] [34m[1mGenerating C type support dispatch for ROS interfaces[0m
[24.684s] [ 60%] [32mBuilding CXX object CMakeFiles/leap_hand__rosidl_typesupport_c.dir/rosidl_typesupport_c/leap_hand/srv/leap_velocity__type_support.cpp.o[0m
[24.744s] [ 62%] [32mBuilding CXX object CMakeFiles/leap_hand__rosidl_typesupport_c.dir/rosidl_typesupport_c/leap_hand/srv/leap_state__type_support.cpp.o[0m
[24.801s] [ 64%] [32mBuilding CXX object CMakeFiles/leap_hand__rosidl_typesupport_c.dir/rosidl_typesupport_c/leap_hand/srv/leap_effort__type_support.cpp.o[0m
[24.854s] [ 66%] [32mBuilding CXX object CMakeFiles/leap_hand__rosidl_typesupport_c.dir/rosidl_typesupport_c/leap_hand/srv/leap_position__type_support.cpp.o[0m
[24.904s] [ 67%] [32m[1mLinking CXX shared library libleap_hand__rosidl_typesupport_c.so[0m
[24.971s] [ 67%] Built target leap_hand__rosidl_typesupport_c
[24.986s] [ 69%] [34m[1mGenerating C introspection for ROS interfaces[0m
[25.729s] [ 71%] [32mBuilding C object CMakeFiles/leap_hand__rosidl_typesupport_introspection_c.dir/rosidl_typesupport_introspection_c/leap_hand/srv/detail/leap_velocity__type_support.c.o[0m
[25.794s] [ 73%] [32mBuilding C object CMakeFiles/leap_hand__rosidl_typesupport_introspection_c.dir/rosidl_typesupport_introspection_c/leap_hand/srv/detail/leap_state__type_support.c.o[0m
[25.869s] [ 75%] [32mBuilding C object CMakeFiles/leap_hand__rosidl_typesupport_introspection_c.dir/rosidl_typesupport_introspection_c/leap_hand/srv/detail/leap_effort__type_support.c.o[0m
[25.934s] [ 76%] [32mBuilding C object CMakeFiles/leap_hand__rosidl_typesupport_introspection_c.dir/rosidl_typesupport_introspection_c/leap_hand/srv/detail/leap_position__type_support.c.o[0m
[25.997s] [ 78%] [32m[1mLinking C shared library libleap_hand__rosidl_typesupport_introspection_c.so[0m
[26.047s] [ 78%] Built target leap_hand__rosidl_typesupport_introspection_c
[26.078s] [ 78%] Built target leap_hand
[26.109s] [ 80%] [34m[1mGenerating Python code for ROS interfaces[0m
[27.506s] [ 80%] Built target leap_hand__py
[27.537s] [ 82%] [32mBuilding C object CMakeFiles/leap_hand__rosidl_generator_py.dir/rosidl_generator_py/leap_hand/srv/_leap_velocity_s.c.o[0m
[28.183s] [ 83%] [32mBuilding C object CMakeFiles/leap_hand__rosidl_generator_py.dir/rosidl_generator_py/leap_hand/srv/_leap_state_s.c.o[0m
[28.416s] [ 85%] [32mBuilding C object CMakeFiles/leap_hand__rosidl_generator_py.dir/rosidl_generator_py/leap_hand/srv/_leap_effort_s.c.o[0m
[28.609s] [ 87%] [32mBuilding C object CMakeFiles/leap_hand__rosidl_generator_py.dir/rosidl_generator_py/leap_hand/srv/_leap_position_s.c.o[0m
[28.795s] [ 89%] [32m[1mLinking C shared library rosidl_generator_py/leap_hand/libleap_hand__rosidl_generator_py.so[0m
[28.864s] [ 89%] Built target leap_hand__rosidl_generator_py
[28.895s] [ 91%] [32mBuilding C object CMakeFiles/leap_hand__rosidl_typesupport_fastrtps_c__pyext.dir/rosidl_generator_py/leap_hand/_leap_hand_s.ep.rosidl_typesupport_fastrtps_c.c.o[0m
[29.099s] [ 92%] [32m[1mLinking C shared library rosidl_generator_py/leap_hand/leap_hand_s__rosidl_typesupport_fastrtps_c.cpython-310-x86_64-linux-gnu.so[0m
[29.162s] [ 92%] Built target leap_hand__rosidl_typesupport_fastrtps_c__pyext
[29.192s] [ 94%] [32mBuilding C object CMakeFiles/leap_hand__rosidl_typesupport_c__pyext.dir/rosidl_generator_py/leap_hand/_leap_hand_s.ep.rosidl_typesupport_c.c.o[0m
[29.397s] [ 96%] [32m[1mLinking C shared library rosidl_generator_py/leap_hand/leap_hand_s__rosidl_typesupport_c.cpython-310-x86_64-linux-gnu.so[0m
[29.461s] [ 96%] Built target leap_hand__rosidl_typesupport_c__pyext
[29.493s] [ 98%] [32mBuilding C object CMakeFiles/leap_hand__rosidl_typesupport_introspection_c__pyext.dir/rosidl_generator_py/leap_hand/_leap_hand_s.ep.rosidl_typesupport_introspection_c.c.o[0m
[29.710s] [100%] [32m[1mLinking C shared library rosidl_generator_py/leap_hand/leap_hand_s__rosidl_typesupport_introspection_c.cpython-310-x86_64-linux-gnu.so[0m
[29.774s] [100%] Built target leap_hand__rosidl_typesupport_introspection_c__pyext
[29.794s] Invoked command in '/workspace/LeapXELA_Hardware_ws/build/leap_hand' returned '0': CMAKE_PREFIX_PATH=/opt/ros/humble /usr/bin/cmake --build /workspace/LeapXELA_Hardware_ws/build/leap_hand -- -j16 -l16
[29.797s] Invoking command in '/workspace/LeapXELA_Hardware_ws/build/leap_hand': CMAKE_PREFIX_PATH=/opt/ros/humble /usr/bin/cmake --install /workspace/LeapXELA_Hardware_ws/build/leap_hand
[29.809s] -- Install configuration: ""
[29.810s] -- Installing: /workspace/LeapXELA_Hardware_ws/install/leap_hand/share/ament_index/resource_index/rosidl_interfaces/leap_hand
[29.810s] -- Installing: /workspace/LeapXELA_Hardware_ws/install/leap_hand/include/leap_hand/leap_hand
[29.810s] -- Installing: /workspace/LeapXELA_Hardware_ws/install/leap_hand/include/leap_hand/leap_hand/srv
[29.810s] -- Installing: /workspace/LeapXELA_Hardware_ws/install/leap_hand/include/leap_hand/leap_hand/srv/leap_state.h
[29.810s] -- Installing: /workspace/LeapXELA_Hardware_ws/install/leap_hand/include/leap_hand/leap_hand/srv/detail
[29.811s] -- Installing: /workspace/LeapXELA_Hardware_ws/install/leap_hand/include/leap_hand/leap_hand/srv/detail/leap_state__functions.c
[29.811s] -- Installing: /workspace/LeapXELA_Hardware_ws/install/leap_hand/include/leap_hand/leap_hand/srv/detail/leap_velocity__functions.c
[29.811s] -- Installing: /workspace/LeapXELA_Hardware_ws/install/leap_hand/include/leap_hand/leap_hand/srv/detail/leap_effort__struct.h
[29.811s] -- Installing: /workspace/LeapXELA_Hardware_ws/install/leap_hand/include/leap_hand/leap_hand/srv/detail/leap_state__functions.h
[29.811s] -- Installing: /workspace/LeapXELA_Hardware_ws/install/leap_hand/include/leap_hand/leap_hand/srv/detail/leap_effort__type_support.h
[29.811s] -- Installing: /workspace/LeapXELA_Hardware_ws/install/leap_hand/include/leap_hand/leap_hand/srv/detail/leap_velocity__type_support.h
[29.811s] -- Installing: /workspace/LeapXELA_Hardware_ws/install/leap_hand/include/leap_hand/leap_hand/srv/detail/leap_position__functions.c
[29.811s] -- Installing: /workspace/LeapXELA_Hardware_ws/install/leap_hand/include/leap_hand/leap_hand/srv/detail/leap_velocity__struct.h
[29.812s] -- Installing: /workspace/LeapXELA_Hardware_ws/install/leap_hand/include/leap_hand/leap_hand/srv/detail/leap_velocity__functions.h
[29.812s] -- Installing: /workspace/LeapXELA_Hardware_ws/install/leap_hand/include/leap_hand/leap_hand/srv/detail/leap_effort__functions.h
[29.812s] -- Installing: /workspace/LeapXELA_Hardware_ws/install/leap_hand/include/leap_hand/leap_hand/srv/detail/leap_state__type_support.h
[29.812s] -- Installing: /workspace/LeapXELA_Hardware_ws/install/leap_hand/include/leap_hand/leap_hand/srv/detail/leap_position__type_support.h
[29.812s] -- Installing: /workspace/LeapXELA_Hardware_ws/install/leap_hand/include/leap_hand/leap_hand/srv/detail/leap_position__functions.h
[29.812s] -- Installing: /workspace/LeapXELA_Hardware_ws/install/leap_hand/include/leap_hand/leap_hand/srv/detail/leap_position__struct.h
[29.812s] -- Installing: /workspace/LeapXELA_Hardware_ws/install/leap_hand/include/leap_hand/leap_hand/srv/detail/leap_effort__functions.c
[29.813s] -- Installing: /workspace/LeapXELA_Hardware_ws/install/leap_hand/include/leap_hand/leap_hand/srv/detail/leap_state__struct.h
[29.813s] -- Installing: /workspace/LeapXELA_Hardware_ws/install/leap_hand/include/leap_hand/leap_hand/srv/leap_effort.h
[29.813s] -- Installing: /workspace/LeapXELA_Hardware_ws/install/leap_hand/include/leap_hand/leap_hand/srv/leap_position.h
[29.813s] -- Installing: /workspace/LeapXELA_Hardware_ws/install/leap_hand/include/leap_hand/leap_hand/srv/leap_velocity.h
[29.813s] -- Installing: /workspace/LeapXELA_Hardware_ws/install/leap_hand/include/leap_hand/leap_hand/msg
[29.813s] -- Installing: /workspace/LeapXELA_Hardware_ws/install/leap_hand/include/leap_hand/leap_hand/msg/rosidl_generator_c__visibility_control.h
[29.813s] -- Installing: /workspace/LeapXELA_Hardware_ws/install/leap_hand/share/leap_hand/environment/library_path.sh
[29.814s] -- Installing: /workspace/LeapXELA_Hardware_ws/install/leap_hand/share/leap_hand/environment/library_path.dsv
[29.814s] -- Installing: /workspace/LeapXELA_Hardware_ws/install/leap_hand/lib/libleap_hand__rosidl_generator_c.so
[29.814s] -- Set runtime path of "/workspace/LeapXELA_Hardware_ws/install/leap_hand/lib/libleap_hand__rosidl_generator_c.so" to ""
[29.815s] -- Up-to-date: /workspace/LeapXELA_Hardware_ws/install/leap_hand/include/leap_hand/leap_hand
[29.815s] -- Up-to-date: /workspace/LeapXELA_Hardware_ws/install/leap_hand/include/leap_hand/leap_hand/srv
[29.815s] -- Up-to-date: /workspace/LeapXELA_Hardware_ws/install/leap_hand/include/leap_hand/leap_hand/srv/detail
[29.815s] -- Installing: /workspace/LeapXELA_Hardware_ws/install/leap_hand/include/leap_hand/leap_hand/srv/detail/leap_effort__rosidl_typesupport_fastrtps_c.h
[29.815s] -- Installing: /workspace/LeapXELA_Hardware_ws/install/leap_hand/include/leap_hand/leap_hand/srv/detail/leap_velocity__rosidl_typesupport_fastrtps_c.h
[29.815s] -- Installing: /workspace/LeapXELA_Hardware_ws/install/leap_hand/include/leap_hand/leap_hand/srv/detail/leap_state__rosidl_typesupport_fastrtps_c.h
[29.815s] -- Installing: /workspace/LeapXELA_Hardware_ws/install/leap_hand/include/leap_hand/leap_hand/srv/detail/leap_position__rosidl_typesupport_fastrtps_c.h
[29.815s] -- Up-to-date: /workspace/LeapXELA_Hardware_ws/install/leap_hand/include/leap_hand/leap_hand/msg
[29.816s] -- Installing: /workspace/LeapXELA_Hardware_ws/install/leap_hand/include/leap_hand/leap_hand/msg/rosidl_typesupport_fastrtps_c__visibility_control.h
[29.816s] -- Installing: /workspace/LeapXELA_Hardware_ws/install/leap_hand/lib/libleap_hand__rosidl_typesupport_fastrtps_c.so
[29.816s] -- Set runtime path of "/workspace/LeapXELA_Hardware_ws/install/leap_hand/lib/libleap_hand__rosidl_typesupport_fastrtps_c.so" to ""
[29.816s] -- Up-to-date: /workspace/LeapXELA_Hardware_ws/install/leap_hand/include/leap_hand/leap_hand
[29.816s] -- Up-to-date: /workspace/LeapXELA_Hardware_ws/install/leap_hand/include/leap_hand/leap_hand/srv
[29.816s] -- Up-to-date: /workspace/LeapXELA_Hardware_ws/install/leap_hand/include/leap_hand/leap_hand/srv/detail
[29.816s] -- Installing: /workspace/LeapXELA_Hardware_ws/install/leap_hand/include/leap_hand/leap_hand/srv/detail/leap_position__type_support.hpp
[29.817s] -- Installing: /workspace/LeapXELA_Hardware_ws/install/leap_hand/include/leap_hand/leap_hand/srv/detail/leap_velocity__builder.hpp
[29.817s] -- Installing: /workspace/LeapXELA_Hardware_ws/install/leap_hand/include/leap_hand/leap_hand/srv/detail/leap_state__type_support.hpp
[29.817s] -- Installing: /workspace/LeapXELA_Hardware_ws/install/leap_hand/include/leap_hand/leap_hand/srv/detail/leap_position__builder.hpp
[29.817s] -- Installing: /workspace/LeapXELA_Hardware_ws/install/leap_hand/include/leap_hand/leap_hand/srv/detail/leap_position__struct.hpp
[29.817s] -- Installing: /workspace/LeapXELA_Hardware_ws/install/leap_hand/include/leap_hand/leap_hand/srv/detail/leap_effort__traits.hpp
[29.817s] -- Installing: /workspace/LeapXELA_Hardware_ws/install/leap_hand/include/leap_hand/leap_hand/srv/detail/leap_effort__type_support.hpp
[29.817s] -- Installing: /workspace/LeapXELA_Hardware_ws/install/leap_hand/include/leap_hand/leap_hand/srv/detail/leap_position__traits.hpp
[29.817s] -- Installing: /workspace/LeapXELA_Hardware_ws/install/leap_hand/include/leap_hand/leap_hand/srv/detail/leap_state__traits.hpp
[29.818s] -- Installing: /workspace/LeapXELA_Hardware_ws/install/leap_hand/include/leap_hand/leap_hand/srv/detail/leap_state__struct.hpp
[29.818s] -- Installing: /workspace/LeapXELA_Hardware_ws/install/leap_hand/include/leap_hand/leap_hand/srv/detail/leap_effort__builder.hpp
[29.818s] -- Installing: /workspace/LeapXELA_Hardware_ws/install/leap_hand/include/leap_hand/leap_hand/srv/detail/leap_velocity__traits.hpp
[29.818s] -- Installing: /workspace/LeapXELA_Hardware_ws/install/leap_hand/include/leap_hand/leap_hand/srv/detail/leap_state__builder.hpp
[29.818s] -- Installing: /workspace/LeapXELA_Hardware_ws/install/leap_hand/include/leap_hand/leap_hand/srv/detail/leap_velocity__struct.hpp
[29.818s] -- Installing: /workspace/LeapXELA_Hardware_ws/install/leap_hand/include/leap_hand/leap_hand/srv/detail/leap_velocity__type_support.hpp
[29.819s] -- Installing: /workspace/LeapXELA_Hardware_ws/install/leap_hand/include/leap_hand/leap_hand/srv/detail/leap_effort__struct.hpp
[29.819s] -- Installing: /workspace/LeapXELA_Hardware_ws/install/leap_hand/include/leap_hand/leap_hand/srv/leap_velocity.hpp
[29.819s] -- Installing: /workspace/LeapXELA_Hardware_ws/install/leap_hand/include/leap_hand/leap_hand/srv/leap_state.hpp
[29.819s] -- Installing: /workspace/LeapXELA_Hardware_ws/install/leap_hand/include/leap_hand/leap_hand/srv/leap_effort.hpp
[29.819s] -- Installing: /workspace/LeapXELA_Hardware_ws/install/leap_hand/include/leap_hand/leap_hand/srv/leap_position.hpp
[29.819s] -- Up-to-date: /workspace/LeapXELA_Hardware_ws/install/leap_hand/include/leap_hand/leap_hand/msg
[29.819s] -- Installing: /workspace/LeapXELA_Hardware_ws/install/leap_hand/include/leap_hand/leap_hand/msg/rosidl_generator_cpp__visibility_control.hpp
[29.819s] -- Up-to-date: /workspace/LeapXELA_Hardware_ws/install/leap_hand/include/leap_hand/leap_hand
[29.820s] -- Up-to-date: /workspace/LeapXELA_Hardware_ws/install/leap_hand/include/leap_hand/leap_hand/srv
[29.820s] -- Up-to-date: /workspace/LeapXELA_Hardware_ws/install/leap_hand/include/leap_hand/leap_hand/srv/detail
[29.820s] -- Installing: /workspace/LeapXELA_Hardware_ws/install/leap_hand/include/leap_hand/leap_hand/srv/detail/leap_velocity__rosidl_typesupport_fastrtps_cpp.hpp
[29.820s] -- Installing: /workspace/LeapXELA_Hardware_ws/install/leap_hand/include/leap_hand/leap_hand/srv/detail/leap_position__rosidl_typesupport_fastrtps_cpp.hpp
[29.820s] -- Installing: /workspace/LeapXELA_Hardware_ws/install/leap_hand/include/leap_hand/leap_hand/srv/detail/leap_state__rosidl_typesupport_fastrtps_cpp.hpp
[29.820s] -- Installing: /workspace/LeapXELA_Hardware_ws/install/leap_hand/include/leap_hand/leap_hand/srv/detail/leap_effort__rosidl_typesupport_fastrtps_cpp.hpp
[29.820s] -- Installing: /workspace/LeapXELA_Hardware_ws/install/leap_hand/include/leap_hand/leap_hand/srv/detail/dds_fastrtps
[29.821s] -- Up-to-date: /workspace/LeapXELA_Hardware_ws/install/leap_hand/include/leap_hand/leap_hand/msg
[29.821s] -- Installing: /workspace/LeapXELA_Hardware_ws/install/leap_hand/include/leap_hand/leap_hand/msg/rosidl_typesupport_fastrtps_cpp__visibility_control.h
[29.821s] -- Installing: /workspace/LeapXELA_Hardware_ws/install/leap_hand/lib/libleap_hand__rosidl_typesupport_fastrtps_cpp.so
[29.821s] -- Set runtime path of "/workspace/LeapXELA_Hardware_ws/install/leap_hand/lib/libleap_hand__rosidl_typesupport_fastrtps_cpp.so" to ""
[29.821s] -- Up-to-date: /workspace/LeapXELA_Hardware_ws/install/leap_hand/include/leap_hand/leap_hand
[29.821s] -- Up-to-date: /workspace/LeapXELA_Hardware_ws/install/leap_hand/include/leap_hand/leap_hand/srv
[29.822s] -- Up-to-date: /workspace/LeapXELA_Hardware_ws/install/leap_hand/include/leap_hand/leap_hand/srv/detail
[29.822s] -- Installing: /workspace/LeapXELA_Hardware_ws/install/leap_hand/include/leap_hand/leap_hand/srv/detail/leap_state__type_support.c
[29.822s] -- Installing: /workspace/LeapXELA_Hardware_ws/install/leap_hand/include/leap_hand/leap_hand/srv/detail/leap_velocity__type_support.c
[29.822s] -- Installing: /workspace/LeapXELA_Hardware_ws/install/leap_hand/include/leap_hand/leap_hand/srv/detail/leap_state__rosidl_typesupport_introspection_c.h
[29.822s] -- Installing: /workspace/LeapXELA_Hardware_ws/install/leap_hand/include/leap_hand/leap_hand/srv/detail/leap_position__type_support.c
[29.822s] -- Installing: /workspace/LeapXELA_Hardware_ws/install/leap_hand/include/leap_hand/leap_hand/srv/detail/leap_position__rosidl_typesupport_introspection_c.h
[29.822s] -- Installing: /workspace/LeapXELA_Hardware_ws/install/leap_hand/include/leap_hand/leap_hand/srv/detail/leap_velocity__rosidl_typesupport_introspection_c.h
[29.822s] -- Installing: /workspace/LeapXELA_Hardware_ws/install/leap_hand/include/leap_hand/leap_hand/srv/detail/leap_effort__rosidl_typesupport_introspection_c.h
[29.823s] -- Installing: /workspace/LeapXELA_Hardware_ws/install/leap_hand/include/leap_hand/leap_hand/srv/detail/leap_effort__type_support.c
[29.823s] -- Up-to-date: /workspace/LeapXELA_Hardware_ws/install/leap_hand/include/leap_hand/leap_hand/msg
[29.823s] -- Installing: /workspace/LeapXELA_Hardware_ws/install/leap_hand/include/leap_hand/leap_hand/msg/rosidl_typesupport_introspection_c__visibility_control.h
[29.823s] -- Installing: /workspace/LeapXELA_Hardware_ws/install/leap_hand/lib/libleap_hand__rosidl_typesupport_introspection_c.so
[29.823s] -- Set runtime path of "/workspace/LeapXELA_Hardware_ws/install/leap_hand/lib/libleap_hand__rosidl_typesupport_introspection_c.so" to ""
[29.823s] -- Installing: /workspace/LeapXELA_Hardware_ws/install/leap_hand/lib/libleap_hand__rosidl_typesupport_c.so
[29.824s] -- Set runtime path of "/workspace/LeapXELA_Hardware_ws/install/leap_hand/lib/libleap_hand__rosidl_typesupport_c.so" to ""
[29.824s] -- Up-to-date: /workspace/LeapXELA_Hardware_ws/install/leap_hand/include/leap_hand/leap_hand
[29.824s] -- Up-to-date: /workspace/LeapXELA_Hardware_ws/install/leap_hand/include/leap_hand/leap_hand/srv
[29.824s] -- Up-to-date: /workspace/LeapXELA_Hardware_ws/install/leap_hand/include/leap_hand/leap_hand/srv/detail
[29.824s] -- Installing: /workspace/LeapXELA_Hardware_ws/install/leap_hand/include/leap_hand/leap_hand/srv/detail/leap_position__type_support.cpp
[29.824s] -- Installing: /workspace/LeapXELA_Hardware_ws/install/leap_hand/include/leap_hand/leap_hand/srv/detail/leap_state__rosidl_typesupport_introspection_cpp.hpp
[29.825s] -- Installing: /workspace/LeapXELA_Hardware_ws/install/leap_hand/include/leap_hand/leap_hand/srv/detail/leap_velocity__rosidl_typesupport_introspection_cpp.hpp
[29.825s] -- Installing: /workspace/LeapXELA_Hardware_ws/install/leap_hand/include/leap_hand/leap_hand/srv/detail/leap_state__type_support.cpp
[29.825s] -- Installing: /workspace/LeapXELA_Hardware_ws/install/leap_hand/include/leap_hand/leap_hand/srv/detail/leap_effort__rosidl_typesupport_introspection_cpp.hpp
[29.825s] -- Installing: /workspace/LeapXELA_Hardware_ws/install/leap_hand/include/leap_hand/leap_hand/srv/detail/leap_effort__type_support.cpp
[29.825s] -- Installing: /workspace/LeapXELA_Hardware_ws/install/leap_hand/include/leap_hand/leap_hand/srv/detail/leap_velocity__type_support.cpp
[29.825s] -- Installing: /workspace/LeapXELA_Hardware_ws/install/leap_hand/include/leap_hand/leap_hand/srv/detail/leap_position__rosidl_typesupport_introspection_cpp.hpp
[29.825s] -- Installing: /workspace/LeapXELA_Hardware_ws/install/leap_hand/lib/libleap_hand__rosidl_typesupport_introspection_cpp.so
[29.826s] -- Set runtime path of "/workspace/LeapXELA_Hardware_ws/install/leap_hand/lib/libleap_hand__rosidl_typesupport_introspection_cpp.so" to ""
[29.826s] -- Installing: /workspace/LeapXELA_Hardware_ws/install/leap_hand/lib/libleap_hand__rosidl_typesupport_cpp.so
[29.827s] -- Set runtime path of "/workspace/LeapXELA_Hardware_ws/install/leap_hand/lib/libleap_hand__rosidl_typesupport_cpp.so" to ""
[29.827s] -- Installing: /workspace/LeapXELA_Hardware_ws/install/leap_hand/share/leap_hand/environment/pythonpath.sh
[29.827s] -- Installing: /workspace/LeapXELA_Hardware_ws/install/leap_hand/share/leap_hand/environment/pythonpath.dsv
[29.827s] -- Installing: /workspace/LeapXELA_Hardware_ws/install/leap_hand/local/lib/python3.10/dist-packages/leap_hand-0.0.0-py3.10.egg-info
[29.827s] -- Installing: /workspace/LeapXELA_Hardware_ws/install/leap_hand/local/lib/python3.10/dist-packages/leap_hand-0.0.0-py3.10.egg-info/dependency_links.txt
[29.827s] -- Installing: /workspace/LeapXELA_Hardware_ws/install/leap_hand/local/lib/python3.10/dist-packages/leap_hand-0.0.0-py3.10.egg-info/SOURCES.txt
[29.827s] -- Installing: /workspace/LeapXELA_Hardware_ws/install/leap_hand/local/lib/python3.10/dist-packages/leap_hand-0.0.0-py3.10.egg-info/PKG-INFO
[29.828s] -- Installing: /workspace/LeapXELA_Hardware_ws/install/leap_hand/local/lib/python3.10/dist-packages/leap_hand-0.0.0-py3.10.egg-info/top_level.txt
[29.828s] -- Installing: /workspace/LeapXELA_Hardware_ws/install/leap_hand/local/lib/python3.10/dist-packages/leap_hand
[29.828s] -- Installing: /workspace/LeapXELA_Hardware_ws/install/leap_hand/local/lib/python3.10/dist-packages/leap_hand/__init__.py
[29.828s] -- Installing: /workspace/LeapXELA_Hardware_ws/install/leap_hand/local/lib/python3.10/dist-packages/leap_hand/_leap_hand_s.ep.rosidl_typesupport_c.c
[29.828s] -- Installing: /workspace/LeapXELA_Hardware_ws/install/leap_hand/local/lib/python3.10/dist-packages/leap_hand/_leap_hand_s.ep.rosidl_typesupport_introspection_c.c
[29.828s] -- Installing: /workspace/LeapXELA_Hardware_ws/install/leap_hand/local/lib/python3.10/dist-packages/leap_hand/leap_hand_s__rosidl_typesupport_c.cpython-310-x86_64-linux-gnu.so
[29.829s] -- Installing: /workspace/LeapXELA_Hardware_ws/install/leap_hand/local/lib/python3.10/dist-packages/leap_hand/_leap_hand_s.ep.rosidl_typesupport_fastrtps_c.c
[29.829s] -- Installing: /workspace/LeapXELA_Hardware_ws/install/leap_hand/local/lib/python3.10/dist-packages/leap_hand/leap_hand_s__rosidl_typesupport_introspection_c.cpython-310-x86_64-linux-gnu.so
[29.829s] -- Installing: /workspace/LeapXELA_Hardware_ws/install/leap_hand/local/lib/python3.10/dist-packages/leap_hand/srv
[29.829s] -- Installing: /workspace/LeapXELA_Hardware_ws/install/leap_hand/local/lib/python3.10/dist-packages/leap_hand/srv/__init__.py
[29.829s] -- Installing: /workspace/LeapXELA_Hardware_ws/install/leap_hand/local/lib/python3.10/dist-packages/leap_hand/srv/_leap_position.py
[29.829s] -- Installing: /workspace/LeapXELA_Hardware_ws/install/leap_hand/local/lib/python3.10/dist-packages/leap_hand/srv/_leap_effort_s.c
[29.829s] -- Installing: /workspace/LeapXELA_Hardware_ws/install/leap_hand/local/lib/python3.10/dist-packages/leap_hand/srv/_leap_position_s.c
[29.829s] -- Installing: /workspace/LeapXELA_Hardware_ws/install/leap_hand/local/lib/python3.10/dist-packages/leap_hand/srv/_leap_state.py
[29.830s] -- Installing: /workspace/LeapXELA_Hardware_ws/install/leap_hand/local/lib/python3.10/dist-packages/leap_hand/srv/_leap_velocity_s.c
[29.830s] -- Installing: /workspace/LeapXELA_Hardware_ws/install/leap_hand/local/lib/python3.10/dist-packages/leap_hand/srv/_leap_state_s.c
[29.830s] -- Installing: /workspace/LeapXELA_Hardware_ws/install/leap_hand/local/lib/python3.10/dist-packages/leap_hand/srv/_leap_velocity.py
[29.830s] -- Installing: /workspace/LeapXELA_Hardware_ws/install/leap_hand/local/lib/python3.10/dist-packages/leap_hand/srv/_leap_effort.py
[29.830s] -- Installing: /workspace/LeapXELA_Hardware_ws/install/leap_hand/local/lib/python3.10/dist-packages/leap_hand/leap_hand_s__rosidl_typesupport_fastrtps_c.cpython-310-x86_64-linux-gnu.so
[29.830s] -- Installing: /workspace/LeapXELA_Hardware_ws/install/leap_hand/local/lib/python3.10/dist-packages/leap_hand/libleap_hand__rosidl_generator_py.so
[29.901s] Listing '/workspace/LeapXELA_Hardware_ws/install/leap_hand/local/lib/python3.10/dist-packages/leap_hand'...
[29.901s] Compiling '/workspace/LeapXELA_Hardware_ws/install/leap_hand/local/lib/python3.10/dist-packages/leap_hand/__init__.py'...
[29.901s] Listing '/workspace/LeapXELA_Hardware_ws/install/leap_hand/local/lib/python3.10/dist-packages/leap_hand/srv'...
[29.901s] Compiling '/workspace/LeapXELA_Hardware_ws/install/leap_hand/local/lib/python3.10/dist-packages/leap_hand/srv/__init__.py'...
[29.902s] Compiling '/workspace/LeapXELA_Hardware_ws/install/leap_hand/local/lib/python3.10/dist-packages/leap_hand/srv/_leap_effort.py'...
[29.902s] Compiling '/workspace/LeapXELA_Hardware_ws/install/leap_hand/local/lib/python3.10/dist-packages/leap_hand/srv/_leap_position.py'...
[29.902s] Compiling '/workspace/LeapXELA_Hardware_ws/install/leap_hand/local/lib/python3.10/dist-packages/leap_hand/srv/_leap_state.py'...
[29.902s] Compiling '/workspace/LeapXELA_Hardware_ws/install/leap_hand/local/lib/python3.10/dist-packages/leap_hand/srv/_leap_velocity.py'...
[29.909s] -- Installing: /workspace/LeapXELA_Hardware_ws/install/leap_hand/local/lib/python3.10/dist-packages/leap_hand/leap_hand_s__rosidl_typesupport_fastrtps_c.cpython-310-x86_64-linux-gnu.so
[29.909s] -- Set runtime path of "/workspace/LeapXELA_Hardware_ws/install/leap_hand/local/lib/python3.10/dist-packages/leap_hand/leap_hand_s__rosidl_typesupport_fastrtps_c.cpython-310-x86_64-linux-gnu.so" to ""
[29.910s] -- Installing: /workspace/LeapXELA_Hardware_ws/install/leap_hand/local/lib/python3.10/dist-packages/leap_hand/leap_hand_s__rosidl_typesupport_introspection_c.cpython-310-x86_64-linux-gnu.so
[29.910s] -- Set runtime path of "/workspace/LeapXELA_Hardware_ws/install/leap_hand/local/lib/python3.10/dist-packages/leap_hand/leap_hand_s__rosidl_typesupport_introspection_c.cpython-310-x86_64-linux-gnu.so" to ""
[29.910s] -- Installing: /workspace/LeapXELA_Hardware_ws/install/leap_hand/local/lib/python3.10/dist-packages/leap_hand/leap_hand_s__rosidl_typesupport_c.cpython-310-x86_64-linux-gnu.so
[29.911s] -- Set runtime path of "/workspace/LeapXELA_Hardware_ws/install/leap_hand/local/lib/python3.10/dist-packages/leap_hand/leap_hand_s__rosidl_typesupport_c.cpython-310-x86_64-linux-gnu.so" to ""
[29.911s] -- Installing: /workspace/LeapXELA_Hardware_ws/install/leap_hand/lib/libleap_hand__rosidl_generator_py.so
[29.911s] -- Set runtime path of "/workspace/LeapXELA_Hardware_ws/install/leap_hand/lib/libleap_hand__rosidl_generator_py.so" to ""
[29.911s] -- Installing: /workspace/LeapXELA_Hardware_ws/install/leap_hand/share/ament_index/resource_index/rust_packages/leap_hand
[29.912s] -- Installing: /workspace/LeapXELA_Hardware_ws/install/leap_hand/share/leap_hand/rust
[29.912s] -- Installing: /workspace/LeapXELA_Hardware_ws/install/leap_hand/share/leap_hand/rust/Cargo.toml
[29.912s] -- Installing: /workspace/LeapXELA_Hardware_ws/install/leap_hand/share/leap_hand/rust/src
[29.912s] -- Installing: /workspace/LeapXELA_Hardware_ws/install/leap_hand/share/leap_hand/rust/src/lib.rs
[29.912s] -- Installing: /workspace/LeapXELA_Hardware_ws/install/leap_hand/share/leap_hand/rust/src/srv
[29.912s] -- Installing: /workspace/LeapXELA_Hardware_ws/install/leap_hand/share/leap_hand/rust/src/srv/rmw.rs
[29.912s] -- Installing: /workspace/LeapXELA_Hardware_ws/install/leap_hand/share/leap_hand/rust/src/srv.rs
[29.912s] -- Installing: /workspace/LeapXELA_Hardware_ws/install/leap_hand/share/leap_hand/rust/build.rs
[29.913s] -- Installing: /workspace/LeapXELA_Hardware_ws/install/leap_hand/share/leap_hand/srv/LeapVelocity.idl
[29.913s] -- Installing: /workspace/LeapXELA_Hardware_ws/install/leap_hand/share/leap_hand/srv/LeapPosition.idl
[29.913s] -- Installing: /workspace/LeapXELA_Hardware_ws/install/leap_hand/share/leap_hand/srv/LeapEffort.idl
[29.913s] -- Installing: /workspace/LeapXELA_Hardware_ws/install/leap_hand/share/leap_hand/srv/LeapState.idl
[29.913s] -- Installing: /workspace/LeapXELA_Hardware_ws/install/leap_hand/share/leap_hand/srv/LeapVelocity.srv
[29.913s] -- Installing: /workspace/LeapXELA_Hardware_ws/install/leap_hand/share/leap_hand/srv/LeapVelocity_Request.msg
[29.913s] -- Installing: /workspace/LeapXELA_Hardware_ws/install/leap_hand/share/leap_hand/srv/LeapVelocity_Response.msg
[29.914s] -- Installing: /workspace/LeapXELA_Hardware_ws/install/leap_hand/share/leap_hand/srv/LeapPosition.srv
[29.914s] -- Installing: /workspace/LeapXELA_Hardware_ws/install/leap_hand/share/leap_hand/srv/LeapPosition_Request.msg
[29.914s] -- Installing: /workspace/LeapXELA_Hardware_ws/install/leap_hand/share/leap_hand/srv/LeapPosition_Response.msg
[29.914s] -- Installing: /workspace/LeapXELA_Hardware_ws/install/leap_hand/share/leap_hand/srv/LeapEffort.srv
[29.914s] -- Installing: /workspace/LeapXELA_Hardware_ws/install/leap_hand/share/leap_hand/srv/LeapEffort_Request.msg
[29.914s] -- Installing: /workspace/LeapXELA_Hardware_ws/install/leap_hand/share/leap_hand/srv/LeapEffort_Response.msg
[29.914s] -- Installing: /workspace/LeapXELA_Hardware_ws/install/leap_hand/share/leap_hand/srv/LeapState.srv
[29.915s] -- Installing: /workspace/LeapXELA_Hardware_ws/install/leap_hand/share/leap_hand/srv/LeapState_Request.msg
[29.915s] -- Installing: /workspace/LeapXELA_Hardware_ws/install/leap_hand/share/leap_hand/srv/LeapState_Response.msg
[29.915s] -- Installing: /workspace/LeapXELA_Hardware_ws/install/leap_hand/share/ament_index/resource_index/package_run_dependencies/leap_hand
[29.915s] -- Installing: /workspace/LeapXELA_Hardware_ws/install/leap_hand/share/ament_index/resource_index/parent_prefix_path/leap_hand
[29.915s] -- Installing: /workspace/LeapXELA_Hardware_ws/install/leap_hand/share/leap_hand/environment/ament_prefix_path.sh
[29.915s] -- Installing: /workspace/LeapXELA_Hardware_ws/install/leap_hand/share/leap_hand/environment/ament_prefix_path.dsv
[29.916s] -- Installing: /workspace/LeapXELA_Hardware_ws/install/leap_hand/share/leap_hand/environment/path.sh
[29.916s] -- Installing: /workspace/LeapXELA_Hardware_ws/install/leap_hand/share/leap_hand/environment/path.dsv
[29.916s] -- Installing: /workspace/LeapXELA_Hardware_ws/install/leap_hand/share/leap_hand/local_setup.bash
[29.916s] -- Installing: /workspace/LeapXELA_Hardware_ws/install/leap_hand/share/leap_hand/local_setup.sh
[29.916s] -- Installing: /workspace/LeapXELA_Hardware_ws/install/leap_hand/share/leap_hand/local_setup.zsh
[29.916s] -- Installing: /workspace/LeapXELA_Hardware_ws/install/leap_hand/share/leap_hand/local_setup.dsv
[29.917s] -- Installing: /workspace/LeapXELA_Hardware_ws/install/leap_hand/share/leap_hand/package.dsv
[29.917s] -- Installing: /workspace/LeapXELA_Hardware_ws/install/leap_hand/share/ament_index/resource_index/packages/leap_hand
[29.917s] -- Installing: /workspace/LeapXELA_Hardware_ws/install/leap_hand/share/leap_hand/cmake/export_leap_hand__rosidl_generator_cExport.cmake
[29.917s] -- Installing: /workspace/LeapXELA_Hardware_ws/install/leap_hand/share/leap_hand/cmake/export_leap_hand__rosidl_generator_cExport-noconfig.cmake
[29.917s] -- Installing: /workspace/LeapXELA_Hardware_ws/install/leap_hand/share/leap_hand/cmake/export_leap_hand__rosidl_typesupport_fastrtps_cExport.cmake
[29.917s] -- Installing: /workspace/LeapXELA_Hardware_ws/install/leap_hand/share/leap_hand/cmake/export_leap_hand__rosidl_typesupport_fastrtps_cExport-noconfig.cmake
[29.918s] -- Installing: /workspace/LeapXELA_Hardware_ws/install/leap_hand/share/leap_hand/cmake/export_leap_hand__rosidl_generator_cppExport.cmake
[29.918s] -- Installing: /workspace/LeapXELA_Hardware_ws/install/leap_hand/share/leap_hand/cmake/export_leap_hand__rosidl_typesupport_fastrtps_cppExport.cmake
[29.918s] -- Installing: /workspace/LeapXELA_Hardware_ws/install/leap_hand/share/leap_hand/cmake/export_leap_hand__rosidl_typesupport_fastrtps_cppExport-noconfig.cmake
[29.918s] -- Installing: /workspace/LeapXELA_Hardware_ws/install/leap_hand/share/leap_hand/cmake/leap_hand__rosidl_typesupport_introspection_cExport.cmake
[29.918s] -- Installing: /workspace/LeapXELA_Hardware_ws/install/leap_hand/share/leap_hand/cmake/leap_hand__rosidl_typesupport_introspection_cExport-noconfig.cmake
[29.918s] -- Installing: /workspace/LeapXELA_Hardware_ws/install/leap_hand/share/leap_hand/cmake/leap_hand__rosidl_typesupport_cExport.cmake
[29.919s] -- Installing: /workspace/LeapXELA_Hardware_ws/install/leap_hand/share/leap_hand/cmake/leap_hand__rosidl_typesupport_cExport-noconfig.cmake
[29.919s] -- Installing: /workspace/LeapXELA_Hardware_ws/install/leap_hand/share/leap_hand/cmake/leap_hand__rosidl_typesupport_introspection_cppExport.cmake
[29.919s] -- Installing: /workspace/LeapXELA_Hardware_ws/install/leap_hand/share/leap_hand/cmake/leap_hand__rosidl_typesupport_introspection_cppExport-noconfig.cmake
[29.919s] -- Installing: /workspace/LeapXELA_Hardware_ws/install/leap_hand/share/leap_hand/cmake/leap_hand__rosidl_typesupport_cppExport.cmake
[29.919s] -- Installing: /workspace/LeapXELA_Hardware_ws/install/leap_hand/share/leap_hand/cmake/leap_hand__rosidl_typesupport_cppExport-noconfig.cmake
[29.919s] -- Installing: /workspace/LeapXELA_Hardware_ws/install/leap_hand/share/leap_hand/cmake/export_leap_hand__rosidl_generator_pyExport.cmake
[29.920s] -- Installing: /workspace/LeapXELA_Hardware_ws/install/leap_hand/share/leap_hand/cmake/export_leap_hand__rosidl_generator_pyExport-noconfig.cmake
[29.920s] -- Installing: /workspace/LeapXELA_Hardware_ws/install/leap_hand/share/leap_hand/cmake/rosidl_cmake-extras.cmake
[29.920s] -- Installing: /workspace/LeapXELA_Hardware_ws/install/leap_hand/share/leap_hand/cmake/ament_cmake_export_dependencies-extras.cmake
[29.920s] -- Installing: /workspace/LeapXELA_Hardware_ws/install/leap_hand/share/leap_hand/cmake/ament_cmake_export_include_directories-extras.cmake
[29.920s] -- Installing: /workspace/LeapXELA_Hardware_ws/install/leap_hand/share/leap_hand/cmake/ament_cmake_export_libraries-extras.cmake
[29.920s] -- Installing: /workspace/LeapXELA_Hardware_ws/install/leap_hand/share/leap_hand/cmake/ament_cmake_export_targets-extras.cmake
[29.921s] -- Installing: /workspace/LeapXELA_Hardware_ws/install/leap_hand/share/leap_hand/cmake/rosidl_cmake_export_typesupport_targets-extras.cmake
[29.921s] -- Installing: /workspace/LeapXELA_Hardware_ws/install/leap_hand/share/leap_hand/cmake/rosidl_cmake_export_typesupport_libraries-extras.cmake
[29.921s] -- Installing: /workspace/LeapXELA_Hardware_ws/install/leap_hand/share/leap_hand/cmake/leap_handConfig.cmake
[29.921s] -- Installing: /workspace/LeapXELA_Hardware_ws/install/leap_hand/share/leap_hand/cmake/leap_handConfig-version.cmake
[29.921s] -- Installing: /workspace/LeapXELA_Hardware_ws/install/leap_hand/share/leap_hand/package.xml
[29.922s] -- Installing: /workspace/LeapXELA_Hardware_ws/install/leap_hand/lib/leap_hand/leaphand_node.py
[29.922s] -- Installing: /workspace/LeapXELA_Hardware_ws/install/leap_hand/lib/leap_hand/ros2_example.py
[29.922s] -- Installing: /workspace/LeapXELA_Hardware_ws/install/leap_hand/lib/leap_hand/keyboard_node.py
[29.922s] -- Installing: /workspace/LeapXELA_Hardware_ws/install/leap_hand/lib/leap_hand/base.py
[29.922s] -- Installing: /workspace/LeapXELA_Hardware_ws/install/leap_hand/share/leap_hand/config/pose.json
[29.922s] -- Installing: /workspace/LeapXELA_Hardware_ws/install/leap_hand/lib/leap_hand/leap_hand_utils
[29.922s] -- Installing: /workspace/LeapXELA_Hardware_ws/install/leap_hand/lib/leap_hand/leap_hand_utils/__init__.py
[29.923s] -- Installing: /workspace/LeapXELA_Hardware_ws/install/leap_hand/lib/leap_hand/leap_hand_utils/dynamixel_client.py
[29.923s] -- Installing: /workspace/LeapXELA_Hardware_ws/install/leap_hand/lib/leap_hand/leap_hand_utils/leap_hand_utils.py
[29.923s] -- Installing: /workspace/LeapXELA_Hardware_ws/install/leap_hand/share/leap_hand/launch
[29.923s] -- Installing: /workspace/LeapXELA_Hardware_ws/install/leap_hand/share/leap_hand/launch/launch_leap.py
[29.923s] -- Installing: /workspace/LeapXELA_Hardware_ws/install/leap_hand/share/leap_hand/launch/launch_leap_keyboard.py
[29.926s] Invoked command in '/workspace/LeapXELA_Hardware_ws/build/leap_hand' returned '0': CMAKE_PREFIX_PATH=/opt/ros/humble /usr/bin/cmake --install /workspace/LeapXELA_Hardware_ws/build/leap_hand
