/workspace/LeapXELA_Hardware_ws/install/leap_to_leapXela/lib/python3.10/site-packages/leap_to_leapXela/__init__.py
/workspace/LeapXELA_Hardware_ws/install/leap_to_leapXela/lib/python3.10/site-packages/leap_to_leapXela/leapXela_subscriber.py
/workspace/LeapXELA_Hardware_ws/install/leap_to_leapXela/lib/python3.10/site-packages/leap_to_leapXela/leap_publisher.py
/workspace/LeapXELA_Hardware_ws/install/leap_to_leapXela/lib/python3.10/site-packages/leap_to_leapXela/leapXela_right/__init__.py
/workspace/LeapXELA_Hardware_ws/install/leap_to_leapXela/lib/python3.10/site-packages/leap_to_leapXela/leapXela_right/visulize_hand_node.py
/workspace/LeapXELA_Hardware_ws/install/leap_to_leapXela/lib/python3.10/site-packages/leap_to_leapXela/leapXela_right/visulize_finger_node.py
/workspace/LeapXELA_Hardware_ws/install/leap_to_leapXela/lib/python3.10/site-packages/leap_to_leapXela/leapXela_right/visulize_node.py
/workspace/LeapXELA_Hardware_ws/install/leap_to_leapXela/lib/python3.10/site-packages/leap_to_leapXela/leapXela_right/list_to_string.py
/workspace/LeapXELA_Hardware_ws/install/leap_to_leapXela/lib/python3.10/site-packages/leap_to_leapXela/leapXela_right/finger.py
/workspace/LeapXELA_Hardware_ws/install/leap_to_leapXela/lib/python3.10/site-packages/leap_to_leapXela/leapXela_right/visulize_palm_node.py
/workspace/LeapXELA_Hardware_ws/install/leap_to_leapXela/lib/python3.10/site-packages/leap_to_leapXela/leapXela_right/thumb.py
/workspace/LeapXELA_Hardware_ws/install/leap_to_leapXela/lib/python3.10/site-packages/leap_to_leapXela/leapXela_right/palm.py
/workspace/LeapXELA_Hardware_ws/install/leap_to_leapXela/lib/python3.10/site-packages/leap_to_leapXela/leapXela_right/visulize_thumb_node.py
/workspace/LeapXELA_Hardware_ws/install/leap_to_leapXela/lib/python3.10/site-packages/leap_to_leapXela/leapXela_right/hand.py
/workspace/LeapXELA_Hardware_ws/install/leap_to_leapXela/lib/python3.10/site-packages/leap_to_leapXela/leap_hand_mesh_right/config.json
/workspace/LeapXELA_Hardware_ws/install/leap_to_leapXela/lib/python3.10/site-packages/leap_to_leapXela/leap_hand_mesh_right/dip.part
/workspace/LeapXELA_Hardware_ws/install/leap_to_leapXela/lib/python3.10/site-packages/leap_to_leapXela/leap_hand_mesh_right/dip.stl
/workspace/LeapXELA_Hardware_ws/install/leap_to_leapXela/lib/python3.10/site-packages/leap_to_leapXela/leap_hand_mesh_right/fingertip.part
/workspace/LeapXELA_Hardware_ws/install/leap_to_leapXela/lib/python3.10/site-packages/leap_to_leapXela/leap_hand_mesh_right/fingertip.stl
/workspace/LeapXELA_Hardware_ws/install/leap_to_leapXela/lib/python3.10/site-packages/leap_to_leapXela/leap_hand_mesh_right/fingertip_old.stl
/workspace/LeapXELA_Hardware_ws/install/leap_to_leapXela/lib/python3.10/site-packages/leap_to_leapXela/leap_hand_mesh_right/mcp_joint.part
/workspace/LeapXELA_Hardware_ws/install/leap_to_leapXela/lib/python3.10/site-packages/leap_to_leapXela/leap_hand_mesh_right/mcp_joint.stl
/workspace/LeapXELA_Hardware_ws/install/leap_to_leapXela/lib/python3.10/site-packages/leap_to_leapXela/leap_hand_mesh_right/palm_lower.part
/workspace/LeapXELA_Hardware_ws/install/leap_to_leapXela/lib/python3.10/site-packages/leap_to_leapXela/leap_hand_mesh_right/palm_lower.stl
/workspace/LeapXELA_Hardware_ws/install/leap_to_leapXela/lib/python3.10/site-packages/leap_to_leapXela/leap_hand_mesh_right/palm_lower_left.stl
/workspace/LeapXELA_Hardware_ws/install/leap_to_leapXela/lib/python3.10/site-packages/leap_to_leapXela/leap_hand_mesh_right/palm_lower_left_old.stl
/workspace/LeapXELA_Hardware_ws/install/leap_to_leapXela/lib/python3.10/site-packages/leap_to_leapXela/leap_hand_mesh_right/pip.part
/workspace/LeapXELA_Hardware_ws/install/leap_to_leapXela/lib/python3.10/site-packages/leap_to_leapXela/leap_hand_mesh_right/pip.stl
/workspace/LeapXELA_Hardware_ws/install/leap_to_leapXela/lib/python3.10/site-packages/leap_to_leapXela/leap_hand_mesh_right/robot.urdf
/workspace/LeapXELA_Hardware_ws/install/leap_to_leapXela/lib/python3.10/site-packages/leap_to_leapXela/leap_hand_mesh_right/robot_pybullet.urdf
/workspace/LeapXELA_Hardware_ws/install/leap_to_leapXela/lib/python3.10/site-packages/leap_to_leapXela/leap_hand_mesh_right/thumb_dip.part
/workspace/LeapXELA_Hardware_ws/install/leap_to_leapXela/lib/python3.10/site-packages/leap_to_leapXela/leap_hand_mesh_right/thumb_dip.stl
/workspace/LeapXELA_Hardware_ws/install/leap_to_leapXela/lib/python3.10/site-packages/leap_to_leapXela/leap_hand_mesh_right/thumb_fingertip.part
/workspace/LeapXELA_Hardware_ws/install/leap_to_leapXela/lib/python3.10/site-packages/leap_to_leapXela/leap_hand_mesh_right/thumb_fingertip.stl
/workspace/LeapXELA_Hardware_ws/install/leap_to_leapXela/lib/python3.10/site-packages/leap_to_leapXela/leap_hand_mesh_right/thumb_fingertip_old.stl
/workspace/LeapXELA_Hardware_ws/install/leap_to_leapXela/lib/python3.10/site-packages/leap_to_leapXela/leap_hand_mesh_right/thumb_pip.part
/workspace/LeapXELA_Hardware_ws/install/leap_to_leapXela/lib/python3.10/site-packages/leap_to_leapXela/leap_hand_mesh_right/thumb_pip.stl
/workspace/LeapXELA_Hardware_ws/install/leap_to_leapXela/lib/python3.10/site-packages/leap_to_leapXela/leapXela_right/palm.urdf
/workspace/LeapXELA_Hardware_ws/install/leap_to_leapXela/lib/python3.10/site-packages/leap_to_leapXela/leapXela_right/finger.urdf
/workspace/LeapXELA_Hardware_ws/install/leap_to_leapXela/lib/python3.10/site-packages/leap_to_leapXela/leapXela_right/thumb.urdf
/workspace/LeapXELA_Hardware_ws/install/leap_to_leapXela/lib/python3.10/site-packages/leap_to_leapXela/leapXela_right/robot.urdf
/workspace/LeapXELA_Hardware_ws/install/leap_to_leapXela/lib/python3.10/site-packages/leap_to_leapXela/leapXela_right/hand.urdf
/workspace/LeapXELA_Hardware_ws/install/leap_to_leapXela/lib/python3.10/site-packages/leap_to_leapXela/leapXela_right/config.json
/workspace/LeapXELA_Hardware_ws/install/leap_to_leapXela/lib/python3.10/site-packages/leap_to_leapXela/leapXela_right/assets/fingertop_unfied.part
/workspace/LeapXELA_Hardware_ws/install/leap_to_leapXela/lib/python3.10/site-packages/leap_to_leapXela/leapXela_right/assets/p4_unified.stl
/workspace/LeapXELA_Hardware_ws/install/leap_to_leapXela/lib/python3.10/site-packages/leap_to_leapXela/leapXela_right/assets/thp0_unified.stl
/workspace/LeapXELA_Hardware_ws/install/leap_to_leapXela/lib/python3.10/site-packages/leap_to_leapXela/leapXela_right/assets/fingertop_unfied.stl
/workspace/LeapXELA_Hardware_ws/install/leap_to_leapXela/lib/python3.10/site-packages/leap_to_leapXela/leapXela_right/assets/p5_unified.stl
/workspace/LeapXELA_Hardware_ws/install/leap_to_leapXela/lib/python3.10/site-packages/leap_to_leapXela/leapXela_right/assets/palm_face.part
/workspace/LeapXELA_Hardware_ws/install/leap_to_leapXela/lib/python3.10/site-packages/leap_to_leapXela/leapXela_right/assets/thfingertip_unified.part
/workspace/LeapXELA_Hardware_ws/install/leap_to_leapXela/lib/python3.10/site-packages/leap_to_leapXela/leapXela_right/assets/thconnector.stl
/workspace/LeapXELA_Hardware_ws/install/leap_to_leapXela/lib/python3.10/site-packages/leap_to_leapXela/leapXela_right/assets/p3_unified.part
/workspace/LeapXELA_Hardware_ws/install/leap_to_leapXela/lib/python3.10/site-packages/leap_to_leapXela/leapXela_right/assets/thp1_unified.part
/workspace/LeapXELA_Hardware_ws/install/leap_to_leapXela/lib/python3.10/site-packages/leap_to_leapXela/leapXela_right/assets/top_palm.stl
/workspace/LeapXELA_Hardware_ws/install/leap_to_leapXela/lib/python3.10/site-packages/leap_to_leapXela/leapXela_right/assets/leap_hand_xela_motorholder.part
/workspace/LeapXELA_Hardware_ws/install/leap_to_leapXela/lib/python3.10/site-packages/leap_to_leapXela/leapXela_right/assets/clipper.part
/workspace/LeapXELA_Hardware_ws/install/leap_to_leapXela/lib/python3.10/site-packages/leap_to_leapXela/leapXela_right/assets/uspa46.stl
/workspace/LeapXELA_Hardware_ws/install/leap_to_leapXela/lib/python3.10/site-packages/leap_to_leapXela/leapXela_right/assets/leap_hand_xela_motorholder.stl
/workspace/LeapXELA_Hardware_ws/install/leap_to_leapXela/lib/python3.10/site-packages/leap_to_leapXela/leapXela_right/assets/leap_hand_xela_bottom.stl
/workspace/LeapXELA_Hardware_ws/install/leap_to_leapXela/lib/python3.10/site-packages/leap_to_leapXela/leapXela_right/assets/leap_hand_xela_side_cover.stl
/workspace/LeapXELA_Hardware_ws/install/leap_to_leapXela/lib/python3.10/site-packages/leap_to_leapXela/leapXela_right/assets/p5_unified.part
/workspace/LeapXELA_Hardware_ws/install/leap_to_leapXela/lib/python3.10/site-packages/leap_to_leapXela/leapXela_right/assets/p4_unified.part
/workspace/LeapXELA_Hardware_ws/install/leap_to_leapXela/lib/python3.10/site-packages/leap_to_leapXela/leapXela_right/assets/leap_hand_xela_side_cover.part
/workspace/LeapXELA_Hardware_ws/install/leap_to_leapXela/lib/python3.10/site-packages/leap_to_leapXela/leapXela_right/assets/clipper.stl
/workspace/LeapXELA_Hardware_ws/install/leap_to_leapXela/lib/python3.10/site-packages/leap_to_leapXela/leapXela_right/assets/uspa46.part
/workspace/LeapXELA_Hardware_ws/install/leap_to_leapXela/lib/python3.10/site-packages/leap_to_leapXela/leapXela_right/assets/thfingertip_unified.stl
/workspace/LeapXELA_Hardware_ws/install/leap_to_leapXela/lib/python3.10/site-packages/leap_to_leapXela/leapXela_right/assets/leap_hand_xela_back_cover.stl
/workspace/LeapXELA_Hardware_ws/install/leap_to_leapXela/lib/python3.10/site-packages/leap_to_leapXela/leapXela_right/assets/top_palm.part
/workspace/LeapXELA_Hardware_ws/install/leap_to_leapXela/lib/python3.10/site-packages/leap_to_leapXela/leapXela_right/assets/palm_face.stl
/workspace/LeapXELA_Hardware_ws/install/leap_to_leapXela/lib/python3.10/site-packages/leap_to_leapXela/leapXela_right/assets/thp1_unified.stl
/workspace/LeapXELA_Hardware_ws/install/leap_to_leapXela/lib/python3.10/site-packages/leap_to_leapXela/leapXela_right/assets/thconnector.part
/workspace/LeapXELA_Hardware_ws/install/leap_to_leapXela/lib/python3.10/site-packages/leap_to_leapXela/leapXela_right/assets/thp0_unified.part
/workspace/LeapXELA_Hardware_ws/install/leap_to_leapXela/lib/python3.10/site-packages/leap_to_leapXela/leapXela_right/assets/leap_hand_xela_back_cover.part
/workspace/LeapXELA_Hardware_ws/install/leap_to_leapXela/lib/python3.10/site-packages/leap_to_leapXela/leapXela_right/assets/p3_unified.stl
/workspace/LeapXELA_Hardware_ws/install/leap_to_leapXela/lib/python3.10/site-packages/leap_to_leapXela/leapXela_right/assets/leap_hand_xela_bottom.part
/workspace/LeapXELA_Hardware_ws/install/leap_to_leapXela/lib/python3.10/site-packages/leap_to_leapXela/leapXela_right/assets/thp2_unified.stl
/workspace/LeapXELA_Hardware_ws/install/leap_to_leapXela/lib/python3.10/site-packages/leap_to_leapXela/leapXela_right/assets/p2_unified.stl
/workspace/LeapXELA_Hardware_ws/install/leap_to_leapXela/lib/python3.10/site-packages/leap_to_leapXela/leapXela_right/assets/p2_unified.part
/workspace/LeapXELA_Hardware_ws/install/leap_to_leapXela/lib/python3.10/site-packages/leap_to_leapXela/leapXela_right/assets/thp2_unified.part
/workspace/LeapXELA_Hardware_ws/install/leap_to_leapXela/lib/python3.10/site-packages/leap_to_leapXela/__pycache__/__init__.cpython-310.pyc
/workspace/LeapXELA_Hardware_ws/install/leap_to_leapXela/lib/python3.10/site-packages/leap_to_leapXela/__pycache__/leapXela_subscriber.cpython-310.pyc
/workspace/LeapXELA_Hardware_ws/install/leap_to_leapXela/lib/python3.10/site-packages/leap_to_leapXela/__pycache__/leap_publisher.cpython-310.pyc
/workspace/LeapXELA_Hardware_ws/install/leap_to_leapXela/lib/python3.10/site-packages/leap_to_leapXela/leapXela_right/__pycache__/__init__.cpython-310.pyc
/workspace/LeapXELA_Hardware_ws/install/leap_to_leapXela/lib/python3.10/site-packages/leap_to_leapXela/leapXela_right/__pycache__/visulize_hand_node.cpython-310.pyc
/workspace/LeapXELA_Hardware_ws/install/leap_to_leapXela/lib/python3.10/site-packages/leap_to_leapXela/leapXela_right/__pycache__/visulize_finger_node.cpython-310.pyc
/workspace/LeapXELA_Hardware_ws/install/leap_to_leapXela/lib/python3.10/site-packages/leap_to_leapXela/leapXela_right/__pycache__/visulize_node.cpython-310.pyc
/workspace/LeapXELA_Hardware_ws/install/leap_to_leapXela/lib/python3.10/site-packages/leap_to_leapXela/leapXela_right/__pycache__/list_to_string.cpython-310.pyc
/workspace/LeapXELA_Hardware_ws/install/leap_to_leapXela/lib/python3.10/site-packages/leap_to_leapXela/leapXela_right/__pycache__/finger.cpython-310.pyc
/workspace/LeapXELA_Hardware_ws/install/leap_to_leapXela/lib/python3.10/site-packages/leap_to_leapXela/leapXela_right/__pycache__/visulize_palm_node.cpython-310.pyc
/workspace/LeapXELA_Hardware_ws/install/leap_to_leapXela/lib/python3.10/site-packages/leap_to_leapXela/leapXela_right/__pycache__/thumb.cpython-310.pyc
/workspace/LeapXELA_Hardware_ws/install/leap_to_leapXela/lib/python3.10/site-packages/leap_to_leapXela/leapXela_right/__pycache__/palm.cpython-310.pyc
/workspace/LeapXELA_Hardware_ws/install/leap_to_leapXela/lib/python3.10/site-packages/leap_to_leapXela/leapXela_right/__pycache__/visulize_thumb_node.cpython-310.pyc
/workspace/LeapXELA_Hardware_ws/install/leap_to_leapXela/lib/python3.10/site-packages/leap_to_leapXela/leapXela_right/__pycache__/hand.cpython-310.pyc
/workspace/LeapXELA_Hardware_ws/install/leap_to_leapXela/share/ament_index/resource_index/packages/leap_to_leapXela
/workspace/LeapXELA_Hardware_ws/install/leap_to_leapXela/share/leap_to_leapXela/package.xml
/workspace/LeapXELA_Hardware_ws/install/leap_to_leapXela/share/leap_to_leapXela/launch/launch_leap_to_leapXela.py
/workspace/LeapXELA_Hardware_ws/install/leap_to_leapXela/lib/python3.10/site-packages/leap_to_leapXela-0.0.0-py3.10.egg-info/dependency_links.txt
/workspace/LeapXELA_Hardware_ws/install/leap_to_leapXela/lib/python3.10/site-packages/leap_to_leapXela-0.0.0-py3.10.egg-info/SOURCES.txt
/workspace/LeapXELA_Hardware_ws/install/leap_to_leapXela/lib/python3.10/site-packages/leap_to_leapXela-0.0.0-py3.10.egg-info/PKG-INFO
/workspace/LeapXELA_Hardware_ws/install/leap_to_leapXela/lib/python3.10/site-packages/leap_to_leapXela-0.0.0-py3.10.egg-info/requires.txt
/workspace/LeapXELA_Hardware_ws/install/leap_to_leapXela/lib/python3.10/site-packages/leap_to_leapXela-0.0.0-py3.10.egg-info/entry_points.txt
/workspace/LeapXELA_Hardware_ws/install/leap_to_leapXela/lib/python3.10/site-packages/leap_to_leapXela-0.0.0-py3.10.egg-info/zip-safe
/workspace/LeapXELA_Hardware_ws/install/leap_to_leapXela/lib/python3.10/site-packages/leap_to_leapXela-0.0.0-py3.10.egg-info/top_level.txt
/workspace/LeapXELA_Hardware_ws/install/leap_to_leapXela/lib/leap_to_leapXela/leap_publisher
/workspace/LeapXELA_Hardware_ws/install/leap_to_leapXela/lib/leap_to_leapXela/leap_xela_subscriber
