[0.157s] DEBUG:colcon:Command line arguments: ['/usr/bin/colcon', 'build']
[0.157s] DEBUG:colcon:Parsed command line arguments: Namespace(log_base=None, log_level=None, verb_name='build', build_base='build', install_base='install', merge_install=False, symlink_install=False, test_result_base=None, continue_on_error=False, executor='parallel', parallel_workers=4, event_handlers=None, ignore_user_meta=False, metas=['./colcon.meta'], base_paths=['.'], packages_ignore=None, packages_ignore_regex=None, paths=None, packages_up_to=None, packages_up_to_regex=None, packages_above=None, packages_above_and_dependencies=None, packages_above_depth=None, packages_select_by_dep=None, packages_skip_by_dep=None, packages_skip_up_to=None, packages_select_build_failed=False, packages_skip_build_finished=False, packages_select_test_failures=False, packages_skip_test_passed=False, packages_select=None, packages_skip=None, packages_select_regex=None, packages_skip_regex=None, packages_start=None, packages_end=None, allow_overriding=[], cmake_args=None, cmake_target=None, cmake_target_skip_unavailable=False, cmake_clean_cache=False, cmake_clean_first=False, cmake_force_configure=False, ament_cmake_args=None, catkin_cmake_args=None, catkin_skip_building_tests=False, verb_parser=<colcon_defaults.argument_parser.defaults.DefaultArgumentsDecorator object at 0x7dfa1a44dcc0>, verb_extension=<colcon_core.verb.build.BuildVerb object at 0x7dfa1a44d870>, main=<bound method BuildVerb.main of <colcon_core.verb.build.BuildVerb object at 0x7dfa1a44d870>>)
[0.330s] Level 1:colcon.colcon_core.package_discovery:discover_packages(colcon_meta) check parameters
[0.330s] Level 1:colcon.colcon_core.package_discovery:discover_packages(recursive) check parameters
[0.330s] Level 1:colcon.colcon_core.package_discovery:discover_packages(ignore) check parameters
[0.330s] Level 1:colcon.colcon_core.package_discovery:discover_packages(path) check parameters
[0.330s] Level 1:colcon.colcon_core.package_discovery:discover_packages(colcon_meta) discover
[0.330s] Level 1:colcon.colcon_core.package_discovery:discover_packages(recursive) discover
[0.330s] INFO:colcon.colcon_core.package_discovery:Crawling recursively for packages in '/workspace/xela_ws/LeapXELA_Hardware_ws/ros_ws/src'
[0.330s] Level 1:colcon.colcon_core.package_identification:_identify(.) by extensions ['ignore', 'ignore_ament_install']
[0.330s] Level 1:colcon.colcon_core.package_identification:_identify(.) by extension 'ignore'
[0.330s] Level 1:colcon.colcon_core.package_identification:_identify(.) by extension 'ignore_ament_install'
[0.330s] Level 1:colcon.colcon_core.package_identification:_identify(.) by extensions ['colcon_pkg']
[0.330s] Level 1:colcon.colcon_core.package_identification:_identify(.) by extension 'colcon_pkg'
[0.331s] Level 1:colcon.colcon_core.package_identification:_identify(.) by extensions ['colcon_meta']
[0.331s] Level 1:colcon.colcon_core.package_identification:_identify(.) by extension 'colcon_meta'
[0.331s] Level 1:colcon.colcon_core.package_identification:_identify(.) by extensions ['ros']
[0.331s] Level 1:colcon.colcon_core.package_identification:_identify(.) by extension 'ros'
[0.348s] Level 1:colcon.colcon_core.package_identification:_identify(.) by extensions ['cmake', 'python']
[0.348s] Level 1:colcon.colcon_core.package_identification:_identify(.) by extension 'cmake'
[0.348s] Level 1:colcon.colcon_core.package_identification:_identify(.) by extension 'python'
[0.349s] Level 1:colcon.colcon_core.package_identification:_identify(.) by extensions ['python_setup_py']
[0.349s] Level 1:colcon.colcon_core.package_identification:_identify(.) by extension 'python_setup_py'
[0.349s] Level 1:colcon.colcon_core.package_identification:_identify(LEAP_Hand_API) by extensions ['ignore', 'ignore_ament_install']
[0.349s] Level 1:colcon.colcon_core.package_identification:_identify(LEAP_Hand_API) by extension 'ignore'
[0.349s] Level 1:colcon.colcon_core.package_identification:_identify(LEAP_Hand_API) by extension 'ignore_ament_install'
[0.349s] Level 1:colcon.colcon_core.package_identification:_identify(LEAP_Hand_API) by extensions ['colcon_pkg']
[0.349s] Level 1:colcon.colcon_core.package_identification:_identify(LEAP_Hand_API) by extension 'colcon_pkg'
[0.349s] Level 1:colcon.colcon_core.package_identification:_identify(LEAP_Hand_API) by extensions ['colcon_meta']
[0.349s] Level 1:colcon.colcon_core.package_identification:_identify(LEAP_Hand_API) by extension 'colcon_meta'
[0.349s] Level 1:colcon.colcon_core.package_identification:_identify(LEAP_Hand_API) by extensions ['ros']
[0.349s] Level 1:colcon.colcon_core.package_identification:_identify(LEAP_Hand_API) by extension 'ros'
[0.350s] Level 1:colcon.colcon_core.package_identification:_identify(LEAP_Hand_API) by extensions ['cmake', 'python']
[0.350s] Level 1:colcon.colcon_core.package_identification:_identify(LEAP_Hand_API) by extension 'cmake'
[0.350s] Level 1:colcon.colcon_core.package_identification:_identify(LEAP_Hand_API) by extension 'python'
[0.350s] Level 1:colcon.colcon_core.package_identification:_identify(LEAP_Hand_API) by extensions ['python_setup_py']
[0.350s] Level 1:colcon.colcon_core.package_identification:_identify(LEAP_Hand_API) by extension 'python_setup_py'
[0.350s] Level 1:colcon.colcon_core.package_identification:_identify(LEAP_Hand_API/python) by extensions ['ignore', 'ignore_ament_install']
[0.350s] Level 1:colcon.colcon_core.package_identification:_identify(LEAP_Hand_API/python) by extension 'ignore'
[0.350s] Level 1:colcon.colcon_core.package_identification:_identify(LEAP_Hand_API/python) by extension 'ignore_ament_install'
[0.350s] Level 1:colcon.colcon_core.package_identification:_identify(LEAP_Hand_API/python) by extensions ['colcon_pkg']
[0.350s] Level 1:colcon.colcon_core.package_identification:_identify(LEAP_Hand_API/python) by extension 'colcon_pkg'
[0.350s] Level 1:colcon.colcon_core.package_identification:_identify(LEAP_Hand_API/python) by extensions ['colcon_meta']
[0.350s] Level 1:colcon.colcon_core.package_identification:_identify(LEAP_Hand_API/python) by extension 'colcon_meta'
[0.351s] Level 1:colcon.colcon_core.package_identification:_identify(LEAP_Hand_API/python) by extensions ['ros']
[0.351s] Level 1:colcon.colcon_core.package_identification:_identify(LEAP_Hand_API/python) by extension 'ros'
[0.351s] Level 1:colcon.colcon_core.package_identification:_identify(LEAP_Hand_API/python) by extensions ['cmake', 'python']
[0.351s] Level 1:colcon.colcon_core.package_identification:_identify(LEAP_Hand_API/python) by extension 'cmake'
[0.351s] Level 1:colcon.colcon_core.package_identification:_identify(LEAP_Hand_API/python) by extension 'python'
[0.351s] Level 1:colcon.colcon_core.package_identification:_identify(LEAP_Hand_API/python) by extensions ['python_setup_py']
[0.351s] Level 1:colcon.colcon_core.package_identification:_identify(LEAP_Hand_API/python) by extension 'python_setup_py'
[0.351s] Level 1:colcon.colcon_core.package_identification:_identify(LEAP_Hand_API/python/leap_hand_utils) by extensions ['ignore', 'ignore_ament_install']
[0.351s] Level 1:colcon.colcon_core.package_identification:_identify(LEAP_Hand_API/python/leap_hand_utils) by extension 'ignore'
[0.351s] Level 1:colcon.colcon_core.package_identification:_identify(LEAP_Hand_API/python/leap_hand_utils) by extension 'ignore_ament_install'
[0.352s] Level 1:colcon.colcon_core.package_identification:_identify(LEAP_Hand_API/python/leap_hand_utils) by extensions ['colcon_pkg']
[0.352s] Level 1:colcon.colcon_core.package_identification:_identify(LEAP_Hand_API/python/leap_hand_utils) by extension 'colcon_pkg'
[0.352s] Level 1:colcon.colcon_core.package_identification:_identify(LEAP_Hand_API/python/leap_hand_utils) by extensions ['colcon_meta']
[0.352s] Level 1:colcon.colcon_core.package_identification:_identify(LEAP_Hand_API/python/leap_hand_utils) by extension 'colcon_meta'
[0.352s] Level 1:colcon.colcon_core.package_identification:_identify(LEAP_Hand_API/python/leap_hand_utils) by extensions ['ros']
[0.352s] Level 1:colcon.colcon_core.package_identification:_identify(LEAP_Hand_API/python/leap_hand_utils) by extension 'ros'
[0.352s] Level 1:colcon.colcon_core.package_identification:_identify(LEAP_Hand_API/python/leap_hand_utils) by extensions ['cmake', 'python']
[0.352s] Level 1:colcon.colcon_core.package_identification:_identify(LEAP_Hand_API/python/leap_hand_utils) by extension 'cmake'
[0.352s] Level 1:colcon.colcon_core.package_identification:_identify(LEAP_Hand_API/python/leap_hand_utils) by extension 'python'
[0.352s] Level 1:colcon.colcon_core.package_identification:_identify(LEAP_Hand_API/python/leap_hand_utils) by extensions ['python_setup_py']
[0.352s] Level 1:colcon.colcon_core.package_identification:_identify(LEAP_Hand_API/python/leap_hand_utils) by extension 'python_setup_py'
[0.352s] Level 1:colcon.colcon_core.package_identification:_identify(LEAP_Hand_API/ros2_module) by extensions ['ignore', 'ignore_ament_install']
[0.352s] Level 1:colcon.colcon_core.package_identification:_identify(LEAP_Hand_API/ros2_module) by extension 'ignore'
[0.353s] Level 1:colcon.colcon_core.package_identification:_identify(LEAP_Hand_API/ros2_module) by extension 'ignore_ament_install'
[0.353s] Level 1:colcon.colcon_core.package_identification:_identify(LEAP_Hand_API/ros2_module) by extensions ['colcon_pkg']
[0.353s] Level 1:colcon.colcon_core.package_identification:_identify(LEAP_Hand_API/ros2_module) by extension 'colcon_pkg'
[0.353s] Level 1:colcon.colcon_core.package_identification:_identify(LEAP_Hand_API/ros2_module) by extensions ['colcon_meta']
[0.353s] Level 1:colcon.colcon_core.package_identification:_identify(LEAP_Hand_API/ros2_module) by extension 'colcon_meta'
[0.353s] Level 1:colcon.colcon_core.package_identification:_identify(LEAP_Hand_API/ros2_module) by extensions ['ros']
[0.353s] Level 1:colcon.colcon_core.package_identification:_identify(LEAP_Hand_API/ros2_module) by extension 'ros'
[0.357s] DEBUG:colcon.colcon_core.package_identification:Package 'LEAP_Hand_API/ros2_module' with type 'ros.ament_cmake' and name 'leap_hand'
[0.358s] Level 1:colcon.colcon_core.package_identification:_identify(LEAP_Hand_API/useful_tools) by extensions ['ignore', 'ignore_ament_install']
[0.358s] Level 1:colcon.colcon_core.package_identification:_identify(LEAP_Hand_API/useful_tools) by extension 'ignore'
[0.358s] Level 1:colcon.colcon_core.package_identification:_identify(LEAP_Hand_API/useful_tools) by extension 'ignore_ament_install'
[0.358s] Level 1:colcon.colcon_core.package_identification:_identify(LEAP_Hand_API/useful_tools) by extensions ['colcon_pkg']
[0.358s] Level 1:colcon.colcon_core.package_identification:_identify(LEAP_Hand_API/useful_tools) by extension 'colcon_pkg'
[0.358s] Level 1:colcon.colcon_core.package_identification:_identify(LEAP_Hand_API/useful_tools) by extensions ['colcon_meta']
[0.358s] Level 1:colcon.colcon_core.package_identification:_identify(LEAP_Hand_API/useful_tools) by extension 'colcon_meta'
[0.358s] Level 1:colcon.colcon_core.package_identification:_identify(LEAP_Hand_API/useful_tools) by extensions ['ros']
[0.358s] Level 1:colcon.colcon_core.package_identification:_identify(LEAP_Hand_API/useful_tools) by extension 'ros'
[0.358s] Level 1:colcon.colcon_core.package_identification:_identify(LEAP_Hand_API/useful_tools) by extensions ['cmake', 'python']
[0.358s] Level 1:colcon.colcon_core.package_identification:_identify(LEAP_Hand_API/useful_tools) by extension 'cmake'
[0.359s] Level 1:colcon.colcon_core.package_identification:_identify(LEAP_Hand_API/useful_tools) by extension 'python'
[0.359s] Level 1:colcon.colcon_core.package_identification:_identify(LEAP_Hand_API/useful_tools) by extensions ['python_setup_py']
[0.359s] Level 1:colcon.colcon_core.package_identification:_identify(LEAP_Hand_API/useful_tools) by extension 'python_setup_py'
[0.359s] Level 1:colcon.colcon_core.package_identification:_identify(build) by extensions ['ignore', 'ignore_ament_install']
[0.359s] Level 1:colcon.colcon_core.package_identification:_identify(build) by extension 'ignore'
[0.359s] Level 1:colcon.colcon_core.package_identification:_identify(build) ignored
[0.359s] Level 1:colcon.colcon_core.package_identification:_identify(install) by extensions ['ignore', 'ignore_ament_install']
[0.359s] Level 1:colcon.colcon_core.package_identification:_identify(install) by extension 'ignore'
[0.359s] Level 1:colcon.colcon_core.package_identification:_identify(install) ignored
[0.360s] Level 1:colcon.colcon_core.package_identification:_identify(log) by extensions ['ignore', 'ignore_ament_install']
[0.360s] Level 1:colcon.colcon_core.package_identification:_identify(log) by extension 'ignore'
[0.360s] Level 1:colcon.colcon_core.package_identification:_identify(log) ignored
[0.360s] Level 1:colcon.colcon_core.package_identification:_identify(xela_data_collection) by extensions ['ignore', 'ignore_ament_install']
[0.360s] Level 1:colcon.colcon_core.package_identification:_identify(xela_data_collection) by extension 'ignore'
[0.360s] Level 1:colcon.colcon_core.package_identification:_identify(xela_data_collection) by extension 'ignore_ament_install'
[0.360s] Level 1:colcon.colcon_core.package_identification:_identify(xela_data_collection) by extensions ['colcon_pkg']
[0.360s] Level 1:colcon.colcon_core.package_identification:_identify(xela_data_collection) by extension 'colcon_pkg'
[0.360s] Level 1:colcon.colcon_core.package_identification:_identify(xela_data_collection) by extensions ['colcon_meta']
[0.360s] Level 1:colcon.colcon_core.package_identification:_identify(xela_data_collection) by extension 'colcon_meta'
[0.361s] Level 1:colcon.colcon_core.package_identification:_identify(xela_data_collection) by extensions ['ros']
[0.361s] Level 1:colcon.colcon_core.package_identification:_identify(xela_data_collection) by extension 'ros'
[0.361s] DEBUG:colcon.colcon_core.package_identification:Package 'xela_data_collection' with type 'ros.ament_python' and name 'xela_data_collection'
[0.362s] Level 1:colcon.colcon_core.package_identification:_identify(xela_server_ros2) by extensions ['ignore', 'ignore_ament_install']
[0.362s] Level 1:colcon.colcon_core.package_identification:_identify(xela_server_ros2) by extension 'ignore'
[0.362s] Level 1:colcon.colcon_core.package_identification:_identify(xela_server_ros2) by extension 'ignore_ament_install'
[0.362s] Level 1:colcon.colcon_core.package_identification:_identify(xela_server_ros2) by extensions ['colcon_pkg']
[0.362s] Level 1:colcon.colcon_core.package_identification:_identify(xela_server_ros2) by extension 'colcon_pkg'
[0.362s] Level 1:colcon.colcon_core.package_identification:_identify(xela_server_ros2) by extensions ['colcon_meta']
[0.362s] Level 1:colcon.colcon_core.package_identification:_identify(xela_server_ros2) by extension 'colcon_meta'
[0.362s] Level 1:colcon.colcon_core.package_identification:_identify(xela_server_ros2) by extensions ['ros']
[0.362s] Level 1:colcon.colcon_core.package_identification:_identify(xela_server_ros2) by extension 'ros'
[0.364s] DEBUG:colcon.colcon_core.package_identification:Package 'xela_server_ros2' with type 'ros.ament_cmake' and name 'xela_server_ros2'
[0.364s] Level 1:colcon.colcon_core.package_discovery:discover_packages(recursive) using defaults
[0.364s] Level 1:colcon.colcon_core.package_discovery:discover_packages(ignore) discover
[0.364s] Level 1:colcon.colcon_core.package_discovery:discover_packages(ignore) using defaults
[0.364s] Level 1:colcon.colcon_core.package_discovery:discover_packages(path) discover
[0.364s] Level 1:colcon.colcon_core.package_discovery:discover_packages(path) using defaults
[0.394s] Level 1:colcon.colcon_core.package_discovery:discover_packages(prefix_path) check parameters
[0.395s] Level 1:colcon.colcon_core.package_discovery:discover_packages(prefix_path) discover
[0.396s] Level 1:colcon.colcon_core.package_discovery:discover_packages(prefix_path) using defaults
[0.397s] Level 5:colcon.colcon_core.verb:set package 'leap_hand' build argument 'cmake_args' from command line to 'None'
[0.397s] Level 5:colcon.colcon_core.verb:set package 'leap_hand' build argument 'cmake_target' from command line to 'None'
[0.397s] Level 5:colcon.colcon_core.verb:set package 'leap_hand' build argument 'cmake_target_skip_unavailable' from command line to 'False'
[0.397s] Level 5:colcon.colcon_core.verb:set package 'leap_hand' build argument 'cmake_clean_cache' from command line to 'False'
[0.397s] Level 5:colcon.colcon_core.verb:set package 'leap_hand' build argument 'cmake_clean_first' from command line to 'False'
[0.397s] Level 5:colcon.colcon_core.verb:set package 'leap_hand' build argument 'cmake_force_configure' from command line to 'False'
[0.397s] Level 5:colcon.colcon_core.verb:set package 'leap_hand' build argument 'ament_cmake_args' from command line to 'None'
[0.397s] Level 5:colcon.colcon_core.verb:set package 'leap_hand' build argument 'catkin_cmake_args' from command line to 'None'
[0.397s] Level 5:colcon.colcon_core.verb:set package 'leap_hand' build argument 'catkin_skip_building_tests' from command line to 'False'
[0.397s] DEBUG:colcon.colcon_core.verb:Building package 'leap_hand' with the following arguments: {'ament_cmake_args': None, 'build_base': '/workspace/xela_ws/LeapXELA_Hardware_ws/ros_ws/src/build/leap_hand', 'catkin_cmake_args': None, 'catkin_skip_building_tests': False, 'cmake_args': None, 'cmake_clean_cache': False, 'cmake_clean_first': False, 'cmake_force_configure': False, 'cmake_target': None, 'cmake_target_skip_unavailable': False, 'install_base': '/workspace/xela_ws/LeapXELA_Hardware_ws/ros_ws/src/install/leap_hand', 'merge_install': False, 'path': '/workspace/xela_ws/LeapXELA_Hardware_ws/ros_ws/src/LEAP_Hand_API/ros2_module', 'symlink_install': False, 'test_result_base': None}
[0.398s] Level 5:colcon.colcon_core.verb:set package 'xela_server_ros2' build argument 'cmake_args' from command line to 'None'
[0.398s] Level 5:colcon.colcon_core.verb:set package 'xela_server_ros2' build argument 'cmake_target' from command line to 'None'
[0.398s] Level 5:colcon.colcon_core.verb:set package 'xela_server_ros2' build argument 'cmake_target_skip_unavailable' from command line to 'False'
[0.398s] Level 5:colcon.colcon_core.verb:set package 'xela_server_ros2' build argument 'cmake_clean_cache' from command line to 'False'
[0.398s] Level 5:colcon.colcon_core.verb:set package 'xela_server_ros2' build argument 'cmake_clean_first' from command line to 'False'
[0.398s] Level 5:colcon.colcon_core.verb:set package 'xela_server_ros2' build argument 'cmake_force_configure' from command line to 'False'
[0.398s] Level 5:colcon.colcon_core.verb:set package 'xela_server_ros2' build argument 'ament_cmake_args' from command line to 'None'
[0.398s] Level 5:colcon.colcon_core.verb:set package 'xela_server_ros2' build argument 'catkin_cmake_args' from command line to 'None'
[0.398s] Level 5:colcon.colcon_core.verb:set package 'xela_server_ros2' build argument 'catkin_skip_building_tests' from command line to 'False'
[0.398s] DEBUG:colcon.colcon_core.verb:Building package 'xela_server_ros2' with the following arguments: {'ament_cmake_args': None, 'build_base': '/workspace/xela_ws/LeapXELA_Hardware_ws/ros_ws/src/build/xela_server_ros2', 'catkin_cmake_args': None, 'catkin_skip_building_tests': False, 'cmake_args': None, 'cmake_clean_cache': False, 'cmake_clean_first': False, 'cmake_force_configure': False, 'cmake_target': None, 'cmake_target_skip_unavailable': False, 'install_base': '/workspace/xela_ws/LeapXELA_Hardware_ws/ros_ws/src/install/xela_server_ros2', 'merge_install': False, 'path': '/workspace/xela_ws/LeapXELA_Hardware_ws/ros_ws/src/xela_server_ros2', 'symlink_install': False, 'test_result_base': None}
[0.398s] Level 5:colcon.colcon_core.verb:set package 'xela_data_collection' build argument 'cmake_args' from command line to 'None'
[0.398s] Level 5:colcon.colcon_core.verb:set package 'xela_data_collection' build argument 'cmake_target' from command line to 'None'
[0.399s] Level 5:colcon.colcon_core.verb:set package 'xela_data_collection' build argument 'cmake_target_skip_unavailable' from command line to 'False'
[0.399s] Level 5:colcon.colcon_core.verb:set package 'xela_data_collection' build argument 'cmake_clean_cache' from command line to 'False'
[0.399s] Level 5:colcon.colcon_core.verb:set package 'xela_data_collection' build argument 'cmake_clean_first' from command line to 'False'
[0.399s] Level 5:colcon.colcon_core.verb:set package 'xela_data_collection' build argument 'cmake_force_configure' from command line to 'False'
[0.399s] Level 5:colcon.colcon_core.verb:set package 'xela_data_collection' build argument 'ament_cmake_args' from command line to 'None'
[0.399s] Level 5:colcon.colcon_core.verb:set package 'xela_data_collection' build argument 'catkin_cmake_args' from command line to 'None'
[0.399s] Level 5:colcon.colcon_core.verb:set package 'xela_data_collection' build argument 'catkin_skip_building_tests' from command line to 'False'
[0.399s] DEBUG:colcon.colcon_core.verb:Building package 'xela_data_collection' with the following arguments: {'ament_cmake_args': None, 'build_base': '/workspace/xela_ws/LeapXELA_Hardware_ws/ros_ws/src/build/xela_data_collection', 'catkin_cmake_args': None, 'catkin_skip_building_tests': False, 'cmake_args': None, 'cmake_clean_cache': False, 'cmake_clean_first': False, 'cmake_force_configure': False, 'cmake_target': None, 'cmake_target_skip_unavailable': False, 'install_base': '/workspace/xela_ws/LeapXELA_Hardware_ws/ros_ws/src/install/xela_data_collection', 'merge_install': False, 'path': '/workspace/xela_ws/LeapXELA_Hardware_ws/ros_ws/src/xela_data_collection', 'symlink_install': False, 'test_result_base': None}
[0.399s] INFO:colcon.colcon_core.executor:Executing jobs using 'parallel' executor
[0.400s] DEBUG:colcon.colcon_parallel_executor.executor.parallel:run_until_complete
[0.401s] INFO:colcon.colcon_ros.task.ament_cmake.build:Building ROS package in '/workspace/xela_ws/LeapXELA_Hardware_ws/ros_ws/src/xela_server_ros2' with build type 'ament_cmake'
[0.401s] INFO:colcon.colcon_cmake.task.cmake.build:Building CMake package in '/workspace/xela_ws/LeapXELA_Hardware_ws/ros_ws/src/xela_server_ros2'
[0.404s] INFO:colcon.colcon_core.plugin_system:Skipping extension 'colcon_core.shell.bat': Not used on non-Windows systems
[0.404s] INFO:colcon.colcon_core.shell:Skip shell extension 'powershell' for command environment: Not usable outside of PowerShell
[0.404s] DEBUG:colcon.colcon_core.shell:Skip shell extension 'dsv' for command environment
[0.408s] INFO:colcon.colcon_ros.task.ament_cmake.build:Building ROS package in '/workspace/xela_ws/LeapXELA_Hardware_ws/ros_ws/src/LEAP_Hand_API/ros2_module' with build type 'ament_cmake'
[0.408s] INFO:colcon.colcon_cmake.task.cmake.build:Building CMake package in '/workspace/xela_ws/LeapXELA_Hardware_ws/ros_ws/src/LEAP_Hand_API/ros2_module'
[0.408s] INFO:colcon.colcon_core.shell:Skip shell extension 'powershell' for command environment: Not usable outside of PowerShell
[0.409s] DEBUG:colcon.colcon_core.shell:Skip shell extension 'dsv' for command environment
[0.414s] DEBUG:colcon.colcon_core.event_handler.log_command:Invoking command in '/workspace/xela_ws/LeapXELA_Hardware_ws/ros_ws/src/build/xela_server_ros2': /usr/bin/cmake /workspace/xela_ws/LeapXELA_Hardware_ws/ros_ws/src/xela_server_ros2 -DCMAKE_INSTALL_PREFIX=/workspace/xela_ws/LeapXELA_Hardware_ws/ros_ws/src/install/xela_server_ros2
[0.432s] DEBUG:colcon.colcon_core.event_handler.log_command:Invoking command in '/workspace/xela_ws/LeapXELA_Hardware_ws/ros_ws/src/build/leap_hand': /usr/bin/cmake /workspace/xela_ws/LeapXELA_Hardware_ws/ros_ws/src/LEAP_Hand_API/ros2_module -DCMAKE_INSTALL_PREFIX=/workspace/xela_ws/LeapXELA_Hardware_ws/ros_ws/src/install/leap_hand
[0.478s] DEBUG:colcon.colcon_core.event_handler.log_command:Invoked command in '/workspace/xela_ws/LeapXELA_Hardware_ws/ros_ws/src/build/xela_server_ros2' returned '1': /usr/bin/cmake /workspace/xela_ws/LeapXELA_Hardware_ws/ros_ws/src/xela_server_ros2 -DCMAKE_INSTALL_PREFIX=/workspace/xela_ws/LeapXELA_Hardware_ws/ros_ws/src/install/xela_server_ros2
[0.485s] DEBUG:colcon.colcon_core.event_handler.log_command:Invoked command in '/workspace/xela_ws/LeapXELA_Hardware_ws/ros_ws/src/build/leap_hand' returned '1': /usr/bin/cmake /workspace/xela_ws/LeapXELA_Hardware_ws/ros_ws/src/LEAP_Hand_API/ros2_module -DCMAKE_INSTALL_PREFIX=/workspace/xela_ws/LeapXELA_Hardware_ws/ros_ws/src/install/leap_hand
[0.499s] Level 1:colcon.colcon_core.environment:create_environment_scripts_only(xela_server_ros2)
[0.503s] Level 1:colcon.colcon_core.environment:checking '/workspace/xela_ws/LeapXELA_Hardware_ws/ros_ws/src/install/xela_server_ros2' for CMake module files
[0.504s] Level 1:colcon.colcon_core.environment:checking '/workspace/xela_ws/LeapXELA_Hardware_ws/ros_ws/src/install/xela_server_ros2' for CMake config files
[0.505s] Level 1:colcon.colcon_core.environment:checking '/workspace/xela_ws/LeapXELA_Hardware_ws/ros_ws/src/install/xela_server_ros2/bin'
[0.505s] Level 1:colcon.colcon_core.environment:checking '/workspace/xela_ws/LeapXELA_Hardware_ws/ros_ws/src/install/xela_server_ros2/lib/pkgconfig/xela_server_ros2.pc'
[0.508s] Level 1:colcon.colcon_core.environment:checking '/workspace/xela_ws/LeapXELA_Hardware_ws/ros_ws/src/install/xela_server_ros2/lib/python3.10/site-packages'
[0.509s] Level 1:colcon.colcon_core.environment:checking '/workspace/xela_ws/LeapXELA_Hardware_ws/ros_ws/src/install/xela_server_ros2/bin'
[0.509s] INFO:colcon.colcon_core.shell:Creating package script '/workspace/xela_ws/LeapXELA_Hardware_ws/ros_ws/src/install/xela_server_ros2/share/xela_server_ros2/package.ps1'
[0.510s] INFO:colcon.colcon_core.shell:Creating package descriptor '/workspace/xela_ws/LeapXELA_Hardware_ws/ros_ws/src/install/xela_server_ros2/share/xela_server_ros2/package.dsv'
[0.511s] INFO:colcon.colcon_core.shell:Creating package script '/workspace/xela_ws/LeapXELA_Hardware_ws/ros_ws/src/install/xela_server_ros2/share/xela_server_ros2/package.sh'
[0.512s] INFO:colcon.colcon_core.shell:Creating package script '/workspace/xela_ws/LeapXELA_Hardware_ws/ros_ws/src/install/xela_server_ros2/share/xela_server_ros2/package.bash'
[0.515s] INFO:colcon.colcon_core.shell:Creating package script '/workspace/xela_ws/LeapXELA_Hardware_ws/ros_ws/src/install/xela_server_ros2/share/xela_server_ros2/package.zsh'
[0.516s] Level 1:colcon.colcon_core.environment:create_file_with_runtime_dependencies(/workspace/xela_ws/LeapXELA_Hardware_ws/ros_ws/src/install/xela_server_ros2/share/colcon-core/packages/xela_server_ros2)
[0.517s] Level 1:colcon.colcon_core.environment:create_environment_scripts_only(leap_hand)
[0.517s] Level 1:colcon.colcon_core.environment:checking '/workspace/xela_ws/LeapXELA_Hardware_ws/ros_ws/src/install/leap_hand' for CMake module files
[0.518s] Level 1:colcon.colcon_core.environment:checking '/workspace/xela_ws/LeapXELA_Hardware_ws/ros_ws/src/install/leap_hand' for CMake config files
[0.518s] Level 1:colcon.colcon_core.environment:checking '/workspace/xela_ws/LeapXELA_Hardware_ws/ros_ws/src/install/leap_hand/bin'
[0.518s] Level 1:colcon.colcon_core.environment:checking '/workspace/xela_ws/LeapXELA_Hardware_ws/ros_ws/src/install/leap_hand/lib/pkgconfig/leap_hand.pc'
[0.519s] Level 1:colcon.colcon_core.environment:checking '/workspace/xela_ws/LeapXELA_Hardware_ws/ros_ws/src/install/leap_hand/lib/python3.10/site-packages'
[0.520s] Level 1:colcon.colcon_core.environment:checking '/workspace/xela_ws/LeapXELA_Hardware_ws/ros_ws/src/install/leap_hand/bin'
[0.520s] INFO:colcon.colcon_core.shell:Creating package script '/workspace/xela_ws/LeapXELA_Hardware_ws/ros_ws/src/install/leap_hand/share/leap_hand/package.ps1'
[0.522s] INFO:colcon.colcon_core.shell:Creating package descriptor '/workspace/xela_ws/LeapXELA_Hardware_ws/ros_ws/src/install/leap_hand/share/leap_hand/package.dsv'
[0.522s] INFO:colcon.colcon_core.shell:Creating package script '/workspace/xela_ws/LeapXELA_Hardware_ws/ros_ws/src/install/leap_hand/share/leap_hand/package.sh'
[0.523s] INFO:colcon.colcon_core.shell:Creating package script '/workspace/xela_ws/LeapXELA_Hardware_ws/ros_ws/src/install/leap_hand/share/leap_hand/package.bash'
[0.524s] INFO:colcon.colcon_core.shell:Creating package script '/workspace/xela_ws/LeapXELA_Hardware_ws/ros_ws/src/install/leap_hand/share/leap_hand/package.zsh'
[0.525s] Level 1:colcon.colcon_core.environment:create_file_with_runtime_dependencies(/workspace/xela_ws/LeapXELA_Hardware_ws/ros_ws/src/install/leap_hand/share/colcon-core/packages/leap_hand)
[0.526s] DEBUG:colcon.colcon_parallel_executor.executor.parallel:closing loop
[0.527s] DEBUG:colcon.colcon_parallel_executor.executor.parallel:loop closed
[0.527s] DEBUG:colcon.colcon_parallel_executor.executor.parallel:run_until_complete finished with '1'
[0.527s] DEBUG:colcon.colcon_core.event_reactor:joining thread
[0.536s] INFO:colcon.colcon_core.plugin_system:Skipping extension 'colcon_notification.desktop_notification.notify_send': Could not find 'notify-send'
[0.536s] INFO:colcon.colcon_core.plugin_system:Skipping extension 'colcon_notification.desktop_notification.terminal_notifier': Not used on non-Darwin systems
[0.537s] INFO:colcon.colcon_core.plugin_system:Skipping extension 'colcon_notification.desktop_notification.win32': Not used on non-Windows systems
[0.537s] INFO:colcon.colcon_notification.desktop_notification:Sending desktop notification using 'notify2'
[0.540s] DEBUG:colcon.colcon_notification.desktop_notification.notify2:Failed to initialize notify2: org.freedesktop.DBus.Error.Spawn.ExecFailed: /usr/bin/dbus-launch terminated abnormally without any error message
[0.541s] DEBUG:colcon.colcon_core.event_reactor:joined thread
[0.542s] INFO:colcon.colcon_core.shell:Creating prefix script '/workspace/xela_ws/LeapXELA_Hardware_ws/ros_ws/src/install/local_setup.ps1'
[0.545s] INFO:colcon.colcon_core.shell:Creating prefix util module '/workspace/xela_ws/LeapXELA_Hardware_ws/ros_ws/src/install/_local_setup_util_ps1.py'
[0.549s] INFO:colcon.colcon_core.shell:Creating prefix chain script '/workspace/xela_ws/LeapXELA_Hardware_ws/ros_ws/src/install/setup.ps1'
[0.551s] INFO:colcon.colcon_core.shell:Creating prefix script '/workspace/xela_ws/LeapXELA_Hardware_ws/ros_ws/src/install/local_setup.sh'
[0.552s] INFO:colcon.colcon_core.shell:Creating prefix util module '/workspace/xela_ws/LeapXELA_Hardware_ws/ros_ws/src/install/_local_setup_util_sh.py'
[0.553s] INFO:colcon.colcon_core.shell:Creating prefix chain script '/workspace/xela_ws/LeapXELA_Hardware_ws/ros_ws/src/install/setup.sh'
[0.554s] INFO:colcon.colcon_core.shell:Creating prefix script '/workspace/xela_ws/LeapXELA_Hardware_ws/ros_ws/src/install/local_setup.bash'
[0.555s] INFO:colcon.colcon_core.shell:Creating prefix chain script '/workspace/xela_ws/LeapXELA_Hardware_ws/ros_ws/src/install/setup.bash'
[0.557s] INFO:colcon.colcon_core.shell:Creating prefix script '/workspace/xela_ws/LeapXELA_Hardware_ws/ros_ws/src/install/local_setup.zsh'
[0.558s] INFO:colcon.colcon_core.shell:Creating prefix chain script '/workspace/xela_ws/LeapXELA_Hardware_ws/ros_ws/src/install/setup.zsh'
