[  2%] Built target xela_point_cloud_representation__rs
[  2%] Built target ament_cmake_python_copy_xela_point_cloud_representation
[  4%] Built target xela_point_cloud_representation__cpp
running egg_info
writing xela_point_cloud_representation.egg-info/PKG-INFO
writing dependency_links to xela_point_cloud_representation.egg-info/dependency_links.txt
writing top-level names to xela_point_cloud_representation.egg-info/top_level.txt
reading manifest file 'xela_point_cloud_representation.egg-info/SOURCES.txt'
writing manifest file 'xela_point_cloud_representation.egg-info/SOURCES.txt'
[  4%] Built target ament_cmake_python_build_xela_point_cloud_representation_egg
[35m[1mConsolidate compiler generated dependencies of target xela_point_cloud_representation__rosidl_typesupport_cpp[0m
[ 13%] Built target xela_point_cloud_representation__rosidl_typesupport_cpp
[35m[1mConsolidate compiler generated dependencies of target xela_point_cloud_representation__rosidl_typesupport_introspection_cpp[0m
[ 23%] Built target xela_point_cloud_representation__rosidl_typesupport_introspection_cpp
[35m[1mConsolidate compiler generated dependencies of target xela_point_cloud_representation__rosidl_typesupport_fastrtps_cpp[0m
[ 32%] Built target xela_point_cloud_representation__rosidl_typesupport_fastrtps_cpp
[35m[1mConsolidate compiler generated dependencies of target xela_point_cloud_representation__rosidl_generator_c[0m
[ 41%] Built target xela_point_cloud_representation__rosidl_generator_c
[35m[1mConsolidate compiler generated dependencies of target xela_point_cloud_representation__rosidl_typesupport_fastrtps_c[0m
[ 51%] Built target xela_point_cloud_representation__rosidl_typesupport_fastrtps_c
[35m[1mConsolidate compiler generated dependencies of target xela_point_cloud_representation__rosidl_typesupport_c[0m
[ 60%] Built target xela_point_cloud_representation__rosidl_typesupport_c
[35m[1mConsolidate compiler generated dependencies of target xela_point_cloud_representation__rosidl_typesupport_introspection_c[0m
[ 69%] Built target xela_point_cloud_representation__rosidl_typesupport_introspection_c
[ 69%] Built target xela_point_cloud_representation
[ 72%] Built target xela_point_cloud_representation__py
[35m[1mConsolidate compiler generated dependencies of target process_hand_sensors_into_pointcloud[0m
[ 79%] Built target process_hand_sensors_into_pointcloud
[35m[1mConsolidate compiler generated dependencies of target xela_point_cloud_representation__rosidl_generator_py[0m
[ 86%] Built target xela_point_cloud_representation__rosidl_generator_py
[35m[1mConsolidate compiler generated dependencies of target xela_point_cloud_representation__rosidl_typesupport_fastrtps_c__pyext[0m
[ 90%] Built target xela_point_cloud_representation__rosidl_typesupport_fastrtps_c__pyext
[35m[1mConsolidate compiler generated dependencies of target xela_point_cloud_representation__rosidl_typesupport_c__pyext[0m
[ 95%] Built target xela_point_cloud_representation__rosidl_typesupport_c__pyext
[35m[1mConsolidate compiler generated dependencies of target xela_point_cloud_representation__rosidl_typesupport_introspection_c__pyext[0m
[100%] Built target xela_point_cloud_representation__rosidl_typesupport_introspection_c__pyext
-- Install configuration: ""
-- Up-to-date: /workspace/LeapXELA_Hardware_ws/install/xela_point_cloud_representation/share/ament_index/resource_index/rosidl_interfaces/xela_point_cloud_representation
-- Up-to-date: /workspace/LeapXELA_Hardware_ws/install/xela_point_cloud_representation/include/xela_point_cloud_representation/xela_point_cloud_representation
-- Up-to-date: /workspace/LeapXELA_Hardware_ws/install/xela_point_cloud_representation/include/xela_point_cloud_representation/xela_point_cloud_representation/msg
-- Up-to-date: /workspace/LeapXELA_Hardware_ws/install/xela_point_cloud_representation/include/xela_point_cloud_representation/xela_point_cloud_representation/msg/detail
-- Up-to-date: /workspace/LeapXELA_Hardware_ws/install/xela_point_cloud_representation/include/xela_point_cloud_representation/xela_point_cloud_representation/msg/detail/texel__functions.h
-- Up-to-date: /workspace/LeapXELA_Hardware_ws/install/xela_point_cloud_representation/include/xela_point_cloud_representation/xela_point_cloud_representation/msg/detail/hand_sensors__struct.h
-- Up-to-date: /workspace/LeapXELA_Hardware_ws/install/xela_point_cloud_representation/include/xela_point_cloud_representation/xela_point_cloud_representation/msg/detail/texel__functions.c
-- Up-to-date: /workspace/LeapXELA_Hardware_ws/install/xela_point_cloud_representation/include/xela_point_cloud_representation/xela_point_cloud_representation/msg/detail/hand_sensors__functions.c
-- Up-to-date: /workspace/LeapXELA_Hardware_ws/install/xela_point_cloud_representation/include/xela_point_cloud_representation/xela_point_cloud_representation/msg/detail/hand_sensors__functions.h
-- Up-to-date: /workspace/LeapXELA_Hardware_ws/install/xela_point_cloud_representation/include/xela_point_cloud_representation/xela_point_cloud_representation/msg/detail/hand_sensors__type_support.h
-- Up-to-date: /workspace/LeapXELA_Hardware_ws/install/xela_point_cloud_representation/include/xela_point_cloud_representation/xela_point_cloud_representation/msg/detail/texel__struct.h
-- Up-to-date: /workspace/LeapXELA_Hardware_ws/install/xela_point_cloud_representation/include/xela_point_cloud_representation/xela_point_cloud_representation/msg/detail/texel__type_support.h
-- Up-to-date: /workspace/LeapXELA_Hardware_ws/install/xela_point_cloud_representation/include/xela_point_cloud_representation/xela_point_cloud_representation/msg/hand_sensors.h
-- Up-to-date: /workspace/LeapXELA_Hardware_ws/install/xela_point_cloud_representation/include/xela_point_cloud_representation/xela_point_cloud_representation/msg/texel.h
-- Up-to-date: /workspace/LeapXELA_Hardware_ws/install/xela_point_cloud_representation/include/xela_point_cloud_representation/xela_point_cloud_representation/msg/rosidl_generator_c__visibility_control.h
-- Up-to-date: /workspace/LeapXELA_Hardware_ws/install/xela_point_cloud_representation/share/xela_point_cloud_representation/environment/library_path.sh
-- Up-to-date: /workspace/LeapXELA_Hardware_ws/install/xela_point_cloud_representation/share/xela_point_cloud_representation/environment/library_path.dsv
-- Up-to-date: /workspace/LeapXELA_Hardware_ws/install/xela_point_cloud_representation/lib/libxela_point_cloud_representation__rosidl_generator_c.so
-- Up-to-date: /workspace/LeapXELA_Hardware_ws/install/xela_point_cloud_representation/include/xela_point_cloud_representation/xela_point_cloud_representation
-- Up-to-date: /workspace/LeapXELA_Hardware_ws/install/xela_point_cloud_representation/include/xela_point_cloud_representation/xela_point_cloud_representation/msg
-- Up-to-date: /workspace/LeapXELA_Hardware_ws/install/xela_point_cloud_representation/include/xela_point_cloud_representation/xela_point_cloud_representation/msg/detail
-- Up-to-date: /workspace/LeapXELA_Hardware_ws/install/xela_point_cloud_representation/include/xela_point_cloud_representation/xela_point_cloud_representation/msg/detail/hand_sensors__rosidl_typesupport_fastrtps_c.h
-- Up-to-date: /workspace/LeapXELA_Hardware_ws/install/xela_point_cloud_representation/include/xela_point_cloud_representation/xela_point_cloud_representation/msg/detail/texel__rosidl_typesupport_fastrtps_c.h
-- Up-to-date: /workspace/LeapXELA_Hardware_ws/install/xela_point_cloud_representation/include/xela_point_cloud_representation/xela_point_cloud_representation/msg/rosidl_typesupport_fastrtps_c__visibility_control.h
-- Up-to-date: /workspace/LeapXELA_Hardware_ws/install/xela_point_cloud_representation/lib/libxela_point_cloud_representation__rosidl_typesupport_fastrtps_c.so
-- Up-to-date: /workspace/LeapXELA_Hardware_ws/install/xela_point_cloud_representation/include/xela_point_cloud_representation/xela_point_cloud_representation
-- Up-to-date: /workspace/LeapXELA_Hardware_ws/install/xela_point_cloud_representation/include/xela_point_cloud_representation/xela_point_cloud_representation/msg
-- Up-to-date: /workspace/LeapXELA_Hardware_ws/install/xela_point_cloud_representation/include/xela_point_cloud_representation/xela_point_cloud_representation/msg/detail
-- Up-to-date: /workspace/LeapXELA_Hardware_ws/install/xela_point_cloud_representation/include/xela_point_cloud_representation/xela_point_cloud_representation/msg/detail/hand_sensors__builder.hpp
-- Up-to-date: /workspace/LeapXELA_Hardware_ws/install/xela_point_cloud_representation/include/xela_point_cloud_representation/xela_point_cloud_representation/msg/detail/texel__traits.hpp
-- Up-to-date: /workspace/LeapXELA_Hardware_ws/install/xela_point_cloud_representation/include/xela_point_cloud_representation/xela_point_cloud_representation/msg/detail/hand_sensors__struct.hpp
-- Up-to-date: /workspace/LeapXELA_Hardware_ws/install/xela_point_cloud_representation/include/xela_point_cloud_representation/xela_point_cloud_representation/msg/detail/hand_sensors__traits.hpp
-- Up-to-date: /workspace/LeapXELA_Hardware_ws/install/xela_point_cloud_representation/include/xela_point_cloud_representation/xela_point_cloud_representation/msg/detail/hand_sensors__type_support.hpp
-- Up-to-date: /workspace/LeapXELA_Hardware_ws/install/xela_point_cloud_representation/include/xela_point_cloud_representation/xela_point_cloud_representation/msg/detail/texel__struct.hpp
-- Up-to-date: /workspace/LeapXELA_Hardware_ws/install/xela_point_cloud_representation/include/xela_point_cloud_representation/xela_point_cloud_representation/msg/detail/texel__builder.hpp
-- Up-to-date: /workspace/LeapXELA_Hardware_ws/install/xela_point_cloud_representation/include/xela_point_cloud_representation/xela_point_cloud_representation/msg/detail/texel__type_support.hpp
-- Up-to-date: /workspace/LeapXELA_Hardware_ws/install/xela_point_cloud_representation/include/xela_point_cloud_representation/xela_point_cloud_representation/msg/hand_sensors.hpp
-- Up-to-date: /workspace/LeapXELA_Hardware_ws/install/xela_point_cloud_representation/include/xela_point_cloud_representation/xela_point_cloud_representation/msg/texel.hpp
-- Up-to-date: /workspace/LeapXELA_Hardware_ws/install/xela_point_cloud_representation/include/xela_point_cloud_representation/xela_point_cloud_representation/msg/rosidl_generator_cpp__visibility_control.hpp
-- Up-to-date: /workspace/LeapXELA_Hardware_ws/install/xela_point_cloud_representation/include/xela_point_cloud_representation/xela_point_cloud_representation
-- Up-to-date: /workspace/LeapXELA_Hardware_ws/install/xela_point_cloud_representation/include/xela_point_cloud_representation/xela_point_cloud_representation/msg
-- Up-to-date: /workspace/LeapXELA_Hardware_ws/install/xela_point_cloud_representation/include/xela_point_cloud_representation/xela_point_cloud_representation/msg/detail
-- Up-to-date: /workspace/LeapXELA_Hardware_ws/install/xela_point_cloud_representation/include/xela_point_cloud_representation/xela_point_cloud_representation/msg/detail/hand_sensors__rosidl_typesupport_fastrtps_cpp.hpp
-- Up-to-date: /workspace/LeapXELA_Hardware_ws/install/xela_point_cloud_representation/include/xela_point_cloud_representation/xela_point_cloud_representation/msg/detail/texel__rosidl_typesupport_fastrtps_cpp.hpp
-- Up-to-date: /workspace/LeapXELA_Hardware_ws/install/xela_point_cloud_representation/include/xela_point_cloud_representation/xela_point_cloud_representation/msg/detail/dds_fastrtps
-- Up-to-date: /workspace/LeapXELA_Hardware_ws/install/xela_point_cloud_representation/include/xela_point_cloud_representation/xela_point_cloud_representation/msg/rosidl_typesupport_fastrtps_cpp__visibility_control.h
-- Up-to-date: /workspace/LeapXELA_Hardware_ws/install/xela_point_cloud_representation/lib/libxela_point_cloud_representation__rosidl_typesupport_fastrtps_cpp.so
-- Up-to-date: /workspace/LeapXELA_Hardware_ws/install/xela_point_cloud_representation/include/xela_point_cloud_representation/xela_point_cloud_representation
-- Up-to-date: /workspace/LeapXELA_Hardware_ws/install/xela_point_cloud_representation/include/xela_point_cloud_representation/xela_point_cloud_representation/msg
-- Up-to-date: /workspace/LeapXELA_Hardware_ws/install/xela_point_cloud_representation/include/xela_point_cloud_representation/xela_point_cloud_representation/msg/detail
-- Up-to-date: /workspace/LeapXELA_Hardware_ws/install/xela_point_cloud_representation/include/xela_point_cloud_representation/xela_point_cloud_representation/msg/detail/hand_sensors__type_support.c
-- Up-to-date: /workspace/LeapXELA_Hardware_ws/install/xela_point_cloud_representation/include/xela_point_cloud_representation/xela_point_cloud_representation/msg/detail/texel__rosidl_typesupport_introspection_c.h
-- Up-to-date: /workspace/LeapXELA_Hardware_ws/install/xela_point_cloud_representation/include/xela_point_cloud_representation/xela_point_cloud_representation/msg/detail/texel__type_support.c
-- Up-to-date: /workspace/LeapXELA_Hardware_ws/install/xela_point_cloud_representation/include/xela_point_cloud_representation/xela_point_cloud_representation/msg/detail/hand_sensors__rosidl_typesupport_introspection_c.h
-- Up-to-date: /workspace/LeapXELA_Hardware_ws/install/xela_point_cloud_representation/include/xela_point_cloud_representation/xela_point_cloud_representation/msg/rosidl_typesupport_introspection_c__visibility_control.h
-- Up-to-date: /workspace/LeapXELA_Hardware_ws/install/xela_point_cloud_representation/lib/libxela_point_cloud_representation__rosidl_typesupport_introspection_c.so
-- Up-to-date: /workspace/LeapXELA_Hardware_ws/install/xela_point_cloud_representation/lib/libxela_point_cloud_representation__rosidl_typesupport_c.so
-- Up-to-date: /workspace/LeapXELA_Hardware_ws/install/xela_point_cloud_representation/include/xela_point_cloud_representation/xela_point_cloud_representation
-- Up-to-date: /workspace/LeapXELA_Hardware_ws/install/xela_point_cloud_representation/include/xela_point_cloud_representation/xela_point_cloud_representation/msg
-- Up-to-date: /workspace/LeapXELA_Hardware_ws/install/xela_point_cloud_representation/include/xela_point_cloud_representation/xela_point_cloud_representation/msg/detail
-- Up-to-date: /workspace/LeapXELA_Hardware_ws/install/xela_point_cloud_representation/include/xela_point_cloud_representation/xela_point_cloud_representation/msg/detail/texel__rosidl_typesupport_introspection_cpp.hpp
-- Up-to-date: /workspace/LeapXELA_Hardware_ws/install/xela_point_cloud_representation/include/xela_point_cloud_representation/xela_point_cloud_representation/msg/detail/texel__type_support.cpp
-- Up-to-date: /workspace/LeapXELA_Hardware_ws/install/xela_point_cloud_representation/include/xela_point_cloud_representation/xela_point_cloud_representation/msg/detail/hand_sensors__type_support.cpp
-- Up-to-date: /workspace/LeapXELA_Hardware_ws/install/xela_point_cloud_representation/include/xela_point_cloud_representation/xela_point_cloud_representation/msg/detail/hand_sensors__rosidl_typesupport_introspection_cpp.hpp
-- Up-to-date: /workspace/LeapXELA_Hardware_ws/install/xela_point_cloud_representation/lib/libxela_point_cloud_representation__rosidl_typesupport_introspection_cpp.so
-- Up-to-date: /workspace/LeapXELA_Hardware_ws/install/xela_point_cloud_representation/lib/libxela_point_cloud_representation__rosidl_typesupport_cpp.so
-- Up-to-date: /workspace/LeapXELA_Hardware_ws/install/xela_point_cloud_representation/share/xela_point_cloud_representation/environment/pythonpath.sh
-- Up-to-date: /workspace/LeapXELA_Hardware_ws/install/xela_point_cloud_representation/share/xela_point_cloud_representation/environment/pythonpath.dsv
-- Up-to-date: /workspace/LeapXELA_Hardware_ws/install/xela_point_cloud_representation/local/lib/python3.10/dist-packages/xela_point_cloud_representation-0.0.0-py3.10.egg-info
-- Installing: /workspace/LeapXELA_Hardware_ws/install/xela_point_cloud_representation/local/lib/python3.10/dist-packages/xela_point_cloud_representation-0.0.0-py3.10.egg-info/dependency_links.txt
-- Installing: /workspace/LeapXELA_Hardware_ws/install/xela_point_cloud_representation/local/lib/python3.10/dist-packages/xela_point_cloud_representation-0.0.0-py3.10.egg-info/SOURCES.txt
-- Installing: /workspace/LeapXELA_Hardware_ws/install/xela_point_cloud_representation/local/lib/python3.10/dist-packages/xela_point_cloud_representation-0.0.0-py3.10.egg-info/PKG-INFO
-- Installing: /workspace/LeapXELA_Hardware_ws/install/xela_point_cloud_representation/local/lib/python3.10/dist-packages/xela_point_cloud_representation-0.0.0-py3.10.egg-info/top_level.txt
-- Up-to-date: /workspace/LeapXELA_Hardware_ws/install/xela_point_cloud_representation/local/lib/python3.10/dist-packages/xela_point_cloud_representation
-- Up-to-date: /workspace/LeapXELA_Hardware_ws/install/xela_point_cloud_representation/local/lib/python3.10/dist-packages/xela_point_cloud_representation/xela_point_cloud_representation_s__rosidl_typesupport_c.cpython-310-x86_64-linux-gnu.so
-- Up-to-date: /workspace/LeapXELA_Hardware_ws/install/xela_point_cloud_representation/local/lib/python3.10/dist-packages/xela_point_cloud_representation/__init__.py
-- Up-to-date: /workspace/LeapXELA_Hardware_ws/install/xela_point_cloud_representation/local/lib/python3.10/dist-packages/xela_point_cloud_representation/libxela_point_cloud_representation__rosidl_generator_py.so
-- Up-to-date: /workspace/LeapXELA_Hardware_ws/install/xela_point_cloud_representation/local/lib/python3.10/dist-packages/xela_point_cloud_representation/_xela_point_cloud_representation_s.ep.rosidl_typesupport_introspection_c.c
-- Up-to-date: /workspace/LeapXELA_Hardware_ws/install/xela_point_cloud_representation/local/lib/python3.10/dist-packages/xela_point_cloud_representation/_xela_point_cloud_representation_s.ep.rosidl_typesupport_fastrtps_c.c
-- Up-to-date: /workspace/LeapXELA_Hardware_ws/install/xela_point_cloud_representation/local/lib/python3.10/dist-packages/xela_point_cloud_representation/xela_point_cloud_representation_s__rosidl_typesupport_introspection_c.cpython-310-x86_64-linux-gnu.so
-- Up-to-date: /workspace/LeapXELA_Hardware_ws/install/xela_point_cloud_representation/local/lib/python3.10/dist-packages/xela_point_cloud_representation/msg
-- Up-to-date: /workspace/LeapXELA_Hardware_ws/install/xela_point_cloud_representation/local/lib/python3.10/dist-packages/xela_point_cloud_representation/msg/__init__.py
-- Up-to-date: /workspace/LeapXELA_Hardware_ws/install/xela_point_cloud_representation/local/lib/python3.10/dist-packages/xela_point_cloud_representation/msg/_hand_sensors_s.c
-- Up-to-date: /workspace/LeapXELA_Hardware_ws/install/xela_point_cloud_representation/local/lib/python3.10/dist-packages/xela_point_cloud_representation/msg/_hand_sensors.py
-- Up-to-date: /workspace/LeapXELA_Hardware_ws/install/xela_point_cloud_representation/local/lib/python3.10/dist-packages/xela_point_cloud_representation/msg/_texel_s.c
-- Up-to-date: /workspace/LeapXELA_Hardware_ws/install/xela_point_cloud_representation/local/lib/python3.10/dist-packages/xela_point_cloud_representation/msg/_texel.py
-- Up-to-date: /workspace/LeapXELA_Hardware_ws/install/xela_point_cloud_representation/local/lib/python3.10/dist-packages/xela_point_cloud_representation/xela_point_cloud_representation_s__rosidl_typesupport_fastrtps_c.cpython-310-x86_64-linux-gnu.so
-- Up-to-date: /workspace/LeapXELA_Hardware_ws/install/xela_point_cloud_representation/local/lib/python3.10/dist-packages/xela_point_cloud_representation/_xela_point_cloud_representation_s.ep.rosidl_typesupport_c.c
Listing '/workspace/LeapXELA_Hardware_ws/install/xela_point_cloud_representation/local/lib/python3.10/dist-packages/xela_point_cloud_representation'...
Listing '/workspace/LeapXELA_Hardware_ws/install/xela_point_cloud_representation/local/lib/python3.10/dist-packages/xela_point_cloud_representation/msg'...
-- Up-to-date: /workspace/LeapXELA_Hardware_ws/install/xela_point_cloud_representation/local/lib/python3.10/dist-packages/xela_point_cloud_representation/xela_point_cloud_representation_s__rosidl_typesupport_fastrtps_c.cpython-310-x86_64-linux-gnu.so
-- Up-to-date: /workspace/LeapXELA_Hardware_ws/install/xela_point_cloud_representation/local/lib/python3.10/dist-packages/xela_point_cloud_representation/xela_point_cloud_representation_s__rosidl_typesupport_introspection_c.cpython-310-x86_64-linux-gnu.so
-- Up-to-date: /workspace/LeapXELA_Hardware_ws/install/xela_point_cloud_representation/local/lib/python3.10/dist-packages/xela_point_cloud_representation/xela_point_cloud_representation_s__rosidl_typesupport_c.cpython-310-x86_64-linux-gnu.so
-- Up-to-date: /workspace/LeapXELA_Hardware_ws/install/xela_point_cloud_representation/lib/libxela_point_cloud_representation__rosidl_generator_py.so
-- Up-to-date: /workspace/LeapXELA_Hardware_ws/install/xela_point_cloud_representation/share/ament_index/resource_index/rust_packages/xela_point_cloud_representation
-- Up-to-date: /workspace/LeapXELA_Hardware_ws/install/xela_point_cloud_representation/share/xela_point_cloud_representation/rust
-- Up-to-date: /workspace/LeapXELA_Hardware_ws/install/xela_point_cloud_representation/share/xela_point_cloud_representation/rust/Cargo.toml
-- Up-to-date: /workspace/LeapXELA_Hardware_ws/install/xela_point_cloud_representation/share/xela_point_cloud_representation/rust/src
-- Up-to-date: /workspace/LeapXELA_Hardware_ws/install/xela_point_cloud_representation/share/xela_point_cloud_representation/rust/src/lib.rs
-- Up-to-date: /workspace/LeapXELA_Hardware_ws/install/xela_point_cloud_representation/share/xela_point_cloud_representation/rust/src/msg.rs
-- Up-to-date: /workspace/LeapXELA_Hardware_ws/install/xela_point_cloud_representation/share/xela_point_cloud_representation/rust/src/msg
-- Up-to-date: /workspace/LeapXELA_Hardware_ws/install/xela_point_cloud_representation/share/xela_point_cloud_representation/rust/src/msg/rmw.rs
-- Up-to-date: /workspace/LeapXELA_Hardware_ws/install/xela_point_cloud_representation/share/xela_point_cloud_representation/rust/build.rs
-- Up-to-date: /workspace/LeapXELA_Hardware_ws/install/xela_point_cloud_representation/share/xela_point_cloud_representation/msg/Texel.idl
-- Up-to-date: /workspace/LeapXELA_Hardware_ws/install/xela_point_cloud_representation/share/xela_point_cloud_representation/msg/HandSensors.idl
-- Up-to-date: /workspace/LeapXELA_Hardware_ws/install/xela_point_cloud_representation/share/xela_point_cloud_representation/msg/Texel.msg
-- Up-to-date: /workspace/LeapXELA_Hardware_ws/install/xela_point_cloud_representation/share/xela_point_cloud_representation/msg/HandSensors.msg
-- Up-to-date: /workspace/LeapXELA_Hardware_ws/install/xela_point_cloud_representation/lib/xela_point_cloud_representation/process_hand_sensors_into_pointcloud
-- Up-to-date: /workspace/LeapXELA_Hardware_ws/install/xela_point_cloud_representation/lib/xela_point_cloud_representation/hand_controller.py
-- Up-to-date: /workspace/LeapXELA_Hardware_ws/install/xela_point_cloud_representation/lib/xela_point_cloud_representation/hand_touch_point_cloud.py
-- Up-to-date: /workspace/LeapXELA_Hardware_ws/install/xela_point_cloud_representation/lib/xela_point_cloud_representation/leap_taxel_map.py
-- Up-to-date: /workspace/LeapXELA_Hardware_ws/install/xela_point_cloud_representation/lib/xela_point_cloud_representation/sensor_value_publisher_fake.py
-- Up-to-date: /workspace/LeapXELA_Hardware_ws/install/xela_point_cloud_representation/lib/xela_point_cloud_representation/leap_sensor_taxel_map.json
-- Up-to-date: /workspace/LeapXELA_Hardware_ws/install/xela_point_cloud_representation/include/
-- Up-to-date: /workspace/LeapXELA_Hardware_ws/install/xela_point_cloud_representation/include//xela_point_cloud_representation
-- Up-to-date: /workspace/LeapXELA_Hardware_ws/install/xela_point_cloud_representation/include//xela_point_cloud_representation/process_hand_sensors_into_pointcloud.h
-- Up-to-date: /workspace/LeapXELA_Hardware_ws/install/xela_point_cloud_representation/include//xela_point_cloud_representation/camera_control.hpp
-- Up-to-date: /workspace/LeapXELA_Hardware_ws/install/xela_point_cloud_representation/share/xela_point_cloud_representation/launch
-- Up-to-date: /workspace/LeapXELA_Hardware_ws/install/xela_point_cloud_representation/share/xela_point_cloud_representation/launch/launch_perline_noise_publisher.py
-- Up-to-date: /workspace/LeapXELA_Hardware_ws/install/xela_point_cloud_representation/share/xela_point_cloud_representation/launch/launch_hand_touch_point_cloud.py
-- Up-to-date: /workspace/LeapXELA_Hardware_ws/install/xela_point_cloud_representation/share/xela_point_cloud_representation/launch/launch_demo.py
-- Up-to-date: /workspace/LeapXELA_Hardware_ws/install/xela_point_cloud_representation/share/xela_point_cloud_representation/launch/launch_pointcloud_proccessing.py
-- Up-to-date: /workspace/LeapXELA_Hardware_ws/install/xela_point_cloud_representation/share/xela_point_cloud_representation/launch/launch_hand_controller.py
-- Up-to-date: /workspace/LeapXELA_Hardware_ws/install/xela_point_cloud_representation/share/ament_index/resource_index/package_run_dependencies/xela_point_cloud_representation
-- Up-to-date: /workspace/LeapXELA_Hardware_ws/install/xela_point_cloud_representation/share/ament_index/resource_index/parent_prefix_path/xela_point_cloud_representation
-- Up-to-date: /workspace/LeapXELA_Hardware_ws/install/xela_point_cloud_representation/share/xela_point_cloud_representation/environment/ament_prefix_path.sh
-- Up-to-date: /workspace/LeapXELA_Hardware_ws/install/xela_point_cloud_representation/share/xela_point_cloud_representation/environment/ament_prefix_path.dsv
-- Up-to-date: /workspace/LeapXELA_Hardware_ws/install/xela_point_cloud_representation/share/xela_point_cloud_representation/environment/path.sh
-- Up-to-date: /workspace/LeapXELA_Hardware_ws/install/xela_point_cloud_representation/share/xela_point_cloud_representation/environment/path.dsv
-- Up-to-date: /workspace/LeapXELA_Hardware_ws/install/xela_point_cloud_representation/share/xela_point_cloud_representation/local_setup.bash
-- Up-to-date: /workspace/LeapXELA_Hardware_ws/install/xela_point_cloud_representation/share/xela_point_cloud_representation/local_setup.sh
-- Up-to-date: /workspace/LeapXELA_Hardware_ws/install/xela_point_cloud_representation/share/xela_point_cloud_representation/local_setup.zsh
-- Up-to-date: /workspace/LeapXELA_Hardware_ws/install/xela_point_cloud_representation/share/xela_point_cloud_representation/local_setup.dsv
-- Installing: /workspace/LeapXELA_Hardware_ws/install/xela_point_cloud_representation/share/xela_point_cloud_representation/package.dsv
-- Up-to-date: /workspace/LeapXELA_Hardware_ws/install/xela_point_cloud_representation/share/ament_index/resource_index/packages/xela_point_cloud_representation
-- Up-to-date: /workspace/LeapXELA_Hardware_ws/install/xela_point_cloud_representation/share/xela_point_cloud_representation/cmake/export_xela_point_cloud_representation__rosidl_generator_cExport.cmake
-- Up-to-date: /workspace/LeapXELA_Hardware_ws/install/xela_point_cloud_representation/share/xela_point_cloud_representation/cmake/export_xela_point_cloud_representation__rosidl_generator_cExport-noconfig.cmake
-- Up-to-date: /workspace/LeapXELA_Hardware_ws/install/xela_point_cloud_representation/share/xela_point_cloud_representation/cmake/export_xela_point_cloud_representation__rosidl_typesupport_fastrtps_cExport.cmake
-- Up-to-date: /workspace/LeapXELA_Hardware_ws/install/xela_point_cloud_representation/share/xela_point_cloud_representation/cmake/export_xela_point_cloud_representation__rosidl_typesupport_fastrtps_cExport-noconfig.cmake
-- Up-to-date: /workspace/LeapXELA_Hardware_ws/install/xela_point_cloud_representation/share/xela_point_cloud_representation/cmake/export_xela_point_cloud_representation__rosidl_generator_cppExport.cmake
-- Up-to-date: /workspace/LeapXELA_Hardware_ws/install/xela_point_cloud_representation/share/xela_point_cloud_representation/cmake/export_xela_point_cloud_representation__rosidl_typesupport_fastrtps_cppExport.cmake
-- Up-to-date: /workspace/LeapXELA_Hardware_ws/install/xela_point_cloud_representation/share/xela_point_cloud_representation/cmake/export_xela_point_cloud_representation__rosidl_typesupport_fastrtps_cppExport-noconfig.cmake
-- Up-to-date: /workspace/LeapXELA_Hardware_ws/install/xela_point_cloud_representation/share/xela_point_cloud_representation/cmake/xela_point_cloud_representation__rosidl_typesupport_introspection_cExport.cmake
-- Up-to-date: /workspace/LeapXELA_Hardware_ws/install/xela_point_cloud_representation/share/xela_point_cloud_representation/cmake/xela_point_cloud_representation__rosidl_typesupport_introspection_cExport-noconfig.cmake
-- Up-to-date: /workspace/LeapXELA_Hardware_ws/install/xela_point_cloud_representation/share/xela_point_cloud_representation/cmake/xela_point_cloud_representation__rosidl_typesupport_cExport.cmake
-- Up-to-date: /workspace/LeapXELA_Hardware_ws/install/xela_point_cloud_representation/share/xela_point_cloud_representation/cmake/xela_point_cloud_representation__rosidl_typesupport_cExport-noconfig.cmake
-- Up-to-date: /workspace/LeapXELA_Hardware_ws/install/xela_point_cloud_representation/share/xela_point_cloud_representation/cmake/xela_point_cloud_representation__rosidl_typesupport_introspection_cppExport.cmake
-- Up-to-date: /workspace/LeapXELA_Hardware_ws/install/xela_point_cloud_representation/share/xela_point_cloud_representation/cmake/xela_point_cloud_representation__rosidl_typesupport_introspection_cppExport-noconfig.cmake
-- Up-to-date: /workspace/LeapXELA_Hardware_ws/install/xela_point_cloud_representation/share/xela_point_cloud_representation/cmake/xela_point_cloud_representation__rosidl_typesupport_cppExport.cmake
-- Up-to-date: /workspace/LeapXELA_Hardware_ws/install/xela_point_cloud_representation/share/xela_point_cloud_representation/cmake/xela_point_cloud_representation__rosidl_typesupport_cppExport-noconfig.cmake
-- Up-to-date: /workspace/LeapXELA_Hardware_ws/install/xela_point_cloud_representation/share/xela_point_cloud_representation/cmake/export_xela_point_cloud_representation__rosidl_generator_pyExport.cmake
-- Up-to-date: /workspace/LeapXELA_Hardware_ws/install/xela_point_cloud_representation/share/xela_point_cloud_representation/cmake/export_xela_point_cloud_representation__rosidl_generator_pyExport-noconfig.cmake
-- Up-to-date: /workspace/LeapXELA_Hardware_ws/install/xela_point_cloud_representation/share/xela_point_cloud_representation/cmake/rosidl_cmake-extras.cmake
-- Up-to-date: /workspace/LeapXELA_Hardware_ws/install/xela_point_cloud_representation/share/xela_point_cloud_representation/cmake/ament_cmake_export_include_directories-extras.cmake
-- Up-to-date: /workspace/LeapXELA_Hardware_ws/install/xela_point_cloud_representation/share/xela_point_cloud_representation/cmake/ament_cmake_export_libraries-extras.cmake
-- Up-to-date: /workspace/LeapXELA_Hardware_ws/install/xela_point_cloud_representation/share/xela_point_cloud_representation/cmake/ament_cmake_export_targets-extras.cmake
-- Up-to-date: /workspace/LeapXELA_Hardware_ws/install/xela_point_cloud_representation/share/xela_point_cloud_representation/cmake/rosidl_cmake_export_typesupport_targets-extras.cmake
-- Up-to-date: /workspace/LeapXELA_Hardware_ws/install/xela_point_cloud_representation/share/xela_point_cloud_representation/cmake/ament_cmake_export_dependencies-extras.cmake
-- Up-to-date: /workspace/LeapXELA_Hardware_ws/install/xela_point_cloud_representation/share/xela_point_cloud_representation/cmake/rosidl_cmake_export_typesupport_libraries-extras.cmake
-- Up-to-date: /workspace/LeapXELA_Hardware_ws/install/xela_point_cloud_representation/share/xela_point_cloud_representation/cmake/xela_point_cloud_representationConfig.cmake
-- Up-to-date: /workspace/LeapXELA_Hardware_ws/install/xela_point_cloud_representation/share/xela_point_cloud_representation/cmake/xela_point_cloud_representationConfig-version.cmake
-- Up-to-date: /workspace/LeapXELA_Hardware_ws/install/xela_point_cloud_representation/share/xela_point_cloud_representation/package.xml
