-- The C compiler identification is GNU 11.4.0
-- The CXX compiler identification is GNU 11.4.0
-- Detecting C compiler ABI info
-- Detecting C compiler ABI info - done
-- Check for working C compiler: /usr/bin/cc - skipped
-- Detecting C compile features
-- Detecting C compile features - done
-- Detecting CXX compiler ABI info
-- Detecting CXX compiler ABI info - done
-- Check for working CXX compiler: /usr/bin/c++ - skipped
-- Detecting CXX compile features
-- Detecting CXX compile features - done
-- Found ament_cmake: 1.3.14 (/opt/ros/humble/share/ament_cmake/cmake)
-- Found Python3: /usr/bin/python3 (found version "3.10.12") found components: Interpreter 
-- Found rclpy: 3.3.21 (/opt/ros/humble/share/rclpy/cmake)
-- Found std_msgs: 4.9.1 (/opt/ros/humble/share/std_msgs/cmake)
-- Found rosidl_generator_c: 3.1.8 (/opt/ros/humble/share/rosidl_generator_c/cmake)
-- Found rosidl_adapter: 3.1.8 (/opt/ros/humble/share/rosidl_adapter/cmake)
-- Found rosidl_generator_cpp: 3.1.8 (/opt/ros/humble/share/rosidl_generator_cpp/cmake)
-- Using all available rosidl_typesupport_c: rosidl_typesupport_fastrtps_c;rosidl_typesupport_introspection_c
-- Using all available rosidl_typesupport_cpp: rosidl_typesupport_fastrtps_cpp;rosidl_typesupport_introspection_cpp
-- Found rosidl_default_generators: 1.2.1 (/opt/ros/humble/share/rosidl_default_generators/cmake)
-- Found ament_cmake_ros: 0.10.0 (/opt/ros/humble/share/ament_cmake_ros/cmake)
-- Using all available rosidl_typesupport_c: rosidl_typesupport_fastrtps_c;rosidl_typesupport_introspection_c
-- Using all available rosidl_typesupport_cpp: rosidl_typesupport_fastrtps_cpp;rosidl_typesupport_introspection_cpp
-- Found PythonInterp: /usr/bin/python3 (found suitable version "3.10.12", minimum required is "3.6") 
-- Found python_cmake_module: 0.10.0 (/opt/ros/humble/share/python_cmake_module/cmake)
-- Found PythonLibs: /usr/lib/x86_64-linux-gnu/libpython3.10.so (found suitable version "3.10.12", minimum required is "3.5") 
-- Using PYTHON_EXECUTABLE: /usr/bin/python3
-- Using PYTHON_INCLUDE_DIRS: /usr/include/python3.10
-- Using PYTHON_LIBRARIES: /usr/lib/x86_64-linux-gnu/libpython3.10.so
-- Found PythonExtra: .so  
-- Configuring done
-- Generating done
-- Build files have been written to: /workspace/LeapXELA_Hardware_ws/ros_ws/src/build/leap_hand
[  1%] [34m[1mGenerating C code for ROS interfaces[0m
[  3%] [34m[1mGenerating Rust code for ROS interfaces[0m
[  5%] [34m[1mGenerating C++ code for ROS interfaces[0m
[  5%] Built target ament_cmake_python_copy_leap_hand
running egg_info
creating leap_hand.egg-info
writing leap_hand.egg-info/PKG-INFO
writing dependency_links to leap_hand.egg-info/dependency_links.txt
writing top-level names to leap_hand.egg-info/top_level.txt
writing manifest file 'leap_hand.egg-info/SOURCES.txt'
reading manifest file 'leap_hand.egg-info/SOURCES.txt'
writing manifest file 'leap_hand.egg-info/SOURCES.txt'
[  5%] Built target leap_hand__rs
[  5%] Built target ament_cmake_python_build_leap_hand_egg
[  5%] Built target leap_hand__cpp
[  7%] [34m[1mGenerating C++ type support dispatch for ROS interfaces[0m
[  8%] [34m[1mGenerating C++ introspection for ROS interfaces[0m
[ 10%] [34m[1mGenerating C++ type support for eProsima Fast-RTPS[0m
[ 12%] [32mBuilding C object CMakeFiles/leap_hand__rosidl_generator_c.dir/rosidl_generator_c/leap_hand/srv/detail/leap_velocity__functions.c.o[0m
[ 14%] [32mBuilding C object CMakeFiles/leap_hand__rosidl_generator_c.dir/rosidl_generator_c/leap_hand/srv/detail/leap_state__functions.c.o[0m
[ 16%] [32mBuilding C object CMakeFiles/leap_hand__rosidl_generator_c.dir/rosidl_generator_c/leap_hand/srv/detail/leap_position__functions.c.o[0m
[ 17%] [32mBuilding C object CMakeFiles/leap_hand__rosidl_generator_c.dir/rosidl_generator_c/leap_hand/srv/detail/leap_effort__functions.c.o[0m
[ 19%] [32m[1mLinking C shared library libleap_hand__rosidl_generator_c.so[0m
[ 19%] Built target leap_hand__rosidl_generator_c
[ 21%] [34m[1mGenerating C type support for eProsima Fast-RTPS[0m
[ 23%] [34m[1mGenerating C introspection for ROS interfaces[0m
[ 25%] [34m[1mGenerating C type support dispatch for ROS interfaces[0m
[ 26%] [32mBuilding CXX object CMakeFiles/leap_hand__rosidl_typesupport_cpp.dir/rosidl_typesupport_cpp/leap_hand/srv/leap_velocity__type_support.cpp.o[0m
[ 28%] [32mBuilding CXX object CMakeFiles/leap_hand__rosidl_typesupport_cpp.dir/rosidl_typesupport_cpp/leap_hand/srv/leap_position__type_support.cpp.o[0m
[ 30%] [32mBuilding CXX object CMakeFiles/leap_hand__rosidl_typesupport_cpp.dir/rosidl_typesupport_cpp/leap_hand/srv/leap_state__type_support.cpp.o[0m
[ 32%] [32mBuilding CXX object CMakeFiles/leap_hand__rosidl_typesupport_cpp.dir/rosidl_typesupport_cpp/leap_hand/srv/leap_effort__type_support.cpp.o[0m
[ 35%] [32mBuilding CXX object CMakeFiles/leap_hand__rosidl_typesupport_c.dir/rosidl_typesupport_c/leap_hand/srv/leap_position__type_support.cpp.o[0m
[ 37%] [32mBuilding CXX object CMakeFiles/leap_hand__rosidl_typesupport_fastrtps_cpp.dir/rosidl_typesupport_fastrtps_cpp/leap_hand/srv/detail/dds_fastrtps/leap_position__type_support.cpp.o[0m
[ 37%] [32mBuilding CXX object CMakeFiles/leap_hand__rosidl_typesupport_fastrtps_cpp.dir/rosidl_typesupport_fastrtps_cpp/leap_hand/srv/detail/dds_fastrtps/leap_velocity__type_support.cpp.o[0m
[ 39%] [32mBuilding CXX object CMakeFiles/leap_hand__rosidl_typesupport_fastrtps_cpp.dir/rosidl_typesupport_fastrtps_cpp/leap_hand/srv/detail/dds_fastrtps/leap_effort__type_support.cpp.o[0m
[ 41%] [32mBuilding CXX object CMakeFiles/leap_hand__rosidl_typesupport_fastrtps_cpp.dir/rosidl_typesupport_fastrtps_cpp/leap_hand/srv/detail/dds_fastrtps/leap_state__type_support.cpp.o[0m
[ 44%] [32mBuilding CXX object CMakeFiles/leap_hand__rosidl_typesupport_c.dir/rosidl_typesupport_c/leap_hand/srv/leap_effort__type_support.cpp.o[0m
[ 42%] [32mBuilding CXX object CMakeFiles/leap_hand__rosidl_typesupport_c.dir/rosidl_typesupport_c/leap_hand/srv/leap_state__type_support.cpp.o[0m
[ 46%] [32mBuilding CXX object CMakeFiles/leap_hand__rosidl_typesupport_c.dir/rosidl_typesupport_c/leap_hand/srv/leap_velocity__type_support.cpp.o[0m
[ 48%] [32mBuilding CXX object CMakeFiles/leap_hand__rosidl_typesupport_introspection_cpp.dir/rosidl_typesupport_introspection_cpp/leap_hand/srv/detail/leap_position__type_support.cpp.o[0m
[ 50%] [32mBuilding CXX object CMakeFiles/leap_hand__rosidl_typesupport_introspection_cpp.dir/rosidl_typesupport_introspection_cpp/leap_hand/srv/detail/leap_velocity__type_support.cpp.o[0m
[ 51%] [32mBuilding CXX object CMakeFiles/leap_hand__rosidl_typesupport_introspection_cpp.dir/rosidl_typesupport_introspection_cpp/leap_hand/srv/detail/leap_state__type_support.cpp.o[0m
[ 53%] [32mBuilding CXX object CMakeFiles/leap_hand__rosidl_typesupport_introspection_cpp.dir/rosidl_typesupport_introspection_cpp/leap_hand/srv/detail/leap_effort__type_support.cpp.o[0m
[ 55%] [32m[1mLinking CXX shared library libleap_hand__rosidl_typesupport_c.so[0m
[ 55%] Built target leap_hand__rosidl_typesupport_c
[ 57%] [32mBuilding C object CMakeFiles/leap_hand__rosidl_typesupport_introspection_c.dir/rosidl_typesupport_introspection_c/leap_hand/srv/detail/leap_effort__type_support.c.o[0m
[ 58%] [32mBuilding C object CMakeFiles/leap_hand__rosidl_typesupport_introspection_c.dir/rosidl_typesupport_introspection_c/leap_hand/srv/detail/leap_velocity__type_support.c.o[0m
[ 60%] [32mBuilding CXX object CMakeFiles/leap_hand__rosidl_typesupport_fastrtps_c.dir/rosidl_typesupport_fastrtps_c/leap_hand/srv/detail/leap_velocity__type_support_c.cpp.o[0m
[ 62%] [32mBuilding C object CMakeFiles/leap_hand__rosidl_typesupport_introspection_c.dir/rosidl_typesupport_introspection_c/leap_hand/srv/detail/leap_position__type_support.c.o[0m
[ 64%] [32mBuilding CXX object CMakeFiles/leap_hand__rosidl_typesupport_fastrtps_c.dir/rosidl_typesupport_fastrtps_c/leap_hand/srv/detail/leap_position__type_support_c.cpp.o[0m
[ 66%] [32mBuilding CXX object CMakeFiles/leap_hand__rosidl_typesupport_fastrtps_c.dir/rosidl_typesupport_fastrtps_c/leap_hand/srv/detail/leap_effort__type_support_c.cpp.o[0m
[ 67%] [32mBuilding C object CMakeFiles/leap_hand__rosidl_typesupport_introspection_c.dir/rosidl_typesupport_introspection_c/leap_hand/srv/detail/leap_state__type_support.c.o[0m
[ 69%] [32mBuilding CXX object CMakeFiles/leap_hand__rosidl_typesupport_fastrtps_c.dir/rosidl_typesupport_fastrtps_c/leap_hand/srv/detail/leap_state__type_support_c.cpp.o[0m
[ 71%] [32m[1mLinking C shared library libleap_hand__rosidl_typesupport_introspection_c.so[0m
[ 71%] Built target leap_hand__rosidl_typesupport_introspection_c
[ 73%] [32m[1mLinking CXX shared library libleap_hand__rosidl_typesupport_cpp.so[0m
[ 73%] Built target leap_hand__rosidl_typesupport_cpp
[ 75%] [32m[1mLinking CXX shared library libleap_hand__rosidl_typesupport_introspection_cpp.so[0m
[ 76%] [32m[1mLinking CXX shared library libleap_hand__rosidl_typesupport_fastrtps_cpp.so[0m
[ 76%] Built target leap_hand__rosidl_typesupport_introspection_cpp
[ 76%] Built target leap_hand__rosidl_typesupport_fastrtps_cpp
[ 78%] [32m[1mLinking CXX shared library libleap_hand__rosidl_typesupport_fastrtps_c.so[0m
[ 78%] Built target leap_hand__rosidl_typesupport_fastrtps_c
[ 78%] Built target leap_hand
[ 80%] [34m[1mGenerating Python code for ROS interfaces[0m
[ 80%] Built target leap_hand__py
[ 82%] [32mBuilding C object CMakeFiles/leap_hand__rosidl_generator_py.dir/rosidl_generator_py/leap_hand/srv/_leap_velocity_s.c.o[0m
[ 83%] [32mBuilding C object CMakeFiles/leap_hand__rosidl_generator_py.dir/rosidl_generator_py/leap_hand/srv/_leap_position_s.c.o[0m
[ 85%] [32mBuilding C object CMakeFiles/leap_hand__rosidl_generator_py.dir/rosidl_generator_py/leap_hand/srv/_leap_effort_s.c.o[0m
[ 87%] [32mBuilding C object CMakeFiles/leap_hand__rosidl_generator_py.dir/rosidl_generator_py/leap_hand/srv/_leap_state_s.c.o[0m
[ 89%] [32m[1mLinking C shared library rosidl_generator_py/leap_hand/libleap_hand__rosidl_generator_py.so[0m
[ 89%] Built target leap_hand__rosidl_generator_py
[ 91%] [32mBuilding C object CMakeFiles/leap_hand__rosidl_typesupport_fastrtps_c__pyext.dir/rosidl_generator_py/leap_hand/_leap_hand_s.ep.rosidl_typesupport_fastrtps_c.c.o[0m
[ 92%] [32mBuilding C object CMakeFiles/leap_hand__rosidl_typesupport_introspection_c__pyext.dir/rosidl_generator_py/leap_hand/_leap_hand_s.ep.rosidl_typesupport_introspection_c.c.o[0m
[ 94%] [32mBuilding C object CMakeFiles/leap_hand__rosidl_typesupport_c__pyext.dir/rosidl_generator_py/leap_hand/_leap_hand_s.ep.rosidl_typesupport_c.c.o[0m
[ 96%] [32m[1mLinking C shared library rosidl_generator_py/leap_hand/leap_hand_s__rosidl_typesupport_fastrtps_c.cpython-310-x86_64-linux-gnu.so[0m
[ 98%] [32m[1mLinking C shared library rosidl_generator_py/leap_hand/leap_hand_s__rosidl_typesupport_introspection_c.cpython-310-x86_64-linux-gnu.so[0m
[100%] [32m[1mLinking C shared library rosidl_generator_py/leap_hand/leap_hand_s__rosidl_typesupport_c.cpython-310-x86_64-linux-gnu.so[0m
[100%] Built target leap_hand__rosidl_typesupport_fastrtps_c__pyext
[100%] Built target leap_hand__rosidl_typesupport_introspection_c__pyext
[100%] Built target leap_hand__rosidl_typesupport_c__pyext
-- Install configuration: ""
-- Installing: /workspace/LeapXELA_Hardware_ws/ros_ws/src/install/leap_hand/share/ament_index/resource_index/rosidl_interfaces/leap_hand
-- Installing: /workspace/LeapXELA_Hardware_ws/ros_ws/src/install/leap_hand/include/leap_hand/leap_hand
-- Installing: /workspace/LeapXELA_Hardware_ws/ros_ws/src/install/leap_hand/include/leap_hand/leap_hand/srv
-- Installing: /workspace/LeapXELA_Hardware_ws/ros_ws/src/install/leap_hand/include/leap_hand/leap_hand/srv/leap_state.h
-- Installing: /workspace/LeapXELA_Hardware_ws/ros_ws/src/install/leap_hand/include/leap_hand/leap_hand/srv/detail
-- Installing: /workspace/LeapXELA_Hardware_ws/ros_ws/src/install/leap_hand/include/leap_hand/leap_hand/srv/detail/leap_state__functions.c
-- Installing: /workspace/LeapXELA_Hardware_ws/ros_ws/src/install/leap_hand/include/leap_hand/leap_hand/srv/detail/leap_velocity__functions.c
-- Installing: /workspace/LeapXELA_Hardware_ws/ros_ws/src/install/leap_hand/include/leap_hand/leap_hand/srv/detail/leap_effort__struct.h
-- Installing: /workspace/LeapXELA_Hardware_ws/ros_ws/src/install/leap_hand/include/leap_hand/leap_hand/srv/detail/leap_state__functions.h
-- Installing: /workspace/LeapXELA_Hardware_ws/ros_ws/src/install/leap_hand/include/leap_hand/leap_hand/srv/detail/leap_effort__type_support.h
-- Installing: /workspace/LeapXELA_Hardware_ws/ros_ws/src/install/leap_hand/include/leap_hand/leap_hand/srv/detail/leap_velocity__type_support.h
-- Installing: /workspace/LeapXELA_Hardware_ws/ros_ws/src/install/leap_hand/include/leap_hand/leap_hand/srv/detail/leap_position__functions.c
-- Installing: /workspace/LeapXELA_Hardware_ws/ros_ws/src/install/leap_hand/include/leap_hand/leap_hand/srv/detail/leap_velocity__struct.h
-- Installing: /workspace/LeapXELA_Hardware_ws/ros_ws/src/install/leap_hand/include/leap_hand/leap_hand/srv/detail/leap_velocity__functions.h
-- Installing: /workspace/LeapXELA_Hardware_ws/ros_ws/src/install/leap_hand/include/leap_hand/leap_hand/srv/detail/leap_effort__functions.h
-- Installing: /workspace/LeapXELA_Hardware_ws/ros_ws/src/install/leap_hand/include/leap_hand/leap_hand/srv/detail/leap_state__type_support.h
-- Installing: /workspace/LeapXELA_Hardware_ws/ros_ws/src/install/leap_hand/include/leap_hand/leap_hand/srv/detail/leap_position__type_support.h
-- Installing: /workspace/LeapXELA_Hardware_ws/ros_ws/src/install/leap_hand/include/leap_hand/leap_hand/srv/detail/leap_position__functions.h
-- Installing: /workspace/LeapXELA_Hardware_ws/ros_ws/src/install/leap_hand/include/leap_hand/leap_hand/srv/detail/leap_position__struct.h
-- Installing: /workspace/LeapXELA_Hardware_ws/ros_ws/src/install/leap_hand/include/leap_hand/leap_hand/srv/detail/leap_effort__functions.c
-- Installing: /workspace/LeapXELA_Hardware_ws/ros_ws/src/install/leap_hand/include/leap_hand/leap_hand/srv/detail/leap_state__struct.h
-- Installing: /workspace/LeapXELA_Hardware_ws/ros_ws/src/install/leap_hand/include/leap_hand/leap_hand/srv/leap_effort.h
-- Installing: /workspace/LeapXELA_Hardware_ws/ros_ws/src/install/leap_hand/include/leap_hand/leap_hand/srv/leap_position.h
-- Installing: /workspace/LeapXELA_Hardware_ws/ros_ws/src/install/leap_hand/include/leap_hand/leap_hand/srv/leap_velocity.h
-- Installing: /workspace/LeapXELA_Hardware_ws/ros_ws/src/install/leap_hand/include/leap_hand/leap_hand/msg
-- Installing: /workspace/LeapXELA_Hardware_ws/ros_ws/src/install/leap_hand/include/leap_hand/leap_hand/msg/rosidl_generator_c__visibility_control.h
-- Installing: /workspace/LeapXELA_Hardware_ws/ros_ws/src/install/leap_hand/share/leap_hand/environment/library_path.sh
-- Installing: /workspace/LeapXELA_Hardware_ws/ros_ws/src/install/leap_hand/share/leap_hand/environment/library_path.dsv
-- Installing: /workspace/LeapXELA_Hardware_ws/ros_ws/src/install/leap_hand/lib/libleap_hand__rosidl_generator_c.so
-- Set runtime path of "/workspace/LeapXELA_Hardware_ws/ros_ws/src/install/leap_hand/lib/libleap_hand__rosidl_generator_c.so" to ""
-- Up-to-date: /workspace/LeapXELA_Hardware_ws/ros_ws/src/install/leap_hand/include/leap_hand/leap_hand
-- Up-to-date: /workspace/LeapXELA_Hardware_ws/ros_ws/src/install/leap_hand/include/leap_hand/leap_hand/srv
-- Up-to-date: /workspace/LeapXELA_Hardware_ws/ros_ws/src/install/leap_hand/include/leap_hand/leap_hand/srv/detail
-- Installing: /workspace/LeapXELA_Hardware_ws/ros_ws/src/install/leap_hand/include/leap_hand/leap_hand/srv/detail/leap_effort__rosidl_typesupport_fastrtps_c.h
-- Installing: /workspace/LeapXELA_Hardware_ws/ros_ws/src/install/leap_hand/include/leap_hand/leap_hand/srv/detail/leap_velocity__rosidl_typesupport_fastrtps_c.h
-- Installing: /workspace/LeapXELA_Hardware_ws/ros_ws/src/install/leap_hand/include/leap_hand/leap_hand/srv/detail/leap_state__rosidl_typesupport_fastrtps_c.h
-- Installing: /workspace/LeapXELA_Hardware_ws/ros_ws/src/install/leap_hand/include/leap_hand/leap_hand/srv/detail/leap_position__rosidl_typesupport_fastrtps_c.h
-- Up-to-date: /workspace/LeapXELA_Hardware_ws/ros_ws/src/install/leap_hand/include/leap_hand/leap_hand/msg
-- Installing: /workspace/LeapXELA_Hardware_ws/ros_ws/src/install/leap_hand/include/leap_hand/leap_hand/msg/rosidl_typesupport_fastrtps_c__visibility_control.h
-- Installing: /workspace/LeapXELA_Hardware_ws/ros_ws/src/install/leap_hand/lib/libleap_hand__rosidl_typesupport_fastrtps_c.so
-- Set runtime path of "/workspace/LeapXELA_Hardware_ws/ros_ws/src/install/leap_hand/lib/libleap_hand__rosidl_typesupport_fastrtps_c.so" to ""
-- Up-to-date: /workspace/LeapXELA_Hardware_ws/ros_ws/src/install/leap_hand/include/leap_hand/leap_hand
-- Up-to-date: /workspace/LeapXELA_Hardware_ws/ros_ws/src/install/leap_hand/include/leap_hand/leap_hand/srv
-- Up-to-date: /workspace/LeapXELA_Hardware_ws/ros_ws/src/install/leap_hand/include/leap_hand/leap_hand/srv/detail
-- Installing: /workspace/LeapXELA_Hardware_ws/ros_ws/src/install/leap_hand/include/leap_hand/leap_hand/srv/detail/leap_position__type_support.hpp
-- Installing: /workspace/LeapXELA_Hardware_ws/ros_ws/src/install/leap_hand/include/leap_hand/leap_hand/srv/detail/leap_velocity__builder.hpp
-- Installing: /workspace/LeapXELA_Hardware_ws/ros_ws/src/install/leap_hand/include/leap_hand/leap_hand/srv/detail/leap_state__type_support.hpp
-- Installing: /workspace/LeapXELA_Hardware_ws/ros_ws/src/install/leap_hand/include/leap_hand/leap_hand/srv/detail/leap_position__builder.hpp
-- Installing: /workspace/LeapXELA_Hardware_ws/ros_ws/src/install/leap_hand/include/leap_hand/leap_hand/srv/detail/leap_position__struct.hpp
-- Installing: /workspace/LeapXELA_Hardware_ws/ros_ws/src/install/leap_hand/include/leap_hand/leap_hand/srv/detail/leap_effort__traits.hpp
-- Installing: /workspace/LeapXELA_Hardware_ws/ros_ws/src/install/leap_hand/include/leap_hand/leap_hand/srv/detail/leap_effort__type_support.hpp
-- Installing: /workspace/LeapXELA_Hardware_ws/ros_ws/src/install/leap_hand/include/leap_hand/leap_hand/srv/detail/leap_position__traits.hpp
-- Installing: /workspace/LeapXELA_Hardware_ws/ros_ws/src/install/leap_hand/include/leap_hand/leap_hand/srv/detail/leap_state__traits.hpp
-- Installing: /workspace/LeapXELA_Hardware_ws/ros_ws/src/install/leap_hand/include/leap_hand/leap_hand/srv/detail/leap_state__struct.hpp
-- Installing: /workspace/LeapXELA_Hardware_ws/ros_ws/src/install/leap_hand/include/leap_hand/leap_hand/srv/detail/leap_effort__builder.hpp
-- Installing: /workspace/LeapXELA_Hardware_ws/ros_ws/src/install/leap_hand/include/leap_hand/leap_hand/srv/detail/leap_velocity__traits.hpp
-- Installing: /workspace/LeapXELA_Hardware_ws/ros_ws/src/install/leap_hand/include/leap_hand/leap_hand/srv/detail/leap_state__builder.hpp
-- Installing: /workspace/LeapXELA_Hardware_ws/ros_ws/src/install/leap_hand/include/leap_hand/leap_hand/srv/detail/leap_velocity__struct.hpp
-- Installing: /workspace/LeapXELA_Hardware_ws/ros_ws/src/install/leap_hand/include/leap_hand/leap_hand/srv/detail/leap_velocity__type_support.hpp
-- Installing: /workspace/LeapXELA_Hardware_ws/ros_ws/src/install/leap_hand/include/leap_hand/leap_hand/srv/detail/leap_effort__struct.hpp
-- Installing: /workspace/LeapXELA_Hardware_ws/ros_ws/src/install/leap_hand/include/leap_hand/leap_hand/srv/leap_velocity.hpp
-- Installing: /workspace/LeapXELA_Hardware_ws/ros_ws/src/install/leap_hand/include/leap_hand/leap_hand/srv/leap_state.hpp
-- Installing: /workspace/LeapXELA_Hardware_ws/ros_ws/src/install/leap_hand/include/leap_hand/leap_hand/srv/leap_effort.hpp
-- Installing: /workspace/LeapXELA_Hardware_ws/ros_ws/src/install/leap_hand/include/leap_hand/leap_hand/srv/leap_position.hpp
-- Up-to-date: /workspace/LeapXELA_Hardware_ws/ros_ws/src/install/leap_hand/include/leap_hand/leap_hand/msg
-- Installing: /workspace/LeapXELA_Hardware_ws/ros_ws/src/install/leap_hand/include/leap_hand/leap_hand/msg/rosidl_generator_cpp__visibility_control.hpp
-- Up-to-date: /workspace/LeapXELA_Hardware_ws/ros_ws/src/install/leap_hand/include/leap_hand/leap_hand
-- Up-to-date: /workspace/LeapXELA_Hardware_ws/ros_ws/src/install/leap_hand/include/leap_hand/leap_hand/srv
-- Up-to-date: /workspace/LeapXELA_Hardware_ws/ros_ws/src/install/leap_hand/include/leap_hand/leap_hand/srv/detail
-- Installing: /workspace/LeapXELA_Hardware_ws/ros_ws/src/install/leap_hand/include/leap_hand/leap_hand/srv/detail/leap_velocity__rosidl_typesupport_fastrtps_cpp.hpp
-- Installing: /workspace/LeapXELA_Hardware_ws/ros_ws/src/install/leap_hand/include/leap_hand/leap_hand/srv/detail/leap_position__rosidl_typesupport_fastrtps_cpp.hpp
-- Installing: /workspace/LeapXELA_Hardware_ws/ros_ws/src/install/leap_hand/include/leap_hand/leap_hand/srv/detail/leap_state__rosidl_typesupport_fastrtps_cpp.hpp
-- Installing: /workspace/LeapXELA_Hardware_ws/ros_ws/src/install/leap_hand/include/leap_hand/leap_hand/srv/detail/leap_effort__rosidl_typesupport_fastrtps_cpp.hpp
-- Installing: /workspace/LeapXELA_Hardware_ws/ros_ws/src/install/leap_hand/include/leap_hand/leap_hand/srv/detail/dds_fastrtps
-- Up-to-date: /workspace/LeapXELA_Hardware_ws/ros_ws/src/install/leap_hand/include/leap_hand/leap_hand/msg
-- Installing: /workspace/LeapXELA_Hardware_ws/ros_ws/src/install/leap_hand/include/leap_hand/leap_hand/msg/rosidl_typesupport_fastrtps_cpp__visibility_control.h
-- Installing: /workspace/LeapXELA_Hardware_ws/ros_ws/src/install/leap_hand/lib/libleap_hand__rosidl_typesupport_fastrtps_cpp.so
-- Set runtime path of "/workspace/LeapXELA_Hardware_ws/ros_ws/src/install/leap_hand/lib/libleap_hand__rosidl_typesupport_fastrtps_cpp.so" to ""
-- Up-to-date: /workspace/LeapXELA_Hardware_ws/ros_ws/src/install/leap_hand/include/leap_hand/leap_hand
-- Up-to-date: /workspace/LeapXELA_Hardware_ws/ros_ws/src/install/leap_hand/include/leap_hand/leap_hand/srv
-- Up-to-date: /workspace/LeapXELA_Hardware_ws/ros_ws/src/install/leap_hand/include/leap_hand/leap_hand/srv/detail
-- Installing: /workspace/LeapXELA_Hardware_ws/ros_ws/src/install/leap_hand/include/leap_hand/leap_hand/srv/detail/leap_state__type_support.c
-- Installing: /workspace/LeapXELA_Hardware_ws/ros_ws/src/install/leap_hand/include/leap_hand/leap_hand/srv/detail/leap_velocity__type_support.c
-- Installing: /workspace/LeapXELA_Hardware_ws/ros_ws/src/install/leap_hand/include/leap_hand/leap_hand/srv/detail/leap_state__rosidl_typesupport_introspection_c.h
-- Installing: /workspace/LeapXELA_Hardware_ws/ros_ws/src/install/leap_hand/include/leap_hand/leap_hand/srv/detail/leap_position__type_support.c
-- Installing: /workspace/LeapXELA_Hardware_ws/ros_ws/src/install/leap_hand/include/leap_hand/leap_hand/srv/detail/leap_position__rosidl_typesupport_introspection_c.h
-- Installing: /workspace/LeapXELA_Hardware_ws/ros_ws/src/install/leap_hand/include/leap_hand/leap_hand/srv/detail/leap_velocity__rosidl_typesupport_introspection_c.h
-- Installing: /workspace/LeapXELA_Hardware_ws/ros_ws/src/install/leap_hand/include/leap_hand/leap_hand/srv/detail/leap_effort__rosidl_typesupport_introspection_c.h
-- Installing: /workspace/LeapXELA_Hardware_ws/ros_ws/src/install/leap_hand/include/leap_hand/leap_hand/srv/detail/leap_effort__type_support.c
-- Up-to-date: /workspace/LeapXELA_Hardware_ws/ros_ws/src/install/leap_hand/include/leap_hand/leap_hand/msg
-- Installing: /workspace/LeapXELA_Hardware_ws/ros_ws/src/install/leap_hand/include/leap_hand/leap_hand/msg/rosidl_typesupport_introspection_c__visibility_control.h
-- Installing: /workspace/LeapXELA_Hardware_ws/ros_ws/src/install/leap_hand/lib/libleap_hand__rosidl_typesupport_introspection_c.so
-- Set runtime path of "/workspace/LeapXELA_Hardware_ws/ros_ws/src/install/leap_hand/lib/libleap_hand__rosidl_typesupport_introspection_c.so" to ""
-- Installing: /workspace/LeapXELA_Hardware_ws/ros_ws/src/install/leap_hand/lib/libleap_hand__rosidl_typesupport_c.so
-- Set runtime path of "/workspace/LeapXELA_Hardware_ws/ros_ws/src/install/leap_hand/lib/libleap_hand__rosidl_typesupport_c.so" to ""
-- Up-to-date: /workspace/LeapXELA_Hardware_ws/ros_ws/src/install/leap_hand/include/leap_hand/leap_hand
-- Up-to-date: /workspace/LeapXELA_Hardware_ws/ros_ws/src/install/leap_hand/include/leap_hand/leap_hand/srv
-- Up-to-date: /workspace/LeapXELA_Hardware_ws/ros_ws/src/install/leap_hand/include/leap_hand/leap_hand/srv/detail
-- Installing: /workspace/LeapXELA_Hardware_ws/ros_ws/src/install/leap_hand/include/leap_hand/leap_hand/srv/detail/leap_position__type_support.cpp
-- Installing: /workspace/LeapXELA_Hardware_ws/ros_ws/src/install/leap_hand/include/leap_hand/leap_hand/srv/detail/leap_state__rosidl_typesupport_introspection_cpp.hpp
-- Installing: /workspace/LeapXELA_Hardware_ws/ros_ws/src/install/leap_hand/include/leap_hand/leap_hand/srv/detail/leap_velocity__rosidl_typesupport_introspection_cpp.hpp
-- Installing: /workspace/LeapXELA_Hardware_ws/ros_ws/src/install/leap_hand/include/leap_hand/leap_hand/srv/detail/leap_state__type_support.cpp
-- Installing: /workspace/LeapXELA_Hardware_ws/ros_ws/src/install/leap_hand/include/leap_hand/leap_hand/srv/detail/leap_effort__rosidl_typesupport_introspection_cpp.hpp
-- Installing: /workspace/LeapXELA_Hardware_ws/ros_ws/src/install/leap_hand/include/leap_hand/leap_hand/srv/detail/leap_effort__type_support.cpp
-- Installing: /workspace/LeapXELA_Hardware_ws/ros_ws/src/install/leap_hand/include/leap_hand/leap_hand/srv/detail/leap_velocity__type_support.cpp
-- Installing: /workspace/LeapXELA_Hardware_ws/ros_ws/src/install/leap_hand/include/leap_hand/leap_hand/srv/detail/leap_position__rosidl_typesupport_introspection_cpp.hpp
-- Installing: /workspace/LeapXELA_Hardware_ws/ros_ws/src/install/leap_hand/lib/libleap_hand__rosidl_typesupport_introspection_cpp.so
-- Set runtime path of "/workspace/LeapXELA_Hardware_ws/ros_ws/src/install/leap_hand/lib/libleap_hand__rosidl_typesupport_introspection_cpp.so" to ""
-- Installing: /workspace/LeapXELA_Hardware_ws/ros_ws/src/install/leap_hand/lib/libleap_hand__rosidl_typesupport_cpp.so
-- Set runtime path of "/workspace/LeapXELA_Hardware_ws/ros_ws/src/install/leap_hand/lib/libleap_hand__rosidl_typesupport_cpp.so" to ""
-- Installing: /workspace/LeapXELA_Hardware_ws/ros_ws/src/install/leap_hand/share/leap_hand/environment/pythonpath.sh
-- Installing: /workspace/LeapXELA_Hardware_ws/ros_ws/src/install/leap_hand/share/leap_hand/environment/pythonpath.dsv
-- Installing: /workspace/LeapXELA_Hardware_ws/ros_ws/src/install/leap_hand/local/lib/python3.10/dist-packages/leap_hand-0.0.0-py3.10.egg-info
-- Installing: /workspace/LeapXELA_Hardware_ws/ros_ws/src/install/leap_hand/local/lib/python3.10/dist-packages/leap_hand-0.0.0-py3.10.egg-info/dependency_links.txt
-- Installing: /workspace/LeapXELA_Hardware_ws/ros_ws/src/install/leap_hand/local/lib/python3.10/dist-packages/leap_hand-0.0.0-py3.10.egg-info/SOURCES.txt
-- Installing: /workspace/LeapXELA_Hardware_ws/ros_ws/src/install/leap_hand/local/lib/python3.10/dist-packages/leap_hand-0.0.0-py3.10.egg-info/PKG-INFO
-- Installing: /workspace/LeapXELA_Hardware_ws/ros_ws/src/install/leap_hand/local/lib/python3.10/dist-packages/leap_hand-0.0.0-py3.10.egg-info/top_level.txt
-- Installing: /workspace/LeapXELA_Hardware_ws/ros_ws/src/install/leap_hand/local/lib/python3.10/dist-packages/leap_hand
-- Installing: /workspace/LeapXELA_Hardware_ws/ros_ws/src/install/leap_hand/local/lib/python3.10/dist-packages/leap_hand/__init__.py
-- Installing: /workspace/LeapXELA_Hardware_ws/ros_ws/src/install/leap_hand/local/lib/python3.10/dist-packages/leap_hand/_leap_hand_s.ep.rosidl_typesupport_c.c
-- Installing: /workspace/LeapXELA_Hardware_ws/ros_ws/src/install/leap_hand/local/lib/python3.10/dist-packages/leap_hand/_leap_hand_s.ep.rosidl_typesupport_introspection_c.c
-- Installing: /workspace/LeapXELA_Hardware_ws/ros_ws/src/install/leap_hand/local/lib/python3.10/dist-packages/leap_hand/leap_hand_s__rosidl_typesupport_c.cpython-310-x86_64-linux-gnu.so
-- Installing: /workspace/LeapXELA_Hardware_ws/ros_ws/src/install/leap_hand/local/lib/python3.10/dist-packages/leap_hand/_leap_hand_s.ep.rosidl_typesupport_fastrtps_c.c
-- Installing: /workspace/LeapXELA_Hardware_ws/ros_ws/src/install/leap_hand/local/lib/python3.10/dist-packages/leap_hand/leap_hand_s__rosidl_typesupport_introspection_c.cpython-310-x86_64-linux-gnu.so
-- Installing: /workspace/LeapXELA_Hardware_ws/ros_ws/src/install/leap_hand/local/lib/python3.10/dist-packages/leap_hand/srv
-- Installing: /workspace/LeapXELA_Hardware_ws/ros_ws/src/install/leap_hand/local/lib/python3.10/dist-packages/leap_hand/srv/__init__.py
-- Installing: /workspace/LeapXELA_Hardware_ws/ros_ws/src/install/leap_hand/local/lib/python3.10/dist-packages/leap_hand/srv/_leap_position.py
-- Installing: /workspace/LeapXELA_Hardware_ws/ros_ws/src/install/leap_hand/local/lib/python3.10/dist-packages/leap_hand/srv/_leap_effort_s.c
-- Installing: /workspace/LeapXELA_Hardware_ws/ros_ws/src/install/leap_hand/local/lib/python3.10/dist-packages/leap_hand/srv/_leap_position_s.c
-- Installing: /workspace/LeapXELA_Hardware_ws/ros_ws/src/install/leap_hand/local/lib/python3.10/dist-packages/leap_hand/srv/_leap_state.py
-- Installing: /workspace/LeapXELA_Hardware_ws/ros_ws/src/install/leap_hand/local/lib/python3.10/dist-packages/leap_hand/srv/_leap_velocity_s.c
-- Installing: /workspace/LeapXELA_Hardware_ws/ros_ws/src/install/leap_hand/local/lib/python3.10/dist-packages/leap_hand/srv/_leap_state_s.c
-- Installing: /workspace/LeapXELA_Hardware_ws/ros_ws/src/install/leap_hand/local/lib/python3.10/dist-packages/leap_hand/srv/_leap_velocity.py
-- Installing: /workspace/LeapXELA_Hardware_ws/ros_ws/src/install/leap_hand/local/lib/python3.10/dist-packages/leap_hand/srv/_leap_effort.py
-- Installing: /workspace/LeapXELA_Hardware_ws/ros_ws/src/install/leap_hand/local/lib/python3.10/dist-packages/leap_hand/leap_hand_s__rosidl_typesupport_fastrtps_c.cpython-310-x86_64-linux-gnu.so
-- Installing: /workspace/LeapXELA_Hardware_ws/ros_ws/src/install/leap_hand/local/lib/python3.10/dist-packages/leap_hand/libleap_hand__rosidl_generator_py.so
Listing '/workspace/LeapXELA_Hardware_ws/ros_ws/src/install/leap_hand/local/lib/python3.10/dist-packages/leap_hand'...
Compiling '/workspace/LeapXELA_Hardware_ws/ros_ws/src/install/leap_hand/local/lib/python3.10/dist-packages/leap_hand/__init__.py'...
Listing '/workspace/LeapXELA_Hardware_ws/ros_ws/src/install/leap_hand/local/lib/python3.10/dist-packages/leap_hand/srv'...
Compiling '/workspace/LeapXELA_Hardware_ws/ros_ws/src/install/leap_hand/local/lib/python3.10/dist-packages/leap_hand/srv/__init__.py'...
Compiling '/workspace/LeapXELA_Hardware_ws/ros_ws/src/install/leap_hand/local/lib/python3.10/dist-packages/leap_hand/srv/_leap_effort.py'...
Compiling '/workspace/LeapXELA_Hardware_ws/ros_ws/src/install/leap_hand/local/lib/python3.10/dist-packages/leap_hand/srv/_leap_position.py'...
Compiling '/workspace/LeapXELA_Hardware_ws/ros_ws/src/install/leap_hand/local/lib/python3.10/dist-packages/leap_hand/srv/_leap_state.py'...
Compiling '/workspace/LeapXELA_Hardware_ws/ros_ws/src/install/leap_hand/local/lib/python3.10/dist-packages/leap_hand/srv/_leap_velocity.py'...
-- Installing: /workspace/LeapXELA_Hardware_ws/ros_ws/src/install/leap_hand/local/lib/python3.10/dist-packages/leap_hand/leap_hand_s__rosidl_typesupport_fastrtps_c.cpython-310-x86_64-linux-gnu.so
-- Set runtime path of "/workspace/LeapXELA_Hardware_ws/ros_ws/src/install/leap_hand/local/lib/python3.10/dist-packages/leap_hand/leap_hand_s__rosidl_typesupport_fastrtps_c.cpython-310-x86_64-linux-gnu.so" to ""
-- Installing: /workspace/LeapXELA_Hardware_ws/ros_ws/src/install/leap_hand/local/lib/python3.10/dist-packages/leap_hand/leap_hand_s__rosidl_typesupport_introspection_c.cpython-310-x86_64-linux-gnu.so
-- Set runtime path of "/workspace/LeapXELA_Hardware_ws/ros_ws/src/install/leap_hand/local/lib/python3.10/dist-packages/leap_hand/leap_hand_s__rosidl_typesupport_introspection_c.cpython-310-x86_64-linux-gnu.so" to ""
-- Installing: /workspace/LeapXELA_Hardware_ws/ros_ws/src/install/leap_hand/local/lib/python3.10/dist-packages/leap_hand/leap_hand_s__rosidl_typesupport_c.cpython-310-x86_64-linux-gnu.so
-- Set runtime path of "/workspace/LeapXELA_Hardware_ws/ros_ws/src/install/leap_hand/local/lib/python3.10/dist-packages/leap_hand/leap_hand_s__rosidl_typesupport_c.cpython-310-x86_64-linux-gnu.so" to ""
-- Installing: /workspace/LeapXELA_Hardware_ws/ros_ws/src/install/leap_hand/lib/libleap_hand__rosidl_generator_py.so
-- Set runtime path of "/workspace/LeapXELA_Hardware_ws/ros_ws/src/install/leap_hand/lib/libleap_hand__rosidl_generator_py.so" to ""
-- Installing: /workspace/LeapXELA_Hardware_ws/ros_ws/src/install/leap_hand/share/ament_index/resource_index/rust_packages/leap_hand
-- Installing: /workspace/LeapXELA_Hardware_ws/ros_ws/src/install/leap_hand/share/leap_hand/rust
-- Installing: /workspace/LeapXELA_Hardware_ws/ros_ws/src/install/leap_hand/share/leap_hand/rust/Cargo.toml
-- Installing: /workspace/LeapXELA_Hardware_ws/ros_ws/src/install/leap_hand/share/leap_hand/rust/src
-- Installing: /workspace/LeapXELA_Hardware_ws/ros_ws/src/install/leap_hand/share/leap_hand/rust/src/lib.rs
-- Installing: /workspace/LeapXELA_Hardware_ws/ros_ws/src/install/leap_hand/share/leap_hand/rust/src/srv
-- Installing: /workspace/LeapXELA_Hardware_ws/ros_ws/src/install/leap_hand/share/leap_hand/rust/src/srv/rmw.rs
-- Installing: /workspace/LeapXELA_Hardware_ws/ros_ws/src/install/leap_hand/share/leap_hand/rust/src/srv.rs
-- Installing: /workspace/LeapXELA_Hardware_ws/ros_ws/src/install/leap_hand/share/leap_hand/rust/build.rs
-- Installing: /workspace/LeapXELA_Hardware_ws/ros_ws/src/install/leap_hand/share/leap_hand/srv/LeapVelocity.idl
-- Installing: /workspace/LeapXELA_Hardware_ws/ros_ws/src/install/leap_hand/share/leap_hand/srv/LeapPosition.idl
-- Installing: /workspace/LeapXELA_Hardware_ws/ros_ws/src/install/leap_hand/share/leap_hand/srv/LeapEffort.idl
-- Installing: /workspace/LeapXELA_Hardware_ws/ros_ws/src/install/leap_hand/share/leap_hand/srv/LeapState.idl
-- Installing: /workspace/LeapXELA_Hardware_ws/ros_ws/src/install/leap_hand/share/leap_hand/srv/LeapVelocity.srv
-- Installing: /workspace/LeapXELA_Hardware_ws/ros_ws/src/install/leap_hand/share/leap_hand/srv/LeapVelocity_Request.msg
-- Installing: /workspace/LeapXELA_Hardware_ws/ros_ws/src/install/leap_hand/share/leap_hand/srv/LeapVelocity_Response.msg
-- Installing: /workspace/LeapXELA_Hardware_ws/ros_ws/src/install/leap_hand/share/leap_hand/srv/LeapPosition.srv
-- Installing: /workspace/LeapXELA_Hardware_ws/ros_ws/src/install/leap_hand/share/leap_hand/srv/LeapPosition_Request.msg
-- Installing: /workspace/LeapXELA_Hardware_ws/ros_ws/src/install/leap_hand/share/leap_hand/srv/LeapPosition_Response.msg
-- Installing: /workspace/LeapXELA_Hardware_ws/ros_ws/src/install/leap_hand/share/leap_hand/srv/LeapEffort.srv
-- Installing: /workspace/LeapXELA_Hardware_ws/ros_ws/src/install/leap_hand/share/leap_hand/srv/LeapEffort_Request.msg
-- Installing: /workspace/LeapXELA_Hardware_ws/ros_ws/src/install/leap_hand/share/leap_hand/srv/LeapEffort_Response.msg
-- Installing: /workspace/LeapXELA_Hardware_ws/ros_ws/src/install/leap_hand/share/leap_hand/srv/LeapState.srv
-- Installing: /workspace/LeapXELA_Hardware_ws/ros_ws/src/install/leap_hand/share/leap_hand/srv/LeapState_Request.msg
-- Installing: /workspace/LeapXELA_Hardware_ws/ros_ws/src/install/leap_hand/share/leap_hand/srv/LeapState_Response.msg
-- Installing: /workspace/LeapXELA_Hardware_ws/ros_ws/src/install/leap_hand/share/ament_index/resource_index/package_run_dependencies/leap_hand
-- Installing: /workspace/LeapXELA_Hardware_ws/ros_ws/src/install/leap_hand/share/ament_index/resource_index/parent_prefix_path/leap_hand
-- Installing: /workspace/LeapXELA_Hardware_ws/ros_ws/src/install/leap_hand/share/leap_hand/environment/ament_prefix_path.sh
-- Installing: /workspace/LeapXELA_Hardware_ws/ros_ws/src/install/leap_hand/share/leap_hand/environment/ament_prefix_path.dsv
-- Installing: /workspace/LeapXELA_Hardware_ws/ros_ws/src/install/leap_hand/share/leap_hand/environment/path.sh
-- Installing: /workspace/LeapXELA_Hardware_ws/ros_ws/src/install/leap_hand/share/leap_hand/environment/path.dsv
-- Installing: /workspace/LeapXELA_Hardware_ws/ros_ws/src/install/leap_hand/share/leap_hand/local_setup.bash
-- Installing: /workspace/LeapXELA_Hardware_ws/ros_ws/src/install/leap_hand/share/leap_hand/local_setup.sh
-- Installing: /workspace/LeapXELA_Hardware_ws/ros_ws/src/install/leap_hand/share/leap_hand/local_setup.zsh
-- Installing: /workspace/LeapXELA_Hardware_ws/ros_ws/src/install/leap_hand/share/leap_hand/local_setup.dsv
-- Installing: /workspace/LeapXELA_Hardware_ws/ros_ws/src/install/leap_hand/share/leap_hand/package.dsv
-- Installing: /workspace/LeapXELA_Hardware_ws/ros_ws/src/install/leap_hand/share/ament_index/resource_index/packages/leap_hand
-- Installing: /workspace/LeapXELA_Hardware_ws/ros_ws/src/install/leap_hand/share/leap_hand/cmake/export_leap_hand__rosidl_generator_cExport.cmake
-- Installing: /workspace/LeapXELA_Hardware_ws/ros_ws/src/install/leap_hand/share/leap_hand/cmake/export_leap_hand__rosidl_generator_cExport-noconfig.cmake
-- Installing: /workspace/LeapXELA_Hardware_ws/ros_ws/src/install/leap_hand/share/leap_hand/cmake/export_leap_hand__rosidl_typesupport_fastrtps_cExport.cmake
-- Installing: /workspace/LeapXELA_Hardware_ws/ros_ws/src/install/leap_hand/share/leap_hand/cmake/export_leap_hand__rosidl_typesupport_fastrtps_cExport-noconfig.cmake
-- Installing: /workspace/LeapXELA_Hardware_ws/ros_ws/src/install/leap_hand/share/leap_hand/cmake/export_leap_hand__rosidl_generator_cppExport.cmake
-- Installing: /workspace/LeapXELA_Hardware_ws/ros_ws/src/install/leap_hand/share/leap_hand/cmake/export_leap_hand__rosidl_typesupport_fastrtps_cppExport.cmake
-- Installing: /workspace/LeapXELA_Hardware_ws/ros_ws/src/install/leap_hand/share/leap_hand/cmake/export_leap_hand__rosidl_typesupport_fastrtps_cppExport-noconfig.cmake
-- Installing: /workspace/LeapXELA_Hardware_ws/ros_ws/src/install/leap_hand/share/leap_hand/cmake/leap_hand__rosidl_typesupport_introspection_cExport.cmake
-- Installing: /workspace/LeapXELA_Hardware_ws/ros_ws/src/install/leap_hand/share/leap_hand/cmake/leap_hand__rosidl_typesupport_introspection_cExport-noconfig.cmake
-- Installing: /workspace/LeapXELA_Hardware_ws/ros_ws/src/install/leap_hand/share/leap_hand/cmake/leap_hand__rosidl_typesupport_cExport.cmake
-- Installing: /workspace/LeapXELA_Hardware_ws/ros_ws/src/install/leap_hand/share/leap_hand/cmake/leap_hand__rosidl_typesupport_cExport-noconfig.cmake
-- Installing: /workspace/LeapXELA_Hardware_ws/ros_ws/src/install/leap_hand/share/leap_hand/cmake/leap_hand__rosidl_typesupport_introspection_cppExport.cmake
-- Installing: /workspace/LeapXELA_Hardware_ws/ros_ws/src/install/leap_hand/share/leap_hand/cmake/leap_hand__rosidl_typesupport_introspection_cppExport-noconfig.cmake
-- Installing: /workspace/LeapXELA_Hardware_ws/ros_ws/src/install/leap_hand/share/leap_hand/cmake/leap_hand__rosidl_typesupport_cppExport.cmake
-- Installing: /workspace/LeapXELA_Hardware_ws/ros_ws/src/install/leap_hand/share/leap_hand/cmake/leap_hand__rosidl_typesupport_cppExport-noconfig.cmake
-- Installing: /workspace/LeapXELA_Hardware_ws/ros_ws/src/install/leap_hand/share/leap_hand/cmake/export_leap_hand__rosidl_generator_pyExport.cmake
-- Installing: /workspace/LeapXELA_Hardware_ws/ros_ws/src/install/leap_hand/share/leap_hand/cmake/export_leap_hand__rosidl_generator_pyExport-noconfig.cmake
-- Installing: /workspace/LeapXELA_Hardware_ws/ros_ws/src/install/leap_hand/share/leap_hand/cmake/rosidl_cmake-extras.cmake
-- Installing: /workspace/LeapXELA_Hardware_ws/ros_ws/src/install/leap_hand/share/leap_hand/cmake/ament_cmake_export_dependencies-extras.cmake
-- Installing: /workspace/LeapXELA_Hardware_ws/ros_ws/src/install/leap_hand/share/leap_hand/cmake/ament_cmake_export_include_directories-extras.cmake
-- Installing: /workspace/LeapXELA_Hardware_ws/ros_ws/src/install/leap_hand/share/leap_hand/cmake/ament_cmake_export_libraries-extras.cmake
-- Installing: /workspace/LeapXELA_Hardware_ws/ros_ws/src/install/leap_hand/share/leap_hand/cmake/ament_cmake_export_targets-extras.cmake
-- Installing: /workspace/LeapXELA_Hardware_ws/ros_ws/src/install/leap_hand/share/leap_hand/cmake/rosidl_cmake_export_typesupport_targets-extras.cmake
-- Installing: /workspace/LeapXELA_Hardware_ws/ros_ws/src/install/leap_hand/share/leap_hand/cmake/rosidl_cmake_export_typesupport_libraries-extras.cmake
-- Installing: /workspace/LeapXELA_Hardware_ws/ros_ws/src/install/leap_hand/share/leap_hand/cmake/leap_handConfig.cmake
-- Installing: /workspace/LeapXELA_Hardware_ws/ros_ws/src/install/leap_hand/share/leap_hand/cmake/leap_handConfig-version.cmake
-- Installing: /workspace/LeapXELA_Hardware_ws/ros_ws/src/install/leap_hand/share/leap_hand/package.xml
-- Installing: /workspace/LeapXELA_Hardware_ws/ros_ws/src/install/leap_hand/lib/leap_hand/leaphand_node.py
-- Installing: /workspace/LeapXELA_Hardware_ws/ros_ws/src/install/leap_hand/lib/leap_hand/ros2_example.py
-- Installing: /workspace/LeapXELA_Hardware_ws/ros_ws/src/install/leap_hand/lib/leap_hand/keyboard_node.py
-- Installing: /workspace/LeapXELA_Hardware_ws/ros_ws/src/install/leap_hand/lib/leap_hand/base.py
-- Installing: /workspace/LeapXELA_Hardware_ws/ros_ws/src/install/leap_hand/share/leap_hand/config/pose.json
-- Installing: /workspace/LeapXELA_Hardware_ws/ros_ws/src/install/leap_hand/lib/leap_hand/leap_hand_utils
-- Installing: /workspace/LeapXELA_Hardware_ws/ros_ws/src/install/leap_hand/lib/leap_hand/leap_hand_utils/__init__.py
-- Installing: /workspace/LeapXELA_Hardware_ws/ros_ws/src/install/leap_hand/lib/leap_hand/leap_hand_utils/dynamixel_client.py
-- Installing: /workspace/LeapXELA_Hardware_ws/ros_ws/src/install/leap_hand/lib/leap_hand/leap_hand_utils/leap_hand_utils.py
-- Installing: /workspace/LeapXELA_Hardware_ws/ros_ws/src/install/leap_hand/share/leap_hand/launch
-- Installing: /workspace/LeapXELA_Hardware_ws/ros_ws/src/install/leap_hand/share/leap_hand/launch/launch_leap.py
-- Installing: /workspace/LeapXELA_Hardware_ws/ros_ws/src/install/leap_hand/share/leap_hand/launch/launch_leap_keyboard.py
