[0.674s] Invoking command in '/workspace/LeapXELA_Hardware_ws/ros_ws/src/build/leap_hand': CMAKE_PREFIX_PATH=/opt/ros/humble /usr/bin/cmake /workspace/LeapXELA_Hardware_ws/ros_ws/src/LEAP_Hand_API/ros2_module -DCMAKE_INSTALL_PREFIX=/workspace/LeapXELA_Hardware_ws/ros_ws/src/install/leap_hand
[1.206s] -- The C compiler identification is GNU 11.4.0
[1.207s] -- The CXX compiler identification is GNU 11.4.0
[1.207s] -- Detecting C compiler ABI info
[1.207s] -- Detecting C compiler ABI info - done
[1.207s] -- Check for working C compiler: /usr/bin/cc - skipped
[1.207s] -- Detecting C compile features
[1.207s] -- Detecting C compile features - done
[1.208s] -- Detecting CXX compiler ABI info
[1.222s] -- Detecting CXX compiler ABI info - done
[1.238s] -- Check for working CXX compiler: /usr/bin/c++ - skipped
[1.238s] -- Detecting CXX compile features
[1.239s] -- Detecting CXX compile features - done
[1.243s] -- Found ament_cmake: 1.3.14 (/opt/ros/humble/share/ament_cmake/cmake)
[1.647s] -- Found Python3: /usr/bin/python3 (found version "3.10.12") found components: Interpreter 
[1.822s] -- Found rclpy: 3.3.21 (/opt/ros/humble/share/rclpy/cmake)
[1.824s] -- Found std_msgs: 4.9.1 (/opt/ros/humble/share/std_msgs/cmake)
[1.887s] -- Found rosidl_generator_c: 3.1.8 (/opt/ros/humble/share/rosidl_generator_c/cmake)
[1.895s] -- Found rosidl_adapter: 3.1.8 (/opt/ros/humble/share/rosidl_adapter/cmake)
[1.910s] -- Found rosidl_generator_cpp: 3.1.8 (/opt/ros/humble/share/rosidl_generator_cpp/cmake)
[1.935s] -- Using all available rosidl_typesupport_c: rosidl_typesupport_fastrtps_c;rosidl_typesupport_introspection_c
[1.963s] -- Using all available rosidl_typesupport_cpp: rosidl_typesupport_fastrtps_cpp;rosidl_typesupport_introspection_cpp
[2.011s] -- Found rosidl_default_generators: 1.2.1 (/opt/ros/humble/share/rosidl_default_generators/cmake)
[2.816s] -- Found ament_cmake_ros: 0.10.0 (/opt/ros/humble/share/ament_cmake_ros/cmake)
[3.681s] -- Using all available rosidl_typesupport_c: rosidl_typesupport_fastrtps_c;rosidl_typesupport_introspection_c
[4.003s] -- Using all available rosidl_typesupport_cpp: rosidl_typesupport_fastrtps_cpp;rosidl_typesupport_introspection_cpp
[4.069s] -- Found PythonInterp: /usr/bin/python3 (found suitable version "3.10.12", minimum required is "3.6") 
[4.072s] -- Found python_cmake_module: 0.10.0 (/opt/ros/humble/share/python_cmake_module/cmake)
[4.138s] -- Found PythonLibs: /usr/lib/x86_64-linux-gnu/libpython3.10.so (found suitable version "3.10.12", minimum required is "3.5") 
[4.139s] -- Using PYTHON_EXECUTABLE: /usr/bin/python3
[4.139s] -- Using PYTHON_INCLUDE_DIRS: /usr/include/python3.10
[4.139s] -- Using PYTHON_LIBRARIES: /usr/lib/x86_64-linux-gnu/libpython3.10.so
[4.190s] -- Found PythonExtra: .so  
[4.485s] -- Configuring done
[4.556s] -- Generating done
[4.580s] -- Build files have been written to: /workspace/LeapXELA_Hardware_ws/ros_ws/src/build/leap_hand
[4.590s] Invoked command in '/workspace/LeapXELA_Hardware_ws/ros_ws/src/build/leap_hand' returned '0': CMAKE_PREFIX_PATH=/opt/ros/humble /usr/bin/cmake /workspace/LeapXELA_Hardware_ws/ros_ws/src/LEAP_Hand_API/ros2_module -DCMAKE_INSTALL_PREFIX=/workspace/LeapXELA_Hardware_ws/ros_ws/src/install/leap_hand
[4.594s] Invoking command in '/workspace/LeapXELA_Hardware_ws/ros_ws/src/build/leap_hand': CMAKE_PREFIX_PATH=/opt/ros/humble /usr/bin/cmake --build /workspace/LeapXELA_Hardware_ws/ros_ws/src/build/leap_hand -- -j16 -l16
[4.668s] [  1%] [34m[1mGenerating C code for ROS interfaces[0m
[4.684s] [  3%] [34m[1mGenerating Rust code for ROS interfaces[0m
[4.685s] [  5%] [34m[1mGenerating C++ code for ROS interfaces[0m
[4.698s] [  5%] Built target ament_cmake_python_copy_leap_hand
[5.312s] running egg_info
[5.314s] creating leap_hand.egg-info
[5.314s] writing leap_hand.egg-info/PKG-INFO
[5.315s] writing dependency_links to leap_hand.egg-info/dependency_links.txt
[5.315s] writing top-level names to leap_hand.egg-info/top_level.txt
[5.315s] writing manifest file 'leap_hand.egg-info/SOURCES.txt'
[5.319s] reading manifest file 'leap_hand.egg-info/SOURCES.txt'
[5.320s] writing manifest file 'leap_hand.egg-info/SOURCES.txt'
[5.321s] [  5%] Built target leap_hand__rs
[5.368s] [  5%] Built target ament_cmake_python_build_leap_hand_egg
[5.832s] [  5%] Built target leap_hand__cpp
[5.857s] [  7%] [34m[1mGenerating C++ type support dispatch for ROS interfaces[0m
[5.857s] [  8%] [34m[1mGenerating C++ introspection for ROS interfaces[0m
[5.857s] [ 10%] [34m[1mGenerating C++ type support for eProsima Fast-RTPS[0m
[5.891s] [ 12%] [32mBuilding C object CMakeFiles/leap_hand__rosidl_generator_c.dir/rosidl_generator_c/leap_hand/srv/detail/leap_velocity__functions.c.o[0m
[5.892s] [ 14%] [32mBuilding C object CMakeFiles/leap_hand__rosidl_generator_c.dir/rosidl_generator_c/leap_hand/srv/detail/leap_state__functions.c.o[0m
[5.895s] [ 16%] [32mBuilding C object CMakeFiles/leap_hand__rosidl_generator_c.dir/rosidl_generator_c/leap_hand/srv/detail/leap_position__functions.c.o[0m
[5.895s] [ 17%] [32mBuilding C object CMakeFiles/leap_hand__rosidl_generator_c.dir/rosidl_generator_c/leap_hand/srv/detail/leap_effort__functions.c.o[0m
[6.076s] [ 19%] [32m[1mLinking C shared library libleap_hand__rosidl_generator_c.so[0m
[6.158s] [ 19%] Built target leap_hand__rosidl_generator_c
[6.176s] [ 21%] [34m[1mGenerating C type support for eProsima Fast-RTPS[0m
[6.176s] [ 23%] [34m[1mGenerating C introspection for ROS interfaces[0m
[6.177s] [ 25%] [34m[1mGenerating C type support dispatch for ROS interfaces[0m
[6.968s] [ 26%] [32mBuilding CXX object CMakeFiles/leap_hand__rosidl_typesupport_cpp.dir/rosidl_typesupport_cpp/leap_hand/srv/leap_velocity__type_support.cpp.o[0m
[6.989s] [ 28%] [32mBuilding CXX object CMakeFiles/leap_hand__rosidl_typesupport_cpp.dir/rosidl_typesupport_cpp/leap_hand/srv/leap_position__type_support.cpp.o[0m
[6.997s] [ 30%] [32mBuilding CXX object CMakeFiles/leap_hand__rosidl_typesupport_cpp.dir/rosidl_typesupport_cpp/leap_hand/srv/leap_state__type_support.cpp.o[0m
[6.997s] [ 32%] [32mBuilding CXX object CMakeFiles/leap_hand__rosidl_typesupport_cpp.dir/rosidl_typesupport_cpp/leap_hand/srv/leap_effort__type_support.cpp.o[0m
[7.208s] [ 35%] [32mBuilding CXX object CMakeFiles/leap_hand__rosidl_typesupport_c.dir/rosidl_typesupport_c/leap_hand/srv/leap_position__type_support.cpp.o[0m
[7.220s] [ 37%] [32mBuilding CXX object CMakeFiles/leap_hand__rosidl_typesupport_fastrtps_cpp.dir/rosidl_typesupport_fastrtps_cpp/leap_hand/srv/detail/dds_fastrtps/leap_position__type_support.cpp.o[0m
[7.220s] [ 37%] [32mBuilding CXX object CMakeFiles/leap_hand__rosidl_typesupport_fastrtps_cpp.dir/rosidl_typesupport_fastrtps_cpp/leap_hand/srv/detail/dds_fastrtps/leap_velocity__type_support.cpp.o[0m
[7.220s] [ 39%] [32mBuilding CXX object CMakeFiles/leap_hand__rosidl_typesupport_fastrtps_cpp.dir/rosidl_typesupport_fastrtps_cpp/leap_hand/srv/detail/dds_fastrtps/leap_effort__type_support.cpp.o[0m
[7.220s] [ 41%] [32mBuilding CXX object CMakeFiles/leap_hand__rosidl_typesupport_fastrtps_cpp.dir/rosidl_typesupport_fastrtps_cpp/leap_hand/srv/detail/dds_fastrtps/leap_state__type_support.cpp.o[0m
[7.227s] [ 44%] [32mBuilding CXX object CMakeFiles/leap_hand__rosidl_typesupport_c.dir/rosidl_typesupport_c/leap_hand/srv/leap_effort__type_support.cpp.o[0m
[7.227s] [ 42%] [32mBuilding CXX object CMakeFiles/leap_hand__rosidl_typesupport_c.dir/rosidl_typesupport_c/leap_hand/srv/leap_state__type_support.cpp.o[0m
[7.228s] [ 46%] [32mBuilding CXX object CMakeFiles/leap_hand__rosidl_typesupport_c.dir/rosidl_typesupport_c/leap_hand/srv/leap_velocity__type_support.cpp.o[0m
[7.234s] [ 48%] [32mBuilding CXX object CMakeFiles/leap_hand__rosidl_typesupport_introspection_cpp.dir/rosidl_typesupport_introspection_cpp/leap_hand/srv/detail/leap_position__type_support.cpp.o[0m
[7.255s] [ 50%] [32mBuilding CXX object CMakeFiles/leap_hand__rosidl_typesupport_introspection_cpp.dir/rosidl_typesupport_introspection_cpp/leap_hand/srv/detail/leap_velocity__type_support.cpp.o[0m
[7.409s] [ 51%] [32mBuilding CXX object CMakeFiles/leap_hand__rosidl_typesupport_introspection_cpp.dir/rosidl_typesupport_introspection_cpp/leap_hand/srv/detail/leap_state__type_support.cpp.o[0m
[7.427s] [ 53%] [32mBuilding CXX object CMakeFiles/leap_hand__rosidl_typesupport_introspection_cpp.dir/rosidl_typesupport_introspection_cpp/leap_hand/srv/detail/leap_effort__type_support.cpp.o[0m
[7.449s] [ 55%] [32m[1mLinking CXX shared library libleap_hand__rosidl_typesupport_c.so[0m
[7.717s] [ 55%] Built target leap_hand__rosidl_typesupport_c
[8.182s] [ 57%] [32mBuilding C object CMakeFiles/leap_hand__rosidl_typesupport_introspection_c.dir/rosidl_typesupport_introspection_c/leap_hand/srv/detail/leap_effort__type_support.c.o[0m
[8.185s] [ 58%] [32mBuilding C object CMakeFiles/leap_hand__rosidl_typesupport_introspection_c.dir/rosidl_typesupport_introspection_c/leap_hand/srv/detail/leap_velocity__type_support.c.o[0m
[8.210s] [ 60%] [32mBuilding CXX object CMakeFiles/leap_hand__rosidl_typesupport_fastrtps_c.dir/rosidl_typesupport_fastrtps_c/leap_hand/srv/detail/leap_velocity__type_support_c.cpp.o[0m
[8.219s] [ 62%] [32mBuilding C object CMakeFiles/leap_hand__rosidl_typesupport_introspection_c.dir/rosidl_typesupport_introspection_c/leap_hand/srv/detail/leap_position__type_support.c.o[0m
[8.292s] [ 64%] [32mBuilding CXX object CMakeFiles/leap_hand__rosidl_typesupport_fastrtps_c.dir/rosidl_typesupport_fastrtps_c/leap_hand/srv/detail/leap_position__type_support_c.cpp.o[0m
[8.380s] [ 66%] [32mBuilding CXX object CMakeFiles/leap_hand__rosidl_typesupport_fastrtps_c.dir/rosidl_typesupport_fastrtps_c/leap_hand/srv/detail/leap_effort__type_support_c.cpp.o[0m
[8.427s] [ 67%] [32mBuilding C object CMakeFiles/leap_hand__rosidl_typesupport_introspection_c.dir/rosidl_typesupport_introspection_c/leap_hand/srv/detail/leap_state__type_support.c.o[0m
[8.485s] [ 69%] [32mBuilding CXX object CMakeFiles/leap_hand__rosidl_typesupport_fastrtps_c.dir/rosidl_typesupport_fastrtps_c/leap_hand/srv/detail/leap_state__type_support_c.cpp.o[0m
[8.646s] [ 71%] [32m[1mLinking C shared library libleap_hand__rosidl_typesupport_introspection_c.so[0m
[8.782s] [ 71%] Built target leap_hand__rosidl_typesupport_introspection_c
[8.977s] [ 73%] [32m[1mLinking CXX shared library libleap_hand__rosidl_typesupport_cpp.so[0m
[9.233s] [ 73%] Built target leap_hand__rosidl_typesupport_cpp
[9.747s] [ 75%] [32m[1mLinking CXX shared library libleap_hand__rosidl_typesupport_introspection_cpp.so[0m
[9.909s] [ 76%] [32m[1mLinking CXX shared library libleap_hand__rosidl_typesupport_fastrtps_cpp.so[0m
[10.135s] [ 76%] Built target leap_hand__rosidl_typesupport_introspection_cpp
[10.376s] [ 76%] Built target leap_hand__rosidl_typesupport_fastrtps_cpp
[10.839s] [ 78%] [32m[1mLinking CXX shared library libleap_hand__rosidl_typesupport_fastrtps_c.so[0m
[11.012s] [ 78%] Built target leap_hand__rosidl_typesupport_fastrtps_c
[11.054s] [ 78%] Built target leap_hand
[11.096s] [ 80%] [34m[1mGenerating Python code for ROS interfaces[0m
[12.662s] [ 80%] Built target leap_hand__py
[12.702s] [ 82%] [32mBuilding C object CMakeFiles/leap_hand__rosidl_generator_py.dir/rosidl_generator_py/leap_hand/srv/_leap_velocity_s.c.o[0m
[12.703s] [ 83%] [32mBuilding C object CMakeFiles/leap_hand__rosidl_generator_py.dir/rosidl_generator_py/leap_hand/srv/_leap_position_s.c.o[0m
[12.704s] [ 85%] [32mBuilding C object CMakeFiles/leap_hand__rosidl_generator_py.dir/rosidl_generator_py/leap_hand/srv/_leap_effort_s.c.o[0m
[12.707s] [ 87%] [32mBuilding C object CMakeFiles/leap_hand__rosidl_generator_py.dir/rosidl_generator_py/leap_hand/srv/_leap_state_s.c.o[0m
[12.981s] [ 89%] [32m[1mLinking C shared library rosidl_generator_py/leap_hand/libleap_hand__rosidl_generator_py.so[0m
[13.062s] [ 89%] Built target leap_hand__rosidl_generator_py
[13.098s] [ 91%] [32mBuilding C object CMakeFiles/leap_hand__rosidl_typesupport_fastrtps_c__pyext.dir/rosidl_generator_py/leap_hand/_leap_hand_s.ep.rosidl_typesupport_fastrtps_c.c.o[0m
[13.105s] [ 92%] [32mBuilding C object CMakeFiles/leap_hand__rosidl_typesupport_introspection_c__pyext.dir/rosidl_generator_py/leap_hand/_leap_hand_s.ep.rosidl_typesupport_introspection_c.c.o[0m
[13.112s] [ 94%] [32mBuilding C object CMakeFiles/leap_hand__rosidl_typesupport_c__pyext.dir/rosidl_generator_py/leap_hand/_leap_hand_s.ep.rosidl_typesupport_c.c.o[0m
[13.360s] [ 96%] [32m[1mLinking C shared library rosidl_generator_py/leap_hand/leap_hand_s__rosidl_typesupport_fastrtps_c.cpython-310-x86_64-linux-gnu.so[0m
[13.365s] [ 98%] [32m[1mLinking C shared library rosidl_generator_py/leap_hand/leap_hand_s__rosidl_typesupport_introspection_c.cpython-310-x86_64-linux-gnu.so[0m
[13.435s] [100%] [32m[1mLinking C shared library rosidl_generator_py/leap_hand/leap_hand_s__rosidl_typesupport_c.cpython-310-x86_64-linux-gnu.so[0m
[13.440s] [100%] Built target leap_hand__rosidl_typesupport_fastrtps_c__pyext
[13.442s] [100%] Built target leap_hand__rosidl_typesupport_introspection_c__pyext
[13.512s] [100%] Built target leap_hand__rosidl_typesupport_c__pyext
[13.536s] Invoked command in '/workspace/LeapXELA_Hardware_ws/ros_ws/src/build/leap_hand' returned '0': CMAKE_PREFIX_PATH=/opt/ros/humble /usr/bin/cmake --build /workspace/LeapXELA_Hardware_ws/ros_ws/src/build/leap_hand -- -j16 -l16
[13.555s] Invoking command in '/workspace/LeapXELA_Hardware_ws/ros_ws/src/build/leap_hand': CMAKE_PREFIX_PATH=/opt/ros/humble /usr/bin/cmake --install /workspace/LeapXELA_Hardware_ws/ros_ws/src/build/leap_hand
[13.568s] -- Install configuration: ""
[13.568s] -- Installing: /workspace/LeapXELA_Hardware_ws/ros_ws/src/install/leap_hand/share/ament_index/resource_index/rosidl_interfaces/leap_hand
[13.569s] -- Installing: /workspace/LeapXELA_Hardware_ws/ros_ws/src/install/leap_hand/include/leap_hand/leap_hand
[13.569s] -- Installing: /workspace/LeapXELA_Hardware_ws/ros_ws/src/install/leap_hand/include/leap_hand/leap_hand/srv
[13.569s] -- Installing: /workspace/LeapXELA_Hardware_ws/ros_ws/src/install/leap_hand/include/leap_hand/leap_hand/srv/leap_state.h
[13.569s] -- Installing: /workspace/LeapXELA_Hardware_ws/ros_ws/src/install/leap_hand/include/leap_hand/leap_hand/srv/detail
[13.569s] -- Installing: /workspace/LeapXELA_Hardware_ws/ros_ws/src/install/leap_hand/include/leap_hand/leap_hand/srv/detail/leap_state__functions.c
[13.569s] -- Installing: /workspace/LeapXELA_Hardware_ws/ros_ws/src/install/leap_hand/include/leap_hand/leap_hand/srv/detail/leap_velocity__functions.c
[13.570s] -- Installing: /workspace/LeapXELA_Hardware_ws/ros_ws/src/install/leap_hand/include/leap_hand/leap_hand/srv/detail/leap_effort__struct.h
[13.570s] -- Installing: /workspace/LeapXELA_Hardware_ws/ros_ws/src/install/leap_hand/include/leap_hand/leap_hand/srv/detail/leap_state__functions.h
[13.570s] -- Installing: /workspace/LeapXELA_Hardware_ws/ros_ws/src/install/leap_hand/include/leap_hand/leap_hand/srv/detail/leap_effort__type_support.h
[13.570s] -- Installing: /workspace/LeapXELA_Hardware_ws/ros_ws/src/install/leap_hand/include/leap_hand/leap_hand/srv/detail/leap_velocity__type_support.h
[13.570s] -- Installing: /workspace/LeapXELA_Hardware_ws/ros_ws/src/install/leap_hand/include/leap_hand/leap_hand/srv/detail/leap_position__functions.c
[13.571s] -- Installing: /workspace/LeapXELA_Hardware_ws/ros_ws/src/install/leap_hand/include/leap_hand/leap_hand/srv/detail/leap_velocity__struct.h
[13.571s] -- Installing: /workspace/LeapXELA_Hardware_ws/ros_ws/src/install/leap_hand/include/leap_hand/leap_hand/srv/detail/leap_velocity__functions.h
[13.571s] -- Installing: /workspace/LeapXELA_Hardware_ws/ros_ws/src/install/leap_hand/include/leap_hand/leap_hand/srv/detail/leap_effort__functions.h
[13.571s] -- Installing: /workspace/LeapXELA_Hardware_ws/ros_ws/src/install/leap_hand/include/leap_hand/leap_hand/srv/detail/leap_state__type_support.h
[13.572s] -- Installing: /workspace/LeapXELA_Hardware_ws/ros_ws/src/install/leap_hand/include/leap_hand/leap_hand/srv/detail/leap_position__type_support.h
[13.572s] -- Installing: /workspace/LeapXELA_Hardware_ws/ros_ws/src/install/leap_hand/include/leap_hand/leap_hand/srv/detail/leap_position__functions.h
[13.572s] -- Installing: /workspace/LeapXELA_Hardware_ws/ros_ws/src/install/leap_hand/include/leap_hand/leap_hand/srv/detail/leap_position__struct.h
[13.572s] -- Installing: /workspace/LeapXELA_Hardware_ws/ros_ws/src/install/leap_hand/include/leap_hand/leap_hand/srv/detail/leap_effort__functions.c
[13.572s] -- Installing: /workspace/LeapXELA_Hardware_ws/ros_ws/src/install/leap_hand/include/leap_hand/leap_hand/srv/detail/leap_state__struct.h
[13.572s] -- Installing: /workspace/LeapXELA_Hardware_ws/ros_ws/src/install/leap_hand/include/leap_hand/leap_hand/srv/leap_effort.h
[13.573s] -- Installing: /workspace/LeapXELA_Hardware_ws/ros_ws/src/install/leap_hand/include/leap_hand/leap_hand/srv/leap_position.h
[13.573s] -- Installing: /workspace/LeapXELA_Hardware_ws/ros_ws/src/install/leap_hand/include/leap_hand/leap_hand/srv/leap_velocity.h
[13.573s] -- Installing: /workspace/LeapXELA_Hardware_ws/ros_ws/src/install/leap_hand/include/leap_hand/leap_hand/msg
[13.573s] -- Installing: /workspace/LeapXELA_Hardware_ws/ros_ws/src/install/leap_hand/include/leap_hand/leap_hand/msg/rosidl_generator_c__visibility_control.h
[13.573s] -- Installing: /workspace/LeapXELA_Hardware_ws/ros_ws/src/install/leap_hand/share/leap_hand/environment/library_path.sh
[13.574s] -- Installing: /workspace/LeapXELA_Hardware_ws/ros_ws/src/install/leap_hand/share/leap_hand/environment/library_path.dsv
[13.574s] -- Installing: /workspace/LeapXELA_Hardware_ws/ros_ws/src/install/leap_hand/lib/libleap_hand__rosidl_generator_c.so
[13.575s] -- Set runtime path of "/workspace/LeapXELA_Hardware_ws/ros_ws/src/install/leap_hand/lib/libleap_hand__rosidl_generator_c.so" to ""
[13.575s] -- Up-to-date: /workspace/LeapXELA_Hardware_ws/ros_ws/src/install/leap_hand/include/leap_hand/leap_hand
[13.575s] -- Up-to-date: /workspace/LeapXELA_Hardware_ws/ros_ws/src/install/leap_hand/include/leap_hand/leap_hand/srv
[13.575s] -- Up-to-date: /workspace/LeapXELA_Hardware_ws/ros_ws/src/install/leap_hand/include/leap_hand/leap_hand/srv/detail
[13.576s] -- Installing: /workspace/LeapXELA_Hardware_ws/ros_ws/src/install/leap_hand/include/leap_hand/leap_hand/srv/detail/leap_effort__rosidl_typesupport_fastrtps_c.h
[13.576s] -- Installing: /workspace/LeapXELA_Hardware_ws/ros_ws/src/install/leap_hand/include/leap_hand/leap_hand/srv/detail/leap_velocity__rosidl_typesupport_fastrtps_c.h
[13.576s] -- Installing: /workspace/LeapXELA_Hardware_ws/ros_ws/src/install/leap_hand/include/leap_hand/leap_hand/srv/detail/leap_state__rosidl_typesupport_fastrtps_c.h
[13.576s] -- Installing: /workspace/LeapXELA_Hardware_ws/ros_ws/src/install/leap_hand/include/leap_hand/leap_hand/srv/detail/leap_position__rosidl_typesupport_fastrtps_c.h
[13.576s] -- Up-to-date: /workspace/LeapXELA_Hardware_ws/ros_ws/src/install/leap_hand/include/leap_hand/leap_hand/msg
[13.577s] -- Installing: /workspace/LeapXELA_Hardware_ws/ros_ws/src/install/leap_hand/include/leap_hand/leap_hand/msg/rosidl_typesupport_fastrtps_c__visibility_control.h
[13.577s] -- Installing: /workspace/LeapXELA_Hardware_ws/ros_ws/src/install/leap_hand/lib/libleap_hand__rosidl_typesupport_fastrtps_c.so
[13.577s] -- Set runtime path of "/workspace/LeapXELA_Hardware_ws/ros_ws/src/install/leap_hand/lib/libleap_hand__rosidl_typesupport_fastrtps_c.so" to ""
[13.577s] -- Up-to-date: /workspace/LeapXELA_Hardware_ws/ros_ws/src/install/leap_hand/include/leap_hand/leap_hand
[13.577s] -- Up-to-date: /workspace/LeapXELA_Hardware_ws/ros_ws/src/install/leap_hand/include/leap_hand/leap_hand/srv
[13.577s] -- Up-to-date: /workspace/LeapXELA_Hardware_ws/ros_ws/src/install/leap_hand/include/leap_hand/leap_hand/srv/detail
[13.578s] -- Installing: /workspace/LeapXELA_Hardware_ws/ros_ws/src/install/leap_hand/include/leap_hand/leap_hand/srv/detail/leap_position__type_support.hpp
[13.578s] -- Installing: /workspace/LeapXELA_Hardware_ws/ros_ws/src/install/leap_hand/include/leap_hand/leap_hand/srv/detail/leap_velocity__builder.hpp
[13.578s] -- Installing: /workspace/LeapXELA_Hardware_ws/ros_ws/src/install/leap_hand/include/leap_hand/leap_hand/srv/detail/leap_state__type_support.hpp
[13.578s] -- Installing: /workspace/LeapXELA_Hardware_ws/ros_ws/src/install/leap_hand/include/leap_hand/leap_hand/srv/detail/leap_position__builder.hpp
[13.578s] -- Installing: /workspace/LeapXELA_Hardware_ws/ros_ws/src/install/leap_hand/include/leap_hand/leap_hand/srv/detail/leap_position__struct.hpp
[13.578s] -- Installing: /workspace/LeapXELA_Hardware_ws/ros_ws/src/install/leap_hand/include/leap_hand/leap_hand/srv/detail/leap_effort__traits.hpp
[13.579s] -- Installing: /workspace/LeapXELA_Hardware_ws/ros_ws/src/install/leap_hand/include/leap_hand/leap_hand/srv/detail/leap_effort__type_support.hpp
[13.579s] -- Installing: /workspace/LeapXELA_Hardware_ws/ros_ws/src/install/leap_hand/include/leap_hand/leap_hand/srv/detail/leap_position__traits.hpp
[13.579s] -- Installing: /workspace/LeapXELA_Hardware_ws/ros_ws/src/install/leap_hand/include/leap_hand/leap_hand/srv/detail/leap_state__traits.hpp
[13.579s] -- Installing: /workspace/LeapXELA_Hardware_ws/ros_ws/src/install/leap_hand/include/leap_hand/leap_hand/srv/detail/leap_state__struct.hpp
[13.579s] -- Installing: /workspace/LeapXELA_Hardware_ws/ros_ws/src/install/leap_hand/include/leap_hand/leap_hand/srv/detail/leap_effort__builder.hpp
[13.579s] -- Installing: /workspace/LeapXELA_Hardware_ws/ros_ws/src/install/leap_hand/include/leap_hand/leap_hand/srv/detail/leap_velocity__traits.hpp
[13.580s] -- Installing: /workspace/LeapXELA_Hardware_ws/ros_ws/src/install/leap_hand/include/leap_hand/leap_hand/srv/detail/leap_state__builder.hpp
[13.580s] -- Installing: /workspace/LeapXELA_Hardware_ws/ros_ws/src/install/leap_hand/include/leap_hand/leap_hand/srv/detail/leap_velocity__struct.hpp
[13.580s] -- Installing: /workspace/LeapXELA_Hardware_ws/ros_ws/src/install/leap_hand/include/leap_hand/leap_hand/srv/detail/leap_velocity__type_support.hpp
[13.580s] -- Installing: /workspace/LeapXELA_Hardware_ws/ros_ws/src/install/leap_hand/include/leap_hand/leap_hand/srv/detail/leap_effort__struct.hpp
[13.580s] -- Installing: /workspace/LeapXELA_Hardware_ws/ros_ws/src/install/leap_hand/include/leap_hand/leap_hand/srv/leap_velocity.hpp
[13.580s] -- Installing: /workspace/LeapXELA_Hardware_ws/ros_ws/src/install/leap_hand/include/leap_hand/leap_hand/srv/leap_state.hpp
[13.581s] -- Installing: /workspace/LeapXELA_Hardware_ws/ros_ws/src/install/leap_hand/include/leap_hand/leap_hand/srv/leap_effort.hpp
[13.581s] -- Installing: /workspace/LeapXELA_Hardware_ws/ros_ws/src/install/leap_hand/include/leap_hand/leap_hand/srv/leap_position.hpp
[13.581s] -- Up-to-date: /workspace/LeapXELA_Hardware_ws/ros_ws/src/install/leap_hand/include/leap_hand/leap_hand/msg
[13.581s] -- Installing: /workspace/LeapXELA_Hardware_ws/ros_ws/src/install/leap_hand/include/leap_hand/leap_hand/msg/rosidl_generator_cpp__visibility_control.hpp
[13.581s] -- Up-to-date: /workspace/LeapXELA_Hardware_ws/ros_ws/src/install/leap_hand/include/leap_hand/leap_hand
[13.581s] -- Up-to-date: /workspace/LeapXELA_Hardware_ws/ros_ws/src/install/leap_hand/include/leap_hand/leap_hand/srv
[13.581s] -- Up-to-date: /workspace/LeapXELA_Hardware_ws/ros_ws/src/install/leap_hand/include/leap_hand/leap_hand/srv/detail
[13.582s] -- Installing: /workspace/LeapXELA_Hardware_ws/ros_ws/src/install/leap_hand/include/leap_hand/leap_hand/srv/detail/leap_velocity__rosidl_typesupport_fastrtps_cpp.hpp
[13.582s] -- Installing: /workspace/LeapXELA_Hardware_ws/ros_ws/src/install/leap_hand/include/leap_hand/leap_hand/srv/detail/leap_position__rosidl_typesupport_fastrtps_cpp.hpp
[13.582s] -- Installing: /workspace/LeapXELA_Hardware_ws/ros_ws/src/install/leap_hand/include/leap_hand/leap_hand/srv/detail/leap_state__rosidl_typesupport_fastrtps_cpp.hpp
[13.582s] -- Installing: /workspace/LeapXELA_Hardware_ws/ros_ws/src/install/leap_hand/include/leap_hand/leap_hand/srv/detail/leap_effort__rosidl_typesupport_fastrtps_cpp.hpp
[13.582s] -- Installing: /workspace/LeapXELA_Hardware_ws/ros_ws/src/install/leap_hand/include/leap_hand/leap_hand/srv/detail/dds_fastrtps
[13.583s] -- Up-to-date: /workspace/LeapXELA_Hardware_ws/ros_ws/src/install/leap_hand/include/leap_hand/leap_hand/msg
[13.583s] -- Installing: /workspace/LeapXELA_Hardware_ws/ros_ws/src/install/leap_hand/include/leap_hand/leap_hand/msg/rosidl_typesupport_fastrtps_cpp__visibility_control.h
[13.583s] -- Installing: /workspace/LeapXELA_Hardware_ws/ros_ws/src/install/leap_hand/lib/libleap_hand__rosidl_typesupport_fastrtps_cpp.so
[13.583s] -- Set runtime path of "/workspace/LeapXELA_Hardware_ws/ros_ws/src/install/leap_hand/lib/libleap_hand__rosidl_typesupport_fastrtps_cpp.so" to ""
[13.583s] -- Up-to-date: /workspace/LeapXELA_Hardware_ws/ros_ws/src/install/leap_hand/include/leap_hand/leap_hand
[13.584s] -- Up-to-date: /workspace/LeapXELA_Hardware_ws/ros_ws/src/install/leap_hand/include/leap_hand/leap_hand/srv
[13.584s] -- Up-to-date: /workspace/LeapXELA_Hardware_ws/ros_ws/src/install/leap_hand/include/leap_hand/leap_hand/srv/detail
[13.584s] -- Installing: /workspace/LeapXELA_Hardware_ws/ros_ws/src/install/leap_hand/include/leap_hand/leap_hand/srv/detail/leap_state__type_support.c
[13.584s] -- Installing: /workspace/LeapXELA_Hardware_ws/ros_ws/src/install/leap_hand/include/leap_hand/leap_hand/srv/detail/leap_velocity__type_support.c
[13.585s] -- Installing: /workspace/LeapXELA_Hardware_ws/ros_ws/src/install/leap_hand/include/leap_hand/leap_hand/srv/detail/leap_state__rosidl_typesupport_introspection_c.h
[13.585s] -- Installing: /workspace/LeapXELA_Hardware_ws/ros_ws/src/install/leap_hand/include/leap_hand/leap_hand/srv/detail/leap_position__type_support.c
[13.585s] -- Installing: /workspace/LeapXELA_Hardware_ws/ros_ws/src/install/leap_hand/include/leap_hand/leap_hand/srv/detail/leap_position__rosidl_typesupport_introspection_c.h
[13.585s] -- Installing: /workspace/LeapXELA_Hardware_ws/ros_ws/src/install/leap_hand/include/leap_hand/leap_hand/srv/detail/leap_velocity__rosidl_typesupport_introspection_c.h
[13.585s] -- Installing: /workspace/LeapXELA_Hardware_ws/ros_ws/src/install/leap_hand/include/leap_hand/leap_hand/srv/detail/leap_effort__rosidl_typesupport_introspection_c.h
[13.586s] -- Installing: /workspace/LeapXELA_Hardware_ws/ros_ws/src/install/leap_hand/include/leap_hand/leap_hand/srv/detail/leap_effort__type_support.c
[13.586s] -- Up-to-date: /workspace/LeapXELA_Hardware_ws/ros_ws/src/install/leap_hand/include/leap_hand/leap_hand/msg
[13.586s] -- Installing: /workspace/LeapXELA_Hardware_ws/ros_ws/src/install/leap_hand/include/leap_hand/leap_hand/msg/rosidl_typesupport_introspection_c__visibility_control.h
[13.586s] -- Installing: /workspace/LeapXELA_Hardware_ws/ros_ws/src/install/leap_hand/lib/libleap_hand__rosidl_typesupport_introspection_c.so
[13.587s] -- Set runtime path of "/workspace/LeapXELA_Hardware_ws/ros_ws/src/install/leap_hand/lib/libleap_hand__rosidl_typesupport_introspection_c.so" to ""
[13.587s] -- Installing: /workspace/LeapXELA_Hardware_ws/ros_ws/src/install/leap_hand/lib/libleap_hand__rosidl_typesupport_c.so
[13.587s] -- Set runtime path of "/workspace/LeapXELA_Hardware_ws/ros_ws/src/install/leap_hand/lib/libleap_hand__rosidl_typesupport_c.so" to ""
[13.588s] -- Up-to-date: /workspace/LeapXELA_Hardware_ws/ros_ws/src/install/leap_hand/include/leap_hand/leap_hand
[13.588s] -- Up-to-date: /workspace/LeapXELA_Hardware_ws/ros_ws/src/install/leap_hand/include/leap_hand/leap_hand/srv
[13.588s] -- Up-to-date: /workspace/LeapXELA_Hardware_ws/ros_ws/src/install/leap_hand/include/leap_hand/leap_hand/srv/detail
[13.588s] -- Installing: /workspace/LeapXELA_Hardware_ws/ros_ws/src/install/leap_hand/include/leap_hand/leap_hand/srv/detail/leap_position__type_support.cpp
[13.589s] -- Installing: /workspace/LeapXELA_Hardware_ws/ros_ws/src/install/leap_hand/include/leap_hand/leap_hand/srv/detail/leap_state__rosidl_typesupport_introspection_cpp.hpp
[13.589s] -- Installing: /workspace/LeapXELA_Hardware_ws/ros_ws/src/install/leap_hand/include/leap_hand/leap_hand/srv/detail/leap_velocity__rosidl_typesupport_introspection_cpp.hpp
[13.589s] -- Installing: /workspace/LeapXELA_Hardware_ws/ros_ws/src/install/leap_hand/include/leap_hand/leap_hand/srv/detail/leap_state__type_support.cpp
[13.589s] -- Installing: /workspace/LeapXELA_Hardware_ws/ros_ws/src/install/leap_hand/include/leap_hand/leap_hand/srv/detail/leap_effort__rosidl_typesupport_introspection_cpp.hpp
[13.589s] -- Installing: /workspace/LeapXELA_Hardware_ws/ros_ws/src/install/leap_hand/include/leap_hand/leap_hand/srv/detail/leap_effort__type_support.cpp
[13.590s] -- Installing: /workspace/LeapXELA_Hardware_ws/ros_ws/src/install/leap_hand/include/leap_hand/leap_hand/srv/detail/leap_velocity__type_support.cpp
[13.590s] -- Installing: /workspace/LeapXELA_Hardware_ws/ros_ws/src/install/leap_hand/include/leap_hand/leap_hand/srv/detail/leap_position__rosidl_typesupport_introspection_cpp.hpp
[13.590s] -- Installing: /workspace/LeapXELA_Hardware_ws/ros_ws/src/install/leap_hand/lib/libleap_hand__rosidl_typesupport_introspection_cpp.so
[13.591s] -- Set runtime path of "/workspace/LeapXELA_Hardware_ws/ros_ws/src/install/leap_hand/lib/libleap_hand__rosidl_typesupport_introspection_cpp.so" to ""
[13.591s] -- Installing: /workspace/LeapXELA_Hardware_ws/ros_ws/src/install/leap_hand/lib/libleap_hand__rosidl_typesupport_cpp.so
[13.592s] -- Set runtime path of "/workspace/LeapXELA_Hardware_ws/ros_ws/src/install/leap_hand/lib/libleap_hand__rosidl_typesupport_cpp.so" to ""
[13.592s] -- Installing: /workspace/LeapXELA_Hardware_ws/ros_ws/src/install/leap_hand/share/leap_hand/environment/pythonpath.sh
[13.592s] -- Installing: /workspace/LeapXELA_Hardware_ws/ros_ws/src/install/leap_hand/share/leap_hand/environment/pythonpath.dsv
[13.593s] -- Installing: /workspace/LeapXELA_Hardware_ws/ros_ws/src/install/leap_hand/local/lib/python3.10/dist-packages/leap_hand-0.0.0-py3.10.egg-info
[13.593s] -- Installing: /workspace/LeapXELA_Hardware_ws/ros_ws/src/install/leap_hand/local/lib/python3.10/dist-packages/leap_hand-0.0.0-py3.10.egg-info/dependency_links.txt
[13.593s] -- Installing: /workspace/LeapXELA_Hardware_ws/ros_ws/src/install/leap_hand/local/lib/python3.10/dist-packages/leap_hand-0.0.0-py3.10.egg-info/SOURCES.txt
[13.594s] -- Installing: /workspace/LeapXELA_Hardware_ws/ros_ws/src/install/leap_hand/local/lib/python3.10/dist-packages/leap_hand-0.0.0-py3.10.egg-info/PKG-INFO
[13.594s] -- Installing: /workspace/LeapXELA_Hardware_ws/ros_ws/src/install/leap_hand/local/lib/python3.10/dist-packages/leap_hand-0.0.0-py3.10.egg-info/top_level.txt
[13.594s] -- Installing: /workspace/LeapXELA_Hardware_ws/ros_ws/src/install/leap_hand/local/lib/python3.10/dist-packages/leap_hand
[13.595s] -- Installing: /workspace/LeapXELA_Hardware_ws/ros_ws/src/install/leap_hand/local/lib/python3.10/dist-packages/leap_hand/__init__.py
[13.595s] -- Installing: /workspace/LeapXELA_Hardware_ws/ros_ws/src/install/leap_hand/local/lib/python3.10/dist-packages/leap_hand/_leap_hand_s.ep.rosidl_typesupport_c.c
[13.595s] -- Installing: /workspace/LeapXELA_Hardware_ws/ros_ws/src/install/leap_hand/local/lib/python3.10/dist-packages/leap_hand/_leap_hand_s.ep.rosidl_typesupport_introspection_c.c
[13.595s] -- Installing: /workspace/LeapXELA_Hardware_ws/ros_ws/src/install/leap_hand/local/lib/python3.10/dist-packages/leap_hand/leap_hand_s__rosidl_typesupport_c.cpython-310-x86_64-linux-gnu.so
[13.596s] -- Installing: /workspace/LeapXELA_Hardware_ws/ros_ws/src/install/leap_hand/local/lib/python3.10/dist-packages/leap_hand/_leap_hand_s.ep.rosidl_typesupport_fastrtps_c.c
[13.596s] -- Installing: /workspace/LeapXELA_Hardware_ws/ros_ws/src/install/leap_hand/local/lib/python3.10/dist-packages/leap_hand/leap_hand_s__rosidl_typesupport_introspection_c.cpython-310-x86_64-linux-gnu.so
[13.597s] -- Installing: /workspace/LeapXELA_Hardware_ws/ros_ws/src/install/leap_hand/local/lib/python3.10/dist-packages/leap_hand/srv
[13.597s] -- Installing: /workspace/LeapXELA_Hardware_ws/ros_ws/src/install/leap_hand/local/lib/python3.10/dist-packages/leap_hand/srv/__init__.py
[13.598s] -- Installing: /workspace/LeapXELA_Hardware_ws/ros_ws/src/install/leap_hand/local/lib/python3.10/dist-packages/leap_hand/srv/_leap_position.py
[13.598s] -- Installing: /workspace/LeapXELA_Hardware_ws/ros_ws/src/install/leap_hand/local/lib/python3.10/dist-packages/leap_hand/srv/_leap_effort_s.c
[13.598s] -- Installing: /workspace/LeapXELA_Hardware_ws/ros_ws/src/install/leap_hand/local/lib/python3.10/dist-packages/leap_hand/srv/_leap_position_s.c
[13.598s] -- Installing: /workspace/LeapXELA_Hardware_ws/ros_ws/src/install/leap_hand/local/lib/python3.10/dist-packages/leap_hand/srv/_leap_state.py
[13.598s] -- Installing: /workspace/LeapXELA_Hardware_ws/ros_ws/src/install/leap_hand/local/lib/python3.10/dist-packages/leap_hand/srv/_leap_velocity_s.c
[13.598s] -- Installing: /workspace/LeapXELA_Hardware_ws/ros_ws/src/install/leap_hand/local/lib/python3.10/dist-packages/leap_hand/srv/_leap_state_s.c
[13.598s] -- Installing: /workspace/LeapXELA_Hardware_ws/ros_ws/src/install/leap_hand/local/lib/python3.10/dist-packages/leap_hand/srv/_leap_velocity.py
[13.599s] -- Installing: /workspace/LeapXELA_Hardware_ws/ros_ws/src/install/leap_hand/local/lib/python3.10/dist-packages/leap_hand/srv/_leap_effort.py
[13.599s] -- Installing: /workspace/LeapXELA_Hardware_ws/ros_ws/src/install/leap_hand/local/lib/python3.10/dist-packages/leap_hand/leap_hand_s__rosidl_typesupport_fastrtps_c.cpython-310-x86_64-linux-gnu.so
[13.599s] -- Installing: /workspace/LeapXELA_Hardware_ws/ros_ws/src/install/leap_hand/local/lib/python3.10/dist-packages/leap_hand/libleap_hand__rosidl_generator_py.so
[13.689s] Listing '/workspace/LeapXELA_Hardware_ws/ros_ws/src/install/leap_hand/local/lib/python3.10/dist-packages/leap_hand'...
[13.690s] Compiling '/workspace/LeapXELA_Hardware_ws/ros_ws/src/install/leap_hand/local/lib/python3.10/dist-packages/leap_hand/__init__.py'...
[13.690s] Listing '/workspace/LeapXELA_Hardware_ws/ros_ws/src/install/leap_hand/local/lib/python3.10/dist-packages/leap_hand/srv'...
[13.690s] Compiling '/workspace/LeapXELA_Hardware_ws/ros_ws/src/install/leap_hand/local/lib/python3.10/dist-packages/leap_hand/srv/__init__.py'...
[13.690s] Compiling '/workspace/LeapXELA_Hardware_ws/ros_ws/src/install/leap_hand/local/lib/python3.10/dist-packages/leap_hand/srv/_leap_effort.py'...
[13.690s] Compiling '/workspace/LeapXELA_Hardware_ws/ros_ws/src/install/leap_hand/local/lib/python3.10/dist-packages/leap_hand/srv/_leap_position.py'...
[13.690s] Compiling '/workspace/LeapXELA_Hardware_ws/ros_ws/src/install/leap_hand/local/lib/python3.10/dist-packages/leap_hand/srv/_leap_state.py'...
[13.690s] Compiling '/workspace/LeapXELA_Hardware_ws/ros_ws/src/install/leap_hand/local/lib/python3.10/dist-packages/leap_hand/srv/_leap_velocity.py'...
[13.702s] -- Installing: /workspace/LeapXELA_Hardware_ws/ros_ws/src/install/leap_hand/local/lib/python3.10/dist-packages/leap_hand/leap_hand_s__rosidl_typesupport_fastrtps_c.cpython-310-x86_64-linux-gnu.so
[13.703s] -- Set runtime path of "/workspace/LeapXELA_Hardware_ws/ros_ws/src/install/leap_hand/local/lib/python3.10/dist-packages/leap_hand/leap_hand_s__rosidl_typesupport_fastrtps_c.cpython-310-x86_64-linux-gnu.so" to ""
[13.704s] -- Installing: /workspace/LeapXELA_Hardware_ws/ros_ws/src/install/leap_hand/local/lib/python3.10/dist-packages/leap_hand/leap_hand_s__rosidl_typesupport_introspection_c.cpython-310-x86_64-linux-gnu.so
[13.704s] -- Set runtime path of "/workspace/LeapXELA_Hardware_ws/ros_ws/src/install/leap_hand/local/lib/python3.10/dist-packages/leap_hand/leap_hand_s__rosidl_typesupport_introspection_c.cpython-310-x86_64-linux-gnu.so" to ""
[13.705s] -- Installing: /workspace/LeapXELA_Hardware_ws/ros_ws/src/install/leap_hand/local/lib/python3.10/dist-packages/leap_hand/leap_hand_s__rosidl_typesupport_c.cpython-310-x86_64-linux-gnu.so
[13.706s] -- Set runtime path of "/workspace/LeapXELA_Hardware_ws/ros_ws/src/install/leap_hand/local/lib/python3.10/dist-packages/leap_hand/leap_hand_s__rosidl_typesupport_c.cpython-310-x86_64-linux-gnu.so" to ""
[13.706s] -- Installing: /workspace/LeapXELA_Hardware_ws/ros_ws/src/install/leap_hand/lib/libleap_hand__rosidl_generator_py.so
[13.707s] -- Set runtime path of "/workspace/LeapXELA_Hardware_ws/ros_ws/src/install/leap_hand/lib/libleap_hand__rosidl_generator_py.so" to ""
[13.708s] -- Installing: /workspace/LeapXELA_Hardware_ws/ros_ws/src/install/leap_hand/share/ament_index/resource_index/rust_packages/leap_hand
[13.708s] -- Installing: /workspace/LeapXELA_Hardware_ws/ros_ws/src/install/leap_hand/share/leap_hand/rust
[13.708s] -- Installing: /workspace/LeapXELA_Hardware_ws/ros_ws/src/install/leap_hand/share/leap_hand/rust/Cargo.toml
[13.708s] -- Installing: /workspace/LeapXELA_Hardware_ws/ros_ws/src/install/leap_hand/share/leap_hand/rust/src
[13.709s] -- Installing: /workspace/LeapXELA_Hardware_ws/ros_ws/src/install/leap_hand/share/leap_hand/rust/src/lib.rs
[13.709s] -- Installing: /workspace/LeapXELA_Hardware_ws/ros_ws/src/install/leap_hand/share/leap_hand/rust/src/srv
[13.709s] -- Installing: /workspace/LeapXELA_Hardware_ws/ros_ws/src/install/leap_hand/share/leap_hand/rust/src/srv/rmw.rs
[13.709s] -- Installing: /workspace/LeapXELA_Hardware_ws/ros_ws/src/install/leap_hand/share/leap_hand/rust/src/srv.rs
[13.710s] -- Installing: /workspace/LeapXELA_Hardware_ws/ros_ws/src/install/leap_hand/share/leap_hand/rust/build.rs
[13.710s] -- Installing: /workspace/LeapXELA_Hardware_ws/ros_ws/src/install/leap_hand/share/leap_hand/srv/LeapVelocity.idl
[13.710s] -- Installing: /workspace/LeapXELA_Hardware_ws/ros_ws/src/install/leap_hand/share/leap_hand/srv/LeapPosition.idl
[13.711s] -- Installing: /workspace/LeapXELA_Hardware_ws/ros_ws/src/install/leap_hand/share/leap_hand/srv/LeapEffort.idl
[13.711s] -- Installing: /workspace/LeapXELA_Hardware_ws/ros_ws/src/install/leap_hand/share/leap_hand/srv/LeapState.idl
[13.711s] -- Installing: /workspace/LeapXELA_Hardware_ws/ros_ws/src/install/leap_hand/share/leap_hand/srv/LeapVelocity.srv
[13.712s] -- Installing: /workspace/LeapXELA_Hardware_ws/ros_ws/src/install/leap_hand/share/leap_hand/srv/LeapVelocity_Request.msg
[13.712s] -- Installing: /workspace/LeapXELA_Hardware_ws/ros_ws/src/install/leap_hand/share/leap_hand/srv/LeapVelocity_Response.msg
[13.712s] -- Installing: /workspace/LeapXELA_Hardware_ws/ros_ws/src/install/leap_hand/share/leap_hand/srv/LeapPosition.srv
[13.713s] -- Installing: /workspace/LeapXELA_Hardware_ws/ros_ws/src/install/leap_hand/share/leap_hand/srv/LeapPosition_Request.msg
[13.713s] -- Installing: /workspace/LeapXELA_Hardware_ws/ros_ws/src/install/leap_hand/share/leap_hand/srv/LeapPosition_Response.msg
[13.714s] -- Installing: /workspace/LeapXELA_Hardware_ws/ros_ws/src/install/leap_hand/share/leap_hand/srv/LeapEffort.srv
[13.714s] -- Installing: /workspace/LeapXELA_Hardware_ws/ros_ws/src/install/leap_hand/share/leap_hand/srv/LeapEffort_Request.msg
[13.714s] -- Installing: /workspace/LeapXELA_Hardware_ws/ros_ws/src/install/leap_hand/share/leap_hand/srv/LeapEffort_Response.msg
[13.714s] -- Installing: /workspace/LeapXELA_Hardware_ws/ros_ws/src/install/leap_hand/share/leap_hand/srv/LeapState.srv
[13.715s] -- Installing: /workspace/LeapXELA_Hardware_ws/ros_ws/src/install/leap_hand/share/leap_hand/srv/LeapState_Request.msg
[13.715s] -- Installing: /workspace/LeapXELA_Hardware_ws/ros_ws/src/install/leap_hand/share/leap_hand/srv/LeapState_Response.msg
[13.715s] -- Installing: /workspace/LeapXELA_Hardware_ws/ros_ws/src/install/leap_hand/share/ament_index/resource_index/package_run_dependencies/leap_hand
[13.716s] -- Installing: /workspace/LeapXELA_Hardware_ws/ros_ws/src/install/leap_hand/share/ament_index/resource_index/parent_prefix_path/leap_hand
[13.716s] -- Installing: /workspace/LeapXELA_Hardware_ws/ros_ws/src/install/leap_hand/share/leap_hand/environment/ament_prefix_path.sh
[13.716s] -- Installing: /workspace/LeapXELA_Hardware_ws/ros_ws/src/install/leap_hand/share/leap_hand/environment/ament_prefix_path.dsv
[13.717s] -- Installing: /workspace/LeapXELA_Hardware_ws/ros_ws/src/install/leap_hand/share/leap_hand/environment/path.sh
[13.717s] -- Installing: /workspace/LeapXELA_Hardware_ws/ros_ws/src/install/leap_hand/share/leap_hand/environment/path.dsv
[13.717s] -- Installing: /workspace/LeapXELA_Hardware_ws/ros_ws/src/install/leap_hand/share/leap_hand/local_setup.bash
[13.718s] -- Installing: /workspace/LeapXELA_Hardware_ws/ros_ws/src/install/leap_hand/share/leap_hand/local_setup.sh
[13.718s] -- Installing: /workspace/LeapXELA_Hardware_ws/ros_ws/src/install/leap_hand/share/leap_hand/local_setup.zsh
[13.718s] -- Installing: /workspace/LeapXELA_Hardware_ws/ros_ws/src/install/leap_hand/share/leap_hand/local_setup.dsv
[13.719s] -- Installing: /workspace/LeapXELA_Hardware_ws/ros_ws/src/install/leap_hand/share/leap_hand/package.dsv
[13.719s] -- Installing: /workspace/LeapXELA_Hardware_ws/ros_ws/src/install/leap_hand/share/ament_index/resource_index/packages/leap_hand
[13.719s] -- Installing: /workspace/LeapXELA_Hardware_ws/ros_ws/src/install/leap_hand/share/leap_hand/cmake/export_leap_hand__rosidl_generator_cExport.cmake
[13.720s] -- Installing: /workspace/LeapXELA_Hardware_ws/ros_ws/src/install/leap_hand/share/leap_hand/cmake/export_leap_hand__rosidl_generator_cExport-noconfig.cmake
[13.720s] -- Installing: /workspace/LeapXELA_Hardware_ws/ros_ws/src/install/leap_hand/share/leap_hand/cmake/export_leap_hand__rosidl_typesupport_fastrtps_cExport.cmake
[13.720s] -- Installing: /workspace/LeapXELA_Hardware_ws/ros_ws/src/install/leap_hand/share/leap_hand/cmake/export_leap_hand__rosidl_typesupport_fastrtps_cExport-noconfig.cmake
[13.721s] -- Installing: /workspace/LeapXELA_Hardware_ws/ros_ws/src/install/leap_hand/share/leap_hand/cmake/export_leap_hand__rosidl_generator_cppExport.cmake
[13.721s] -- Installing: /workspace/LeapXELA_Hardware_ws/ros_ws/src/install/leap_hand/share/leap_hand/cmake/export_leap_hand__rosidl_typesupport_fastrtps_cppExport.cmake
[13.721s] -- Installing: /workspace/LeapXELA_Hardware_ws/ros_ws/src/install/leap_hand/share/leap_hand/cmake/export_leap_hand__rosidl_typesupport_fastrtps_cppExport-noconfig.cmake
[13.722s] -- Installing: /workspace/LeapXELA_Hardware_ws/ros_ws/src/install/leap_hand/share/leap_hand/cmake/leap_hand__rosidl_typesupport_introspection_cExport.cmake
[13.722s] -- Installing: /workspace/LeapXELA_Hardware_ws/ros_ws/src/install/leap_hand/share/leap_hand/cmake/leap_hand__rosidl_typesupport_introspection_cExport-noconfig.cmake
[13.723s] -- Installing: /workspace/LeapXELA_Hardware_ws/ros_ws/src/install/leap_hand/share/leap_hand/cmake/leap_hand__rosidl_typesupport_cExport.cmake
[13.723s] -- Installing: /workspace/LeapXELA_Hardware_ws/ros_ws/src/install/leap_hand/share/leap_hand/cmake/leap_hand__rosidl_typesupport_cExport-noconfig.cmake
[13.723s] -- Installing: /workspace/LeapXELA_Hardware_ws/ros_ws/src/install/leap_hand/share/leap_hand/cmake/leap_hand__rosidl_typesupport_introspection_cppExport.cmake
[13.724s] -- Installing: /workspace/LeapXELA_Hardware_ws/ros_ws/src/install/leap_hand/share/leap_hand/cmake/leap_hand__rosidl_typesupport_introspection_cppExport-noconfig.cmake
[13.724s] -- Installing: /workspace/LeapXELA_Hardware_ws/ros_ws/src/install/leap_hand/share/leap_hand/cmake/leap_hand__rosidl_typesupport_cppExport.cmake
[13.724s] -- Installing: /workspace/LeapXELA_Hardware_ws/ros_ws/src/install/leap_hand/share/leap_hand/cmake/leap_hand__rosidl_typesupport_cppExport-noconfig.cmake
[13.725s] -- Installing: /workspace/LeapXELA_Hardware_ws/ros_ws/src/install/leap_hand/share/leap_hand/cmake/export_leap_hand__rosidl_generator_pyExport.cmake
[13.725s] -- Installing: /workspace/LeapXELA_Hardware_ws/ros_ws/src/install/leap_hand/share/leap_hand/cmake/export_leap_hand__rosidl_generator_pyExport-noconfig.cmake
[13.725s] -- Installing: /workspace/LeapXELA_Hardware_ws/ros_ws/src/install/leap_hand/share/leap_hand/cmake/rosidl_cmake-extras.cmake
[13.725s] -- Installing: /workspace/LeapXELA_Hardware_ws/ros_ws/src/install/leap_hand/share/leap_hand/cmake/ament_cmake_export_dependencies-extras.cmake
[13.726s] -- Installing: /workspace/LeapXELA_Hardware_ws/ros_ws/src/install/leap_hand/share/leap_hand/cmake/ament_cmake_export_include_directories-extras.cmake
[13.726s] -- Installing: /workspace/LeapXELA_Hardware_ws/ros_ws/src/install/leap_hand/share/leap_hand/cmake/ament_cmake_export_libraries-extras.cmake
[13.726s] -- Installing: /workspace/LeapXELA_Hardware_ws/ros_ws/src/install/leap_hand/share/leap_hand/cmake/ament_cmake_export_targets-extras.cmake
[13.727s] -- Installing: /workspace/LeapXELA_Hardware_ws/ros_ws/src/install/leap_hand/share/leap_hand/cmake/rosidl_cmake_export_typesupport_targets-extras.cmake
[13.727s] -- Installing: /workspace/LeapXELA_Hardware_ws/ros_ws/src/install/leap_hand/share/leap_hand/cmake/rosidl_cmake_export_typesupport_libraries-extras.cmake
[13.727s] -- Installing: /workspace/LeapXELA_Hardware_ws/ros_ws/src/install/leap_hand/share/leap_hand/cmake/leap_handConfig.cmake
[13.727s] -- Installing: /workspace/LeapXELA_Hardware_ws/ros_ws/src/install/leap_hand/share/leap_hand/cmake/leap_handConfig-version.cmake
[13.728s] -- Installing: /workspace/LeapXELA_Hardware_ws/ros_ws/src/install/leap_hand/share/leap_hand/package.xml
[13.728s] -- Installing: /workspace/LeapXELA_Hardware_ws/ros_ws/src/install/leap_hand/lib/leap_hand/leaphand_node.py
[13.728s] -- Installing: /workspace/LeapXELA_Hardware_ws/ros_ws/src/install/leap_hand/lib/leap_hand/ros2_example.py
[13.729s] -- Installing: /workspace/LeapXELA_Hardware_ws/ros_ws/src/install/leap_hand/lib/leap_hand/keyboard_node.py
[13.729s] -- Installing: /workspace/LeapXELA_Hardware_ws/ros_ws/src/install/leap_hand/lib/leap_hand/base.py
[13.729s] -- Installing: /workspace/LeapXELA_Hardware_ws/ros_ws/src/install/leap_hand/share/leap_hand/config/pose.json
[13.730s] -- Installing: /workspace/LeapXELA_Hardware_ws/ros_ws/src/install/leap_hand/lib/leap_hand/leap_hand_utils
[13.730s] -- Installing: /workspace/LeapXELA_Hardware_ws/ros_ws/src/install/leap_hand/lib/leap_hand/leap_hand_utils/__init__.py
[13.731s] -- Installing: /workspace/LeapXELA_Hardware_ws/ros_ws/src/install/leap_hand/lib/leap_hand/leap_hand_utils/dynamixel_client.py
[13.731s] -- Installing: /workspace/LeapXELA_Hardware_ws/ros_ws/src/install/leap_hand/lib/leap_hand/leap_hand_utils/leap_hand_utils.py
[13.732s] -- Installing: /workspace/LeapXELA_Hardware_ws/ros_ws/src/install/leap_hand/share/leap_hand/launch
[13.732s] -- Installing: /workspace/LeapXELA_Hardware_ws/ros_ws/src/install/leap_hand/share/leap_hand/launch/launch_leap.py
[13.732s] -- Installing: /workspace/LeapXELA_Hardware_ws/ros_ws/src/install/leap_hand/share/leap_hand/launch/launch_leap_keyboard.py
[13.738s] Invoked command in '/workspace/LeapXELA_Hardware_ws/ros_ws/src/build/leap_hand' returned '0': CMAKE_PREFIX_PATH=/opt/ros/humble /usr/bin/cmake --install /workspace/LeapXELA_Hardware_ws/ros_ws/src/build/leap_hand
