running egg_info
creating ../../../../build/oculusTeleop/oculusTeleop.egg-info
writing ../../../../build/oculusTeleop/oculusTeleop.egg-info/PKG-INFO
writing dependency_links to ../../../../build/oculusTeleop/oculusTeleop.egg-info/dependency_links.txt
writing entry points to ../../../../build/oculusTeleop/oculusTeleop.egg-info/entry_points.txt
writing requirements to ../../../../build/oculusTeleop/oculusTeleop.egg-info/requires.txt
writing top-level names to ../../../../build/oculusTeleop/oculusTeleop.egg-info/top_level.txt
writing manifest file '../../../../build/oculusTeleop/oculusTeleop.egg-info/SOURCES.txt'
reading manifest file '../../../../build/oculusTeleop/oculusTeleop.egg-info/SOURCES.txt'
writing manifest file '../../../../build/oculusTeleop/oculusTeleop.egg-info/SOURCES.txt'
running build
running build_py
creating /workspace/LeapXELA_Hardware_ws/build/oculusTeleop/build
creating /workspace/LeapXELA_Hardware_ws/build/oculusTeleop/build/lib
creating /workspace/LeapXELA_Hardware_ws/build/oculusTeleop/build/lib/oculusTeleop
copying oculusTeleop/__init__.py -> /workspace/LeapXELA_Hardware_ws/build/oculusTeleop/build/lib/oculusTeleop
copying oculusTeleop/client.py -> /workspace/LeapXELA_Hardware_ws/build/oculusTeleop/build/lib/oculusTeleop
copying oculusTeleop/quest_streamer.py -> /workspace/LeapXELA_Hardware_ws/build/oculusTeleop/build/lib/oculusTeleop
copying oculusTeleop/leapXela_clinet.py -> /workspace/LeapXELA_Hardware_ws/build/oculusTeleop/build/lib/oculusTeleop
copying oculusTeleop/avp_leapXela_server.py -> /workspace/LeapXELA_Hardware_ws/build/oculusTeleop/build/lib/oculusTeleop
copying oculusTeleop/avp_leap_server.py -> /workspace/LeapXELA_Hardware_ws/build/oculusTeleop/build/lib/oculusTeleop
copying oculusTeleop/sim_to_hardware_conversion.py -> /workspace/LeapXELA_Hardware_ws/build/oculusTeleop/build/lib/oculusTeleop
creating /workspace/LeapXELA_Hardware_ws/build/oculusTeleop/build/lib/oculusTeleop/leapXela_right
copying oculusTeleop/leapXela_right/__init__.py -> /workspace/LeapXELA_Hardware_ws/build/oculusTeleop/build/lib/oculusTeleop/leapXela_right
copying oculusTeleop/leapXela_right/visulize_hand_node.py -> /workspace/LeapXELA_Hardware_ws/build/oculusTeleop/build/lib/oculusTeleop/leapXela_right
copying oculusTeleop/leapXela_right/visulize_finger_node.py -> /workspace/LeapXELA_Hardware_ws/build/oculusTeleop/build/lib/oculusTeleop/leapXela_right
copying oculusTeleop/leapXela_right/visulize_node.py -> /workspace/LeapXELA_Hardware_ws/build/oculusTeleop/build/lib/oculusTeleop/leapXela_right
copying oculusTeleop/leapXela_right/list_to_string.py -> /workspace/LeapXELA_Hardware_ws/build/oculusTeleop/build/lib/oculusTeleop/leapXela_right
copying oculusTeleop/leapXela_right/finger.py -> /workspace/LeapXELA_Hardware_ws/build/oculusTeleop/build/lib/oculusTeleop/leapXela_right
copying oculusTeleop/leapXela_right/visulize_palm_node.py -> /workspace/LeapXELA_Hardware_ws/build/oculusTeleop/build/lib/oculusTeleop/leapXela_right
copying oculusTeleop/leapXela_right/thumb.py -> /workspace/LeapXELA_Hardware_ws/build/oculusTeleop/build/lib/oculusTeleop/leapXela_right
copying oculusTeleop/leapXela_right/palm.py -> /workspace/LeapXELA_Hardware_ws/build/oculusTeleop/build/lib/oculusTeleop/leapXela_right
copying oculusTeleop/leapXela_right/visulize_thumb_node.py -> /workspace/LeapXELA_Hardware_ws/build/oculusTeleop/build/lib/oculusTeleop/leapXela_right
copying oculusTeleop/leapXela_right/hand.py -> /workspace/LeapXELA_Hardware_ws/build/oculusTeleop/build/lib/oculusTeleop/leapXela_right
creating /workspace/LeapXELA_Hardware_ws/build/oculusTeleop/build/lib/oculusTeleop/leap_hand_mesh_left
copying oculusTeleop/leap_hand_mesh_left/dip.part -> /workspace/LeapXELA_Hardware_ws/build/oculusTeleop/build/lib/oculusTeleop/leap_hand_mesh_left
copying oculusTeleop/leap_hand_mesh_left/dip.stl -> /workspace/LeapXELA_Hardware_ws/build/oculusTeleop/build/lib/oculusTeleop/leap_hand_mesh_left
copying oculusTeleop/leap_hand_mesh_left/fingertip.part -> /workspace/LeapXELA_Hardware_ws/build/oculusTeleop/build/lib/oculusTeleop/leap_hand_mesh_left
copying oculusTeleop/leap_hand_mesh_left/fingertip.stl -> /workspace/LeapXELA_Hardware_ws/build/oculusTeleop/build/lib/oculusTeleop/leap_hand_mesh_left
copying oculusTeleop/leap_hand_mesh_left/mcp_joint.part -> /workspace/LeapXELA_Hardware_ws/build/oculusTeleop/build/lib/oculusTeleop/leap_hand_mesh_left
copying oculusTeleop/leap_hand_mesh_left/mcp_joint.stl -> /workspace/LeapXELA_Hardware_ws/build/oculusTeleop/build/lib/oculusTeleop/leap_hand_mesh_left
copying oculusTeleop/leap_hand_mesh_left/palm_lower_left.part -> /workspace/LeapXELA_Hardware_ws/build/oculusTeleop/build/lib/oculusTeleop/leap_hand_mesh_left
copying oculusTeleop/leap_hand_mesh_left/palm_lower_left.stl -> /workspace/LeapXELA_Hardware_ws/build/oculusTeleop/build/lib/oculusTeleop/leap_hand_mesh_left
copying oculusTeleop/leap_hand_mesh_left/pip.part -> /workspace/LeapXELA_Hardware_ws/build/oculusTeleop/build/lib/oculusTeleop/leap_hand_mesh_left
copying oculusTeleop/leap_hand_mesh_left/pip.stl -> /workspace/LeapXELA_Hardware_ws/build/oculusTeleop/build/lib/oculusTeleop/leap_hand_mesh_left
copying oculusTeleop/leap_hand_mesh_left/robot.urdf -> /workspace/LeapXELA_Hardware_ws/build/oculusTeleop/build/lib/oculusTeleop/leap_hand_mesh_left
copying oculusTeleop/leap_hand_mesh_left/robot_pybullet.urdf -> /workspace/LeapXELA_Hardware_ws/build/oculusTeleop/build/lib/oculusTeleop/leap_hand_mesh_left
copying oculusTeleop/leap_hand_mesh_left/thumb_dip.part -> /workspace/LeapXELA_Hardware_ws/build/oculusTeleop/build/lib/oculusTeleop/leap_hand_mesh_left
copying oculusTeleop/leap_hand_mesh_left/thumb_dip.stl -> /workspace/LeapXELA_Hardware_ws/build/oculusTeleop/build/lib/oculusTeleop/leap_hand_mesh_left
copying oculusTeleop/leap_hand_mesh_left/thumb_fingertip.part -> /workspace/LeapXELA_Hardware_ws/build/oculusTeleop/build/lib/oculusTeleop/leap_hand_mesh_left
copying oculusTeleop/leap_hand_mesh_left/thumb_fingertip.stl -> /workspace/LeapXELA_Hardware_ws/build/oculusTeleop/build/lib/oculusTeleop/leap_hand_mesh_left
copying oculusTeleop/leap_hand_mesh_left/thumb_left_temp_base.part -> /workspace/LeapXELA_Hardware_ws/build/oculusTeleop/build/lib/oculusTeleop/leap_hand_mesh_left
copying oculusTeleop/leap_hand_mesh_left/thumb_left_temp_base.stl -> /workspace/LeapXELA_Hardware_ws/build/oculusTeleop/build/lib/oculusTeleop/leap_hand_mesh_left
copying oculusTeleop/leap_hand_mesh_left/thumb_pip.part -> /workspace/LeapXELA_Hardware_ws/build/oculusTeleop/build/lib/oculusTeleop/leap_hand_mesh_left
copying oculusTeleop/leap_hand_mesh_left/thumb_pip.stl -> /workspace/LeapXELA_Hardware_ws/build/oculusTeleop/build/lib/oculusTeleop/leap_hand_mesh_left
creating /workspace/LeapXELA_Hardware_ws/build/oculusTeleop/build/lib/oculusTeleop/leap_hand_mesh_right
copying oculusTeleop/leap_hand_mesh_right/config.json -> /workspace/LeapXELA_Hardware_ws/build/oculusTeleop/build/lib/oculusTeleop/leap_hand_mesh_right
copying oculusTeleop/leap_hand_mesh_right/dip.part -> /workspace/LeapXELA_Hardware_ws/build/oculusTeleop/build/lib/oculusTeleop/leap_hand_mesh_right
copying oculusTeleop/leap_hand_mesh_right/dip.stl -> /workspace/LeapXELA_Hardware_ws/build/oculusTeleop/build/lib/oculusTeleop/leap_hand_mesh_right
copying oculusTeleop/leap_hand_mesh_right/fingertip.part -> /workspace/LeapXELA_Hardware_ws/build/oculusTeleop/build/lib/oculusTeleop/leap_hand_mesh_right
copying oculusTeleop/leap_hand_mesh_right/fingertip.stl -> /workspace/LeapXELA_Hardware_ws/build/oculusTeleop/build/lib/oculusTeleop/leap_hand_mesh_right
copying oculusTeleop/leap_hand_mesh_right/fingertip_old.stl -> /workspace/LeapXELA_Hardware_ws/build/oculusTeleop/build/lib/oculusTeleop/leap_hand_mesh_right
copying oculusTeleop/leap_hand_mesh_right/mcp_joint.part -> /workspace/LeapXELA_Hardware_ws/build/oculusTeleop/build/lib/oculusTeleop/leap_hand_mesh_right
copying oculusTeleop/leap_hand_mesh_right/mcp_joint.stl -> /workspace/LeapXELA_Hardware_ws/build/oculusTeleop/build/lib/oculusTeleop/leap_hand_mesh_right
copying oculusTeleop/leap_hand_mesh_right/palm_lower.part -> /workspace/LeapXELA_Hardware_ws/build/oculusTeleop/build/lib/oculusTeleop/leap_hand_mesh_right
copying oculusTeleop/leap_hand_mesh_right/palm_lower.stl -> /workspace/LeapXELA_Hardware_ws/build/oculusTeleop/build/lib/oculusTeleop/leap_hand_mesh_right
copying oculusTeleop/leap_hand_mesh_right/palm_lower_left.stl -> /workspace/LeapXELA_Hardware_ws/build/oculusTeleop/build/lib/oculusTeleop/leap_hand_mesh_right
copying oculusTeleop/leap_hand_mesh_right/palm_lower_left_old.stl -> /workspace/LeapXELA_Hardware_ws/build/oculusTeleop/build/lib/oculusTeleop/leap_hand_mesh_right
copying oculusTeleop/leap_hand_mesh_right/pip.part -> /workspace/LeapXELA_Hardware_ws/build/oculusTeleop/build/lib/oculusTeleop/leap_hand_mesh_right
copying oculusTeleop/leap_hand_mesh_right/pip.stl -> /workspace/LeapXELA_Hardware_ws/build/oculusTeleop/build/lib/oculusTeleop/leap_hand_mesh_right
copying oculusTeleop/leap_hand_mesh_right/robot.urdf -> /workspace/LeapXELA_Hardware_ws/build/oculusTeleop/build/lib/oculusTeleop/leap_hand_mesh_right
copying oculusTeleop/leap_hand_mesh_right/robot_pybullet.urdf -> /workspace/LeapXELA_Hardware_ws/build/oculusTeleop/build/lib/oculusTeleop/leap_hand_mesh_right
copying oculusTeleop/leap_hand_mesh_right/thumb_dip.part -> /workspace/LeapXELA_Hardware_ws/build/oculusTeleop/build/lib/oculusTeleop/leap_hand_mesh_right
copying oculusTeleop/leap_hand_mesh_right/thumb_dip.stl -> /workspace/LeapXELA_Hardware_ws/build/oculusTeleop/build/lib/oculusTeleop/leap_hand_mesh_right
copying oculusTeleop/leap_hand_mesh_right/thumb_fingertip.part -> /workspace/LeapXELA_Hardware_ws/build/oculusTeleop/build/lib/oculusTeleop/leap_hand_mesh_right
copying oculusTeleop/leap_hand_mesh_right/thumb_fingertip.stl -> /workspace/LeapXELA_Hardware_ws/build/oculusTeleop/build/lib/oculusTeleop/leap_hand_mesh_right
copying oculusTeleop/leap_hand_mesh_right/thumb_fingertip_old.stl -> /workspace/LeapXELA_Hardware_ws/build/oculusTeleop/build/lib/oculusTeleop/leap_hand_mesh_right
copying oculusTeleop/leap_hand_mesh_right/thumb_pip.part -> /workspace/LeapXELA_Hardware_ws/build/oculusTeleop/build/lib/oculusTeleop/leap_hand_mesh_right
copying oculusTeleop/leap_hand_mesh_right/thumb_pip.stl -> /workspace/LeapXELA_Hardware_ws/build/oculusTeleop/build/lib/oculusTeleop/leap_hand_mesh_right
copying oculusTeleop/leapXela_right/palm.urdf -> /workspace/LeapXELA_Hardware_ws/build/oculusTeleop/build/lib/oculusTeleop/leapXela_right
copying oculusTeleop/leapXela_right/finger.urdf -> /workspace/LeapXELA_Hardware_ws/build/oculusTeleop/build/lib/oculusTeleop/leapXela_right
copying oculusTeleop/leapXela_right/thumb.urdf -> /workspace/LeapXELA_Hardware_ws/build/oculusTeleop/build/lib/oculusTeleop/leapXela_right
copying oculusTeleop/leapXela_right/robot.urdf -> /workspace/LeapXELA_Hardware_ws/build/oculusTeleop/build/lib/oculusTeleop/leapXela_right
copying oculusTeleop/leapXela_right/hand.urdf -> /workspace/LeapXELA_Hardware_ws/build/oculusTeleop/build/lib/oculusTeleop/leapXela_right
copying oculusTeleop/leapXela_right/config.json -> /workspace/LeapXELA_Hardware_ws/build/oculusTeleop/build/lib/oculusTeleop/leapXela_right
creating /workspace/LeapXELA_Hardware_ws/build/oculusTeleop/build/lib/oculusTeleop/leapXela_right/assets
copying oculusTeleop/leapXela_right/assets/fingertop_unfied.part -> /workspace/LeapXELA_Hardware_ws/build/oculusTeleop/build/lib/oculusTeleop/leapXela_right/assets
copying oculusTeleop/leapXela_right/assets/p4_unified.stl -> /workspace/LeapXELA_Hardware_ws/build/oculusTeleop/build/lib/oculusTeleop/leapXela_right/assets
copying oculusTeleop/leapXela_right/assets/thp0_unified.stl -> /workspace/LeapXELA_Hardware_ws/build/oculusTeleop/build/lib/oculusTeleop/leapXela_right/assets
copying oculusTeleop/leapXela_right/assets/fingertop_unfied.stl -> /workspace/LeapXELA_Hardware_ws/build/oculusTeleop/build/lib/oculusTeleop/leapXela_right/assets
copying oculusTeleop/leapXela_right/assets/p5_unified.stl -> /workspace/LeapXELA_Hardware_ws/build/oculusTeleop/build/lib/oculusTeleop/leapXela_right/assets
copying oculusTeleop/leapXela_right/assets/palm_face.part -> /workspace/LeapXELA_Hardware_ws/build/oculusTeleop/build/lib/oculusTeleop/leapXela_right/assets
copying oculusTeleop/leapXela_right/assets/thfingertip_unified.part -> /workspace/LeapXELA_Hardware_ws/build/oculusTeleop/build/lib/oculusTeleop/leapXela_right/assets
copying oculusTeleop/leapXela_right/assets/thconnector.stl -> /workspace/LeapXELA_Hardware_ws/build/oculusTeleop/build/lib/oculusTeleop/leapXela_right/assets
copying oculusTeleop/leapXela_right/assets/p3_unified.part -> /workspace/LeapXELA_Hardware_ws/build/oculusTeleop/build/lib/oculusTeleop/leapXela_right/assets
copying oculusTeleop/leapXela_right/assets/thp1_unified.part -> /workspace/LeapXELA_Hardware_ws/build/oculusTeleop/build/lib/oculusTeleop/leapXela_right/assets
copying oculusTeleop/leapXela_right/assets/top_palm.stl -> /workspace/LeapXELA_Hardware_ws/build/oculusTeleop/build/lib/oculusTeleop/leapXela_right/assets
copying oculusTeleop/leapXela_right/assets/leap_hand_xela_motorholder.part -> /workspace/LeapXELA_Hardware_ws/build/oculusTeleop/build/lib/oculusTeleop/leapXela_right/assets
copying oculusTeleop/leapXela_right/assets/clipper.part -> /workspace/LeapXELA_Hardware_ws/build/oculusTeleop/build/lib/oculusTeleop/leapXela_right/assets
copying oculusTeleop/leapXela_right/assets/uspa46.stl -> /workspace/LeapXELA_Hardware_ws/build/oculusTeleop/build/lib/oculusTeleop/leapXela_right/assets
copying oculusTeleop/leapXela_right/assets/leap_hand_xela_motorholder.stl -> /workspace/LeapXELA_Hardware_ws/build/oculusTeleop/build/lib/oculusTeleop/leapXela_right/assets
copying oculusTeleop/leapXela_right/assets/leap_hand_xela_bottom.stl -> /workspace/LeapXELA_Hardware_ws/build/oculusTeleop/build/lib/oculusTeleop/leapXela_right/assets
copying oculusTeleop/leapXela_right/assets/leap_hand_xela_side_cover.stl -> /workspace/LeapXELA_Hardware_ws/build/oculusTeleop/build/lib/oculusTeleop/leapXela_right/assets
copying oculusTeleop/leapXela_right/assets/p5_unified.part -> /workspace/LeapXELA_Hardware_ws/build/oculusTeleop/build/lib/oculusTeleop/leapXela_right/assets
copying oculusTeleop/leapXela_right/assets/p4_unified.part -> /workspace/LeapXELA_Hardware_ws/build/oculusTeleop/build/lib/oculusTeleop/leapXela_right/assets
copying oculusTeleop/leapXela_right/assets/leap_hand_xela_side_cover.part -> /workspace/LeapXELA_Hardware_ws/build/oculusTeleop/build/lib/oculusTeleop/leapXela_right/assets
copying oculusTeleop/leapXela_right/assets/clipper.stl -> /workspace/LeapXELA_Hardware_ws/build/oculusTeleop/build/lib/oculusTeleop/leapXela_right/assets
copying oculusTeleop/leapXela_right/assets/uspa46.part -> /workspace/LeapXELA_Hardware_ws/build/oculusTeleop/build/lib/oculusTeleop/leapXela_right/assets
copying oculusTeleop/leapXela_right/assets/thfingertip_unified.stl -> /workspace/LeapXELA_Hardware_ws/build/oculusTeleop/build/lib/oculusTeleop/leapXela_right/assets
copying oculusTeleop/leapXela_right/assets/leap_hand_xela_back_cover.stl -> /workspace/LeapXELA_Hardware_ws/build/oculusTeleop/build/lib/oculusTeleop/leapXela_right/assets
copying oculusTeleop/leapXela_right/assets/top_palm.part -> /workspace/LeapXELA_Hardware_ws/build/oculusTeleop/build/lib/oculusTeleop/leapXela_right/assets
copying oculusTeleop/leapXela_right/assets/palm_face.stl -> /workspace/LeapXELA_Hardware_ws/build/oculusTeleop/build/lib/oculusTeleop/leapXela_right/assets
copying oculusTeleop/leapXela_right/assets/thp1_unified.stl -> /workspace/LeapXELA_Hardware_ws/build/oculusTeleop/build/lib/oculusTeleop/leapXela_right/assets
copying oculusTeleop/leapXela_right/assets/thconnector.part -> /workspace/LeapXELA_Hardware_ws/build/oculusTeleop/build/lib/oculusTeleop/leapXela_right/assets
copying oculusTeleop/leapXela_right/assets/thp0_unified.part -> /workspace/LeapXELA_Hardware_ws/build/oculusTeleop/build/lib/oculusTeleop/leapXela_right/assets
copying oculusTeleop/leapXela_right/assets/leap_hand_xela_back_cover.part -> /workspace/LeapXELA_Hardware_ws/build/oculusTeleop/build/lib/oculusTeleop/leapXela_right/assets
copying oculusTeleop/leapXela_right/assets/p3_unified.stl -> /workspace/LeapXELA_Hardware_ws/build/oculusTeleop/build/lib/oculusTeleop/leapXela_right/assets
copying oculusTeleop/leapXela_right/assets/leap_hand_xela_bottom.part -> /workspace/LeapXELA_Hardware_ws/build/oculusTeleop/build/lib/oculusTeleop/leapXela_right/assets
copying oculusTeleop/leapXela_right/assets/thp2_unified.stl -> /workspace/LeapXELA_Hardware_ws/build/oculusTeleop/build/lib/oculusTeleop/leapXela_right/assets
copying oculusTeleop/leapXela_right/assets/p2_unified.stl -> /workspace/LeapXELA_Hardware_ws/build/oculusTeleop/build/lib/oculusTeleop/leapXela_right/assets
copying oculusTeleop/leapXela_right/assets/p2_unified.part -> /workspace/LeapXELA_Hardware_ws/build/oculusTeleop/build/lib/oculusTeleop/leapXela_right/assets
copying oculusTeleop/leapXela_right/assets/thp2_unified.part -> /workspace/LeapXELA_Hardware_ws/build/oculusTeleop/build/lib/oculusTeleop/leapXela_right/assets
running install
running install_lib
creating /workspace/LeapXELA_Hardware_ws/install/oculusTeleop/lib/python3.10/site-packages/oculusTeleop
copying /workspace/LeapXELA_Hardware_ws/build/oculusTeleop/build/lib/oculusTeleop/__init__.py -> /workspace/LeapXELA_Hardware_ws/install/oculusTeleop/lib/python3.10/site-packages/oculusTeleop
copying /workspace/LeapXELA_Hardware_ws/build/oculusTeleop/build/lib/oculusTeleop/client.py -> /workspace/LeapXELA_Hardware_ws/install/oculusTeleop/lib/python3.10/site-packages/oculusTeleop
copying /workspace/LeapXELA_Hardware_ws/build/oculusTeleop/build/lib/oculusTeleop/quest_streamer.py -> /workspace/LeapXELA_Hardware_ws/install/oculusTeleop/lib/python3.10/site-packages/oculusTeleop
copying /workspace/LeapXELA_Hardware_ws/build/oculusTeleop/build/lib/oculusTeleop/leapXela_clinet.py -> /workspace/LeapXELA_Hardware_ws/install/oculusTeleop/lib/python3.10/site-packages/oculusTeleop
copying /workspace/LeapXELA_Hardware_ws/build/oculusTeleop/build/lib/oculusTeleop/avp_leapXela_server.py -> /workspace/LeapXELA_Hardware_ws/install/oculusTeleop/lib/python3.10/site-packages/oculusTeleop
copying /workspace/LeapXELA_Hardware_ws/build/oculusTeleop/build/lib/oculusTeleop/avp_leap_server.py -> /workspace/LeapXELA_Hardware_ws/install/oculusTeleop/lib/python3.10/site-packages/oculusTeleop
creating /workspace/LeapXELA_Hardware_ws/install/oculusTeleop/lib/python3.10/site-packages/oculusTeleop/leap_hand_mesh_left
copying /workspace/LeapXELA_Hardware_ws/build/oculusTeleop/build/lib/oculusTeleop/leap_hand_mesh_left/thumb_pip.part -> /workspace/LeapXELA_Hardware_ws/install/oculusTeleop/lib/python3.10/site-packages/oculusTeleop/leap_hand_mesh_left
copying /workspace/LeapXELA_Hardware_ws/build/oculusTeleop/build/lib/oculusTeleop/leap_hand_mesh_left/fingertip.stl -> /workspace/LeapXELA_Hardware_ws/install/oculusTeleop/lib/python3.10/site-packages/oculusTeleop/leap_hand_mesh_left
copying /workspace/LeapXELA_Hardware_ws/build/oculusTeleop/build/lib/oculusTeleop/leap_hand_mesh_left/palm_lower_left.stl -> /workspace/LeapXELA_Hardware_ws/install/oculusTeleop/lib/python3.10/site-packages/oculusTeleop/leap_hand_mesh_left
copying /workspace/LeapXELA_Hardware_ws/build/oculusTeleop/build/lib/oculusTeleop/leap_hand_mesh_left/thumb_left_temp_base.part -> /workspace/LeapXELA_Hardware_ws/install/oculusTeleop/lib/python3.10/site-packages/oculusTeleop/leap_hand_mesh_left
copying /workspace/LeapXELA_Hardware_ws/build/oculusTeleop/build/lib/oculusTeleop/leap_hand_mesh_left/dip.part -> /workspace/LeapXELA_Hardware_ws/install/oculusTeleop/lib/python3.10/site-packages/oculusTeleop/leap_hand_mesh_left
copying /workspace/LeapXELA_Hardware_ws/build/oculusTeleop/build/lib/oculusTeleop/leap_hand_mesh_left/fingertip.part -> /workspace/LeapXELA_Hardware_ws/install/oculusTeleop/lib/python3.10/site-packages/oculusTeleop/leap_hand_mesh_left
copying /workspace/LeapXELA_Hardware_ws/build/oculusTeleop/build/lib/oculusTeleop/leap_hand_mesh_left/robot.urdf -> /workspace/LeapXELA_Hardware_ws/install/oculusTeleop/lib/python3.10/site-packages/oculusTeleop/leap_hand_mesh_left
copying /workspace/LeapXELA_Hardware_ws/build/oculusTeleop/build/lib/oculusTeleop/leap_hand_mesh_left/pip.stl -> /workspace/LeapXELA_Hardware_ws/install/oculusTeleop/lib/python3.10/site-packages/oculusTeleop/leap_hand_mesh_left
copying /workspace/LeapXELA_Hardware_ws/build/oculusTeleop/build/lib/oculusTeleop/leap_hand_mesh_left/thumb_fingertip.part -> /workspace/LeapXELA_Hardware_ws/install/oculusTeleop/lib/python3.10/site-packages/oculusTeleop/leap_hand_mesh_left
copying /workspace/LeapXELA_Hardware_ws/build/oculusTeleop/build/lib/oculusTeleop/leap_hand_mesh_left/mcp_joint.stl -> /workspace/LeapXELA_Hardware_ws/install/oculusTeleop/lib/python3.10/site-packages/oculusTeleop/leap_hand_mesh_left
copying /workspace/LeapXELA_Hardware_ws/build/oculusTeleop/build/lib/oculusTeleop/leap_hand_mesh_left/thumb_dip.stl -> /workspace/LeapXELA_Hardware_ws/install/oculusTeleop/lib/python3.10/site-packages/oculusTeleop/leap_hand_mesh_left
copying /workspace/LeapXELA_Hardware_ws/build/oculusTeleop/build/lib/oculusTeleop/leap_hand_mesh_left/pip.part -> /workspace/LeapXELA_Hardware_ws/install/oculusTeleop/lib/python3.10/site-packages/oculusTeleop/leap_hand_mesh_left
copying /workspace/LeapXELA_Hardware_ws/build/oculusTeleop/build/lib/oculusTeleop/leap_hand_mesh_left/thumb_left_temp_base.stl -> /workspace/LeapXELA_Hardware_ws/install/oculusTeleop/lib/python3.10/site-packages/oculusTeleop/leap_hand_mesh_left
copying /workspace/LeapXELA_Hardware_ws/build/oculusTeleop/build/lib/oculusTeleop/leap_hand_mesh_left/robot_pybullet.urdf -> /workspace/LeapXELA_Hardware_ws/install/oculusTeleop/lib/python3.10/site-packages/oculusTeleop/leap_hand_mesh_left
copying /workspace/LeapXELA_Hardware_ws/build/oculusTeleop/build/lib/oculusTeleop/leap_hand_mesh_left/thumb_dip.part -> /workspace/LeapXELA_Hardware_ws/install/oculusTeleop/lib/python3.10/site-packages/oculusTeleop/leap_hand_mesh_left
copying /workspace/LeapXELA_Hardware_ws/build/oculusTeleop/build/lib/oculusTeleop/leap_hand_mesh_left/dip.stl -> /workspace/LeapXELA_Hardware_ws/install/oculusTeleop/lib/python3.10/site-packages/oculusTeleop/leap_hand_mesh_left
copying /workspace/LeapXELA_Hardware_ws/build/oculusTeleop/build/lib/oculusTeleop/leap_hand_mesh_left/thumb_fingertip.stl -> /workspace/LeapXELA_Hardware_ws/install/oculusTeleop/lib/python3.10/site-packages/oculusTeleop/leap_hand_mesh_left
copying /workspace/LeapXELA_Hardware_ws/build/oculusTeleop/build/lib/oculusTeleop/leap_hand_mesh_left/thumb_pip.stl -> /workspace/LeapXELA_Hardware_ws/install/oculusTeleop/lib/python3.10/site-packages/oculusTeleop/leap_hand_mesh_left
copying /workspace/LeapXELA_Hardware_ws/build/oculusTeleop/build/lib/oculusTeleop/leap_hand_mesh_left/mcp_joint.part -> /workspace/LeapXELA_Hardware_ws/install/oculusTeleop/lib/python3.10/site-packages/oculusTeleop/leap_hand_mesh_left
copying /workspace/LeapXELA_Hardware_ws/build/oculusTeleop/build/lib/oculusTeleop/leap_hand_mesh_left/palm_lower_left.part -> /workspace/LeapXELA_Hardware_ws/install/oculusTeleop/lib/python3.10/site-packages/oculusTeleop/leap_hand_mesh_left
creating /workspace/LeapXELA_Hardware_ws/install/oculusTeleop/lib/python3.10/site-packages/oculusTeleop/leap_hand_mesh_right
copying /workspace/LeapXELA_Hardware_ws/build/oculusTeleop/build/lib/oculusTeleop/leap_hand_mesh_right/thumb_pip.part -> /workspace/LeapXELA_Hardware_ws/install/oculusTeleop/lib/python3.10/site-packages/oculusTeleop/leap_hand_mesh_right
copying /workspace/LeapXELA_Hardware_ws/build/oculusTeleop/build/lib/oculusTeleop/leap_hand_mesh_right/fingertip_old.stl -> /workspace/LeapXELA_Hardware_ws/install/oculusTeleop/lib/python3.10/site-packages/oculusTeleop/leap_hand_mesh_right
copying /workspace/LeapXELA_Hardware_ws/build/oculusTeleop/build/lib/oculusTeleop/leap_hand_mesh_right/fingertip.stl -> /workspace/LeapXELA_Hardware_ws/install/oculusTeleop/lib/python3.10/site-packages/oculusTeleop/leap_hand_mesh_right
copying /workspace/LeapXELA_Hardware_ws/build/oculusTeleop/build/lib/oculusTeleop/leap_hand_mesh_right/palm_lower_left.stl -> /workspace/LeapXELA_Hardware_ws/install/oculusTeleop/lib/python3.10/site-packages/oculusTeleop/leap_hand_mesh_right
copying /workspace/LeapXELA_Hardware_ws/build/oculusTeleop/build/lib/oculusTeleop/leap_hand_mesh_right/palm_lower.stl -> /workspace/LeapXELA_Hardware_ws/install/oculusTeleop/lib/python3.10/site-packages/oculusTeleop/leap_hand_mesh_right
copying /workspace/LeapXELA_Hardware_ws/build/oculusTeleop/build/lib/oculusTeleop/leap_hand_mesh_right/dip.part -> /workspace/LeapXELA_Hardware_ws/install/oculusTeleop/lib/python3.10/site-packages/oculusTeleop/leap_hand_mesh_right
copying /workspace/LeapXELA_Hardware_ws/build/oculusTeleop/build/lib/oculusTeleop/leap_hand_mesh_right/palm_lower.part -> /workspace/LeapXELA_Hardware_ws/install/oculusTeleop/lib/python3.10/site-packages/oculusTeleop/leap_hand_mesh_right
copying /workspace/LeapXELA_Hardware_ws/build/oculusTeleop/build/lib/oculusTeleop/leap_hand_mesh_right/fingertip.part -> /workspace/LeapXELA_Hardware_ws/install/oculusTeleop/lib/python3.10/site-packages/oculusTeleop/leap_hand_mesh_right
copying /workspace/LeapXELA_Hardware_ws/build/oculusTeleop/build/lib/oculusTeleop/leap_hand_mesh_right/robot.urdf -> /workspace/LeapXELA_Hardware_ws/install/oculusTeleop/lib/python3.10/site-packages/oculusTeleop/leap_hand_mesh_right
copying /workspace/LeapXELA_Hardware_ws/build/oculusTeleop/build/lib/oculusTeleop/leap_hand_mesh_right/pip.stl -> /workspace/LeapXELA_Hardware_ws/install/oculusTeleop/lib/python3.10/site-packages/oculusTeleop/leap_hand_mesh_right
copying /workspace/LeapXELA_Hardware_ws/build/oculusTeleop/build/lib/oculusTeleop/leap_hand_mesh_right/thumb_fingertip.part -> /workspace/LeapXELA_Hardware_ws/install/oculusTeleop/lib/python3.10/site-packages/oculusTeleop/leap_hand_mesh_right
copying /workspace/LeapXELA_Hardware_ws/build/oculusTeleop/build/lib/oculusTeleop/leap_hand_mesh_right/mcp_joint.stl -> /workspace/LeapXELA_Hardware_ws/install/oculusTeleop/lib/python3.10/site-packages/oculusTeleop/leap_hand_mesh_right
copying /workspace/LeapXELA_Hardware_ws/build/oculusTeleop/build/lib/oculusTeleop/leap_hand_mesh_right/thumb_dip.stl -> /workspace/LeapXELA_Hardware_ws/install/oculusTeleop/lib/python3.10/site-packages/oculusTeleop/leap_hand_mesh_right
copying /workspace/LeapXELA_Hardware_ws/build/oculusTeleop/build/lib/oculusTeleop/leap_hand_mesh_right/config.json -> /workspace/LeapXELA_Hardware_ws/install/oculusTeleop/lib/python3.10/site-packages/oculusTeleop/leap_hand_mesh_right
copying /workspace/LeapXELA_Hardware_ws/build/oculusTeleop/build/lib/oculusTeleop/leap_hand_mesh_right/pip.part -> /workspace/LeapXELA_Hardware_ws/install/oculusTeleop/lib/python3.10/site-packages/oculusTeleop/leap_hand_mesh_right
copying /workspace/LeapXELA_Hardware_ws/build/oculusTeleop/build/lib/oculusTeleop/leap_hand_mesh_right/robot_pybullet.urdf -> /workspace/LeapXELA_Hardware_ws/install/oculusTeleop/lib/python3.10/site-packages/oculusTeleop/leap_hand_mesh_right
copying /workspace/LeapXELA_Hardware_ws/build/oculusTeleop/build/lib/oculusTeleop/leap_hand_mesh_right/palm_lower_left_old.stl -> /workspace/LeapXELA_Hardware_ws/install/oculusTeleop/lib/python3.10/site-packages/oculusTeleop/leap_hand_mesh_right
copying /workspace/LeapXELA_Hardware_ws/build/oculusTeleop/build/lib/oculusTeleop/leap_hand_mesh_right/thumb_dip.part -> /workspace/LeapXELA_Hardware_ws/install/oculusTeleop/lib/python3.10/site-packages/oculusTeleop/leap_hand_mesh_right
copying /workspace/LeapXELA_Hardware_ws/build/oculusTeleop/build/lib/oculusTeleop/leap_hand_mesh_right/thumb_fingertip_old.stl -> /workspace/LeapXELA_Hardware_ws/install/oculusTeleop/lib/python3.10/site-packages/oculusTeleop/leap_hand_mesh_right
copying /workspace/LeapXELA_Hardware_ws/build/oculusTeleop/build/lib/oculusTeleop/leap_hand_mesh_right/dip.stl -> /workspace/LeapXELA_Hardware_ws/install/oculusTeleop/lib/python3.10/site-packages/oculusTeleop/leap_hand_mesh_right
copying /workspace/LeapXELA_Hardware_ws/build/oculusTeleop/build/lib/oculusTeleop/leap_hand_mesh_right/thumb_fingertip.stl -> /workspace/LeapXELA_Hardware_ws/install/oculusTeleop/lib/python3.10/site-packages/oculusTeleop/leap_hand_mesh_right
copying /workspace/LeapXELA_Hardware_ws/build/oculusTeleop/build/lib/oculusTeleop/leap_hand_mesh_right/thumb_pip.stl -> /workspace/LeapXELA_Hardware_ws/install/oculusTeleop/lib/python3.10/site-packages/oculusTeleop/leap_hand_mesh_right
copying /workspace/LeapXELA_Hardware_ws/build/oculusTeleop/build/lib/oculusTeleop/leap_hand_mesh_right/mcp_joint.part -> /workspace/LeapXELA_Hardware_ws/install/oculusTeleop/lib/python3.10/site-packages/oculusTeleop/leap_hand_mesh_right
copying /workspace/LeapXELA_Hardware_ws/build/oculusTeleop/build/lib/oculusTeleop/sim_to_hardware_conversion.py -> /workspace/LeapXELA_Hardware_ws/install/oculusTeleop/lib/python3.10/site-packages/oculusTeleop
creating /workspace/LeapXELA_Hardware_ws/install/oculusTeleop/lib/python3.10/site-packages/oculusTeleop/leapXela_right
copying /workspace/LeapXELA_Hardware_ws/build/oculusTeleop/build/lib/oculusTeleop/leapXela_right/__init__.py -> /workspace/LeapXELA_Hardware_ws/install/oculusTeleop/lib/python3.10/site-packages/oculusTeleop/leapXela_right
copying /workspace/LeapXELA_Hardware_ws/build/oculusTeleop/build/lib/oculusTeleop/leapXela_right/palm.urdf -> /workspace/LeapXELA_Hardware_ws/install/oculusTeleop/lib/python3.10/site-packages/oculusTeleop/leapXela_right
copying /workspace/LeapXELA_Hardware_ws/build/oculusTeleop/build/lib/oculusTeleop/leapXela_right/finger.urdf -> /workspace/LeapXELA_Hardware_ws/install/oculusTeleop/lib/python3.10/site-packages/oculusTeleop/leapXela_right
copying /workspace/LeapXELA_Hardware_ws/build/oculusTeleop/build/lib/oculusTeleop/leapXela_right/visulize_hand_node.py -> /workspace/LeapXELA_Hardware_ws/install/oculusTeleop/lib/python3.10/site-packages/oculusTeleop/leapXela_right
copying /workspace/LeapXELA_Hardware_ws/build/oculusTeleop/build/lib/oculusTeleop/leapXela_right/thumb.urdf -> /workspace/LeapXELA_Hardware_ws/install/oculusTeleop/lib/python3.10/site-packages/oculusTeleop/leapXela_right
creating /workspace/LeapXELA_Hardware_ws/install/oculusTeleop/lib/python3.10/site-packages/oculusTeleop/leapXela_right/assets
copying /workspace/LeapXELA_Hardware_ws/build/oculusTeleop/build/lib/oculusTeleop/leapXela_right/assets/fingertop_unfied.part -> /workspace/LeapXELA_Hardware_ws/install/oculusTeleop/lib/python3.10/site-packages/oculusTeleop/leapXela_right/assets
copying /workspace/LeapXELA_Hardware_ws/build/oculusTeleop/build/lib/oculusTeleop/leapXela_right/assets/p4_unified.stl -> /workspace/LeapXELA_Hardware_ws/install/oculusTeleop/lib/python3.10/site-packages/oculusTeleop/leapXela_right/assets
copying /workspace/LeapXELA_Hardware_ws/build/oculusTeleop/build/lib/oculusTeleop/leapXela_right/assets/thp0_unified.stl -> /workspace/LeapXELA_Hardware_ws/install/oculusTeleop/lib/python3.10/site-packages/oculusTeleop/leapXela_right/assets
copying /workspace/LeapXELA_Hardware_ws/build/oculusTeleop/build/lib/oculusTeleop/leapXela_right/assets/fingertop_unfied.stl -> /workspace/LeapXELA_Hardware_ws/install/oculusTeleop/lib/python3.10/site-packages/oculusTeleop/leapXela_right/assets
copying /workspace/LeapXELA_Hardware_ws/build/oculusTeleop/build/lib/oculusTeleop/leapXela_right/assets/p5_unified.stl -> /workspace/LeapXELA_Hardware_ws/install/oculusTeleop/lib/python3.10/site-packages/oculusTeleop/leapXela_right/assets
copying /workspace/LeapXELA_Hardware_ws/build/oculusTeleop/build/lib/oculusTeleop/leapXela_right/assets/palm_face.part -> /workspace/LeapXELA_Hardware_ws/install/oculusTeleop/lib/python3.10/site-packages/oculusTeleop/leapXela_right/assets
copying /workspace/LeapXELA_Hardware_ws/build/oculusTeleop/build/lib/oculusTeleop/leapXela_right/assets/thfingertip_unified.part -> /workspace/LeapXELA_Hardware_ws/install/oculusTeleop/lib/python3.10/site-packages/oculusTeleop/leapXela_right/assets
copying /workspace/LeapXELA_Hardware_ws/build/oculusTeleop/build/lib/oculusTeleop/leapXela_right/assets/thconnector.stl -> /workspace/LeapXELA_Hardware_ws/install/oculusTeleop/lib/python3.10/site-packages/oculusTeleop/leapXela_right/assets
copying /workspace/LeapXELA_Hardware_ws/build/oculusTeleop/build/lib/oculusTeleop/leapXela_right/assets/p3_unified.part -> /workspace/LeapXELA_Hardware_ws/install/oculusTeleop/lib/python3.10/site-packages/oculusTeleop/leapXela_right/assets
copying /workspace/LeapXELA_Hardware_ws/build/oculusTeleop/build/lib/oculusTeleop/leapXela_right/assets/thp1_unified.part -> /workspace/LeapXELA_Hardware_ws/install/oculusTeleop/lib/python3.10/site-packages/oculusTeleop/leapXela_right/assets
copying /workspace/LeapXELA_Hardware_ws/build/oculusTeleop/build/lib/oculusTeleop/leapXela_right/assets/top_palm.stl -> /workspace/LeapXELA_Hardware_ws/install/oculusTeleop/lib/python3.10/site-packages/oculusTeleop/leapXela_right/assets
copying /workspace/LeapXELA_Hardware_ws/build/oculusTeleop/build/lib/oculusTeleop/leapXela_right/assets/leap_hand_xela_motorholder.part -> /workspace/LeapXELA_Hardware_ws/install/oculusTeleop/lib/python3.10/site-packages/oculusTeleop/leapXela_right/assets
copying /workspace/LeapXELA_Hardware_ws/build/oculusTeleop/build/lib/oculusTeleop/leapXela_right/assets/clipper.part -> /workspace/LeapXELA_Hardware_ws/install/oculusTeleop/lib/python3.10/site-packages/oculusTeleop/leapXela_right/assets
copying /workspace/LeapXELA_Hardware_ws/build/oculusTeleop/build/lib/oculusTeleop/leapXela_right/assets/uspa46.stl -> /workspace/LeapXELA_Hardware_ws/install/oculusTeleop/lib/python3.10/site-packages/oculusTeleop/leapXela_right/assets
copying /workspace/LeapXELA_Hardware_ws/build/oculusTeleop/build/lib/oculusTeleop/leapXela_right/assets/leap_hand_xela_motorholder.stl -> /workspace/LeapXELA_Hardware_ws/install/oculusTeleop/lib/python3.10/site-packages/oculusTeleop/leapXela_right/assets
copying /workspace/LeapXELA_Hardware_ws/build/oculusTeleop/build/lib/oculusTeleop/leapXela_right/assets/leap_hand_xela_bottom.stl -> /workspace/LeapXELA_Hardware_ws/install/oculusTeleop/lib/python3.10/site-packages/oculusTeleop/leapXela_right/assets
copying /workspace/LeapXELA_Hardware_ws/build/oculusTeleop/build/lib/oculusTeleop/leapXela_right/assets/leap_hand_xela_side_cover.stl -> /workspace/LeapXELA_Hardware_ws/install/oculusTeleop/lib/python3.10/site-packages/oculusTeleop/leapXela_right/assets
copying /workspace/LeapXELA_Hardware_ws/build/oculusTeleop/build/lib/oculusTeleop/leapXela_right/assets/p5_unified.part -> /workspace/LeapXELA_Hardware_ws/install/oculusTeleop/lib/python3.10/site-packages/oculusTeleop/leapXela_right/assets
copying /workspace/LeapXELA_Hardware_ws/build/oculusTeleop/build/lib/oculusTeleop/leapXela_right/assets/p4_unified.part -> /workspace/LeapXELA_Hardware_ws/install/oculusTeleop/lib/python3.10/site-packages/oculusTeleop/leapXela_right/assets
copying /workspace/LeapXELA_Hardware_ws/build/oculusTeleop/build/lib/oculusTeleop/leapXela_right/assets/leap_hand_xela_side_cover.part -> /workspace/LeapXELA_Hardware_ws/install/oculusTeleop/lib/python3.10/site-packages/oculusTeleop/leapXela_right/assets
copying /workspace/LeapXELA_Hardware_ws/build/oculusTeleop/build/lib/oculusTeleop/leapXela_right/assets/clipper.stl -> /workspace/LeapXELA_Hardware_ws/install/oculusTeleop/lib/python3.10/site-packages/oculusTeleop/leapXela_right/assets
copying /workspace/LeapXELA_Hardware_ws/build/oculusTeleop/build/lib/oculusTeleop/leapXela_right/assets/uspa46.part -> /workspace/LeapXELA_Hardware_ws/install/oculusTeleop/lib/python3.10/site-packages/oculusTeleop/leapXela_right/assets
copying /workspace/LeapXELA_Hardware_ws/build/oculusTeleop/build/lib/oculusTeleop/leapXela_right/assets/thfingertip_unified.stl -> /workspace/LeapXELA_Hardware_ws/install/oculusTeleop/lib/python3.10/site-packages/oculusTeleop/leapXela_right/assets
copying /workspace/LeapXELA_Hardware_ws/build/oculusTeleop/build/lib/oculusTeleop/leapXela_right/assets/leap_hand_xela_back_cover.stl -> /workspace/LeapXELA_Hardware_ws/install/oculusTeleop/lib/python3.10/site-packages/oculusTeleop/leapXela_right/assets
copying /workspace/LeapXELA_Hardware_ws/build/oculusTeleop/build/lib/oculusTeleop/leapXela_right/assets/top_palm.part -> /workspace/LeapXELA_Hardware_ws/install/oculusTeleop/lib/python3.10/site-packages/oculusTeleop/leapXela_right/assets
copying /workspace/LeapXELA_Hardware_ws/build/oculusTeleop/build/lib/oculusTeleop/leapXela_right/assets/palm_face.stl -> /workspace/LeapXELA_Hardware_ws/install/oculusTeleop/lib/python3.10/site-packages/oculusTeleop/leapXela_right/assets
copying /workspace/LeapXELA_Hardware_ws/build/oculusTeleop/build/lib/oculusTeleop/leapXela_right/assets/thp1_unified.stl -> /workspace/LeapXELA_Hardware_ws/install/oculusTeleop/lib/python3.10/site-packages/oculusTeleop/leapXela_right/assets
copying /workspace/LeapXELA_Hardware_ws/build/oculusTeleop/build/lib/oculusTeleop/leapXela_right/assets/thconnector.part -> /workspace/LeapXELA_Hardware_ws/install/oculusTeleop/lib/python3.10/site-packages/oculusTeleop/leapXela_right/assets
copying /workspace/LeapXELA_Hardware_ws/build/oculusTeleop/build/lib/oculusTeleop/leapXela_right/assets/thp0_unified.part -> /workspace/LeapXELA_Hardware_ws/install/oculusTeleop/lib/python3.10/site-packages/oculusTeleop/leapXela_right/assets
copying /workspace/LeapXELA_Hardware_ws/build/oculusTeleop/build/lib/oculusTeleop/leapXela_right/assets/leap_hand_xela_back_cover.part -> /workspace/LeapXELA_Hardware_ws/install/oculusTeleop/lib/python3.10/site-packages/oculusTeleop/leapXela_right/assets
copying /workspace/LeapXELA_Hardware_ws/build/oculusTeleop/build/lib/oculusTeleop/leapXela_right/assets/p3_unified.stl -> /workspace/LeapXELA_Hardware_ws/install/oculusTeleop/lib/python3.10/site-packages/oculusTeleop/leapXela_right/assets
copying /workspace/LeapXELA_Hardware_ws/build/oculusTeleop/build/lib/oculusTeleop/leapXela_right/assets/leap_hand_xela_bottom.part -> /workspace/LeapXELA_Hardware_ws/install/oculusTeleop/lib/python3.10/site-packages/oculusTeleop/leapXela_right/assets
copying /workspace/LeapXELA_Hardware_ws/build/oculusTeleop/build/lib/oculusTeleop/leapXela_right/assets/thp2_unified.stl -> /workspace/LeapXELA_Hardware_ws/install/oculusTeleop/lib/python3.10/site-packages/oculusTeleop/leapXela_right/assets
copying /workspace/LeapXELA_Hardware_ws/build/oculusTeleop/build/lib/oculusTeleop/leapXela_right/assets/p2_unified.stl -> /workspace/LeapXELA_Hardware_ws/install/oculusTeleop/lib/python3.10/site-packages/oculusTeleop/leapXela_right/assets
copying /workspace/LeapXELA_Hardware_ws/build/oculusTeleop/build/lib/oculusTeleop/leapXela_right/assets/p2_unified.part -> /workspace/LeapXELA_Hardware_ws/install/oculusTeleop/lib/python3.10/site-packages/oculusTeleop/leapXela_right/assets
copying /workspace/LeapXELA_Hardware_ws/build/oculusTeleop/build/lib/oculusTeleop/leapXela_right/assets/thp2_unified.part -> /workspace/LeapXELA_Hardware_ws/install/oculusTeleop/lib/python3.10/site-packages/oculusTeleop/leapXela_right/assets
copying /workspace/LeapXELA_Hardware_ws/build/oculusTeleop/build/lib/oculusTeleop/leapXela_right/robot.urdf -> /workspace/LeapXELA_Hardware_ws/install/oculusTeleop/lib/python3.10/site-packages/oculusTeleop/leapXela_right
copying /workspace/LeapXELA_Hardware_ws/build/oculusTeleop/build/lib/oculusTeleop/leapXela_right/visulize_finger_node.py -> /workspace/LeapXELA_Hardware_ws/install/oculusTeleop/lib/python3.10/site-packages/oculusTeleop/leapXela_right
copying /workspace/LeapXELA_Hardware_ws/build/oculusTeleop/build/lib/oculusTeleop/leapXela_right/visulize_node.py -> /workspace/LeapXELA_Hardware_ws/install/oculusTeleop/lib/python3.10/site-packages/oculusTeleop/leapXela_right
copying /workspace/LeapXELA_Hardware_ws/build/oculusTeleop/build/lib/oculusTeleop/leapXela_right/config.json -> /workspace/LeapXELA_Hardware_ws/install/oculusTeleop/lib/python3.10/site-packages/oculusTeleop/leapXela_right
copying /workspace/LeapXELA_Hardware_ws/build/oculusTeleop/build/lib/oculusTeleop/leapXela_right/list_to_string.py -> /workspace/LeapXELA_Hardware_ws/install/oculusTeleop/lib/python3.10/site-packages/oculusTeleop/leapXela_right
copying /workspace/LeapXELA_Hardware_ws/build/oculusTeleop/build/lib/oculusTeleop/leapXela_right/finger.py -> /workspace/LeapXELA_Hardware_ws/install/oculusTeleop/lib/python3.10/site-packages/oculusTeleop/leapXela_right
copying /workspace/LeapXELA_Hardware_ws/build/oculusTeleop/build/lib/oculusTeleop/leapXela_right/visulize_palm_node.py -> /workspace/LeapXELA_Hardware_ws/install/oculusTeleop/lib/python3.10/site-packages/oculusTeleop/leapXela_right
copying /workspace/LeapXELA_Hardware_ws/build/oculusTeleop/build/lib/oculusTeleop/leapXela_right/thumb.py -> /workspace/LeapXELA_Hardware_ws/install/oculusTeleop/lib/python3.10/site-packages/oculusTeleop/leapXela_right
copying /workspace/LeapXELA_Hardware_ws/build/oculusTeleop/build/lib/oculusTeleop/leapXela_right/palm.py -> /workspace/LeapXELA_Hardware_ws/install/oculusTeleop/lib/python3.10/site-packages/oculusTeleop/leapXela_right
copying /workspace/LeapXELA_Hardware_ws/build/oculusTeleop/build/lib/oculusTeleop/leapXela_right/visulize_thumb_node.py -> /workspace/LeapXELA_Hardware_ws/install/oculusTeleop/lib/python3.10/site-packages/oculusTeleop/leapXela_right
copying /workspace/LeapXELA_Hardware_ws/build/oculusTeleop/build/lib/oculusTeleop/leapXela_right/hand.py -> /workspace/LeapXELA_Hardware_ws/install/oculusTeleop/lib/python3.10/site-packages/oculusTeleop/leapXela_right
copying /workspace/LeapXELA_Hardware_ws/build/oculusTeleop/build/lib/oculusTeleop/leapXela_right/hand.urdf -> /workspace/LeapXELA_Hardware_ws/install/oculusTeleop/lib/python3.10/site-packages/oculusTeleop/leapXela_right
byte-compiling /workspace/LeapXELA_Hardware_ws/install/oculusTeleop/lib/python3.10/site-packages/oculusTeleop/__init__.py to __init__.cpython-310.pyc
byte-compiling /workspace/LeapXELA_Hardware_ws/install/oculusTeleop/lib/python3.10/site-packages/oculusTeleop/client.py to client.cpython-310.pyc
byte-compiling /workspace/LeapXELA_Hardware_ws/install/oculusTeleop/lib/python3.10/site-packages/oculusTeleop/quest_streamer.py to quest_streamer.cpython-310.pyc
byte-compiling /workspace/LeapXELA_Hardware_ws/install/oculusTeleop/lib/python3.10/site-packages/oculusTeleop/leapXela_clinet.py to leapXela_clinet.cpython-310.pyc
byte-compiling /workspace/LeapXELA_Hardware_ws/install/oculusTeleop/lib/python3.10/site-packages/oculusTeleop/avp_leapXela_server.py to avp_leapXela_server.cpython-310.pyc
byte-compiling /workspace/LeapXELA_Hardware_ws/install/oculusTeleop/lib/python3.10/site-packages/oculusTeleop/avp_leap_server.py to avp_leap_server.cpython-310.pyc
byte-compiling /workspace/LeapXELA_Hardware_ws/install/oculusTeleop/lib/python3.10/site-packages/oculusTeleop/sim_to_hardware_conversion.py to sim_to_hardware_conversion.cpython-310.pyc
byte-compiling /workspace/LeapXELA_Hardware_ws/install/oculusTeleop/lib/python3.10/site-packages/oculusTeleop/leapXela_right/__init__.py to __init__.cpython-310.pyc
byte-compiling /workspace/LeapXELA_Hardware_ws/install/oculusTeleop/lib/python3.10/site-packages/oculusTeleop/leapXela_right/visulize_hand_node.py to visulize_hand_node.cpython-310.pyc
byte-compiling /workspace/LeapXELA_Hardware_ws/install/oculusTeleop/lib/python3.10/site-packages/oculusTeleop/leapXela_right/visulize_finger_node.py to visulize_finger_node.cpython-310.pyc
byte-compiling /workspace/LeapXELA_Hardware_ws/install/oculusTeleop/lib/python3.10/site-packages/oculusTeleop/leapXela_right/visulize_node.py to visulize_node.cpython-310.pyc
byte-compiling /workspace/LeapXELA_Hardware_ws/install/oculusTeleop/lib/python3.10/site-packages/oculusTeleop/leapXela_right/list_to_string.py to list_to_string.cpython-310.pyc
byte-compiling /workspace/LeapXELA_Hardware_ws/install/oculusTeleop/lib/python3.10/site-packages/oculusTeleop/leapXela_right/finger.py to finger.cpython-310.pyc
byte-compiling /workspace/LeapXELA_Hardware_ws/install/oculusTeleop/lib/python3.10/site-packages/oculusTeleop/leapXela_right/visulize_palm_node.py to visulize_palm_node.cpython-310.pyc
byte-compiling /workspace/LeapXELA_Hardware_ws/install/oculusTeleop/lib/python3.10/site-packages/oculusTeleop/leapXela_right/thumb.py to thumb.cpython-310.pyc
byte-compiling /workspace/LeapXELA_Hardware_ws/install/oculusTeleop/lib/python3.10/site-packages/oculusTeleop/leapXela_right/palm.py to palm.cpython-310.pyc
byte-compiling /workspace/LeapXELA_Hardware_ws/install/oculusTeleop/lib/python3.10/site-packages/oculusTeleop/leapXela_right/visulize_thumb_node.py to visulize_thumb_node.cpython-310.pyc
byte-compiling /workspace/LeapXELA_Hardware_ws/install/oculusTeleop/lib/python3.10/site-packages/oculusTeleop/leapXela_right/hand.py to hand.cpython-310.pyc
running install_data
creating /workspace/LeapXELA_Hardware_ws/install/oculusTeleop/share/ament_index
creating /workspace/LeapXELA_Hardware_ws/install/oculusTeleop/share/ament_index/resource_index
creating /workspace/LeapXELA_Hardware_ws/install/oculusTeleop/share/ament_index/resource_index/packages
copying resource/oculusTeleop -> /workspace/LeapXELA_Hardware_ws/install/oculusTeleop/share/ament_index/resource_index/packages
copying package.xml -> /workspace/LeapXELA_Hardware_ws/install/oculusTeleop/share/oculusTeleop
creating /workspace/LeapXELA_Hardware_ws/install/oculusTeleop/share/oculusTeleop/launch
copying launch/launch_oculus_teleop.py -> /workspace/LeapXELA_Hardware_ws/install/oculusTeleop/share/oculusTeleop/launch
copying launch/launch_oculus_xela_teleop.py -> /workspace/LeapXELA_Hardware_ws/install/oculusTeleop/share/oculusTeleop/launch
running install_egg_info
Copying ../../../../build/oculusTeleop/oculusTeleop.egg-info to /workspace/LeapXELA_Hardware_ws/install/oculusTeleop/lib/python3.10/site-packages/oculusTeleop-0.0.0-py3.10.egg-info
running install_scripts
Installing avp_leap_server script to /workspace/LeapXELA_Hardware_ws/install/oculusTeleop/lib/oculusTeleop
Installing avp_leap_xela_server script to /workspace/LeapXELA_Hardware_ws/install/oculusTeleop/lib/oculusTeleop
Installing convert_sim_to_hardware script to /workspace/LeapXELA_Hardware_ws/install/oculusTeleop/lib/oculusTeleop
Installing leap_xela_client script to /workspace/LeapXELA_Hardware_ws/install/oculusTeleop/lib/oculusTeleop
Installing quest_client script to /workspace/LeapXELA_Hardware_ws/install/oculusTeleop/lib/oculusTeleop
Installing quest_streamer script to /workspace/LeapXELA_Hardware_ws/install/oculusTeleop/lib/oculusTeleop
writing list of installed files to '/workspace/LeapXELA_Hardware_ws/build/oculusTeleop/install.log'
