running egg_info
creating ../../../build/leap_to_leapXela/leap_to_leapXela.egg-info
writing ../../../build/leap_to_leapXela/leap_to_leapXela.egg-info/PKG-INFO
writing dependency_links to ../../../build/leap_to_leapXela/leap_to_leapXela.egg-info/dependency_links.txt
writing entry points to ../../../build/leap_to_leapXela/leap_to_leapXela.egg-info/entry_points.txt
writing requirements to ../../../build/leap_to_leapXela/leap_to_leapXela.egg-info/requires.txt
writing top-level names to ../../../build/leap_to_leapXela/leap_to_leapXela.egg-info/top_level.txt
writing manifest file '../../../build/leap_to_leapXela/leap_to_leapXela.egg-info/SOURCES.txt'
reading manifest file '../../../build/leap_to_leapXela/leap_to_leapXela.egg-info/SOURCES.txt'
writing manifest file '../../../build/leap_to_leapXela/leap_to_leapXela.egg-info/SOURCES.txt'
running build
running build_py
creating /workspace/LeapXELA_Hardware_ws/build/leap_to_leapXela/build
creating /workspace/LeapXELA_Hardware_ws/build/leap_to_leapXela/build/lib
creating /workspace/LeapXELA_Hardware_ws/build/leap_to_leapXela/build/lib/leap_to_leapXela
copying leap_to_leapXela/__init__.py -> /workspace/LeapXELA_Hardware_ws/build/leap_to_leapXela/build/lib/leap_to_leapXela
copying leap_to_leapXela/leapXela_subscriber.py -> /workspace/LeapXELA_Hardware_ws/build/leap_to_leapXela/build/lib/leap_to_leapXela
copying leap_to_leapXela/leap_publisher.py -> /workspace/LeapXELA_Hardware_ws/build/leap_to_leapXela/build/lib/leap_to_leapXela
creating /workspace/LeapXELA_Hardware_ws/build/leap_to_leapXela/build/lib/leap_to_leapXela/leapXela_right
copying leap_to_leapXela/leapXela_right/__init__.py -> /workspace/LeapXELA_Hardware_ws/build/leap_to_leapXela/build/lib/leap_to_leapXela/leapXela_right
copying leap_to_leapXela/leapXela_right/visulize_hand_node.py -> /workspace/LeapXELA_Hardware_ws/build/leap_to_leapXela/build/lib/leap_to_leapXela/leapXela_right
copying leap_to_leapXela/leapXela_right/visulize_finger_node.py -> /workspace/LeapXELA_Hardware_ws/build/leap_to_leapXela/build/lib/leap_to_leapXela/leapXela_right
copying leap_to_leapXela/leapXela_right/visulize_node.py -> /workspace/LeapXELA_Hardware_ws/build/leap_to_leapXela/build/lib/leap_to_leapXela/leapXela_right
copying leap_to_leapXela/leapXela_right/list_to_string.py -> /workspace/LeapXELA_Hardware_ws/build/leap_to_leapXela/build/lib/leap_to_leapXela/leapXela_right
copying leap_to_leapXela/leapXela_right/finger.py -> /workspace/LeapXELA_Hardware_ws/build/leap_to_leapXela/build/lib/leap_to_leapXela/leapXela_right
copying leap_to_leapXela/leapXela_right/visulize_palm_node.py -> /workspace/LeapXELA_Hardware_ws/build/leap_to_leapXela/build/lib/leap_to_leapXela/leapXela_right
copying leap_to_leapXela/leapXela_right/thumb.py -> /workspace/LeapXELA_Hardware_ws/build/leap_to_leapXela/build/lib/leap_to_leapXela/leapXela_right
copying leap_to_leapXela/leapXela_right/palm.py -> /workspace/LeapXELA_Hardware_ws/build/leap_to_leapXela/build/lib/leap_to_leapXela/leapXela_right
copying leap_to_leapXela/leapXela_right/visulize_thumb_node.py -> /workspace/LeapXELA_Hardware_ws/build/leap_to_leapXela/build/lib/leap_to_leapXela/leapXela_right
copying leap_to_leapXela/leapXela_right/hand.py -> /workspace/LeapXELA_Hardware_ws/build/leap_to_leapXela/build/lib/leap_to_leapXela/leapXela_right
creating /workspace/LeapXELA_Hardware_ws/build/leap_to_leapXela/build/lib/leap_to_leapXela/leap_hand_mesh_right
copying leap_to_leapXela/leap_hand_mesh_right/config.json -> /workspace/LeapXELA_Hardware_ws/build/leap_to_leapXela/build/lib/leap_to_leapXela/leap_hand_mesh_right
copying leap_to_leapXela/leap_hand_mesh_right/dip.part -> /workspace/LeapXELA_Hardware_ws/build/leap_to_leapXela/build/lib/leap_to_leapXela/leap_hand_mesh_right
copying leap_to_leapXela/leap_hand_mesh_right/dip.stl -> /workspace/LeapXELA_Hardware_ws/build/leap_to_leapXela/build/lib/leap_to_leapXela/leap_hand_mesh_right
copying leap_to_leapXela/leap_hand_mesh_right/fingertip.part -> /workspace/LeapXELA_Hardware_ws/build/leap_to_leapXela/build/lib/leap_to_leapXela/leap_hand_mesh_right
copying leap_to_leapXela/leap_hand_mesh_right/fingertip.stl -> /workspace/LeapXELA_Hardware_ws/build/leap_to_leapXela/build/lib/leap_to_leapXela/leap_hand_mesh_right
copying leap_to_leapXela/leap_hand_mesh_right/fingertip_old.stl -> /workspace/LeapXELA_Hardware_ws/build/leap_to_leapXela/build/lib/leap_to_leapXela/leap_hand_mesh_right
copying leap_to_leapXela/leap_hand_mesh_right/mcp_joint.part -> /workspace/LeapXELA_Hardware_ws/build/leap_to_leapXela/build/lib/leap_to_leapXela/leap_hand_mesh_right
copying leap_to_leapXela/leap_hand_mesh_right/mcp_joint.stl -> /workspace/LeapXELA_Hardware_ws/build/leap_to_leapXela/build/lib/leap_to_leapXela/leap_hand_mesh_right
copying leap_to_leapXela/leap_hand_mesh_right/palm_lower.part -> /workspace/LeapXELA_Hardware_ws/build/leap_to_leapXela/build/lib/leap_to_leapXela/leap_hand_mesh_right
copying leap_to_leapXela/leap_hand_mesh_right/palm_lower.stl -> /workspace/LeapXELA_Hardware_ws/build/leap_to_leapXela/build/lib/leap_to_leapXela/leap_hand_mesh_right
copying leap_to_leapXela/leap_hand_mesh_right/palm_lower_left.stl -> /workspace/LeapXELA_Hardware_ws/build/leap_to_leapXela/build/lib/leap_to_leapXela/leap_hand_mesh_right
copying leap_to_leapXela/leap_hand_mesh_right/palm_lower_left_old.stl -> /workspace/LeapXELA_Hardware_ws/build/leap_to_leapXela/build/lib/leap_to_leapXela/leap_hand_mesh_right
copying leap_to_leapXela/leap_hand_mesh_right/pip.part -> /workspace/LeapXELA_Hardware_ws/build/leap_to_leapXela/build/lib/leap_to_leapXela/leap_hand_mesh_right
copying leap_to_leapXela/leap_hand_mesh_right/pip.stl -> /workspace/LeapXELA_Hardware_ws/build/leap_to_leapXela/build/lib/leap_to_leapXela/leap_hand_mesh_right
copying leap_to_leapXela/leap_hand_mesh_right/robot.urdf -> /workspace/LeapXELA_Hardware_ws/build/leap_to_leapXela/build/lib/leap_to_leapXela/leap_hand_mesh_right
copying leap_to_leapXela/leap_hand_mesh_right/robot_pybullet.urdf -> /workspace/LeapXELA_Hardware_ws/build/leap_to_leapXela/build/lib/leap_to_leapXela/leap_hand_mesh_right
copying leap_to_leapXela/leap_hand_mesh_right/thumb_dip.part -> /workspace/LeapXELA_Hardware_ws/build/leap_to_leapXela/build/lib/leap_to_leapXela/leap_hand_mesh_right
copying leap_to_leapXela/leap_hand_mesh_right/thumb_dip.stl -> /workspace/LeapXELA_Hardware_ws/build/leap_to_leapXela/build/lib/leap_to_leapXela/leap_hand_mesh_right
copying leap_to_leapXela/leap_hand_mesh_right/thumb_fingertip.part -> /workspace/LeapXELA_Hardware_ws/build/leap_to_leapXela/build/lib/leap_to_leapXela/leap_hand_mesh_right
copying leap_to_leapXela/leap_hand_mesh_right/thumb_fingertip.stl -> /workspace/LeapXELA_Hardware_ws/build/leap_to_leapXela/build/lib/leap_to_leapXela/leap_hand_mesh_right
copying leap_to_leapXela/leap_hand_mesh_right/thumb_fingertip_old.stl -> /workspace/LeapXELA_Hardware_ws/build/leap_to_leapXela/build/lib/leap_to_leapXela/leap_hand_mesh_right
copying leap_to_leapXela/leap_hand_mesh_right/thumb_pip.part -> /workspace/LeapXELA_Hardware_ws/build/leap_to_leapXela/build/lib/leap_to_leapXela/leap_hand_mesh_right
copying leap_to_leapXela/leap_hand_mesh_right/thumb_pip.stl -> /workspace/LeapXELA_Hardware_ws/build/leap_to_leapXela/build/lib/leap_to_leapXela/leap_hand_mesh_right
copying leap_to_leapXela/leapXela_right/palm.urdf -> /workspace/LeapXELA_Hardware_ws/build/leap_to_leapXela/build/lib/leap_to_leapXela/leapXela_right
copying leap_to_leapXela/leapXela_right/finger.urdf -> /workspace/LeapXELA_Hardware_ws/build/leap_to_leapXela/build/lib/leap_to_leapXela/leapXela_right
copying leap_to_leapXela/leapXela_right/thumb.urdf -> /workspace/LeapXELA_Hardware_ws/build/leap_to_leapXela/build/lib/leap_to_leapXela/leapXela_right
copying leap_to_leapXela/leapXela_right/robot.urdf -> /workspace/LeapXELA_Hardware_ws/build/leap_to_leapXela/build/lib/leap_to_leapXela/leapXela_right
copying leap_to_leapXela/leapXela_right/hand.urdf -> /workspace/LeapXELA_Hardware_ws/build/leap_to_leapXela/build/lib/leap_to_leapXela/leapXela_right
copying leap_to_leapXela/leapXela_right/config.json -> /workspace/LeapXELA_Hardware_ws/build/leap_to_leapXela/build/lib/leap_to_leapXela/leapXela_right
creating /workspace/LeapXELA_Hardware_ws/build/leap_to_leapXela/build/lib/leap_to_leapXela/leapXela_right/assets
copying leap_to_leapXela/leapXela_right/assets/fingertop_unfied.part -> /workspace/LeapXELA_Hardware_ws/build/leap_to_leapXela/build/lib/leap_to_leapXela/leapXela_right/assets
copying leap_to_leapXela/leapXela_right/assets/p4_unified.stl -> /workspace/LeapXELA_Hardware_ws/build/leap_to_leapXela/build/lib/leap_to_leapXela/leapXela_right/assets
copying leap_to_leapXela/leapXela_right/assets/thp0_unified.stl -> /workspace/LeapXELA_Hardware_ws/build/leap_to_leapXela/build/lib/leap_to_leapXela/leapXela_right/assets
copying leap_to_leapXela/leapXela_right/assets/fingertop_unfied.stl -> /workspace/LeapXELA_Hardware_ws/build/leap_to_leapXela/build/lib/leap_to_leapXela/leapXela_right/assets
copying leap_to_leapXela/leapXela_right/assets/p5_unified.stl -> /workspace/LeapXELA_Hardware_ws/build/leap_to_leapXela/build/lib/leap_to_leapXela/leapXela_right/assets
copying leap_to_leapXela/leapXela_right/assets/palm_face.part -> /workspace/LeapXELA_Hardware_ws/build/leap_to_leapXela/build/lib/leap_to_leapXela/leapXela_right/assets
copying leap_to_leapXela/leapXela_right/assets/thfingertip_unified.part -> /workspace/LeapXELA_Hardware_ws/build/leap_to_leapXela/build/lib/leap_to_leapXela/leapXela_right/assets
copying leap_to_leapXela/leapXela_right/assets/thconnector.stl -> /workspace/LeapXELA_Hardware_ws/build/leap_to_leapXela/build/lib/leap_to_leapXela/leapXela_right/assets
copying leap_to_leapXela/leapXela_right/assets/p3_unified.part -> /workspace/LeapXELA_Hardware_ws/build/leap_to_leapXela/build/lib/leap_to_leapXela/leapXela_right/assets
copying leap_to_leapXela/leapXela_right/assets/thp1_unified.part -> /workspace/LeapXELA_Hardware_ws/build/leap_to_leapXela/build/lib/leap_to_leapXela/leapXela_right/assets
copying leap_to_leapXela/leapXela_right/assets/top_palm.stl -> /workspace/LeapXELA_Hardware_ws/build/leap_to_leapXela/build/lib/leap_to_leapXela/leapXela_right/assets
copying leap_to_leapXela/leapXela_right/assets/leap_hand_xela_motorholder.part -> /workspace/LeapXELA_Hardware_ws/build/leap_to_leapXela/build/lib/leap_to_leapXela/leapXela_right/assets
copying leap_to_leapXela/leapXela_right/assets/clipper.part -> /workspace/LeapXELA_Hardware_ws/build/leap_to_leapXela/build/lib/leap_to_leapXela/leapXela_right/assets
copying leap_to_leapXela/leapXela_right/assets/uspa46.stl -> /workspace/LeapXELA_Hardware_ws/build/leap_to_leapXela/build/lib/leap_to_leapXela/leapXela_right/assets
copying leap_to_leapXela/leapXela_right/assets/leap_hand_xela_motorholder.stl -> /workspace/LeapXELA_Hardware_ws/build/leap_to_leapXela/build/lib/leap_to_leapXela/leapXela_right/assets
copying leap_to_leapXela/leapXela_right/assets/leap_hand_xela_bottom.stl -> /workspace/LeapXELA_Hardware_ws/build/leap_to_leapXela/build/lib/leap_to_leapXela/leapXela_right/assets
copying leap_to_leapXela/leapXela_right/assets/leap_hand_xela_side_cover.stl -> /workspace/LeapXELA_Hardware_ws/build/leap_to_leapXela/build/lib/leap_to_leapXela/leapXela_right/assets
copying leap_to_leapXela/leapXela_right/assets/p5_unified.part -> /workspace/LeapXELA_Hardware_ws/build/leap_to_leapXela/build/lib/leap_to_leapXela/leapXela_right/assets
copying leap_to_leapXela/leapXela_right/assets/p4_unified.part -> /workspace/LeapXELA_Hardware_ws/build/leap_to_leapXela/build/lib/leap_to_leapXela/leapXela_right/assets
copying leap_to_leapXela/leapXela_right/assets/leap_hand_xela_side_cover.part -> /workspace/LeapXELA_Hardware_ws/build/leap_to_leapXela/build/lib/leap_to_leapXela/leapXela_right/assets
copying leap_to_leapXela/leapXela_right/assets/clipper.stl -> /workspace/LeapXELA_Hardware_ws/build/leap_to_leapXela/build/lib/leap_to_leapXela/leapXela_right/assets
copying leap_to_leapXela/leapXela_right/assets/uspa46.part -> /workspace/LeapXELA_Hardware_ws/build/leap_to_leapXela/build/lib/leap_to_leapXela/leapXela_right/assets
copying leap_to_leapXela/leapXela_right/assets/thfingertip_unified.stl -> /workspace/LeapXELA_Hardware_ws/build/leap_to_leapXela/build/lib/leap_to_leapXela/leapXela_right/assets
copying leap_to_leapXela/leapXela_right/assets/leap_hand_xela_back_cover.stl -> /workspace/LeapXELA_Hardware_ws/build/leap_to_leapXela/build/lib/leap_to_leapXela/leapXela_right/assets
copying leap_to_leapXela/leapXela_right/assets/top_palm.part -> /workspace/LeapXELA_Hardware_ws/build/leap_to_leapXela/build/lib/leap_to_leapXela/leapXela_right/assets
copying leap_to_leapXela/leapXela_right/assets/palm_face.stl -> /workspace/LeapXELA_Hardware_ws/build/leap_to_leapXela/build/lib/leap_to_leapXela/leapXela_right/assets
copying leap_to_leapXela/leapXela_right/assets/thp1_unified.stl -> /workspace/LeapXELA_Hardware_ws/build/leap_to_leapXela/build/lib/leap_to_leapXela/leapXela_right/assets
copying leap_to_leapXela/leapXela_right/assets/thconnector.part -> /workspace/LeapXELA_Hardware_ws/build/leap_to_leapXela/build/lib/leap_to_leapXela/leapXela_right/assets
copying leap_to_leapXela/leapXela_right/assets/thp0_unified.part -> /workspace/LeapXELA_Hardware_ws/build/leap_to_leapXela/build/lib/leap_to_leapXela/leapXela_right/assets
copying leap_to_leapXela/leapXela_right/assets/leap_hand_xela_back_cover.part -> /workspace/LeapXELA_Hardware_ws/build/leap_to_leapXela/build/lib/leap_to_leapXela/leapXela_right/assets
copying leap_to_leapXela/leapXela_right/assets/p3_unified.stl -> /workspace/LeapXELA_Hardware_ws/build/leap_to_leapXela/build/lib/leap_to_leapXela/leapXela_right/assets
copying leap_to_leapXela/leapXela_right/assets/leap_hand_xela_bottom.part -> /workspace/LeapXELA_Hardware_ws/build/leap_to_leapXela/build/lib/leap_to_leapXela/leapXela_right/assets
copying leap_to_leapXela/leapXela_right/assets/thp2_unified.stl -> /workspace/LeapXELA_Hardware_ws/build/leap_to_leapXela/build/lib/leap_to_leapXela/leapXela_right/assets
copying leap_to_leapXela/leapXela_right/assets/p2_unified.stl -> /workspace/LeapXELA_Hardware_ws/build/leap_to_leapXela/build/lib/leap_to_leapXela/leapXela_right/assets
copying leap_to_leapXela/leapXela_right/assets/p2_unified.part -> /workspace/LeapXELA_Hardware_ws/build/leap_to_leapXela/build/lib/leap_to_leapXela/leapXela_right/assets
copying leap_to_leapXela/leapXela_right/assets/thp2_unified.part -> /workspace/LeapXELA_Hardware_ws/build/leap_to_leapXela/build/lib/leap_to_leapXela/leapXela_right/assets
running install
running install_lib
creating /workspace/LeapXELA_Hardware_ws/install/leap_to_leapXela/lib/python3.10/site-packages/leap_to_leapXela
copying /workspace/LeapXELA_Hardware_ws/build/leap_to_leapXela/build/lib/leap_to_leapXela/__init__.py -> /workspace/LeapXELA_Hardware_ws/install/leap_to_leapXela/lib/python3.10/site-packages/leap_to_leapXela
copying /workspace/LeapXELA_Hardware_ws/build/leap_to_leapXela/build/lib/leap_to_leapXela/leapXela_subscriber.py -> /workspace/LeapXELA_Hardware_ws/install/leap_to_leapXela/lib/python3.10/site-packages/leap_to_leapXela
creating /workspace/LeapXELA_Hardware_ws/install/leap_to_leapXela/lib/python3.10/site-packages/leap_to_leapXela/leap_hand_mesh_right
copying /workspace/LeapXELA_Hardware_ws/build/leap_to_leapXela/build/lib/leap_to_leapXela/leap_hand_mesh_right/thumb_pip.part -> /workspace/LeapXELA_Hardware_ws/install/leap_to_leapXela/lib/python3.10/site-packages/leap_to_leapXela/leap_hand_mesh_right
copying /workspace/LeapXELA_Hardware_ws/build/leap_to_leapXela/build/lib/leap_to_leapXela/leap_hand_mesh_right/fingertip_old.stl -> /workspace/LeapXELA_Hardware_ws/install/leap_to_leapXela/lib/python3.10/site-packages/leap_to_leapXela/leap_hand_mesh_right
copying /workspace/LeapXELA_Hardware_ws/build/leap_to_leapXela/build/lib/leap_to_leapXela/leap_hand_mesh_right/fingertip.stl -> /workspace/LeapXELA_Hardware_ws/install/leap_to_leapXela/lib/python3.10/site-packages/leap_to_leapXela/leap_hand_mesh_right
copying /workspace/LeapXELA_Hardware_ws/build/leap_to_leapXela/build/lib/leap_to_leapXela/leap_hand_mesh_right/palm_lower_left.stl -> /workspace/LeapXELA_Hardware_ws/install/leap_to_leapXela/lib/python3.10/site-packages/leap_to_leapXela/leap_hand_mesh_right
copying /workspace/LeapXELA_Hardware_ws/build/leap_to_leapXela/build/lib/leap_to_leapXela/leap_hand_mesh_right/palm_lower.stl -> /workspace/LeapXELA_Hardware_ws/install/leap_to_leapXela/lib/python3.10/site-packages/leap_to_leapXela/leap_hand_mesh_right
copying /workspace/LeapXELA_Hardware_ws/build/leap_to_leapXela/build/lib/leap_to_leapXela/leap_hand_mesh_right/dip.part -> /workspace/LeapXELA_Hardware_ws/install/leap_to_leapXela/lib/python3.10/site-packages/leap_to_leapXela/leap_hand_mesh_right
copying /workspace/LeapXELA_Hardware_ws/build/leap_to_leapXela/build/lib/leap_to_leapXela/leap_hand_mesh_right/palm_lower.part -> /workspace/LeapXELA_Hardware_ws/install/leap_to_leapXela/lib/python3.10/site-packages/leap_to_leapXela/leap_hand_mesh_right
copying /workspace/LeapXELA_Hardware_ws/build/leap_to_leapXela/build/lib/leap_to_leapXela/leap_hand_mesh_right/fingertip.part -> /workspace/LeapXELA_Hardware_ws/install/leap_to_leapXela/lib/python3.10/site-packages/leap_to_leapXela/leap_hand_mesh_right
copying /workspace/LeapXELA_Hardware_ws/build/leap_to_leapXela/build/lib/leap_to_leapXela/leap_hand_mesh_right/robot.urdf -> /workspace/LeapXELA_Hardware_ws/install/leap_to_leapXela/lib/python3.10/site-packages/leap_to_leapXela/leap_hand_mesh_right
copying /workspace/LeapXELA_Hardware_ws/build/leap_to_leapXela/build/lib/leap_to_leapXela/leap_hand_mesh_right/pip.stl -> /workspace/LeapXELA_Hardware_ws/install/leap_to_leapXela/lib/python3.10/site-packages/leap_to_leapXela/leap_hand_mesh_right
copying /workspace/LeapXELA_Hardware_ws/build/leap_to_leapXela/build/lib/leap_to_leapXela/leap_hand_mesh_right/thumb_fingertip.part -> /workspace/LeapXELA_Hardware_ws/install/leap_to_leapXela/lib/python3.10/site-packages/leap_to_leapXela/leap_hand_mesh_right
copying /workspace/LeapXELA_Hardware_ws/build/leap_to_leapXela/build/lib/leap_to_leapXela/leap_hand_mesh_right/mcp_joint.stl -> /workspace/LeapXELA_Hardware_ws/install/leap_to_leapXela/lib/python3.10/site-packages/leap_to_leapXela/leap_hand_mesh_right
copying /workspace/LeapXELA_Hardware_ws/build/leap_to_leapXela/build/lib/leap_to_leapXela/leap_hand_mesh_right/thumb_dip.stl -> /workspace/LeapXELA_Hardware_ws/install/leap_to_leapXela/lib/python3.10/site-packages/leap_to_leapXela/leap_hand_mesh_right
copying /workspace/LeapXELA_Hardware_ws/build/leap_to_leapXela/build/lib/leap_to_leapXela/leap_hand_mesh_right/config.json -> /workspace/LeapXELA_Hardware_ws/install/leap_to_leapXela/lib/python3.10/site-packages/leap_to_leapXela/leap_hand_mesh_right
copying /workspace/LeapXELA_Hardware_ws/build/leap_to_leapXela/build/lib/leap_to_leapXela/leap_hand_mesh_right/pip.part -> /workspace/LeapXELA_Hardware_ws/install/leap_to_leapXela/lib/python3.10/site-packages/leap_to_leapXela/leap_hand_mesh_right
copying /workspace/LeapXELA_Hardware_ws/build/leap_to_leapXela/build/lib/leap_to_leapXela/leap_hand_mesh_right/robot_pybullet.urdf -> /workspace/LeapXELA_Hardware_ws/install/leap_to_leapXela/lib/python3.10/site-packages/leap_to_leapXela/leap_hand_mesh_right
copying /workspace/LeapXELA_Hardware_ws/build/leap_to_leapXela/build/lib/leap_to_leapXela/leap_hand_mesh_right/palm_lower_left_old.stl -> /workspace/LeapXELA_Hardware_ws/install/leap_to_leapXela/lib/python3.10/site-packages/leap_to_leapXela/leap_hand_mesh_right
copying /workspace/LeapXELA_Hardware_ws/build/leap_to_leapXela/build/lib/leap_to_leapXela/leap_hand_mesh_right/thumb_dip.part -> /workspace/LeapXELA_Hardware_ws/install/leap_to_leapXela/lib/python3.10/site-packages/leap_to_leapXela/leap_hand_mesh_right
copying /workspace/LeapXELA_Hardware_ws/build/leap_to_leapXela/build/lib/leap_to_leapXela/leap_hand_mesh_right/thumb_fingertip_old.stl -> /workspace/LeapXELA_Hardware_ws/install/leap_to_leapXela/lib/python3.10/site-packages/leap_to_leapXela/leap_hand_mesh_right
copying /workspace/LeapXELA_Hardware_ws/build/leap_to_leapXela/build/lib/leap_to_leapXela/leap_hand_mesh_right/dip.stl -> /workspace/LeapXELA_Hardware_ws/install/leap_to_leapXela/lib/python3.10/site-packages/leap_to_leapXela/leap_hand_mesh_right
copying /workspace/LeapXELA_Hardware_ws/build/leap_to_leapXela/build/lib/leap_to_leapXela/leap_hand_mesh_right/thumb_fingertip.stl -> /workspace/LeapXELA_Hardware_ws/install/leap_to_leapXela/lib/python3.10/site-packages/leap_to_leapXela/leap_hand_mesh_right
copying /workspace/LeapXELA_Hardware_ws/build/leap_to_leapXela/build/lib/leap_to_leapXela/leap_hand_mesh_right/thumb_pip.stl -> /workspace/LeapXELA_Hardware_ws/install/leap_to_leapXela/lib/python3.10/site-packages/leap_to_leapXela/leap_hand_mesh_right
copying /workspace/LeapXELA_Hardware_ws/build/leap_to_leapXela/build/lib/leap_to_leapXela/leap_hand_mesh_right/mcp_joint.part -> /workspace/LeapXELA_Hardware_ws/install/leap_to_leapXela/lib/python3.10/site-packages/leap_to_leapXela/leap_hand_mesh_right
copying /workspace/LeapXELA_Hardware_ws/build/leap_to_leapXela/build/lib/leap_to_leapXela/leap_publisher.py -> /workspace/LeapXELA_Hardware_ws/install/leap_to_leapXela/lib/python3.10/site-packages/leap_to_leapXela
creating /workspace/LeapXELA_Hardware_ws/install/leap_to_leapXela/lib/python3.10/site-packages/leap_to_leapXela/leapXela_right
copying /workspace/LeapXELA_Hardware_ws/build/leap_to_leapXela/build/lib/leap_to_leapXela/leapXela_right/__init__.py -> /workspace/LeapXELA_Hardware_ws/install/leap_to_leapXela/lib/python3.10/site-packages/leap_to_leapXela/leapXela_right
copying /workspace/LeapXELA_Hardware_ws/build/leap_to_leapXela/build/lib/leap_to_leapXela/leapXela_right/palm.urdf -> /workspace/LeapXELA_Hardware_ws/install/leap_to_leapXela/lib/python3.10/site-packages/leap_to_leapXela/leapXela_right
copying /workspace/LeapXELA_Hardware_ws/build/leap_to_leapXela/build/lib/leap_to_leapXela/leapXela_right/finger.urdf -> /workspace/LeapXELA_Hardware_ws/install/leap_to_leapXela/lib/python3.10/site-packages/leap_to_leapXela/leapXela_right
copying /workspace/LeapXELA_Hardware_ws/build/leap_to_leapXela/build/lib/leap_to_leapXela/leapXela_right/visulize_hand_node.py -> /workspace/LeapXELA_Hardware_ws/install/leap_to_leapXela/lib/python3.10/site-packages/leap_to_leapXela/leapXela_right
copying /workspace/LeapXELA_Hardware_ws/build/leap_to_leapXela/build/lib/leap_to_leapXela/leapXela_right/thumb.urdf -> /workspace/LeapXELA_Hardware_ws/install/leap_to_leapXela/lib/python3.10/site-packages/leap_to_leapXela/leapXela_right
creating /workspace/LeapXELA_Hardware_ws/install/leap_to_leapXela/lib/python3.10/site-packages/leap_to_leapXela/leapXela_right/assets
copying /workspace/LeapXELA_Hardware_ws/build/leap_to_leapXela/build/lib/leap_to_leapXela/leapXela_right/assets/fingertop_unfied.part -> /workspace/LeapXELA_Hardware_ws/install/leap_to_leapXela/lib/python3.10/site-packages/leap_to_leapXela/leapXela_right/assets
copying /workspace/LeapXELA_Hardware_ws/build/leap_to_leapXela/build/lib/leap_to_leapXela/leapXela_right/assets/p4_unified.stl -> /workspace/LeapXELA_Hardware_ws/install/leap_to_leapXela/lib/python3.10/site-packages/leap_to_leapXela/leapXela_right/assets
copying /workspace/LeapXELA_Hardware_ws/build/leap_to_leapXela/build/lib/leap_to_leapXela/leapXela_right/assets/thp0_unified.stl -> /workspace/LeapXELA_Hardware_ws/install/leap_to_leapXela/lib/python3.10/site-packages/leap_to_leapXela/leapXela_right/assets
copying /workspace/LeapXELA_Hardware_ws/build/leap_to_leapXela/build/lib/leap_to_leapXela/leapXela_right/assets/fingertop_unfied.stl -> /workspace/LeapXELA_Hardware_ws/install/leap_to_leapXela/lib/python3.10/site-packages/leap_to_leapXela/leapXela_right/assets
copying /workspace/LeapXELA_Hardware_ws/build/leap_to_leapXela/build/lib/leap_to_leapXela/leapXela_right/assets/p5_unified.stl -> /workspace/LeapXELA_Hardware_ws/install/leap_to_leapXela/lib/python3.10/site-packages/leap_to_leapXela/leapXela_right/assets
copying /workspace/LeapXELA_Hardware_ws/build/leap_to_leapXela/build/lib/leap_to_leapXela/leapXela_right/assets/palm_face.part -> /workspace/LeapXELA_Hardware_ws/install/leap_to_leapXela/lib/python3.10/site-packages/leap_to_leapXela/leapXela_right/assets
copying /workspace/LeapXELA_Hardware_ws/build/leap_to_leapXela/build/lib/leap_to_leapXela/leapXela_right/assets/thfingertip_unified.part -> /workspace/LeapXELA_Hardware_ws/install/leap_to_leapXela/lib/python3.10/site-packages/leap_to_leapXela/leapXela_right/assets
copying /workspace/LeapXELA_Hardware_ws/build/leap_to_leapXela/build/lib/leap_to_leapXela/leapXela_right/assets/thconnector.stl -> /workspace/LeapXELA_Hardware_ws/install/leap_to_leapXela/lib/python3.10/site-packages/leap_to_leapXela/leapXela_right/assets
copying /workspace/LeapXELA_Hardware_ws/build/leap_to_leapXela/build/lib/leap_to_leapXela/leapXela_right/assets/p3_unified.part -> /workspace/LeapXELA_Hardware_ws/install/leap_to_leapXela/lib/python3.10/site-packages/leap_to_leapXela/leapXela_right/assets
copying /workspace/LeapXELA_Hardware_ws/build/leap_to_leapXela/build/lib/leap_to_leapXela/leapXela_right/assets/thp1_unified.part -> /workspace/LeapXELA_Hardware_ws/install/leap_to_leapXela/lib/python3.10/site-packages/leap_to_leapXela/leapXela_right/assets
copying /workspace/LeapXELA_Hardware_ws/build/leap_to_leapXela/build/lib/leap_to_leapXela/leapXela_right/assets/top_palm.stl -> /workspace/LeapXELA_Hardware_ws/install/leap_to_leapXela/lib/python3.10/site-packages/leap_to_leapXela/leapXela_right/assets
copying /workspace/LeapXELA_Hardware_ws/build/leap_to_leapXela/build/lib/leap_to_leapXela/leapXela_right/assets/leap_hand_xela_motorholder.part -> /workspace/LeapXELA_Hardware_ws/install/leap_to_leapXela/lib/python3.10/site-packages/leap_to_leapXela/leapXela_right/assets
copying /workspace/LeapXELA_Hardware_ws/build/leap_to_leapXela/build/lib/leap_to_leapXela/leapXela_right/assets/clipper.part -> /workspace/LeapXELA_Hardware_ws/install/leap_to_leapXela/lib/python3.10/site-packages/leap_to_leapXela/leapXela_right/assets
copying /workspace/LeapXELA_Hardware_ws/build/leap_to_leapXela/build/lib/leap_to_leapXela/leapXela_right/assets/uspa46.stl -> /workspace/LeapXELA_Hardware_ws/install/leap_to_leapXela/lib/python3.10/site-packages/leap_to_leapXela/leapXela_right/assets
copying /workspace/LeapXELA_Hardware_ws/build/leap_to_leapXela/build/lib/leap_to_leapXela/leapXela_right/assets/leap_hand_xela_motorholder.stl -> /workspace/LeapXELA_Hardware_ws/install/leap_to_leapXela/lib/python3.10/site-packages/leap_to_leapXela/leapXela_right/assets
copying /workspace/LeapXELA_Hardware_ws/build/leap_to_leapXela/build/lib/leap_to_leapXela/leapXela_right/assets/leap_hand_xela_bottom.stl -> /workspace/LeapXELA_Hardware_ws/install/leap_to_leapXela/lib/python3.10/site-packages/leap_to_leapXela/leapXela_right/assets
copying /workspace/LeapXELA_Hardware_ws/build/leap_to_leapXela/build/lib/leap_to_leapXela/leapXela_right/assets/leap_hand_xela_side_cover.stl -> /workspace/LeapXELA_Hardware_ws/install/leap_to_leapXela/lib/python3.10/site-packages/leap_to_leapXela/leapXela_right/assets
copying /workspace/LeapXELA_Hardware_ws/build/leap_to_leapXela/build/lib/leap_to_leapXela/leapXela_right/assets/p5_unified.part -> /workspace/LeapXELA_Hardware_ws/install/leap_to_leapXela/lib/python3.10/site-packages/leap_to_leapXela/leapXela_right/assets
copying /workspace/LeapXELA_Hardware_ws/build/leap_to_leapXela/build/lib/leap_to_leapXela/leapXela_right/assets/p4_unified.part -> /workspace/LeapXELA_Hardware_ws/install/leap_to_leapXela/lib/python3.10/site-packages/leap_to_leapXela/leapXela_right/assets
copying /workspace/LeapXELA_Hardware_ws/build/leap_to_leapXela/build/lib/leap_to_leapXela/leapXela_right/assets/leap_hand_xela_side_cover.part -> /workspace/LeapXELA_Hardware_ws/install/leap_to_leapXela/lib/python3.10/site-packages/leap_to_leapXela/leapXela_right/assets
copying /workspace/LeapXELA_Hardware_ws/build/leap_to_leapXela/build/lib/leap_to_leapXela/leapXela_right/assets/clipper.stl -> /workspace/LeapXELA_Hardware_ws/install/leap_to_leapXela/lib/python3.10/site-packages/leap_to_leapXela/leapXela_right/assets
copying /workspace/LeapXELA_Hardware_ws/build/leap_to_leapXela/build/lib/leap_to_leapXela/leapXela_right/assets/uspa46.part -> /workspace/LeapXELA_Hardware_ws/install/leap_to_leapXela/lib/python3.10/site-packages/leap_to_leapXela/leapXela_right/assets
copying /workspace/LeapXELA_Hardware_ws/build/leap_to_leapXela/build/lib/leap_to_leapXela/leapXela_right/assets/thfingertip_unified.stl -> /workspace/LeapXELA_Hardware_ws/install/leap_to_leapXela/lib/python3.10/site-packages/leap_to_leapXela/leapXela_right/assets
copying /workspace/LeapXELA_Hardware_ws/build/leap_to_leapXela/build/lib/leap_to_leapXela/leapXela_right/assets/leap_hand_xela_back_cover.stl -> /workspace/LeapXELA_Hardware_ws/install/leap_to_leapXela/lib/python3.10/site-packages/leap_to_leapXela/leapXela_right/assets
copying /workspace/LeapXELA_Hardware_ws/build/leap_to_leapXela/build/lib/leap_to_leapXela/leapXela_right/assets/top_palm.part -> /workspace/LeapXELA_Hardware_ws/install/leap_to_leapXela/lib/python3.10/site-packages/leap_to_leapXela/leapXela_right/assets
copying /workspace/LeapXELA_Hardware_ws/build/leap_to_leapXela/build/lib/leap_to_leapXela/leapXela_right/assets/palm_face.stl -> /workspace/LeapXELA_Hardware_ws/install/leap_to_leapXela/lib/python3.10/site-packages/leap_to_leapXela/leapXela_right/assets
copying /workspace/LeapXELA_Hardware_ws/build/leap_to_leapXela/build/lib/leap_to_leapXela/leapXela_right/assets/thp1_unified.stl -> /workspace/LeapXELA_Hardware_ws/install/leap_to_leapXela/lib/python3.10/site-packages/leap_to_leapXela/leapXela_right/assets
copying /workspace/LeapXELA_Hardware_ws/build/leap_to_leapXela/build/lib/leap_to_leapXela/leapXela_right/assets/thconnector.part -> /workspace/LeapXELA_Hardware_ws/install/leap_to_leapXela/lib/python3.10/site-packages/leap_to_leapXela/leapXela_right/assets
copying /workspace/LeapXELA_Hardware_ws/build/leap_to_leapXela/build/lib/leap_to_leapXela/leapXela_right/assets/thp0_unified.part -> /workspace/LeapXELA_Hardware_ws/install/leap_to_leapXela/lib/python3.10/site-packages/leap_to_leapXela/leapXela_right/assets
copying /workspace/LeapXELA_Hardware_ws/build/leap_to_leapXela/build/lib/leap_to_leapXela/leapXela_right/assets/leap_hand_xela_back_cover.part -> /workspace/LeapXELA_Hardware_ws/install/leap_to_leapXela/lib/python3.10/site-packages/leap_to_leapXela/leapXela_right/assets
copying /workspace/LeapXELA_Hardware_ws/build/leap_to_leapXela/build/lib/leap_to_leapXela/leapXela_right/assets/p3_unified.stl -> /workspace/LeapXELA_Hardware_ws/install/leap_to_leapXela/lib/python3.10/site-packages/leap_to_leapXela/leapXela_right/assets
copying /workspace/LeapXELA_Hardware_ws/build/leap_to_leapXela/build/lib/leap_to_leapXela/leapXela_right/assets/leap_hand_xela_bottom.part -> /workspace/LeapXELA_Hardware_ws/install/leap_to_leapXela/lib/python3.10/site-packages/leap_to_leapXela/leapXela_right/assets
copying /workspace/LeapXELA_Hardware_ws/build/leap_to_leapXela/build/lib/leap_to_leapXela/leapXela_right/assets/thp2_unified.stl -> /workspace/LeapXELA_Hardware_ws/install/leap_to_leapXela/lib/python3.10/site-packages/leap_to_leapXela/leapXela_right/assets
copying /workspace/LeapXELA_Hardware_ws/build/leap_to_leapXela/build/lib/leap_to_leapXela/leapXela_right/assets/p2_unified.stl -> /workspace/LeapXELA_Hardware_ws/install/leap_to_leapXela/lib/python3.10/site-packages/leap_to_leapXela/leapXela_right/assets
copying /workspace/LeapXELA_Hardware_ws/build/leap_to_leapXela/build/lib/leap_to_leapXela/leapXela_right/assets/p2_unified.part -> /workspace/LeapXELA_Hardware_ws/install/leap_to_leapXela/lib/python3.10/site-packages/leap_to_leapXela/leapXela_right/assets
copying /workspace/LeapXELA_Hardware_ws/build/leap_to_leapXela/build/lib/leap_to_leapXela/leapXela_right/assets/thp2_unified.part -> /workspace/LeapXELA_Hardware_ws/install/leap_to_leapXela/lib/python3.10/site-packages/leap_to_leapXela/leapXela_right/assets
copying /workspace/LeapXELA_Hardware_ws/build/leap_to_leapXela/build/lib/leap_to_leapXela/leapXela_right/robot.urdf -> /workspace/LeapXELA_Hardware_ws/install/leap_to_leapXela/lib/python3.10/site-packages/leap_to_leapXela/leapXela_right
copying /workspace/LeapXELA_Hardware_ws/build/leap_to_leapXela/build/lib/leap_to_leapXela/leapXela_right/visulize_finger_node.py -> /workspace/LeapXELA_Hardware_ws/install/leap_to_leapXela/lib/python3.10/site-packages/leap_to_leapXela/leapXela_right
copying /workspace/LeapXELA_Hardware_ws/build/leap_to_leapXela/build/lib/leap_to_leapXela/leapXela_right/visulize_node.py -> /workspace/LeapXELA_Hardware_ws/install/leap_to_leapXela/lib/python3.10/site-packages/leap_to_leapXela/leapXela_right
copying /workspace/LeapXELA_Hardware_ws/build/leap_to_leapXela/build/lib/leap_to_leapXela/leapXela_right/config.json -> /workspace/LeapXELA_Hardware_ws/install/leap_to_leapXela/lib/python3.10/site-packages/leap_to_leapXela/leapXela_right
copying /workspace/LeapXELA_Hardware_ws/build/leap_to_leapXela/build/lib/leap_to_leapXela/leapXela_right/list_to_string.py -> /workspace/LeapXELA_Hardware_ws/install/leap_to_leapXela/lib/python3.10/site-packages/leap_to_leapXela/leapXela_right
copying /workspace/LeapXELA_Hardware_ws/build/leap_to_leapXela/build/lib/leap_to_leapXela/leapXela_right/finger.py -> /workspace/LeapXELA_Hardware_ws/install/leap_to_leapXela/lib/python3.10/site-packages/leap_to_leapXela/leapXela_right
copying /workspace/LeapXELA_Hardware_ws/build/leap_to_leapXela/build/lib/leap_to_leapXela/leapXela_right/visulize_palm_node.py -> /workspace/LeapXELA_Hardware_ws/install/leap_to_leapXela/lib/python3.10/site-packages/leap_to_leapXela/leapXela_right
copying /workspace/LeapXELA_Hardware_ws/build/leap_to_leapXela/build/lib/leap_to_leapXela/leapXela_right/thumb.py -> /workspace/LeapXELA_Hardware_ws/install/leap_to_leapXela/lib/python3.10/site-packages/leap_to_leapXela/leapXela_right
copying /workspace/LeapXELA_Hardware_ws/build/leap_to_leapXela/build/lib/leap_to_leapXela/leapXela_right/palm.py -> /workspace/LeapXELA_Hardware_ws/install/leap_to_leapXela/lib/python3.10/site-packages/leap_to_leapXela/leapXela_right
copying /workspace/LeapXELA_Hardware_ws/build/leap_to_leapXela/build/lib/leap_to_leapXela/leapXela_right/visulize_thumb_node.py -> /workspace/LeapXELA_Hardware_ws/install/leap_to_leapXela/lib/python3.10/site-packages/leap_to_leapXela/leapXela_right
copying /workspace/LeapXELA_Hardware_ws/build/leap_to_leapXela/build/lib/leap_to_leapXela/leapXela_right/hand.py -> /workspace/LeapXELA_Hardware_ws/install/leap_to_leapXela/lib/python3.10/site-packages/leap_to_leapXela/leapXela_right
copying /workspace/LeapXELA_Hardware_ws/build/leap_to_leapXela/build/lib/leap_to_leapXela/leapXela_right/hand.urdf -> /workspace/LeapXELA_Hardware_ws/install/leap_to_leapXela/lib/python3.10/site-packages/leap_to_leapXela/leapXela_right
byte-compiling /workspace/LeapXELA_Hardware_ws/install/leap_to_leapXela/lib/python3.10/site-packages/leap_to_leapXela/__init__.py to __init__.cpython-310.pyc
byte-compiling /workspace/LeapXELA_Hardware_ws/install/leap_to_leapXela/lib/python3.10/site-packages/leap_to_leapXela/leapXela_subscriber.py to leapXela_subscriber.cpython-310.pyc
byte-compiling /workspace/LeapXELA_Hardware_ws/install/leap_to_leapXela/lib/python3.10/site-packages/leap_to_leapXela/leap_publisher.py to leap_publisher.cpython-310.pyc
byte-compiling /workspace/LeapXELA_Hardware_ws/install/leap_to_leapXela/lib/python3.10/site-packages/leap_to_leapXela/leapXela_right/__init__.py to __init__.cpython-310.pyc
byte-compiling /workspace/LeapXELA_Hardware_ws/install/leap_to_leapXela/lib/python3.10/site-packages/leap_to_leapXela/leapXela_right/visulize_hand_node.py to visulize_hand_node.cpython-310.pyc
byte-compiling /workspace/LeapXELA_Hardware_ws/install/leap_to_leapXela/lib/python3.10/site-packages/leap_to_leapXela/leapXela_right/visulize_finger_node.py to visulize_finger_node.cpython-310.pyc
byte-compiling /workspace/LeapXELA_Hardware_ws/install/leap_to_leapXela/lib/python3.10/site-packages/leap_to_leapXela/leapXela_right/visulize_node.py to visulize_node.cpython-310.pyc
byte-compiling /workspace/LeapXELA_Hardware_ws/install/leap_to_leapXela/lib/python3.10/site-packages/leap_to_leapXela/leapXela_right/list_to_string.py to list_to_string.cpython-310.pyc
byte-compiling /workspace/LeapXELA_Hardware_ws/install/leap_to_leapXela/lib/python3.10/site-packages/leap_to_leapXela/leapXela_right/finger.py to finger.cpython-310.pyc
byte-compiling /workspace/LeapXELA_Hardware_ws/install/leap_to_leapXela/lib/python3.10/site-packages/leap_to_leapXela/leapXela_right/visulize_palm_node.py to visulize_palm_node.cpython-310.pyc
byte-compiling /workspace/LeapXELA_Hardware_ws/install/leap_to_leapXela/lib/python3.10/site-packages/leap_to_leapXela/leapXela_right/thumb.py to thumb.cpython-310.pyc
byte-compiling /workspace/LeapXELA_Hardware_ws/install/leap_to_leapXela/lib/python3.10/site-packages/leap_to_leapXela/leapXela_right/palm.py to palm.cpython-310.pyc
byte-compiling /workspace/LeapXELA_Hardware_ws/install/leap_to_leapXela/lib/python3.10/site-packages/leap_to_leapXela/leapXela_right/visulize_thumb_node.py to visulize_thumb_node.cpython-310.pyc
byte-compiling /workspace/LeapXELA_Hardware_ws/install/leap_to_leapXela/lib/python3.10/site-packages/leap_to_leapXela/leapXela_right/hand.py to hand.cpython-310.pyc
running install_data
creating /workspace/LeapXELA_Hardware_ws/install/leap_to_leapXela/share/ament_index
creating /workspace/LeapXELA_Hardware_ws/install/leap_to_leapXela/share/ament_index/resource_index
creating /workspace/LeapXELA_Hardware_ws/install/leap_to_leapXela/share/ament_index/resource_index/packages
copying resource/leap_to_leapXela -> /workspace/LeapXELA_Hardware_ws/install/leap_to_leapXela/share/ament_index/resource_index/packages
copying package.xml -> /workspace/LeapXELA_Hardware_ws/install/leap_to_leapXela/share/leap_to_leapXela
creating /workspace/LeapXELA_Hardware_ws/install/leap_to_leapXela/share/leap_to_leapXela/launch
copying launch/launch_leap_to_leapXela.py -> /workspace/LeapXELA_Hardware_ws/install/leap_to_leapXela/share/leap_to_leapXela/launch
running install_egg_info
Copying ../../../build/leap_to_leapXela/leap_to_leapXela.egg-info to /workspace/LeapXELA_Hardware_ws/install/leap_to_leapXela/lib/python3.10/site-packages/leap_to_leapXela-0.0.0-py3.10.egg-info
running install_scripts
Installing leap_publisher script to /workspace/LeapXELA_Hardware_ws/install/leap_to_leapXela/lib/leap_to_leapXela
Installing leap_xela_subscriber script to /workspace/LeapXELA_Hardware_ws/install/leap_to_leapXela/lib/leap_to_leapXela
writing list of installed files to '/workspace/LeapXELA_Hardware_ws/build/leap_to_leapXela/install.log'
