[1.761s] Invoking command in '/workspace/LeapXELA_Hardware_ws/ros_ws/src/leap_to_leapXela': AMENT_PREFIX_PATH=/workspace/LeapXELA_Hardware_ws/install/leap_description:${AMENT_PREFIX_PATH} PYTHONPATH=/workspace/LeapXELA_Hardware_ws/build/leap_to_leapXela/prefix_override:/usr/lib/python3/dist-packages/colcon_core/task/python/colcon_distutils_commands:/workspace/LeapXELA_Hardware_ws/install/leap_to_leapXela/lib/python3.10/site-packages:/workspace/LeapXELA_Hardware_ws/install/leap_description/lib/python3.10/site-packages:/opt/ros/humble/lib/python3.10/site-packages:/opt/ros/humble/local/lib/python3.10/dist-packages:/usr/local/lib /usr/bin/python3 -W ignore:setup.py install is deprecated -W ignore:easy_install command is deprecated setup.py egg_info --egg-base ../../../build/leap_to_leapXela build --build-base /workspace/LeapXELA_Hardware_ws/build/leap_to_leapXela/build install --record /workspace/LeapXELA_Hardware_ws/build/leap_to_leapXela/install.log --single-version-externally-managed install_data
[2.229s] running egg_info
[2.230s] creating ../../../build/leap_to_leapXela/leap_to_leapXela.egg-info
[2.231s] writing ../../../build/leap_to_leapXela/leap_to_leapXela.egg-info/PKG-INFO
[2.231s] writing dependency_links to ../../../build/leap_to_leapXela/leap_to_leapXela.egg-info/dependency_links.txt
[2.231s] writing entry points to ../../../build/leap_to_leapXela/leap_to_leapXela.egg-info/entry_points.txt
[2.232s] writing requirements to ../../../build/leap_to_leapXela/leap_to_leapXela.egg-info/requires.txt
[2.232s] writing top-level names to ../../../build/leap_to_leapXela/leap_to_leapXela.egg-info/top_level.txt
[2.232s] writing manifest file '../../../build/leap_to_leapXela/leap_to_leapXela.egg-info/SOURCES.txt'
[2.238s] reading manifest file '../../../build/leap_to_leapXela/leap_to_leapXela.egg-info/SOURCES.txt'
[2.241s] writing manifest file '../../../build/leap_to_leapXela/leap_to_leapXela.egg-info/SOURCES.txt'
[2.241s] running build
[2.241s] running build_py
[2.241s] creating /workspace/LeapXELA_Hardware_ws/build/leap_to_leapXela/build
[2.241s] creating /workspace/LeapXELA_Hardware_ws/build/leap_to_leapXela/build/lib
[2.242s] creating /workspace/LeapXELA_Hardware_ws/build/leap_to_leapXela/build/lib/leap_to_leapXela
[2.242s] copying leap_to_leapXela/__init__.py -> /workspace/LeapXELA_Hardware_ws/build/leap_to_leapXela/build/lib/leap_to_leapXela
[2.242s] copying leap_to_leapXela/leapXela_subscriber.py -> /workspace/LeapXELA_Hardware_ws/build/leap_to_leapXela/build/lib/leap_to_leapXela
[2.242s] copying leap_to_leapXela/leap_publisher.py -> /workspace/LeapXELA_Hardware_ws/build/leap_to_leapXela/build/lib/leap_to_leapXela
[2.242s] creating /workspace/LeapXELA_Hardware_ws/build/leap_to_leapXela/build/lib/leap_to_leapXela/leapXela_right
[2.243s] copying leap_to_leapXela/leapXela_right/__init__.py -> /workspace/LeapXELA_Hardware_ws/build/leap_to_leapXela/build/lib/leap_to_leapXela/leapXela_right
[2.243s] copying leap_to_leapXela/leapXela_right/visulize_hand_node.py -> /workspace/LeapXELA_Hardware_ws/build/leap_to_leapXela/build/lib/leap_to_leapXela/leapXela_right
[2.243s] copying leap_to_leapXela/leapXela_right/visulize_finger_node.py -> /workspace/LeapXELA_Hardware_ws/build/leap_to_leapXela/build/lib/leap_to_leapXela/leapXela_right
[2.243s] copying leap_to_leapXela/leapXela_right/visulize_node.py -> /workspace/LeapXELA_Hardware_ws/build/leap_to_leapXela/build/lib/leap_to_leapXela/leapXela_right
[2.243s] copying leap_to_leapXela/leapXela_right/list_to_string.py -> /workspace/LeapXELA_Hardware_ws/build/leap_to_leapXela/build/lib/leap_to_leapXela/leapXela_right
[2.244s] copying leap_to_leapXela/leapXela_right/finger.py -> /workspace/LeapXELA_Hardware_ws/build/leap_to_leapXela/build/lib/leap_to_leapXela/leapXela_right
[2.244s] copying leap_to_leapXela/leapXela_right/visulize_palm_node.py -> /workspace/LeapXELA_Hardware_ws/build/leap_to_leapXela/build/lib/leap_to_leapXela/leapXela_right
[2.244s] copying leap_to_leapXela/leapXela_right/thumb.py -> /workspace/LeapXELA_Hardware_ws/build/leap_to_leapXela/build/lib/leap_to_leapXela/leapXela_right
[2.244s] copying leap_to_leapXela/leapXela_right/palm.py -> /workspace/LeapXELA_Hardware_ws/build/leap_to_leapXela/build/lib/leap_to_leapXela/leapXela_right
[2.244s] copying leap_to_leapXela/leapXela_right/visulize_thumb_node.py -> /workspace/LeapXELA_Hardware_ws/build/leap_to_leapXela/build/lib/leap_to_leapXela/leapXela_right
[2.244s] copying leap_to_leapXela/leapXela_right/hand.py -> /workspace/LeapXELA_Hardware_ws/build/leap_to_leapXela/build/lib/leap_to_leapXela/leapXela_right
[2.248s] creating /workspace/LeapXELA_Hardware_ws/build/leap_to_leapXela/build/lib/leap_to_leapXela/leap_hand_mesh_right
[2.248s] copying leap_to_leapXela/leap_hand_mesh_right/config.json -> /workspace/LeapXELA_Hardware_ws/build/leap_to_leapXela/build/lib/leap_to_leapXela/leap_hand_mesh_right
[2.248s] copying leap_to_leapXela/leap_hand_mesh_right/dip.part -> /workspace/LeapXELA_Hardware_ws/build/leap_to_leapXela/build/lib/leap_to_leapXela/leap_hand_mesh_right
[2.249s] copying leap_to_leapXela/leap_hand_mesh_right/dip.stl -> /workspace/LeapXELA_Hardware_ws/build/leap_to_leapXela/build/lib/leap_to_leapXela/leap_hand_mesh_right
[2.250s] copying leap_to_leapXela/leap_hand_mesh_right/fingertip.part -> /workspace/LeapXELA_Hardware_ws/build/leap_to_leapXela/build/lib/leap_to_leapXela/leap_hand_mesh_right
[2.251s] copying leap_to_leapXela/leap_hand_mesh_right/fingertip.stl -> /workspace/LeapXELA_Hardware_ws/build/leap_to_leapXela/build/lib/leap_to_leapXela/leap_hand_mesh_right
[2.252s] copying leap_to_leapXela/leap_hand_mesh_right/fingertip_old.stl -> /workspace/LeapXELA_Hardware_ws/build/leap_to_leapXela/build/lib/leap_to_leapXela/leap_hand_mesh_right
[2.253s] copying leap_to_leapXela/leap_hand_mesh_right/mcp_joint.part -> /workspace/LeapXELA_Hardware_ws/build/leap_to_leapXela/build/lib/leap_to_leapXela/leap_hand_mesh_right
[2.253s] copying leap_to_leapXela/leap_hand_mesh_right/mcp_joint.stl -> /workspace/LeapXELA_Hardware_ws/build/leap_to_leapXela/build/lib/leap_to_leapXela/leap_hand_mesh_right
[2.255s] copying leap_to_leapXela/leap_hand_mesh_right/palm_lower.part -> /workspace/LeapXELA_Hardware_ws/build/leap_to_leapXela/build/lib/leap_to_leapXela/leap_hand_mesh_right
[2.255s] copying leap_to_leapXela/leap_hand_mesh_right/palm_lower.stl -> /workspace/LeapXELA_Hardware_ws/build/leap_to_leapXela/build/lib/leap_to_leapXela/leap_hand_mesh_right
[2.352s] copying leap_to_leapXela/leap_hand_mesh_right/palm_lower_left.stl -> /workspace/LeapXELA_Hardware_ws/build/leap_to_leapXela/build/lib/leap_to_leapXela/leap_hand_mesh_right
[2.445s] copying leap_to_leapXela/leap_hand_mesh_right/palm_lower_left_old.stl -> /workspace/LeapXELA_Hardware_ws/build/leap_to_leapXela/build/lib/leap_to_leapXela/leap_hand_mesh_right
[2.528s] copying leap_to_leapXela/leap_hand_mesh_right/pip.part -> /workspace/LeapXELA_Hardware_ws/build/leap_to_leapXela/build/lib/leap_to_leapXela/leap_hand_mesh_right
[2.528s] copying leap_to_leapXela/leap_hand_mesh_right/pip.stl -> /workspace/LeapXELA_Hardware_ws/build/leap_to_leapXela/build/lib/leap_to_leapXela/leap_hand_mesh_right
[2.529s] copying leap_to_leapXela/leap_hand_mesh_right/robot.urdf -> /workspace/LeapXELA_Hardware_ws/build/leap_to_leapXela/build/lib/leap_to_leapXela/leap_hand_mesh_right
[2.529s] copying leap_to_leapXela/leap_hand_mesh_right/robot_pybullet.urdf -> /workspace/LeapXELA_Hardware_ws/build/leap_to_leapXela/build/lib/leap_to_leapXela/leap_hand_mesh_right
[2.530s] copying leap_to_leapXela/leap_hand_mesh_right/thumb_dip.part -> /workspace/LeapXELA_Hardware_ws/build/leap_to_leapXela/build/lib/leap_to_leapXela/leap_hand_mesh_right
[2.530s] copying leap_to_leapXela/leap_hand_mesh_right/thumb_dip.stl -> /workspace/LeapXELA_Hardware_ws/build/leap_to_leapXela/build/lib/leap_to_leapXela/leap_hand_mesh_right
[2.532s] copying leap_to_leapXela/leap_hand_mesh_right/thumb_fingertip.part -> /workspace/LeapXELA_Hardware_ws/build/leap_to_leapXela/build/lib/leap_to_leapXela/leap_hand_mesh_right
[2.532s] copying leap_to_leapXela/leap_hand_mesh_right/thumb_fingertip.stl -> /workspace/LeapXELA_Hardware_ws/build/leap_to_leapXela/build/lib/leap_to_leapXela/leap_hand_mesh_right
[2.534s] copying leap_to_leapXela/leap_hand_mesh_right/thumb_fingertip_old.stl -> /workspace/LeapXELA_Hardware_ws/build/leap_to_leapXela/build/lib/leap_to_leapXela/leap_hand_mesh_right
[2.536s] copying leap_to_leapXela/leap_hand_mesh_right/thumb_pip.part -> /workspace/LeapXELA_Hardware_ws/build/leap_to_leapXela/build/lib/leap_to_leapXela/leap_hand_mesh_right
[2.536s] copying leap_to_leapXela/leap_hand_mesh_right/thumb_pip.stl -> /workspace/LeapXELA_Hardware_ws/build/leap_to_leapXela/build/lib/leap_to_leapXela/leap_hand_mesh_right
[2.537s] copying leap_to_leapXela/leapXela_right/palm.urdf -> /workspace/LeapXELA_Hardware_ws/build/leap_to_leapXela/build/lib/leap_to_leapXela/leapXela_right
[2.537s] copying leap_to_leapXela/leapXela_right/finger.urdf -> /workspace/LeapXELA_Hardware_ws/build/leap_to_leapXela/build/lib/leap_to_leapXela/leapXela_right
[2.537s] copying leap_to_leapXela/leapXela_right/thumb.urdf -> /workspace/LeapXELA_Hardware_ws/build/leap_to_leapXela/build/lib/leap_to_leapXela/leapXela_right
[2.537s] copying leap_to_leapXela/leapXela_right/robot.urdf -> /workspace/LeapXELA_Hardware_ws/build/leap_to_leapXela/build/lib/leap_to_leapXela/leapXela_right
[2.537s] copying leap_to_leapXela/leapXela_right/hand.urdf -> /workspace/LeapXELA_Hardware_ws/build/leap_to_leapXela/build/lib/leap_to_leapXela/leapXela_right
[2.538s] copying leap_to_leapXela/leapXela_right/config.json -> /workspace/LeapXELA_Hardware_ws/build/leap_to_leapXela/build/lib/leap_to_leapXela/leapXela_right
[2.538s] creating /workspace/LeapXELA_Hardware_ws/build/leap_to_leapXela/build/lib/leap_to_leapXela/leapXela_right/assets
[2.538s] copying leap_to_leapXela/leapXela_right/assets/fingertop_unfied.part -> /workspace/LeapXELA_Hardware_ws/build/leap_to_leapXela/build/lib/leap_to_leapXela/leapXela_right/assets
[2.538s] copying leap_to_leapXela/leapXela_right/assets/p4_unified.stl -> /workspace/LeapXELA_Hardware_ws/build/leap_to_leapXela/build/lib/leap_to_leapXela/leapXela_right/assets
[2.540s] copying leap_to_leapXela/leapXela_right/assets/thp0_unified.stl -> /workspace/LeapXELA_Hardware_ws/build/leap_to_leapXela/build/lib/leap_to_leapXela/leapXela_right/assets
[2.541s] copying leap_to_leapXela/leapXela_right/assets/fingertop_unfied.stl -> /workspace/LeapXELA_Hardware_ws/build/leap_to_leapXela/build/lib/leap_to_leapXela/leapXela_right/assets
[2.542s] copying leap_to_leapXela/leapXela_right/assets/p5_unified.stl -> /workspace/LeapXELA_Hardware_ws/build/leap_to_leapXela/build/lib/leap_to_leapXela/leapXela_right/assets
[2.543s] copying leap_to_leapXela/leapXela_right/assets/palm_face.part -> /workspace/LeapXELA_Hardware_ws/build/leap_to_leapXela/build/lib/leap_to_leapXela/leapXela_right/assets
[2.543s] copying leap_to_leapXela/leapXela_right/assets/thfingertip_unified.part -> /workspace/LeapXELA_Hardware_ws/build/leap_to_leapXela/build/lib/leap_to_leapXela/leapXela_right/assets
[2.543s] copying leap_to_leapXela/leapXela_right/assets/thconnector.stl -> /workspace/LeapXELA_Hardware_ws/build/leap_to_leapXela/build/lib/leap_to_leapXela/leapXela_right/assets
[2.544s] copying leap_to_leapXela/leapXela_right/assets/p3_unified.part -> /workspace/LeapXELA_Hardware_ws/build/leap_to_leapXela/build/lib/leap_to_leapXela/leapXela_right/assets
[2.544s] copying leap_to_leapXela/leapXela_right/assets/thp1_unified.part -> /workspace/LeapXELA_Hardware_ws/build/leap_to_leapXela/build/lib/leap_to_leapXela/leapXela_right/assets
[2.544s] copying leap_to_leapXela/leapXela_right/assets/top_palm.stl -> /workspace/LeapXELA_Hardware_ws/build/leap_to_leapXela/build/lib/leap_to_leapXela/leapXela_right/assets
[2.545s] copying leap_to_leapXela/leapXela_right/assets/leap_hand_xela_motorholder.part -> /workspace/LeapXELA_Hardware_ws/build/leap_to_leapXela/build/lib/leap_to_leapXela/leapXela_right/assets
[2.546s] copying leap_to_leapXela/leapXela_right/assets/clipper.part -> /workspace/LeapXELA_Hardware_ws/build/leap_to_leapXela/build/lib/leap_to_leapXela/leapXela_right/assets
[2.546s] copying leap_to_leapXela/leapXela_right/assets/uspa46.stl -> /workspace/LeapXELA_Hardware_ws/build/leap_to_leapXela/build/lib/leap_to_leapXela/leapXela_right/assets
[2.546s] copying leap_to_leapXela/leapXela_right/assets/leap_hand_xela_motorholder.stl -> /workspace/LeapXELA_Hardware_ws/build/leap_to_leapXela/build/lib/leap_to_leapXela/leapXela_right/assets
[2.547s] copying leap_to_leapXela/leapXela_right/assets/leap_hand_xela_bottom.stl -> /workspace/LeapXELA_Hardware_ws/build/leap_to_leapXela/build/lib/leap_to_leapXela/leapXela_right/assets
[2.548s] copying leap_to_leapXela/leapXela_right/assets/leap_hand_xela_side_cover.stl -> /workspace/LeapXELA_Hardware_ws/build/leap_to_leapXela/build/lib/leap_to_leapXela/leapXela_right/assets
[2.549s] copying leap_to_leapXela/leapXela_right/assets/p5_unified.part -> /workspace/LeapXELA_Hardware_ws/build/leap_to_leapXela/build/lib/leap_to_leapXela/leapXela_right/assets
[2.549s] copying leap_to_leapXela/leapXela_right/assets/p4_unified.part -> /workspace/LeapXELA_Hardware_ws/build/leap_to_leapXela/build/lib/leap_to_leapXela/leapXela_right/assets
[2.549s] copying leap_to_leapXela/leapXela_right/assets/leap_hand_xela_side_cover.part -> /workspace/LeapXELA_Hardware_ws/build/leap_to_leapXela/build/lib/leap_to_leapXela/leapXela_right/assets
[2.550s] copying leap_to_leapXela/leapXela_right/assets/clipper.stl -> /workspace/LeapXELA_Hardware_ws/build/leap_to_leapXela/build/lib/leap_to_leapXela/leapXela_right/assets
[2.550s] copying leap_to_leapXela/leapXela_right/assets/uspa46.part -> /workspace/LeapXELA_Hardware_ws/build/leap_to_leapXela/build/lib/leap_to_leapXela/leapXela_right/assets
[2.550s] copying leap_to_leapXela/leapXela_right/assets/thfingertip_unified.stl -> /workspace/LeapXELA_Hardware_ws/build/leap_to_leapXela/build/lib/leap_to_leapXela/leapXela_right/assets
[2.551s] copying leap_to_leapXela/leapXela_right/assets/leap_hand_xela_back_cover.stl -> /workspace/LeapXELA_Hardware_ws/build/leap_to_leapXela/build/lib/leap_to_leapXela/leapXela_right/assets
[2.552s] copying leap_to_leapXela/leapXela_right/assets/top_palm.part -> /workspace/LeapXELA_Hardware_ws/build/leap_to_leapXela/build/lib/leap_to_leapXela/leapXela_right/assets
[2.552s] copying leap_to_leapXela/leapXela_right/assets/palm_face.stl -> /workspace/LeapXELA_Hardware_ws/build/leap_to_leapXela/build/lib/leap_to_leapXela/leapXela_right/assets
[2.553s] copying leap_to_leapXela/leapXela_right/assets/thp1_unified.stl -> /workspace/LeapXELA_Hardware_ws/build/leap_to_leapXela/build/lib/leap_to_leapXela/leapXela_right/assets
[2.555s] copying leap_to_leapXela/leapXela_right/assets/thconnector.part -> /workspace/LeapXELA_Hardware_ws/build/leap_to_leapXela/build/lib/leap_to_leapXela/leapXela_right/assets
[2.555s] copying leap_to_leapXela/leapXela_right/assets/thp0_unified.part -> /workspace/LeapXELA_Hardware_ws/build/leap_to_leapXela/build/lib/leap_to_leapXela/leapXela_right/assets
[2.555s] copying leap_to_leapXela/leapXela_right/assets/leap_hand_xela_back_cover.part -> /workspace/LeapXELA_Hardware_ws/build/leap_to_leapXela/build/lib/leap_to_leapXela/leapXela_right/assets
[2.555s] copying leap_to_leapXela/leapXela_right/assets/p3_unified.stl -> /workspace/LeapXELA_Hardware_ws/build/leap_to_leapXela/build/lib/leap_to_leapXela/leapXela_right/assets
[2.556s] copying leap_to_leapXela/leapXela_right/assets/leap_hand_xela_bottom.part -> /workspace/LeapXELA_Hardware_ws/build/leap_to_leapXela/build/lib/leap_to_leapXela/leapXela_right/assets
[2.556s] copying leap_to_leapXela/leapXela_right/assets/thp2_unified.stl -> /workspace/LeapXELA_Hardware_ws/build/leap_to_leapXela/build/lib/leap_to_leapXela/leapXela_right/assets
[2.558s] copying leap_to_leapXela/leapXela_right/assets/p2_unified.stl -> /workspace/LeapXELA_Hardware_ws/build/leap_to_leapXela/build/lib/leap_to_leapXela/leapXela_right/assets
[2.559s] copying leap_to_leapXela/leapXela_right/assets/p2_unified.part -> /workspace/LeapXELA_Hardware_ws/build/leap_to_leapXela/build/lib/leap_to_leapXela/leapXela_right/assets
[2.559s] copying leap_to_leapXela/leapXela_right/assets/thp2_unified.part -> /workspace/LeapXELA_Hardware_ws/build/leap_to_leapXela/build/lib/leap_to_leapXela/leapXela_right/assets
[2.563s] running install
[2.563s] running install_lib
[2.565s] creating /workspace/LeapXELA_Hardware_ws/install/leap_to_leapXela/lib/python3.10/site-packages/leap_to_leapXela
[2.565s] copying /workspace/LeapXELA_Hardware_ws/build/leap_to_leapXela/build/lib/leap_to_leapXela/__init__.py -> /workspace/LeapXELA_Hardware_ws/install/leap_to_leapXela/lib/python3.10/site-packages/leap_to_leapXela
[2.565s] copying /workspace/LeapXELA_Hardware_ws/build/leap_to_leapXela/build/lib/leap_to_leapXela/leapXela_subscriber.py -> /workspace/LeapXELA_Hardware_ws/install/leap_to_leapXela/lib/python3.10/site-packages/leap_to_leapXela
[2.565s] creating /workspace/LeapXELA_Hardware_ws/install/leap_to_leapXela/lib/python3.10/site-packages/leap_to_leapXela/leap_hand_mesh_right
[2.565s] copying /workspace/LeapXELA_Hardware_ws/build/leap_to_leapXela/build/lib/leap_to_leapXela/leap_hand_mesh_right/thumb_pip.part -> /workspace/LeapXELA_Hardware_ws/install/leap_to_leapXela/lib/python3.10/site-packages/leap_to_leapXela/leap_hand_mesh_right
[2.565s] copying /workspace/LeapXELA_Hardware_ws/build/leap_to_leapXela/build/lib/leap_to_leapXela/leap_hand_mesh_right/fingertip_old.stl -> /workspace/LeapXELA_Hardware_ws/install/leap_to_leapXela/lib/python3.10/site-packages/leap_to_leapXela/leap_hand_mesh_right
[2.566s] copying /workspace/LeapXELA_Hardware_ws/build/leap_to_leapXela/build/lib/leap_to_leapXela/leap_hand_mesh_right/fingertip.stl -> /workspace/LeapXELA_Hardware_ws/install/leap_to_leapXela/lib/python3.10/site-packages/leap_to_leapXela/leap_hand_mesh_right
[2.568s] copying /workspace/LeapXELA_Hardware_ws/build/leap_to_leapXela/build/lib/leap_to_leapXela/leap_hand_mesh_right/palm_lower_left.stl -> /workspace/LeapXELA_Hardware_ws/install/leap_to_leapXela/lib/python3.10/site-packages/leap_to_leapXela/leap_hand_mesh_right
[2.574s] copying /workspace/LeapXELA_Hardware_ws/build/leap_to_leapXela/build/lib/leap_to_leapXela/leap_hand_mesh_right/palm_lower.stl -> /workspace/LeapXELA_Hardware_ws/install/leap_to_leapXela/lib/python3.10/site-packages/leap_to_leapXela/leap_hand_mesh_right
[2.579s] copying /workspace/LeapXELA_Hardware_ws/build/leap_to_leapXela/build/lib/leap_to_leapXela/leap_hand_mesh_right/dip.part -> /workspace/LeapXELA_Hardware_ws/install/leap_to_leapXela/lib/python3.10/site-packages/leap_to_leapXela/leap_hand_mesh_right
[2.579s] copying /workspace/LeapXELA_Hardware_ws/build/leap_to_leapXela/build/lib/leap_to_leapXela/leap_hand_mesh_right/palm_lower.part -> /workspace/LeapXELA_Hardware_ws/install/leap_to_leapXela/lib/python3.10/site-packages/leap_to_leapXela/leap_hand_mesh_right
[2.579s] copying /workspace/LeapXELA_Hardware_ws/build/leap_to_leapXela/build/lib/leap_to_leapXela/leap_hand_mesh_right/fingertip.part -> /workspace/LeapXELA_Hardware_ws/install/leap_to_leapXela/lib/python3.10/site-packages/leap_to_leapXela/leap_hand_mesh_right
[2.580s] copying /workspace/LeapXELA_Hardware_ws/build/leap_to_leapXela/build/lib/leap_to_leapXela/leap_hand_mesh_right/robot.urdf -> /workspace/LeapXELA_Hardware_ws/install/leap_to_leapXela/lib/python3.10/site-packages/leap_to_leapXela/leap_hand_mesh_right
[2.580s] copying /workspace/LeapXELA_Hardware_ws/build/leap_to_leapXela/build/lib/leap_to_leapXela/leap_hand_mesh_right/pip.stl -> /workspace/LeapXELA_Hardware_ws/install/leap_to_leapXela/lib/python3.10/site-packages/leap_to_leapXela/leap_hand_mesh_right
[2.581s] copying /workspace/LeapXELA_Hardware_ws/build/leap_to_leapXela/build/lib/leap_to_leapXela/leap_hand_mesh_right/thumb_fingertip.part -> /workspace/LeapXELA_Hardware_ws/install/leap_to_leapXela/lib/python3.10/site-packages/leap_to_leapXela/leap_hand_mesh_right
[2.581s] copying /workspace/LeapXELA_Hardware_ws/build/leap_to_leapXela/build/lib/leap_to_leapXela/leap_hand_mesh_right/mcp_joint.stl -> /workspace/LeapXELA_Hardware_ws/install/leap_to_leapXela/lib/python3.10/site-packages/leap_to_leapXela/leap_hand_mesh_right
[2.583s] copying /workspace/LeapXELA_Hardware_ws/build/leap_to_leapXela/build/lib/leap_to_leapXela/leap_hand_mesh_right/thumb_dip.stl -> /workspace/LeapXELA_Hardware_ws/install/leap_to_leapXela/lib/python3.10/site-packages/leap_to_leapXela/leap_hand_mesh_right
[2.585s] copying /workspace/LeapXELA_Hardware_ws/build/leap_to_leapXela/build/lib/leap_to_leapXela/leap_hand_mesh_right/config.json -> /workspace/LeapXELA_Hardware_ws/install/leap_to_leapXela/lib/python3.10/site-packages/leap_to_leapXela/leap_hand_mesh_right
[2.585s] copying /workspace/LeapXELA_Hardware_ws/build/leap_to_leapXela/build/lib/leap_to_leapXela/leap_hand_mesh_right/pip.part -> /workspace/LeapXELA_Hardware_ws/install/leap_to_leapXela/lib/python3.10/site-packages/leap_to_leapXela/leap_hand_mesh_right
[2.585s] copying /workspace/LeapXELA_Hardware_ws/build/leap_to_leapXela/build/lib/leap_to_leapXela/leap_hand_mesh_right/robot_pybullet.urdf -> /workspace/LeapXELA_Hardware_ws/install/leap_to_leapXela/lib/python3.10/site-packages/leap_to_leapXela/leap_hand_mesh_right
[2.585s] copying /workspace/LeapXELA_Hardware_ws/build/leap_to_leapXela/build/lib/leap_to_leapXela/leap_hand_mesh_right/palm_lower_left_old.stl -> /workspace/LeapXELA_Hardware_ws/install/leap_to_leapXela/lib/python3.10/site-packages/leap_to_leapXela/leap_hand_mesh_right
[2.590s] copying /workspace/LeapXELA_Hardware_ws/build/leap_to_leapXela/build/lib/leap_to_leapXela/leap_hand_mesh_right/thumb_dip.part -> /workspace/LeapXELA_Hardware_ws/install/leap_to_leapXela/lib/python3.10/site-packages/leap_to_leapXela/leap_hand_mesh_right
[2.590s] copying /workspace/LeapXELA_Hardware_ws/build/leap_to_leapXela/build/lib/leap_to_leapXela/leap_hand_mesh_right/thumb_fingertip_old.stl -> /workspace/LeapXELA_Hardware_ws/install/leap_to_leapXela/lib/python3.10/site-packages/leap_to_leapXela/leap_hand_mesh_right
[2.592s] copying /workspace/LeapXELA_Hardware_ws/build/leap_to_leapXela/build/lib/leap_to_leapXela/leap_hand_mesh_right/dip.stl -> /workspace/LeapXELA_Hardware_ws/install/leap_to_leapXela/lib/python3.10/site-packages/leap_to_leapXela/leap_hand_mesh_right
[2.594s] copying /workspace/LeapXELA_Hardware_ws/build/leap_to_leapXela/build/lib/leap_to_leapXela/leap_hand_mesh_right/thumb_fingertip.stl -> /workspace/LeapXELA_Hardware_ws/install/leap_to_leapXela/lib/python3.10/site-packages/leap_to_leapXela/leap_hand_mesh_right
[2.596s] copying /workspace/LeapXELA_Hardware_ws/build/leap_to_leapXela/build/lib/leap_to_leapXela/leap_hand_mesh_right/thumb_pip.stl -> /workspace/LeapXELA_Hardware_ws/install/leap_to_leapXela/lib/python3.10/site-packages/leap_to_leapXela/leap_hand_mesh_right
[2.597s] copying /workspace/LeapXELA_Hardware_ws/build/leap_to_leapXela/build/lib/leap_to_leapXela/leap_hand_mesh_right/mcp_joint.part -> /workspace/LeapXELA_Hardware_ws/install/leap_to_leapXela/lib/python3.10/site-packages/leap_to_leapXela/leap_hand_mesh_right
[2.598s] copying /workspace/LeapXELA_Hardware_ws/build/leap_to_leapXela/build/lib/leap_to_leapXela/leap_publisher.py -> /workspace/LeapXELA_Hardware_ws/install/leap_to_leapXela/lib/python3.10/site-packages/leap_to_leapXela
[2.598s] creating /workspace/LeapXELA_Hardware_ws/install/leap_to_leapXela/lib/python3.10/site-packages/leap_to_leapXela/leapXela_right
[2.598s] copying /workspace/LeapXELA_Hardware_ws/build/leap_to_leapXela/build/lib/leap_to_leapXela/leapXela_right/__init__.py -> /workspace/LeapXELA_Hardware_ws/install/leap_to_leapXela/lib/python3.10/site-packages/leap_to_leapXela/leapXela_right
[2.598s] copying /workspace/LeapXELA_Hardware_ws/build/leap_to_leapXela/build/lib/leap_to_leapXela/leapXela_right/palm.urdf -> /workspace/LeapXELA_Hardware_ws/install/leap_to_leapXela/lib/python3.10/site-packages/leap_to_leapXela/leapXela_right
[2.598s] copying /workspace/LeapXELA_Hardware_ws/build/leap_to_leapXela/build/lib/leap_to_leapXela/leapXela_right/finger.urdf -> /workspace/LeapXELA_Hardware_ws/install/leap_to_leapXela/lib/python3.10/site-packages/leap_to_leapXela/leapXela_right
[2.599s] copying /workspace/LeapXELA_Hardware_ws/build/leap_to_leapXela/build/lib/leap_to_leapXela/leapXela_right/visulize_hand_node.py -> /workspace/LeapXELA_Hardware_ws/install/leap_to_leapXela/lib/python3.10/site-packages/leap_to_leapXela/leapXela_right
[2.599s] copying /workspace/LeapXELA_Hardware_ws/build/leap_to_leapXela/build/lib/leap_to_leapXela/leapXela_right/thumb.urdf -> /workspace/LeapXELA_Hardware_ws/install/leap_to_leapXela/lib/python3.10/site-packages/leap_to_leapXela/leapXela_right
[2.599s] creating /workspace/LeapXELA_Hardware_ws/install/leap_to_leapXela/lib/python3.10/site-packages/leap_to_leapXela/leapXela_right/assets
[2.599s] copying /workspace/LeapXELA_Hardware_ws/build/leap_to_leapXela/build/lib/leap_to_leapXela/leapXela_right/assets/fingertop_unfied.part -> /workspace/LeapXELA_Hardware_ws/install/leap_to_leapXela/lib/python3.10/site-packages/leap_to_leapXela/leapXela_right/assets
[2.600s] copying /workspace/LeapXELA_Hardware_ws/build/leap_to_leapXela/build/lib/leap_to_leapXela/leapXela_right/assets/p4_unified.stl -> /workspace/LeapXELA_Hardware_ws/install/leap_to_leapXela/lib/python3.10/site-packages/leap_to_leapXela/leapXela_right/assets
[2.602s] copying /workspace/LeapXELA_Hardware_ws/build/leap_to_leapXela/build/lib/leap_to_leapXela/leapXela_right/assets/thp0_unified.stl -> /workspace/LeapXELA_Hardware_ws/install/leap_to_leapXela/lib/python3.10/site-packages/leap_to_leapXela/leapXela_right/assets
[2.603s] copying /workspace/LeapXELA_Hardware_ws/build/leap_to_leapXela/build/lib/leap_to_leapXela/leapXela_right/assets/fingertop_unfied.stl -> /workspace/LeapXELA_Hardware_ws/install/leap_to_leapXela/lib/python3.10/site-packages/leap_to_leapXela/leapXela_right/assets
[2.605s] copying /workspace/LeapXELA_Hardware_ws/build/leap_to_leapXela/build/lib/leap_to_leapXela/leapXela_right/assets/p5_unified.stl -> /workspace/LeapXELA_Hardware_ws/install/leap_to_leapXela/lib/python3.10/site-packages/leap_to_leapXela/leapXela_right/assets
[2.607s] copying /workspace/LeapXELA_Hardware_ws/build/leap_to_leapXela/build/lib/leap_to_leapXela/leapXela_right/assets/palm_face.part -> /workspace/LeapXELA_Hardware_ws/install/leap_to_leapXela/lib/python3.10/site-packages/leap_to_leapXela/leapXela_right/assets
[2.607s] copying /workspace/LeapXELA_Hardware_ws/build/leap_to_leapXela/build/lib/leap_to_leapXela/leapXela_right/assets/thfingertip_unified.part -> /workspace/LeapXELA_Hardware_ws/install/leap_to_leapXela/lib/python3.10/site-packages/leap_to_leapXela/leapXela_right/assets
[2.607s] copying /workspace/LeapXELA_Hardware_ws/build/leap_to_leapXela/build/lib/leap_to_leapXela/leapXela_right/assets/thconnector.stl -> /workspace/LeapXELA_Hardware_ws/install/leap_to_leapXela/lib/python3.10/site-packages/leap_to_leapXela/leapXela_right/assets
[2.608s] copying /workspace/LeapXELA_Hardware_ws/build/leap_to_leapXela/build/lib/leap_to_leapXela/leapXela_right/assets/p3_unified.part -> /workspace/LeapXELA_Hardware_ws/install/leap_to_leapXela/lib/python3.10/site-packages/leap_to_leapXela/leapXela_right/assets
[2.608s] copying /workspace/LeapXELA_Hardware_ws/build/leap_to_leapXela/build/lib/leap_to_leapXela/leapXela_right/assets/thp1_unified.part -> /workspace/LeapXELA_Hardware_ws/install/leap_to_leapXela/lib/python3.10/site-packages/leap_to_leapXela/leapXela_right/assets
[2.608s] copying /workspace/LeapXELA_Hardware_ws/build/leap_to_leapXela/build/lib/leap_to_leapXela/leapXela_right/assets/top_palm.stl -> /workspace/LeapXELA_Hardware_ws/install/leap_to_leapXela/lib/python3.10/site-packages/leap_to_leapXela/leapXela_right/assets
[2.609s] copying /workspace/LeapXELA_Hardware_ws/build/leap_to_leapXela/build/lib/leap_to_leapXela/leapXela_right/assets/leap_hand_xela_motorholder.part -> /workspace/LeapXELA_Hardware_ws/install/leap_to_leapXela/lib/python3.10/site-packages/leap_to_leapXela/leapXela_right/assets
[2.609s] copying /workspace/LeapXELA_Hardware_ws/build/leap_to_leapXela/build/lib/leap_to_leapXela/leapXela_right/assets/clipper.part -> /workspace/LeapXELA_Hardware_ws/install/leap_to_leapXela/lib/python3.10/site-packages/leap_to_leapXela/leapXela_right/assets
[2.610s] copying /workspace/LeapXELA_Hardware_ws/build/leap_to_leapXela/build/lib/leap_to_leapXela/leapXela_right/assets/uspa46.stl -> /workspace/LeapXELA_Hardware_ws/install/leap_to_leapXela/lib/python3.10/site-packages/leap_to_leapXela/leapXela_right/assets
[2.610s] copying /workspace/LeapXELA_Hardware_ws/build/leap_to_leapXela/build/lib/leap_to_leapXela/leapXela_right/assets/leap_hand_xela_motorholder.stl -> /workspace/LeapXELA_Hardware_ws/install/leap_to_leapXela/lib/python3.10/site-packages/leap_to_leapXela/leapXela_right/assets
[2.611s] copying /workspace/LeapXELA_Hardware_ws/build/leap_to_leapXela/build/lib/leap_to_leapXela/leapXela_right/assets/leap_hand_xela_bottom.stl -> /workspace/LeapXELA_Hardware_ws/install/leap_to_leapXela/lib/python3.10/site-packages/leap_to_leapXela/leapXela_right/assets
[2.613s] copying /workspace/LeapXELA_Hardware_ws/build/leap_to_leapXela/build/lib/leap_to_leapXela/leapXela_right/assets/leap_hand_xela_side_cover.stl -> /workspace/LeapXELA_Hardware_ws/install/leap_to_leapXela/lib/python3.10/site-packages/leap_to_leapXela/leapXela_right/assets
[2.614s] copying /workspace/LeapXELA_Hardware_ws/build/leap_to_leapXela/build/lib/leap_to_leapXela/leapXela_right/assets/p5_unified.part -> /workspace/LeapXELA_Hardware_ws/install/leap_to_leapXela/lib/python3.10/site-packages/leap_to_leapXela/leapXela_right/assets
[2.614s] copying /workspace/LeapXELA_Hardware_ws/build/leap_to_leapXela/build/lib/leap_to_leapXela/leapXela_right/assets/p4_unified.part -> /workspace/LeapXELA_Hardware_ws/install/leap_to_leapXela/lib/python3.10/site-packages/leap_to_leapXela/leapXela_right/assets
[2.614s] copying /workspace/LeapXELA_Hardware_ws/build/leap_to_leapXela/build/lib/leap_to_leapXela/leapXela_right/assets/leap_hand_xela_side_cover.part -> /workspace/LeapXELA_Hardware_ws/install/leap_to_leapXela/lib/python3.10/site-packages/leap_to_leapXela/leapXela_right/assets
[2.614s] copying /workspace/LeapXELA_Hardware_ws/build/leap_to_leapXela/build/lib/leap_to_leapXela/leapXela_right/assets/clipper.stl -> /workspace/LeapXELA_Hardware_ws/install/leap_to_leapXela/lib/python3.10/site-packages/leap_to_leapXela/leapXela_right/assets
[2.614s] copying /workspace/LeapXELA_Hardware_ws/build/leap_to_leapXela/build/lib/leap_to_leapXela/leapXela_right/assets/uspa46.part -> /workspace/LeapXELA_Hardware_ws/install/leap_to_leapXela/lib/python3.10/site-packages/leap_to_leapXela/leapXela_right/assets
[2.615s] copying /workspace/LeapXELA_Hardware_ws/build/leap_to_leapXela/build/lib/leap_to_leapXela/leapXela_right/assets/thfingertip_unified.stl -> /workspace/LeapXELA_Hardware_ws/install/leap_to_leapXela/lib/python3.10/site-packages/leap_to_leapXela/leapXela_right/assets
[2.617s] copying /workspace/LeapXELA_Hardware_ws/build/leap_to_leapXela/build/lib/leap_to_leapXela/leapXela_right/assets/leap_hand_xela_back_cover.stl -> /workspace/LeapXELA_Hardware_ws/install/leap_to_leapXela/lib/python3.10/site-packages/leap_to_leapXela/leapXela_right/assets
[2.618s] copying /workspace/LeapXELA_Hardware_ws/build/leap_to_leapXela/build/lib/leap_to_leapXela/leapXela_right/assets/top_palm.part -> /workspace/LeapXELA_Hardware_ws/install/leap_to_leapXela/lib/python3.10/site-packages/leap_to_leapXela/leapXela_right/assets
[2.618s] copying /workspace/LeapXELA_Hardware_ws/build/leap_to_leapXela/build/lib/leap_to_leapXela/leapXela_right/assets/palm_face.stl -> /workspace/LeapXELA_Hardware_ws/install/leap_to_leapXela/lib/python3.10/site-packages/leap_to_leapXela/leapXela_right/assets
[2.620s] copying /workspace/LeapXELA_Hardware_ws/build/leap_to_leapXela/build/lib/leap_to_leapXela/leapXela_right/assets/thp1_unified.stl -> /workspace/LeapXELA_Hardware_ws/install/leap_to_leapXela/lib/python3.10/site-packages/leap_to_leapXela/leapXela_right/assets
[2.622s] copying /workspace/LeapXELA_Hardware_ws/build/leap_to_leapXela/build/lib/leap_to_leapXela/leapXela_right/assets/thconnector.part -> /workspace/LeapXELA_Hardware_ws/install/leap_to_leapXela/lib/python3.10/site-packages/leap_to_leapXela/leapXela_right/assets
[2.622s] copying /workspace/LeapXELA_Hardware_ws/build/leap_to_leapXela/build/lib/leap_to_leapXela/leapXela_right/assets/thp0_unified.part -> /workspace/LeapXELA_Hardware_ws/install/leap_to_leapXela/lib/python3.10/site-packages/leap_to_leapXela/leapXela_right/assets
[2.622s] copying /workspace/LeapXELA_Hardware_ws/build/leap_to_leapXela/build/lib/leap_to_leapXela/leapXela_right/assets/leap_hand_xela_back_cover.part -> /workspace/LeapXELA_Hardware_ws/install/leap_to_leapXela/lib/python3.10/site-packages/leap_to_leapXela/leapXela_right/assets
[2.622s] copying /workspace/LeapXELA_Hardware_ws/build/leap_to_leapXela/build/lib/leap_to_leapXela/leapXela_right/assets/p3_unified.stl -> /workspace/LeapXELA_Hardware_ws/install/leap_to_leapXela/lib/python3.10/site-packages/leap_to_leapXela/leapXela_right/assets
[2.624s] copying /workspace/LeapXELA_Hardware_ws/build/leap_to_leapXela/build/lib/leap_to_leapXela/leapXela_right/assets/leap_hand_xela_bottom.part -> /workspace/LeapXELA_Hardware_ws/install/leap_to_leapXela/lib/python3.10/site-packages/leap_to_leapXela/leapXela_right/assets
[2.624s] copying /workspace/LeapXELA_Hardware_ws/build/leap_to_leapXela/build/lib/leap_to_leapXela/leapXela_right/assets/thp2_unified.stl -> /workspace/LeapXELA_Hardware_ws/install/leap_to_leapXela/lib/python3.10/site-packages/leap_to_leapXela/leapXela_right/assets
[2.626s] copying /workspace/LeapXELA_Hardware_ws/build/leap_to_leapXela/build/lib/leap_to_leapXela/leapXela_right/assets/p2_unified.stl -> /workspace/LeapXELA_Hardware_ws/install/leap_to_leapXela/lib/python3.10/site-packages/leap_to_leapXela/leapXela_right/assets
[2.628s] copying /workspace/LeapXELA_Hardware_ws/build/leap_to_leapXela/build/lib/leap_to_leapXela/leapXela_right/assets/p2_unified.part -> /workspace/LeapXELA_Hardware_ws/install/leap_to_leapXela/lib/python3.10/site-packages/leap_to_leapXela/leapXela_right/assets
[2.628s] copying /workspace/LeapXELA_Hardware_ws/build/leap_to_leapXela/build/lib/leap_to_leapXela/leapXela_right/assets/thp2_unified.part -> /workspace/LeapXELA_Hardware_ws/install/leap_to_leapXela/lib/python3.10/site-packages/leap_to_leapXela/leapXela_right/assets
[2.628s] copying /workspace/LeapXELA_Hardware_ws/build/leap_to_leapXela/build/lib/leap_to_leapXela/leapXela_right/robot.urdf -> /workspace/LeapXELA_Hardware_ws/install/leap_to_leapXela/lib/python3.10/site-packages/leap_to_leapXela/leapXela_right
[2.628s] copying /workspace/LeapXELA_Hardware_ws/build/leap_to_leapXela/build/lib/leap_to_leapXela/leapXela_right/visulize_finger_node.py -> /workspace/LeapXELA_Hardware_ws/install/leap_to_leapXela/lib/python3.10/site-packages/leap_to_leapXela/leapXela_right
[2.629s] copying /workspace/LeapXELA_Hardware_ws/build/leap_to_leapXela/build/lib/leap_to_leapXela/leapXela_right/visulize_node.py -> /workspace/LeapXELA_Hardware_ws/install/leap_to_leapXela/lib/python3.10/site-packages/leap_to_leapXela/leapXela_right
[2.629s] copying /workspace/LeapXELA_Hardware_ws/build/leap_to_leapXela/build/lib/leap_to_leapXela/leapXela_right/config.json -> /workspace/LeapXELA_Hardware_ws/install/leap_to_leapXela/lib/python3.10/site-packages/leap_to_leapXela/leapXela_right
[2.629s] copying /workspace/LeapXELA_Hardware_ws/build/leap_to_leapXela/build/lib/leap_to_leapXela/leapXela_right/list_to_string.py -> /workspace/LeapXELA_Hardware_ws/install/leap_to_leapXela/lib/python3.10/site-packages/leap_to_leapXela/leapXela_right
[2.629s] copying /workspace/LeapXELA_Hardware_ws/build/leap_to_leapXela/build/lib/leap_to_leapXela/leapXela_right/finger.py -> /workspace/LeapXELA_Hardware_ws/install/leap_to_leapXela/lib/python3.10/site-packages/leap_to_leapXela/leapXela_right
[2.629s] copying /workspace/LeapXELA_Hardware_ws/build/leap_to_leapXela/build/lib/leap_to_leapXela/leapXela_right/visulize_palm_node.py -> /workspace/LeapXELA_Hardware_ws/install/leap_to_leapXela/lib/python3.10/site-packages/leap_to_leapXela/leapXela_right
[2.629s] copying /workspace/LeapXELA_Hardware_ws/build/leap_to_leapXela/build/lib/leap_to_leapXela/leapXela_right/thumb.py -> /workspace/LeapXELA_Hardware_ws/install/leap_to_leapXela/lib/python3.10/site-packages/leap_to_leapXela/leapXela_right
[2.629s] copying /workspace/LeapXELA_Hardware_ws/build/leap_to_leapXela/build/lib/leap_to_leapXela/leapXela_right/palm.py -> /workspace/LeapXELA_Hardware_ws/install/leap_to_leapXela/lib/python3.10/site-packages/leap_to_leapXela/leapXela_right
[2.629s] copying /workspace/LeapXELA_Hardware_ws/build/leap_to_leapXela/build/lib/leap_to_leapXela/leapXela_right/visulize_thumb_node.py -> /workspace/LeapXELA_Hardware_ws/install/leap_to_leapXela/lib/python3.10/site-packages/leap_to_leapXela/leapXela_right
[2.630s] copying /workspace/LeapXELA_Hardware_ws/build/leap_to_leapXela/build/lib/leap_to_leapXela/leapXela_right/hand.py -> /workspace/LeapXELA_Hardware_ws/install/leap_to_leapXela/lib/python3.10/site-packages/leap_to_leapXela/leapXela_right
[2.630s] copying /workspace/LeapXELA_Hardware_ws/build/leap_to_leapXela/build/lib/leap_to_leapXela/leapXela_right/hand.urdf -> /workspace/LeapXELA_Hardware_ws/install/leap_to_leapXela/lib/python3.10/site-packages/leap_to_leapXela/leapXela_right
[2.631s] byte-compiling /workspace/LeapXELA_Hardware_ws/install/leap_to_leapXela/lib/python3.10/site-packages/leap_to_leapXela/__init__.py to __init__.cpython-310.pyc
[2.631s] byte-compiling /workspace/LeapXELA_Hardware_ws/install/leap_to_leapXela/lib/python3.10/site-packages/leap_to_leapXela/leapXela_subscriber.py to leapXela_subscriber.cpython-310.pyc
[2.634s] byte-compiling /workspace/LeapXELA_Hardware_ws/install/leap_to_leapXela/lib/python3.10/site-packages/leap_to_leapXela/leap_publisher.py to leap_publisher.cpython-310.pyc
[2.637s] byte-compiling /workspace/LeapXELA_Hardware_ws/install/leap_to_leapXela/lib/python3.10/site-packages/leap_to_leapXela/leapXela_right/__init__.py to __init__.cpython-310.pyc
[2.637s] byte-compiling /workspace/LeapXELA_Hardware_ws/install/leap_to_leapXela/lib/python3.10/site-packages/leap_to_leapXela/leapXela_right/visulize_hand_node.py to visulize_hand_node.cpython-310.pyc
[2.639s] byte-compiling /workspace/LeapXELA_Hardware_ws/install/leap_to_leapXela/lib/python3.10/site-packages/leap_to_leapXela/leapXela_right/visulize_finger_node.py to visulize_finger_node.cpython-310.pyc
[2.640s] byte-compiling /workspace/LeapXELA_Hardware_ws/install/leap_to_leapXela/lib/python3.10/site-packages/leap_to_leapXela/leapXela_right/visulize_node.py to visulize_node.cpython-310.pyc
[2.641s] byte-compiling /workspace/LeapXELA_Hardware_ws/install/leap_to_leapXela/lib/python3.10/site-packages/leap_to_leapXela/leapXela_right/list_to_string.py to list_to_string.cpython-310.pyc
[2.641s] byte-compiling /workspace/LeapXELA_Hardware_ws/install/leap_to_leapXela/lib/python3.10/site-packages/leap_to_leapXela/leapXela_right/finger.py to finger.cpython-310.pyc
[2.647s] byte-compiling /workspace/LeapXELA_Hardware_ws/install/leap_to_leapXela/lib/python3.10/site-packages/leap_to_leapXela/leapXela_right/visulize_palm_node.py to visulize_palm_node.cpython-310.pyc
[2.648s] byte-compiling /workspace/LeapXELA_Hardware_ws/install/leap_to_leapXela/lib/python3.10/site-packages/leap_to_leapXela/leapXela_right/thumb.py to thumb.cpython-310.pyc
[2.653s] byte-compiling /workspace/LeapXELA_Hardware_ws/install/leap_to_leapXela/lib/python3.10/site-packages/leap_to_leapXela/leapXela_right/palm.py to palm.cpython-310.pyc
[2.653s] byte-compiling /workspace/LeapXELA_Hardware_ws/install/leap_to_leapXela/lib/python3.10/site-packages/leap_to_leapXela/leapXela_right/visulize_thumb_node.py to visulize_thumb_node.cpython-310.pyc
[2.655s] byte-compiling /workspace/LeapXELA_Hardware_ws/install/leap_to_leapXela/lib/python3.10/site-packages/leap_to_leapXela/leapXela_right/hand.py to hand.cpython-310.pyc
[2.657s] running install_data
[2.657s] creating /workspace/LeapXELA_Hardware_ws/install/leap_to_leapXela/share/ament_index
[2.657s] creating /workspace/LeapXELA_Hardware_ws/install/leap_to_leapXela/share/ament_index/resource_index
[2.657s] creating /workspace/LeapXELA_Hardware_ws/install/leap_to_leapXela/share/ament_index/resource_index/packages
[2.657s] copying resource/leap_to_leapXela -> /workspace/LeapXELA_Hardware_ws/install/leap_to_leapXela/share/ament_index/resource_index/packages
[2.658s] copying package.xml -> /workspace/LeapXELA_Hardware_ws/install/leap_to_leapXela/share/leap_to_leapXela
[2.658s] creating /workspace/LeapXELA_Hardware_ws/install/leap_to_leapXela/share/leap_to_leapXela/launch
[2.658s] copying launch/launch_leap_to_leapXela.py -> /workspace/LeapXELA_Hardware_ws/install/leap_to_leapXela/share/leap_to_leapXela/launch
[2.658s] running install_egg_info
[2.661s] Copying ../../../build/leap_to_leapXela/leap_to_leapXela.egg-info to /workspace/LeapXELA_Hardware_ws/install/leap_to_leapXela/lib/python3.10/site-packages/leap_to_leapXela-0.0.0-py3.10.egg-info
[2.663s] running install_scripts
[2.700s] Installing leap_publisher script to /workspace/LeapXELA_Hardware_ws/install/leap_to_leapXela/lib/leap_to_leapXela
[2.700s] Installing leap_xela_subscriber script to /workspace/LeapXELA_Hardware_ws/install/leap_to_leapXela/lib/leap_to_leapXela
[2.702s] writing list of installed files to '/workspace/LeapXELA_Hardware_ws/build/leap_to_leapXela/install.log'
[2.752s] Invoked command in '/workspace/LeapXELA_Hardware_ws/ros_ws/src/leap_to_leapXela' returned '0': AMENT_PREFIX_PATH=/workspace/LeapXELA_Hardware_ws/install/leap_description:${AMENT_PREFIX_PATH} PYTHONPATH=/workspace/LeapXELA_Hardware_ws/build/leap_to_leapXela/prefix_override:/usr/lib/python3/dist-packages/colcon_core/task/python/colcon_distutils_commands:/workspace/LeapXELA_Hardware_ws/install/leap_to_leapXela/lib/python3.10/site-packages:/workspace/LeapXELA_Hardware_ws/install/leap_description/lib/python3.10/site-packages:/opt/ros/humble/lib/python3.10/site-packages:/opt/ros/humble/local/lib/python3.10/dist-packages:/usr/local/lib /usr/bin/python3 -W ignore:setup.py install is deprecated -W ignore:easy_install command is deprecated setup.py egg_info --egg-base ../../../build/leap_to_leapXela build --build-base /workspace/LeapXELA_Hardware_ws/build/leap_to_leapXela/build install --record /workspace/LeapXELA_Hardware_ws/build/leap_to_leapXela/install.log --single-version-externally-managed install_data
