[1.053s] Invoking command in '/workspace/LeapXELA_Hardware_ws/ros_ws/src/xela_data_collection': AMENT_PREFIX_PATH=/workspace/LeapXELA_Hardware_ws/install/xela_server_ros2:${AMENT_PREFIX_PATH} CMAKE_PREFIX_PATH=/workspace/LeapXELA_Hardware_ws/install/xela_server_ros2 LD_LIBRARY_PATH=/workspace/LeapXELA_Hardware_ws/install/xela_server_ros2/lib:${LD_LIBRARY_PATH} PYTHONPATH=/workspace/LeapXELA_Hardware_ws/build/xela_data_collection/prefix_override:/usr/lib/python3/dist-packages/colcon_core/task/python/colcon_distutils_commands:/workspace/LeapXELA_Hardware_ws/install/xela_data_collection/lib/python3.10/site-packages:/workspace/LeapXELA_Hardware_ws/install/xela_server_ros2/local/lib/python3.10/dist-packages:${PYTHONPATH} /usr/bin/python3 -W ignore:setup.py install is deprecated -W ignore:easy_install command is deprecated setup.py egg_info --egg-base ../../../build/xela_data_collection build --build-base /workspace/LeapXELA_Hardware_ws/build/xela_data_collection/build install --record /workspace/LeapXELA_Hardware_ws/build/xela_data_collection/install.log --single-version-externally-managed install_data
[1.460s] running egg_info
[1.461s] creating ../../../build/xela_data_collection/xela_data_collection.egg-info
[1.461s] writing ../../../build/xela_data_collection/xela_data_collection.egg-info/PKG-INFO
[1.461s] writing dependency_links to ../../../build/xela_data_collection/xela_data_collection.egg-info/dependency_links.txt
[1.462s] writing entry points to ../../../build/xela_data_collection/xela_data_collection.egg-info/entry_points.txt
[1.462s] writing requirements to ../../../build/xela_data_collection/xela_data_collection.egg-info/requires.txt
[1.462s] writing top-level names to ../../../build/xela_data_collection/xela_data_collection.egg-info/top_level.txt
[1.462s] writing manifest file '../../../build/xela_data_collection/xela_data_collection.egg-info/SOURCES.txt'
[1.465s] reading manifest file '../../../build/xela_data_collection/xela_data_collection.egg-info/SOURCES.txt'
[1.467s] writing manifest file '../../../build/xela_data_collection/xela_data_collection.egg-info/SOURCES.txt'
[1.467s] running build
[1.467s] running build_py
[1.467s] creating /workspace/LeapXELA_Hardware_ws/build/xela_data_collection/build
[1.467s] creating /workspace/LeapXELA_Hardware_ws/build/xela_data_collection/build/lib
[1.467s] creating /workspace/LeapXELA_Hardware_ws/build/xela_data_collection/build/lib/xela_data_collection
[1.467s] copying xela_data_collection/__init__.py -> /workspace/LeapXELA_Hardware_ws/build/xela_data_collection/build/lib/xela_data_collection
[1.468s] copying xela_data_collection/xela_taxel_visulizer.py -> /workspace/LeapXELA_Hardware_ws/build/xela_data_collection/build/lib/xela_data_collection
[1.468s] copying xela_data_collection/xela_qt_taxel_visualizer.py -> /workspace/LeapXELA_Hardware_ws/build/xela_data_collection/build/lib/xela_data_collection
[1.468s] copying xela_data_collection/xela_data_collector.py -> /workspace/LeapXELA_Hardware_ws/build/xela_data_collection/build/lib/xela_data_collection
[1.468s] copying xela_data_collection/xela_image_publisher.py -> /workspace/LeapXELA_Hardware_ws/build/xela_data_collection/build/lib/xela_data_collection
[1.468s] copying xela_data_collection/xela_dataset_visulizer.py -> /workspace/LeapXELA_Hardware_ws/build/xela_data_collection/build/lib/xela_data_collection
[1.469s] copying xela_data_collection/leapXelaMap.py -> /workspace/LeapXELA_Hardware_ws/build/xela_data_collection/build/lib/xela_data_collection
[1.469s] running install
[1.470s] running install_lib
[1.471s] creating /workspace/LeapXELA_Hardware_ws/install/xela_data_collection/lib/python3.10/site-packages/xela_data_collection
[1.471s] copying /workspace/LeapXELA_Hardware_ws/build/xela_data_collection/build/lib/xela_data_collection/__init__.py -> /workspace/LeapXELA_Hardware_ws/install/xela_data_collection/lib/python3.10/site-packages/xela_data_collection
[1.471s] copying /workspace/LeapXELA_Hardware_ws/build/xela_data_collection/build/lib/xela_data_collection/xela_taxel_visulizer.py -> /workspace/LeapXELA_Hardware_ws/install/xela_data_collection/lib/python3.10/site-packages/xela_data_collection
[1.471s] copying /workspace/LeapXELA_Hardware_ws/build/xela_data_collection/build/lib/xela_data_collection/xela_qt_taxel_visualizer.py -> /workspace/LeapXELA_Hardware_ws/install/xela_data_collection/lib/python3.10/site-packages/xela_data_collection
[1.471s] copying /workspace/LeapXELA_Hardware_ws/build/xela_data_collection/build/lib/xela_data_collection/xela_data_collector.py -> /workspace/LeapXELA_Hardware_ws/install/xela_data_collection/lib/python3.10/site-packages/xela_data_collection
[1.472s] copying /workspace/LeapXELA_Hardware_ws/build/xela_data_collection/build/lib/xela_data_collection/xela_image_publisher.py -> /workspace/LeapXELA_Hardware_ws/install/xela_data_collection/lib/python3.10/site-packages/xela_data_collection
[1.472s] copying /workspace/LeapXELA_Hardware_ws/build/xela_data_collection/build/lib/xela_data_collection/xela_dataset_visulizer.py -> /workspace/LeapXELA_Hardware_ws/install/xela_data_collection/lib/python3.10/site-packages/xela_data_collection
[1.472s] copying /workspace/LeapXELA_Hardware_ws/build/xela_data_collection/build/lib/xela_data_collection/leapXelaMap.py -> /workspace/LeapXELA_Hardware_ws/install/xela_data_collection/lib/python3.10/site-packages/xela_data_collection
[1.473s] byte-compiling /workspace/LeapXELA_Hardware_ws/install/xela_data_collection/lib/python3.10/site-packages/xela_data_collection/__init__.py to __init__.cpython-310.pyc
[1.473s] byte-compiling /workspace/LeapXELA_Hardware_ws/install/xela_data_collection/lib/python3.10/site-packages/xela_data_collection/xela_taxel_visulizer.py to xela_taxel_visulizer.cpython-310.pyc
[1.475s] byte-compiling /workspace/LeapXELA_Hardware_ws/install/xela_data_collection/lib/python3.10/site-packages/xela_data_collection/xela_qt_taxel_visualizer.py to xela_qt_taxel_visualizer.cpython-310.pyc
[1.477s] byte-compiling /workspace/LeapXELA_Hardware_ws/install/xela_data_collection/lib/python3.10/site-packages/xela_data_collection/xela_data_collector.py to xela_data_collector.cpython-310.pyc
[1.481s] byte-compiling /workspace/LeapXELA_Hardware_ws/install/xela_data_collection/lib/python3.10/site-packages/xela_data_collection/xela_image_publisher.py to xela_image_publisher.cpython-310.pyc
[1.482s] byte-compiling /workspace/LeapXELA_Hardware_ws/install/xela_data_collection/lib/python3.10/site-packages/xela_data_collection/xela_dataset_visulizer.py to xela_dataset_visulizer.cpython-310.pyc
[1.488s] byte-compiling /workspace/LeapXELA_Hardware_ws/install/xela_data_collection/lib/python3.10/site-packages/xela_data_collection/leapXelaMap.py to leapXelaMap.cpython-310.pyc
[1.493s] running install_data
[1.493s] creating /workspace/LeapXELA_Hardware_ws/install/xela_data_collection/share/ament_index
[1.493s] creating /workspace/LeapXELA_Hardware_ws/install/xela_data_collection/share/ament_index/resource_index
[1.493s] creating /workspace/LeapXELA_Hardware_ws/install/xela_data_collection/share/ament_index/resource_index/packages
[1.493s] copying resource/xela_data_collection -> /workspace/LeapXELA_Hardware_ws/install/xela_data_collection/share/ament_index/resource_index/packages
[1.493s] copying package.xml -> /workspace/LeapXELA_Hardware_ws/install/xela_data_collection/share/xela_data_collection
[1.493s] creating /workspace/LeapXELA_Hardware_ws/install/xela_data_collection/share/xela_data_collection/launch
[1.494s] copying launch/xela_server_and_client.launch.py -> /workspace/LeapXELA_Hardware_ws/install/xela_data_collection/share/xela_data_collection/launch
[1.494s] copying launch/xela_dataset_visulizer.launch.py -> /workspace/LeapXELA_Hardware_ws/install/xela_data_collection/share/xela_data_collection/launch
[1.494s] running install_egg_info
[1.496s] Copying ../../../build/xela_data_collection/xela_data_collection.egg-info to /workspace/LeapXELA_Hardware_ws/install/xela_data_collection/lib/python3.10/site-packages/xela_data_collection-0.0.1-py3.10.egg-info
[1.498s] running install_scripts
[1.533s] Installing xela_data_collector script to /workspace/LeapXELA_Hardware_ws/install/xela_data_collection/lib/xela_data_collection
[1.533s] Installing xela_dataset_visulizer script to /workspace/LeapXELA_Hardware_ws/install/xela_data_collection/lib/xela_data_collection
[1.534s] Installing xela_image_publisher script to /workspace/LeapXELA_Hardware_ws/install/xela_data_collection/lib/xela_data_collection
[1.534s] Installing xela_qt_taxel_visualizer script to /workspace/LeapXELA_Hardware_ws/install/xela_data_collection/lib/xela_data_collection
[1.534s] Installing xela_taxel_visulizer script to /workspace/LeapXELA_Hardware_ws/install/xela_data_collection/lib/xela_data_collection
[1.534s] writing list of installed files to '/workspace/LeapXELA_Hardware_ws/build/xela_data_collection/install.log'
[1.571s] Invoked command in '/workspace/LeapXELA_Hardware_ws/ros_ws/src/xela_data_collection' returned '0': AMENT_PREFIX_PATH=/workspace/LeapXELA_Hardware_ws/install/xela_server_ros2:${AMENT_PREFIX_PATH} CMAKE_PREFIX_PATH=/workspace/LeapXELA_Hardware_ws/install/xela_server_ros2 LD_LIBRARY_PATH=/workspace/LeapXELA_Hardware_ws/install/xela_server_ros2/lib:${LD_LIBRARY_PATH} PYTHONPATH=/workspace/LeapXELA_Hardware_ws/build/xela_data_collection/prefix_override:/usr/lib/python3/dist-packages/colcon_core/task/python/colcon_distutils_commands:/workspace/LeapXELA_Hardware_ws/install/xela_data_collection/lib/python3.10/site-packages:/workspace/LeapXELA_Hardware_ws/install/xela_server_ros2/local/lib/python3.10/dist-packages:${PYTHONPATH} /usr/bin/python3 -W ignore:setup.py install is deprecated -W ignore:easy_install command is deprecated setup.py egg_info --egg-base ../../../build/xela_data_collection build --build-base /workspace/LeapXELA_Hardware_ws/build/xela_data_collection/build install --record /workspace/LeapXELA_Hardware_ws/build/xela_data_collection/install.log --single-version-externally-managed install_data
