-- Install configuration: ""
-- Up-to-date: /workspace/LeapXELA_Hardware_ws/install/xela_models/share/xela_models/rviz
-- Up-to-date: /workspace/LeapXELA_Hardware_ws/install/xela_models/share/xela_models/rviz/urdf.rviz
-- Up-to-date: /workspace/LeapXELA_Hardware_ws/install/xela_models/share/xela_models/urdf
-- Up-to-date: /workspace/LeapXELA_Hardware_ws/install/xela_models/share/xela_models/urdf/4x4.xacro
-- Up-to-date: /workspace/LeapXELA_Hardware_ws/install/xela_models/share/xela_models/urdf/xela.xacro
-- Up-to-date: /workspace/LeapXELA_Hardware_ws/install/xela_models/share/xela_models/urdf/ahrcpcpn.urdf
-- Up-to-date: /workspace/LeapXELA_Hardware_ws/install/xela_models/share/xela_models/urdf/generate_aftc_urdf.sh
-- Up-to-date: /workspace/LeapXELA_Hardware_ws/install/xela_models/share/xela_models/urdf/aftf_taxel1_mujoco.urdf
-- Up-to-date: /workspace/LeapXELA_Hardware_ws/install/xela_models/share/xela_models/urdf/generate_4x6_urdf.sh
-- Up-to-date: /workspace/LeapXELA_Hardware_ws/install/xela_models/share/xela_models/urdf/generate_aftf_for_mujoco.sh
-- Up-to-date: /workspace/LeapXELA_Hardware_ws/install/xela_models/share/xela_models/urdf/aftf.xacro
-- Up-to-date: /workspace/LeapXELA_Hardware_ws/install/xela_models/share/xela_models/urdf/allegro_hand_right_taxel1_mujoco.urdf
-- Up-to-date: /workspace/LeapXELA_Hardware_ws/install/xela_models/share/xela_models/urdf/generate_aftf_urdf.sh
-- Up-to-date: /workspace/LeapXELA_Hardware_ws/install/xela_models/share/xela_models/urdf/4x4.urdf
-- Up-to-date: /workspace/LeapXELA_Hardware_ws/install/xela_models/share/xela_models/urdf/generate_allegro_urdf.sh
-- Up-to-date: /workspace/LeapXELA_Hardware_ws/install/xela_models/share/xela_models/urdf/4x6.xacro
-- Up-to-date: /workspace/LeapXELA_Hardware_ws/install/xela_models/share/xela_models/urdf/allegro_hand_right.xacro
-- Up-to-date: /workspace/LeapXELA_Hardware_ws/install/xela_models/share/xela_models/urdf/generate_aftc_for_mujoco.sh
-- Up-to-date: /workspace/LeapXELA_Hardware_ws/install/xela_models/share/xela_models/urdf/allegro_hand_right_taxel1.urdf
-- Up-to-date: /workspace/LeapXELA_Hardware_ws/install/xela_models/share/xela_models/urdf/1x6.xacro
-- Up-to-date: /workspace/LeapXELA_Hardware_ws/install/xela_models/share/xela_models/urdf/taxel.xacro
-- Up-to-date: /workspace/LeapXELA_Hardware_ws/install/xela_models/share/xela_models/urdf/generate_for_mujoco.sh
-- Up-to-date: /workspace/LeapXELA_Hardware_ws/install/xela_models/share/xela_models/urdf/aftc.xacro
-- Up-to-date: /workspace/LeapXELA_Hardware_ws/install/xela_models/share/xela_models/launch
-- Up-to-date: /workspace/LeapXELA_Hardware_ws/install/xela_models/share/xela_models/launch/urdf.launch
-- Up-to-date: /workspace/LeapXELA_Hardware_ws/install/xela_models/share/xela_models/launch/urdf.launch.py
-- Up-to-date: /workspace/LeapXELA_Hardware_ws/install/xela_models/share/xela_models/launch/display.launch.py
-- Up-to-date: /workspace/LeapXELA_Hardware_ws/install/xela_models/share/xela_models/launch/display.launch
-- Up-to-date: /workspace/LeapXELA_Hardware_ws/install/xela_models/share/xela_models/mesh
-- Up-to-date: /workspace/LeapXELA_Hardware_ws/install/xela_models/share/xela_models/mesh/aftc_taxel1_mujoco.xml
-- Up-to-date: /workspace/LeapXELA_Hardware_ws/install/xela_models/share/xela_models/mesh/mjmodel.xml
-- Up-to-date: /workspace/LeapXELA_Hardware_ws/install/xela_models/share/xela_models/mesh/aftf_taxel1_mujoco.urdf
-- Up-to-date: /workspace/LeapXELA_Hardware_ws/install/xela_models/share/xela_models/mesh/4x6.stl
-- Up-to-date: /workspace/LeapXELA_Hardware_ws/install/xela_models/share/xela_models/mesh/ft_f.stl
-- Up-to-date: /workspace/LeapXELA_Hardware_ws/install/xela_models/share/xela_models/mesh/ft_c.stl
-- Up-to-date: /workspace/LeapXELA_Hardware_ws/install/xela_models/share/xela_models/mesh/allegro
-- Up-to-date: /workspace/LeapXELA_Hardware_ws/install/xela_models/share/xela_models/mesh/allegro/link_3.0_ext.STL
-- Up-to-date: /workspace/LeapXELA_Hardware_ws/install/xela_models/share/xela_models/mesh/allegro/link_1.0.stl
-- Up-to-date: /workspace/LeapXELA_Hardware_ws/install/xela_models/share/xela_models/mesh/allegro/thumb_1_cover.stl
-- Up-to-date: /workspace/LeapXELA_Hardware_ws/install/xela_models/share/xela_models/mesh/allegro/link_12.0_right.STL
-- Up-to-date: /workspace/LeapXELA_Hardware_ws/install/xela_models/share/xela_models/mesh/allegro/link_1_cover.stl
-- Up-to-date: /workspace/LeapXELA_Hardware_ws/install/xela_models/share/xela_models/mesh/allegro/ahft_default.STL
-- Up-to-date: /workspace/LeapXELA_Hardware_ws/install/xela_models/share/xela_models/mesh/allegro/link_2_cover.stl
-- Up-to-date: /workspace/LeapXELA_Hardware_ws/install/xela_models/share/xela_models/mesh/allegro/base_ns.stl
-- Up-to-date: /workspace/LeapXELA_Hardware_ws/install/xela_models/share/xela_models/mesh/allegro/link_0.0_ext.STL
-- Up-to-date: /workspace/LeapXELA_Hardware_ws/install/xela_models/share/xela_models/mesh/allegro/link_13.0.STL
-- Up-to-date: /workspace/LeapXELA_Hardware_ws/install/xela_models/share/xela_models/mesh/allegro/link_3.0.STL
-- Up-to-date: /workspace/LeapXELA_Hardware_ws/install/xela_models/share/xela_models/mesh/allegro/thumb_2.0.stl
-- Up-to-date: /workspace/LeapXELA_Hardware_ws/install/xela_models/share/xela_models/mesh/allegro/thumb_1.0.stl
-- Up-to-date: /workspace/LeapXELA_Hardware_ws/install/xela_models/share/xela_models/mesh/allegro/link_0.0.STL
-- Up-to-date: /workspace/LeapXELA_Hardware_ws/install/xela_models/share/xela_models/mesh/allegro/base.stl
-- Up-to-date: /workspace/LeapXELA_Hardware_ws/install/xela_models/share/xela_models/mesh/allegro/thumb_2_cover.stl
-- Up-to-date: /workspace/LeapXELA_Hardware_ws/install/xela_models/share/xela_models/mesh/allegro/link_2.0.stl
-- Up-to-date: /workspace/LeapXELA_Hardware_ws/install/xela_models/share/xela_models/mesh/4x4.urdf
-- Up-to-date: /workspace/LeapXELA_Hardware_ws/install/xela_models/share/xela_models/mesh/4x4.stl
-- Up-to-date: /workspace/LeapXELA_Hardware_ws/install/xela_models/share/xela_models/mesh/1x6.stl
-- Up-to-date: /workspace/LeapXELA_Hardware_ws/install/xela_models/share/xela_models/mesh/aftc_taxel1_mujoco.urdf
-- Up-to-date: /workspace/LeapXELA_Hardware_ws/install/xela_models/share/xela_models/mesh/4x6_taxel1.urdf
-- Up-to-date: /workspace/LeapXELA_Hardware_ws/install/xela_models/share/ament_index/resource_index/package_run_dependencies/xela_models
-- Up-to-date: /workspace/LeapXELA_Hardware_ws/install/xela_models/share/ament_index/resource_index/parent_prefix_path/xela_models
-- Up-to-date: /workspace/LeapXELA_Hardware_ws/install/xela_models/share/xela_models/environment/ament_prefix_path.sh
-- Up-to-date: /workspace/LeapXELA_Hardware_ws/install/xela_models/share/xela_models/environment/ament_prefix_path.dsv
-- Up-to-date: /workspace/LeapXELA_Hardware_ws/install/xela_models/share/xela_models/environment/path.sh
-- Up-to-date: /workspace/LeapXELA_Hardware_ws/install/xela_models/share/xela_models/environment/path.dsv
-- Up-to-date: /workspace/LeapXELA_Hardware_ws/install/xela_models/share/xela_models/local_setup.bash
-- Up-to-date: /workspace/LeapXELA_Hardware_ws/install/xela_models/share/xela_models/local_setup.sh
-- Up-to-date: /workspace/LeapXELA_Hardware_ws/install/xela_models/share/xela_models/local_setup.zsh
-- Up-to-date: /workspace/LeapXELA_Hardware_ws/install/xela_models/share/xela_models/local_setup.dsv
-- Up-to-date: /workspace/LeapXELA_Hardware_ws/install/xela_models/share/xela_models/package.dsv
-- Up-to-date: /workspace/LeapXELA_Hardware_ws/install/xela_models/share/ament_index/resource_index/packages/xela_models
-- Up-to-date: /workspace/LeapXELA_Hardware_ws/install/xela_models/share/xela_models/cmake/xela_modelsConfig.cmake
-- Up-to-date: /workspace/LeapXELA_Hardware_ws/install/xela_models/share/xela_models/cmake/xela_modelsConfig-version.cmake
-- Up-to-date: /workspace/LeapXELA_Hardware_ws/install/xela_models/share/xela_models/package.xml
