[0.982s] Invoking command in '/workspace/LeapXELA_Hardware_ws/build/xela_models': CMAKE_PREFIX_PATH=/opt/ros/humble /usr/bin/cmake --build /workspace/LeapXELA_Hardware_ws/build/xela_models -- -j16 -l16
[1.975s] Invoked command in '/workspace/LeapXELA_Hardware_ws/build/xela_models' returned '0': CMAKE_PREFIX_PATH=/opt/ros/humble /usr/bin/cmake --build /workspace/LeapXELA_Hardware_ws/build/xela_models -- -j16 -l16
[1.991s] Invoking command in '/workspace/LeapXELA_Hardware_ws/build/xela_models': CMAKE_PREFIX_PATH=/opt/ros/humble /usr/bin/cmake --install /workspace/LeapXELA_Hardware_ws/build/xela_models
[2.004s] -- Install configuration: ""
[2.005s] -- Up-to-date: /workspace/LeapXELA_Hardware_ws/install/xela_models/share/xela_models/rviz
[2.005s] -- Up-to-date: /workspace/LeapXELA_Hardware_ws/install/xela_models/share/xela_models/rviz/urdf.rviz
[2.005s] -- Up-to-date: /workspace/LeapXELA_Hardware_ws/install/xela_models/share/xela_models/urdf
[2.005s] -- Up-to-date: /workspace/LeapXELA_Hardware_ws/install/xela_models/share/xela_models/urdf/4x4.xacro
[2.006s] -- Up-to-date: /workspace/LeapXELA_Hardware_ws/install/xela_models/share/xela_models/urdf/xela.xacro
[2.006s] -- Up-to-date: /workspace/LeapXELA_Hardware_ws/install/xela_models/share/xela_models/urdf/ahrcpcpn.urdf
[2.006s] -- Up-to-date: /workspace/LeapXELA_Hardware_ws/install/xela_models/share/xela_models/urdf/generate_aftc_urdf.sh
[2.006s] -- Up-to-date: /workspace/LeapXELA_Hardware_ws/install/xela_models/share/xela_models/urdf/aftf_taxel1_mujoco.urdf
[2.007s] -- Up-to-date: /workspace/LeapXELA_Hardware_ws/install/xela_models/share/xela_models/urdf/generate_4x6_urdf.sh
[2.007s] -- Up-to-date: /workspace/LeapXELA_Hardware_ws/install/xela_models/share/xela_models/urdf/generate_aftf_for_mujoco.sh
[2.007s] -- Up-to-date: /workspace/LeapXELA_Hardware_ws/install/xela_models/share/xela_models/urdf/aftf.xacro
[2.007s] -- Up-to-date: /workspace/LeapXELA_Hardware_ws/install/xela_models/share/xela_models/urdf/allegro_hand_right_taxel1_mujoco.urdf
[2.007s] -- Up-to-date: /workspace/LeapXELA_Hardware_ws/install/xela_models/share/xela_models/urdf/generate_aftf_urdf.sh
[2.008s] -- Up-to-date: /workspace/LeapXELA_Hardware_ws/install/xela_models/share/xela_models/urdf/4x4.urdf
[2.008s] -- Up-to-date: /workspace/LeapXELA_Hardware_ws/install/xela_models/share/xela_models/urdf/generate_allegro_urdf.sh
[2.008s] -- Up-to-date: /workspace/LeapXELA_Hardware_ws/install/xela_models/share/xela_models/urdf/4x6.xacro
[2.008s] -- Up-to-date: /workspace/LeapXELA_Hardware_ws/install/xela_models/share/xela_models/urdf/allegro_hand_right.xacro
[2.008s] -- Up-to-date: /workspace/LeapXELA_Hardware_ws/install/xela_models/share/xela_models/urdf/generate_aftc_for_mujoco.sh
[2.008s] -- Up-to-date: /workspace/LeapXELA_Hardware_ws/install/xela_models/share/xela_models/urdf/allegro_hand_right_taxel1.urdf
[2.008s] -- Up-to-date: /workspace/LeapXELA_Hardware_ws/install/xela_models/share/xela_models/urdf/1x6.xacro
[2.008s] -- Up-to-date: /workspace/LeapXELA_Hardware_ws/install/xela_models/share/xela_models/urdf/taxel.xacro
[2.009s] -- Up-to-date: /workspace/LeapXELA_Hardware_ws/install/xela_models/share/xela_models/urdf/generate_for_mujoco.sh
[2.009s] -- Up-to-date: /workspace/LeapXELA_Hardware_ws/install/xela_models/share/xela_models/urdf/aftc.xacro
[2.009s] -- Up-to-date: /workspace/LeapXELA_Hardware_ws/install/xela_models/share/xela_models/launch
[2.009s] -- Up-to-date: /workspace/LeapXELA_Hardware_ws/install/xela_models/share/xela_models/launch/urdf.launch
[2.009s] -- Up-to-date: /workspace/LeapXELA_Hardware_ws/install/xela_models/share/xela_models/launch/urdf.launch.py
[2.009s] -- Up-to-date: /workspace/LeapXELA_Hardware_ws/install/xela_models/share/xela_models/launch/display.launch.py
[2.009s] -- Up-to-date: /workspace/LeapXELA_Hardware_ws/install/xela_models/share/xela_models/launch/display.launch
[2.009s] -- Up-to-date: /workspace/LeapXELA_Hardware_ws/install/xela_models/share/xela_models/mesh
[2.009s] -- Up-to-date: /workspace/LeapXELA_Hardware_ws/install/xela_models/share/xela_models/mesh/aftc_taxel1_mujoco.xml
[2.010s] -- Up-to-date: /workspace/LeapXELA_Hardware_ws/install/xela_models/share/xela_models/mesh/mjmodel.xml
[2.010s] -- Up-to-date: /workspace/LeapXELA_Hardware_ws/install/xela_models/share/xela_models/mesh/aftf_taxel1_mujoco.urdf
[2.010s] -- Up-to-date: /workspace/LeapXELA_Hardware_ws/install/xela_models/share/xela_models/mesh/4x6.stl
[2.010s] -- Up-to-date: /workspace/LeapXELA_Hardware_ws/install/xela_models/share/xela_models/mesh/ft_f.stl
[2.010s] -- Up-to-date: /workspace/LeapXELA_Hardware_ws/install/xela_models/share/xela_models/mesh/ft_c.stl
[2.010s] -- Up-to-date: /workspace/LeapXELA_Hardware_ws/install/xela_models/share/xela_models/mesh/allegro
[2.010s] -- Up-to-date: /workspace/LeapXELA_Hardware_ws/install/xela_models/share/xela_models/mesh/allegro/link_3.0_ext.STL
[2.010s] -- Up-to-date: /workspace/LeapXELA_Hardware_ws/install/xela_models/share/xela_models/mesh/allegro/link_1.0.stl
[2.011s] -- Up-to-date: /workspace/LeapXELA_Hardware_ws/install/xela_models/share/xela_models/mesh/allegro/thumb_1_cover.stl
[2.011s] -- Up-to-date: /workspace/LeapXELA_Hardware_ws/install/xela_models/share/xela_models/mesh/allegro/link_12.0_right.STL
[2.011s] -- Up-to-date: /workspace/LeapXELA_Hardware_ws/install/xela_models/share/xela_models/mesh/allegro/link_1_cover.stl
[2.011s] -- Up-to-date: /workspace/LeapXELA_Hardware_ws/install/xela_models/share/xela_models/mesh/allegro/ahft_default.STL
[2.011s] -- Up-to-date: /workspace/LeapXELA_Hardware_ws/install/xela_models/share/xela_models/mesh/allegro/link_2_cover.stl
[2.011s] -- Up-to-date: /workspace/LeapXELA_Hardware_ws/install/xela_models/share/xela_models/mesh/allegro/base_ns.stl
[2.011s] -- Up-to-date: /workspace/LeapXELA_Hardware_ws/install/xela_models/share/xela_models/mesh/allegro/link_0.0_ext.STL
[2.011s] -- Up-to-date: /workspace/LeapXELA_Hardware_ws/install/xela_models/share/xela_models/mesh/allegro/link_13.0.STL
[2.012s] -- Up-to-date: /workspace/LeapXELA_Hardware_ws/install/xela_models/share/xela_models/mesh/allegro/link_3.0.STL
[2.012s] -- Up-to-date: /workspace/LeapXELA_Hardware_ws/install/xela_models/share/xela_models/mesh/allegro/thumb_2.0.stl
[2.012s] -- Up-to-date: /workspace/LeapXELA_Hardware_ws/install/xela_models/share/xela_models/mesh/allegro/thumb_1.0.stl
[2.012s] -- Up-to-date: /workspace/LeapXELA_Hardware_ws/install/xela_models/share/xela_models/mesh/allegro/link_0.0.STL
[2.012s] -- Up-to-date: /workspace/LeapXELA_Hardware_ws/install/xela_models/share/xela_models/mesh/allegro/base.stl
[2.012s] -- Up-to-date: /workspace/LeapXELA_Hardware_ws/install/xela_models/share/xela_models/mesh/allegro/thumb_2_cover.stl
[2.012s] -- Up-to-date: /workspace/LeapXELA_Hardware_ws/install/xela_models/share/xela_models/mesh/allegro/link_2.0.stl
[2.012s] -- Up-to-date: /workspace/LeapXELA_Hardware_ws/install/xela_models/share/xela_models/mesh/4x4.urdf
[2.013s] -- Up-to-date: /workspace/LeapXELA_Hardware_ws/install/xela_models/share/xela_models/mesh/4x4.stl
[2.013s] -- Up-to-date: /workspace/LeapXELA_Hardware_ws/install/xela_models/share/xela_models/mesh/1x6.stl
[2.013s] -- Up-to-date: /workspace/LeapXELA_Hardware_ws/install/xela_models/share/xela_models/mesh/aftc_taxel1_mujoco.urdf
[2.013s] -- Up-to-date: /workspace/LeapXELA_Hardware_ws/install/xela_models/share/xela_models/mesh/4x6_taxel1.urdf
[2.013s] -- Up-to-date: /workspace/LeapXELA_Hardware_ws/install/xela_models/share/ament_index/resource_index/package_run_dependencies/xela_models
[2.013s] -- Up-to-date: /workspace/LeapXELA_Hardware_ws/install/xela_models/share/ament_index/resource_index/parent_prefix_path/xela_models
[2.013s] -- Up-to-date: /workspace/LeapXELA_Hardware_ws/install/xela_models/share/xela_models/environment/ament_prefix_path.sh
[2.013s] -- Up-to-date: /workspace/LeapXELA_Hardware_ws/install/xela_models/share/xela_models/environment/ament_prefix_path.dsv
[2.013s] -- Up-to-date: /workspace/LeapXELA_Hardware_ws/install/xela_models/share/xela_models/environment/path.sh
[2.013s] -- Up-to-date: /workspace/LeapXELA_Hardware_ws/install/xela_models/share/xela_models/environment/path.dsv
[2.013s] -- Up-to-date: /workspace/LeapXELA_Hardware_ws/install/xela_models/share/xela_models/local_setup.bash
[2.014s] -- Up-to-date: /workspace/LeapXELA_Hardware_ws/install/xela_models/share/xela_models/local_setup.sh
[2.014s] -- Up-to-date: /workspace/LeapXELA_Hardware_ws/install/xela_models/share/xela_models/local_setup.zsh
[2.014s] -- Up-to-date: /workspace/LeapXELA_Hardware_ws/install/xela_models/share/xela_models/local_setup.dsv
[2.014s] -- Up-to-date: /workspace/LeapXELA_Hardware_ws/install/xela_models/share/xela_models/package.dsv
[2.015s] -- Up-to-date: /workspace/LeapXELA_Hardware_ws/install/xela_models/share/ament_index/resource_index/packages/xela_models
[2.016s] -- Up-to-date: /workspace/LeapXELA_Hardware_ws/install/xela_models/share/xela_models/cmake/xela_modelsConfig.cmake
[2.016s] -- Up-to-date: /workspace/LeapXELA_Hardware_ws/install/xela_models/share/xela_models/cmake/xela_modelsConfig-version.cmake
[2.016s] -- Up-to-date: /workspace/LeapXELA_Hardware_ws/install/xela_models/share/xela_models/package.xml
[2.016s] Invoked command in '/workspace/LeapXELA_Hardware_ws/build/xela_models' returned '0': CMAKE_PREFIX_PATH=/opt/ros/humble /usr/bin/cmake --install /workspace/LeapXELA_Hardware_ws/build/xela_models
