running egg_info
creating ../build/xela_data_collection/xela_data_collection.egg-info
writing ../build/xela_data_collection/xela_data_collection.egg-info/PKG-INFO
writing dependency_links to ../build/xela_data_collection/xela_data_collection.egg-info/dependency_links.txt
writing entry points to ../build/xela_data_collection/xela_data_collection.egg-info/entry_points.txt
writing requirements to ../build/xela_data_collection/xela_data_collection.egg-info/requires.txt
writing top-level names to ../build/xela_data_collection/xela_data_collection.egg-info/top_level.txt
writing manifest file '../build/xela_data_collection/xela_data_collection.egg-info/SOURCES.txt'
reading manifest file '../build/xela_data_collection/xela_data_collection.egg-info/SOURCES.txt'
writing manifest file '../build/xela_data_collection/xela_data_collection.egg-info/SOURCES.txt'
running build
running build_py
creating /workspace/LeapXELA_Hardware_ws/ros_ws/src/build/xela_data_collection/build
creating /workspace/LeapXELA_Hardware_ws/ros_ws/src/build/xela_data_collection/build/lib
creating /workspace/LeapXELA_Hardware_ws/ros_ws/src/build/xela_data_collection/build/lib/xela_data_collection
copying xela_data_collection/__init__.py -> /workspace/LeapXELA_Hardware_ws/ros_ws/src/build/xela_data_collection/build/lib/xela_data_collection
copying xela_data_collection/xela_taxel_visulizer.py -> /workspace/LeapXELA_Hardware_ws/ros_ws/src/build/xela_data_collection/build/lib/xela_data_collection
copying xela_data_collection/xela_qt_taxel_visualizer.py -> /workspace/LeapXELA_Hardware_ws/ros_ws/src/build/xela_data_collection/build/lib/xela_data_collection
copying xela_data_collection/xela_data_collector.py -> /workspace/LeapXELA_Hardware_ws/ros_ws/src/build/xela_data_collection/build/lib/xela_data_collection
copying xela_data_collection/xela_image_publisher.py -> /workspace/LeapXELA_Hardware_ws/ros_ws/src/build/xela_data_collection/build/lib/xela_data_collection
copying xela_data_collection/xela_dataset_visulizer.py -> /workspace/LeapXELA_Hardware_ws/ros_ws/src/build/xela_data_collection/build/lib/xela_data_collection
copying xela_data_collection/leapXelaMap.py -> /workspace/LeapXELA_Hardware_ws/ros_ws/src/build/xela_data_collection/build/lib/xela_data_collection
running install
running install_lib
creating /workspace/LeapXELA_Hardware_ws/ros_ws/src/install/xela_data_collection/lib/python3.10/site-packages/xela_data_collection
copying /workspace/LeapXELA_Hardware_ws/ros_ws/src/build/xela_data_collection/build/lib/xela_data_collection/__init__.py -> /workspace/LeapXELA_Hardware_ws/ros_ws/src/install/xela_data_collection/lib/python3.10/site-packages/xela_data_collection
copying /workspace/LeapXELA_Hardware_ws/ros_ws/src/build/xela_data_collection/build/lib/xela_data_collection/xela_taxel_visulizer.py -> /workspace/LeapXELA_Hardware_ws/ros_ws/src/install/xela_data_collection/lib/python3.10/site-packages/xela_data_collection
copying /workspace/LeapXELA_Hardware_ws/ros_ws/src/build/xela_data_collection/build/lib/xela_data_collection/xela_qt_taxel_visualizer.py -> /workspace/LeapXELA_Hardware_ws/ros_ws/src/install/xela_data_collection/lib/python3.10/site-packages/xela_data_collection
copying /workspace/LeapXELA_Hardware_ws/ros_ws/src/build/xela_data_collection/build/lib/xela_data_collection/xela_data_collector.py -> /workspace/LeapXELA_Hardware_ws/ros_ws/src/install/xela_data_collection/lib/python3.10/site-packages/xela_data_collection
copying /workspace/LeapXELA_Hardware_ws/ros_ws/src/build/xela_data_collection/build/lib/xela_data_collection/xela_image_publisher.py -> /workspace/LeapXELA_Hardware_ws/ros_ws/src/install/xela_data_collection/lib/python3.10/site-packages/xela_data_collection
copying /workspace/LeapXELA_Hardware_ws/ros_ws/src/build/xela_data_collection/build/lib/xela_data_collection/xela_dataset_visulizer.py -> /workspace/LeapXELA_Hardware_ws/ros_ws/src/install/xela_data_collection/lib/python3.10/site-packages/xela_data_collection
copying /workspace/LeapXELA_Hardware_ws/ros_ws/src/build/xela_data_collection/build/lib/xela_data_collection/leapXelaMap.py -> /workspace/LeapXELA_Hardware_ws/ros_ws/src/install/xela_data_collection/lib/python3.10/site-packages/xela_data_collection
byte-compiling /workspace/LeapXELA_Hardware_ws/ros_ws/src/install/xela_data_collection/lib/python3.10/site-packages/xela_data_collection/__init__.py to __init__.cpython-310.pyc
byte-compiling /workspace/LeapXELA_Hardware_ws/ros_ws/src/install/xela_data_collection/lib/python3.10/site-packages/xela_data_collection/xela_taxel_visulizer.py to xela_taxel_visulizer.cpython-310.pyc
byte-compiling /workspace/LeapXELA_Hardware_ws/ros_ws/src/install/xela_data_collection/lib/python3.10/site-packages/xela_data_collection/xela_qt_taxel_visualizer.py to xela_qt_taxel_visualizer.cpython-310.pyc
byte-compiling /workspace/LeapXELA_Hardware_ws/ros_ws/src/install/xela_data_collection/lib/python3.10/site-packages/xela_data_collection/xela_data_collector.py to xela_data_collector.cpython-310.pyc
byte-compiling /workspace/LeapXELA_Hardware_ws/ros_ws/src/install/xela_data_collection/lib/python3.10/site-packages/xela_data_collection/xela_image_publisher.py to xela_image_publisher.cpython-310.pyc
byte-compiling /workspace/LeapXELA_Hardware_ws/ros_ws/src/install/xela_data_collection/lib/python3.10/site-packages/xela_data_collection/xela_dataset_visulizer.py to xela_dataset_visulizer.cpython-310.pyc
byte-compiling /workspace/LeapXELA_Hardware_ws/ros_ws/src/install/xela_data_collection/lib/python3.10/site-packages/xela_data_collection/leapXelaMap.py to leapXelaMap.cpython-310.pyc
running install_data
creating /workspace/LeapXELA_Hardware_ws/ros_ws/src/install/xela_data_collection/share/ament_index
creating /workspace/LeapXELA_Hardware_ws/ros_ws/src/install/xela_data_collection/share/ament_index/resource_index
creating /workspace/LeapXELA_Hardware_ws/ros_ws/src/install/xela_data_collection/share/ament_index/resource_index/packages
copying resource/xela_data_collection -> /workspace/LeapXELA_Hardware_ws/ros_ws/src/install/xela_data_collection/share/ament_index/resource_index/packages
copying package.xml -> /workspace/LeapXELA_Hardware_ws/ros_ws/src/install/xela_data_collection/share/xela_data_collection
creating /workspace/LeapXELA_Hardware_ws/ros_ws/src/install/xela_data_collection/share/xela_data_collection/launch
copying launch/xela_server_and_client.launch.py -> /workspace/LeapXELA_Hardware_ws/ros_ws/src/install/xela_data_collection/share/xela_data_collection/launch
copying launch/xela_dataset_visulizer.launch.py -> /workspace/LeapXELA_Hardware_ws/ros_ws/src/install/xela_data_collection/share/xela_data_collection/launch
running install_egg_info
Copying ../build/xela_data_collection/xela_data_collection.egg-info to /workspace/LeapXELA_Hardware_ws/ros_ws/src/install/xela_data_collection/lib/python3.10/site-packages/xela_data_collection-0.0.1-py3.10.egg-info
running install_scripts
Installing xela_data_collector script to /workspace/LeapXELA_Hardware_ws/ros_ws/src/install/xela_data_collection/lib/xela_data_collection
Installing xela_dataset_visulizer script to /workspace/LeapXELA_Hardware_ws/ros_ws/src/install/xela_data_collection/lib/xela_data_collection
Installing xela_image_publisher script to /workspace/LeapXELA_Hardware_ws/ros_ws/src/install/xela_data_collection/lib/xela_data_collection
Installing xela_qt_taxel_visualizer script to /workspace/LeapXELA_Hardware_ws/ros_ws/src/install/xela_data_collection/lib/xela_data_collection
Installing xela_taxel_visulizer script to /workspace/LeapXELA_Hardware_ws/ros_ws/src/install/xela_data_collection/lib/xela_data_collection
writing list of installed files to '/workspace/LeapXELA_Hardware_ws/ros_ws/src/build/xela_data_collection/install.log'
