[1.220s] Invoking command in '/workspace/LeapXELA_Hardware_ws/ros_ws/src/xela_data_collection': AMENT_PREFIX_PATH=/workspace/LeapXELA_Hardware_ws/ros_ws/src/install/xela_server_ros2:${AMENT_PREFIX_PATH} CMAKE_PREFIX_PATH=/workspace/LeapXELA_Hardware_ws/ros_ws/src/install/xela_server_ros2 LD_LIBRARY_PATH=/workspace/LeapXELA_Hardware_ws/ros_ws/src/install/xela_server_ros2/lib:${LD_LIBRARY_PATH} PYTHONPATH=/workspace/LeapXELA_Hardware_ws/ros_ws/src/build/xela_data_collection/prefix_override:/usr/lib/python3/dist-packages/colcon_core/task/python/colcon_distutils_commands:/workspace/LeapXELA_Hardware_ws/ros_ws/src/install/xela_data_collection/lib/python3.10/site-packages:/workspace/LeapXELA_Hardware_ws/ros_ws/src/install/xela_server_ros2/local/lib/python3.10/dist-packages:${PYTHONPATH} /usr/bin/python3 -W ignore:setup.py install is deprecated -W ignore:easy_install command is deprecated setup.py egg_info --egg-base ../build/xela_data_collection build --build-base /workspace/LeapXELA_Hardware_ws/ros_ws/src/build/xela_data_collection/build install --record /workspace/LeapXELA_Hardware_ws/ros_ws/src/build/xela_data_collection/install.log --single-version-externally-managed install_data
[1.756s] running egg_info
[1.757s] creating ../build/xela_data_collection/xela_data_collection.egg-info
[1.758s] writing ../build/xela_data_collection/xela_data_collection.egg-info/PKG-INFO
[1.758s] writing dependency_links to ../build/xela_data_collection/xela_data_collection.egg-info/dependency_links.txt
[1.758s] writing entry points to ../build/xela_data_collection/xela_data_collection.egg-info/entry_points.txt
[1.759s] writing requirements to ../build/xela_data_collection/xela_data_collection.egg-info/requires.txt
[1.759s] writing top-level names to ../build/xela_data_collection/xela_data_collection.egg-info/top_level.txt
[1.759s] writing manifest file '../build/xela_data_collection/xela_data_collection.egg-info/SOURCES.txt'
[1.764s] reading manifest file '../build/xela_data_collection/xela_data_collection.egg-info/SOURCES.txt'
[1.767s] writing manifest file '../build/xela_data_collection/xela_data_collection.egg-info/SOURCES.txt'
[1.767s] running build
[1.767s] running build_py
[1.768s] creating /workspace/LeapXELA_Hardware_ws/ros_ws/src/build/xela_data_collection/build
[1.768s] creating /workspace/LeapXELA_Hardware_ws/ros_ws/src/build/xela_data_collection/build/lib
[1.768s] creating /workspace/LeapXELA_Hardware_ws/ros_ws/src/build/xela_data_collection/build/lib/xela_data_collection
[1.768s] copying xela_data_collection/__init__.py -> /workspace/LeapXELA_Hardware_ws/ros_ws/src/build/xela_data_collection/build/lib/xela_data_collection
[1.768s] copying xela_data_collection/xela_taxel_visulizer.py -> /workspace/LeapXELA_Hardware_ws/ros_ws/src/build/xela_data_collection/build/lib/xela_data_collection
[1.768s] copying xela_data_collection/xela_qt_taxel_visualizer.py -> /workspace/LeapXELA_Hardware_ws/ros_ws/src/build/xela_data_collection/build/lib/xela_data_collection
[1.768s] copying xela_data_collection/xela_data_collector.py -> /workspace/LeapXELA_Hardware_ws/ros_ws/src/build/xela_data_collection/build/lib/xela_data_collection
[1.769s] copying xela_data_collection/xela_image_publisher.py -> /workspace/LeapXELA_Hardware_ws/ros_ws/src/build/xela_data_collection/build/lib/xela_data_collection
[1.769s] copying xela_data_collection/xela_dataset_visulizer.py -> /workspace/LeapXELA_Hardware_ws/ros_ws/src/build/xela_data_collection/build/lib/xela_data_collection
[1.769s] copying xela_data_collection/leapXelaMap.py -> /workspace/LeapXELA_Hardware_ws/ros_ws/src/build/xela_data_collection/build/lib/xela_data_collection
[1.770s] running install
[1.771s] running install_lib
[1.773s] creating /workspace/LeapXELA_Hardware_ws/ros_ws/src/install/xela_data_collection/lib/python3.10/site-packages/xela_data_collection
[1.773s] copying /workspace/LeapXELA_Hardware_ws/ros_ws/src/build/xela_data_collection/build/lib/xela_data_collection/__init__.py -> /workspace/LeapXELA_Hardware_ws/ros_ws/src/install/xela_data_collection/lib/python3.10/site-packages/xela_data_collection
[1.773s] copying /workspace/LeapXELA_Hardware_ws/ros_ws/src/build/xela_data_collection/build/lib/xela_data_collection/xela_taxel_visulizer.py -> /workspace/LeapXELA_Hardware_ws/ros_ws/src/install/xela_data_collection/lib/python3.10/site-packages/xela_data_collection
[1.773s] copying /workspace/LeapXELA_Hardware_ws/ros_ws/src/build/xela_data_collection/build/lib/xela_data_collection/xela_qt_taxel_visualizer.py -> /workspace/LeapXELA_Hardware_ws/ros_ws/src/install/xela_data_collection/lib/python3.10/site-packages/xela_data_collection
[1.774s] copying /workspace/LeapXELA_Hardware_ws/ros_ws/src/build/xela_data_collection/build/lib/xela_data_collection/xela_data_collector.py -> /workspace/LeapXELA_Hardware_ws/ros_ws/src/install/xela_data_collection/lib/python3.10/site-packages/xela_data_collection
[1.774s] copying /workspace/LeapXELA_Hardware_ws/ros_ws/src/build/xela_data_collection/build/lib/xela_data_collection/xela_image_publisher.py -> /workspace/LeapXELA_Hardware_ws/ros_ws/src/install/xela_data_collection/lib/python3.10/site-packages/xela_data_collection
[1.774s] copying /workspace/LeapXELA_Hardware_ws/ros_ws/src/build/xela_data_collection/build/lib/xela_data_collection/xela_dataset_visulizer.py -> /workspace/LeapXELA_Hardware_ws/ros_ws/src/install/xela_data_collection/lib/python3.10/site-packages/xela_data_collection
[1.774s] copying /workspace/LeapXELA_Hardware_ws/ros_ws/src/build/xela_data_collection/build/lib/xela_data_collection/leapXelaMap.py -> /workspace/LeapXELA_Hardware_ws/ros_ws/src/install/xela_data_collection/lib/python3.10/site-packages/xela_data_collection
[1.776s] byte-compiling /workspace/LeapXELA_Hardware_ws/ros_ws/src/install/xela_data_collection/lib/python3.10/site-packages/xela_data_collection/__init__.py to __init__.cpython-310.pyc
[1.776s] byte-compiling /workspace/LeapXELA_Hardware_ws/ros_ws/src/install/xela_data_collection/lib/python3.10/site-packages/xela_data_collection/xela_taxel_visulizer.py to xela_taxel_visulizer.cpython-310.pyc
[1.779s] byte-compiling /workspace/LeapXELA_Hardware_ws/ros_ws/src/install/xela_data_collection/lib/python3.10/site-packages/xela_data_collection/xela_qt_taxel_visualizer.py to xela_qt_taxel_visualizer.cpython-310.pyc
[1.784s] byte-compiling /workspace/LeapXELA_Hardware_ws/ros_ws/src/install/xela_data_collection/lib/python3.10/site-packages/xela_data_collection/xela_data_collector.py to xela_data_collector.cpython-310.pyc
[1.789s] byte-compiling /workspace/LeapXELA_Hardware_ws/ros_ws/src/install/xela_data_collection/lib/python3.10/site-packages/xela_data_collection/xela_image_publisher.py to xela_image_publisher.cpython-310.pyc
[1.792s] byte-compiling /workspace/LeapXELA_Hardware_ws/ros_ws/src/install/xela_data_collection/lib/python3.10/site-packages/xela_data_collection/xela_dataset_visulizer.py to xela_dataset_visulizer.cpython-310.pyc
[1.803s] byte-compiling /workspace/LeapXELA_Hardware_ws/ros_ws/src/install/xela_data_collection/lib/python3.10/site-packages/xela_data_collection/leapXelaMap.py to leapXelaMap.cpython-310.pyc
[1.815s] running install_data
[1.815s] creating /workspace/LeapXELA_Hardware_ws/ros_ws/src/install/xela_data_collection/share/ament_index
[1.815s] creating /workspace/LeapXELA_Hardware_ws/ros_ws/src/install/xela_data_collection/share/ament_index/resource_index
[1.816s] creating /workspace/LeapXELA_Hardware_ws/ros_ws/src/install/xela_data_collection/share/ament_index/resource_index/packages
[1.816s] copying resource/xela_data_collection -> /workspace/LeapXELA_Hardware_ws/ros_ws/src/install/xela_data_collection/share/ament_index/resource_index/packages
[1.816s] copying package.xml -> /workspace/LeapXELA_Hardware_ws/ros_ws/src/install/xela_data_collection/share/xela_data_collection
[1.817s] creating /workspace/LeapXELA_Hardware_ws/ros_ws/src/install/xela_data_collection/share/xela_data_collection/launch
[1.817s] copying launch/xela_server_and_client.launch.py -> /workspace/LeapXELA_Hardware_ws/ros_ws/src/install/xela_data_collection/share/xela_data_collection/launch
[1.817s] copying launch/xela_dataset_visulizer.launch.py -> /workspace/LeapXELA_Hardware_ws/ros_ws/src/install/xela_data_collection/share/xela_data_collection/launch
[1.818s] running install_egg_info
[1.822s] Copying ../build/xela_data_collection/xela_data_collection.egg-info to /workspace/LeapXELA_Hardware_ws/ros_ws/src/install/xela_data_collection/lib/python3.10/site-packages/xela_data_collection-0.0.1-py3.10.egg-info
[1.824s] running install_scripts
[1.882s] Installing xela_data_collector script to /workspace/LeapXELA_Hardware_ws/ros_ws/src/install/xela_data_collection/lib/xela_data_collection
[1.882s] Installing xela_dataset_visulizer script to /workspace/LeapXELA_Hardware_ws/ros_ws/src/install/xela_data_collection/lib/xela_data_collection
[1.882s] Installing xela_image_publisher script to /workspace/LeapXELA_Hardware_ws/ros_ws/src/install/xela_data_collection/lib/xela_data_collection
[1.883s] Installing xela_qt_taxel_visualizer script to /workspace/LeapXELA_Hardware_ws/ros_ws/src/install/xela_data_collection/lib/xela_data_collection
[1.883s] Installing xela_taxel_visulizer script to /workspace/LeapXELA_Hardware_ws/ros_ws/src/install/xela_data_collection/lib/xela_data_collection
[1.883s] writing list of installed files to '/workspace/LeapXELA_Hardware_ws/ros_ws/src/build/xela_data_collection/install.log'
[1.940s] Invoked command in '/workspace/LeapXELA_Hardware_ws/ros_ws/src/xela_data_collection' returned '0': AMENT_PREFIX_PATH=/workspace/LeapXELA_Hardware_ws/ros_ws/src/install/xela_server_ros2:${AMENT_PREFIX_PATH} CMAKE_PREFIX_PATH=/workspace/LeapXELA_Hardware_ws/ros_ws/src/install/xela_server_ros2 LD_LIBRARY_PATH=/workspace/LeapXELA_Hardware_ws/ros_ws/src/install/xela_server_ros2/lib:${LD_LIBRARY_PATH} PYTHONPATH=/workspace/LeapXELA_Hardware_ws/ros_ws/src/build/xela_data_collection/prefix_override:/usr/lib/python3/dist-packages/colcon_core/task/python/colcon_distutils_commands:/workspace/LeapXELA_Hardware_ws/ros_ws/src/install/xela_data_collection/lib/python3.10/site-packages:/workspace/LeapXELA_Hardware_ws/ros_ws/src/install/xela_server_ros2/local/lib/python3.10/dist-packages:${PYTHONPATH} /usr/bin/python3 -W ignore:setup.py install is deprecated -W ignore:easy_install command is deprecated setup.py egg_info --egg-base ../build/xela_data_collection build --build-base /workspace/LeapXELA_Hardware_ws/ros_ws/src/build/xela_data_collection/build install --record /workspace/LeapXELA_Hardware_ws/ros_ws/src/build/xela_data_collection/install.log --single-version-externally-managed install_data
