[0.186s] DEBUG:colcon:Command line arguments: ['/usr/bin/colcon', 'build']
[0.186s] DEBUG:colcon:Parsed command line arguments: Namespace(log_base=None, log_level=None, verb_name='build', build_base='build', install_base='install', merge_install=False, symlink_install=False, test_result_base=None, continue_on_error=False, executor='parallel', parallel_workers=16, event_handlers=None, ignore_user_meta=False, metas=['./colcon.meta'], base_paths=['.'], packages_ignore=None, packages_ignore_regex=None, paths=None, packages_up_to=None, packages_up_to_regex=None, packages_above=None, packages_above_and_dependencies=None, packages_above_depth=None, packages_select_by_dep=None, packages_skip_by_dep=None, packages_skip_up_to=None, packages_select_build_failed=False, packages_skip_build_finished=False, packages_select_test_failures=False, packages_skip_test_passed=False, packages_select=None, packages_skip=None, packages_select_regex=None, packages_skip_regex=None, packages_start=None, packages_end=None, allow_overriding=[], cmake_args=None, cmake_target=None, cmake_target_skip_unavailable=False, cmake_clean_cache=False, cmake_clean_first=False, cmake_force_configure=False, ament_cmake_args=None, catkin_cmake_args=None, catkin_skip_building_tests=False, mixin_files=None, mixin=None, verb_parser=<colcon_mixin.mixin.mixin_argument.MixinArgumentDecorator object at 0x7462712c2a20>, verb_extension=<colcon_core.verb.build.BuildVerb object at 0x7462712705c0>, main=<bound method BuildVerb.main of <colcon_core.verb.build.BuildVerb object at 0x7462712705c0>>, mixin_verb=('build',))
[0.248s] Level 1:colcon.colcon_core.package_discovery:discover_packages(colcon_meta) check parameters
[0.248s] Level 1:colcon.colcon_core.package_discovery:discover_packages(recursive) check parameters
[0.248s] Level 1:colcon.colcon_core.package_discovery:discover_packages(ignore) check parameters
[0.248s] Level 1:colcon.colcon_core.package_discovery:discover_packages(path) check parameters
[0.248s] Level 1:colcon.colcon_core.package_discovery:discover_packages(colcon_meta) discover
[0.248s] Level 1:colcon.colcon_core.package_discovery:discover_packages(recursive) discover
[0.248s] INFO:colcon.colcon_core.package_discovery:Crawling recursively for packages in '/home/mamad/PhD/LeapXELA_Hardware_ws'
[0.249s] Level 1:colcon.colcon_core.package_identification:_identify(.) by extensions ['ignore', 'ignore_ament_install']
[0.249s] Level 1:colcon.colcon_core.package_identification:_identify(.) by extension 'ignore'
[0.249s] Level 1:colcon.colcon_core.package_identification:_identify(.) by extension 'ignore_ament_install'
[0.249s] Level 1:colcon.colcon_core.package_identification:_identify(.) by extensions ['colcon_pkg']
[0.249s] Level 1:colcon.colcon_core.package_identification:_identify(.) by extension 'colcon_pkg'
[0.249s] Level 1:colcon.colcon_core.package_identification:_identify(.) by extensions ['colcon_meta']
[0.249s] Level 1:colcon.colcon_core.package_identification:_identify(.) by extension 'colcon_meta'
[0.249s] Level 1:colcon.colcon_core.package_identification:_identify(.) by extensions ['ros']
[0.249s] Level 1:colcon.colcon_core.package_identification:_identify(.) by extension 'ros'
[0.291s] Level 1:colcon.colcon_core.package_identification:_identify(.) by extensions ['cmake', 'python']
[0.291s] Level 1:colcon.colcon_core.package_identification:_identify(.) by extension 'cmake'
[0.291s] Level 1:colcon.colcon_core.package_identification:_identify(.) by extension 'python'
[0.291s] Level 1:colcon.colcon_core.package_identification:_identify(.) by extensions ['python_setup_py']
[0.292s] Level 1:colcon.colcon_core.package_identification:_identify(.) by extension 'python_setup_py'
[0.292s] Level 1:colcon.colcon_core.package_identification:_identify(build) by extensions ['ignore', 'ignore_ament_install']
[0.292s] Level 1:colcon.colcon_core.package_identification:_identify(build) by extension 'ignore'
[0.292s] Level 1:colcon.colcon_core.package_identification:_identify(build) ignored
[0.292s] Level 1:colcon.colcon_core.package_identification:_identify(docker) by extensions ['ignore', 'ignore_ament_install']
[0.292s] Level 1:colcon.colcon_core.package_identification:_identify(docker) by extension 'ignore'
[0.292s] Level 1:colcon.colcon_core.package_identification:_identify(docker) by extension 'ignore_ament_install'
[0.292s] Level 1:colcon.colcon_core.package_identification:_identify(docker) by extensions ['colcon_pkg']
[0.293s] Level 1:colcon.colcon_core.package_identification:_identify(docker) by extension 'colcon_pkg'
[0.293s] Level 1:colcon.colcon_core.package_identification:_identify(docker) by extensions ['colcon_meta']
[0.293s] Level 1:colcon.colcon_core.package_identification:_identify(docker) by extension 'colcon_meta'
[0.293s] Level 1:colcon.colcon_core.package_identification:_identify(docker) by extensions ['ros']
[0.293s] Level 1:colcon.colcon_core.package_identification:_identify(docker) by extension 'ros'
[0.293s] Level 1:colcon.colcon_core.package_identification:_identify(docker) by extensions ['cmake', 'python']
[0.293s] Level 1:colcon.colcon_core.package_identification:_identify(docker) by extension 'cmake'
[0.293s] Level 1:colcon.colcon_core.package_identification:_identify(docker) by extension 'python'
[0.293s] Level 1:colcon.colcon_core.package_identification:_identify(docker) by extensions ['python_setup_py']
[0.293s] Level 1:colcon.colcon_core.package_identification:_identify(docker) by extension 'python_setup_py'
[0.293s] Level 1:colcon.colcon_core.package_identification:_identify(etc_xela) by extensions ['ignore', 'ignore_ament_install']
[0.293s] Level 1:colcon.colcon_core.package_identification:_identify(etc_xela) by extension 'ignore'
[0.293s] Level 1:colcon.colcon_core.package_identification:_identify(etc_xela) by extension 'ignore_ament_install'
[0.293s] Level 1:colcon.colcon_core.package_identification:_identify(etc_xela) by extensions ['colcon_pkg']
[0.294s] Level 1:colcon.colcon_core.package_identification:_identify(etc_xela) by extension 'colcon_pkg'
[0.294s] Level 1:colcon.colcon_core.package_identification:_identify(etc_xela) by extensions ['colcon_meta']
[0.294s] Level 1:colcon.colcon_core.package_identification:_identify(etc_xela) by extension 'colcon_meta'
[0.294s] Level 1:colcon.colcon_core.package_identification:_identify(etc_xela) by extensions ['ros']
[0.294s] Level 1:colcon.colcon_core.package_identification:_identify(etc_xela) by extension 'ros'
[0.294s] Level 1:colcon.colcon_core.package_identification:_identify(etc_xela) by extensions ['cmake', 'python']
[0.294s] Level 1:colcon.colcon_core.package_identification:_identify(etc_xela) by extension 'cmake'
[0.294s] Level 1:colcon.colcon_core.package_identification:_identify(etc_xela) by extension 'python'
[0.294s] Level 1:colcon.colcon_core.package_identification:_identify(etc_xela) by extensions ['python_setup_py']
[0.294s] Level 1:colcon.colcon_core.package_identification:_identify(etc_xela) by extension 'python_setup_py'
[0.294s] Level 1:colcon.colcon_core.package_identification:_identify(install) by extensions ['ignore', 'ignore_ament_install']
[0.294s] Level 1:colcon.colcon_core.package_identification:_identify(install) by extension 'ignore'
[0.294s] Level 1:colcon.colcon_core.package_identification:_identify(install) ignored
[0.294s] Level 1:colcon.colcon_core.package_identification:_identify(linux_1.8.0_208601) by extensions ['ignore', 'ignore_ament_install']
[0.295s] Level 1:colcon.colcon_core.package_identification:_identify(linux_1.8.0_208601) by extension 'ignore'
[0.295s] Level 1:colcon.colcon_core.package_identification:_identify(linux_1.8.0_208601) by extension 'ignore_ament_install'
[0.295s] Level 1:colcon.colcon_core.package_identification:_identify(linux_1.8.0_208601) by extensions ['colcon_pkg']
[0.295s] Level 1:colcon.colcon_core.package_identification:_identify(linux_1.8.0_208601) by extension 'colcon_pkg'
[0.295s] Level 1:colcon.colcon_core.package_identification:_identify(linux_1.8.0_208601) by extensions ['colcon_meta']
[0.295s] Level 1:colcon.colcon_core.package_identification:_identify(linux_1.8.0_208601) by extension 'colcon_meta'
[0.295s] Level 1:colcon.colcon_core.package_identification:_identify(linux_1.8.0_208601) by extensions ['ros']
[0.295s] Level 1:colcon.colcon_core.package_identification:_identify(linux_1.8.0_208601) by extension 'ros'
[0.295s] Level 1:colcon.colcon_core.package_identification:_identify(linux_1.8.0_208601) by extensions ['cmake', 'python']
[0.295s] Level 1:colcon.colcon_core.package_identification:_identify(linux_1.8.0_208601) by extension 'cmake'
[0.295s] Level 1:colcon.colcon_core.package_identification:_identify(linux_1.8.0_208601) by extension 'python'
[0.295s] Level 1:colcon.colcon_core.package_identification:_identify(linux_1.8.0_208601) by extensions ['python_setup_py']
[0.295s] Level 1:colcon.colcon_core.package_identification:_identify(linux_1.8.0_208601) by extension 'python_setup_py'
[0.295s] Level 1:colcon.colcon_core.package_identification:_identify(linux_1.8.0_208601/LOG) by extensions ['ignore', 'ignore_ament_install']
[0.296s] Level 1:colcon.colcon_core.package_identification:_identify(linux_1.8.0_208601/LOG) by extension 'ignore'
[0.296s] Level 1:colcon.colcon_core.package_identification:_identify(linux_1.8.0_208601/LOG) by extension 'ignore_ament_install'
[0.296s] Level 1:colcon.colcon_core.package_identification:_identify(linux_1.8.0_208601/LOG) by extensions ['colcon_pkg']
[0.296s] Level 1:colcon.colcon_core.package_identification:_identify(linux_1.8.0_208601/LOG) by extension 'colcon_pkg'
[0.296s] Level 1:colcon.colcon_core.package_identification:_identify(linux_1.8.0_208601/LOG) by extensions ['colcon_meta']
[0.296s] Level 1:colcon.colcon_core.package_identification:_identify(linux_1.8.0_208601/LOG) by extension 'colcon_meta'
[0.296s] Level 1:colcon.colcon_core.package_identification:_identify(linux_1.8.0_208601/LOG) by extensions ['ros']
[0.296s] Level 1:colcon.colcon_core.package_identification:_identify(linux_1.8.0_208601/LOG) by extension 'ros'
[0.296s] Level 1:colcon.colcon_core.package_identification:_identify(linux_1.8.0_208601/LOG) by extensions ['cmake', 'python']
[0.296s] Level 1:colcon.colcon_core.package_identification:_identify(linux_1.8.0_208601/LOG) by extension 'cmake'
[0.296s] Level 1:colcon.colcon_core.package_identification:_identify(linux_1.8.0_208601/LOG) by extension 'python'
[0.296s] Level 1:colcon.colcon_core.package_identification:_identify(linux_1.8.0_208601/LOG) by extensions ['python_setup_py']
[0.296s] Level 1:colcon.colcon_core.package_identification:_identify(linux_1.8.0_208601/LOG) by extension 'python_setup_py'
[0.296s] Level 1:colcon.colcon_core.package_identification:_identify(log) by extensions ['ignore', 'ignore_ament_install']
[0.297s] Level 1:colcon.colcon_core.package_identification:_identify(log) by extension 'ignore'
[0.297s] Level 1:colcon.colcon_core.package_identification:_identify(log) ignored
[0.297s] Level 1:colcon.colcon_core.package_identification:_identify(ros_ws) by extensions ['ignore', 'ignore_ament_install']
[0.297s] Level 1:colcon.colcon_core.package_identification:_identify(ros_ws) by extension 'ignore'
[0.297s] Level 1:colcon.colcon_core.package_identification:_identify(ros_ws) by extension 'ignore_ament_install'
[0.297s] Level 1:colcon.colcon_core.package_identification:_identify(ros_ws) by extensions ['colcon_pkg']
[0.297s] Level 1:colcon.colcon_core.package_identification:_identify(ros_ws) by extension 'colcon_pkg'
[0.297s] Level 1:colcon.colcon_core.package_identification:_identify(ros_ws) by extensions ['colcon_meta']
[0.297s] Level 1:colcon.colcon_core.package_identification:_identify(ros_ws) by extension 'colcon_meta'
[0.297s] Level 1:colcon.colcon_core.package_identification:_identify(ros_ws) by extensions ['ros']
[0.297s] Level 1:colcon.colcon_core.package_identification:_identify(ros_ws) by extension 'ros'
[0.297s] Level 1:colcon.colcon_core.package_identification:_identify(ros_ws) by extensions ['cmake', 'python']
[0.297s] Level 1:colcon.colcon_core.package_identification:_identify(ros_ws) by extension 'cmake'
[0.297s] Level 1:colcon.colcon_core.package_identification:_identify(ros_ws) by extension 'python'
[0.298s] Level 1:colcon.colcon_core.package_identification:_identify(ros_ws) by extensions ['python_setup_py']
[0.298s] Level 1:colcon.colcon_core.package_identification:_identify(ros_ws) by extension 'python_setup_py'
[0.298s] Level 1:colcon.colcon_core.package_identification:_identify(ros_ws/build) by extensions ['ignore', 'ignore_ament_install']
[0.298s] Level 1:colcon.colcon_core.package_identification:_identify(ros_ws/build) by extension 'ignore'
[0.298s] Level 1:colcon.colcon_core.package_identification:_identify(ros_ws/build) ignored
[0.298s] Level 1:colcon.colcon_core.package_identification:_identify(ros_ws/install) by extensions ['ignore', 'ignore_ament_install']
[0.298s] Level 1:colcon.colcon_core.package_identification:_identify(ros_ws/install) by extension 'ignore'
[0.298s] Level 1:colcon.colcon_core.package_identification:_identify(ros_ws/install) ignored
[0.298s] Level 1:colcon.colcon_core.package_identification:_identify(ros_ws/log) by extensions ['ignore', 'ignore_ament_install']
[0.299s] Level 1:colcon.colcon_core.package_identification:_identify(ros_ws/log) by extension 'ignore'
[0.299s] Level 1:colcon.colcon_core.package_identification:_identify(ros_ws/log) ignored
[0.299s] Level 1:colcon.colcon_core.package_identification:_identify(ros_ws/src) by extensions ['ignore', 'ignore_ament_install']
[0.299s] Level 1:colcon.colcon_core.package_identification:_identify(ros_ws/src) by extension 'ignore'
[0.299s] Level 1:colcon.colcon_core.package_identification:_identify(ros_ws/src) by extension 'ignore_ament_install'
[0.299s] Level 1:colcon.colcon_core.package_identification:_identify(ros_ws/src) by extensions ['colcon_pkg']
[0.299s] Level 1:colcon.colcon_core.package_identification:_identify(ros_ws/src) by extension 'colcon_pkg'
[0.299s] Level 1:colcon.colcon_core.package_identification:_identify(ros_ws/src) by extensions ['colcon_meta']
[0.299s] Level 1:colcon.colcon_core.package_identification:_identify(ros_ws/src) by extension 'colcon_meta'
[0.299s] Level 1:colcon.colcon_core.package_identification:_identify(ros_ws/src) by extensions ['ros']
[0.299s] Level 1:colcon.colcon_core.package_identification:_identify(ros_ws/src) by extension 'ros'
[0.299s] Level 1:colcon.colcon_core.package_identification:_identify(ros_ws/src) by extensions ['cmake', 'python']
[0.299s] Level 1:colcon.colcon_core.package_identification:_identify(ros_ws/src) by extension 'cmake'
[0.299s] Level 1:colcon.colcon_core.package_identification:_identify(ros_ws/src) by extension 'python'
[0.300s] Level 1:colcon.colcon_core.package_identification:_identify(ros_ws/src) by extensions ['python_setup_py']
[0.300s] Level 1:colcon.colcon_core.package_identification:_identify(ros_ws/src) by extension 'python_setup_py'
[0.300s] Level 1:colcon.colcon_core.package_identification:_identify(ros_ws/src/LEAP_Hand_API) by extensions ['ignore', 'ignore_ament_install']
[0.300s] Level 1:colcon.colcon_core.package_identification:_identify(ros_ws/src/LEAP_Hand_API) by extension 'ignore'
[0.300s] Level 1:colcon.colcon_core.package_identification:_identify(ros_ws/src/LEAP_Hand_API) by extension 'ignore_ament_install'
[0.300s] Level 1:colcon.colcon_core.package_identification:_identify(ros_ws/src/LEAP_Hand_API) by extensions ['colcon_pkg']
[0.300s] Level 1:colcon.colcon_core.package_identification:_identify(ros_ws/src/LEAP_Hand_API) by extension 'colcon_pkg'
[0.300s] Level 1:colcon.colcon_core.package_identification:_identify(ros_ws/src/LEAP_Hand_API) by extensions ['colcon_meta']
[0.300s] Level 1:colcon.colcon_core.package_identification:_identify(ros_ws/src/LEAP_Hand_API) by extension 'colcon_meta'
[0.300s] Level 1:colcon.colcon_core.package_identification:_identify(ros_ws/src/LEAP_Hand_API) by extensions ['ros']
[0.300s] Level 1:colcon.colcon_core.package_identification:_identify(ros_ws/src/LEAP_Hand_API) by extension 'ros'
[0.300s] Level 1:colcon.colcon_core.package_identification:_identify(ros_ws/src/LEAP_Hand_API) by extensions ['cmake', 'python']
[0.300s] Level 1:colcon.colcon_core.package_identification:_identify(ros_ws/src/LEAP_Hand_API) by extension 'cmake'
[0.300s] Level 1:colcon.colcon_core.package_identification:_identify(ros_ws/src/LEAP_Hand_API) by extension 'python'
[0.301s] Level 1:colcon.colcon_core.package_identification:_identify(ros_ws/src/LEAP_Hand_API) by extensions ['python_setup_py']
[0.301s] Level 1:colcon.colcon_core.package_identification:_identify(ros_ws/src/LEAP_Hand_API) by extension 'python_setup_py'
[0.301s] Level 1:colcon.colcon_core.package_identification:_identify(ros_ws/src/LEAP_Hand_API/python) by extensions ['ignore', 'ignore_ament_install']
[0.301s] Level 1:colcon.colcon_core.package_identification:_identify(ros_ws/src/LEAP_Hand_API/python) by extension 'ignore'
[0.301s] Level 1:colcon.colcon_core.package_identification:_identify(ros_ws/src/LEAP_Hand_API/python) by extension 'ignore_ament_install'
[0.301s] Level 1:colcon.colcon_core.package_identification:_identify(ros_ws/src/LEAP_Hand_API/python) by extensions ['colcon_pkg']
[0.301s] Level 1:colcon.colcon_core.package_identification:_identify(ros_ws/src/LEAP_Hand_API/python) by extension 'colcon_pkg'
[0.301s] Level 1:colcon.colcon_core.package_identification:_identify(ros_ws/src/LEAP_Hand_API/python) by extensions ['colcon_meta']
[0.301s] Level 1:colcon.colcon_core.package_identification:_identify(ros_ws/src/LEAP_Hand_API/python) by extension 'colcon_meta'
[0.301s] Level 1:colcon.colcon_core.package_identification:_identify(ros_ws/src/LEAP_Hand_API/python) by extensions ['ros']
[0.301s] Level 1:colcon.colcon_core.package_identification:_identify(ros_ws/src/LEAP_Hand_API/python) by extension 'ros'
[0.301s] Level 1:colcon.colcon_core.package_identification:_identify(ros_ws/src/LEAP_Hand_API/python) by extensions ['cmake', 'python']
[0.301s] Level 1:colcon.colcon_core.package_identification:_identify(ros_ws/src/LEAP_Hand_API/python) by extension 'cmake'
[0.301s] Level 1:colcon.colcon_core.package_identification:_identify(ros_ws/src/LEAP_Hand_API/python) by extension 'python'
[0.302s] Level 1:colcon.colcon_core.package_identification:_identify(ros_ws/src/LEAP_Hand_API/python) by extensions ['python_setup_py']
[0.302s] Level 1:colcon.colcon_core.package_identification:_identify(ros_ws/src/LEAP_Hand_API/python) by extension 'python_setup_py'
[0.302s] Level 1:colcon.colcon_core.package_identification:_identify(ros_ws/src/LEAP_Hand_API/python/leap_hand_utils) by extensions ['ignore', 'ignore_ament_install']
[0.302s] Level 1:colcon.colcon_core.package_identification:_identify(ros_ws/src/LEAP_Hand_API/python/leap_hand_utils) by extension 'ignore'
[0.302s] Level 1:colcon.colcon_core.package_identification:_identify(ros_ws/src/LEAP_Hand_API/python/leap_hand_utils) by extension 'ignore_ament_install'
[0.302s] Level 1:colcon.colcon_core.package_identification:_identify(ros_ws/src/LEAP_Hand_API/python/leap_hand_utils) by extensions ['colcon_pkg']
[0.302s] Level 1:colcon.colcon_core.package_identification:_identify(ros_ws/src/LEAP_Hand_API/python/leap_hand_utils) by extension 'colcon_pkg'
[0.302s] Level 1:colcon.colcon_core.package_identification:_identify(ros_ws/src/LEAP_Hand_API/python/leap_hand_utils) by extensions ['colcon_meta']
[0.302s] Level 1:colcon.colcon_core.package_identification:_identify(ros_ws/src/LEAP_Hand_API/python/leap_hand_utils) by extension 'colcon_meta'
[0.302s] Level 1:colcon.colcon_core.package_identification:_identify(ros_ws/src/LEAP_Hand_API/python/leap_hand_utils) by extensions ['ros']
[0.302s] Level 1:colcon.colcon_core.package_identification:_identify(ros_ws/src/LEAP_Hand_API/python/leap_hand_utils) by extension 'ros'
[0.302s] Level 1:colcon.colcon_core.package_identification:_identify(ros_ws/src/LEAP_Hand_API/python/leap_hand_utils) by extensions ['cmake', 'python']
[0.302s] Level 1:colcon.colcon_core.package_identification:_identify(ros_ws/src/LEAP_Hand_API/python/leap_hand_utils) by extension 'cmake'
[0.302s] Level 1:colcon.colcon_core.package_identification:_identify(ros_ws/src/LEAP_Hand_API/python/leap_hand_utils) by extension 'python'
[0.302s] Level 1:colcon.colcon_core.package_identification:_identify(ros_ws/src/LEAP_Hand_API/python/leap_hand_utils) by extensions ['python_setup_py']
[0.303s] Level 1:colcon.colcon_core.package_identification:_identify(ros_ws/src/LEAP_Hand_API/python/leap_hand_utils) by extension 'python_setup_py'
[0.303s] Level 1:colcon.colcon_core.package_identification:_identify(ros_ws/src/LEAP_Hand_API/ros2_module) by extensions ['ignore', 'ignore_ament_install']
[0.303s] Level 1:colcon.colcon_core.package_identification:_identify(ros_ws/src/LEAP_Hand_API/ros2_module) by extension 'ignore'
[0.303s] Level 1:colcon.colcon_core.package_identification:_identify(ros_ws/src/LEAP_Hand_API/ros2_module) by extension 'ignore_ament_install'
[0.303s] Level 1:colcon.colcon_core.package_identification:_identify(ros_ws/src/LEAP_Hand_API/ros2_module) by extensions ['colcon_pkg']
[0.303s] Level 1:colcon.colcon_core.package_identification:_identify(ros_ws/src/LEAP_Hand_API/ros2_module) by extension 'colcon_pkg'
[0.303s] Level 1:colcon.colcon_core.package_identification:_identify(ros_ws/src/LEAP_Hand_API/ros2_module) by extensions ['colcon_meta']
[0.303s] Level 1:colcon.colcon_core.package_identification:_identify(ros_ws/src/LEAP_Hand_API/ros2_module) by extension 'colcon_meta'
[0.303s] Level 1:colcon.colcon_core.package_identification:_identify(ros_ws/src/LEAP_Hand_API/ros2_module) by extensions ['ros']
[0.303s] Level 1:colcon.colcon_core.package_identification:_identify(ros_ws/src/LEAP_Hand_API/ros2_module) by extension 'ros'
[0.307s] DEBUG:colcon.colcon_core.package_identification:Package 'ros_ws/src/LEAP_Hand_API/ros2_module' with type 'ros.ament_cmake' and name 'leap_hand'
[0.307s] Level 1:colcon.colcon_core.package_identification:_identify(ros_ws/src/LEAP_Hand_API/useful_tools) by extensions ['ignore', 'ignore_ament_install']
[0.308s] Level 1:colcon.colcon_core.package_identification:_identify(ros_ws/src/LEAP_Hand_API/useful_tools) by extension 'ignore'
[0.308s] Level 1:colcon.colcon_core.package_identification:_identify(ros_ws/src/LEAP_Hand_API/useful_tools) by extension 'ignore_ament_install'
[0.308s] Level 1:colcon.colcon_core.package_identification:_identify(ros_ws/src/LEAP_Hand_API/useful_tools) by extensions ['colcon_pkg']
[0.308s] Level 1:colcon.colcon_core.package_identification:_identify(ros_ws/src/LEAP_Hand_API/useful_tools) by extension 'colcon_pkg'
[0.308s] Level 1:colcon.colcon_core.package_identification:_identify(ros_ws/src/LEAP_Hand_API/useful_tools) by extensions ['colcon_meta']
[0.308s] Level 1:colcon.colcon_core.package_identification:_identify(ros_ws/src/LEAP_Hand_API/useful_tools) by extension 'colcon_meta'
[0.308s] Level 1:colcon.colcon_core.package_identification:_identify(ros_ws/src/LEAP_Hand_API/useful_tools) by extensions ['ros']
[0.308s] Level 1:colcon.colcon_core.package_identification:_identify(ros_ws/src/LEAP_Hand_API/useful_tools) by extension 'ros'
[0.308s] Level 1:colcon.colcon_core.package_identification:_identify(ros_ws/src/LEAP_Hand_API/useful_tools) by extensions ['cmake', 'python']
[0.308s] Level 1:colcon.colcon_core.package_identification:_identify(ros_ws/src/LEAP_Hand_API/useful_tools) by extension 'cmake'
[0.308s] Level 1:colcon.colcon_core.package_identification:_identify(ros_ws/src/LEAP_Hand_API/useful_tools) by extension 'python'
[0.308s] Level 1:colcon.colcon_core.package_identification:_identify(ros_ws/src/LEAP_Hand_API/useful_tools) by extensions ['python_setup_py']
[0.308s] Level 1:colcon.colcon_core.package_identification:_identify(ros_ws/src/LEAP_Hand_API/useful_tools) by extension 'python_setup_py'
[0.309s] Level 1:colcon.colcon_core.package_identification:_identify(ros_ws/src/xela_data_collection) by extensions ['ignore', 'ignore_ament_install']
[0.309s] Level 1:colcon.colcon_core.package_identification:_identify(ros_ws/src/xela_data_collection) by extension 'ignore'
[0.309s] Level 1:colcon.colcon_core.package_identification:_identify(ros_ws/src/xela_data_collection) by extension 'ignore_ament_install'
[0.309s] Level 1:colcon.colcon_core.package_identification:_identify(ros_ws/src/xela_data_collection) by extensions ['colcon_pkg']
[0.309s] Level 1:colcon.colcon_core.package_identification:_identify(ros_ws/src/xela_data_collection) by extension 'colcon_pkg'
[0.309s] Level 1:colcon.colcon_core.package_identification:_identify(ros_ws/src/xela_data_collection) by extensions ['colcon_meta']
[0.309s] Level 1:colcon.colcon_core.package_identification:_identify(ros_ws/src/xela_data_collection) by extension 'colcon_meta'
[0.309s] Level 1:colcon.colcon_core.package_identification:_identify(ros_ws/src/xela_data_collection) by extensions ['ros']
[0.309s] Level 1:colcon.colcon_core.package_identification:_identify(ros_ws/src/xela_data_collection) by extension 'ros'
[0.310s] DEBUG:colcon.colcon_core.package_identification:Package 'ros_ws/src/xela_data_collection' with type 'ros.ament_python' and name 'xela_data_collection'
[0.310s] Level 1:colcon.colcon_core.package_identification:_identify(ros_ws/src/xela_server_ros2) by extensions ['ignore', 'ignore_ament_install']
[0.310s] Level 1:colcon.colcon_core.package_identification:_identify(ros_ws/src/xela_server_ros2) by extension 'ignore'
[0.310s] Level 1:colcon.colcon_core.package_identification:_identify(ros_ws/src/xela_server_ros2) by extension 'ignore_ament_install'
[0.310s] Level 1:colcon.colcon_core.package_identification:_identify(ros_ws/src/xela_server_ros2) by extensions ['colcon_pkg']
[0.310s] Level 1:colcon.colcon_core.package_identification:_identify(ros_ws/src/xela_server_ros2) by extension 'colcon_pkg'
[0.310s] Level 1:colcon.colcon_core.package_identification:_identify(ros_ws/src/xela_server_ros2) by extensions ['colcon_meta']
[0.310s] Level 1:colcon.colcon_core.package_identification:_identify(ros_ws/src/xela_server_ros2) by extension 'colcon_meta'
[0.311s] Level 1:colcon.colcon_core.package_identification:_identify(ros_ws/src/xela_server_ros2) by extensions ['ros']
[0.311s] Level 1:colcon.colcon_core.package_identification:_identify(ros_ws/src/xela_server_ros2) by extension 'ros'
[0.312s] DEBUG:colcon.colcon_core.package_identification:Package 'ros_ws/src/xela_server_ros2' with type 'ros.ament_cmake' and name 'xela_server_ros2'
[0.312s] Level 1:colcon.colcon_core.package_identification:_identify(scripts) by extensions ['ignore', 'ignore_ament_install']
[0.312s] Level 1:colcon.colcon_core.package_identification:_identify(scripts) by extension 'ignore'
[0.312s] Level 1:colcon.colcon_core.package_identification:_identify(scripts) by extension 'ignore_ament_install'
[0.312s] Level 1:colcon.colcon_core.package_identification:_identify(scripts) by extensions ['colcon_pkg']
[0.312s] Level 1:colcon.colcon_core.package_identification:_identify(scripts) by extension 'colcon_pkg'
[0.312s] Level 1:colcon.colcon_core.package_identification:_identify(scripts) by extensions ['colcon_meta']
[0.312s] Level 1:colcon.colcon_core.package_identification:_identify(scripts) by extension 'colcon_meta'
[0.313s] Level 1:colcon.colcon_core.package_identification:_identify(scripts) by extensions ['ros']
[0.313s] Level 1:colcon.colcon_core.package_identification:_identify(scripts) by extension 'ros'
[0.313s] Level 1:colcon.colcon_core.package_identification:_identify(scripts) by extensions ['cmake', 'python']
[0.313s] Level 1:colcon.colcon_core.package_identification:_identify(scripts) by extension 'cmake'
[0.313s] Level 1:colcon.colcon_core.package_identification:_identify(scripts) by extension 'python'
[0.313s] Level 1:colcon.colcon_core.package_identification:_identify(scripts) by extensions ['python_setup_py']
[0.313s] Level 1:colcon.colcon_core.package_identification:_identify(scripts) by extension 'python_setup_py'
[0.313s] Level 1:colcon.colcon_core.package_discovery:discover_packages(recursive) using defaults
[0.313s] Level 1:colcon.colcon_core.package_discovery:discover_packages(ignore) discover
[0.313s] Level 1:colcon.colcon_core.package_discovery:discover_packages(ignore) using defaults
[0.313s] Level 1:colcon.colcon_core.package_discovery:discover_packages(path) discover
[0.313s] Level 1:colcon.colcon_core.package_discovery:discover_packages(path) using defaults
[0.342s] Level 1:colcon.colcon_core.package_discovery:discover_packages(prefix_path) check parameters
[0.342s] Level 1:colcon.colcon_core.package_discovery:discover_packages(prefix_path) discover
[0.346s] DEBUG:colcon.colcon_installed_package_information.package_discovery:Found 288 installed packages in /opt/ros/rolling
[0.349s] Level 1:colcon.colcon_core.package_discovery:discover_packages(prefix_path) using defaults
[0.413s] Level 5:colcon.colcon_core.verb:set package 'leap_hand' build argument 'cmake_args' from command line to 'None'
[0.413s] Level 5:colcon.colcon_core.verb:set package 'leap_hand' build argument 'cmake_target' from command line to 'None'
[0.413s] Level 5:colcon.colcon_core.verb:set package 'leap_hand' build argument 'cmake_target_skip_unavailable' from command line to 'False'
[0.413s] Level 5:colcon.colcon_core.verb:set package 'leap_hand' build argument 'cmake_clean_cache' from command line to 'False'
[0.413s] Level 5:colcon.colcon_core.verb:set package 'leap_hand' build argument 'cmake_clean_first' from command line to 'False'
[0.413s] Level 5:colcon.colcon_core.verb:set package 'leap_hand' build argument 'cmake_force_configure' from command line to 'False'
[0.413s] Level 5:colcon.colcon_core.verb:set package 'leap_hand' build argument 'ament_cmake_args' from command line to 'None'
[0.413s] Level 5:colcon.colcon_core.verb:set package 'leap_hand' build argument 'catkin_cmake_args' from command line to 'None'
[0.413s] Level 5:colcon.colcon_core.verb:set package 'leap_hand' build argument 'catkin_skip_building_tests' from command line to 'False'
[0.413s] DEBUG:colcon.colcon_core.verb:Building package 'leap_hand' with the following arguments: {'ament_cmake_args': None, 'build_base': '/home/mamad/PhD/LeapXELA_Hardware_ws/build/leap_hand', 'catkin_cmake_args': None, 'catkin_skip_building_tests': False, 'cmake_args': None, 'cmake_clean_cache': False, 'cmake_clean_first': False, 'cmake_force_configure': False, 'cmake_target': None, 'cmake_target_skip_unavailable': False, 'install_base': '/home/mamad/PhD/LeapXELA_Hardware_ws/install/leap_hand', 'merge_install': False, 'path': '/home/mamad/PhD/LeapXELA_Hardware_ws/ros_ws/src/LEAP_Hand_API/ros2_module', 'symlink_install': False, 'test_result_base': None}
[0.414s] Level 5:colcon.colcon_core.verb:set package 'xela_server_ros2' build argument 'cmake_args' from command line to 'None'
[0.414s] Level 5:colcon.colcon_core.verb:set package 'xela_server_ros2' build argument 'cmake_target' from command line to 'None'
[0.414s] Level 5:colcon.colcon_core.verb:set package 'xela_server_ros2' build argument 'cmake_target_skip_unavailable' from command line to 'False'
[0.414s] Level 5:colcon.colcon_core.verb:set package 'xela_server_ros2' build argument 'cmake_clean_cache' from command line to 'False'
[0.414s] Level 5:colcon.colcon_core.verb:set package 'xela_server_ros2' build argument 'cmake_clean_first' from command line to 'False'
[0.414s] Level 5:colcon.colcon_core.verb:set package 'xela_server_ros2' build argument 'cmake_force_configure' from command line to 'False'
[0.414s] Level 5:colcon.colcon_core.verb:set package 'xela_server_ros2' build argument 'ament_cmake_args' from command line to 'None'
[0.414s] Level 5:colcon.colcon_core.verb:set package 'xela_server_ros2' build argument 'catkin_cmake_args' from command line to 'None'
[0.414s] Level 5:colcon.colcon_core.verb:set package 'xela_server_ros2' build argument 'catkin_skip_building_tests' from command line to 'False'
[0.414s] DEBUG:colcon.colcon_core.verb:Building package 'xela_server_ros2' with the following arguments: {'ament_cmake_args': None, 'build_base': '/home/mamad/PhD/LeapXELA_Hardware_ws/build/xela_server_ros2', 'catkin_cmake_args': None, 'catkin_skip_building_tests': False, 'cmake_args': None, 'cmake_clean_cache': False, 'cmake_clean_first': False, 'cmake_force_configure': False, 'cmake_target': None, 'cmake_target_skip_unavailable': False, 'install_base': '/home/mamad/PhD/LeapXELA_Hardware_ws/install/xela_server_ros2', 'merge_install': False, 'path': '/home/mamad/PhD/LeapXELA_Hardware_ws/ros_ws/src/xela_server_ros2', 'symlink_install': False, 'test_result_base': None}
[0.414s] Level 5:colcon.colcon_core.verb:set package 'xela_data_collection' build argument 'cmake_args' from command line to 'None'
[0.414s] Level 5:colcon.colcon_core.verb:set package 'xela_data_collection' build argument 'cmake_target' from command line to 'None'
[0.414s] Level 5:colcon.colcon_core.verb:set package 'xela_data_collection' build argument 'cmake_target_skip_unavailable' from command line to 'False'
[0.414s] Level 5:colcon.colcon_core.verb:set package 'xela_data_collection' build argument 'cmake_clean_cache' from command line to 'False'
[0.414s] Level 5:colcon.colcon_core.verb:set package 'xela_data_collection' build argument 'cmake_clean_first' from command line to 'False'
[0.414s] Level 5:colcon.colcon_core.verb:set package 'xela_data_collection' build argument 'cmake_force_configure' from command line to 'False'
[0.414s] Level 5:colcon.colcon_core.verb:set package 'xela_data_collection' build argument 'ament_cmake_args' from command line to 'None'
[0.414s] Level 5:colcon.colcon_core.verb:set package 'xela_data_collection' build argument 'catkin_cmake_args' from command line to 'None'
[0.415s] Level 5:colcon.colcon_core.verb:set package 'xela_data_collection' build argument 'catkin_skip_building_tests' from command line to 'False'
[0.415s] DEBUG:colcon.colcon_core.verb:Building package 'xela_data_collection' with the following arguments: {'ament_cmake_args': None, 'build_base': '/home/mamad/PhD/LeapXELA_Hardware_ws/build/xela_data_collection', 'catkin_cmake_args': None, 'catkin_skip_building_tests': False, 'cmake_args': None, 'cmake_clean_cache': False, 'cmake_clean_first': False, 'cmake_force_configure': False, 'cmake_target': None, 'cmake_target_skip_unavailable': False, 'install_base': '/home/mamad/PhD/LeapXELA_Hardware_ws/install/xela_data_collection', 'merge_install': False, 'path': '/home/mamad/PhD/LeapXELA_Hardware_ws/ros_ws/src/xela_data_collection', 'symlink_install': False, 'test_result_base': None}
[0.415s] INFO:colcon.colcon_core.executor:Executing jobs using 'parallel' executor
[0.416s] DEBUG:colcon.colcon_parallel_executor.executor.parallel:run_until_complete
[0.417s] INFO:colcon.colcon_ros.task.ament_cmake.build:Building ROS package in '/home/mamad/PhD/LeapXELA_Hardware_ws/ros_ws/src/xela_server_ros2' with build type 'ament_cmake'
[0.417s] INFO:colcon.colcon_cmake.task.cmake.build:Building CMake package in '/home/mamad/PhD/LeapXELA_Hardware_ws/ros_ws/src/xela_server_ros2'
[0.420s] INFO:colcon.colcon_core.plugin_system:Skipping extension 'colcon_core.shell.bat': Not used on non-Windows systems
[0.420s] INFO:colcon.colcon_core.shell:Skip shell extension 'powershell' for command environment: Not usable outside of PowerShell
[0.420s] DEBUG:colcon.colcon_core.shell:Skip shell extension 'dsv' for command environment
[0.424s] INFO:colcon.colcon_ros.task.ament_cmake.build:Building ROS package in '/home/mamad/PhD/LeapXELA_Hardware_ws/ros_ws/src/LEAP_Hand_API/ros2_module' with build type 'ament_cmake'
[0.424s] INFO:colcon.colcon_cmake.task.cmake.build:Building CMake package in '/home/mamad/PhD/LeapXELA_Hardware_ws/ros_ws/src/LEAP_Hand_API/ros2_module'
[0.424s] INFO:colcon.colcon_core.shell:Skip shell extension 'powershell' for command environment: Not usable outside of PowerShell
[0.425s] DEBUG:colcon.colcon_core.shell:Skip shell extension 'dsv' for command environment
[0.434s] DEBUG:colcon.colcon_core.event_handler.log_command:Invoking command in '/home/mamad/PhD/LeapXELA_Hardware_ws/build/xela_server_ros2': CMAKE_PREFIX_PATH=${CMAKE_PREFIX_PATH}:/opt/ros/rolling CONDA_PROMPT_MODIFIER=(base) DEBUGINFOD_URLS=https://debuginfod.ubuntu.com /usr/bin/cmake /home/mamad/PhD/LeapXELA_Hardware_ws/ros_ws/src/xela_server_ros2 -DCMAKE_INSTALL_PREFIX=/home/mamad/PhD/LeapXELA_Hardware_ws/install/xela_server_ros2
[0.441s] DEBUG:colcon.colcon_core.event_handler.log_command:Invoking command in '/home/mamad/PhD/LeapXELA_Hardware_ws/build/leap_hand': CMAKE_PREFIX_PATH=${CMAKE_PREFIX_PATH}:/opt/ros/rolling CONDA_PROMPT_MODIFIER=(base) DEBUGINFOD_URLS=https://debuginfod.ubuntu.com /usr/bin/cmake /home/mamad/PhD/LeapXELA_Hardware_ws/ros_ws/src/LEAP_Hand_API/ros2_module -DCMAKE_INSTALL_PREFIX=/home/mamad/PhD/LeapXELA_Hardware_ws/install/leap_hand
[1.241s] DEBUG:colcon.colcon_core.event_handler.log_command:Invoked command in '/home/mamad/PhD/LeapXELA_Hardware_ws/build/leap_hand' returned '1': CMAKE_PREFIX_PATH=${CMAKE_PREFIX_PATH}:/opt/ros/rolling CONDA_PROMPT_MODIFIER=(base) DEBUGINFOD_URLS=https://debuginfod.ubuntu.com /usr/bin/cmake /home/mamad/PhD/LeapXELA_Hardware_ws/ros_ws/src/LEAP_Hand_API/ros2_module -DCMAKE_INSTALL_PREFIX=/home/mamad/PhD/LeapXELA_Hardware_ws/install/leap_hand
[1.259s] Level 1:colcon.colcon_core.environment:create_environment_scripts_only(leap_hand)
[1.263s] Level 1:colcon.colcon_core.environment:checking '/home/mamad/PhD/LeapXELA_Hardware_ws/install/leap_hand' for CMake module files
[1.263s] Level 1:colcon.colcon_core.environment:checking '/home/mamad/PhD/LeapXELA_Hardware_ws/install/leap_hand' for CMake config files
[1.264s] Level 1:colcon.colcon_core.environment:checking '/home/mamad/PhD/LeapXELA_Hardware_ws/install/leap_hand/bin'
[1.264s] Level 1:colcon.colcon_core.environment:checking '/home/mamad/PhD/LeapXELA_Hardware_ws/install/leap_hand/lib/pkgconfig/leap_hand.pc'
[1.265s] Level 1:colcon.colcon_core.environment:checking '/home/mamad/PhD/LeapXELA_Hardware_ws/install/leap_hand/lib/python3.12/site-packages'
[1.265s] Level 1:colcon.colcon_core.environment:checking '/home/mamad/PhD/LeapXELA_Hardware_ws/install/leap_hand/bin'
[1.265s] INFO:colcon.colcon_core.shell:Creating package script '/home/mamad/PhD/LeapXELA_Hardware_ws/install/leap_hand/share/leap_hand/package.ps1'
[1.266s] INFO:colcon.colcon_core.shell:Creating package descriptor '/home/mamad/PhD/LeapXELA_Hardware_ws/install/leap_hand/share/leap_hand/package.dsv'
[1.267s] INFO:colcon.colcon_core.shell:Creating package script '/home/mamad/PhD/LeapXELA_Hardware_ws/install/leap_hand/share/leap_hand/package.sh'
[1.268s] INFO:colcon.colcon_core.shell:Creating package script '/home/mamad/PhD/LeapXELA_Hardware_ws/install/leap_hand/share/leap_hand/package.bash'
[1.268s] INFO:colcon.colcon_core.shell:Creating package script '/home/mamad/PhD/LeapXELA_Hardware_ws/install/leap_hand/share/leap_hand/package.zsh'
[1.269s] Level 1:colcon.colcon_core.environment:create_file_with_runtime_dependencies(/home/mamad/PhD/LeapXELA_Hardware_ws/install/leap_hand/share/colcon-core/packages/leap_hand)
[1.513s] DEBUG:colcon.colcon_parallel_executor.executor.parallel:closing loop
[1.514s] DEBUG:colcon.colcon_parallel_executor.executor.parallel:loop closed
[1.514s] DEBUG:colcon.colcon_parallel_executor.executor.parallel:run_until_complete finished with '1'
[1.514s] DEBUG:colcon.colcon_core.event_reactor:joining thread
[1.522s] INFO:colcon.colcon_core.plugin_system:Skipping extension 'colcon_notification.desktop_notification.terminal_notifier': Not used on non-Darwin systems
[1.522s] INFO:colcon.colcon_core.plugin_system:Skipping extension 'colcon_notification.desktop_notification.win32': Not used on non-Windows systems
[1.522s] INFO:colcon.colcon_notification.desktop_notification:Sending desktop notification using 'notify2'
[1.546s] DEBUG:colcon.colcon_core.event_reactor:joined thread
[1.546s] INFO:colcon.colcon_core.shell:Creating prefix script '/home/mamad/PhD/LeapXELA_Hardware_ws/install/local_setup.ps1'
[1.549s] INFO:colcon.colcon_core.shell:Creating prefix util module '/home/mamad/PhD/LeapXELA_Hardware_ws/install/_local_setup_util_ps1.py'
[1.551s] INFO:colcon.colcon_core.shell:Creating prefix chain script '/home/mamad/PhD/LeapXELA_Hardware_ws/install/setup.ps1'
[1.552s] INFO:colcon.colcon_core.shell:Creating prefix script '/home/mamad/PhD/LeapXELA_Hardware_ws/install/local_setup.sh'
[1.554s] INFO:colcon.colcon_core.shell:Creating prefix util module '/home/mamad/PhD/LeapXELA_Hardware_ws/install/_local_setup_util_sh.py'
[1.555s] INFO:colcon.colcon_core.shell:Creating prefix chain script '/home/mamad/PhD/LeapXELA_Hardware_ws/install/setup.sh'
[1.556s] INFO:colcon.colcon_core.shell:Creating prefix script '/home/mamad/PhD/LeapXELA_Hardware_ws/install/local_setup.bash'
[1.557s] INFO:colcon.colcon_core.shell:Creating prefix chain script '/home/mamad/PhD/LeapXELA_Hardware_ws/install/setup.bash'
[1.558s] INFO:colcon.colcon_core.shell:Creating prefix script '/home/mamad/PhD/LeapXELA_Hardware_ws/install/local_setup.zsh'
[1.558s] INFO:colcon.colcon_core.shell:Creating prefix chain script '/home/mamad/PhD/LeapXELA_Hardware_ws/install/setup.zsh'
