/workspace/LeapXELA_Hardware_ws/ros_ws/src/install/xela_data_collection/lib/python3.10/site-packages/xela_data_collection/__init__.py
/workspace/LeapXELA_Hardware_ws/ros_ws/src/install/xela_data_collection/lib/python3.10/site-packages/xela_data_collection/xela_taxel_visulizer.py
/workspace/LeapXELA_Hardware_ws/ros_ws/src/install/xela_data_collection/lib/python3.10/site-packages/xela_data_collection/xela_qt_taxel_visualizer.py
/workspace/LeapXELA_Hardware_ws/ros_ws/src/install/xela_data_collection/lib/python3.10/site-packages/xela_data_collection/xela_data_collector.py
/workspace/LeapXELA_Hardware_ws/ros_ws/src/install/xela_data_collection/lib/python3.10/site-packages/xela_data_collection/xela_image_publisher.py
/workspace/LeapXELA_Hardware_ws/ros_ws/src/install/xela_data_collection/lib/python3.10/site-packages/xela_data_collection/xela_dataset_visulizer.py
/workspace/LeapXELA_Hardware_ws/ros_ws/src/install/xela_data_collection/lib/python3.10/site-packages/xela_data_collection/leapXelaMap.py
/workspace/LeapXELA_Hardware_ws/ros_ws/src/install/xela_data_collection/lib/python3.10/site-packages/xela_data_collection/__pycache__/__init__.cpython-310.pyc
/workspace/LeapXELA_Hardware_ws/ros_ws/src/install/xela_data_collection/lib/python3.10/site-packages/xela_data_collection/__pycache__/xela_taxel_visulizer.cpython-310.pyc
/workspace/LeapXELA_Hardware_ws/ros_ws/src/install/xela_data_collection/lib/python3.10/site-packages/xela_data_collection/__pycache__/xela_qt_taxel_visualizer.cpython-310.pyc
/workspace/LeapXELA_Hardware_ws/ros_ws/src/install/xela_data_collection/lib/python3.10/site-packages/xela_data_collection/__pycache__/xela_data_collector.cpython-310.pyc
/workspace/LeapXELA_Hardware_ws/ros_ws/src/install/xela_data_collection/lib/python3.10/site-packages/xela_data_collection/__pycache__/xela_image_publisher.cpython-310.pyc
/workspace/LeapXELA_Hardware_ws/ros_ws/src/install/xela_data_collection/lib/python3.10/site-packages/xela_data_collection/__pycache__/xela_dataset_visulizer.cpython-310.pyc
/workspace/LeapXELA_Hardware_ws/ros_ws/src/install/xela_data_collection/lib/python3.10/site-packages/xela_data_collection/__pycache__/leapXelaMap.cpython-310.pyc
/workspace/LeapXELA_Hardware_ws/ros_ws/src/install/xela_data_collection/share/ament_index/resource_index/packages/xela_data_collection
/workspace/LeapXELA_Hardware_ws/ros_ws/src/install/xela_data_collection/share/xela_data_collection/package.xml
/workspace/LeapXELA_Hardware_ws/ros_ws/src/install/xela_data_collection/share/xela_data_collection/launch/xela_server_and_client.launch.py
/workspace/LeapXELA_Hardware_ws/ros_ws/src/install/xela_data_collection/share/xela_data_collection/launch/xela_dataset_visulizer.launch.py
/workspace/LeapXELA_Hardware_ws/ros_ws/src/install/xela_data_collection/lib/python3.10/site-packages/xela_data_collection-0.0.1-py3.10.egg-info/dependency_links.txt
/workspace/LeapXELA_Hardware_ws/ros_ws/src/install/xela_data_collection/lib/python3.10/site-packages/xela_data_collection-0.0.1-py3.10.egg-info/SOURCES.txt
/workspace/LeapXELA_Hardware_ws/ros_ws/src/install/xela_data_collection/lib/python3.10/site-packages/xela_data_collection-0.0.1-py3.10.egg-info/PKG-INFO
/workspace/LeapXELA_Hardware_ws/ros_ws/src/install/xela_data_collection/lib/python3.10/site-packages/xela_data_collection-0.0.1-py3.10.egg-info/requires.txt
/workspace/LeapXELA_Hardware_ws/ros_ws/src/install/xela_data_collection/lib/python3.10/site-packages/xela_data_collection-0.0.1-py3.10.egg-info/entry_points.txt
/workspace/LeapXELA_Hardware_ws/ros_ws/src/install/xela_data_collection/lib/python3.10/site-packages/xela_data_collection-0.0.1-py3.10.egg-info/zip-safe
/workspace/LeapXELA_Hardware_ws/ros_ws/src/install/xela_data_collection/lib/python3.10/site-packages/xela_data_collection-0.0.1-py3.10.egg-info/top_level.txt
/workspace/LeapXELA_Hardware_ws/ros_ws/src/install/xela_data_collection/lib/xela_data_collection/xela_data_collector
/workspace/LeapXELA_Hardware_ws/ros_ws/src/install/xela_data_collection/lib/xela_data_collection/xela_dataset_visulizer
/workspace/LeapXELA_Hardware_ws/ros_ws/src/install/xela_data_collection/lib/xela_data_collection/xela_image_publisher
/workspace/LeapXELA_Hardware_ws/ros_ws/src/install/xela_data_collection/lib/xela_data_collection/xela_qt_taxel_visualizer
/workspace/LeapXELA_Hardware_ws/ros_ws/src/install/xela_data_collection/lib/xela_data_collection/xela_taxel_visulizer
