running egg_info
creating ../../build/avp_stream/avp_stream.egg-info
writing ../../build/avp_stream/avp_stream.egg-info/PKG-INFO
writing dependency_links to ../../build/avp_stream/avp_stream.egg-info/dependency_links.txt
writing entry points to ../../build/avp_stream/avp_stream.egg-info/entry_points.txt
writing requirements to ../../build/avp_stream/avp_stream.egg-info/requires.txt
writing top-level names to ../../build/avp_stream/avp_stream.egg-info/top_level.txt
writing manifest file '../../build/avp_stream/avp_stream.egg-info/SOURCES.txt'
reading manifest file '../../build/avp_stream/avp_stream.egg-info/SOURCES.txt'
adding license file 'LICENSE'
writing manifest file '../../build/avp_stream/avp_stream.egg-info/SOURCES.txt'
running build
running build_py
creating /workspace/LeapXELA_Hardware_ws/build/avp_stream/build
creating /workspace/LeapXELA_Hardware_ws/build/avp_stream/build/lib
creating /workspace/LeapXELA_Hardware_ws/build/avp_stream/build/lib/avp_stream
copying avp_stream/__init__.py -> /workspace/LeapXELA_Hardware_ws/build/avp_stream/build/lib/avp_stream
copying avp_stream/sim_latency_test.py -> /workspace/LeapXELA_Hardware_ws/build/avp_stream/build/lib/avp_stream
copying avp_stream/streamer.py -> /workspace/LeapXELA_Hardware_ws/build/avp_stream/build/lib/avp_stream
copying avp_stream/benchmark_rate.py -> /workspace/LeapXELA_Hardware_ws/build/avp_stream/build/lib/avp_stream
copying avp_stream/calibration_server.py -> /workspace/LeapXELA_Hardware_ws/build/avp_stream/build/lib/avp_stream
copying avp_stream/verification_engine.py -> /workspace/LeapXELA_Hardware_ws/build/avp_stream/build/lib/avp_stream
copying avp_stream/prepare_calibration.py -> /workspace/LeapXELA_Hardware_ws/build/avp_stream/build/lib/avp_stream
copying avp_stream/bridge_avp.py -> /workspace/LeapXELA_Hardware_ws/build/avp_stream/build/lib/avp_stream
copying avp_stream/latency_test.py -> /workspace/LeapXELA_Hardware_ws/build/avp_stream/build/lib/avp_stream
copying avp_stream/run_calibration.py -> /workspace/LeapXELA_Hardware_ws/build/avp_stream/build/lib/avp_stream
copying avp_stream/plot_benchmarks.py -> /workspace/LeapXELA_Hardware_ws/build/avp_stream/build/lib/avp_stream
creating /workspace/LeapXELA_Hardware_ws/build/avp_stream/build/lib/avp_stream/datasets
copying avp_stream/datasets/__init__.py -> /workspace/LeapXELA_Hardware_ws/build/avp_stream/build/lib/avp_stream/datasets
copying avp_stream/datasets/models.py -> /workspace/LeapXELA_Hardware_ws/build/avp_stream/build/lib/avp_stream/datasets
copying avp_stream/datasets/cloudkit.py -> /workspace/LeapXELA_Hardware_ws/build/avp_stream/build/lib/avp_stream/datasets
copying avp_stream/datasets/downloaders.py -> /workspace/LeapXELA_Hardware_ws/build/avp_stream/build/lib/avp_stream/datasets
creating /workspace/LeapXELA_Hardware_ws/build/avp_stream/build/lib/avp_stream/mujoco_msg
copying avp_stream/mujoco_msg/__init__.py -> /workspace/LeapXELA_Hardware_ws/build/avp_stream/build/lib/avp_stream/mujoco_msg
copying avp_stream/mujoco_msg/mujoco_ar_pb2.py -> /workspace/LeapXELA_Hardware_ws/build/avp_stream/build/lib/avp_stream/mujoco_msg
copying avp_stream/mujoco_msg/upload_xml.py -> /workspace/LeapXELA_Hardware_ws/build/avp_stream/build/lib/avp_stream/mujoco_msg
copying avp_stream/mujoco_msg/mujoco_ar_pb2_grpc.py -> /workspace/LeapXELA_Hardware_ws/build/avp_stream/build/lib/avp_stream/mujoco_msg
creating /workspace/LeapXELA_Hardware_ws/build/avp_stream/build/lib/avp_stream/grpc_msg
copying avp_stream/grpc_msg/__init__.py -> /workspace/LeapXELA_Hardware_ws/build/avp_stream/build/lib/avp_stream/grpc_msg
copying avp_stream/grpc_msg/handtracking_pb2_grpc.py -> /workspace/LeapXELA_Hardware_ws/build/avp_stream/build/lib/avp_stream/grpc_msg
copying avp_stream/grpc_msg/handtracking_pb2.py -> /workspace/LeapXELA_Hardware_ws/build/avp_stream/build/lib/avp_stream/grpc_msg
creating /workspace/LeapXELA_Hardware_ws/build/avp_stream/build/lib/avp_stream/utils
copying avp_stream/utils/__init__.py -> /workspace/LeapXELA_Hardware_ws/build/avp_stream/build/lib/avp_stream/utils
copying avp_stream/utils/latency_benchmark.py -> /workspace/LeapXELA_Hardware_ws/build/avp_stream/build/lib/avp_stream/utils
copying avp_stream/utils/se3_utils.py -> /workspace/LeapXELA_Hardware_ws/build/avp_stream/build/lib/avp_stream/utils
copying avp_stream/utils/isaac_utils.py -> /workspace/LeapXELA_Hardware_ws/build/avp_stream/build/lib/avp_stream/utils
copying avp_stream/utils/isaac_usdz_export.py -> /workspace/LeapXELA_Hardware_ws/build/avp_stream/build/lib/avp_stream/utils
copying avp_stream/utils/recording_loader.py -> /workspace/LeapXELA_Hardware_ws/build/avp_stream/build/lib/avp_stream/utils
copying avp_stream/utils/plot_benchmark.py -> /workspace/LeapXELA_Hardware_ws/build/avp_stream/build/lib/avp_stream/utils
copying avp_stream/utils/grpc_utils.py -> /workspace/LeapXELA_Hardware_ws/build/avp_stream/build/lib/avp_stream/utils
copying avp_stream/utils/trn_constants.py -> /workspace/LeapXELA_Hardware_ws/build/avp_stream/build/lib/avp_stream/utils
running install
running install_lib
creating /workspace/LeapXELA_Hardware_ws/install/avp_stream/lib/python3.10/site-packages/avp_stream
copying /workspace/LeapXELA_Hardware_ws/build/avp_stream/build/lib/avp_stream/__init__.py -> /workspace/LeapXELA_Hardware_ws/install/avp_stream/lib/python3.10/site-packages/avp_stream
copying /workspace/LeapXELA_Hardware_ws/build/avp_stream/build/lib/avp_stream/sim_latency_test.py -> /workspace/LeapXELA_Hardware_ws/install/avp_stream/lib/python3.10/site-packages/avp_stream
copying /workspace/LeapXELA_Hardware_ws/build/avp_stream/build/lib/avp_stream/streamer.py -> /workspace/LeapXELA_Hardware_ws/install/avp_stream/lib/python3.10/site-packages/avp_stream
creating /workspace/LeapXELA_Hardware_ws/install/avp_stream/lib/python3.10/site-packages/avp_stream/datasets
copying /workspace/LeapXELA_Hardware_ws/build/avp_stream/build/lib/avp_stream/datasets/__init__.py -> /workspace/LeapXELA_Hardware_ws/install/avp_stream/lib/python3.10/site-packages/avp_stream/datasets
copying /workspace/LeapXELA_Hardware_ws/build/avp_stream/build/lib/avp_stream/datasets/models.py -> /workspace/LeapXELA_Hardware_ws/install/avp_stream/lib/python3.10/site-packages/avp_stream/datasets
copying /workspace/LeapXELA_Hardware_ws/build/avp_stream/build/lib/avp_stream/datasets/cloudkit.py -> /workspace/LeapXELA_Hardware_ws/install/avp_stream/lib/python3.10/site-packages/avp_stream/datasets
copying /workspace/LeapXELA_Hardware_ws/build/avp_stream/build/lib/avp_stream/datasets/downloaders.py -> /workspace/LeapXELA_Hardware_ws/install/avp_stream/lib/python3.10/site-packages/avp_stream/datasets
creating /workspace/LeapXELA_Hardware_ws/install/avp_stream/lib/python3.10/site-packages/avp_stream/mujoco_msg
copying /workspace/LeapXELA_Hardware_ws/build/avp_stream/build/lib/avp_stream/mujoco_msg/__init__.py -> /workspace/LeapXELA_Hardware_ws/install/avp_stream/lib/python3.10/site-packages/avp_stream/mujoco_msg
copying /workspace/LeapXELA_Hardware_ws/build/avp_stream/build/lib/avp_stream/mujoco_msg/mujoco_ar_pb2.py -> /workspace/LeapXELA_Hardware_ws/install/avp_stream/lib/python3.10/site-packages/avp_stream/mujoco_msg
copying /workspace/LeapXELA_Hardware_ws/build/avp_stream/build/lib/avp_stream/mujoco_msg/upload_xml.py -> /workspace/LeapXELA_Hardware_ws/install/avp_stream/lib/python3.10/site-packages/avp_stream/mujoco_msg
copying /workspace/LeapXELA_Hardware_ws/build/avp_stream/build/lib/avp_stream/mujoco_msg/mujoco_ar_pb2_grpc.py -> /workspace/LeapXELA_Hardware_ws/install/avp_stream/lib/python3.10/site-packages/avp_stream/mujoco_msg
copying /workspace/LeapXELA_Hardware_ws/build/avp_stream/build/lib/avp_stream/benchmark_rate.py -> /workspace/LeapXELA_Hardware_ws/install/avp_stream/lib/python3.10/site-packages/avp_stream
copying /workspace/LeapXELA_Hardware_ws/build/avp_stream/build/lib/avp_stream/calibration_server.py -> /workspace/LeapXELA_Hardware_ws/install/avp_stream/lib/python3.10/site-packages/avp_stream
creating /workspace/LeapXELA_Hardware_ws/install/avp_stream/lib/python3.10/site-packages/avp_stream/grpc_msg
copying /workspace/LeapXELA_Hardware_ws/build/avp_stream/build/lib/avp_stream/grpc_msg/__init__.py -> /workspace/LeapXELA_Hardware_ws/install/avp_stream/lib/python3.10/site-packages/avp_stream/grpc_msg
copying /workspace/LeapXELA_Hardware_ws/build/avp_stream/build/lib/avp_stream/grpc_msg/handtracking_pb2_grpc.py -> /workspace/LeapXELA_Hardware_ws/install/avp_stream/lib/python3.10/site-packages/avp_stream/grpc_msg
copying /workspace/LeapXELA_Hardware_ws/build/avp_stream/build/lib/avp_stream/grpc_msg/handtracking_pb2.py -> /workspace/LeapXELA_Hardware_ws/install/avp_stream/lib/python3.10/site-packages/avp_stream/grpc_msg
creating /workspace/LeapXELA_Hardware_ws/install/avp_stream/lib/python3.10/site-packages/avp_stream/utils
copying /workspace/LeapXELA_Hardware_ws/build/avp_stream/build/lib/avp_stream/utils/__init__.py -> /workspace/LeapXELA_Hardware_ws/install/avp_stream/lib/python3.10/site-packages/avp_stream/utils
copying /workspace/LeapXELA_Hardware_ws/build/avp_stream/build/lib/avp_stream/utils/latency_benchmark.py -> /workspace/LeapXELA_Hardware_ws/install/avp_stream/lib/python3.10/site-packages/avp_stream/utils
copying /workspace/LeapXELA_Hardware_ws/build/avp_stream/build/lib/avp_stream/utils/se3_utils.py -> /workspace/LeapXELA_Hardware_ws/install/avp_stream/lib/python3.10/site-packages/avp_stream/utils
copying /workspace/LeapXELA_Hardware_ws/build/avp_stream/build/lib/avp_stream/utils/isaac_utils.py -> /workspace/LeapXELA_Hardware_ws/install/avp_stream/lib/python3.10/site-packages/avp_stream/utils
copying /workspace/LeapXELA_Hardware_ws/build/avp_stream/build/lib/avp_stream/utils/isaac_usdz_export.py -> /workspace/LeapXELA_Hardware_ws/install/avp_stream/lib/python3.10/site-packages/avp_stream/utils
copying /workspace/LeapXELA_Hardware_ws/build/avp_stream/build/lib/avp_stream/utils/recording_loader.py -> /workspace/LeapXELA_Hardware_ws/install/avp_stream/lib/python3.10/site-packages/avp_stream/utils
copying /workspace/LeapXELA_Hardware_ws/build/avp_stream/build/lib/avp_stream/utils/plot_benchmark.py -> /workspace/LeapXELA_Hardware_ws/install/avp_stream/lib/python3.10/site-packages/avp_stream/utils
copying /workspace/LeapXELA_Hardware_ws/build/avp_stream/build/lib/avp_stream/utils/grpc_utils.py -> /workspace/LeapXELA_Hardware_ws/install/avp_stream/lib/python3.10/site-packages/avp_stream/utils
copying /workspace/LeapXELA_Hardware_ws/build/avp_stream/build/lib/avp_stream/utils/trn_constants.py -> /workspace/LeapXELA_Hardware_ws/install/avp_stream/lib/python3.10/site-packages/avp_stream/utils
copying /workspace/LeapXELA_Hardware_ws/build/avp_stream/build/lib/avp_stream/verification_engine.py -> /workspace/LeapXELA_Hardware_ws/install/avp_stream/lib/python3.10/site-packages/avp_stream
copying /workspace/LeapXELA_Hardware_ws/build/avp_stream/build/lib/avp_stream/prepare_calibration.py -> /workspace/LeapXELA_Hardware_ws/install/avp_stream/lib/python3.10/site-packages/avp_stream
copying /workspace/LeapXELA_Hardware_ws/build/avp_stream/build/lib/avp_stream/bridge_avp.py -> /workspace/LeapXELA_Hardware_ws/install/avp_stream/lib/python3.10/site-packages/avp_stream
copying /workspace/LeapXELA_Hardware_ws/build/avp_stream/build/lib/avp_stream/latency_test.py -> /workspace/LeapXELA_Hardware_ws/install/avp_stream/lib/python3.10/site-packages/avp_stream
copying /workspace/LeapXELA_Hardware_ws/build/avp_stream/build/lib/avp_stream/run_calibration.py -> /workspace/LeapXELA_Hardware_ws/install/avp_stream/lib/python3.10/site-packages/avp_stream
copying /workspace/LeapXELA_Hardware_ws/build/avp_stream/build/lib/avp_stream/plot_benchmarks.py -> /workspace/LeapXELA_Hardware_ws/install/avp_stream/lib/python3.10/site-packages/avp_stream
byte-compiling /workspace/LeapXELA_Hardware_ws/install/avp_stream/lib/python3.10/site-packages/avp_stream/__init__.py to __init__.cpython-310.pyc
byte-compiling /workspace/LeapXELA_Hardware_ws/install/avp_stream/lib/python3.10/site-packages/avp_stream/sim_latency_test.py to sim_latency_test.cpython-310.pyc
byte-compiling /workspace/LeapXELA_Hardware_ws/install/avp_stream/lib/python3.10/site-packages/avp_stream/streamer.py to streamer.cpython-310.pyc
byte-compiling /workspace/LeapXELA_Hardware_ws/install/avp_stream/lib/python3.10/site-packages/avp_stream/datasets/__init__.py to __init__.cpython-310.pyc
byte-compiling /workspace/LeapXELA_Hardware_ws/install/avp_stream/lib/python3.10/site-packages/avp_stream/datasets/models.py to models.cpython-310.pyc
byte-compiling /workspace/LeapXELA_Hardware_ws/install/avp_stream/lib/python3.10/site-packages/avp_stream/datasets/cloudkit.py to cloudkit.cpython-310.pyc
byte-compiling /workspace/LeapXELA_Hardware_ws/install/avp_stream/lib/python3.10/site-packages/avp_stream/datasets/downloaders.py to downloaders.cpython-310.pyc
byte-compiling /workspace/LeapXELA_Hardware_ws/install/avp_stream/lib/python3.10/site-packages/avp_stream/mujoco_msg/__init__.py to __init__.cpython-310.pyc
byte-compiling /workspace/LeapXELA_Hardware_ws/install/avp_stream/lib/python3.10/site-packages/avp_stream/mujoco_msg/mujoco_ar_pb2.py to mujoco_ar_pb2.cpython-310.pyc
byte-compiling /workspace/LeapXELA_Hardware_ws/install/avp_stream/lib/python3.10/site-packages/avp_stream/mujoco_msg/upload_xml.py to upload_xml.cpython-310.pyc
byte-compiling /workspace/LeapXELA_Hardware_ws/install/avp_stream/lib/python3.10/site-packages/avp_stream/mujoco_msg/mujoco_ar_pb2_grpc.py to mujoco_ar_pb2_grpc.cpython-310.pyc
byte-compiling /workspace/LeapXELA_Hardware_ws/install/avp_stream/lib/python3.10/site-packages/avp_stream/benchmark_rate.py to benchmark_rate.cpython-310.pyc
byte-compiling /workspace/LeapXELA_Hardware_ws/install/avp_stream/lib/python3.10/site-packages/avp_stream/calibration_server.py to calibration_server.cpython-310.pyc
byte-compiling /workspace/LeapXELA_Hardware_ws/install/avp_stream/lib/python3.10/site-packages/avp_stream/grpc_msg/__init__.py to __init__.cpython-310.pyc
byte-compiling /workspace/LeapXELA_Hardware_ws/install/avp_stream/lib/python3.10/site-packages/avp_stream/grpc_msg/handtracking_pb2_grpc.py to handtracking_pb2_grpc.cpython-310.pyc
byte-compiling /workspace/LeapXELA_Hardware_ws/install/avp_stream/lib/python3.10/site-packages/avp_stream/grpc_msg/handtracking_pb2.py to handtracking_pb2.cpython-310.pyc
byte-compiling /workspace/LeapXELA_Hardware_ws/install/avp_stream/lib/python3.10/site-packages/avp_stream/utils/__init__.py to __init__.cpython-310.pyc
byte-compiling /workspace/LeapXELA_Hardware_ws/install/avp_stream/lib/python3.10/site-packages/avp_stream/utils/latency_benchmark.py to latency_benchmark.cpython-310.pyc
byte-compiling /workspace/LeapXELA_Hardware_ws/install/avp_stream/lib/python3.10/site-packages/avp_stream/utils/se3_utils.py to se3_utils.cpython-310.pyc
byte-compiling /workspace/LeapXELA_Hardware_ws/install/avp_stream/lib/python3.10/site-packages/avp_stream/utils/isaac_utils.py to isaac_utils.cpython-310.pyc
byte-compiling /workspace/LeapXELA_Hardware_ws/install/avp_stream/lib/python3.10/site-packages/avp_stream/utils/isaac_usdz_export.py to isaac_usdz_export.cpython-310.pyc
byte-compiling /workspace/LeapXELA_Hardware_ws/install/avp_stream/lib/python3.10/site-packages/avp_stream/utils/recording_loader.py to recording_loader.cpython-310.pyc
byte-compiling /workspace/LeapXELA_Hardware_ws/install/avp_stream/lib/python3.10/site-packages/avp_stream/utils/plot_benchmark.py to plot_benchmark.cpython-310.pyc
byte-compiling /workspace/LeapXELA_Hardware_ws/install/avp_stream/lib/python3.10/site-packages/avp_stream/utils/grpc_utils.py to grpc_utils.cpython-310.pyc
byte-compiling /workspace/LeapXELA_Hardware_ws/install/avp_stream/lib/python3.10/site-packages/avp_stream/utils/trn_constants.py to trn_constants.cpython-310.pyc
byte-compiling /workspace/LeapXELA_Hardware_ws/install/avp_stream/lib/python3.10/site-packages/avp_stream/verification_engine.py to verification_engine.cpython-310.pyc
byte-compiling /workspace/LeapXELA_Hardware_ws/install/avp_stream/lib/python3.10/site-packages/avp_stream/prepare_calibration.py to prepare_calibration.cpython-310.pyc
byte-compiling /workspace/LeapXELA_Hardware_ws/install/avp_stream/lib/python3.10/site-packages/avp_stream/bridge_avp.py to bridge_avp.cpython-310.pyc
byte-compiling /workspace/LeapXELA_Hardware_ws/install/avp_stream/lib/python3.10/site-packages/avp_stream/latency_test.py to latency_test.cpython-310.pyc
byte-compiling /workspace/LeapXELA_Hardware_ws/install/avp_stream/lib/python3.10/site-packages/avp_stream/run_calibration.py to run_calibration.cpython-310.pyc
byte-compiling /workspace/LeapXELA_Hardware_ws/install/avp_stream/lib/python3.10/site-packages/avp_stream/plot_benchmarks.py to plot_benchmarks.cpython-310.pyc
running install_egg_info
Copying ../../build/avp_stream/avp_stream.egg-info to /workspace/LeapXELA_Hardware_ws/install/avp_stream/lib/python3.10/site-packages/avp_stream-2.50-py3.10.egg-info
running install_scripts
Installing avp script to /workspace/LeapXELA_Hardware_ws/install/avp_stream/bin
Installing setup-avp-wired script to /workspace/LeapXELA_Hardware_ws/install/avp_stream/bin
writing list of installed files to '/workspace/LeapXELA_Hardware_ws/build/avp_stream/install.log'
