[1.951s] Invoking command in '/workspace/LeapXELA_Hardware_ws/teleop_xr/VisionProTeleop': PYTHONPATH=/workspace/LeapXELA_Hardware_ws/build/avp_stream/prefix_override:/usr/lib/python3/dist-packages/colcon_core/task/python/colcon_distutils_commands:/workspace/LeapXELA_Hardware_ws/install/avp_stream/lib/python3.10/site-packages:${PYTHONPATH} /usr/bin/python3 -W ignore:setup.py install is deprecated -W ignore:easy_install command is deprecated setup.py egg_info --egg-base ../../build/avp_stream build --build-base /workspace/LeapXELA_Hardware_ws/build/avp_stream/build install --record /workspace/LeapXELA_Hardware_ws/build/avp_stream/install.log --single-version-externally-managed
[2.378s] running egg_info
[2.378s] creating ../../build/avp_stream/avp_stream.egg-info
[2.379s] writing ../../build/avp_stream/avp_stream.egg-info/PKG-INFO
[2.379s] writing dependency_links to ../../build/avp_stream/avp_stream.egg-info/dependency_links.txt
[2.379s] writing entry points to ../../build/avp_stream/avp_stream.egg-info/entry_points.txt
[2.379s] writing requirements to ../../build/avp_stream/avp_stream.egg-info/requires.txt
[2.380s] writing top-level names to ../../build/avp_stream/avp_stream.egg-info/top_level.txt
[2.380s] writing manifest file '../../build/avp_stream/avp_stream.egg-info/SOURCES.txt'
[2.384s] reading manifest file '../../build/avp_stream/avp_stream.egg-info/SOURCES.txt'
[2.384s] adding license file 'LICENSE'
[2.385s] writing manifest file '../../build/avp_stream/avp_stream.egg-info/SOURCES.txt'
[2.385s] running build
[2.385s] running build_py
[2.386s] creating /workspace/LeapXELA_Hardware_ws/build/avp_stream/build
[2.386s] creating /workspace/LeapXELA_Hardware_ws/build/avp_stream/build/lib
[2.386s] creating /workspace/LeapXELA_Hardware_ws/build/avp_stream/build/lib/avp_stream
[2.386s] copying avp_stream/__init__.py -> /workspace/LeapXELA_Hardware_ws/build/avp_stream/build/lib/avp_stream
[2.386s] copying avp_stream/sim_latency_test.py -> /workspace/LeapXELA_Hardware_ws/build/avp_stream/build/lib/avp_stream
[2.387s] copying avp_stream/streamer.py -> /workspace/LeapXELA_Hardware_ws/build/avp_stream/build/lib/avp_stream
[2.387s] copying avp_stream/benchmark_rate.py -> /workspace/LeapXELA_Hardware_ws/build/avp_stream/build/lib/avp_stream
[2.387s] copying avp_stream/calibration_server.py -> /workspace/LeapXELA_Hardware_ws/build/avp_stream/build/lib/avp_stream
[2.388s] copying avp_stream/verification_engine.py -> /workspace/LeapXELA_Hardware_ws/build/avp_stream/build/lib/avp_stream
[2.388s] copying avp_stream/prepare_calibration.py -> /workspace/LeapXELA_Hardware_ws/build/avp_stream/build/lib/avp_stream
[2.388s] copying avp_stream/bridge_avp.py -> /workspace/LeapXELA_Hardware_ws/build/avp_stream/build/lib/avp_stream
[2.388s] copying avp_stream/latency_test.py -> /workspace/LeapXELA_Hardware_ws/build/avp_stream/build/lib/avp_stream
[2.389s] copying avp_stream/run_calibration.py -> /workspace/LeapXELA_Hardware_ws/build/avp_stream/build/lib/avp_stream
[2.389s] copying avp_stream/plot_benchmarks.py -> /workspace/LeapXELA_Hardware_ws/build/avp_stream/build/lib/avp_stream
[2.389s] creating /workspace/LeapXELA_Hardware_ws/build/avp_stream/build/lib/avp_stream/datasets
[2.390s] copying avp_stream/datasets/__init__.py -> /workspace/LeapXELA_Hardware_ws/build/avp_stream/build/lib/avp_stream/datasets
[2.390s] copying avp_stream/datasets/models.py -> /workspace/LeapXELA_Hardware_ws/build/avp_stream/build/lib/avp_stream/datasets
[2.390s] copying avp_stream/datasets/cloudkit.py -> /workspace/LeapXELA_Hardware_ws/build/avp_stream/build/lib/avp_stream/datasets
[2.390s] copying avp_stream/datasets/downloaders.py -> /workspace/LeapXELA_Hardware_ws/build/avp_stream/build/lib/avp_stream/datasets
[2.391s] creating /workspace/LeapXELA_Hardware_ws/build/avp_stream/build/lib/avp_stream/mujoco_msg
[2.391s] copying avp_stream/mujoco_msg/__init__.py -> /workspace/LeapXELA_Hardware_ws/build/avp_stream/build/lib/avp_stream/mujoco_msg
[2.391s] copying avp_stream/mujoco_msg/mujoco_ar_pb2.py -> /workspace/LeapXELA_Hardware_ws/build/avp_stream/build/lib/avp_stream/mujoco_msg
[2.391s] copying avp_stream/mujoco_msg/upload_xml.py -> /workspace/LeapXELA_Hardware_ws/build/avp_stream/build/lib/avp_stream/mujoco_msg
[2.392s] copying avp_stream/mujoco_msg/mujoco_ar_pb2_grpc.py -> /workspace/LeapXELA_Hardware_ws/build/avp_stream/build/lib/avp_stream/mujoco_msg
[2.392s] creating /workspace/LeapXELA_Hardware_ws/build/avp_stream/build/lib/avp_stream/grpc_msg
[2.392s] copying avp_stream/grpc_msg/__init__.py -> /workspace/LeapXELA_Hardware_ws/build/avp_stream/build/lib/avp_stream/grpc_msg
[2.392s] copying avp_stream/grpc_msg/handtracking_pb2_grpc.py -> /workspace/LeapXELA_Hardware_ws/build/avp_stream/build/lib/avp_stream/grpc_msg
[2.393s] copying avp_stream/grpc_msg/handtracking_pb2.py -> /workspace/LeapXELA_Hardware_ws/build/avp_stream/build/lib/avp_stream/grpc_msg
[2.393s] creating /workspace/LeapXELA_Hardware_ws/build/avp_stream/build/lib/avp_stream/utils
[2.393s] copying avp_stream/utils/__init__.py -> /workspace/LeapXELA_Hardware_ws/build/avp_stream/build/lib/avp_stream/utils
[2.393s] copying avp_stream/utils/latency_benchmark.py -> /workspace/LeapXELA_Hardware_ws/build/avp_stream/build/lib/avp_stream/utils
[2.393s] copying avp_stream/utils/se3_utils.py -> /workspace/LeapXELA_Hardware_ws/build/avp_stream/build/lib/avp_stream/utils
[2.394s] copying avp_stream/utils/isaac_utils.py -> /workspace/LeapXELA_Hardware_ws/build/avp_stream/build/lib/avp_stream/utils
[2.394s] copying avp_stream/utils/isaac_usdz_export.py -> /workspace/LeapXELA_Hardware_ws/build/avp_stream/build/lib/avp_stream/utils
[2.394s] copying avp_stream/utils/recording_loader.py -> /workspace/LeapXELA_Hardware_ws/build/avp_stream/build/lib/avp_stream/utils
[2.394s] copying avp_stream/utils/plot_benchmark.py -> /workspace/LeapXELA_Hardware_ws/build/avp_stream/build/lib/avp_stream/utils
[2.394s] copying avp_stream/utils/grpc_utils.py -> /workspace/LeapXELA_Hardware_ws/build/avp_stream/build/lib/avp_stream/utils
[2.394s] copying avp_stream/utils/trn_constants.py -> /workspace/LeapXELA_Hardware_ws/build/avp_stream/build/lib/avp_stream/utils
[2.396s] running install
[2.396s] running install_lib
[2.398s] creating /workspace/LeapXELA_Hardware_ws/install/avp_stream/lib/python3.10/site-packages/avp_stream
[2.398s] copying /workspace/LeapXELA_Hardware_ws/build/avp_stream/build/lib/avp_stream/__init__.py -> /workspace/LeapXELA_Hardware_ws/install/avp_stream/lib/python3.10/site-packages/avp_stream
[2.398s] copying /workspace/LeapXELA_Hardware_ws/build/avp_stream/build/lib/avp_stream/sim_latency_test.py -> /workspace/LeapXELA_Hardware_ws/install/avp_stream/lib/python3.10/site-packages/avp_stream
[2.398s] copying /workspace/LeapXELA_Hardware_ws/build/avp_stream/build/lib/avp_stream/streamer.py -> /workspace/LeapXELA_Hardware_ws/install/avp_stream/lib/python3.10/site-packages/avp_stream
[2.399s] creating /workspace/LeapXELA_Hardware_ws/install/avp_stream/lib/python3.10/site-packages/avp_stream/datasets
[2.399s] copying /workspace/LeapXELA_Hardware_ws/build/avp_stream/build/lib/avp_stream/datasets/__init__.py -> /workspace/LeapXELA_Hardware_ws/install/avp_stream/lib/python3.10/site-packages/avp_stream/datasets
[2.399s] copying /workspace/LeapXELA_Hardware_ws/build/avp_stream/build/lib/avp_stream/datasets/models.py -> /workspace/LeapXELA_Hardware_ws/install/avp_stream/lib/python3.10/site-packages/avp_stream/datasets
[2.399s] copying /workspace/LeapXELA_Hardware_ws/build/avp_stream/build/lib/avp_stream/datasets/cloudkit.py -> /workspace/LeapXELA_Hardware_ws/install/avp_stream/lib/python3.10/site-packages/avp_stream/datasets
[2.399s] copying /workspace/LeapXELA_Hardware_ws/build/avp_stream/build/lib/avp_stream/datasets/downloaders.py -> /workspace/LeapXELA_Hardware_ws/install/avp_stream/lib/python3.10/site-packages/avp_stream/datasets
[2.399s] creating /workspace/LeapXELA_Hardware_ws/install/avp_stream/lib/python3.10/site-packages/avp_stream/mujoco_msg
[2.399s] copying /workspace/LeapXELA_Hardware_ws/build/avp_stream/build/lib/avp_stream/mujoco_msg/__init__.py -> /workspace/LeapXELA_Hardware_ws/install/avp_stream/lib/python3.10/site-packages/avp_stream/mujoco_msg
[2.400s] copying /workspace/LeapXELA_Hardware_ws/build/avp_stream/build/lib/avp_stream/mujoco_msg/mujoco_ar_pb2.py -> /workspace/LeapXELA_Hardware_ws/install/avp_stream/lib/python3.10/site-packages/avp_stream/mujoco_msg
[2.400s] copying /workspace/LeapXELA_Hardware_ws/build/avp_stream/build/lib/avp_stream/mujoco_msg/upload_xml.py -> /workspace/LeapXELA_Hardware_ws/install/avp_stream/lib/python3.10/site-packages/avp_stream/mujoco_msg
[2.400s] copying /workspace/LeapXELA_Hardware_ws/build/avp_stream/build/lib/avp_stream/mujoco_msg/mujoco_ar_pb2_grpc.py -> /workspace/LeapXELA_Hardware_ws/install/avp_stream/lib/python3.10/site-packages/avp_stream/mujoco_msg
[2.400s] copying /workspace/LeapXELA_Hardware_ws/build/avp_stream/build/lib/avp_stream/benchmark_rate.py -> /workspace/LeapXELA_Hardware_ws/install/avp_stream/lib/python3.10/site-packages/avp_stream
[2.400s] copying /workspace/LeapXELA_Hardware_ws/build/avp_stream/build/lib/avp_stream/calibration_server.py -> /workspace/LeapXELA_Hardware_ws/install/avp_stream/lib/python3.10/site-packages/avp_stream
[2.400s] creating /workspace/LeapXELA_Hardware_ws/install/avp_stream/lib/python3.10/site-packages/avp_stream/grpc_msg
[2.401s] copying /workspace/LeapXELA_Hardware_ws/build/avp_stream/build/lib/avp_stream/grpc_msg/__init__.py -> /workspace/LeapXELA_Hardware_ws/install/avp_stream/lib/python3.10/site-packages/avp_stream/grpc_msg
[2.401s] copying /workspace/LeapXELA_Hardware_ws/build/avp_stream/build/lib/avp_stream/grpc_msg/handtracking_pb2_grpc.py -> /workspace/LeapXELA_Hardware_ws/install/avp_stream/lib/python3.10/site-packages/avp_stream/grpc_msg
[2.401s] copying /workspace/LeapXELA_Hardware_ws/build/avp_stream/build/lib/avp_stream/grpc_msg/handtracking_pb2.py -> /workspace/LeapXELA_Hardware_ws/install/avp_stream/lib/python3.10/site-packages/avp_stream/grpc_msg
[2.401s] creating /workspace/LeapXELA_Hardware_ws/install/avp_stream/lib/python3.10/site-packages/avp_stream/utils
[2.401s] copying /workspace/LeapXELA_Hardware_ws/build/avp_stream/build/lib/avp_stream/utils/__init__.py -> /workspace/LeapXELA_Hardware_ws/install/avp_stream/lib/python3.10/site-packages/avp_stream/utils
[2.401s] copying /workspace/LeapXELA_Hardware_ws/build/avp_stream/build/lib/avp_stream/utils/latency_benchmark.py -> /workspace/LeapXELA_Hardware_ws/install/avp_stream/lib/python3.10/site-packages/avp_stream/utils
[2.401s] copying /workspace/LeapXELA_Hardware_ws/build/avp_stream/build/lib/avp_stream/utils/se3_utils.py -> /workspace/LeapXELA_Hardware_ws/install/avp_stream/lib/python3.10/site-packages/avp_stream/utils
[2.401s] copying /workspace/LeapXELA_Hardware_ws/build/avp_stream/build/lib/avp_stream/utils/isaac_utils.py -> /workspace/LeapXELA_Hardware_ws/install/avp_stream/lib/python3.10/site-packages/avp_stream/utils
[2.402s] copying /workspace/LeapXELA_Hardware_ws/build/avp_stream/build/lib/avp_stream/utils/isaac_usdz_export.py -> /workspace/LeapXELA_Hardware_ws/install/avp_stream/lib/python3.10/site-packages/avp_stream/utils
[2.402s] copying /workspace/LeapXELA_Hardware_ws/build/avp_stream/build/lib/avp_stream/utils/recording_loader.py -> /workspace/LeapXELA_Hardware_ws/install/avp_stream/lib/python3.10/site-packages/avp_stream/utils
[2.402s] copying /workspace/LeapXELA_Hardware_ws/build/avp_stream/build/lib/avp_stream/utils/plot_benchmark.py -> /workspace/LeapXELA_Hardware_ws/install/avp_stream/lib/python3.10/site-packages/avp_stream/utils
[2.402s] copying /workspace/LeapXELA_Hardware_ws/build/avp_stream/build/lib/avp_stream/utils/grpc_utils.py -> /workspace/LeapXELA_Hardware_ws/install/avp_stream/lib/python3.10/site-packages/avp_stream/utils
[2.402s] copying /workspace/LeapXELA_Hardware_ws/build/avp_stream/build/lib/avp_stream/utils/trn_constants.py -> /workspace/LeapXELA_Hardware_ws/install/avp_stream/lib/python3.10/site-packages/avp_stream/utils
[2.402s] copying /workspace/LeapXELA_Hardware_ws/build/avp_stream/build/lib/avp_stream/verification_engine.py -> /workspace/LeapXELA_Hardware_ws/install/avp_stream/lib/python3.10/site-packages/avp_stream
[2.402s] copying /workspace/LeapXELA_Hardware_ws/build/avp_stream/build/lib/avp_stream/prepare_calibration.py -> /workspace/LeapXELA_Hardware_ws/install/avp_stream/lib/python3.10/site-packages/avp_stream
[2.403s] copying /workspace/LeapXELA_Hardware_ws/build/avp_stream/build/lib/avp_stream/bridge_avp.py -> /workspace/LeapXELA_Hardware_ws/install/avp_stream/lib/python3.10/site-packages/avp_stream
[2.403s] copying /workspace/LeapXELA_Hardware_ws/build/avp_stream/build/lib/avp_stream/latency_test.py -> /workspace/LeapXELA_Hardware_ws/install/avp_stream/lib/python3.10/site-packages/avp_stream
[2.403s] copying /workspace/LeapXELA_Hardware_ws/build/avp_stream/build/lib/avp_stream/run_calibration.py -> /workspace/LeapXELA_Hardware_ws/install/avp_stream/lib/python3.10/site-packages/avp_stream
[2.403s] copying /workspace/LeapXELA_Hardware_ws/build/avp_stream/build/lib/avp_stream/plot_benchmarks.py -> /workspace/LeapXELA_Hardware_ws/install/avp_stream/lib/python3.10/site-packages/avp_stream
[2.405s] byte-compiling /workspace/LeapXELA_Hardware_ws/install/avp_stream/lib/python3.10/site-packages/avp_stream/__init__.py to __init__.cpython-310.pyc
[2.405s] byte-compiling /workspace/LeapXELA_Hardware_ws/install/avp_stream/lib/python3.10/site-packages/avp_stream/sim_latency_test.py to sim_latency_test.cpython-310.pyc
[2.415s] byte-compiling /workspace/LeapXELA_Hardware_ws/install/avp_stream/lib/python3.10/site-packages/avp_stream/streamer.py to streamer.cpython-310.pyc
[2.465s] byte-compiling /workspace/LeapXELA_Hardware_ws/install/avp_stream/lib/python3.10/site-packages/avp_stream/datasets/__init__.py to __init__.cpython-310.pyc
[2.465s] byte-compiling /workspace/LeapXELA_Hardware_ws/install/avp_stream/lib/python3.10/site-packages/avp_stream/datasets/models.py to models.cpython-310.pyc
[2.466s] byte-compiling /workspace/LeapXELA_Hardware_ws/install/avp_stream/lib/python3.10/site-packages/avp_stream/datasets/cloudkit.py to cloudkit.cpython-310.pyc
[2.468s] byte-compiling /workspace/LeapXELA_Hardware_ws/install/avp_stream/lib/python3.10/site-packages/avp_stream/datasets/downloaders.py to downloaders.cpython-310.pyc
[2.470s] byte-compiling /workspace/LeapXELA_Hardware_ws/install/avp_stream/lib/python3.10/site-packages/avp_stream/mujoco_msg/__init__.py to __init__.cpython-310.pyc
[2.470s] byte-compiling /workspace/LeapXELA_Hardware_ws/install/avp_stream/lib/python3.10/site-packages/avp_stream/mujoco_msg/mujoco_ar_pb2.py to mujoco_ar_pb2.cpython-310.pyc
[2.471s] byte-compiling /workspace/LeapXELA_Hardware_ws/install/avp_stream/lib/python3.10/site-packages/avp_stream/mujoco_msg/upload_xml.py to upload_xml.cpython-310.pyc
[2.473s] byte-compiling /workspace/LeapXELA_Hardware_ws/install/avp_stream/lib/python3.10/site-packages/avp_stream/mujoco_msg/mujoco_ar_pb2_grpc.py to mujoco_ar_pb2_grpc.cpython-310.pyc
[2.475s] byte-compiling /workspace/LeapXELA_Hardware_ws/install/avp_stream/lib/python3.10/site-packages/avp_stream/benchmark_rate.py to benchmark_rate.cpython-310.pyc
[2.476s] byte-compiling /workspace/LeapXELA_Hardware_ws/install/avp_stream/lib/python3.10/site-packages/avp_stream/calibration_server.py to calibration_server.cpython-310.pyc
[2.488s] byte-compiling /workspace/LeapXELA_Hardware_ws/install/avp_stream/lib/python3.10/site-packages/avp_stream/grpc_msg/__init__.py to __init__.cpython-310.pyc
[2.489s] byte-compiling /workspace/LeapXELA_Hardware_ws/install/avp_stream/lib/python3.10/site-packages/avp_stream/grpc_msg/handtracking_pb2_grpc.py to handtracking_pb2_grpc.cpython-310.pyc
[2.489s] byte-compiling /workspace/LeapXELA_Hardware_ws/install/avp_stream/lib/python3.10/site-packages/avp_stream/grpc_msg/handtracking_pb2.py to handtracking_pb2.cpython-310.pyc
[2.490s] byte-compiling /workspace/LeapXELA_Hardware_ws/install/avp_stream/lib/python3.10/site-packages/avp_stream/utils/__init__.py to __init__.cpython-310.pyc
[2.490s] byte-compiling /workspace/LeapXELA_Hardware_ws/install/avp_stream/lib/python3.10/site-packages/avp_stream/utils/latency_benchmark.py to latency_benchmark.cpython-310.pyc
[2.499s] byte-compiling /workspace/LeapXELA_Hardware_ws/install/avp_stream/lib/python3.10/site-packages/avp_stream/utils/se3_utils.py to se3_utils.cpython-310.pyc
[2.501s] byte-compiling /workspace/LeapXELA_Hardware_ws/install/avp_stream/lib/python3.10/site-packages/avp_stream/utils/isaac_utils.py to isaac_utils.cpython-310.pyc
[2.502s] byte-compiling /workspace/LeapXELA_Hardware_ws/install/avp_stream/lib/python3.10/site-packages/avp_stream/utils/isaac_usdz_export.py to isaac_usdz_export.cpython-310.pyc
[2.509s] byte-compiling /workspace/LeapXELA_Hardware_ws/install/avp_stream/lib/python3.10/site-packages/avp_stream/utils/recording_loader.py to recording_loader.cpython-310.pyc
[2.511s] byte-compiling /workspace/LeapXELA_Hardware_ws/install/avp_stream/lib/python3.10/site-packages/avp_stream/utils/plot_benchmark.py to plot_benchmark.cpython-310.pyc
[2.513s] byte-compiling /workspace/LeapXELA_Hardware_ws/install/avp_stream/lib/python3.10/site-packages/avp_stream/utils/grpc_utils.py to grpc_utils.cpython-310.pyc
[2.514s] byte-compiling /workspace/LeapXELA_Hardware_ws/install/avp_stream/lib/python3.10/site-packages/avp_stream/utils/trn_constants.py to trn_constants.cpython-310.pyc
[2.515s] byte-compiling /workspace/LeapXELA_Hardware_ws/install/avp_stream/lib/python3.10/site-packages/avp_stream/verification_engine.py to verification_engine.cpython-310.pyc
[2.519s] byte-compiling /workspace/LeapXELA_Hardware_ws/install/avp_stream/lib/python3.10/site-packages/avp_stream/prepare_calibration.py to prepare_calibration.cpython-310.pyc
[2.524s] byte-compiling /workspace/LeapXELA_Hardware_ws/install/avp_stream/lib/python3.10/site-packages/avp_stream/bridge_avp.py to bridge_avp.cpython-310.pyc
[2.526s] byte-compiling /workspace/LeapXELA_Hardware_ws/install/avp_stream/lib/python3.10/site-packages/avp_stream/latency_test.py to latency_test.cpython-310.pyc
[2.529s] byte-compiling /workspace/LeapXELA_Hardware_ws/install/avp_stream/lib/python3.10/site-packages/avp_stream/run_calibration.py to run_calibration.cpython-310.pyc
[2.544s] byte-compiling /workspace/LeapXELA_Hardware_ws/install/avp_stream/lib/python3.10/site-packages/avp_stream/plot_benchmarks.py to plot_benchmarks.cpython-310.pyc
[2.545s] running install_egg_info
[2.549s] Copying ../../build/avp_stream/avp_stream.egg-info to /workspace/LeapXELA_Hardware_ws/install/avp_stream/lib/python3.10/site-packages/avp_stream-2.50-py3.10.egg-info
[2.550s] running install_scripts
[2.582s] Installing avp script to /workspace/LeapXELA_Hardware_ws/install/avp_stream/bin
[2.582s] Installing setup-avp-wired script to /workspace/LeapXELA_Hardware_ws/install/avp_stream/bin
[2.584s] writing list of installed files to '/workspace/LeapXELA_Hardware_ws/build/avp_stream/install.log'
[2.621s] Invoked command in '/workspace/LeapXELA_Hardware_ws/teleop_xr/VisionProTeleop' returned '0': PYTHONPATH=/workspace/LeapXELA_Hardware_ws/build/avp_stream/prefix_override:/usr/lib/python3/dist-packages/colcon_core/task/python/colcon_distutils_commands:/workspace/LeapXELA_Hardware_ws/install/avp_stream/lib/python3.10/site-packages:${PYTHONPATH} /usr/bin/python3 -W ignore:setup.py install is deprecated -W ignore:easy_install command is deprecated setup.py egg_info --egg-base ../../build/avp_stream build --build-base /workspace/LeapXELA_Hardware_ws/build/avp_stream/build install --record /workspace/LeapXELA_Hardware_ws/build/avp_stream/install.log --single-version-externally-managed
