[1.270s] Invoking command in '/workspace/LeapXELA_Hardware_ws/ros_ws/src/xela_models/xela_pybullet_viewer': AMENT_PREFIX_PATH=/workspace/LeapXELA_Hardware_ws/install/xela_models:${AMENT_PREFIX_PATH} CMAKE_PREFIX_PATH=/workspace/LeapXELA_Hardware_ws/install/xela_models PYTHONPATH=/workspace/LeapXELA_Hardware_ws/build/xela_pybullet_viewer/prefix_override:/usr/lib/python3/dist-packages/colcon_core/task/python/colcon_distutils_commands:/workspace/LeapXELA_Hardware_ws/install/xela_pybullet_viewer/lib/python3.10/site-packages:${PYTHONPATH} /usr/bin/python3 -W ignore:setup.py install is deprecated -W ignore:easy_install command is deprecated setup.py egg_info --egg-base ../../../../build/xela_pybullet_viewer build --build-base /workspace/LeapXELA_Hardware_ws/build/xela_pybullet_viewer/build install --record /workspace/LeapXELA_Hardware_ws/build/xela_pybullet_viewer/install.log --single-version-externally-managed install_data
[1.701s] running egg_info
[1.703s] writing ../../../../build/xela_pybullet_viewer/xela_pybullet_viewer.egg-info/PKG-INFO
[1.703s] writing dependency_links to ../../../../build/xela_pybullet_viewer/xela_pybullet_viewer.egg-info/dependency_links.txt
[1.703s] writing entry points to ../../../../build/xela_pybullet_viewer/xela_pybullet_viewer.egg-info/entry_points.txt
[1.704s] writing requirements to ../../../../build/xela_pybullet_viewer/xela_pybullet_viewer.egg-info/requires.txt
[1.704s] writing top-level names to ../../../../build/xela_pybullet_viewer/xela_pybullet_viewer.egg-info/top_level.txt
[1.706s] reading manifest file '../../../../build/xela_pybullet_viewer/xela_pybullet_viewer.egg-info/SOURCES.txt'
[1.708s] writing manifest file '../../../../build/xela_pybullet_viewer/xela_pybullet_viewer.egg-info/SOURCES.txt'
[1.708s] running build
[1.708s] running build_py
[1.708s] running install
[1.709s] running install_lib
[1.711s] running install_data
[1.711s] running install_egg_info
[1.714s] removing '/workspace/LeapXELA_Hardware_ws/install/xela_pybullet_viewer/lib/python3.10/site-packages/xela_pybullet_viewer-0.0.1-py3.10.egg-info' (and everything under it)
[1.715s] Copying ../../../../build/xela_pybullet_viewer/xela_pybullet_viewer.egg-info to /workspace/LeapXELA_Hardware_ws/install/xela_pybullet_viewer/lib/python3.10/site-packages/xela_pybullet_viewer-0.0.1-py3.10.egg-info
[1.716s] running install_scripts
[1.752s] Installing pybullet_xacro_viewer script to /workspace/LeapXELA_Hardware_ws/install/xela_pybullet_viewer/lib/xela_pybullet_viewer
[1.752s] writing list of installed files to '/workspace/LeapXELA_Hardware_ws/build/xela_pybullet_viewer/install.log'
[2.280s] Invoked command in '/workspace/LeapXELA_Hardware_ws/ros_ws/src/xela_models/xela_pybullet_viewer' returned '0': AMENT_PREFIX_PATH=/workspace/LeapXELA_Hardware_ws/install/xela_models:${AMENT_PREFIX_PATH} CMAKE_PREFIX_PATH=/workspace/LeapXELA_Hardware_ws/install/xela_models PYTHONPATH=/workspace/LeapXELA_Hardware_ws/build/xela_pybullet_viewer/prefix_override:/usr/lib/python3/dist-packages/colcon_core/task/python/colcon_distutils_commands:/workspace/LeapXELA_Hardware_ws/install/xela_pybullet_viewer/lib/python3.10/site-packages:${PYTHONPATH} /usr/bin/python3 -W ignore:setup.py install is deprecated -W ignore:easy_install command is deprecated setup.py egg_info --egg-base ../../../../build/xela_pybullet_viewer build --build-base /workspace/LeapXELA_Hardware_ws/build/xela_pybullet_viewer/build install --record /workspace/LeapXELA_Hardware_ws/build/xela_pybullet_viewer/install.log --single-version-externally-managed install_data
