running egg_info
creating ../../../build/xela_description/xela_description.egg-info
writing ../../../build/xela_description/xela_description.egg-info/PKG-INFO
writing dependency_links to ../../../build/xela_description/xela_description.egg-info/dependency_links.txt
writing entry points to ../../../build/xela_description/xela_description.egg-info/entry_points.txt
writing requirements to ../../../build/xela_description/xela_description.egg-info/requires.txt
writing top-level names to ../../../build/xela_description/xela_description.egg-info/top_level.txt
writing manifest file '../../../build/xela_description/xela_description.egg-info/SOURCES.txt'
reading manifest file '../../../build/xela_description/xela_description.egg-info/SOURCES.txt'
writing manifest file '../../../build/xela_description/xela_description.egg-info/SOURCES.txt'
running build
running build_py
creating /workspace/LeapXELA_Hardware_ws/build/xela_description/build
creating /workspace/LeapXELA_Hardware_ws/build/xela_description/build/lib
creating /workspace/LeapXELA_Hardware_ws/build/xela_description/build/lib/mjcf
copying mjcf/__init__.py -> /workspace/LeapXELA_Hardware_ws/build/xela_description/build/lib/mjcf
copying mjcf/add_touch_point_cloud_to_model.py -> /workspace/LeapXELA_Hardware_ws/build/xela_description/build/lib/mjcf
copying mjcf/visulize_mjcf.py -> /workspace/LeapXELA_Hardware_ws/build/xela_description/build/lib/mjcf
copying mjcf/leap_taxel_map.py -> /workspace/LeapXELA_Hardware_ws/build/xela_description/build/lib/mjcf
creating /workspace/LeapXELA_Hardware_ws/build/xela_description/build/lib/urdf
copying urdf/__init__.py -> /workspace/LeapXELA_Hardware_ws/build/xela_description/build/lib/urdf
copying urdf/visulize_hand_node.py -> /workspace/LeapXELA_Hardware_ws/build/xela_description/build/lib/urdf
copying urdf/visulize_node.py -> /workspace/LeapXELA_Hardware_ws/build/xela_description/build/lib/urdf
copying urdf/list_to_string.py -> /workspace/LeapXELA_Hardware_ws/build/xela_description/build/lib/urdf
copying urdf/finger.py -> /workspace/LeapXELA_Hardware_ws/build/xela_description/build/lib/urdf
copying urdf/visulize_palm_node.py -> /workspace/LeapXELA_Hardware_ws/build/xela_description/build/lib/urdf
copying urdf/thumb.py -> /workspace/LeapXELA_Hardware_ws/build/xela_description/build/lib/urdf
copying urdf/palm.py -> /workspace/LeapXELA_Hardware_ws/build/xela_description/build/lib/urdf
copying urdf/visulize_thumb_node.py -> /workspace/LeapXELA_Hardware_ws/build/xela_description/build/lib/urdf
copying urdf/hand.py -> /workspace/LeapXELA_Hardware_ws/build/xela_description/build/lib/urdf
running install
running install_lib
creating /workspace/LeapXELA_Hardware_ws/install/xela_description/lib/python3.10/site-packages/mjcf
copying /workspace/LeapXELA_Hardware_ws/build/xela_description/build/lib/mjcf/__init__.py -> /workspace/LeapXELA_Hardware_ws/install/xela_description/lib/python3.10/site-packages/mjcf
copying /workspace/LeapXELA_Hardware_ws/build/xela_description/build/lib/mjcf/add_touch_point_cloud_to_model.py -> /workspace/LeapXELA_Hardware_ws/install/xela_description/lib/python3.10/site-packages/mjcf
copying /workspace/LeapXELA_Hardware_ws/build/xela_description/build/lib/mjcf/visulize_mjcf.py -> /workspace/LeapXELA_Hardware_ws/install/xela_description/lib/python3.10/site-packages/mjcf
copying /workspace/LeapXELA_Hardware_ws/build/xela_description/build/lib/mjcf/leap_taxel_map.py -> /workspace/LeapXELA_Hardware_ws/install/xela_description/lib/python3.10/site-packages/mjcf
creating /workspace/LeapXELA_Hardware_ws/install/xela_description/lib/python3.10/site-packages/urdf
copying /workspace/LeapXELA_Hardware_ws/build/xela_description/build/lib/urdf/__init__.py -> /workspace/LeapXELA_Hardware_ws/install/xela_description/lib/python3.10/site-packages/urdf
copying /workspace/LeapXELA_Hardware_ws/build/xela_description/build/lib/urdf/visulize_hand_node.py -> /workspace/LeapXELA_Hardware_ws/install/xela_description/lib/python3.10/site-packages/urdf
copying /workspace/LeapXELA_Hardware_ws/build/xela_description/build/lib/urdf/visulize_node.py -> /workspace/LeapXELA_Hardware_ws/install/xela_description/lib/python3.10/site-packages/urdf
copying /workspace/LeapXELA_Hardware_ws/build/xela_description/build/lib/urdf/list_to_string.py -> /workspace/LeapXELA_Hardware_ws/install/xela_description/lib/python3.10/site-packages/urdf
copying /workspace/LeapXELA_Hardware_ws/build/xela_description/build/lib/urdf/finger.py -> /workspace/LeapXELA_Hardware_ws/install/xela_description/lib/python3.10/site-packages/urdf
copying /workspace/LeapXELA_Hardware_ws/build/xela_description/build/lib/urdf/visulize_palm_node.py -> /workspace/LeapXELA_Hardware_ws/install/xela_description/lib/python3.10/site-packages/urdf
copying /workspace/LeapXELA_Hardware_ws/build/xela_description/build/lib/urdf/thumb.py -> /workspace/LeapXELA_Hardware_ws/install/xela_description/lib/python3.10/site-packages/urdf
copying /workspace/LeapXELA_Hardware_ws/build/xela_description/build/lib/urdf/palm.py -> /workspace/LeapXELA_Hardware_ws/install/xela_description/lib/python3.10/site-packages/urdf
copying /workspace/LeapXELA_Hardware_ws/build/xela_description/build/lib/urdf/visulize_thumb_node.py -> /workspace/LeapXELA_Hardware_ws/install/xela_description/lib/python3.10/site-packages/urdf
copying /workspace/LeapXELA_Hardware_ws/build/xela_description/build/lib/urdf/hand.py -> /workspace/LeapXELA_Hardware_ws/install/xela_description/lib/python3.10/site-packages/urdf
byte-compiling /workspace/LeapXELA_Hardware_ws/install/xela_description/lib/python3.10/site-packages/mjcf/__init__.py to __init__.cpython-310.pyc
byte-compiling /workspace/LeapXELA_Hardware_ws/install/xela_description/lib/python3.10/site-packages/mjcf/add_touch_point_cloud_to_model.py to add_touch_point_cloud_to_model.cpython-310.pyc
byte-compiling /workspace/LeapXELA_Hardware_ws/install/xela_description/lib/python3.10/site-packages/mjcf/visulize_mjcf.py to visulize_mjcf.cpython-310.pyc
byte-compiling /workspace/LeapXELA_Hardware_ws/install/xela_description/lib/python3.10/site-packages/mjcf/leap_taxel_map.py to leap_taxel_map.cpython-310.pyc
byte-compiling /workspace/LeapXELA_Hardware_ws/install/xela_description/lib/python3.10/site-packages/urdf/__init__.py to __init__.cpython-310.pyc
byte-compiling /workspace/LeapXELA_Hardware_ws/install/xela_description/lib/python3.10/site-packages/urdf/visulize_hand_node.py to visulize_hand_node.cpython-310.pyc
byte-compiling /workspace/LeapXELA_Hardware_ws/install/xela_description/lib/python3.10/site-packages/urdf/visulize_node.py to visulize_node.cpython-310.pyc
byte-compiling /workspace/LeapXELA_Hardware_ws/install/xela_description/lib/python3.10/site-packages/urdf/list_to_string.py to list_to_string.cpython-310.pyc
byte-compiling /workspace/LeapXELA_Hardware_ws/install/xela_description/lib/python3.10/site-packages/urdf/finger.py to finger.cpython-310.pyc
byte-compiling /workspace/LeapXELA_Hardware_ws/install/xela_description/lib/python3.10/site-packages/urdf/visulize_palm_node.py to visulize_palm_node.cpython-310.pyc
byte-compiling /workspace/LeapXELA_Hardware_ws/install/xela_description/lib/python3.10/site-packages/urdf/thumb.py to thumb.cpython-310.pyc
byte-compiling /workspace/LeapXELA_Hardware_ws/install/xela_description/lib/python3.10/site-packages/urdf/palm.py to palm.cpython-310.pyc
byte-compiling /workspace/LeapXELA_Hardware_ws/install/xela_description/lib/python3.10/site-packages/urdf/visulize_thumb_node.py to visulize_thumb_node.cpython-310.pyc
byte-compiling /workspace/LeapXELA_Hardware_ws/install/xela_description/lib/python3.10/site-packages/urdf/hand.py to hand.cpython-310.pyc
running install_data
creating /workspace/LeapXELA_Hardware_ws/install/xela_description/share/ament_index
creating /workspace/LeapXELA_Hardware_ws/install/xela_description/share/ament_index/resource_index
creating /workspace/LeapXELA_Hardware_ws/install/xela_description/share/ament_index/resource_index/packages
copying resource/xela_description -> /workspace/LeapXELA_Hardware_ws/install/xela_description/share/ament_index/resource_index/packages
copying package.xml -> /workspace/LeapXELA_Hardware_ws/install/xela_description/share/xela_description
copying urdf/robot.urdf -> /workspace/LeapXELA_Hardware_ws/install/xela_description/share/xela_description
copying urdf/finger.urdf -> /workspace/LeapXELA_Hardware_ws/install/xela_description/share/xela_description
copying urdf/thumb.urdf -> /workspace/LeapXELA_Hardware_ws/install/xela_description/share/xela_description
copying urdf/palm.urdf -> /workspace/LeapXELA_Hardware_ws/install/xela_description/share/xela_description
copying urdf/hand.urdf -> /workspace/LeapXELA_Hardware_ws/install/xela_description/share/xela_description
copying joint_config.json -> /workspace/LeapXELA_Hardware_ws/install/xela_description/share/xela_description
creating /workspace/LeapXELA_Hardware_ws/install/xela_description/share/xela_description/launch
copying launch/visulize.launch.py -> /workspace/LeapXELA_Hardware_ws/install/xela_description/share/xela_description/launch
copying launch/visulize_palm_launch.py -> /workspace/LeapXELA_Hardware_ws/install/xela_description/share/xela_description/launch
copying launch/visulize_mjcf_launch.py -> /workspace/LeapXELA_Hardware_ws/install/xela_description/share/xela_description/launch
copying launch/visulize_finger_launch.py -> /workspace/LeapXELA_Hardware_ws/install/xela_description/share/xela_description/launch
copying launch/visulize_thumb_launch.py -> /workspace/LeapXELA_Hardware_ws/install/xela_description/share/xela_description/launch
copying launch/visulize_hand_launch.py -> /workspace/LeapXELA_Hardware_ws/install/xela_description/share/xela_description/launch
creating /workspace/LeapXELA_Hardware_ws/install/xela_description/share/xela_description/launch/__pycache__
copying launch/__pycache__/visulize_finger_launch.cpython-310.pyc -> /workspace/LeapXELA_Hardware_ws/install/xela_description/share/xela_description/launch/__pycache__
creating /workspace/LeapXELA_Hardware_ws/install/xela_description/share/xela_description/mjcf
copying mjcf/leapXela_base_model.xml -> /workspace/LeapXELA_Hardware_ws/install/xela_description/share/xela_description/mjcf
copying mjcf/__init__.py -> /workspace/LeapXELA_Hardware_ws/install/xela_description/share/xela_description/mjcf
copying mjcf/add_touch_point_cloud_to_model.py -> /workspace/LeapXELA_Hardware_ws/install/xela_description/share/xela_description/mjcf
copying mjcf/scene.xml -> /workspace/LeapXELA_Hardware_ws/install/xela_description/share/xela_description/mjcf
copying mjcf/sensor_joints.json -> /workspace/LeapXELA_Hardware_ws/install/xela_description/share/xela_description/mjcf
copying mjcf/scene_touch_point_cloud.xml -> /workspace/LeapXELA_Hardware_ws/install/xela_description/share/xela_description/mjcf
copying mjcf/leapXela_touch_point_cloud.xml -> /workspace/LeapXELA_Hardware_ws/install/xela_description/share/xela_description/mjcf
copying mjcf/config.json -> /workspace/LeapXELA_Hardware_ws/install/xela_description/share/xela_description/mjcf
copying mjcf/visulize_mjcf.py -> /workspace/LeapXELA_Hardware_ws/install/xela_description/share/xela_description/mjcf
copying mjcf/4_6_sites.json -> /workspace/LeapXELA_Hardware_ws/install/xela_description/share/xela_description/mjcf
copying mjcf/leap_taxel_map.py -> /workspace/LeapXELA_Hardware_ws/install/xela_description/share/xela_description/mjcf
copying mjcf/leap_sensor_taxel_map.json -> /workspace/LeapXELA_Hardware_ws/install/xela_description/share/xela_description/mjcf
copying mjcf/fingertip_magnet_pose.json -> /workspace/LeapXELA_Hardware_ws/install/xela_description/share/xela_description/mjcf
copying mjcf/4_4_sites.json -> /workspace/LeapXELA_Hardware_ws/install/xela_description/share/xela_description/mjcf
creating /workspace/LeapXELA_Hardware_ws/install/xela_description/share/xela_description/mjcf/assets
copying mjcf/assets/fingertop_unfied.part -> /workspace/LeapXELA_Hardware_ws/install/xela_description/share/xela_description/mjcf/assets
copying mjcf/assets/p4_unified.stl -> /workspace/LeapXELA_Hardware_ws/install/xela_description/share/xela_description/mjcf/assets
copying mjcf/assets/thp0_unified.stl -> /workspace/LeapXELA_Hardware_ws/install/xela_description/share/xela_description/mjcf/assets
copying mjcf/assets/outer_skin_collision_1.stl -> /workspace/LeapXELA_Hardware_ws/install/xela_description/share/xela_description/mjcf/assets
copying mjcf/assets/sphere.stl -> /workspace/LeapXELA_Hardware_ws/install/xela_description/share/xela_description/mjcf/assets
copying mjcf/assets/fingertop_unfied.stl -> /workspace/LeapXELA_Hardware_ws/install/xela_description/share/xela_description/mjcf/assets
copying mjcf/assets/p5_unified.stl -> /workspace/LeapXELA_Hardware_ws/install/xela_description/share/xela_description/mjcf/assets
copying mjcf/assets/palm_face.part -> /workspace/LeapXELA_Hardware_ws/install/xela_description/share/xela_description/mjcf/assets
copying mjcf/assets/thfingertip_unified.part -> /workspace/LeapXELA_Hardware_ws/install/xela_description/share/xela_description/mjcf/assets
copying mjcf/assets/outer_skin_v1_3_1.stl.mtl -> /workspace/LeapXELA_Hardware_ws/install/xela_description/share/xela_description/mjcf/assets
copying mjcf/assets/outer_skin_collision_2.stl -> /workspace/LeapXELA_Hardware_ws/install/xela_description/share/xela_description/mjcf/assets
copying mjcf/assets/thconnector.stl -> /workspace/LeapXELA_Hardware_ws/install/xela_description/share/xela_description/mjcf/assets
copying mjcf/assets/p3_unified.part -> /workspace/LeapXELA_Hardware_ws/install/xela_description/share/xela_description/mjcf/assets
copying mjcf/assets/outer_skin_collision_5.stl -> /workspace/LeapXELA_Hardware_ws/install/xela_description/share/xela_description/mjcf/assets
copying mjcf/assets/thp1_unified.part -> /workspace/LeapXELA_Hardware_ws/install/xela_description/share/xela_description/mjcf/assets
copying mjcf/assets/top_palm.stl -> /workspace/LeapXELA_Hardware_ws/install/xela_description/share/xela_description/mjcf/assets
copying mjcf/assets/outer_skin_collision_6.stl -> /workspace/LeapXELA_Hardware_ws/install/xela_description/share/xela_description/mjcf/assets
copying mjcf/assets/leap_hand_xela_motorholder.part -> /workspace/LeapXELA_Hardware_ws/install/xela_description/share/xela_description/mjcf/assets
copying mjcf/assets/clipper.part -> /workspace/LeapXELA_Hardware_ws/install/xela_description/share/xela_description/mjcf/assets
copying mjcf/assets/uspa46.stl -> /workspace/LeapXELA_Hardware_ws/install/xela_description/share/xela_description/mjcf/assets
copying mjcf/assets/leap_hand_xela_motorholder.stl -> /workspace/LeapXELA_Hardware_ws/install/xela_description/share/xela_description/mjcf/assets
copying mjcf/assets/leap_hand_xela_bottom.stl -> /workspace/LeapXELA_Hardware_ws/install/xela_description/share/xela_description/mjcf/assets
copying mjcf/assets/leap_hand_xela_side_cover.stl -> /workspace/LeapXELA_Hardware_ws/install/xela_description/share/xela_description/mjcf/assets
copying mjcf/assets/p5_unified.part -> /workspace/LeapXELA_Hardware_ws/install/xela_description/share/xela_description/mjcf/assets
copying mjcf/assets/p4_unified.part -> /workspace/LeapXELA_Hardware_ws/install/xela_description/share/xela_description/mjcf/assets
copying mjcf/assets/outer_skin_collision_3.stl -> /workspace/LeapXELA_Hardware_ws/install/xela_description/share/xela_description/mjcf/assets
copying mjcf/assets/leap_hand_xela_side_cover.part -> /workspace/LeapXELA_Hardware_ws/install/xela_description/share/xela_description/mjcf/assets
copying mjcf/assets/clipper.stl -> /workspace/LeapXELA_Hardware_ws/install/xela_description/share/xela_description/mjcf/assets
copying mjcf/assets/uspa46.part -> /workspace/LeapXELA_Hardware_ws/install/xela_description/share/xela_description/mjcf/assets
copying mjcf/assets/thfingertip_unified.stl -> /workspace/LeapXELA_Hardware_ws/install/xela_description/share/xela_description/mjcf/assets
copying mjcf/assets/leap_hand_xela_back_cover.stl -> /workspace/LeapXELA_Hardware_ws/install/xela_description/share/xela_description/mjcf/assets
copying mjcf/assets/top_palm.part -> /workspace/LeapXELA_Hardware_ws/install/xela_description/share/xela_description/mjcf/assets
copying mjcf/assets/palm_face.stl -> /workspace/LeapXELA_Hardware_ws/install/xela_description/share/xela_description/mjcf/assets
copying mjcf/assets/outer_skin_v1_3_1.part -> /workspace/LeapXELA_Hardware_ws/install/xela_description/share/xela_description/mjcf/assets
copying mjcf/assets/outer_skin_v1_3_1.stl -> /workspace/LeapXELA_Hardware_ws/install/xela_description/share/xela_description/mjcf/assets
copying mjcf/assets/thp1_unified.stl -> /workspace/LeapXELA_Hardware_ws/install/xela_description/share/xela_description/mjcf/assets
copying mjcf/assets/thconnector.part -> /workspace/LeapXELA_Hardware_ws/install/xela_description/share/xela_description/mjcf/assets
copying mjcf/assets/thp0_unified.part -> /workspace/LeapXELA_Hardware_ws/install/xela_description/share/xela_description/mjcf/assets
copying mjcf/assets/outer_skin_v1_3_1.stl.obj -> /workspace/LeapXELA_Hardware_ws/install/xela_description/share/xela_description/mjcf/assets
copying mjcf/assets/leap_hand_xela_back_cover.part -> /workspace/LeapXELA_Hardware_ws/install/xela_description/share/xela_description/mjcf/assets
copying mjcf/assets/p3_unified.stl -> /workspace/LeapXELA_Hardware_ws/install/xela_description/share/xela_description/mjcf/assets
copying mjcf/assets/leap_hand_xela_bottom.part -> /workspace/LeapXELA_Hardware_ws/install/xela_description/share/xela_description/mjcf/assets
copying mjcf/assets/thp2_unified.stl -> /workspace/LeapXELA_Hardware_ws/install/xela_description/share/xela_description/mjcf/assets
copying mjcf/assets/outer_skin_collision_4.stl -> /workspace/LeapXELA_Hardware_ws/install/xela_description/share/xela_description/mjcf/assets
copying mjcf/assets/p2_unified.stl -> /workspace/LeapXELA_Hardware_ws/install/xela_description/share/xela_description/mjcf/assets
copying mjcf/assets/p2_unified.part -> /workspace/LeapXELA_Hardware_ws/install/xela_description/share/xela_description/mjcf/assets
copying mjcf/assets/thp2_unified.part -> /workspace/LeapXELA_Hardware_ws/install/xela_description/share/xela_description/mjcf/assets
creating /workspace/LeapXELA_Hardware_ws/install/xela_description/share/xela_description/mjcf/assets/meshes
copying mjcf/assets/meshes/leap_mount.obj -> /workspace/LeapXELA_Hardware_ws/install/xela_description/share/xela_description/mjcf/assets/meshes
copying mjcf/assets/meshes/dex_cube.obj -> /workspace/LeapXELA_Hardware_ws/install/xela_description/share/xela_description/mjcf/assets/meshes
creating /workspace/LeapXELA_Hardware_ws/install/xela_description/share/xela_description/mjcf/meshes
copying mjcf/meshes/leap_mount.obj -> /workspace/LeapXELA_Hardware_ws/install/xela_description/share/xela_description/mjcf/meshes
copying mjcf/meshes/dex_cube.obj -> /workspace/LeapXELA_Hardware_ws/install/xela_description/share/xela_description/mjcf/meshes
creating /workspace/LeapXELA_Hardware_ws/install/xela_description/share/xela_description/assets
copying urdf/assets/fingertop_unfied.part -> /workspace/LeapXELA_Hardware_ws/install/xela_description/share/xela_description/assets
copying urdf/assets/p4_unified.stl -> /workspace/LeapXELA_Hardware_ws/install/xela_description/share/xela_description/assets
copying urdf/assets/thp0_unified.stl -> /workspace/LeapXELA_Hardware_ws/install/xela_description/share/xela_description/assets
copying urdf/assets/fingertop_unfied.stl -> /workspace/LeapXELA_Hardware_ws/install/xela_description/share/xela_description/assets
copying urdf/assets/p5_unified.stl -> /workspace/LeapXELA_Hardware_ws/install/xela_description/share/xela_description/assets
copying urdf/assets/palm_face.part -> /workspace/LeapXELA_Hardware_ws/install/xela_description/share/xela_description/assets
copying urdf/assets/thfingertip_unified.part -> /workspace/LeapXELA_Hardware_ws/install/xela_description/share/xela_description/assets
copying urdf/assets/thconnector.stl -> /workspace/LeapXELA_Hardware_ws/install/xela_description/share/xela_description/assets
copying urdf/assets/p3_unified.part -> /workspace/LeapXELA_Hardware_ws/install/xela_description/share/xela_description/assets
copying urdf/assets/thp1_unified.part -> /workspace/LeapXELA_Hardware_ws/install/xela_description/share/xela_description/assets
copying urdf/assets/top_palm.stl -> /workspace/LeapXELA_Hardware_ws/install/xela_description/share/xela_description/assets
copying urdf/assets/leap_hand_xela_motorholder.part -> /workspace/LeapXELA_Hardware_ws/install/xela_description/share/xela_description/assets
copying urdf/assets/clipper.part -> /workspace/LeapXELA_Hardware_ws/install/xela_description/share/xela_description/assets
copying urdf/assets/uspa46.stl -> /workspace/LeapXELA_Hardware_ws/install/xela_description/share/xela_description/assets
copying urdf/assets/leap_hand_xela_motorholder.stl -> /workspace/LeapXELA_Hardware_ws/install/xela_description/share/xela_description/assets
copying urdf/assets/leap_hand_xela_bottom.stl -> /workspace/LeapXELA_Hardware_ws/install/xela_description/share/xela_description/assets
copying urdf/assets/leap_hand_xela_side_cover.stl -> /workspace/LeapXELA_Hardware_ws/install/xela_description/share/xela_description/assets
copying urdf/assets/p5_unified.part -> /workspace/LeapXELA_Hardware_ws/install/xela_description/share/xela_description/assets
copying urdf/assets/p4_unified.part -> /workspace/LeapXELA_Hardware_ws/install/xela_description/share/xela_description/assets
copying urdf/assets/leap_hand_xela_side_cover.part -> /workspace/LeapXELA_Hardware_ws/install/xela_description/share/xela_description/assets
copying urdf/assets/clipper.stl -> /workspace/LeapXELA_Hardware_ws/install/xela_description/share/xela_description/assets
copying urdf/assets/uspa46.part -> /workspace/LeapXELA_Hardware_ws/install/xela_description/share/xela_description/assets
copying urdf/assets/thfingertip_unified.stl -> /workspace/LeapXELA_Hardware_ws/install/xela_description/share/xela_description/assets
copying urdf/assets/leap_hand_xela_back_cover.stl -> /workspace/LeapXELA_Hardware_ws/install/xela_description/share/xela_description/assets
copying urdf/assets/top_palm.part -> /workspace/LeapXELA_Hardware_ws/install/xela_description/share/xela_description/assets
copying urdf/assets/palm_face.stl -> /workspace/LeapXELA_Hardware_ws/install/xela_description/share/xela_description/assets
copying urdf/assets/thp1_unified.stl -> /workspace/LeapXELA_Hardware_ws/install/xela_description/share/xela_description/assets
copying urdf/assets/thconnector.part -> /workspace/LeapXELA_Hardware_ws/install/xela_description/share/xela_description/assets
copying urdf/assets/thp0_unified.part -> /workspace/LeapXELA_Hardware_ws/install/xela_description/share/xela_description/assets
copying urdf/assets/leap_hand_xela_back_cover.part -> /workspace/LeapXELA_Hardware_ws/install/xela_description/share/xela_description/assets
copying urdf/assets/p3_unified.stl -> /workspace/LeapXELA_Hardware_ws/install/xela_description/share/xela_description/assets
copying urdf/assets/leap_hand_xela_bottom.part -> /workspace/LeapXELA_Hardware_ws/install/xela_description/share/xela_description/assets
copying urdf/assets/thp2_unified.stl -> /workspace/LeapXELA_Hardware_ws/install/xela_description/share/xela_description/assets
copying urdf/assets/p2_unified.stl -> /workspace/LeapXELA_Hardware_ws/install/xela_description/share/xela_description/assets
copying urdf/assets/p2_unified.part -> /workspace/LeapXELA_Hardware_ws/install/xela_description/share/xela_description/assets
copying urdf/assets/thp2_unified.part -> /workspace/LeapXELA_Hardware_ws/install/xela_description/share/xela_description/assets
running install_egg_info
Copying ../../../build/xela_description/xela_description.egg-info to /workspace/LeapXELA_Hardware_ws/install/xela_description/lib/python3.10/site-packages/xela_description-0.0.0-py3.10.egg-info
running install_scripts
Installing visulize script to /workspace/LeapXELA_Hardware_ws/install/xela_description/lib/xela_description
Installing visulize_finger script to /workspace/LeapXELA_Hardware_ws/install/xela_description/lib/xela_description
Installing visulize_hand script to /workspace/LeapXELA_Hardware_ws/install/xela_description/lib/xela_description
Installing visulize_mjcf script to /workspace/LeapXELA_Hardware_ws/install/xela_description/lib/xela_description
Installing visulize_palm script to /workspace/LeapXELA_Hardware_ws/install/xela_description/lib/xela_description
Installing visulize_thumb script to /workspace/LeapXELA_Hardware_ws/install/xela_description/lib/xela_description
writing list of installed files to '/workspace/LeapXELA_Hardware_ws/build/xela_description/install.log'
