[2.440s] Invoking command in '/workspace/LeapXELA_Hardware_ws/ros_ws/src/xela_description': PYTHONPATH=/workspace/LeapXELA_Hardware_ws/build/xela_description/prefix_override:/usr/lib/python3/dist-packages/colcon_core/task/python/colcon_distutils_commands:/workspace/LeapXELA_Hardware_ws/install/xela_description/lib/python3.10/site-packages:${PYTHONPATH} /usr/bin/python3 -W ignore:setup.py install is deprecated -W ignore:easy_install command is deprecated setup.py egg_info --egg-base ../../../build/xela_description build --build-base /workspace/LeapXELA_Hardware_ws/build/xela_description/build install --record /workspace/LeapXELA_Hardware_ws/build/xela_description/install.log --single-version-externally-managed install_data
[2.909s] running egg_info
[2.910s] creating ../../../build/xela_description/xela_description.egg-info
[2.910s] writing ../../../build/xela_description/xela_description.egg-info/PKG-INFO
[2.911s] writing dependency_links to ../../../build/xela_description/xela_description.egg-info/dependency_links.txt
[2.911s] writing entry points to ../../../build/xela_description/xela_description.egg-info/entry_points.txt
[2.911s] writing requirements to ../../../build/xela_description/xela_description.egg-info/requires.txt
[2.911s] writing top-level names to ../../../build/xela_description/xela_description.egg-info/top_level.txt
[2.912s] writing manifest file '../../../build/xela_description/xela_description.egg-info/SOURCES.txt'
[2.916s] reading manifest file '../../../build/xela_description/xela_description.egg-info/SOURCES.txt'
[2.921s] writing manifest file '../../../build/xela_description/xela_description.egg-info/SOURCES.txt'
[2.921s] running build
[2.921s] running build_py
[2.921s] creating /workspace/LeapXELA_Hardware_ws/build/xela_description/build
[2.922s] creating /workspace/LeapXELA_Hardware_ws/build/xela_description/build/lib
[2.922s] creating /workspace/LeapXELA_Hardware_ws/build/xela_description/build/lib/mjcf
[2.922s] copying mjcf/__init__.py -> /workspace/LeapXELA_Hardware_ws/build/xela_description/build/lib/mjcf
[2.922s] copying mjcf/add_touch_point_cloud_to_model.py -> /workspace/LeapXELA_Hardware_ws/build/xela_description/build/lib/mjcf
[2.922s] copying mjcf/visulize_mjcf.py -> /workspace/LeapXELA_Hardware_ws/build/xela_description/build/lib/mjcf
[2.923s] copying mjcf/leap_taxel_map.py -> /workspace/LeapXELA_Hardware_ws/build/xela_description/build/lib/mjcf
[2.923s] creating /workspace/LeapXELA_Hardware_ws/build/xela_description/build/lib/urdf
[2.923s] copying urdf/__init__.py -> /workspace/LeapXELA_Hardware_ws/build/xela_description/build/lib/urdf
[2.924s] copying urdf/visulize_hand_node.py -> /workspace/LeapXELA_Hardware_ws/build/xela_description/build/lib/urdf
[2.924s] copying urdf/visulize_node.py -> /workspace/LeapXELA_Hardware_ws/build/xela_description/build/lib/urdf
[2.924s] copying urdf/list_to_string.py -> /workspace/LeapXELA_Hardware_ws/build/xela_description/build/lib/urdf
[2.924s] copying urdf/finger.py -> /workspace/LeapXELA_Hardware_ws/build/xela_description/build/lib/urdf
[2.924s] copying urdf/visulize_palm_node.py -> /workspace/LeapXELA_Hardware_ws/build/xela_description/build/lib/urdf
[2.925s] copying urdf/thumb.py -> /workspace/LeapXELA_Hardware_ws/build/xela_description/build/lib/urdf
[2.925s] copying urdf/palm.py -> /workspace/LeapXELA_Hardware_ws/build/xela_description/build/lib/urdf
[2.925s] copying urdf/visulize_thumb_node.py -> /workspace/LeapXELA_Hardware_ws/build/xela_description/build/lib/urdf
[2.925s] copying urdf/hand.py -> /workspace/LeapXELA_Hardware_ws/build/xela_description/build/lib/urdf
[2.926s] running install
[2.927s] running install_lib
[2.929s] creating /workspace/LeapXELA_Hardware_ws/install/xela_description/lib/python3.10/site-packages/mjcf
[2.929s] copying /workspace/LeapXELA_Hardware_ws/build/xela_description/build/lib/mjcf/__init__.py -> /workspace/LeapXELA_Hardware_ws/install/xela_description/lib/python3.10/site-packages/mjcf
[2.930s] copying /workspace/LeapXELA_Hardware_ws/build/xela_description/build/lib/mjcf/add_touch_point_cloud_to_model.py -> /workspace/LeapXELA_Hardware_ws/install/xela_description/lib/python3.10/site-packages/mjcf
[2.930s] copying /workspace/LeapXELA_Hardware_ws/build/xela_description/build/lib/mjcf/visulize_mjcf.py -> /workspace/LeapXELA_Hardware_ws/install/xela_description/lib/python3.10/site-packages/mjcf
[2.930s] copying /workspace/LeapXELA_Hardware_ws/build/xela_description/build/lib/mjcf/leap_taxel_map.py -> /workspace/LeapXELA_Hardware_ws/install/xela_description/lib/python3.10/site-packages/mjcf
[2.931s] creating /workspace/LeapXELA_Hardware_ws/install/xela_description/lib/python3.10/site-packages/urdf
[2.931s] copying /workspace/LeapXELA_Hardware_ws/build/xela_description/build/lib/urdf/__init__.py -> /workspace/LeapXELA_Hardware_ws/install/xela_description/lib/python3.10/site-packages/urdf
[2.931s] copying /workspace/LeapXELA_Hardware_ws/build/xela_description/build/lib/urdf/visulize_hand_node.py -> /workspace/LeapXELA_Hardware_ws/install/xela_description/lib/python3.10/site-packages/urdf
[2.931s] copying /workspace/LeapXELA_Hardware_ws/build/xela_description/build/lib/urdf/visulize_node.py -> /workspace/LeapXELA_Hardware_ws/install/xela_description/lib/python3.10/site-packages/urdf
[2.932s] copying /workspace/LeapXELA_Hardware_ws/build/xela_description/build/lib/urdf/list_to_string.py -> /workspace/LeapXELA_Hardware_ws/install/xela_description/lib/python3.10/site-packages/urdf
[2.932s] copying /workspace/LeapXELA_Hardware_ws/build/xela_description/build/lib/urdf/finger.py -> /workspace/LeapXELA_Hardware_ws/install/xela_description/lib/python3.10/site-packages/urdf
[2.932s] copying /workspace/LeapXELA_Hardware_ws/build/xela_description/build/lib/urdf/visulize_palm_node.py -> /workspace/LeapXELA_Hardware_ws/install/xela_description/lib/python3.10/site-packages/urdf
[2.932s] copying /workspace/LeapXELA_Hardware_ws/build/xela_description/build/lib/urdf/thumb.py -> /workspace/LeapXELA_Hardware_ws/install/xela_description/lib/python3.10/site-packages/urdf
[2.933s] copying /workspace/LeapXELA_Hardware_ws/build/xela_description/build/lib/urdf/palm.py -> /workspace/LeapXELA_Hardware_ws/install/xela_description/lib/python3.10/site-packages/urdf
[2.933s] copying /workspace/LeapXELA_Hardware_ws/build/xela_description/build/lib/urdf/visulize_thumb_node.py -> /workspace/LeapXELA_Hardware_ws/install/xela_description/lib/python3.10/site-packages/urdf
[2.933s] copying /workspace/LeapXELA_Hardware_ws/build/xela_description/build/lib/urdf/hand.py -> /workspace/LeapXELA_Hardware_ws/install/xela_description/lib/python3.10/site-packages/urdf
[2.934s] byte-compiling /workspace/LeapXELA_Hardware_ws/install/xela_description/lib/python3.10/site-packages/mjcf/__init__.py to __init__.cpython-310.pyc
[2.934s] byte-compiling /workspace/LeapXELA_Hardware_ws/install/xela_description/lib/python3.10/site-packages/mjcf/add_touch_point_cloud_to_model.py to add_touch_point_cloud_to_model.cpython-310.pyc
[2.943s] byte-compiling /workspace/LeapXELA_Hardware_ws/install/xela_description/lib/python3.10/site-packages/mjcf/visulize_mjcf.py to visulize_mjcf.cpython-310.pyc
[2.944s] byte-compiling /workspace/LeapXELA_Hardware_ws/install/xela_description/lib/python3.10/site-packages/mjcf/leap_taxel_map.py to leap_taxel_map.cpython-310.pyc
[2.949s] byte-compiling /workspace/LeapXELA_Hardware_ws/install/xela_description/lib/python3.10/site-packages/urdf/__init__.py to __init__.cpython-310.pyc
[2.949s] byte-compiling /workspace/LeapXELA_Hardware_ws/install/xela_description/lib/python3.10/site-packages/urdf/visulize_hand_node.py to visulize_hand_node.cpython-310.pyc
[2.950s] byte-compiling /workspace/LeapXELA_Hardware_ws/install/xela_description/lib/python3.10/site-packages/urdf/visulize_node.py to visulize_node.cpython-310.pyc
[2.951s] byte-compiling /workspace/LeapXELA_Hardware_ws/install/xela_description/lib/python3.10/site-packages/urdf/list_to_string.py to list_to_string.cpython-310.pyc
[2.952s] byte-compiling /workspace/LeapXELA_Hardware_ws/install/xela_description/lib/python3.10/site-packages/urdf/finger.py to finger.cpython-310.pyc
[2.957s] byte-compiling /workspace/LeapXELA_Hardware_ws/install/xela_description/lib/python3.10/site-packages/urdf/visulize_palm_node.py to visulize_palm_node.cpython-310.pyc
[2.958s] byte-compiling /workspace/LeapXELA_Hardware_ws/install/xela_description/lib/python3.10/site-packages/urdf/thumb.py to thumb.cpython-310.pyc
[2.963s] byte-compiling /workspace/LeapXELA_Hardware_ws/install/xela_description/lib/python3.10/site-packages/urdf/palm.py to palm.cpython-310.pyc
[2.964s] byte-compiling /workspace/LeapXELA_Hardware_ws/install/xela_description/lib/python3.10/site-packages/urdf/visulize_thumb_node.py to visulize_thumb_node.cpython-310.pyc
[2.965s] byte-compiling /workspace/LeapXELA_Hardware_ws/install/xela_description/lib/python3.10/site-packages/urdf/hand.py to hand.cpython-310.pyc
[2.968s] running install_data
[2.968s] creating /workspace/LeapXELA_Hardware_ws/install/xela_description/share/ament_index
[2.968s] creating /workspace/LeapXELA_Hardware_ws/install/xela_description/share/ament_index/resource_index
[2.968s] creating /workspace/LeapXELA_Hardware_ws/install/xela_description/share/ament_index/resource_index/packages
[2.969s] copying resource/xela_description -> /workspace/LeapXELA_Hardware_ws/install/xela_description/share/ament_index/resource_index/packages
[2.969s] copying package.xml -> /workspace/LeapXELA_Hardware_ws/install/xela_description/share/xela_description
[2.969s] copying urdf/robot.urdf -> /workspace/LeapXELA_Hardware_ws/install/xela_description/share/xela_description
[2.969s] copying urdf/finger.urdf -> /workspace/LeapXELA_Hardware_ws/install/xela_description/share/xela_description
[2.969s] copying urdf/thumb.urdf -> /workspace/LeapXELA_Hardware_ws/install/xela_description/share/xela_description
[2.970s] copying urdf/palm.urdf -> /workspace/LeapXELA_Hardware_ws/install/xela_description/share/xela_description
[2.970s] copying urdf/hand.urdf -> /workspace/LeapXELA_Hardware_ws/install/xela_description/share/xela_description
[2.970s] copying joint_config.json -> /workspace/LeapXELA_Hardware_ws/install/xela_description/share/xela_description
[2.970s] creating /workspace/LeapXELA_Hardware_ws/install/xela_description/share/xela_description/launch
[2.971s] copying launch/visulize.launch.py -> /workspace/LeapXELA_Hardware_ws/install/xela_description/share/xela_description/launch
[2.971s] copying launch/visulize_palm_launch.py -> /workspace/LeapXELA_Hardware_ws/install/xela_description/share/xela_description/launch
[2.971s] copying launch/visulize_mjcf_launch.py -> /workspace/LeapXELA_Hardware_ws/install/xela_description/share/xela_description/launch
[2.971s] copying launch/visulize_finger_launch.py -> /workspace/LeapXELA_Hardware_ws/install/xela_description/share/xela_description/launch
[2.971s] copying launch/visulize_thumb_launch.py -> /workspace/LeapXELA_Hardware_ws/install/xela_description/share/xela_description/launch
[2.971s] copying launch/visulize_hand_launch.py -> /workspace/LeapXELA_Hardware_ws/install/xela_description/share/xela_description/launch
[2.971s] creating /workspace/LeapXELA_Hardware_ws/install/xela_description/share/xela_description/launch/__pycache__
[2.971s] copying launch/__pycache__/visulize_finger_launch.cpython-310.pyc -> /workspace/LeapXELA_Hardware_ws/install/xela_description/share/xela_description/launch/__pycache__
[2.971s] creating /workspace/LeapXELA_Hardware_ws/install/xela_description/share/xela_description/mjcf
[2.972s] copying mjcf/leapXela_base_model.xml -> /workspace/LeapXELA_Hardware_ws/install/xela_description/share/xela_description/mjcf
[2.972s] copying mjcf/__init__.py -> /workspace/LeapXELA_Hardware_ws/install/xela_description/share/xela_description/mjcf
[2.972s] copying mjcf/add_touch_point_cloud_to_model.py -> /workspace/LeapXELA_Hardware_ws/install/xela_description/share/xela_description/mjcf
[2.972s] copying mjcf/scene.xml -> /workspace/LeapXELA_Hardware_ws/install/xela_description/share/xela_description/mjcf
[2.972s] copying mjcf/sensor_joints.json -> /workspace/LeapXELA_Hardware_ws/install/xela_description/share/xela_description/mjcf
[2.972s] copying mjcf/scene_touch_point_cloud.xml -> /workspace/LeapXELA_Hardware_ws/install/xela_description/share/xela_description/mjcf
[2.972s] copying mjcf/leapXela_touch_point_cloud.xml -> /workspace/LeapXELA_Hardware_ws/install/xela_description/share/xela_description/mjcf
[2.972s] copying mjcf/config.json -> /workspace/LeapXELA_Hardware_ws/install/xela_description/share/xela_description/mjcf
[2.972s] copying mjcf/visulize_mjcf.py -> /workspace/LeapXELA_Hardware_ws/install/xela_description/share/xela_description/mjcf
[2.973s] copying mjcf/4_6_sites.json -> /workspace/LeapXELA_Hardware_ws/install/xela_description/share/xela_description/mjcf
[2.973s] copying mjcf/leap_taxel_map.py -> /workspace/LeapXELA_Hardware_ws/install/xela_description/share/xela_description/mjcf
[2.973s] copying mjcf/leap_sensor_taxel_map.json -> /workspace/LeapXELA_Hardware_ws/install/xela_description/share/xela_description/mjcf
[2.973s] copying mjcf/fingertip_magnet_pose.json -> /workspace/LeapXELA_Hardware_ws/install/xela_description/share/xela_description/mjcf
[2.973s] copying mjcf/4_4_sites.json -> /workspace/LeapXELA_Hardware_ws/install/xela_description/share/xela_description/mjcf
[2.973s] creating /workspace/LeapXELA_Hardware_ws/install/xela_description/share/xela_description/mjcf/assets
[2.973s] copying mjcf/assets/fingertop_unfied.part -> /workspace/LeapXELA_Hardware_ws/install/xela_description/share/xela_description/mjcf/assets
[2.974s] copying mjcf/assets/p4_unified.stl -> /workspace/LeapXELA_Hardware_ws/install/xela_description/share/xela_description/mjcf/assets
[2.975s] copying mjcf/assets/thp0_unified.stl -> /workspace/LeapXELA_Hardware_ws/install/xela_description/share/xela_description/mjcf/assets
[2.976s] copying mjcf/assets/outer_skin_collision_1.stl -> /workspace/LeapXELA_Hardware_ws/install/xela_description/share/xela_description/mjcf/assets
[2.976s] copying mjcf/assets/sphere.stl -> /workspace/LeapXELA_Hardware_ws/install/xela_description/share/xela_description/mjcf/assets
[2.976s] copying mjcf/assets/fingertop_unfied.stl -> /workspace/LeapXELA_Hardware_ws/install/xela_description/share/xela_description/mjcf/assets
[2.977s] copying mjcf/assets/p5_unified.stl -> /workspace/LeapXELA_Hardware_ws/install/xela_description/share/xela_description/mjcf/assets
[2.978s] copying mjcf/assets/palm_face.part -> /workspace/LeapXELA_Hardware_ws/install/xela_description/share/xela_description/mjcf/assets
[2.979s] copying mjcf/assets/thfingertip_unified.part -> /workspace/LeapXELA_Hardware_ws/install/xela_description/share/xela_description/mjcf/assets
[2.979s] copying mjcf/assets/outer_skin_v1_3_1.stl.mtl -> /workspace/LeapXELA_Hardware_ws/install/xela_description/share/xela_description/mjcf/assets
[2.979s] copying mjcf/assets/outer_skin_collision_2.stl -> /workspace/LeapXELA_Hardware_ws/install/xela_description/share/xela_description/mjcf/assets
[2.979s] copying mjcf/assets/thconnector.stl -> /workspace/LeapXELA_Hardware_ws/install/xela_description/share/xela_description/mjcf/assets
[2.979s] copying mjcf/assets/p3_unified.part -> /workspace/LeapXELA_Hardware_ws/install/xela_description/share/xela_description/mjcf/assets
[2.980s] copying mjcf/assets/outer_skin_collision_5.stl -> /workspace/LeapXELA_Hardware_ws/install/xela_description/share/xela_description/mjcf/assets
[2.980s] copying mjcf/assets/thp1_unified.part -> /workspace/LeapXELA_Hardware_ws/install/xela_description/share/xela_description/mjcf/assets
[2.980s] copying mjcf/assets/top_palm.stl -> /workspace/LeapXELA_Hardware_ws/install/xela_description/share/xela_description/mjcf/assets
[2.981s] copying mjcf/assets/outer_skin_collision_6.stl -> /workspace/LeapXELA_Hardware_ws/install/xela_description/share/xela_description/mjcf/assets
[2.981s] copying mjcf/assets/leap_hand_xela_motorholder.part -> /workspace/LeapXELA_Hardware_ws/install/xela_description/share/xela_description/mjcf/assets
[2.981s] copying mjcf/assets/clipper.part -> /workspace/LeapXELA_Hardware_ws/install/xela_description/share/xela_description/mjcf/assets
[2.981s] copying mjcf/assets/uspa46.stl -> /workspace/LeapXELA_Hardware_ws/install/xela_description/share/xela_description/mjcf/assets
[2.981s] copying mjcf/assets/leap_hand_xela_motorholder.stl -> /workspace/LeapXELA_Hardware_ws/install/xela_description/share/xela_description/mjcf/assets
[2.982s] copying mjcf/assets/leap_hand_xela_bottom.stl -> /workspace/LeapXELA_Hardware_ws/install/xela_description/share/xela_description/mjcf/assets
[2.983s] copying mjcf/assets/leap_hand_xela_side_cover.stl -> /workspace/LeapXELA_Hardware_ws/install/xela_description/share/xela_description/mjcf/assets
[2.984s] copying mjcf/assets/p5_unified.part -> /workspace/LeapXELA_Hardware_ws/install/xela_description/share/xela_description/mjcf/assets
[2.984s] copying mjcf/assets/p4_unified.part -> /workspace/LeapXELA_Hardware_ws/install/xela_description/share/xela_description/mjcf/assets
[2.984s] copying mjcf/assets/outer_skin_collision_3.stl -> /workspace/LeapXELA_Hardware_ws/install/xela_description/share/xela_description/mjcf/assets
[2.984s] copying mjcf/assets/leap_hand_xela_side_cover.part -> /workspace/LeapXELA_Hardware_ws/install/xela_description/share/xela_description/mjcf/assets
[2.984s] copying mjcf/assets/clipper.stl -> /workspace/LeapXELA_Hardware_ws/install/xela_description/share/xela_description/mjcf/assets
[2.985s] copying mjcf/assets/uspa46.part -> /workspace/LeapXELA_Hardware_ws/install/xela_description/share/xela_description/mjcf/assets
[2.985s] copying mjcf/assets/thfingertip_unified.stl -> /workspace/LeapXELA_Hardware_ws/install/xela_description/share/xela_description/mjcf/assets
[2.986s] copying mjcf/assets/leap_hand_xela_back_cover.stl -> /workspace/LeapXELA_Hardware_ws/install/xela_description/share/xela_description/mjcf/assets
[2.987s] copying mjcf/assets/top_palm.part -> /workspace/LeapXELA_Hardware_ws/install/xela_description/share/xela_description/mjcf/assets
[2.987s] copying mjcf/assets/palm_face.stl -> /workspace/LeapXELA_Hardware_ws/install/xela_description/share/xela_description/mjcf/assets
[2.988s] copying mjcf/assets/outer_skin_v1_3_1.part -> /workspace/LeapXELA_Hardware_ws/install/xela_description/share/xela_description/mjcf/assets
[2.988s] copying mjcf/assets/outer_skin_v1_3_1.stl -> /workspace/LeapXELA_Hardware_ws/install/xela_description/share/xela_description/mjcf/assets
[2.988s] copying mjcf/assets/thp1_unified.stl -> /workspace/LeapXELA_Hardware_ws/install/xela_description/share/xela_description/mjcf/assets
[2.989s] copying mjcf/assets/thconnector.part -> /workspace/LeapXELA_Hardware_ws/install/xela_description/share/xela_description/mjcf/assets
[2.990s] copying mjcf/assets/thp0_unified.part -> /workspace/LeapXELA_Hardware_ws/install/xela_description/share/xela_description/mjcf/assets
[2.990s] copying mjcf/assets/outer_skin_v1_3_1.stl.obj -> /workspace/LeapXELA_Hardware_ws/install/xela_description/share/xela_description/mjcf/assets
[2.990s] copying mjcf/assets/leap_hand_xela_back_cover.part -> /workspace/LeapXELA_Hardware_ws/install/xela_description/share/xela_description/mjcf/assets
[2.990s] copying mjcf/assets/p3_unified.stl -> /workspace/LeapXELA_Hardware_ws/install/xela_description/share/xela_description/mjcf/assets
[2.991s] copying mjcf/assets/leap_hand_xela_bottom.part -> /workspace/LeapXELA_Hardware_ws/install/xela_description/share/xela_description/mjcf/assets
[2.991s] copying mjcf/assets/thp2_unified.stl -> /workspace/LeapXELA_Hardware_ws/install/xela_description/share/xela_description/mjcf/assets
[2.993s] copying mjcf/assets/outer_skin_collision_4.stl -> /workspace/LeapXELA_Hardware_ws/install/xela_description/share/xela_description/mjcf/assets
[2.993s] copying mjcf/assets/p2_unified.stl -> /workspace/LeapXELA_Hardware_ws/install/xela_description/share/xela_description/mjcf/assets
[2.994s] copying mjcf/assets/p2_unified.part -> /workspace/LeapXELA_Hardware_ws/install/xela_description/share/xela_description/mjcf/assets
[2.994s] copying mjcf/assets/thp2_unified.part -> /workspace/LeapXELA_Hardware_ws/install/xela_description/share/xela_description/mjcf/assets
[2.994s] creating /workspace/LeapXELA_Hardware_ws/install/xela_description/share/xela_description/mjcf/assets/meshes
[2.994s] copying mjcf/assets/meshes/leap_mount.obj -> /workspace/LeapXELA_Hardware_ws/install/xela_description/share/xela_description/mjcf/assets/meshes
[2.994s] copying mjcf/assets/meshes/dex_cube.obj -> /workspace/LeapXELA_Hardware_ws/install/xela_description/share/xela_description/mjcf/assets/meshes
[2.995s] creating /workspace/LeapXELA_Hardware_ws/install/xela_description/share/xela_description/mjcf/meshes
[2.995s] copying mjcf/meshes/leap_mount.obj -> /workspace/LeapXELA_Hardware_ws/install/xela_description/share/xela_description/mjcf/meshes
[2.995s] copying mjcf/meshes/dex_cube.obj -> /workspace/LeapXELA_Hardware_ws/install/xela_description/share/xela_description/mjcf/meshes
[2.995s] creating /workspace/LeapXELA_Hardware_ws/install/xela_description/share/xela_description/assets
[2.995s] copying urdf/assets/fingertop_unfied.part -> /workspace/LeapXELA_Hardware_ws/install/xela_description/share/xela_description/assets
[2.995s] copying urdf/assets/p4_unified.stl -> /workspace/LeapXELA_Hardware_ws/install/xela_description/share/xela_description/assets
[2.996s] copying urdf/assets/thp0_unified.stl -> /workspace/LeapXELA_Hardware_ws/install/xela_description/share/xela_description/assets
[2.997s] copying urdf/assets/fingertop_unfied.stl -> /workspace/LeapXELA_Hardware_ws/install/xela_description/share/xela_description/assets
[2.999s] copying urdf/assets/p5_unified.stl -> /workspace/LeapXELA_Hardware_ws/install/xela_description/share/xela_description/assets
[3.000s] copying urdf/assets/palm_face.part -> /workspace/LeapXELA_Hardware_ws/install/xela_description/share/xela_description/assets
[3.000s] copying urdf/assets/thfingertip_unified.part -> /workspace/LeapXELA_Hardware_ws/install/xela_description/share/xela_description/assets
[3.000s] copying urdf/assets/thconnector.stl -> /workspace/LeapXELA_Hardware_ws/install/xela_description/share/xela_description/assets
[3.002s] copying urdf/assets/p3_unified.part -> /workspace/LeapXELA_Hardware_ws/install/xela_description/share/xela_description/assets
[3.002s] copying urdf/assets/thp1_unified.part -> /workspace/LeapXELA_Hardware_ws/install/xela_description/share/xela_description/assets
[3.002s] copying urdf/assets/top_palm.stl -> /workspace/LeapXELA_Hardware_ws/install/xela_description/share/xela_description/assets
[3.004s] copying urdf/assets/leap_hand_xela_motorholder.part -> /workspace/LeapXELA_Hardware_ws/install/xela_description/share/xela_description/assets
[3.004s] copying urdf/assets/clipper.part -> /workspace/LeapXELA_Hardware_ws/install/xela_description/share/xela_description/assets
[3.004s] copying urdf/assets/uspa46.stl -> /workspace/LeapXELA_Hardware_ws/install/xela_description/share/xela_description/assets
[3.006s] copying urdf/assets/leap_hand_xela_motorholder.stl -> /workspace/LeapXELA_Hardware_ws/install/xela_description/share/xela_description/assets
[3.007s] copying urdf/assets/leap_hand_xela_bottom.stl -> /workspace/LeapXELA_Hardware_ws/install/xela_description/share/xela_description/assets
[3.008s] copying urdf/assets/leap_hand_xela_side_cover.stl -> /workspace/LeapXELA_Hardware_ws/install/xela_description/share/xela_description/assets
[3.008s] copying urdf/assets/p5_unified.part -> /workspace/LeapXELA_Hardware_ws/install/xela_description/share/xela_description/assets
[3.008s] copying urdf/assets/p4_unified.part -> /workspace/LeapXELA_Hardware_ws/install/xela_description/share/xela_description/assets
[3.009s] copying urdf/assets/leap_hand_xela_side_cover.part -> /workspace/LeapXELA_Hardware_ws/install/xela_description/share/xela_description/assets
[3.009s] copying urdf/assets/clipper.stl -> /workspace/LeapXELA_Hardware_ws/install/xela_description/share/xela_description/assets
[3.009s] copying urdf/assets/uspa46.part -> /workspace/LeapXELA_Hardware_ws/install/xela_description/share/xela_description/assets
[3.009s] copying urdf/assets/thfingertip_unified.stl -> /workspace/LeapXELA_Hardware_ws/install/xela_description/share/xela_description/assets
[3.009s] copying urdf/assets/leap_hand_xela_back_cover.stl -> /workspace/LeapXELA_Hardware_ws/install/xela_description/share/xela_description/assets
[3.010s] copying urdf/assets/top_palm.part -> /workspace/LeapXELA_Hardware_ws/install/xela_description/share/xela_description/assets
[3.010s] copying urdf/assets/palm_face.stl -> /workspace/LeapXELA_Hardware_ws/install/xela_description/share/xela_description/assets
[3.010s] copying urdf/assets/thp1_unified.stl -> /workspace/LeapXELA_Hardware_ws/install/xela_description/share/xela_description/assets
[3.011s] copying urdf/assets/thconnector.part -> /workspace/LeapXELA_Hardware_ws/install/xela_description/share/xela_description/assets
[3.011s] copying urdf/assets/thp0_unified.part -> /workspace/LeapXELA_Hardware_ws/install/xela_description/share/xela_description/assets
[3.011s] copying urdf/assets/leap_hand_xela_back_cover.part -> /workspace/LeapXELA_Hardware_ws/install/xela_description/share/xela_description/assets
[3.011s] copying urdf/assets/p3_unified.stl -> /workspace/LeapXELA_Hardware_ws/install/xela_description/share/xela_description/assets
[3.012s] copying urdf/assets/leap_hand_xela_bottom.part -> /workspace/LeapXELA_Hardware_ws/install/xela_description/share/xela_description/assets
[3.012s] copying urdf/assets/thp2_unified.stl -> /workspace/LeapXELA_Hardware_ws/install/xela_description/share/xela_description/assets
[3.012s] copying urdf/assets/p2_unified.stl -> /workspace/LeapXELA_Hardware_ws/install/xela_description/share/xela_description/assets
[3.013s] copying urdf/assets/p2_unified.part -> /workspace/LeapXELA_Hardware_ws/install/xela_description/share/xela_description/assets
[3.013s] copying urdf/assets/thp2_unified.part -> /workspace/LeapXELA_Hardware_ws/install/xela_description/share/xela_description/assets
[3.013s] running install_egg_info
[3.016s] Copying ../../../build/xela_description/xela_description.egg-info to /workspace/LeapXELA_Hardware_ws/install/xela_description/lib/python3.10/site-packages/xela_description-0.0.0-py3.10.egg-info
[3.018s] running install_scripts
[3.063s] Installing visulize script to /workspace/LeapXELA_Hardware_ws/install/xela_description/lib/xela_description
[3.063s] Installing visulize_finger script to /workspace/LeapXELA_Hardware_ws/install/xela_description/lib/xela_description
[3.063s] Installing visulize_hand script to /workspace/LeapXELA_Hardware_ws/install/xela_description/lib/xela_description
[3.064s] Installing visulize_mjcf script to /workspace/LeapXELA_Hardware_ws/install/xela_description/lib/xela_description
[3.064s] Installing visulize_palm script to /workspace/LeapXELA_Hardware_ws/install/xela_description/lib/xela_description
[3.064s] Installing visulize_thumb script to /workspace/LeapXELA_Hardware_ws/install/xela_description/lib/xela_description
[3.065s] writing list of installed files to '/workspace/LeapXELA_Hardware_ws/build/xela_description/install.log'
[3.108s] Invoked command in '/workspace/LeapXELA_Hardware_ws/ros_ws/src/xela_description' returned '0': PYTHONPATH=/workspace/LeapXELA_Hardware_ws/build/xela_description/prefix_override:/usr/lib/python3/dist-packages/colcon_core/task/python/colcon_distutils_commands:/workspace/LeapXELA_Hardware_ws/install/xela_description/lib/python3.10/site-packages:${PYTHONPATH} /usr/bin/python3 -W ignore:setup.py install is deprecated -W ignore:easy_install command is deprecated setup.py egg_info --egg-base ../../../build/xela_description build --build-base /workspace/LeapXELA_Hardware_ws/build/xela_description/build install --record /workspace/LeapXELA_Hardware_ws/build/xela_description/install.log --single-version-externally-managed install_data
