running egg_info
writing ../../../../build/dex_retargeting/dex_retargeting.egg-info/PKG-INFO
writing dependency_links to ../../../../build/dex_retargeting/dex_retargeting.egg-info/dependency_links.txt
writing entry points to ../../../../build/dex_retargeting/dex_retargeting.egg-info/entry_points.txt
writing requirements to ../../../../build/dex_retargeting/dex_retargeting.egg-info/requires.txt
writing top-level names to ../../../../build/dex_retargeting/dex_retargeting.egg-info/top_level.txt
reading manifest file '../../../../build/dex_retargeting/dex_retargeting.egg-info/SOURCES.txt'
writing manifest file '../../../../build/dex_retargeting/dex_retargeting.egg-info/SOURCES.txt'
running build
running build_py
running install
running install_lib
running install_data
running install_egg_info
removing '/workspace/LeapXELA_Hardware_ws/install/dex_retargeting/lib/python3.10/site-packages/dex_retargeting-0.0.0-py3.10.egg-info' (and everything under it)
Copying ../../../../build/dex_retargeting/dex_retargeting.egg-info to /workspace/LeapXELA_Hardware_ws/install/dex_retargeting/lib/python3.10/site-packages/dex_retargeting-0.0.0-py3.10.egg-info
running install_scripts
Installing hand_pose_publisher script to /workspace/LeapXELA_Hardware_ws/install/dex_retargeting/lib/dex_retargeting
Installing hand_viewer script to /workspace/LeapXELA_Hardware_ws/install/dex_retargeting/lib/dex_retargeting
Installing leap_realsense script to /workspace/LeapXELA_Hardware_ws/install/dex_retargeting/lib/dex_retargeting
Installing leap_xela_realsense script to /workspace/LeapXELA_Hardware_ws/install/dex_retargeting/lib/dex_retargeting
writing list of installed files to '/workspace/LeapXELA_Hardware_ws/build/dex_retargeting/install.log'
