[2.627s] Invoking command in '/workspace/LeapXELA_Hardware_ws/ros_ws/src/xela_telelop/dex_retargeting': PYTHONPATH=/workspace/LeapXELA_Hardware_ws/build/dex_retargeting/prefix_override:/usr/lib/python3/dist-packages/colcon_core/task/python/colcon_distutils_commands:/workspace/LeapXELA_Hardware_ws/install/dex_retargeting/lib/python3.10/site-packages:${PYTHONPATH} /usr/bin/python3 -W ignore:setup.py install is deprecated -W ignore:easy_install command is deprecated setup.py egg_info --egg-base ../../../../build/dex_retargeting build --build-base /workspace/LeapXELA_Hardware_ws/build/dex_retargeting/build install --record /workspace/LeapXELA_Hardware_ws/build/dex_retargeting/install.log --single-version-externally-managed install_data
[3.078s] running egg_info
[3.079s] writing ../../../../build/dex_retargeting/dex_retargeting.egg-info/PKG-INFO
[3.079s] writing dependency_links to ../../../../build/dex_retargeting/dex_retargeting.egg-info/dependency_links.txt
[3.080s] writing entry points to ../../../../build/dex_retargeting/dex_retargeting.egg-info/entry_points.txt
[3.080s] writing requirements to ../../../../build/dex_retargeting/dex_retargeting.egg-info/requires.txt
[3.080s] writing top-level names to ../../../../build/dex_retargeting/dex_retargeting.egg-info/top_level.txt
[3.089s] reading manifest file '../../../../build/dex_retargeting/dex_retargeting.egg-info/SOURCES.txt'
[3.106s] writing manifest file '../../../../build/dex_retargeting/dex_retargeting.egg-info/SOURCES.txt'
[3.107s] running build
[3.107s] running build_py
[3.109s] running install
[3.110s] running install_lib
[3.114s] running install_data
[3.140s] running install_egg_info
[3.144s] removing '/workspace/LeapXELA_Hardware_ws/install/dex_retargeting/lib/python3.10/site-packages/dex_retargeting-0.0.0-py3.10.egg-info' (and everything under it)
[3.145s] Copying ../../../../build/dex_retargeting/dex_retargeting.egg-info to /workspace/LeapXELA_Hardware_ws/install/dex_retargeting/lib/python3.10/site-packages/dex_retargeting-0.0.0-py3.10.egg-info
[3.146s] running install_scripts
[3.185s] Installing hand_pose_publisher script to /workspace/LeapXELA_Hardware_ws/install/dex_retargeting/lib/dex_retargeting
[3.185s] Installing hand_viewer script to /workspace/LeapXELA_Hardware_ws/install/dex_retargeting/lib/dex_retargeting
[3.185s] Installing leap_realsense script to /workspace/LeapXELA_Hardware_ws/install/dex_retargeting/lib/dex_retargeting
[3.186s] Installing leap_xela_realsense script to /workspace/LeapXELA_Hardware_ws/install/dex_retargeting/lib/dex_retargeting
[3.190s] writing list of installed files to '/workspace/LeapXELA_Hardware_ws/build/dex_retargeting/install.log'
[3.334s] Invoked command in '/workspace/LeapXELA_Hardware_ws/ros_ws/src/xela_telelop/dex_retargeting' returned '0': PYTHONPATH=/workspace/LeapXELA_Hardware_ws/build/dex_retargeting/prefix_override:/usr/lib/python3/dist-packages/colcon_core/task/python/colcon_distutils_commands:/workspace/LeapXELA_Hardware_ws/install/dex_retargeting/lib/python3.10/site-packages:${PYTHONPATH} /usr/bin/python3 -W ignore:setup.py install is deprecated -W ignore:easy_install command is deprecated setup.py egg_info --egg-base ../../../../build/dex_retargeting build --build-base /workspace/LeapXELA_Hardware_ws/build/dex_retargeting/build install --record /workspace/LeapXELA_Hardware_ws/build/dex_retargeting/install.log --single-version-externally-managed install_data
