[0.182s] DEBUG:colcon:Command line arguments: ['/usr/bin/colcon', 'build']
[0.182s] DEBUG:colcon:Parsed command line arguments: Namespace(log_base=None, log_level=None, verb_name='build', build_base='build', install_base='install', merge_install=False, symlink_install=False, test_result_base=None, continue_on_error=False, executor='parallel', parallel_workers=16, event_handlers=None, ignore_user_meta=False, metas=['./colcon.meta'], base_paths=['.'], packages_ignore=None, packages_ignore_regex=None, paths=None, packages_up_to=None, packages_up_to_regex=None, packages_above=None, packages_above_and_dependencies=None, packages_above_depth=None, packages_select_by_dep=None, packages_skip_by_dep=None, packages_skip_up_to=None, packages_select_build_failed=False, packages_skip_build_finished=False, packages_select_test_failures=False, packages_skip_test_passed=False, packages_select=None, packages_skip=None, packages_select_regex=None, packages_skip_regex=None, packages_start=None, packages_end=None, allow_overriding=[], cmake_args=None, cmake_target=None, cmake_target_skip_unavailable=False, cmake_clean_cache=False, cmake_clean_first=False, cmake_force_configure=False, ament_cmake_args=None, catkin_cmake_args=None, catkin_skip_building_tests=False, verb_parser=<colcon_defaults.argument_parser.defaults.DefaultArgumentsDecorator object at 0x795b14f902b0>, verb_extension=<colcon_core.verb.build.BuildVerb object at 0x795b150fdc60>, main=<bound method BuildVerb.main of <colcon_core.verb.build.BuildVerb object at 0x795b150fdc60>>)
[0.444s] Level 1:colcon.colcon_core.package_discovery:discover_packages(colcon_meta) check parameters
[0.444s] Level 1:colcon.colcon_core.package_discovery:discover_packages(recursive) check parameters
[0.444s] Level 1:colcon.colcon_core.package_discovery:discover_packages(ignore) check parameters
[0.444s] Level 1:colcon.colcon_core.package_discovery:discover_packages(path) check parameters
[0.444s] Level 1:colcon.colcon_core.package_discovery:discover_packages(colcon_meta) discover
[0.444s] Level 1:colcon.colcon_core.package_discovery:discover_packages(recursive) discover
[0.444s] INFO:colcon.colcon_core.package_discovery:Crawling recursively for packages in '/workspace/LeapXELA_Hardware_ws/ros_ws/src'
[0.444s] Level 1:colcon.colcon_core.package_identification:_identify(.) by extensions ['ignore', 'ignore_ament_install']
[0.445s] Level 1:colcon.colcon_core.package_identification:_identify(.) by extension 'ignore'
[0.445s] Level 1:colcon.colcon_core.package_identification:_identify(.) by extension 'ignore_ament_install'
[0.445s] Level 1:colcon.colcon_core.package_identification:_identify(.) by extensions ['colcon_pkg']
[0.445s] Level 1:colcon.colcon_core.package_identification:_identify(.) by extension 'colcon_pkg'
[0.445s] Level 1:colcon.colcon_core.package_identification:_identify(.) by extensions ['colcon_meta']
[0.445s] Level 1:colcon.colcon_core.package_identification:_identify(.) by extension 'colcon_meta'
[0.445s] Level 1:colcon.colcon_core.package_identification:_identify(.) by extensions ['ros']
[0.445s] Level 1:colcon.colcon_core.package_identification:_identify(.) by extension 'ros'
[0.510s] Level 1:colcon.colcon_core.package_identification:_identify(.) by extensions ['cmake', 'python']
[0.511s] Level 1:colcon.colcon_core.package_identification:_identify(.) by extension 'cmake'
[0.511s] Level 1:colcon.colcon_core.package_identification:_identify(.) by extension 'python'
[0.511s] Level 1:colcon.colcon_core.package_identification:_identify(.) by extensions ['python_setup_py']
[0.511s] Level 1:colcon.colcon_core.package_identification:_identify(.) by extension 'python_setup_py'
[0.511s] Level 1:colcon.colcon_core.package_identification:_identify(LEAP_Hand_API) by extensions ['ignore', 'ignore_ament_install']
[0.511s] Level 1:colcon.colcon_core.package_identification:_identify(LEAP_Hand_API) by extension 'ignore'
[0.511s] Level 1:colcon.colcon_core.package_identification:_identify(LEAP_Hand_API) by extension 'ignore_ament_install'
[0.511s] Level 1:colcon.colcon_core.package_identification:_identify(LEAP_Hand_API) by extensions ['colcon_pkg']
[0.511s] Level 1:colcon.colcon_core.package_identification:_identify(LEAP_Hand_API) by extension 'colcon_pkg'
[0.511s] Level 1:colcon.colcon_core.package_identification:_identify(LEAP_Hand_API) by extensions ['colcon_meta']
[0.512s] Level 1:colcon.colcon_core.package_identification:_identify(LEAP_Hand_API) by extension 'colcon_meta'
[0.512s] Level 1:colcon.colcon_core.package_identification:_identify(LEAP_Hand_API) by extensions ['ros']
[0.512s] Level 1:colcon.colcon_core.package_identification:_identify(LEAP_Hand_API) by extension 'ros'
[0.512s] Level 1:colcon.colcon_core.package_identification:_identify(LEAP_Hand_API) by extensions ['cmake', 'python']
[0.512s] Level 1:colcon.colcon_core.package_identification:_identify(LEAP_Hand_API) by extension 'cmake'
[0.512s] Level 1:colcon.colcon_core.package_identification:_identify(LEAP_Hand_API) by extension 'python'
[0.512s] Level 1:colcon.colcon_core.package_identification:_identify(LEAP_Hand_API) by extensions ['python_setup_py']
[0.512s] Level 1:colcon.colcon_core.package_identification:_identify(LEAP_Hand_API) by extension 'python_setup_py'
[0.512s] Level 1:colcon.colcon_core.package_identification:_identify(LEAP_Hand_API/python) by extensions ['ignore', 'ignore_ament_install']
[0.512s] Level 1:colcon.colcon_core.package_identification:_identify(LEAP_Hand_API/python) by extension 'ignore'
[0.512s] Level 1:colcon.colcon_core.package_identification:_identify(LEAP_Hand_API/python) by extension 'ignore_ament_install'
[0.512s] Level 1:colcon.colcon_core.package_identification:_identify(LEAP_Hand_API/python) by extensions ['colcon_pkg']
[0.513s] Level 1:colcon.colcon_core.package_identification:_identify(LEAP_Hand_API/python) by extension 'colcon_pkg'
[0.513s] Level 1:colcon.colcon_core.package_identification:_identify(LEAP_Hand_API/python) by extensions ['colcon_meta']
[0.513s] Level 1:colcon.colcon_core.package_identification:_identify(LEAP_Hand_API/python) by extension 'colcon_meta'
[0.513s] Level 1:colcon.colcon_core.package_identification:_identify(LEAP_Hand_API/python) by extensions ['ros']
[0.513s] Level 1:colcon.colcon_core.package_identification:_identify(LEAP_Hand_API/python) by extension 'ros'
[0.513s] Level 1:colcon.colcon_core.package_identification:_identify(LEAP_Hand_API/python) by extensions ['cmake', 'python']
[0.513s] Level 1:colcon.colcon_core.package_identification:_identify(LEAP_Hand_API/python) by extension 'cmake'
[0.513s] Level 1:colcon.colcon_core.package_identification:_identify(LEAP_Hand_API/python) by extension 'python'
[0.513s] Level 1:colcon.colcon_core.package_identification:_identify(LEAP_Hand_API/python) by extensions ['python_setup_py']
[0.513s] Level 1:colcon.colcon_core.package_identification:_identify(LEAP_Hand_API/python) by extension 'python_setup_py'
[0.513s] Level 1:colcon.colcon_core.package_identification:_identify(LEAP_Hand_API/python/__pycache__) by extensions ['ignore', 'ignore_ament_install']
[0.513s] Level 1:colcon.colcon_core.package_identification:_identify(LEAP_Hand_API/python/__pycache__) by extension 'ignore'
[0.513s] Level 1:colcon.colcon_core.package_identification:_identify(LEAP_Hand_API/python/__pycache__) by extension 'ignore_ament_install'
[0.513s] Level 1:colcon.colcon_core.package_identification:_identify(LEAP_Hand_API/python/__pycache__) by extensions ['colcon_pkg']
[0.514s] Level 1:colcon.colcon_core.package_identification:_identify(LEAP_Hand_API/python/__pycache__) by extension 'colcon_pkg'
[0.514s] Level 1:colcon.colcon_core.package_identification:_identify(LEAP_Hand_API/python/__pycache__) by extensions ['colcon_meta']
[0.514s] Level 1:colcon.colcon_core.package_identification:_identify(LEAP_Hand_API/python/__pycache__) by extension 'colcon_meta'
[0.514s] Level 1:colcon.colcon_core.package_identification:_identify(LEAP_Hand_API/python/__pycache__) by extensions ['ros']
[0.514s] Level 1:colcon.colcon_core.package_identification:_identify(LEAP_Hand_API/python/__pycache__) by extension 'ros'
[0.514s] Level 1:colcon.colcon_core.package_identification:_identify(LEAP_Hand_API/python/__pycache__) by extensions ['cmake', 'python']
[0.514s] Level 1:colcon.colcon_core.package_identification:_identify(LEAP_Hand_API/python/__pycache__) by extension 'cmake'
[0.514s] Level 1:colcon.colcon_core.package_identification:_identify(LEAP_Hand_API/python/__pycache__) by extension 'python'
[0.514s] Level 1:colcon.colcon_core.package_identification:_identify(LEAP_Hand_API/python/__pycache__) by extensions ['python_setup_py']
[0.514s] Level 1:colcon.colcon_core.package_identification:_identify(LEAP_Hand_API/python/__pycache__) by extension 'python_setup_py'
[0.514s] Level 1:colcon.colcon_core.package_identification:_identify(LEAP_Hand_API/python/leap_hand_utils) by extensions ['ignore', 'ignore_ament_install']
[0.514s] Level 1:colcon.colcon_core.package_identification:_identify(LEAP_Hand_API/python/leap_hand_utils) by extension 'ignore'
[0.514s] Level 1:colcon.colcon_core.package_identification:_identify(LEAP_Hand_API/python/leap_hand_utils) by extension 'ignore_ament_install'
[0.514s] Level 1:colcon.colcon_core.package_identification:_identify(LEAP_Hand_API/python/leap_hand_utils) by extensions ['colcon_pkg']
[0.515s] Level 1:colcon.colcon_core.package_identification:_identify(LEAP_Hand_API/python/leap_hand_utils) by extension 'colcon_pkg'
[0.515s] Level 1:colcon.colcon_core.package_identification:_identify(LEAP_Hand_API/python/leap_hand_utils) by extensions ['colcon_meta']
[0.515s] Level 1:colcon.colcon_core.package_identification:_identify(LEAP_Hand_API/python/leap_hand_utils) by extension 'colcon_meta'
[0.515s] Level 1:colcon.colcon_core.package_identification:_identify(LEAP_Hand_API/python/leap_hand_utils) by extensions ['ros']
[0.515s] Level 1:colcon.colcon_core.package_identification:_identify(LEAP_Hand_API/python/leap_hand_utils) by extension 'ros'
[0.515s] Level 1:colcon.colcon_core.package_identification:_identify(LEAP_Hand_API/python/leap_hand_utils) by extensions ['cmake', 'python']
[0.515s] Level 1:colcon.colcon_core.package_identification:_identify(LEAP_Hand_API/python/leap_hand_utils) by extension 'cmake'
[0.515s] Level 1:colcon.colcon_core.package_identification:_identify(LEAP_Hand_API/python/leap_hand_utils) by extension 'python'
[0.515s] Level 1:colcon.colcon_core.package_identification:_identify(LEAP_Hand_API/python/leap_hand_utils) by extensions ['python_setup_py']
[0.515s] Level 1:colcon.colcon_core.package_identification:_identify(LEAP_Hand_API/python/leap_hand_utils) by extension 'python_setup_py'
[0.515s] Level 1:colcon.colcon_core.package_identification:_identify(LEAP_Hand_API/python/leap_hand_utils/__pycache__) by extensions ['ignore', 'ignore_ament_install']
[0.515s] Level 1:colcon.colcon_core.package_identification:_identify(LEAP_Hand_API/python/leap_hand_utils/__pycache__) by extension 'ignore'
[0.515s] Level 1:colcon.colcon_core.package_identification:_identify(LEAP_Hand_API/python/leap_hand_utils/__pycache__) by extension 'ignore_ament_install'
[0.515s] Level 1:colcon.colcon_core.package_identification:_identify(LEAP_Hand_API/python/leap_hand_utils/__pycache__) by extensions ['colcon_pkg']
[0.516s] Level 1:colcon.colcon_core.package_identification:_identify(LEAP_Hand_API/python/leap_hand_utils/__pycache__) by extension 'colcon_pkg'
[0.516s] Level 1:colcon.colcon_core.package_identification:_identify(LEAP_Hand_API/python/leap_hand_utils/__pycache__) by extensions ['colcon_meta']
[0.516s] Level 1:colcon.colcon_core.package_identification:_identify(LEAP_Hand_API/python/leap_hand_utils/__pycache__) by extension 'colcon_meta'
[0.516s] Level 1:colcon.colcon_core.package_identification:_identify(LEAP_Hand_API/python/leap_hand_utils/__pycache__) by extensions ['ros']
[0.516s] Level 1:colcon.colcon_core.package_identification:_identify(LEAP_Hand_API/python/leap_hand_utils/__pycache__) by extension 'ros'
[0.516s] Level 1:colcon.colcon_core.package_identification:_identify(LEAP_Hand_API/python/leap_hand_utils/__pycache__) by extensions ['cmake', 'python']
[0.516s] Level 1:colcon.colcon_core.package_identification:_identify(LEAP_Hand_API/python/leap_hand_utils/__pycache__) by extension 'cmake'
[0.516s] Level 1:colcon.colcon_core.package_identification:_identify(LEAP_Hand_API/python/leap_hand_utils/__pycache__) by extension 'python'
[0.516s] Level 1:colcon.colcon_core.package_identification:_identify(LEAP_Hand_API/python/leap_hand_utils/__pycache__) by extensions ['python_setup_py']
[0.516s] Level 1:colcon.colcon_core.package_identification:_identify(LEAP_Hand_API/python/leap_hand_utils/__pycache__) by extension 'python_setup_py'
[0.516s] Level 1:colcon.colcon_core.package_identification:_identify(LEAP_Hand_API/ros2_module) by extensions ['ignore', 'ignore_ament_install']
[0.516s] Level 1:colcon.colcon_core.package_identification:_identify(LEAP_Hand_API/ros2_module) by extension 'ignore'
[0.516s] Level 1:colcon.colcon_core.package_identification:_identify(LEAP_Hand_API/ros2_module) by extension 'ignore_ament_install'
[0.516s] Level 1:colcon.colcon_core.package_identification:_identify(LEAP_Hand_API/ros2_module) by extensions ['colcon_pkg']
[0.517s] Level 1:colcon.colcon_core.package_identification:_identify(LEAP_Hand_API/ros2_module) by extension 'colcon_pkg'
[0.517s] Level 1:colcon.colcon_core.package_identification:_identify(LEAP_Hand_API/ros2_module) by extensions ['colcon_meta']
[0.517s] Level 1:colcon.colcon_core.package_identification:_identify(LEAP_Hand_API/ros2_module) by extension 'colcon_meta'
[0.517s] Level 1:colcon.colcon_core.package_identification:_identify(LEAP_Hand_API/ros2_module) by extensions ['ros']
[0.517s] Level 1:colcon.colcon_core.package_identification:_identify(LEAP_Hand_API/ros2_module) by extension 'ros'
[0.521s] DEBUG:colcon.colcon_core.package_identification:Package 'LEAP_Hand_API/ros2_module' with type 'ros.ament_cmake' and name 'leap_hand'
[0.522s] Level 1:colcon.colcon_core.package_identification:_identify(LEAP_Hand_API/useful_tools) by extensions ['ignore', 'ignore_ament_install']
[0.522s] Level 1:colcon.colcon_core.package_identification:_identify(LEAP_Hand_API/useful_tools) by extension 'ignore'
[0.522s] Level 1:colcon.colcon_core.package_identification:_identify(LEAP_Hand_API/useful_tools) by extension 'ignore_ament_install'
[0.522s] Level 1:colcon.colcon_core.package_identification:_identify(LEAP_Hand_API/useful_tools) by extensions ['colcon_pkg']
[0.522s] Level 1:colcon.colcon_core.package_identification:_identify(LEAP_Hand_API/useful_tools) by extension 'colcon_pkg'
[0.522s] Level 1:colcon.colcon_core.package_identification:_identify(LEAP_Hand_API/useful_tools) by extensions ['colcon_meta']
[0.522s] Level 1:colcon.colcon_core.package_identification:_identify(LEAP_Hand_API/useful_tools) by extension 'colcon_meta'
[0.522s] Level 1:colcon.colcon_core.package_identification:_identify(LEAP_Hand_API/useful_tools) by extensions ['ros']
[0.522s] Level 1:colcon.colcon_core.package_identification:_identify(LEAP_Hand_API/useful_tools) by extension 'ros'
[0.522s] Level 1:colcon.colcon_core.package_identification:_identify(LEAP_Hand_API/useful_tools) by extensions ['cmake', 'python']
[0.522s] Level 1:colcon.colcon_core.package_identification:_identify(LEAP_Hand_API/useful_tools) by extension 'cmake'
[0.523s] Level 1:colcon.colcon_core.package_identification:_identify(LEAP_Hand_API/useful_tools) by extension 'python'
[0.523s] Level 1:colcon.colcon_core.package_identification:_identify(LEAP_Hand_API/useful_tools) by extensions ['python_setup_py']
[0.523s] Level 1:colcon.colcon_core.package_identification:_identify(LEAP_Hand_API/useful_tools) by extension 'python_setup_py'
[0.523s] Level 1:colcon.colcon_core.package_identification:_identify(build) by extensions ['ignore', 'ignore_ament_install']
[0.523s] Level 1:colcon.colcon_core.package_identification:_identify(build) by extension 'ignore'
[0.523s] Level 1:colcon.colcon_core.package_identification:_identify(build) ignored
[0.523s] Level 1:colcon.colcon_core.package_identification:_identify(install) by extensions ['ignore', 'ignore_ament_install']
[0.523s] Level 1:colcon.colcon_core.package_identification:_identify(install) by extension 'ignore'
[0.523s] Level 1:colcon.colcon_core.package_identification:_identify(install) ignored
[0.524s] Level 1:colcon.colcon_core.package_identification:_identify(log) by extensions ['ignore', 'ignore_ament_install']
[0.524s] Level 1:colcon.colcon_core.package_identification:_identify(log) by extension 'ignore'
[0.524s] Level 1:colcon.colcon_core.package_identification:_identify(log) ignored
[0.524s] Level 1:colcon.colcon_core.package_identification:_identify(xela_data_collection) by extensions ['ignore', 'ignore_ament_install']
[0.524s] Level 1:colcon.colcon_core.package_identification:_identify(xela_data_collection) by extension 'ignore'
[0.524s] Level 1:colcon.colcon_core.package_identification:_identify(xela_data_collection) by extension 'ignore_ament_install'
[0.524s] Level 1:colcon.colcon_core.package_identification:_identify(xela_data_collection) by extensions ['colcon_pkg']
[0.524s] Level 1:colcon.colcon_core.package_identification:_identify(xela_data_collection) by extension 'colcon_pkg'
[0.524s] Level 1:colcon.colcon_core.package_identification:_identify(xela_data_collection) by extensions ['colcon_meta']
[0.524s] Level 1:colcon.colcon_core.package_identification:_identify(xela_data_collection) by extension 'colcon_meta'
[0.524s] Level 1:colcon.colcon_core.package_identification:_identify(xela_data_collection) by extensions ['ros']
[0.524s] Level 1:colcon.colcon_core.package_identification:_identify(xela_data_collection) by extension 'ros'
[0.525s] DEBUG:colcon.colcon_core.package_identification:Package 'xela_data_collection' with type 'ros.ament_python' and name 'xela_data_collection'
[0.526s] Level 1:colcon.colcon_core.package_identification:_identify(xela_description) by extensions ['ignore', 'ignore_ament_install']
[0.526s] Level 1:colcon.colcon_core.package_identification:_identify(xela_description) by extension 'ignore'
[0.526s] Level 1:colcon.colcon_core.package_identification:_identify(xela_description) by extension 'ignore_ament_install'
[0.526s] Level 1:colcon.colcon_core.package_identification:_identify(xela_description) by extensions ['colcon_pkg']
[0.526s] Level 1:colcon.colcon_core.package_identification:_identify(xela_description) by extension 'colcon_pkg'
[0.526s] Level 1:colcon.colcon_core.package_identification:_identify(xela_description) by extensions ['colcon_meta']
[0.526s] Level 1:colcon.colcon_core.package_identification:_identify(xela_description) by extension 'colcon_meta'
[0.526s] Level 1:colcon.colcon_core.package_identification:_identify(xela_description) by extensions ['ros']
[0.526s] Level 1:colcon.colcon_core.package_identification:_identify(xela_description) by extension 'ros'
[0.527s] DEBUG:colcon.colcon_core.package_identification:Package 'xela_description' with type 'ros.ament_python' and name 'xela_description'
[0.527s] Level 1:colcon.colcon_core.package_identification:_identify(xela_point_cloud_representation) by extensions ['ignore', 'ignore_ament_install']
[0.528s] Level 1:colcon.colcon_core.package_identification:_identify(xela_point_cloud_representation) by extension 'ignore'
[0.528s] Level 1:colcon.colcon_core.package_identification:_identify(xela_point_cloud_representation) by extension 'ignore_ament_install'
[0.528s] Level 1:colcon.colcon_core.package_identification:_identify(xela_point_cloud_representation) by extensions ['colcon_pkg']
[0.528s] Level 1:colcon.colcon_core.package_identification:_identify(xela_point_cloud_representation) by extension 'colcon_pkg'
[0.528s] Level 1:colcon.colcon_core.package_identification:_identify(xela_point_cloud_representation) by extensions ['colcon_meta']
[0.528s] Level 1:colcon.colcon_core.package_identification:_identify(xela_point_cloud_representation) by extension 'colcon_meta'
[0.528s] Level 1:colcon.colcon_core.package_identification:_identify(xela_point_cloud_representation) by extensions ['ros']
[0.528s] Level 1:colcon.colcon_core.package_identification:_identify(xela_point_cloud_representation) by extension 'ros'
[0.529s] DEBUG:colcon.colcon_core.package_identification:Package 'xela_point_cloud_representation' with type 'ros.ament_cmake' and name 'xela_point_cloud_representation'
[0.529s] Level 1:colcon.colcon_core.package_identification:_identify(xela_server_ros2) by extensions ['ignore', 'ignore_ament_install']
[0.529s] Level 1:colcon.colcon_core.package_identification:_identify(xela_server_ros2) by extension 'ignore'
[0.530s] Level 1:colcon.colcon_core.package_identification:_identify(xela_server_ros2) by extension 'ignore_ament_install'
[0.530s] Level 1:colcon.colcon_core.package_identification:_identify(xela_server_ros2) by extensions ['colcon_pkg']
[0.530s] Level 1:colcon.colcon_core.package_identification:_identify(xela_server_ros2) by extension 'colcon_pkg'
[0.530s] Level 1:colcon.colcon_core.package_identification:_identify(xela_server_ros2) by extensions ['colcon_meta']
[0.530s] Level 1:colcon.colcon_core.package_identification:_identify(xela_server_ros2) by extension 'colcon_meta'
[0.530s] Level 1:colcon.colcon_core.package_identification:_identify(xela_server_ros2) by extensions ['ros']
[0.530s] Level 1:colcon.colcon_core.package_identification:_identify(xela_server_ros2) by extension 'ros'
[0.531s] DEBUG:colcon.colcon_core.package_identification:Package 'xela_server_ros2' with type 'ros.ament_cmake' and name 'xela_server_ros2'
[0.531s] Level 1:colcon.colcon_core.package_identification:_identify(xela_telelop) by extensions ['ignore', 'ignore_ament_install']
[0.532s] Level 1:colcon.colcon_core.package_identification:_identify(xela_telelop) by extension 'ignore'
[0.532s] Level 1:colcon.colcon_core.package_identification:_identify(xela_telelop) by extension 'ignore_ament_install'
[0.532s] Level 1:colcon.colcon_core.package_identification:_identify(xela_telelop) by extensions ['colcon_pkg']
[0.532s] Level 1:colcon.colcon_core.package_identification:_identify(xela_telelop) by extension 'colcon_pkg'
[0.532s] Level 1:colcon.colcon_core.package_identification:_identify(xela_telelop) by extensions ['colcon_meta']
[0.532s] Level 1:colcon.colcon_core.package_identification:_identify(xela_telelop) by extension 'colcon_meta'
[0.532s] Level 1:colcon.colcon_core.package_identification:_identify(xela_telelop) by extensions ['ros']
[0.532s] Level 1:colcon.colcon_core.package_identification:_identify(xela_telelop) by extension 'ros'
[0.532s] Level 1:colcon.colcon_core.package_identification:_identify(xela_telelop) by extensions ['cmake', 'python']
[0.532s] Level 1:colcon.colcon_core.package_identification:_identify(xela_telelop) by extension 'cmake'
[0.532s] Level 1:colcon.colcon_core.package_identification:_identify(xela_telelop) by extension 'python'
[0.532s] Level 1:colcon.colcon_core.package_identification:_identify(xela_telelop) by extensions ['python_setup_py']
[0.532s] Level 1:colcon.colcon_core.package_identification:_identify(xela_telelop) by extension 'python_setup_py'
[0.532s] Level 1:colcon.colcon_core.package_identification:_identify(xela_telelop/dex_retargeting) by extensions ['ignore', 'ignore_ament_install']
[0.533s] Level 1:colcon.colcon_core.package_identification:_identify(xela_telelop/dex_retargeting) by extension 'ignore'
[0.533s] Level 1:colcon.colcon_core.package_identification:_identify(xela_telelop/dex_retargeting) by extension 'ignore_ament_install'
[0.533s] Level 1:colcon.colcon_core.package_identification:_identify(xela_telelop/dex_retargeting) by extensions ['colcon_pkg']
[0.533s] Level 1:colcon.colcon_core.package_identification:_identify(xela_telelop/dex_retargeting) by extension 'colcon_pkg'
[0.533s] Level 1:colcon.colcon_core.package_identification:_identify(xela_telelop/dex_retargeting) by extensions ['colcon_meta']
[0.533s] Level 1:colcon.colcon_core.package_identification:_identify(xela_telelop/dex_retargeting) by extension 'colcon_meta'
[0.533s] Level 1:colcon.colcon_core.package_identification:_identify(xela_telelop/dex_retargeting) by extensions ['ros']
[0.533s] Level 1:colcon.colcon_core.package_identification:_identify(xela_telelop/dex_retargeting) by extension 'ros'
[0.535s] DEBUG:colcon.colcon_core.package_identification:Package 'xela_telelop/dex_retargeting' with type 'ros.ament_python' and name 'dex_retargeting'
[0.535s] Level 1:colcon.colcon_core.package_discovery:discover_packages(recursive) using defaults
[0.535s] Level 1:colcon.colcon_core.package_discovery:discover_packages(ignore) discover
[0.535s] Level 1:colcon.colcon_core.package_discovery:discover_packages(ignore) using defaults
[0.535s] Level 1:colcon.colcon_core.package_discovery:discover_packages(path) discover
[0.535s] Level 1:colcon.colcon_core.package_discovery:discover_packages(path) using defaults
[0.570s] Level 1:colcon.colcon_core.package_discovery:discover_packages(prefix_path) check parameters
[0.570s] Level 1:colcon.colcon_core.package_discovery:discover_packages(prefix_path) discover
[0.574s] DEBUG:colcon.colcon_installed_package_information.package_discovery:Found 273 installed packages in /opt/ros/humble
[0.577s] Level 1:colcon.colcon_core.package_discovery:discover_packages(prefix_path) using defaults
[0.636s] Level 5:colcon.colcon_core.verb:set package 'dex_retargeting' build argument 'cmake_args' from command line to 'None'
[0.636s] Level 5:colcon.colcon_core.verb:set package 'dex_retargeting' build argument 'cmake_target' from command line to 'None'
[0.636s] Level 5:colcon.colcon_core.verb:set package 'dex_retargeting' build argument 'cmake_target_skip_unavailable' from command line to 'False'
[0.636s] Level 5:colcon.colcon_core.verb:set package 'dex_retargeting' build argument 'cmake_clean_cache' from command line to 'False'
[0.636s] Level 5:colcon.colcon_core.verb:set package 'dex_retargeting' build argument 'cmake_clean_first' from command line to 'False'
[0.636s] Level 5:colcon.colcon_core.verb:set package 'dex_retargeting' build argument 'cmake_force_configure' from command line to 'False'
[0.636s] Level 5:colcon.colcon_core.verb:set package 'dex_retargeting' build argument 'ament_cmake_args' from command line to 'None'
[0.636s] Level 5:colcon.colcon_core.verb:set package 'dex_retargeting' build argument 'catkin_cmake_args' from command line to 'None'
[0.636s] Level 5:colcon.colcon_core.verb:set package 'dex_retargeting' build argument 'catkin_skip_building_tests' from command line to 'False'
[0.636s] DEBUG:colcon.colcon_core.verb:Building package 'dex_retargeting' with the following arguments: {'ament_cmake_args': None, 'build_base': '/workspace/LeapXELA_Hardware_ws/ros_ws/src/build/dex_retargeting', 'catkin_cmake_args': None, 'catkin_skip_building_tests': False, 'cmake_args': None, 'cmake_clean_cache': False, 'cmake_clean_first': False, 'cmake_force_configure': False, 'cmake_target': None, 'cmake_target_skip_unavailable': False, 'install_base': '/workspace/LeapXELA_Hardware_ws/ros_ws/src/install/dex_retargeting', 'merge_install': False, 'path': '/workspace/LeapXELA_Hardware_ws/ros_ws/src/xela_telelop/dex_retargeting', 'symlink_install': False, 'test_result_base': None}
[0.637s] Level 5:colcon.colcon_core.verb:set package 'leap_hand' build argument 'cmake_args' from command line to 'None'
[0.637s] Level 5:colcon.colcon_core.verb:set package 'leap_hand' build argument 'cmake_target' from command line to 'None'
[0.637s] Level 5:colcon.colcon_core.verb:set package 'leap_hand' build argument 'cmake_target_skip_unavailable' from command line to 'False'
[0.637s] Level 5:colcon.colcon_core.verb:set package 'leap_hand' build argument 'cmake_clean_cache' from command line to 'False'
[0.637s] Level 5:colcon.colcon_core.verb:set package 'leap_hand' build argument 'cmake_clean_first' from command line to 'False'
[0.637s] Level 5:colcon.colcon_core.verb:set package 'leap_hand' build argument 'cmake_force_configure' from command line to 'False'
[0.637s] Level 5:colcon.colcon_core.verb:set package 'leap_hand' build argument 'ament_cmake_args' from command line to 'None'
[0.637s] Level 5:colcon.colcon_core.verb:set package 'leap_hand' build argument 'catkin_cmake_args' from command line to 'None'
[0.637s] Level 5:colcon.colcon_core.verb:set package 'leap_hand' build argument 'catkin_skip_building_tests' from command line to 'False'
[0.637s] DEBUG:colcon.colcon_core.verb:Building package 'leap_hand' with the following arguments: {'ament_cmake_args': None, 'build_base': '/workspace/LeapXELA_Hardware_ws/ros_ws/src/build/leap_hand', 'catkin_cmake_args': None, 'catkin_skip_building_tests': False, 'cmake_args': None, 'cmake_clean_cache': False, 'cmake_clean_first': False, 'cmake_force_configure': False, 'cmake_target': None, 'cmake_target_skip_unavailable': False, 'install_base': '/workspace/LeapXELA_Hardware_ws/ros_ws/src/install/leap_hand', 'merge_install': False, 'path': '/workspace/LeapXELA_Hardware_ws/ros_ws/src/LEAP_Hand_API/ros2_module', 'symlink_install': False, 'test_result_base': None}
[0.638s] Level 5:colcon.colcon_core.verb:set package 'xela_description' build argument 'cmake_args' from command line to 'None'
[0.638s] Level 5:colcon.colcon_core.verb:set package 'xela_description' build argument 'cmake_target' from command line to 'None'
[0.638s] Level 5:colcon.colcon_core.verb:set package 'xela_description' build argument 'cmake_target_skip_unavailable' from command line to 'False'
[0.638s] Level 5:colcon.colcon_core.verb:set package 'xela_description' build argument 'cmake_clean_cache' from command line to 'False'
[0.638s] Level 5:colcon.colcon_core.verb:set package 'xela_description' build argument 'cmake_clean_first' from command line to 'False'
[0.638s] Level 5:colcon.colcon_core.verb:set package 'xela_description' build argument 'cmake_force_configure' from command line to 'False'
[0.638s] Level 5:colcon.colcon_core.verb:set package 'xela_description' build argument 'ament_cmake_args' from command line to 'None'
[0.638s] Level 5:colcon.colcon_core.verb:set package 'xela_description' build argument 'catkin_cmake_args' from command line to 'None'
[0.638s] Level 5:colcon.colcon_core.verb:set package 'xela_description' build argument 'catkin_skip_building_tests' from command line to 'False'
[0.638s] DEBUG:colcon.colcon_core.verb:Building package 'xela_description' with the following arguments: {'ament_cmake_args': None, 'build_base': '/workspace/LeapXELA_Hardware_ws/ros_ws/src/build/xela_description', 'catkin_cmake_args': None, 'catkin_skip_building_tests': False, 'cmake_args': None, 'cmake_clean_cache': False, 'cmake_clean_first': False, 'cmake_force_configure': False, 'cmake_target': None, 'cmake_target_skip_unavailable': False, 'install_base': '/workspace/LeapXELA_Hardware_ws/ros_ws/src/install/xela_description', 'merge_install': False, 'path': '/workspace/LeapXELA_Hardware_ws/ros_ws/src/xela_description', 'symlink_install': False, 'test_result_base': None}
[0.639s] Level 5:colcon.colcon_core.verb:set package 'xela_point_cloud_representation' build argument 'cmake_args' from command line to 'None'
[0.639s] Level 5:colcon.colcon_core.verb:set package 'xela_point_cloud_representation' build argument 'cmake_target' from command line to 'None'
[0.639s] Level 5:colcon.colcon_core.verb:set package 'xela_point_cloud_representation' build argument 'cmake_target_skip_unavailable' from command line to 'False'
[0.639s] Level 5:colcon.colcon_core.verb:set package 'xela_point_cloud_representation' build argument 'cmake_clean_cache' from command line to 'False'
[0.639s] Level 5:colcon.colcon_core.verb:set package 'xela_point_cloud_representation' build argument 'cmake_clean_first' from command line to 'False'
[0.639s] Level 5:colcon.colcon_core.verb:set package 'xela_point_cloud_representation' build argument 'cmake_force_configure' from command line to 'False'
[0.639s] Level 5:colcon.colcon_core.verb:set package 'xela_point_cloud_representation' build argument 'ament_cmake_args' from command line to 'None'
[0.639s] Level 5:colcon.colcon_core.verb:set package 'xela_point_cloud_representation' build argument 'catkin_cmake_args' from command line to 'None'
[0.639s] Level 5:colcon.colcon_core.verb:set package 'xela_point_cloud_representation' build argument 'catkin_skip_building_tests' from command line to 'False'
[0.639s] DEBUG:colcon.colcon_core.verb:Building package 'xela_point_cloud_representation' with the following arguments: {'ament_cmake_args': None, 'build_base': '/workspace/LeapXELA_Hardware_ws/ros_ws/src/build/xela_point_cloud_representation', 'catkin_cmake_args': None, 'catkin_skip_building_tests': False, 'cmake_args': None, 'cmake_clean_cache': False, 'cmake_clean_first': False, 'cmake_force_configure': False, 'cmake_target': None, 'cmake_target_skip_unavailable': False, 'install_base': '/workspace/LeapXELA_Hardware_ws/ros_ws/src/install/xela_point_cloud_representation', 'merge_install': False, 'path': '/workspace/LeapXELA_Hardware_ws/ros_ws/src/xela_point_cloud_representation', 'symlink_install': False, 'test_result_base': None}
[0.640s] Level 5:colcon.colcon_core.verb:set package 'xela_server_ros2' build argument 'cmake_args' from command line to 'None'
[0.640s] Level 5:colcon.colcon_core.verb:set package 'xela_server_ros2' build argument 'cmake_target' from command line to 'None'
[0.640s] Level 5:colcon.colcon_core.verb:set package 'xela_server_ros2' build argument 'cmake_target_skip_unavailable' from command line to 'False'
[0.640s] Level 5:colcon.colcon_core.verb:set package 'xela_server_ros2' build argument 'cmake_clean_cache' from command line to 'False'
[0.640s] Level 5:colcon.colcon_core.verb:set package 'xela_server_ros2' build argument 'cmake_clean_first' from command line to 'False'
[0.640s] Level 5:colcon.colcon_core.verb:set package 'xela_server_ros2' build argument 'cmake_force_configure' from command line to 'False'
[0.640s] Level 5:colcon.colcon_core.verb:set package 'xela_server_ros2' build argument 'ament_cmake_args' from command line to 'None'
[0.640s] Level 5:colcon.colcon_core.verb:set package 'xela_server_ros2' build argument 'catkin_cmake_args' from command line to 'None'
[0.640s] Level 5:colcon.colcon_core.verb:set package 'xela_server_ros2' build argument 'catkin_skip_building_tests' from command line to 'False'
[0.640s] DEBUG:colcon.colcon_core.verb:Building package 'xela_server_ros2' with the following arguments: {'ament_cmake_args': None, 'build_base': '/workspace/LeapXELA_Hardware_ws/ros_ws/src/build/xela_server_ros2', 'catkin_cmake_args': None, 'catkin_skip_building_tests': False, 'cmake_args': None, 'cmake_clean_cache': False, 'cmake_clean_first': False, 'cmake_force_configure': False, 'cmake_target': None, 'cmake_target_skip_unavailable': False, 'install_base': '/workspace/LeapXELA_Hardware_ws/ros_ws/src/install/xela_server_ros2', 'merge_install': False, 'path': '/workspace/LeapXELA_Hardware_ws/ros_ws/src/xela_server_ros2', 'symlink_install': False, 'test_result_base': None}
[0.641s] Level 5:colcon.colcon_core.verb:set package 'xela_data_collection' build argument 'cmake_args' from command line to 'None'
[0.641s] Level 5:colcon.colcon_core.verb:set package 'xela_data_collection' build argument 'cmake_target' from command line to 'None'
[0.641s] Level 5:colcon.colcon_core.verb:set package 'xela_data_collection' build argument 'cmake_target_skip_unavailable' from command line to 'False'
[0.641s] Level 5:colcon.colcon_core.verb:set package 'xela_data_collection' build argument 'cmake_clean_cache' from command line to 'False'
[0.641s] Level 5:colcon.colcon_core.verb:set package 'xela_data_collection' build argument 'cmake_clean_first' from command line to 'False'
[0.641s] Level 5:colcon.colcon_core.verb:set package 'xela_data_collection' build argument 'cmake_force_configure' from command line to 'False'
[0.641s] Level 5:colcon.colcon_core.verb:set package 'xela_data_collection' build argument 'ament_cmake_args' from command line to 'None'
[0.641s] Level 5:colcon.colcon_core.verb:set package 'xela_data_collection' build argument 'catkin_cmake_args' from command line to 'None'
[0.641s] Level 5:colcon.colcon_core.verb:set package 'xela_data_collection' build argument 'catkin_skip_building_tests' from command line to 'False'
[0.641s] DEBUG:colcon.colcon_core.verb:Building package 'xela_data_collection' with the following arguments: {'ament_cmake_args': None, 'build_base': '/workspace/LeapXELA_Hardware_ws/ros_ws/src/build/xela_data_collection', 'catkin_cmake_args': None, 'catkin_skip_building_tests': False, 'cmake_args': None, 'cmake_clean_cache': False, 'cmake_clean_first': False, 'cmake_force_configure': False, 'cmake_target': None, 'cmake_target_skip_unavailable': False, 'install_base': '/workspace/LeapXELA_Hardware_ws/ros_ws/src/install/xela_data_collection', 'merge_install': False, 'path': '/workspace/LeapXELA_Hardware_ws/ros_ws/src/xela_data_collection', 'symlink_install': False, 'test_result_base': None}
[0.641s] INFO:colcon.colcon_core.executor:Executing jobs using 'parallel' executor
[0.643s] DEBUG:colcon.colcon_parallel_executor.executor.parallel:run_until_complete
[0.643s] INFO:colcon.colcon_ros.task.ament_cmake.build:Building ROS package in '/workspace/LeapXELA_Hardware_ws/ros_ws/src/xela_server_ros2' with build type 'ament_cmake'
[0.643s] INFO:colcon.colcon_cmake.task.cmake.build:Building CMake package in '/workspace/LeapXELA_Hardware_ws/ros_ws/src/xela_server_ros2'
[0.647s] INFO:colcon.colcon_core.plugin_system:Skipping extension 'colcon_core.shell.bat': Not used on non-Windows systems
[0.647s] INFO:colcon.colcon_core.shell:Skip shell extension 'powershell' for command environment: Not usable outside of PowerShell
[0.647s] DEBUG:colcon.colcon_core.shell:Skip shell extension 'dsv' for command environment
[0.652s] INFO:colcon.colcon_ros.task.ament_python.build:Building ROS package in '/workspace/LeapXELA_Hardware_ws/ros_ws/src/xela_telelop/dex_retargeting' with build type 'ament_python'
[0.653s] Level 1:colcon.colcon_core.shell:create_environment_hook('dex_retargeting', 'ament_prefix_path')
[0.654s] INFO:colcon.colcon_core.shell:Creating environment hook '/workspace/LeapXELA_Hardware_ws/ros_ws/src/install/dex_retargeting/share/dex_retargeting/hook/ament_prefix_path.ps1'
[0.656s] INFO:colcon.colcon_core.shell:Creating environment descriptor '/workspace/LeapXELA_Hardware_ws/ros_ws/src/install/dex_retargeting/share/dex_retargeting/hook/ament_prefix_path.dsv'
[0.657s] INFO:colcon.colcon_core.shell:Creating environment hook '/workspace/LeapXELA_Hardware_ws/ros_ws/src/install/dex_retargeting/share/dex_retargeting/hook/ament_prefix_path.sh'
[0.659s] INFO:colcon.colcon_core.shell:Skip shell extension 'powershell' for command environment: Not usable outside of PowerShell
[0.659s] DEBUG:colcon.colcon_core.shell:Skip shell extension 'dsv' for command environment
[0.665s] INFO:colcon.colcon_ros.task.ament_cmake.build:Building ROS package in '/workspace/LeapXELA_Hardware_ws/ros_ws/src/LEAP_Hand_API/ros2_module' with build type 'ament_cmake'
[0.665s] INFO:colcon.colcon_cmake.task.cmake.build:Building CMake package in '/workspace/LeapXELA_Hardware_ws/ros_ws/src/LEAP_Hand_API/ros2_module'
[0.666s] INFO:colcon.colcon_core.shell:Skip shell extension 'powershell' for command environment: Not usable outside of PowerShell
[0.666s] DEBUG:colcon.colcon_core.shell:Skip shell extension 'dsv' for command environment
[0.672s] INFO:colcon.colcon_ros.task.ament_python.build:Building ROS package in '/workspace/LeapXELA_Hardware_ws/ros_ws/src/xela_description' with build type 'ament_python'
[0.672s] Level 1:colcon.colcon_core.shell:create_environment_hook('xela_description', 'ament_prefix_path')
[0.673s] INFO:colcon.colcon_core.shell:Creating environment hook '/workspace/LeapXELA_Hardware_ws/ros_ws/src/install/xela_description/share/xela_description/hook/ament_prefix_path.ps1'
[0.674s] INFO:colcon.colcon_core.shell:Creating environment descriptor '/workspace/LeapXELA_Hardware_ws/ros_ws/src/install/xela_description/share/xela_description/hook/ament_prefix_path.dsv'
[0.675s] INFO:colcon.colcon_core.shell:Creating environment hook '/workspace/LeapXELA_Hardware_ws/ros_ws/src/install/xela_description/share/xela_description/hook/ament_prefix_path.sh'
[0.676s] INFO:colcon.colcon_core.shell:Skip shell extension 'powershell' for command environment: Not usable outside of PowerShell
[0.676s] DEBUG:colcon.colcon_core.shell:Skip shell extension 'dsv' for command environment
[0.683s] INFO:colcon.colcon_ros.task.ament_cmake.build:Building ROS package in '/workspace/LeapXELA_Hardware_ws/ros_ws/src/xela_point_cloud_representation' with build type 'ament_cmake'
[0.683s] INFO:colcon.colcon_cmake.task.cmake.build:Building CMake package in '/workspace/LeapXELA_Hardware_ws/ros_ws/src/xela_point_cloud_representation'
[0.684s] INFO:colcon.colcon_core.shell:Skip shell extension 'powershell' for command environment: Not usable outside of PowerShell
[0.685s] DEBUG:colcon.colcon_core.shell:Skip shell extension 'dsv' for command environment
[0.702s] DEBUG:colcon.colcon_core.event_handler.log_command:Invoking command in '/workspace/LeapXELA_Hardware_ws/ros_ws/src/build/xela_server_ros2': CMAKE_PREFIX_PATH=/opt/ros/humble /usr/bin/cmake /workspace/LeapXELA_Hardware_ws/ros_ws/src/xela_server_ros2 -DCMAKE_INSTALL_PREFIX=/workspace/LeapXELA_Hardware_ws/ros_ws/src/install/xela_server_ros2
[1.328s] INFO:colcon.colcon_core.task.python.build:Building Python package in '/workspace/LeapXELA_Hardware_ws/ros_ws/src/xela_telelop/dex_retargeting'
[1.329s] INFO:colcon.colcon_core.shell:Skip shell extension 'powershell' for command environment: Not usable outside of PowerShell
[1.329s] DEBUG:colcon.colcon_core.shell:Skip shell extension 'dsv' for command environment
[1.339s] DEBUG:colcon.colcon_core.event_handler.log_command:Invoking command in '/workspace/LeapXELA_Hardware_ws/ros_ws/src/build/leap_hand': CMAKE_PREFIX_PATH=/opt/ros/humble /usr/bin/cmake /workspace/LeapXELA_Hardware_ws/ros_ws/src/LEAP_Hand_API/ros2_module -DCMAKE_INSTALL_PREFIX=/workspace/LeapXELA_Hardware_ws/ros_ws/src/install/leap_hand
[1.860s] INFO:colcon.colcon_core.task.python.build:Building Python package in '/workspace/LeapXELA_Hardware_ws/ros_ws/src/xela_description'
[1.860s] INFO:colcon.colcon_core.shell:Skip shell extension 'powershell' for command environment: Not usable outside of PowerShell
[1.860s] DEBUG:colcon.colcon_core.shell:Skip shell extension 'dsv' for command environment
[1.880s] DEBUG:colcon.colcon_core.event_handler.log_command:Invoking command in '/workspace/LeapXELA_Hardware_ws/ros_ws/src/build/xela_point_cloud_representation': CMAKE_PREFIX_PATH=/opt/ros/humble /usr/bin/cmake /workspace/LeapXELA_Hardware_ws/ros_ws/src/xela_point_cloud_representation -DCMAKE_INSTALL_PREFIX=/workspace/LeapXELA_Hardware_ws/ros_ws/src/install/xela_point_cloud_representation
[2.608s] DEBUG:colcon.colcon_core.event_handler.log_command:Invoking command in '/workspace/LeapXELA_Hardware_ws/ros_ws/src/xela_telelop/dex_retargeting': PYTHONPATH=/workspace/LeapXELA_Hardware_ws/ros_ws/src/build/dex_retargeting/prefix_override:/usr/lib/python3/dist-packages/colcon_core/task/python/colcon_distutils_commands:/workspace/LeapXELA_Hardware_ws/ros_ws/src/install/dex_retargeting/lib/python3.10/site-packages:${PYTHONPATH} /usr/bin/python3 -W ignore:setup.py install is deprecated -W ignore:easy_install command is deprecated setup.py egg_info --egg-base ../../build/dex_retargeting build --build-base /workspace/LeapXELA_Hardware_ws/ros_ws/src/build/dex_retargeting/build install --record /workspace/LeapXELA_Hardware_ws/ros_ws/src/build/dex_retargeting/install.log --single-version-externally-managed install_data
[2.612s] DEBUG:colcon.colcon_core.event_handler.log_command:Invoking command in '/workspace/LeapXELA_Hardware_ws/ros_ws/src/xela_description': PYTHONPATH=/workspace/LeapXELA_Hardware_ws/ros_ws/src/build/xela_description/prefix_override:/usr/lib/python3/dist-packages/colcon_core/task/python/colcon_distutils_commands:/workspace/LeapXELA_Hardware_ws/ros_ws/src/install/xela_description/lib/python3.10/site-packages:${PYTHONPATH} /usr/bin/python3 -W ignore:setup.py install is deprecated -W ignore:easy_install command is deprecated setup.py egg_info --egg-base ../build/xela_description build --build-base /workspace/LeapXELA_Hardware_ws/ros_ws/src/build/xela_description/build install --record /workspace/LeapXELA_Hardware_ws/ros_ws/src/build/xela_description/install.log --single-version-externally-managed install_data
[3.275s] DEBUG:colcon.colcon_core.event_handler.log_command:Invoked command in '/workspace/LeapXELA_Hardware_ws/ros_ws/src/xela_description' returned '0': PYTHONPATH=/workspace/LeapXELA_Hardware_ws/ros_ws/src/build/xela_description/prefix_override:/usr/lib/python3/dist-packages/colcon_core/task/python/colcon_distutils_commands:/workspace/LeapXELA_Hardware_ws/ros_ws/src/install/xela_description/lib/python3.10/site-packages:${PYTHONPATH} /usr/bin/python3 -W ignore:setup.py install is deprecated -W ignore:easy_install command is deprecated setup.py egg_info --egg-base ../build/xela_description build --build-base /workspace/LeapXELA_Hardware_ws/ros_ws/src/build/xela_description/build install --record /workspace/LeapXELA_Hardware_ws/ros_ws/src/build/xela_description/install.log --single-version-externally-managed install_data
[3.282s] Level 1:colcon.colcon_core.environment:checking '/workspace/LeapXELA_Hardware_ws/ros_ws/src/install/xela_description' for CMake module files
[3.283s] Level 1:colcon.colcon_core.environment:checking '/workspace/LeapXELA_Hardware_ws/ros_ws/src/install/xela_description' for CMake config files
[3.285s] Level 1:colcon.colcon_core.environment:checking '/workspace/LeapXELA_Hardware_ws/ros_ws/src/install/xela_description/lib'
[3.285s] Level 1:colcon.colcon_core.environment:checking '/workspace/LeapXELA_Hardware_ws/ros_ws/src/install/xela_description/bin'
[3.285s] Level 1:colcon.colcon_core.environment:checking '/workspace/LeapXELA_Hardware_ws/ros_ws/src/install/xela_description/lib/pkgconfig/xela_description.pc'
[3.286s] Level 1:colcon.colcon_core.environment:checking '/workspace/LeapXELA_Hardware_ws/ros_ws/src/install/xela_description/lib/python3.10/site-packages'
[3.286s] Level 1:colcon.colcon_core.shell:create_environment_hook('xela_description', 'pythonpath')
[3.287s] INFO:colcon.colcon_core.shell:Creating environment hook '/workspace/LeapXELA_Hardware_ws/ros_ws/src/install/xela_description/share/xela_description/hook/pythonpath.ps1'
[3.288s] INFO:colcon.colcon_core.shell:Creating environment descriptor '/workspace/LeapXELA_Hardware_ws/ros_ws/src/install/xela_description/share/xela_description/hook/pythonpath.dsv'
[3.288s] INFO:colcon.colcon_core.shell:Creating environment hook '/workspace/LeapXELA_Hardware_ws/ros_ws/src/install/xela_description/share/xela_description/hook/pythonpath.sh'
[3.290s] Level 1:colcon.colcon_core.environment:checking '/workspace/LeapXELA_Hardware_ws/ros_ws/src/install/xela_description/bin'
[3.290s] Level 1:colcon.colcon_core.environment:create_environment_scripts_only(xela_description)
[3.291s] INFO:colcon.colcon_core.shell:Creating package script '/workspace/LeapXELA_Hardware_ws/ros_ws/src/install/xela_description/share/xela_description/package.ps1'
[3.294s] INFO:colcon.colcon_core.shell:Creating package descriptor '/workspace/LeapXELA_Hardware_ws/ros_ws/src/install/xela_description/share/xela_description/package.dsv'
[3.295s] INFO:colcon.colcon_core.shell:Creating package script '/workspace/LeapXELA_Hardware_ws/ros_ws/src/install/xela_description/share/xela_description/package.sh'
[3.296s] INFO:colcon.colcon_core.shell:Creating package script '/workspace/LeapXELA_Hardware_ws/ros_ws/src/install/xela_description/share/xela_description/package.bash'
[3.299s] INFO:colcon.colcon_core.shell:Creating package script '/workspace/LeapXELA_Hardware_ws/ros_ws/src/install/xela_description/share/xela_description/package.zsh'
[3.301s] Level 1:colcon.colcon_core.environment:create_file_with_runtime_dependencies(/workspace/LeapXELA_Hardware_ws/ros_ws/src/install/xela_description/share/colcon-core/packages/xela_description)
[3.726s] Level 1:colcon.colcon_core.environment:checking '/workspace/LeapXELA_Hardware_ws/ros_ws/src/install/dex_retargeting' for CMake module files
[3.727s] DEBUG:colcon.colcon_core.event_handler.log_command:Invoked command in '/workspace/LeapXELA_Hardware_ws/ros_ws/src/xela_telelop/dex_retargeting' returned '0': PYTHONPATH=/workspace/LeapXELA_Hardware_ws/ros_ws/src/build/dex_retargeting/prefix_override:/usr/lib/python3/dist-packages/colcon_core/task/python/colcon_distutils_commands:/workspace/LeapXELA_Hardware_ws/ros_ws/src/install/dex_retargeting/lib/python3.10/site-packages:${PYTHONPATH} /usr/bin/python3 -W ignore:setup.py install is deprecated -W ignore:easy_install command is deprecated setup.py egg_info --egg-base ../../build/dex_retargeting build --build-base /workspace/LeapXELA_Hardware_ws/ros_ws/src/build/dex_retargeting/build install --record /workspace/LeapXELA_Hardware_ws/ros_ws/src/build/dex_retargeting/install.log --single-version-externally-managed install_data
[3.728s] Level 1:colcon.colcon_core.environment:checking '/workspace/LeapXELA_Hardware_ws/ros_ws/src/install/dex_retargeting' for CMake config files
[3.731s] Level 1:colcon.colcon_core.environment:checking '/workspace/LeapXELA_Hardware_ws/ros_ws/src/install/dex_retargeting/lib'
[3.731s] Level 1:colcon.colcon_core.environment:checking '/workspace/LeapXELA_Hardware_ws/ros_ws/src/install/dex_retargeting/bin'
[3.732s] Level 1:colcon.colcon_core.environment:checking '/workspace/LeapXELA_Hardware_ws/ros_ws/src/install/dex_retargeting/lib/pkgconfig/dex_retargeting.pc'
[3.732s] Level 1:colcon.colcon_core.environment:checking '/workspace/LeapXELA_Hardware_ws/ros_ws/src/install/dex_retargeting/lib/python3.10/site-packages'
[3.732s] Level 1:colcon.colcon_core.shell:create_environment_hook('dex_retargeting', 'pythonpath')
[3.732s] INFO:colcon.colcon_core.shell:Creating environment hook '/workspace/LeapXELA_Hardware_ws/ros_ws/src/install/dex_retargeting/share/dex_retargeting/hook/pythonpath.ps1'
[3.733s] INFO:colcon.colcon_core.shell:Creating environment descriptor '/workspace/LeapXELA_Hardware_ws/ros_ws/src/install/dex_retargeting/share/dex_retargeting/hook/pythonpath.dsv'
[3.734s] INFO:colcon.colcon_core.shell:Creating environment hook '/workspace/LeapXELA_Hardware_ws/ros_ws/src/install/dex_retargeting/share/dex_retargeting/hook/pythonpath.sh'
[3.735s] Level 1:colcon.colcon_core.environment:checking '/workspace/LeapXELA_Hardware_ws/ros_ws/src/install/dex_retargeting/bin'
[3.735s] Level 1:colcon.colcon_core.environment:create_environment_scripts_only(dex_retargeting)
[3.735s] INFO:colcon.colcon_core.shell:Creating package script '/workspace/LeapXELA_Hardware_ws/ros_ws/src/install/dex_retargeting/share/dex_retargeting/package.ps1'
[3.736s] INFO:colcon.colcon_core.shell:Creating package descriptor '/workspace/LeapXELA_Hardware_ws/ros_ws/src/install/dex_retargeting/share/dex_retargeting/package.dsv'
[3.737s] INFO:colcon.colcon_core.shell:Creating package script '/workspace/LeapXELA_Hardware_ws/ros_ws/src/install/dex_retargeting/share/dex_retargeting/package.sh'
[3.738s] INFO:colcon.colcon_core.shell:Creating package script '/workspace/LeapXELA_Hardware_ws/ros_ws/src/install/dex_retargeting/share/dex_retargeting/package.bash'
[3.738s] INFO:colcon.colcon_core.shell:Creating package script '/workspace/LeapXELA_Hardware_ws/ros_ws/src/install/dex_retargeting/share/dex_retargeting/package.zsh'
[3.739s] Level 1:colcon.colcon_core.environment:create_file_with_runtime_dependencies(/workspace/LeapXELA_Hardware_ws/ros_ws/src/install/dex_retargeting/share/colcon-core/packages/dex_retargeting)
[5.256s] DEBUG:colcon.colcon_core.event_handler.log_command:Invoked command in '/workspace/LeapXELA_Hardware_ws/ros_ws/src/build/leap_hand' returned '0': CMAKE_PREFIX_PATH=/opt/ros/humble /usr/bin/cmake /workspace/LeapXELA_Hardware_ws/ros_ws/src/LEAP_Hand_API/ros2_module -DCMAKE_INSTALL_PREFIX=/workspace/LeapXELA_Hardware_ws/ros_ws/src/install/leap_hand
[5.260s] DEBUG:colcon.colcon_core.event_handler.log_command:Invoking command in '/workspace/LeapXELA_Hardware_ws/ros_ws/src/build/leap_hand': CMAKE_PREFIX_PATH=/opt/ros/humble /usr/bin/cmake --build /workspace/LeapXELA_Hardware_ws/ros_ws/src/build/leap_hand -- -j16 -l16
[5.678s] DEBUG:colcon.colcon_core.event_handler.log_command:Invoked command in '/workspace/LeapXELA_Hardware_ws/ros_ws/src/build/xela_server_ros2' returned '0': CMAKE_PREFIX_PATH=/opt/ros/humble /usr/bin/cmake /workspace/LeapXELA_Hardware_ws/ros_ws/src/xela_server_ros2 -DCMAKE_INSTALL_PREFIX=/workspace/LeapXELA_Hardware_ws/ros_ws/src/install/xela_server_ros2
[5.681s] DEBUG:colcon.colcon_core.event_handler.log_command:Invoking command in '/workspace/LeapXELA_Hardware_ws/ros_ws/src/build/xela_server_ros2': CMAKE_PREFIX_PATH=/opt/ros/humble /usr/bin/cmake --build /workspace/LeapXELA_Hardware_ws/ros_ws/src/build/xela_server_ros2 -- -j16 -l16
[14.201s] DEBUG:colcon.colcon_core.event_handler.log_command:Invoked command in '/workspace/LeapXELA_Hardware_ws/ros_ws/src/build/leap_hand' returned '0': CMAKE_PREFIX_PATH=/opt/ros/humble /usr/bin/cmake --build /workspace/LeapXELA_Hardware_ws/ros_ws/src/build/leap_hand -- -j16 -l16
[14.220s] DEBUG:colcon.colcon_core.event_handler.log_command:Invoking command in '/workspace/LeapXELA_Hardware_ws/ros_ws/src/build/leap_hand': CMAKE_PREFIX_PATH=/opt/ros/humble /usr/bin/cmake --install /workspace/LeapXELA_Hardware_ws/ros_ws/src/build/leap_hand
[14.401s] Level 1:colcon.colcon_core.environment:create_environment_scripts_only(leap_hand)
[14.402s] Level 1:colcon.colcon_core.environment:checking '/workspace/LeapXELA_Hardware_ws/ros_ws/src/install/leap_hand' for CMake module files
[14.403s] DEBUG:colcon.colcon_core.event_handler.log_command:Invoked command in '/workspace/LeapXELA_Hardware_ws/ros_ws/src/build/leap_hand' returned '0': CMAKE_PREFIX_PATH=/opt/ros/humble /usr/bin/cmake --install /workspace/LeapXELA_Hardware_ws/ros_ws/src/build/leap_hand
[14.404s] Level 1:colcon.colcon_core.environment:checking '/workspace/LeapXELA_Hardware_ws/ros_ws/src/install/leap_hand' for CMake config files
[14.405s] Level 1:colcon.colcon_core.shell:create_environment_hook('leap_hand', 'cmake_prefix_path')
[14.406s] INFO:colcon.colcon_core.shell:Creating environment hook '/workspace/LeapXELA_Hardware_ws/ros_ws/src/install/leap_hand/share/leap_hand/hook/cmake_prefix_path.ps1'
[14.407s] INFO:colcon.colcon_core.shell:Creating environment descriptor '/workspace/LeapXELA_Hardware_ws/ros_ws/src/install/leap_hand/share/leap_hand/hook/cmake_prefix_path.dsv'
[14.408s] INFO:colcon.colcon_core.shell:Creating environment hook '/workspace/LeapXELA_Hardware_ws/ros_ws/src/install/leap_hand/share/leap_hand/hook/cmake_prefix_path.sh'
[14.409s] Level 1:colcon.colcon_core.environment:checking '/workspace/LeapXELA_Hardware_ws/ros_ws/src/install/leap_hand/lib'
[14.409s] Level 1:colcon.colcon_core.shell:create_environment_hook('leap_hand', 'ld_library_path_lib')
[14.410s] INFO:colcon.colcon_core.shell:Creating environment hook '/workspace/LeapXELA_Hardware_ws/ros_ws/src/install/leap_hand/share/leap_hand/hook/ld_library_path_lib.ps1'
[14.411s] INFO:colcon.colcon_core.shell:Creating environment descriptor '/workspace/LeapXELA_Hardware_ws/ros_ws/src/install/leap_hand/share/leap_hand/hook/ld_library_path_lib.dsv'
[14.412s] INFO:colcon.colcon_core.shell:Creating environment hook '/workspace/LeapXELA_Hardware_ws/ros_ws/src/install/leap_hand/share/leap_hand/hook/ld_library_path_lib.sh'
[14.412s] Level 1:colcon.colcon_core.environment:checking '/workspace/LeapXELA_Hardware_ws/ros_ws/src/install/leap_hand/bin'
[14.413s] Level 1:colcon.colcon_core.environment:checking '/workspace/LeapXELA_Hardware_ws/ros_ws/src/install/leap_hand/lib/pkgconfig/leap_hand.pc'
[14.413s] Level 1:colcon.colcon_core.environment:checking '/workspace/LeapXELA_Hardware_ws/ros_ws/src/install/leap_hand/lib/python3.10/site-packages'
[14.414s] Level 1:colcon.colcon_core.environment:checking '/workspace/LeapXELA_Hardware_ws/ros_ws/src/install/leap_hand/bin'
[14.415s] INFO:colcon.colcon_core.shell:Creating package script '/workspace/LeapXELA_Hardware_ws/ros_ws/src/install/leap_hand/share/leap_hand/package.ps1'
[14.416s] INFO:colcon.colcon_core.shell:Creating package descriptor '/workspace/LeapXELA_Hardware_ws/ros_ws/src/install/leap_hand/share/leap_hand/package.dsv'
[14.418s] INFO:colcon.colcon_core.shell:Creating package script '/workspace/LeapXELA_Hardware_ws/ros_ws/src/install/leap_hand/share/leap_hand/package.sh'
[14.419s] INFO:colcon.colcon_core.shell:Creating package script '/workspace/LeapXELA_Hardware_ws/ros_ws/src/install/leap_hand/share/leap_hand/package.bash'
[14.419s] INFO:colcon.colcon_core.shell:Creating package script '/workspace/LeapXELA_Hardware_ws/ros_ws/src/install/leap_hand/share/leap_hand/package.zsh'
[14.420s] Level 1:colcon.colcon_core.environment:create_file_with_runtime_dependencies(/workspace/LeapXELA_Hardware_ws/ros_ws/src/install/leap_hand/share/colcon-core/packages/leap_hand)
[14.422s] Level 1:colcon.colcon_core.environment:create_environment_scripts_only(leap_hand)
[14.422s] Level 1:colcon.colcon_core.environment:checking '/workspace/LeapXELA_Hardware_ws/ros_ws/src/install/leap_hand' for CMake module files
[14.424s] Level 1:colcon.colcon_core.environment:checking '/workspace/LeapXELA_Hardware_ws/ros_ws/src/install/leap_hand' for CMake config files
[14.425s] Level 1:colcon.colcon_core.shell:create_environment_hook('leap_hand', 'cmake_prefix_path')
[14.425s] INFO:colcon.colcon_core.shell:Creating environment hook '/workspace/LeapXELA_Hardware_ws/ros_ws/src/install/leap_hand/share/leap_hand/hook/cmake_prefix_path.ps1'
[14.426s] INFO:colcon.colcon_core.shell:Creating environment descriptor '/workspace/LeapXELA_Hardware_ws/ros_ws/src/install/leap_hand/share/leap_hand/hook/cmake_prefix_path.dsv'
[14.427s] INFO:colcon.colcon_core.shell:Creating environment hook '/workspace/LeapXELA_Hardware_ws/ros_ws/src/install/leap_hand/share/leap_hand/hook/cmake_prefix_path.sh'
[14.428s] Level 1:colcon.colcon_core.environment:checking '/workspace/LeapXELA_Hardware_ws/ros_ws/src/install/leap_hand/lib'
[14.428s] Level 1:colcon.colcon_core.shell:create_environment_hook('leap_hand', 'ld_library_path_lib')
[14.429s] INFO:colcon.colcon_core.shell:Creating environment hook '/workspace/LeapXELA_Hardware_ws/ros_ws/src/install/leap_hand/share/leap_hand/hook/ld_library_path_lib.ps1'
[14.430s] INFO:colcon.colcon_core.shell:Creating environment descriptor '/workspace/LeapXELA_Hardware_ws/ros_ws/src/install/leap_hand/share/leap_hand/hook/ld_library_path_lib.dsv'
[14.431s] INFO:colcon.colcon_core.shell:Creating environment hook '/workspace/LeapXELA_Hardware_ws/ros_ws/src/install/leap_hand/share/leap_hand/hook/ld_library_path_lib.sh'
[14.432s] Level 1:colcon.colcon_core.environment:checking '/workspace/LeapXELA_Hardware_ws/ros_ws/src/install/leap_hand/bin'
[14.433s] Level 1:colcon.colcon_core.environment:checking '/workspace/LeapXELA_Hardware_ws/ros_ws/src/install/leap_hand/lib/pkgconfig/leap_hand.pc'
[14.433s] Level 1:colcon.colcon_core.environment:checking '/workspace/LeapXELA_Hardware_ws/ros_ws/src/install/leap_hand/lib/python3.10/site-packages'
[14.434s] Level 1:colcon.colcon_core.environment:checking '/workspace/LeapXELA_Hardware_ws/ros_ws/src/install/leap_hand/bin'
[14.435s] INFO:colcon.colcon_core.shell:Creating package script '/workspace/LeapXELA_Hardware_ws/ros_ws/src/install/leap_hand/share/leap_hand/package.ps1'
[14.437s] INFO:colcon.colcon_core.shell:Creating package descriptor '/workspace/LeapXELA_Hardware_ws/ros_ws/src/install/leap_hand/share/leap_hand/package.dsv'
[14.438s] INFO:colcon.colcon_core.shell:Creating package script '/workspace/LeapXELA_Hardware_ws/ros_ws/src/install/leap_hand/share/leap_hand/package.sh'
[14.439s] INFO:colcon.colcon_core.shell:Creating package script '/workspace/LeapXELA_Hardware_ws/ros_ws/src/install/leap_hand/share/leap_hand/package.bash'
[14.440s] INFO:colcon.colcon_core.shell:Creating package script '/workspace/LeapXELA_Hardware_ws/ros_ws/src/install/leap_hand/share/leap_hand/package.zsh'
[14.441s] Level 1:colcon.colcon_core.environment:create_file_with_runtime_dependencies(/workspace/LeapXELA_Hardware_ws/ros_ws/src/install/leap_hand/share/colcon-core/packages/leap_hand)
[14.475s] DEBUG:colcon.colcon_core.event_handler.log_command:Invoked command in '/workspace/LeapXELA_Hardware_ws/ros_ws/src/build/xela_server_ros2' returned '0': CMAKE_PREFIX_PATH=/opt/ros/humble /usr/bin/cmake --build /workspace/LeapXELA_Hardware_ws/ros_ws/src/build/xela_server_ros2 -- -j16 -l16
[14.478s] DEBUG:colcon.colcon_core.event_handler.log_command:Invoking command in '/workspace/LeapXELA_Hardware_ws/ros_ws/src/build/xela_server_ros2': CMAKE_PREFIX_PATH=/opt/ros/humble /usr/bin/cmake --install /workspace/LeapXELA_Hardware_ws/ros_ws/src/build/xela_server_ros2
[14.640s] Level 1:colcon.colcon_core.environment:create_environment_scripts_only(xela_server_ros2)
[14.640s] Level 1:colcon.colcon_core.environment:checking '/workspace/LeapXELA_Hardware_ws/ros_ws/src/install/xela_server_ros2' for CMake module files
[14.642s] DEBUG:colcon.colcon_core.event_handler.log_command:Invoked command in '/workspace/LeapXELA_Hardware_ws/ros_ws/src/build/xela_server_ros2' returned '0': CMAKE_PREFIX_PATH=/opt/ros/humble /usr/bin/cmake --install /workspace/LeapXELA_Hardware_ws/ros_ws/src/build/xela_server_ros2
[14.642s] Level 1:colcon.colcon_core.environment:checking '/workspace/LeapXELA_Hardware_ws/ros_ws/src/install/xela_server_ros2' for CMake config files
[14.643s] Level 1:colcon.colcon_core.shell:create_environment_hook('xela_server_ros2', 'cmake_prefix_path')
[14.644s] INFO:colcon.colcon_core.shell:Creating environment hook '/workspace/LeapXELA_Hardware_ws/ros_ws/src/install/xela_server_ros2/share/xela_server_ros2/hook/cmake_prefix_path.ps1'
[14.644s] INFO:colcon.colcon_core.shell:Creating environment descriptor '/workspace/LeapXELA_Hardware_ws/ros_ws/src/install/xela_server_ros2/share/xela_server_ros2/hook/cmake_prefix_path.dsv'
[14.645s] INFO:colcon.colcon_core.shell:Creating environment hook '/workspace/LeapXELA_Hardware_ws/ros_ws/src/install/xela_server_ros2/share/xela_server_ros2/hook/cmake_prefix_path.sh'
[14.646s] Level 1:colcon.colcon_core.environment:checking '/workspace/LeapXELA_Hardware_ws/ros_ws/src/install/xela_server_ros2/lib'
[14.646s] Level 1:colcon.colcon_core.shell:create_environment_hook('xela_server_ros2', 'ld_library_path_lib')
[14.646s] INFO:colcon.colcon_core.shell:Creating environment hook '/workspace/LeapXELA_Hardware_ws/ros_ws/src/install/xela_server_ros2/share/xela_server_ros2/hook/ld_library_path_lib.ps1'
[14.647s] INFO:colcon.colcon_core.shell:Creating environment descriptor '/workspace/LeapXELA_Hardware_ws/ros_ws/src/install/xela_server_ros2/share/xela_server_ros2/hook/ld_library_path_lib.dsv'
[14.647s] INFO:colcon.colcon_core.shell:Creating environment hook '/workspace/LeapXELA_Hardware_ws/ros_ws/src/install/xela_server_ros2/share/xela_server_ros2/hook/ld_library_path_lib.sh'
[14.648s] Level 1:colcon.colcon_core.environment:checking '/workspace/LeapXELA_Hardware_ws/ros_ws/src/install/xela_server_ros2/bin'
[14.648s] Level 1:colcon.colcon_core.environment:checking '/workspace/LeapXELA_Hardware_ws/ros_ws/src/install/xela_server_ros2/lib/pkgconfig/xela_server_ros2.pc'
[14.648s] Level 1:colcon.colcon_core.environment:checking '/workspace/LeapXELA_Hardware_ws/ros_ws/src/install/xela_server_ros2/lib/python3.10/site-packages'
[14.649s] Level 1:colcon.colcon_core.environment:checking '/workspace/LeapXELA_Hardware_ws/ros_ws/src/install/xela_server_ros2/bin'
[14.649s] INFO:colcon.colcon_core.shell:Creating package script '/workspace/LeapXELA_Hardware_ws/ros_ws/src/install/xela_server_ros2/share/xela_server_ros2/package.ps1'
[14.650s] INFO:colcon.colcon_core.shell:Creating package descriptor '/workspace/LeapXELA_Hardware_ws/ros_ws/src/install/xela_server_ros2/share/xela_server_ros2/package.dsv'
[14.651s] INFO:colcon.colcon_core.shell:Creating package script '/workspace/LeapXELA_Hardware_ws/ros_ws/src/install/xela_server_ros2/share/xela_server_ros2/package.sh'
[14.652s] INFO:colcon.colcon_core.shell:Creating package script '/workspace/LeapXELA_Hardware_ws/ros_ws/src/install/xela_server_ros2/share/xela_server_ros2/package.bash'
[14.652s] INFO:colcon.colcon_core.shell:Creating package script '/workspace/LeapXELA_Hardware_ws/ros_ws/src/install/xela_server_ros2/share/xela_server_ros2/package.zsh'
[14.653s] Level 1:colcon.colcon_core.environment:create_file_with_runtime_dependencies(/workspace/LeapXELA_Hardware_ws/ros_ws/src/install/xela_server_ros2/share/colcon-core/packages/xela_server_ros2)
[14.654s] Level 1:colcon.colcon_core.environment:create_environment_scripts_only(xela_server_ros2)
[14.655s] Level 1:colcon.colcon_core.environment:checking '/workspace/LeapXELA_Hardware_ws/ros_ws/src/install/xela_server_ros2' for CMake module files
[14.656s] Level 1:colcon.colcon_core.environment:checking '/workspace/LeapXELA_Hardware_ws/ros_ws/src/install/xela_server_ros2' for CMake config files
[14.657s] Level 1:colcon.colcon_core.shell:create_environment_hook('xela_server_ros2', 'cmake_prefix_path')
[14.657s] INFO:colcon.colcon_core.shell:Creating environment hook '/workspace/LeapXELA_Hardware_ws/ros_ws/src/install/xela_server_ros2/share/xela_server_ros2/hook/cmake_prefix_path.ps1'
[14.658s] INFO:colcon.colcon_core.shell:Creating environment descriptor '/workspace/LeapXELA_Hardware_ws/ros_ws/src/install/xela_server_ros2/share/xela_server_ros2/hook/cmake_prefix_path.dsv'
[14.659s] INFO:colcon.colcon_core.shell:Creating environment hook '/workspace/LeapXELA_Hardware_ws/ros_ws/src/install/xela_server_ros2/share/xela_server_ros2/hook/cmake_prefix_path.sh'
[14.660s] Level 1:colcon.colcon_core.environment:checking '/workspace/LeapXELA_Hardware_ws/ros_ws/src/install/xela_server_ros2/lib'
[14.661s] Level 1:colcon.colcon_core.shell:create_environment_hook('xela_server_ros2', 'ld_library_path_lib')
[14.661s] INFO:colcon.colcon_core.shell:Creating environment hook '/workspace/LeapXELA_Hardware_ws/ros_ws/src/install/xela_server_ros2/share/xela_server_ros2/hook/ld_library_path_lib.ps1'
[14.662s] INFO:colcon.colcon_core.shell:Creating environment descriptor '/workspace/LeapXELA_Hardware_ws/ros_ws/src/install/xela_server_ros2/share/xela_server_ros2/hook/ld_library_path_lib.dsv'
[14.663s] INFO:colcon.colcon_core.shell:Creating environment hook '/workspace/LeapXELA_Hardware_ws/ros_ws/src/install/xela_server_ros2/share/xela_server_ros2/hook/ld_library_path_lib.sh'
[14.664s] Level 1:colcon.colcon_core.environment:checking '/workspace/LeapXELA_Hardware_ws/ros_ws/src/install/xela_server_ros2/bin'
[14.664s] Level 1:colcon.colcon_core.environment:checking '/workspace/LeapXELA_Hardware_ws/ros_ws/src/install/xela_server_ros2/lib/pkgconfig/xela_server_ros2.pc'
[14.664s] Level 1:colcon.colcon_core.environment:checking '/workspace/LeapXELA_Hardware_ws/ros_ws/src/install/xela_server_ros2/lib/python3.10/site-packages'
[14.665s] Level 1:colcon.colcon_core.environment:checking '/workspace/LeapXELA_Hardware_ws/ros_ws/src/install/xela_server_ros2/bin'
[14.666s] INFO:colcon.colcon_core.shell:Creating package script '/workspace/LeapXELA_Hardware_ws/ros_ws/src/install/xela_server_ros2/share/xela_server_ros2/package.ps1'
[14.667s] INFO:colcon.colcon_core.shell:Creating package descriptor '/workspace/LeapXELA_Hardware_ws/ros_ws/src/install/xela_server_ros2/share/xela_server_ros2/package.dsv'
[14.668s] INFO:colcon.colcon_core.shell:Creating package script '/workspace/LeapXELA_Hardware_ws/ros_ws/src/install/xela_server_ros2/share/xela_server_ros2/package.sh'
[14.669s] INFO:colcon.colcon_core.shell:Creating package script '/workspace/LeapXELA_Hardware_ws/ros_ws/src/install/xela_server_ros2/share/xela_server_ros2/package.bash'
[14.670s] INFO:colcon.colcon_core.shell:Creating package script '/workspace/LeapXELA_Hardware_ws/ros_ws/src/install/xela_server_ros2/share/xela_server_ros2/package.zsh'
[14.671s] Level 1:colcon.colcon_core.environment:create_file_with_runtime_dependencies(/workspace/LeapXELA_Hardware_ws/ros_ws/src/install/xela_server_ros2/share/colcon-core/packages/xela_server_ros2)
[14.672s] INFO:colcon.colcon_ros.task.ament_python.build:Building ROS package in '/workspace/LeapXELA_Hardware_ws/ros_ws/src/xela_data_collection' with build type 'ament_python'
[14.672s] Level 1:colcon.colcon_core.shell:create_environment_hook('xela_data_collection', 'ament_prefix_path')
[14.673s] INFO:colcon.colcon_core.shell:Creating environment hook '/workspace/LeapXELA_Hardware_ws/ros_ws/src/install/xela_data_collection/share/xela_data_collection/hook/ament_prefix_path.ps1'
[14.675s] INFO:colcon.colcon_core.shell:Creating environment descriptor '/workspace/LeapXELA_Hardware_ws/ros_ws/src/install/xela_data_collection/share/xela_data_collection/hook/ament_prefix_path.dsv'
[14.675s] INFO:colcon.colcon_core.shell:Creating environment hook '/workspace/LeapXELA_Hardware_ws/ros_ws/src/install/xela_data_collection/share/xela_data_collection/hook/ament_prefix_path.sh'
[14.676s] INFO:colcon.colcon_core.shell:Skip shell extension 'powershell' for command environment: Not usable outside of PowerShell
[14.677s] DEBUG:colcon.colcon_core.shell:Skip shell extension 'dsv' for command environment
[15.200s] INFO:colcon.colcon_core.task.python.build:Building Python package in '/workspace/LeapXELA_Hardware_ws/ros_ws/src/xela_data_collection'
[15.200s] INFO:colcon.colcon_core.shell:Skip shell extension 'powershell' for command environment: Not usable outside of PowerShell
[15.200s] DEBUG:colcon.colcon_core.shell:Skip shell extension 'dsv' for command environment
[15.895s] DEBUG:colcon.colcon_core.event_handler.log_command:Invoking command in '/workspace/LeapXELA_Hardware_ws/ros_ws/src/xela_data_collection': AMENT_PREFIX_PATH=/workspace/LeapXELA_Hardware_ws/ros_ws/src/install/xela_server_ros2:${AMENT_PREFIX_PATH} CMAKE_PREFIX_PATH=/workspace/LeapXELA_Hardware_ws/ros_ws/src/install/xela_server_ros2 LD_LIBRARY_PATH=/workspace/LeapXELA_Hardware_ws/ros_ws/src/install/xela_server_ros2/lib:${LD_LIBRARY_PATH} PYTHONPATH=/workspace/LeapXELA_Hardware_ws/ros_ws/src/build/xela_data_collection/prefix_override:/usr/lib/python3/dist-packages/colcon_core/task/python/colcon_distutils_commands:/workspace/LeapXELA_Hardware_ws/ros_ws/src/install/xela_data_collection/lib/python3.10/site-packages:/workspace/LeapXELA_Hardware_ws/ros_ws/src/install/xela_server_ros2/local/lib/python3.10/dist-packages:${PYTHONPATH} /usr/bin/python3 -W ignore:setup.py install is deprecated -W ignore:easy_install command is deprecated setup.py egg_info --egg-base ../build/xela_data_collection build --build-base /workspace/LeapXELA_Hardware_ws/ros_ws/src/build/xela_data_collection/build install --record /workspace/LeapXELA_Hardware_ws/ros_ws/src/build/xela_data_collection/install.log --single-version-externally-managed install_data
[16.613s] Level 1:colcon.colcon_core.environment:checking '/workspace/LeapXELA_Hardware_ws/ros_ws/src/install/xela_data_collection' for CMake module files
[16.614s] DEBUG:colcon.colcon_core.event_handler.log_command:Invoked command in '/workspace/LeapXELA_Hardware_ws/ros_ws/src/xela_data_collection' returned '0': AMENT_PREFIX_PATH=/workspace/LeapXELA_Hardware_ws/ros_ws/src/install/xela_server_ros2:${AMENT_PREFIX_PATH} CMAKE_PREFIX_PATH=/workspace/LeapXELA_Hardware_ws/ros_ws/src/install/xela_server_ros2 LD_LIBRARY_PATH=/workspace/LeapXELA_Hardware_ws/ros_ws/src/install/xela_server_ros2/lib:${LD_LIBRARY_PATH} PYTHONPATH=/workspace/LeapXELA_Hardware_ws/ros_ws/src/build/xela_data_collection/prefix_override:/usr/lib/python3/dist-packages/colcon_core/task/python/colcon_distutils_commands:/workspace/LeapXELA_Hardware_ws/ros_ws/src/install/xela_data_collection/lib/python3.10/site-packages:/workspace/LeapXELA_Hardware_ws/ros_ws/src/install/xela_server_ros2/local/lib/python3.10/dist-packages:${PYTHONPATH} /usr/bin/python3 -W ignore:setup.py install is deprecated -W ignore:easy_install command is deprecated setup.py egg_info --egg-base ../build/xela_data_collection build --build-base /workspace/LeapXELA_Hardware_ws/ros_ws/src/build/xela_data_collection/build install --record /workspace/LeapXELA_Hardware_ws/ros_ws/src/build/xela_data_collection/install.log --single-version-externally-managed install_data
[16.615s] Level 1:colcon.colcon_core.environment:checking '/workspace/LeapXELA_Hardware_ws/ros_ws/src/install/xela_data_collection' for CMake config files
[16.617s] Level 1:colcon.colcon_core.environment:checking '/workspace/LeapXELA_Hardware_ws/ros_ws/src/install/xela_data_collection/lib'
[16.617s] Level 1:colcon.colcon_core.environment:checking '/workspace/LeapXELA_Hardware_ws/ros_ws/src/install/xela_data_collection/bin'
[16.617s] Level 1:colcon.colcon_core.environment:checking '/workspace/LeapXELA_Hardware_ws/ros_ws/src/install/xela_data_collection/lib/pkgconfig/xela_data_collection.pc'
[16.618s] Level 1:colcon.colcon_core.environment:checking '/workspace/LeapXELA_Hardware_ws/ros_ws/src/install/xela_data_collection/lib/python3.10/site-packages'
[16.618s] Level 1:colcon.colcon_core.shell:create_environment_hook('xela_data_collection', 'pythonpath')
[16.618s] INFO:colcon.colcon_core.shell:Creating environment hook '/workspace/LeapXELA_Hardware_ws/ros_ws/src/install/xela_data_collection/share/xela_data_collection/hook/pythonpath.ps1'
[16.620s] INFO:colcon.colcon_core.shell:Creating environment descriptor '/workspace/LeapXELA_Hardware_ws/ros_ws/src/install/xela_data_collection/share/xela_data_collection/hook/pythonpath.dsv'
[16.620s] INFO:colcon.colcon_core.shell:Creating environment hook '/workspace/LeapXELA_Hardware_ws/ros_ws/src/install/xela_data_collection/share/xela_data_collection/hook/pythonpath.sh'
[16.622s] Level 1:colcon.colcon_core.environment:checking '/workspace/LeapXELA_Hardware_ws/ros_ws/src/install/xela_data_collection/bin'
[16.622s] Level 1:colcon.colcon_core.environment:create_environment_scripts_only(xela_data_collection)
[16.623s] INFO:colcon.colcon_core.shell:Creating package script '/workspace/LeapXELA_Hardware_ws/ros_ws/src/install/xela_data_collection/share/xela_data_collection/package.ps1'
[16.625s] INFO:colcon.colcon_core.shell:Creating package descriptor '/workspace/LeapXELA_Hardware_ws/ros_ws/src/install/xela_data_collection/share/xela_data_collection/package.dsv'
[16.626s] INFO:colcon.colcon_core.shell:Creating package script '/workspace/LeapXELA_Hardware_ws/ros_ws/src/install/xela_data_collection/share/xela_data_collection/package.sh'
[16.627s] INFO:colcon.colcon_core.shell:Creating package script '/workspace/LeapXELA_Hardware_ws/ros_ws/src/install/xela_data_collection/share/xela_data_collection/package.bash'
[16.628s] INFO:colcon.colcon_core.shell:Creating package script '/workspace/LeapXELA_Hardware_ws/ros_ws/src/install/xela_data_collection/share/xela_data_collection/package.zsh'
[16.628s] Level 1:colcon.colcon_core.environment:create_file_with_runtime_dependencies(/workspace/LeapXELA_Hardware_ws/ros_ws/src/install/xela_data_collection/share/colcon-core/packages/xela_data_collection)
[71.734s] DEBUG:colcon.colcon_core.event_handler.log_command:Invoked command in '/workspace/LeapXELA_Hardware_ws/ros_ws/src/build/xela_point_cloud_representation' returned '0': CMAKE_PREFIX_PATH=/opt/ros/humble /usr/bin/cmake /workspace/LeapXELA_Hardware_ws/ros_ws/src/xela_point_cloud_representation -DCMAKE_INSTALL_PREFIX=/workspace/LeapXELA_Hardware_ws/ros_ws/src/install/xela_point_cloud_representation
[71.738s] DEBUG:colcon.colcon_core.event_handler.log_command:Invoking command in '/workspace/LeapXELA_Hardware_ws/ros_ws/src/build/xela_point_cloud_representation': CMAKE_PREFIX_PATH=/opt/ros/humble /usr/bin/cmake --build /workspace/LeapXELA_Hardware_ws/ros_ws/src/build/xela_point_cloud_representation -- -j16 -l16
[88.643s] DEBUG:colcon.colcon_core.event_handler.log_command:Invoked command in '/workspace/LeapXELA_Hardware_ws/ros_ws/src/build/xela_point_cloud_representation' returned '2': CMAKE_PREFIX_PATH=/opt/ros/humble /usr/bin/cmake --build /workspace/LeapXELA_Hardware_ws/ros_ws/src/build/xela_point_cloud_representation -- -j16 -l16
[88.646s] Level 1:colcon.colcon_core.environment:create_environment_scripts_only(xela_point_cloud_representation)
[88.646s] Level 1:colcon.colcon_core.environment:checking '/workspace/LeapXELA_Hardware_ws/ros_ws/src/install/xela_point_cloud_representation' for CMake module files
[88.647s] Level 1:colcon.colcon_core.environment:checking '/workspace/LeapXELA_Hardware_ws/ros_ws/src/install/xela_point_cloud_representation' for CMake config files
[88.647s] Level 1:colcon.colcon_core.environment:checking '/workspace/LeapXELA_Hardware_ws/ros_ws/src/install/xela_point_cloud_representation/bin'
[88.647s] Level 1:colcon.colcon_core.environment:checking '/workspace/LeapXELA_Hardware_ws/ros_ws/src/install/xela_point_cloud_representation/lib/pkgconfig/xela_point_cloud_representation.pc'
[88.648s] Level 1:colcon.colcon_core.environment:checking '/workspace/LeapXELA_Hardware_ws/ros_ws/src/install/xela_point_cloud_representation/lib/python3.10/site-packages'
[88.649s] Level 1:colcon.colcon_core.environment:checking '/workspace/LeapXELA_Hardware_ws/ros_ws/src/install/xela_point_cloud_representation/bin'
[88.649s] INFO:colcon.colcon_core.shell:Creating package script '/workspace/LeapXELA_Hardware_ws/ros_ws/src/install/xela_point_cloud_representation/share/xela_point_cloud_representation/package.ps1'
[88.650s] INFO:colcon.colcon_core.shell:Creating package descriptor '/workspace/LeapXELA_Hardware_ws/ros_ws/src/install/xela_point_cloud_representation/share/xela_point_cloud_representation/package.dsv'
[88.651s] INFO:colcon.colcon_core.shell:Creating package script '/workspace/LeapXELA_Hardware_ws/ros_ws/src/install/xela_point_cloud_representation/share/xela_point_cloud_representation/package.sh'
[88.652s] INFO:colcon.colcon_core.shell:Creating package script '/workspace/LeapXELA_Hardware_ws/ros_ws/src/install/xela_point_cloud_representation/share/xela_point_cloud_representation/package.bash'
[88.652s] INFO:colcon.colcon_core.shell:Creating package script '/workspace/LeapXELA_Hardware_ws/ros_ws/src/install/xela_point_cloud_representation/share/xela_point_cloud_representation/package.zsh'
[88.653s] Level 1:colcon.colcon_core.environment:create_file_with_runtime_dependencies(/workspace/LeapXELA_Hardware_ws/ros_ws/src/install/xela_point_cloud_representation/share/colcon-core/packages/xela_point_cloud_representation)
[88.663s] DEBUG:colcon.colcon_parallel_executor.executor.parallel:closing loop
[88.664s] DEBUG:colcon.colcon_parallel_executor.executor.parallel:loop closed
[88.664s] DEBUG:colcon.colcon_parallel_executor.executor.parallel:run_until_complete finished with '2'
[88.664s] DEBUG:colcon.colcon_core.event_reactor:joining thread
[89.256s] INFO:colcon.colcon_core.plugin_system:Skipping extension 'colcon_notification.desktop_notification.notify_send': Could not find 'notify-send'
[89.256s] INFO:colcon.colcon_core.plugin_system:Skipping extension 'colcon_notification.desktop_notification.terminal_notifier': Not used on non-Darwin systems
[89.256s] INFO:colcon.colcon_core.plugin_system:Skipping extension 'colcon_notification.desktop_notification.win32': Not used on non-Windows systems
[89.256s] INFO:colcon.colcon_notification.desktop_notification:Sending desktop notification using 'notify2'
[89.262s] DEBUG:colcon.colcon_notification.desktop_notification.notify2:Failed to initialize notify2: org.freedesktop.DBus.Error.Spawn.ExecFailed: /usr/bin/dbus-launch terminated abnormally without any error message
[89.262s] DEBUG:colcon.colcon_core.event_reactor:joined thread
[89.264s] INFO:colcon.colcon_core.shell:Creating prefix script '/workspace/LeapXELA_Hardware_ws/ros_ws/src/install/local_setup.ps1'
[89.266s] INFO:colcon.colcon_core.shell:Creating prefix util module '/workspace/LeapXELA_Hardware_ws/ros_ws/src/install/_local_setup_util_ps1.py'
[89.269s] INFO:colcon.colcon_core.shell:Creating prefix chain script '/workspace/LeapXELA_Hardware_ws/ros_ws/src/install/setup.ps1'
[89.271s] INFO:colcon.colcon_core.shell:Creating prefix script '/workspace/LeapXELA_Hardware_ws/ros_ws/src/install/local_setup.sh'
[89.272s] INFO:colcon.colcon_core.shell:Creating prefix util module '/workspace/LeapXELA_Hardware_ws/ros_ws/src/install/_local_setup_util_sh.py'
[89.272s] INFO:colcon.colcon_core.shell:Creating prefix chain script '/workspace/LeapXELA_Hardware_ws/ros_ws/src/install/setup.sh'
[89.274s] INFO:colcon.colcon_core.shell:Creating prefix script '/workspace/LeapXELA_Hardware_ws/ros_ws/src/install/local_setup.bash'
[89.275s] INFO:colcon.colcon_core.shell:Creating prefix chain script '/workspace/LeapXELA_Hardware_ws/ros_ws/src/install/setup.bash'
[89.276s] INFO:colcon.colcon_core.shell:Creating prefix script '/workspace/LeapXELA_Hardware_ws/ros_ws/src/install/local_setup.zsh'
[89.277s] INFO:colcon.colcon_core.shell:Creating prefix chain script '/workspace/LeapXELA_Hardware_ws/ros_ws/src/install/setup.zsh'
