1775734036.7014282 [INFO] [launch]: All log files can be found below /workspace/LeapXELA_Hardware_ws/ros_ws/ros_logs/2026-04-09-11-27-16-699921-Blade-92423
1775734036.7016649 [INFO] [launch]: Default logging verbosity is set to INFO
1775734036.8956912 [INFO] [leaphand_node.py-1]: process started with pid [92424]
1775734036.8962483 [INFO] [ros2_example.py-2]: process started with pid [92426]
1775734036.8976963 [INFO] [xela_server-3]: process started with pid [92428]
1775734036.8979974 [ERROR] [xela_server-3]: process has died [pid 92428, exit code 127, cmd '/workspace/LeapXELA_Hardware_ws/ros_ws/install/xela_server_ros2/lib/xela_server_ros2/xela_server --ros-args -r __node:=xela_server --params-file /tmp/launch_params_tkl4bqiv --params-file /tmp/launch_params_cm72tkjy --params-file /tmp/launch_params_ayr7cle8'].
1775734036.8982530 [INFO] [xela_service-4]: process started with pid [92430]
1775734036.8984411 [INFO] [xela_image_publisher-5]: process started with pid [92432]
1775734036.8985994 [INFO] [xela_data_collector-6]: process started with pid [92434]
1775734036.8995042 [xela_server-3] --ros-args -r __node:=xela_server --params-file /tmp/launch_params_tkl4bqiv --params-file /tmp/launch_params_cm72tkjy --params-file /tmp/launch_params_ayr7cle8 
1775734036.8996289 [xela_server-3] Found '--ros-args' at index 0
1775734036.8997326 [xela_server-3] Removing __node at index 0
1775734036.8998072 [xela_server-3] Found '--params-file' at index 0
1775734036.8998785 [xela_server-3] Found '--params-file' at index 0
1775734036.8999467 [xela_server-3] Found '--params-file' at index 0
1775734036.9000151 [xela_server-3] Running command: xela_server 
1775734036.9014876 [xela_server-3] /workspace/LeapXELA_Hardware_ws/ros_ws/install/xela_server_ros2/lib/xela_server_ros2/xela_server: line 40: xela_server: command not found
1775734037.2030869 [xela_service-4] arguments IN: []
1775734037.2033529 [xela_service-4] arguments OUT: []
1775734037.3328233 [xela_service-4] INFO:root:XELA Server ROS Service handler
1775734037.3331177 [xela_service-4] INFO:root:Made for ROS Noetic
1775734037.3336990 [xela_service-4] INFO:root:Running on: ROS Humble 2
1775734037.3338449 [xela_service-4] INFO:root:ARGS: {'failures': [], 'port': 5000, 'debug_level': 0, 'ip': '127.0.0.1', 'debug': False, 'roslog': None, 'rosname': None, 'osname': 'Ubuntu 22.04 (jammy)', 'appver': '1.7.6_137302'}
1775734037.3352597 [xela_service-4] INFO:root:Starting main runner
1775734037.3358865 [xela_service-4] INFO:root:Setting up node
1775734037.3443692 [xela_service-4] INFO:root:Making node
1775734037.3450227 [xela_service-4] INFO:root:Starting ServiceNode
1775734037.4356582 [xela_service-4] [INFO] [1775734037.435290844] [xela_service]: Adding `xServStream` to ServiceNode
1775734037.4389594 [xela_service-4] INFO:root:Node Executor setup
1775734037.4398909 [xela_service-4] [31mws://10.23.12.39:5000[0m
1775734037.4618542 [xela_service-4] INFO:websocket:Websocket connected
1775734110.6784217 [ERROR] [leaphand_node.py-1]: process has died [pid 92424, exit code 1, cmd '/workspace/LeapXELA_Hardware_ws/ros_ws/install/leap_hand/lib/leap_hand/leaphand_node.py --ros-args -r __node:=leaphand_node --params-file /tmp/launch_params_2097cvt6 --params-file /tmp/launch_params_g745m_vf --params-file /tmp/launch_params_vr62mqdn --params-file /tmp/launch_params_mm58k0nc'].
