running egg_info
writing ../../../build/xela_data_collection/xela_data_collection.egg-info/PKG-INFO
writing dependency_links to ../../../build/xela_data_collection/xela_data_collection.egg-info/dependency_links.txt
writing entry points to ../../../build/xela_data_collection/xela_data_collection.egg-info/entry_points.txt
writing requirements to ../../../build/xela_data_collection/xela_data_collection.egg-info/requires.txt
writing top-level names to ../../../build/xela_data_collection/xela_data_collection.egg-info/top_level.txt
reading manifest file '../../../build/xela_data_collection/xela_data_collection.egg-info/SOURCES.txt'
writing manifest file '../../../build/xela_data_collection/xela_data_collection.egg-info/SOURCES.txt'
running build
running build_py
running install
running install_lib
running install_data
running install_egg_info
removing '/workspace/LeapXELA_Hardware_ws/install/xela_data_collection/lib/python3.10/site-packages/xela_data_collection-0.0.1-py3.10.egg-info' (and everything under it)
Copying ../../../build/xela_data_collection/xela_data_collection.egg-info to /workspace/LeapXELA_Hardware_ws/install/xela_data_collection/lib/python3.10/site-packages/xela_data_collection-0.0.1-py3.10.egg-info
running install_scripts
Installing xela_data_collector script to /workspace/LeapXELA_Hardware_ws/install/xela_data_collection/lib/xela_data_collection
Installing xela_dataset_visulizer script to /workspace/LeapXELA_Hardware_ws/install/xela_data_collection/lib/xela_data_collection
Installing xela_image_publisher script to /workspace/LeapXELA_Hardware_ws/install/xela_data_collection/lib/xela_data_collection
Installing xela_qt_taxel_visualizer script to /workspace/LeapXELA_Hardware_ws/install/xela_data_collection/lib/xela_data_collection
Installing xela_taxel_visulizer script to /workspace/LeapXELA_Hardware_ws/install/xela_data_collection/lib/xela_data_collection
writing list of installed files to '/workspace/LeapXELA_Hardware_ws/build/xela_data_collection/install.log'
