[1.592s] Invoking command in '/workspace/LeapXELA_Hardware_ws/ros_ws/src/xela_data_collection': AMENT_PREFIX_PATH=/workspace/LeapXELA_Hardware_ws/install/xela_server_ros2:${AMENT_PREFIX_PATH} CMAKE_PREFIX_PATH=/workspace/LeapXELA_Hardware_ws/install/xela_server_ros2 LD_LIBRARY_PATH=/workspace/LeapXELA_Hardware_ws/install/xela_server_ros2/lib:${LD_LIBRARY_PATH} PYTHONPATH=/workspace/LeapXELA_Hardware_ws/build/xela_data_collection/prefix_override:/usr/lib/python3/dist-packages/colcon_core/task/python/colcon_distutils_commands:/workspace/LeapXELA_Hardware_ws/install/xela_data_collection/lib/python3.10/site-packages:/workspace/LeapXELA_Hardware_ws/install/xela_server_ros2/local/lib/python3.10/dist-packages:${PYTHONPATH} /usr/bin/python3 -W ignore:setup.py install is deprecated -W ignore:easy_install command is deprecated setup.py egg_info --egg-base ../../../build/xela_data_collection build --build-base /workspace/LeapXELA_Hardware_ws/build/xela_data_collection/build install --record /workspace/LeapXELA_Hardware_ws/build/xela_data_collection/install.log --single-version-externally-managed install_data
[2.011s] running egg_info
[2.013s] writing ../../../build/xela_data_collection/xela_data_collection.egg-info/PKG-INFO
[2.013s] writing dependency_links to ../../../build/xela_data_collection/xela_data_collection.egg-info/dependency_links.txt
[2.013s] writing entry points to ../../../build/xela_data_collection/xela_data_collection.egg-info/entry_points.txt
[2.013s] writing requirements to ../../../build/xela_data_collection/xela_data_collection.egg-info/requires.txt
[2.014s] writing top-level names to ../../../build/xela_data_collection/xela_data_collection.egg-info/top_level.txt
[2.018s] reading manifest file '../../../build/xela_data_collection/xela_data_collection.egg-info/SOURCES.txt'
[2.019s] writing manifest file '../../../build/xela_data_collection/xela_data_collection.egg-info/SOURCES.txt'
[2.019s] running build
[2.019s] running build_py
[2.021s] running install
[2.021s] running install_lib
[2.023s] running install_data
[2.024s] running install_egg_info
[2.027s] removing '/workspace/LeapXELA_Hardware_ws/install/xela_data_collection/lib/python3.10/site-packages/xela_data_collection-0.0.1-py3.10.egg-info' (and everything under it)
[2.027s] Copying ../../../build/xela_data_collection/xela_data_collection.egg-info to /workspace/LeapXELA_Hardware_ws/install/xela_data_collection/lib/python3.10/site-packages/xela_data_collection-0.0.1-py3.10.egg-info
[2.028s] running install_scripts
[2.064s] Installing xela_data_collector script to /workspace/LeapXELA_Hardware_ws/install/xela_data_collection/lib/xela_data_collection
[2.065s] Installing xela_dataset_visulizer script to /workspace/LeapXELA_Hardware_ws/install/xela_data_collection/lib/xela_data_collection
[2.065s] Installing xela_image_publisher script to /workspace/LeapXELA_Hardware_ws/install/xela_data_collection/lib/xela_data_collection
[2.065s] Installing xela_qt_taxel_visualizer script to /workspace/LeapXELA_Hardware_ws/install/xela_data_collection/lib/xela_data_collection
[2.065s] Installing xela_taxel_visulizer script to /workspace/LeapXELA_Hardware_ws/install/xela_data_collection/lib/xela_data_collection
[2.065s] writing list of installed files to '/workspace/LeapXELA_Hardware_ws/build/xela_data_collection/install.log'
[2.104s] Invoked command in '/workspace/LeapXELA_Hardware_ws/ros_ws/src/xela_data_collection' returned '0': AMENT_PREFIX_PATH=/workspace/LeapXELA_Hardware_ws/install/xela_server_ros2:${AMENT_PREFIX_PATH} CMAKE_PREFIX_PATH=/workspace/LeapXELA_Hardware_ws/install/xela_server_ros2 LD_LIBRARY_PATH=/workspace/LeapXELA_Hardware_ws/install/xela_server_ros2/lib:${LD_LIBRARY_PATH} PYTHONPATH=/workspace/LeapXELA_Hardware_ws/build/xela_data_collection/prefix_override:/usr/lib/python3/dist-packages/colcon_core/task/python/colcon_distutils_commands:/workspace/LeapXELA_Hardware_ws/install/xela_data_collection/lib/python3.10/site-packages:/workspace/LeapXELA_Hardware_ws/install/xela_server_ros2/local/lib/python3.10/dist-packages:${PYTHONPATH} /usr/bin/python3 -W ignore:setup.py install is deprecated -W ignore:easy_install command is deprecated setup.py egg_info --egg-base ../../../build/xela_data_collection build --build-base /workspace/LeapXELA_Hardware_ws/build/xela_data_collection/build install --record /workspace/LeapXELA_Hardware_ws/build/xela_data_collection/install.log --single-version-externally-managed install_data
