[  1%] Built target xela_server_ros2__rs
[  1%] Built target ament_cmake_python_copy_xela_server_ros2
[  3%] Built target xela_server_ros2__cpp
running egg_info
writing xela_server_ros2.egg-info/PKG-INFO
writing dependency_links to xela_server_ros2.egg-info/dependency_links.txt
writing top-level names to xela_server_ros2.egg-info/top_level.txt
reading manifest file 'xela_server_ros2.egg-info/SOURCES.txt'
writing manifest file 'xela_server_ros2.egg-info/SOURCES.txt'
[  3%] Built target ament_cmake_python_build_xela_server_ros2_egg
[35m[1mConsolidate compiler generated dependencies of target xela_server_ros2__rosidl_typesupport_cpp[0m
[ 14%] Built target xela_server_ros2__rosidl_typesupport_cpp
[35m[1mConsolidate compiler generated dependencies of target xela_server_ros2__rosidl_typesupport_introspection_cpp[0m
[ 25%] Built target xela_server_ros2__rosidl_typesupport_introspection_cpp
[35m[1mConsolidate compiler generated dependencies of target xela_server_ros2__rosidl_typesupport_fastrtps_cpp[0m
[ 35%] Built target xela_server_ros2__rosidl_typesupport_fastrtps_cpp
[35m[1mConsolidate compiler generated dependencies of target xela_server_ros2__rosidl_generator_c[0m
[ 46%] Built target xela_server_ros2__rosidl_generator_c
[35m[1mConsolidate compiler generated dependencies of target xela_server_ros2__rosidl_typesupport_fastrtps_c[0m
[ 57%] Built target xela_server_ros2__rosidl_typesupport_fastrtps_c
[35m[1mConsolidate compiler generated dependencies of target xela_server_ros2__rosidl_typesupport_c[0m
[ 68%] Built target xela_server_ros2__rosidl_typesupport_c
[35m[1mConsolidate compiler generated dependencies of target xela_server_ros2__rosidl_typesupport_introspection_c[0m
[ 79%] Built target xela_server_ros2__rosidl_typesupport_introspection_c
[ 79%] Built target xela_server_ros2
[ 81%] Built target xela_server_ros2__py
[35m[1mConsolidate compiler generated dependencies of target xela_server_ros2__rosidl_generator_py[0m
[ 90%] Built target xela_server_ros2__rosidl_generator_py
[35m[1mConsolidate compiler generated dependencies of target xela_server_ros2__rosidl_typesupport_fastrtps_c__pyext[0m
[ 93%] Built target xela_server_ros2__rosidl_typesupport_fastrtps_c__pyext
[35m[1mConsolidate compiler generated dependencies of target xela_server_ros2__rosidl_typesupport_c__pyext[0m
[ 96%] Built target xela_server_ros2__rosidl_typesupport_c__pyext
[35m[1mConsolidate compiler generated dependencies of target xela_server_ros2__rosidl_typesupport_introspection_c__pyext[0m
[100%] Built target xela_server_ros2__rosidl_typesupport_introspection_c__pyext
-- Install configuration: ""
-- Up-to-date: /workspace/LeapXELA_Hardware_ws/install/xela_server_ros2/share/ament_index/resource_index/rosidl_interfaces/xela_server_ros2
-- Up-to-date: /workspace/LeapXELA_Hardware_ws/install/xela_server_ros2/include/xela_server_ros2/xela_server_ros2
-- Up-to-date: /workspace/LeapXELA_Hardware_ws/install/xela_server_ros2/include/xela_server_ros2/xela_server_ros2/srv
-- Up-to-date: /workspace/LeapXELA_Hardware_ws/install/xela_server_ros2/include/xela_server_ros2/xela_server_ros2/srv/detail
-- Up-to-date: /workspace/LeapXELA_Hardware_ws/install/xela_server_ros2/include/xela_server_ros2/xela_server_ros2/srv/detail/xela_sensor_stream__struct.h
-- Up-to-date: /workspace/LeapXELA_Hardware_ws/install/xela_server_ros2/include/xela_server_ros2/xela_server_ros2/srv/detail/xela_sensor_stream__type_support.h
-- Up-to-date: /workspace/LeapXELA_Hardware_ws/install/xela_server_ros2/include/xela_server_ros2/xela_server_ros2/srv/detail/xela_sensor_stream__functions.h
-- Up-to-date: /workspace/LeapXELA_Hardware_ws/install/xela_server_ros2/include/xela_server_ros2/xela_server_ros2/srv/detail/xela_sensor_stream__functions.c
-- Up-to-date: /workspace/LeapXELA_Hardware_ws/install/xela_server_ros2/include/xela_server_ros2/xela_server_ros2/srv/xela_sensor_stream.h
-- Up-to-date: /workspace/LeapXELA_Hardware_ws/install/xela_server_ros2/include/xela_server_ros2/xela_server_ros2/msg
-- Up-to-date: /workspace/LeapXELA_Hardware_ws/install/xela_server_ros2/include/xela_server_ros2/xela_server_ros2/msg/detail
-- Up-to-date: /workspace/LeapXELA_Hardware_ws/install/xela_server_ros2/include/xela_server_ros2/xela_server_ros2/msg/detail/forces__struct.h
-- Up-to-date: /workspace/LeapXELA_Hardware_ws/install/xela_server_ros2/include/xela_server_ros2/xela_server_ros2/msg/detail/taxel__functions.c
-- Up-to-date: /workspace/LeapXELA_Hardware_ws/install/xela_server_ros2/include/xela_server_ros2/xela_server_ros2/msg/detail/sens_stream__functions.h
-- Up-to-date: /workspace/LeapXELA_Hardware_ws/install/xela_server_ros2/include/xela_server_ros2/xela_server_ros2/msg/detail/forces__functions.h
-- Up-to-date: /workspace/LeapXELA_Hardware_ws/install/xela_server_ros2/include/xela_server_ros2/xela_server_ros2/msg/detail/sens_stream__struct.h
-- Up-to-date: /workspace/LeapXELA_Hardware_ws/install/xela_server_ros2/include/xela_server_ros2/xela_server_ros2/msg/detail/sensor_full__functions.c
-- Up-to-date: /workspace/LeapXELA_Hardware_ws/install/xela_server_ros2/include/xela_server_ros2/xela_server_ros2/msg/detail/sens_stream__type_support.h
-- Up-to-date: /workspace/LeapXELA_Hardware_ws/install/xela_server_ros2/include/xela_server_ros2/xela_server_ros2/msg/detail/forces__type_support.h
-- Up-to-date: /workspace/LeapXELA_Hardware_ws/install/xela_server_ros2/include/xela_server_ros2/xela_server_ros2/msg/detail/sensor_full__functions.h
-- Up-to-date: /workspace/LeapXELA_Hardware_ws/install/xela_server_ros2/include/xela_server_ros2/xela_server_ros2/msg/detail/forces__functions.c
-- Up-to-date: /workspace/LeapXELA_Hardware_ws/install/xela_server_ros2/include/xela_server_ros2/xela_server_ros2/msg/detail/taxel__functions.h
-- Up-to-date: /workspace/LeapXELA_Hardware_ws/install/xela_server_ros2/include/xela_server_ros2/xela_server_ros2/msg/detail/sens_stream__functions.c
-- Up-to-date: /workspace/LeapXELA_Hardware_ws/install/xela_server_ros2/include/xela_server_ros2/xela_server_ros2/msg/detail/sensor_full__type_support.h
-- Up-to-date: /workspace/LeapXELA_Hardware_ws/install/xela_server_ros2/include/xela_server_ros2/xela_server_ros2/msg/detail/sensor_full__struct.h
-- Up-to-date: /workspace/LeapXELA_Hardware_ws/install/xela_server_ros2/include/xela_server_ros2/xela_server_ros2/msg/detail/taxel__type_support.h
-- Up-to-date: /workspace/LeapXELA_Hardware_ws/install/xela_server_ros2/include/xela_server_ros2/xela_server_ros2/msg/detail/taxel__struct.h
-- Up-to-date: /workspace/LeapXELA_Hardware_ws/install/xela_server_ros2/include/xela_server_ros2/xela_server_ros2/msg/sens_stream.h
-- Up-to-date: /workspace/LeapXELA_Hardware_ws/install/xela_server_ros2/include/xela_server_ros2/xela_server_ros2/msg/sensor_full.h
-- Up-to-date: /workspace/LeapXELA_Hardware_ws/install/xela_server_ros2/include/xela_server_ros2/xela_server_ros2/msg/taxel.h
-- Up-to-date: /workspace/LeapXELA_Hardware_ws/install/xela_server_ros2/include/xela_server_ros2/xela_server_ros2/msg/rosidl_generator_c__visibility_control.h
-- Up-to-date: /workspace/LeapXELA_Hardware_ws/install/xela_server_ros2/include/xela_server_ros2/xela_server_ros2/msg/forces.h
-- Up-to-date: /workspace/LeapXELA_Hardware_ws/install/xela_server_ros2/share/xela_server_ros2/environment/library_path.sh
-- Up-to-date: /workspace/LeapXELA_Hardware_ws/install/xela_server_ros2/share/xela_server_ros2/environment/library_path.dsv
-- Up-to-date: /workspace/LeapXELA_Hardware_ws/install/xela_server_ros2/lib/libxela_server_ros2__rosidl_generator_c.so
-- Up-to-date: /workspace/LeapXELA_Hardware_ws/install/xela_server_ros2/include/xela_server_ros2/xela_server_ros2
-- Up-to-date: /workspace/LeapXELA_Hardware_ws/install/xela_server_ros2/include/xela_server_ros2/xela_server_ros2/srv
-- Up-to-date: /workspace/LeapXELA_Hardware_ws/install/xela_server_ros2/include/xela_server_ros2/xela_server_ros2/srv/detail
-- Up-to-date: /workspace/LeapXELA_Hardware_ws/install/xela_server_ros2/include/xela_server_ros2/xela_server_ros2/srv/detail/xela_sensor_stream__rosidl_typesupport_fastrtps_c.h
-- Up-to-date: /workspace/LeapXELA_Hardware_ws/install/xela_server_ros2/include/xela_server_ros2/xela_server_ros2/msg
-- Up-to-date: /workspace/LeapXELA_Hardware_ws/install/xela_server_ros2/include/xela_server_ros2/xela_server_ros2/msg/detail
-- Up-to-date: /workspace/LeapXELA_Hardware_ws/install/xela_server_ros2/include/xela_server_ros2/xela_server_ros2/msg/detail/sens_stream__rosidl_typesupport_fastrtps_c.h
-- Up-to-date: /workspace/LeapXELA_Hardware_ws/install/xela_server_ros2/include/xela_server_ros2/xela_server_ros2/msg/detail/taxel__rosidl_typesupport_fastrtps_c.h
-- Up-to-date: /workspace/LeapXELA_Hardware_ws/install/xela_server_ros2/include/xela_server_ros2/xela_server_ros2/msg/detail/forces__rosidl_typesupport_fastrtps_c.h
-- Up-to-date: /workspace/LeapXELA_Hardware_ws/install/xela_server_ros2/include/xela_server_ros2/xela_server_ros2/msg/detail/sensor_full__rosidl_typesupport_fastrtps_c.h
-- Up-to-date: /workspace/LeapXELA_Hardware_ws/install/xela_server_ros2/include/xela_server_ros2/xela_server_ros2/msg/rosidl_typesupport_fastrtps_c__visibility_control.h
-- Up-to-date: /workspace/LeapXELA_Hardware_ws/install/xela_server_ros2/lib/libxela_server_ros2__rosidl_typesupport_fastrtps_c.so
-- Up-to-date: /workspace/LeapXELA_Hardware_ws/install/xela_server_ros2/include/xela_server_ros2/xela_server_ros2
-- Up-to-date: /workspace/LeapXELA_Hardware_ws/install/xela_server_ros2/include/xela_server_ros2/xela_server_ros2/srv
-- Up-to-date: /workspace/LeapXELA_Hardware_ws/install/xela_server_ros2/include/xela_server_ros2/xela_server_ros2/srv/detail
-- Up-to-date: /workspace/LeapXELA_Hardware_ws/install/xela_server_ros2/include/xela_server_ros2/xela_server_ros2/srv/detail/xela_sensor_stream__traits.hpp
-- Up-to-date: /workspace/LeapXELA_Hardware_ws/install/xela_server_ros2/include/xela_server_ros2/xela_server_ros2/srv/detail/xela_sensor_stream__struct.hpp
-- Up-to-date: /workspace/LeapXELA_Hardware_ws/install/xela_server_ros2/include/xela_server_ros2/xela_server_ros2/srv/detail/xela_sensor_stream__builder.hpp
-- Up-to-date: /workspace/LeapXELA_Hardware_ws/install/xela_server_ros2/include/xela_server_ros2/xela_server_ros2/srv/detail/xela_sensor_stream__type_support.hpp
-- Up-to-date: /workspace/LeapXELA_Hardware_ws/install/xela_server_ros2/include/xela_server_ros2/xela_server_ros2/srv/xela_sensor_stream.hpp
-- Up-to-date: /workspace/LeapXELA_Hardware_ws/install/xela_server_ros2/include/xela_server_ros2/xela_server_ros2/msg
-- Up-to-date: /workspace/LeapXELA_Hardware_ws/install/xela_server_ros2/include/xela_server_ros2/xela_server_ros2/msg/detail
-- Up-to-date: /workspace/LeapXELA_Hardware_ws/install/xela_server_ros2/include/xela_server_ros2/xela_server_ros2/msg/detail/forces__type_support.hpp
-- Up-to-date: /workspace/LeapXELA_Hardware_ws/install/xela_server_ros2/include/xela_server_ros2/xela_server_ros2/msg/detail/forces__struct.hpp
-- Up-to-date: /workspace/LeapXELA_Hardware_ws/install/xela_server_ros2/include/xela_server_ros2/xela_server_ros2/msg/detail/sensor_full__type_support.hpp
-- Up-to-date: /workspace/LeapXELA_Hardware_ws/install/xela_server_ros2/include/xela_server_ros2/xela_server_ros2/msg/detail/taxel__struct.hpp
-- Up-to-date: /workspace/LeapXELA_Hardware_ws/install/xela_server_ros2/include/xela_server_ros2/xela_server_ros2/msg/detail/sens_stream__builder.hpp
-- Up-to-date: /workspace/LeapXELA_Hardware_ws/install/xela_server_ros2/include/xela_server_ros2/xela_server_ros2/msg/detail/taxel__builder.hpp
-- Up-to-date: /workspace/LeapXELA_Hardware_ws/install/xela_server_ros2/include/xela_server_ros2/xela_server_ros2/msg/detail/sens_stream__traits.hpp
-- Up-to-date: /workspace/LeapXELA_Hardware_ws/install/xela_server_ros2/include/xela_server_ros2/xela_server_ros2/msg/detail/forces__builder.hpp
-- Up-to-date: /workspace/LeapXELA_Hardware_ws/install/xela_server_ros2/include/xela_server_ros2/xela_server_ros2/msg/detail/sensor_full__struct.hpp
-- Up-to-date: /workspace/LeapXELA_Hardware_ws/install/xela_server_ros2/include/xela_server_ros2/xela_server_ros2/msg/detail/sensor_full__traits.hpp
-- Up-to-date: /workspace/LeapXELA_Hardware_ws/install/xela_server_ros2/include/xela_server_ros2/xela_server_ros2/msg/detail/forces__traits.hpp
-- Up-to-date: /workspace/LeapXELA_Hardware_ws/install/xela_server_ros2/include/xela_server_ros2/xela_server_ros2/msg/detail/taxel__traits.hpp
-- Up-to-date: /workspace/LeapXELA_Hardware_ws/install/xela_server_ros2/include/xela_server_ros2/xela_server_ros2/msg/detail/sens_stream__struct.hpp
-- Up-to-date: /workspace/LeapXELA_Hardware_ws/install/xela_server_ros2/include/xela_server_ros2/xela_server_ros2/msg/detail/taxel__type_support.hpp
-- Up-to-date: /workspace/LeapXELA_Hardware_ws/install/xela_server_ros2/include/xela_server_ros2/xela_server_ros2/msg/detail/sens_stream__type_support.hpp
-- Up-to-date: /workspace/LeapXELA_Hardware_ws/install/xela_server_ros2/include/xela_server_ros2/xela_server_ros2/msg/detail/sensor_full__builder.hpp
-- Up-to-date: /workspace/LeapXELA_Hardware_ws/install/xela_server_ros2/include/xela_server_ros2/xela_server_ros2/msg/forces.hpp
-- Up-to-date: /workspace/LeapXELA_Hardware_ws/install/xela_server_ros2/include/xela_server_ros2/xela_server_ros2/msg/sensor_full.hpp
-- Up-to-date: /workspace/LeapXELA_Hardware_ws/install/xela_server_ros2/include/xela_server_ros2/xela_server_ros2/msg/rosidl_generator_cpp__visibility_control.hpp
-- Up-to-date: /workspace/LeapXELA_Hardware_ws/install/xela_server_ros2/include/xela_server_ros2/xela_server_ros2/msg/taxel.hpp
-- Up-to-date: /workspace/LeapXELA_Hardware_ws/install/xela_server_ros2/include/xela_server_ros2/xela_server_ros2/msg/sens_stream.hpp
-- Up-to-date: /workspace/LeapXELA_Hardware_ws/install/xela_server_ros2/include/xela_server_ros2/xela_server_ros2
-- Up-to-date: /workspace/LeapXELA_Hardware_ws/install/xela_server_ros2/include/xela_server_ros2/xela_server_ros2/srv
-- Up-to-date: /workspace/LeapXELA_Hardware_ws/install/xela_server_ros2/include/xela_server_ros2/xela_server_ros2/srv/detail
-- Up-to-date: /workspace/LeapXELA_Hardware_ws/install/xela_server_ros2/include/xela_server_ros2/xela_server_ros2/srv/detail/xela_sensor_stream__rosidl_typesupport_fastrtps_cpp.hpp
-- Up-to-date: /workspace/LeapXELA_Hardware_ws/install/xela_server_ros2/include/xela_server_ros2/xela_server_ros2/srv/detail/dds_fastrtps
-- Up-to-date: /workspace/LeapXELA_Hardware_ws/install/xela_server_ros2/include/xela_server_ros2/xela_server_ros2/msg
-- Up-to-date: /workspace/LeapXELA_Hardware_ws/install/xela_server_ros2/include/xela_server_ros2/xela_server_ros2/msg/detail
-- Up-to-date: /workspace/LeapXELA_Hardware_ws/install/xela_server_ros2/include/xela_server_ros2/xela_server_ros2/msg/detail/sens_stream__rosidl_typesupport_fastrtps_cpp.hpp
-- Up-to-date: /workspace/LeapXELA_Hardware_ws/install/xela_server_ros2/include/xela_server_ros2/xela_server_ros2/msg/detail/sensor_full__rosidl_typesupport_fastrtps_cpp.hpp
-- Up-to-date: /workspace/LeapXELA_Hardware_ws/install/xela_server_ros2/include/xela_server_ros2/xela_server_ros2/msg/detail/forces__rosidl_typesupport_fastrtps_cpp.hpp
-- Up-to-date: /workspace/LeapXELA_Hardware_ws/install/xela_server_ros2/include/xela_server_ros2/xela_server_ros2/msg/detail/taxel__rosidl_typesupport_fastrtps_cpp.hpp
-- Up-to-date: /workspace/LeapXELA_Hardware_ws/install/xela_server_ros2/include/xela_server_ros2/xela_server_ros2/msg/detail/dds_fastrtps
-- Up-to-date: /workspace/LeapXELA_Hardware_ws/install/xela_server_ros2/include/xela_server_ros2/xela_server_ros2/msg/rosidl_typesupport_fastrtps_cpp__visibility_control.h
-- Up-to-date: /workspace/LeapXELA_Hardware_ws/install/xela_server_ros2/lib/libxela_server_ros2__rosidl_typesupport_fastrtps_cpp.so
-- Up-to-date: /workspace/LeapXELA_Hardware_ws/install/xela_server_ros2/include/xela_server_ros2/xela_server_ros2
-- Up-to-date: /workspace/LeapXELA_Hardware_ws/install/xela_server_ros2/include/xela_server_ros2/xela_server_ros2/srv
-- Up-to-date: /workspace/LeapXELA_Hardware_ws/install/xela_server_ros2/include/xela_server_ros2/xela_server_ros2/srv/detail
-- Up-to-date: /workspace/LeapXELA_Hardware_ws/install/xela_server_ros2/include/xela_server_ros2/xela_server_ros2/srv/detail/xela_sensor_stream__type_support.c
-- Up-to-date: /workspace/LeapXELA_Hardware_ws/install/xela_server_ros2/include/xela_server_ros2/xela_server_ros2/srv/detail/xela_sensor_stream__rosidl_typesupport_introspection_c.h
-- Up-to-date: /workspace/LeapXELA_Hardware_ws/install/xela_server_ros2/include/xela_server_ros2/xela_server_ros2/msg
-- Up-to-date: /workspace/LeapXELA_Hardware_ws/install/xela_server_ros2/include/xela_server_ros2/xela_server_ros2/msg/detail
-- Up-to-date: /workspace/LeapXELA_Hardware_ws/install/xela_server_ros2/include/xela_server_ros2/xela_server_ros2/msg/detail/taxel__rosidl_typesupport_introspection_c.h
-- Up-to-date: /workspace/LeapXELA_Hardware_ws/install/xela_server_ros2/include/xela_server_ros2/xela_server_ros2/msg/detail/sensor_full__rosidl_typesupport_introspection_c.h
-- Up-to-date: /workspace/LeapXELA_Hardware_ws/install/xela_server_ros2/include/xela_server_ros2/xela_server_ros2/msg/detail/sens_stream__rosidl_typesupport_introspection_c.h
-- Up-to-date: /workspace/LeapXELA_Hardware_ws/install/xela_server_ros2/include/xela_server_ros2/xela_server_ros2/msg/detail/forces__type_support.c
-- Up-to-date: /workspace/LeapXELA_Hardware_ws/install/xela_server_ros2/include/xela_server_ros2/xela_server_ros2/msg/detail/forces__rosidl_typesupport_introspection_c.h
-- Up-to-date: /workspace/LeapXELA_Hardware_ws/install/xela_server_ros2/include/xela_server_ros2/xela_server_ros2/msg/detail/sensor_full__type_support.c
-- Up-to-date: /workspace/LeapXELA_Hardware_ws/install/xela_server_ros2/include/xela_server_ros2/xela_server_ros2/msg/detail/sens_stream__type_support.c
-- Up-to-date: /workspace/LeapXELA_Hardware_ws/install/xela_server_ros2/include/xela_server_ros2/xela_server_ros2/msg/detail/taxel__type_support.c
-- Up-to-date: /workspace/LeapXELA_Hardware_ws/install/xela_server_ros2/include/xela_server_ros2/xela_server_ros2/msg/rosidl_typesupport_introspection_c__visibility_control.h
-- Up-to-date: /workspace/LeapXELA_Hardware_ws/install/xela_server_ros2/lib/libxela_server_ros2__rosidl_typesupport_introspection_c.so
-- Up-to-date: /workspace/LeapXELA_Hardware_ws/install/xela_server_ros2/lib/libxela_server_ros2__rosidl_typesupport_c.so
-- Up-to-date: /workspace/LeapXELA_Hardware_ws/install/xela_server_ros2/include/xela_server_ros2/xela_server_ros2
-- Up-to-date: /workspace/LeapXELA_Hardware_ws/install/xela_server_ros2/include/xela_server_ros2/xela_server_ros2/srv
-- Up-to-date: /workspace/LeapXELA_Hardware_ws/install/xela_server_ros2/include/xela_server_ros2/xela_server_ros2/srv/detail
-- Up-to-date: /workspace/LeapXELA_Hardware_ws/install/xela_server_ros2/include/xela_server_ros2/xela_server_ros2/srv/detail/xela_sensor_stream__type_support.cpp
-- Up-to-date: /workspace/LeapXELA_Hardware_ws/install/xela_server_ros2/include/xela_server_ros2/xela_server_ros2/srv/detail/xela_sensor_stream__rosidl_typesupport_introspection_cpp.hpp
-- Up-to-date: /workspace/LeapXELA_Hardware_ws/install/xela_server_ros2/include/xela_server_ros2/xela_server_ros2/msg
-- Up-to-date: /workspace/LeapXELA_Hardware_ws/install/xela_server_ros2/include/xela_server_ros2/xela_server_ros2/msg/detail
-- Up-to-date: /workspace/LeapXELA_Hardware_ws/install/xela_server_ros2/include/xela_server_ros2/xela_server_ros2/msg/detail/taxel__type_support.cpp
-- Up-to-date: /workspace/LeapXELA_Hardware_ws/install/xela_server_ros2/include/xela_server_ros2/xela_server_ros2/msg/detail/sens_stream__rosidl_typesupport_introspection_cpp.hpp
-- Up-to-date: /workspace/LeapXELA_Hardware_ws/install/xela_server_ros2/include/xela_server_ros2/xela_server_ros2/msg/detail/sensor_full__rosidl_typesupport_introspection_cpp.hpp
-- Up-to-date: /workspace/LeapXELA_Hardware_ws/install/xela_server_ros2/include/xela_server_ros2/xela_server_ros2/msg/detail/taxel__rosidl_typesupport_introspection_cpp.hpp
-- Up-to-date: /workspace/LeapXELA_Hardware_ws/install/xela_server_ros2/include/xela_server_ros2/xela_server_ros2/msg/detail/forces__rosidl_typesupport_introspection_cpp.hpp
-- Up-to-date: /workspace/LeapXELA_Hardware_ws/install/xela_server_ros2/include/xela_server_ros2/xela_server_ros2/msg/detail/sensor_full__type_support.cpp
-- Up-to-date: /workspace/LeapXELA_Hardware_ws/install/xela_server_ros2/include/xela_server_ros2/xela_server_ros2/msg/detail/forces__type_support.cpp
-- Up-to-date: /workspace/LeapXELA_Hardware_ws/install/xela_server_ros2/include/xela_server_ros2/xela_server_ros2/msg/detail/sens_stream__type_support.cpp
-- Up-to-date: /workspace/LeapXELA_Hardware_ws/install/xela_server_ros2/lib/libxela_server_ros2__rosidl_typesupport_introspection_cpp.so
-- Up-to-date: /workspace/LeapXELA_Hardware_ws/install/xela_server_ros2/lib/libxela_server_ros2__rosidl_typesupport_cpp.so
-- Up-to-date: /workspace/LeapXELA_Hardware_ws/install/xela_server_ros2/share/xela_server_ros2/environment/pythonpath.sh
-- Up-to-date: /workspace/LeapXELA_Hardware_ws/install/xela_server_ros2/share/xela_server_ros2/environment/pythonpath.dsv
-- Up-to-date: /workspace/LeapXELA_Hardware_ws/install/xela_server_ros2/local/lib/python3.10/dist-packages/xela_server_ros2-1.5.0-py3.10.egg-info
-- Installing: /workspace/LeapXELA_Hardware_ws/install/xela_server_ros2/local/lib/python3.10/dist-packages/xela_server_ros2-1.5.0-py3.10.egg-info/dependency_links.txt
-- Installing: /workspace/LeapXELA_Hardware_ws/install/xela_server_ros2/local/lib/python3.10/dist-packages/xela_server_ros2-1.5.0-py3.10.egg-info/SOURCES.txt
-- Installing: /workspace/LeapXELA_Hardware_ws/install/xela_server_ros2/local/lib/python3.10/dist-packages/xela_server_ros2-1.5.0-py3.10.egg-info/PKG-INFO
-- Installing: /workspace/LeapXELA_Hardware_ws/install/xela_server_ros2/local/lib/python3.10/dist-packages/xela_server_ros2-1.5.0-py3.10.egg-info/top_level.txt
-- Up-to-date: /workspace/LeapXELA_Hardware_ws/install/xela_server_ros2/local/lib/python3.10/dist-packages/xela_server_ros2
-- Up-to-date: /workspace/LeapXELA_Hardware_ws/install/xela_server_ros2/local/lib/python3.10/dist-packages/xela_server_ros2/__init__.py
-- Up-to-date: /workspace/LeapXELA_Hardware_ws/install/xela_server_ros2/local/lib/python3.10/dist-packages/xela_server_ros2/_xela_server_ros2_s.ep.rosidl_typesupport_c.c
-- Up-to-date: /workspace/LeapXELA_Hardware_ws/install/xela_server_ros2/local/lib/python3.10/dist-packages/xela_server_ros2/xela_server_ros2_s__rosidl_typesupport_c.cpython-310-x86_64-linux-gnu.so
-- Up-to-date: /workspace/LeapXELA_Hardware_ws/install/xela_server_ros2/local/lib/python3.10/dist-packages/xela_server_ros2/xela_server_ros2_s__rosidl_typesupport_fastrtps_c.cpython-310-x86_64-linux-gnu.so
-- Up-to-date: /workspace/LeapXELA_Hardware_ws/install/xela_server_ros2/local/lib/python3.10/dist-packages/xela_server_ros2/_xela_server_ros2_s.ep.rosidl_typesupport_introspection_c.c
-- Up-to-date: /workspace/LeapXELA_Hardware_ws/install/xela_server_ros2/local/lib/python3.10/dist-packages/xela_server_ros2/libxela_server_ros2__rosidl_generator_py.so
-- Up-to-date: /workspace/LeapXELA_Hardware_ws/install/xela_server_ros2/local/lib/python3.10/dist-packages/xela_server_ros2/_xela_server_ros2_s.ep.rosidl_typesupport_fastrtps_c.c
-- Up-to-date: /workspace/LeapXELA_Hardware_ws/install/xela_server_ros2/local/lib/python3.10/dist-packages/xela_server_ros2/srv
-- Up-to-date: /workspace/LeapXELA_Hardware_ws/install/xela_server_ros2/local/lib/python3.10/dist-packages/xela_server_ros2/srv/__init__.py
-- Up-to-date: /workspace/LeapXELA_Hardware_ws/install/xela_server_ros2/local/lib/python3.10/dist-packages/xela_server_ros2/srv/_xela_sensor_stream_s.c
-- Up-to-date: /workspace/LeapXELA_Hardware_ws/install/xela_server_ros2/local/lib/python3.10/dist-packages/xela_server_ros2/srv/_xela_sensor_stream.py
-- Up-to-date: /workspace/LeapXELA_Hardware_ws/install/xela_server_ros2/local/lib/python3.10/dist-packages/xela_server_ros2/xela_server_ros2_s__rosidl_typesupport_introspection_c.cpython-310-x86_64-linux-gnu.so
-- Up-to-date: /workspace/LeapXELA_Hardware_ws/install/xela_server_ros2/local/lib/python3.10/dist-packages/xela_server_ros2/msg
-- Up-to-date: /workspace/LeapXELA_Hardware_ws/install/xela_server_ros2/local/lib/python3.10/dist-packages/xela_server_ros2/msg/_taxel_s.c
-- Up-to-date: /workspace/LeapXELA_Hardware_ws/install/xela_server_ros2/local/lib/python3.10/dist-packages/xela_server_ros2/msg/__init__.py
-- Up-to-date: /workspace/LeapXELA_Hardware_ws/install/xela_server_ros2/local/lib/python3.10/dist-packages/xela_server_ros2/msg/_sens_stream.py
-- Up-to-date: /workspace/LeapXELA_Hardware_ws/install/xela_server_ros2/local/lib/python3.10/dist-packages/xela_server_ros2/msg/_forces.py
-- Up-to-date: /workspace/LeapXELA_Hardware_ws/install/xela_server_ros2/local/lib/python3.10/dist-packages/xela_server_ros2/msg/_sensor_full_s.c
-- Up-to-date: /workspace/LeapXELA_Hardware_ws/install/xela_server_ros2/local/lib/python3.10/dist-packages/xela_server_ros2/msg/_sens_stream_s.c
-- Up-to-date: /workspace/LeapXELA_Hardware_ws/install/xela_server_ros2/local/lib/python3.10/dist-packages/xela_server_ros2/msg/_sensor_full.py
-- Up-to-date: /workspace/LeapXELA_Hardware_ws/install/xela_server_ros2/local/lib/python3.10/dist-packages/xela_server_ros2/msg/_forces_s.c
-- Up-to-date: /workspace/LeapXELA_Hardware_ws/install/xela_server_ros2/local/lib/python3.10/dist-packages/xela_server_ros2/msg/_taxel.py
Listing '/workspace/LeapXELA_Hardware_ws/install/xela_server_ros2/local/lib/python3.10/dist-packages/xela_server_ros2'...
Listing '/workspace/LeapXELA_Hardware_ws/install/xela_server_ros2/local/lib/python3.10/dist-packages/xela_server_ros2/msg'...
Listing '/workspace/LeapXELA_Hardware_ws/install/xela_server_ros2/local/lib/python3.10/dist-packages/xela_server_ros2/srv'...
-- Up-to-date: /workspace/LeapXELA_Hardware_ws/install/xela_server_ros2/local/lib/python3.10/dist-packages/xela_server_ros2/xela_server_ros2_s__rosidl_typesupport_fastrtps_c.cpython-310-x86_64-linux-gnu.so
-- Up-to-date: /workspace/LeapXELA_Hardware_ws/install/xela_server_ros2/local/lib/python3.10/dist-packages/xela_server_ros2/xela_server_ros2_s__rosidl_typesupport_introspection_c.cpython-310-x86_64-linux-gnu.so
-- Up-to-date: /workspace/LeapXELA_Hardware_ws/install/xela_server_ros2/local/lib/python3.10/dist-packages/xela_server_ros2/xela_server_ros2_s__rosidl_typesupport_c.cpython-310-x86_64-linux-gnu.so
-- Up-to-date: /workspace/LeapXELA_Hardware_ws/install/xela_server_ros2/lib/libxela_server_ros2__rosidl_generator_py.so
-- Up-to-date: /workspace/LeapXELA_Hardware_ws/install/xela_server_ros2/share/ament_index/resource_index/rust_packages/xela_server_ros2
-- Up-to-date: /workspace/LeapXELA_Hardware_ws/install/xela_server_ros2/share/xela_server_ros2/rust
-- Up-to-date: /workspace/LeapXELA_Hardware_ws/install/xela_server_ros2/share/xela_server_ros2/rust/Cargo.toml
-- Up-to-date: /workspace/LeapXELA_Hardware_ws/install/xela_server_ros2/share/xela_server_ros2/rust/src
-- Up-to-date: /workspace/LeapXELA_Hardware_ws/install/xela_server_ros2/share/xela_server_ros2/rust/src/lib.rs
-- Up-to-date: /workspace/LeapXELA_Hardware_ws/install/xela_server_ros2/share/xela_server_ros2/rust/src/msg.rs
-- Up-to-date: /workspace/LeapXELA_Hardware_ws/install/xela_server_ros2/share/xela_server_ros2/rust/src/srv
-- Up-to-date: /workspace/LeapXELA_Hardware_ws/install/xela_server_ros2/share/xela_server_ros2/rust/src/srv/rmw.rs
-- Up-to-date: /workspace/LeapXELA_Hardware_ws/install/xela_server_ros2/share/xela_server_ros2/rust/src/msg
-- Up-to-date: /workspace/LeapXELA_Hardware_ws/install/xela_server_ros2/share/xela_server_ros2/rust/src/msg/rmw.rs
-- Up-to-date: /workspace/LeapXELA_Hardware_ws/install/xela_server_ros2/share/xela_server_ros2/rust/src/srv.rs
-- Up-to-date: /workspace/LeapXELA_Hardware_ws/install/xela_server_ros2/share/xela_server_ros2/rust/build.rs
-- Up-to-date: /workspace/LeapXELA_Hardware_ws/install/xela_server_ros2/share/xela_server_ros2/msg/SensorFull.idl
-- Up-to-date: /workspace/LeapXELA_Hardware_ws/install/xela_server_ros2/share/xela_server_ros2/msg/SensStream.idl
-- Up-to-date: /workspace/LeapXELA_Hardware_ws/install/xela_server_ros2/share/xela_server_ros2/msg/Taxel.idl
-- Up-to-date: /workspace/LeapXELA_Hardware_ws/install/xela_server_ros2/share/xela_server_ros2/msg/Forces.idl
-- Up-to-date: /workspace/LeapXELA_Hardware_ws/install/xela_server_ros2/share/xela_server_ros2/srv/XelaSensorStream.idl
-- Up-to-date: /workspace/LeapXELA_Hardware_ws/install/xela_server_ros2/share/xela_server_ros2/msg/SensorFull.msg
-- Up-to-date: /workspace/LeapXELA_Hardware_ws/install/xela_server_ros2/share/xela_server_ros2/msg/SensStream.msg
-- Up-to-date: /workspace/LeapXELA_Hardware_ws/install/xela_server_ros2/share/xela_server_ros2/msg/Taxel.msg
-- Up-to-date: /workspace/LeapXELA_Hardware_ws/install/xela_server_ros2/share/xela_server_ros2/msg/Forces.msg
-- Up-to-date: /workspace/LeapXELA_Hardware_ws/install/xela_server_ros2/share/xela_server_ros2/srv/XelaSensorStream.srv
-- Up-to-date: /workspace/LeapXELA_Hardware_ws/install/xela_server_ros2/share/xela_server_ros2/srv/XelaSensorStream_Request.msg
-- Up-to-date: /workspace/LeapXELA_Hardware_ws/install/xela_server_ros2/share/xela_server_ros2/srv/XelaSensorStream_Response.msg
-- Up-to-date: /workspace/LeapXELA_Hardware_ws/install/xela_server_ros2/lib/xela_server_ros2/xela_server
-- Up-to-date: /workspace/LeapXELA_Hardware_ws/install/xela_server_ros2/lib/xela_server_ros2/xela_service
-- Up-to-date: /workspace/LeapXELA_Hardware_ws/install/xela_server_ros2/share/xela_server_ros2
-- Up-to-date: /workspace/LeapXELA_Hardware_ws/install/xela_server_ros2/share/xela_server_ros2/service.launch
-- Up-to-date: /workspace/LeapXELA_Hardware_ws/install/xela_server_ros2/share/ament_index/resource_index/package_run_dependencies/xela_server_ros2
-- Up-to-date: /workspace/LeapXELA_Hardware_ws/install/xela_server_ros2/share/ament_index/resource_index/parent_prefix_path/xela_server_ros2
-- Up-to-date: /workspace/LeapXELA_Hardware_ws/install/xela_server_ros2/share/xela_server_ros2/environment/ament_prefix_path.sh
-- Up-to-date: /workspace/LeapXELA_Hardware_ws/install/xela_server_ros2/share/xela_server_ros2/environment/ament_prefix_path.dsv
-- Up-to-date: /workspace/LeapXELA_Hardware_ws/install/xela_server_ros2/share/xela_server_ros2/environment/path.sh
-- Up-to-date: /workspace/LeapXELA_Hardware_ws/install/xela_server_ros2/share/xela_server_ros2/environment/path.dsv
-- Up-to-date: /workspace/LeapXELA_Hardware_ws/install/xela_server_ros2/share/xela_server_ros2/local_setup.bash
-- Up-to-date: /workspace/LeapXELA_Hardware_ws/install/xela_server_ros2/share/xela_server_ros2/local_setup.sh
-- Up-to-date: /workspace/LeapXELA_Hardware_ws/install/xela_server_ros2/share/xela_server_ros2/local_setup.zsh
-- Up-to-date: /workspace/LeapXELA_Hardware_ws/install/xela_server_ros2/share/xela_server_ros2/local_setup.dsv
-- Installing: /workspace/LeapXELA_Hardware_ws/install/xela_server_ros2/share/xela_server_ros2/package.dsv
-- Up-to-date: /workspace/LeapXELA_Hardware_ws/install/xela_server_ros2/share/ament_index/resource_index/packages/xela_server_ros2
-- Up-to-date: /workspace/LeapXELA_Hardware_ws/install/xela_server_ros2/share/xela_server_ros2/cmake/export_xela_server_ros2__rosidl_generator_cExport.cmake
-- Up-to-date: /workspace/LeapXELA_Hardware_ws/install/xela_server_ros2/share/xela_server_ros2/cmake/export_xela_server_ros2__rosidl_generator_cExport-noconfig.cmake
-- Up-to-date: /workspace/LeapXELA_Hardware_ws/install/xela_server_ros2/share/xela_server_ros2/cmake/export_xela_server_ros2__rosidl_typesupport_fastrtps_cExport.cmake
-- Up-to-date: /workspace/LeapXELA_Hardware_ws/install/xela_server_ros2/share/xela_server_ros2/cmake/export_xela_server_ros2__rosidl_typesupport_fastrtps_cExport-noconfig.cmake
-- Up-to-date: /workspace/LeapXELA_Hardware_ws/install/xela_server_ros2/share/xela_server_ros2/cmake/export_xela_server_ros2__rosidl_generator_cppExport.cmake
-- Up-to-date: /workspace/LeapXELA_Hardware_ws/install/xela_server_ros2/share/xela_server_ros2/cmake/export_xela_server_ros2__rosidl_typesupport_fastrtps_cppExport.cmake
-- Up-to-date: /workspace/LeapXELA_Hardware_ws/install/xela_server_ros2/share/xela_server_ros2/cmake/export_xela_server_ros2__rosidl_typesupport_fastrtps_cppExport-noconfig.cmake
-- Up-to-date: /workspace/LeapXELA_Hardware_ws/install/xela_server_ros2/share/xela_server_ros2/cmake/xela_server_ros2__rosidl_typesupport_introspection_cExport.cmake
-- Up-to-date: /workspace/LeapXELA_Hardware_ws/install/xela_server_ros2/share/xela_server_ros2/cmake/xela_server_ros2__rosidl_typesupport_introspection_cExport-noconfig.cmake
-- Up-to-date: /workspace/LeapXELA_Hardware_ws/install/xela_server_ros2/share/xela_server_ros2/cmake/xela_server_ros2__rosidl_typesupport_cExport.cmake
-- Up-to-date: /workspace/LeapXELA_Hardware_ws/install/xela_server_ros2/share/xela_server_ros2/cmake/xela_server_ros2__rosidl_typesupport_cExport-noconfig.cmake
-- Up-to-date: /workspace/LeapXELA_Hardware_ws/install/xela_server_ros2/share/xela_server_ros2/cmake/xela_server_ros2__rosidl_typesupport_introspection_cppExport.cmake
-- Up-to-date: /workspace/LeapXELA_Hardware_ws/install/xela_server_ros2/share/xela_server_ros2/cmake/xela_server_ros2__rosidl_typesupport_introspection_cppExport-noconfig.cmake
-- Up-to-date: /workspace/LeapXELA_Hardware_ws/install/xela_server_ros2/share/xela_server_ros2/cmake/xela_server_ros2__rosidl_typesupport_cppExport.cmake
-- Up-to-date: /workspace/LeapXELA_Hardware_ws/install/xela_server_ros2/share/xela_server_ros2/cmake/xela_server_ros2__rosidl_typesupport_cppExport-noconfig.cmake
-- Up-to-date: /workspace/LeapXELA_Hardware_ws/install/xela_server_ros2/share/xela_server_ros2/cmake/export_xela_server_ros2__rosidl_generator_pyExport.cmake
-- Up-to-date: /workspace/LeapXELA_Hardware_ws/install/xela_server_ros2/share/xela_server_ros2/cmake/export_xela_server_ros2__rosidl_generator_pyExport-noconfig.cmake
-- Up-to-date: /workspace/LeapXELA_Hardware_ws/install/xela_server_ros2/share/xela_server_ros2/cmake/rosidl_cmake-extras.cmake
-- Up-to-date: /workspace/LeapXELA_Hardware_ws/install/xela_server_ros2/share/xela_server_ros2/cmake/ament_cmake_export_dependencies-extras.cmake
-- Up-to-date: /workspace/LeapXELA_Hardware_ws/install/xela_server_ros2/share/xela_server_ros2/cmake/ament_cmake_export_include_directories-extras.cmake
-- Up-to-date: /workspace/LeapXELA_Hardware_ws/install/xela_server_ros2/share/xela_server_ros2/cmake/ament_cmake_export_libraries-extras.cmake
-- Up-to-date: /workspace/LeapXELA_Hardware_ws/install/xela_server_ros2/share/xela_server_ros2/cmake/ament_cmake_export_targets-extras.cmake
-- Up-to-date: /workspace/LeapXELA_Hardware_ws/install/xela_server_ros2/share/xela_server_ros2/cmake/rosidl_cmake_export_typesupport_targets-extras.cmake
-- Up-to-date: /workspace/LeapXELA_Hardware_ws/install/xela_server_ros2/share/xela_server_ros2/cmake/rosidl_cmake_export_typesupport_libraries-extras.cmake
-- Up-to-date: /workspace/LeapXELA_Hardware_ws/install/xela_server_ros2/share/xela_server_ros2/cmake/xela_server_ros2Config.cmake
-- Up-to-date: /workspace/LeapXELA_Hardware_ws/install/xela_server_ros2/share/xela_server_ros2/cmake/xela_server_ros2Config-version.cmake
-- Up-to-date: /workspace/LeapXELA_Hardware_ws/install/xela_server_ros2/share/xela_server_ros2/package.xml
