[0.983s] Invoking command in '/workspace/LeapXELA_Hardware_ws/build/xela_server_ros2': CMAKE_PREFIX_PATH=/opt/ros/humble /usr/bin/cmake --build /workspace/LeapXELA_Hardware_ws/build/xela_server_ros2 -- -j16 -l16
[1.959s] [  1%] Built target xela_server_ros2__rs
[1.959s] [  1%] Built target ament_cmake_python_copy_xela_server_ros2
[1.959s] [  3%] Built target xela_server_ros2__cpp
[1.959s] running egg_info
[1.959s] writing xela_server_ros2.egg-info/PKG-INFO
[1.959s] writing dependency_links to xela_server_ros2.egg-info/dependency_links.txt
[1.960s] writing top-level names to xela_server_ros2.egg-info/top_level.txt
[1.960s] reading manifest file 'xela_server_ros2.egg-info/SOURCES.txt'
[1.960s] writing manifest file 'xela_server_ros2.egg-info/SOURCES.txt'
[1.960s] [  3%] Built target ament_cmake_python_build_xela_server_ros2_egg
[1.960s] [35m[1mConsolidate compiler generated dependencies of target xela_server_ros2__rosidl_typesupport_cpp[0m
[1.960s] [ 14%] Built target xela_server_ros2__rosidl_typesupport_cpp
[1.961s] [35m[1mConsolidate compiler generated dependencies of target xela_server_ros2__rosidl_typesupport_introspection_cpp[0m
[1.961s] [ 25%] Built target xela_server_ros2__rosidl_typesupport_introspection_cpp
[1.962s] [35m[1mConsolidate compiler generated dependencies of target xela_server_ros2__rosidl_typesupport_fastrtps_cpp[0m
[1.962s] [ 35%] Built target xela_server_ros2__rosidl_typesupport_fastrtps_cpp
[1.962s] [35m[1mConsolidate compiler generated dependencies of target xela_server_ros2__rosidl_generator_c[0m
[1.962s] [ 46%] Built target xela_server_ros2__rosidl_generator_c
[1.962s] [35m[1mConsolidate compiler generated dependencies of target xela_server_ros2__rosidl_typesupport_fastrtps_c[0m
[1.963s] [ 57%] Built target xela_server_ros2__rosidl_typesupport_fastrtps_c
[1.963s] [35m[1mConsolidate compiler generated dependencies of target xela_server_ros2__rosidl_typesupport_c[0m
[1.963s] [ 68%] Built target xela_server_ros2__rosidl_typesupport_c
[1.963s] [35m[1mConsolidate compiler generated dependencies of target xela_server_ros2__rosidl_typesupport_introspection_c[0m
[1.963s] [ 79%] Built target xela_server_ros2__rosidl_typesupport_introspection_c
[1.963s] [ 79%] Built target xela_server_ros2
[1.983s] [ 81%] Built target xela_server_ros2__py
[2.010s] [35m[1mConsolidate compiler generated dependencies of target xela_server_ros2__rosidl_generator_py[0m
[2.030s] [ 90%] Built target xela_server_ros2__rosidl_generator_py
[2.046s] [35m[1mConsolidate compiler generated dependencies of target xela_server_ros2__rosidl_typesupport_fastrtps_c__pyext[0m
[2.068s] [ 93%] Built target xela_server_ros2__rosidl_typesupport_fastrtps_c__pyext
[2.085s] [35m[1mConsolidate compiler generated dependencies of target xela_server_ros2__rosidl_typesupport_c__pyext[0m
[2.106s] [ 96%] Built target xela_server_ros2__rosidl_typesupport_c__pyext
[2.123s] [35m[1mConsolidate compiler generated dependencies of target xela_server_ros2__rosidl_typesupport_introspection_c__pyext[0m
[2.149s] [100%] Built target xela_server_ros2__rosidl_typesupport_introspection_c__pyext
[2.584s] Invoked command in '/workspace/LeapXELA_Hardware_ws/build/xela_server_ros2' returned '0': CMAKE_PREFIX_PATH=/opt/ros/humble /usr/bin/cmake --build /workspace/LeapXELA_Hardware_ws/build/xela_server_ros2 -- -j16 -l16
[2.589s] Invoking command in '/workspace/LeapXELA_Hardware_ws/build/xela_server_ros2': CMAKE_PREFIX_PATH=/opt/ros/humble /usr/bin/cmake --install /workspace/LeapXELA_Hardware_ws/build/xela_server_ros2
[2.610s] -- Install configuration: ""
[2.611s] -- Up-to-date: /workspace/LeapXELA_Hardware_ws/install/xela_server_ros2/share/ament_index/resource_index/rosidl_interfaces/xela_server_ros2
[2.611s] -- Up-to-date: /workspace/LeapXELA_Hardware_ws/install/xela_server_ros2/include/xela_server_ros2/xela_server_ros2
[2.611s] -- Up-to-date: /workspace/LeapXELA_Hardware_ws/install/xela_server_ros2/include/xela_server_ros2/xela_server_ros2/srv
[2.611s] -- Up-to-date: /workspace/LeapXELA_Hardware_ws/install/xela_server_ros2/include/xela_server_ros2/xela_server_ros2/srv/detail
[2.611s] -- Up-to-date: /workspace/LeapXELA_Hardware_ws/install/xela_server_ros2/include/xela_server_ros2/xela_server_ros2/srv/detail/xela_sensor_stream__struct.h
[2.612s] -- Up-to-date: /workspace/LeapXELA_Hardware_ws/install/xela_server_ros2/include/xela_server_ros2/xela_server_ros2/srv/detail/xela_sensor_stream__type_support.h
[2.612s] -- Up-to-date: /workspace/LeapXELA_Hardware_ws/install/xela_server_ros2/include/xela_server_ros2/xela_server_ros2/srv/detail/xela_sensor_stream__functions.h
[2.612s] -- Up-to-date: /workspace/LeapXELA_Hardware_ws/install/xela_server_ros2/include/xela_server_ros2/xela_server_ros2/srv/detail/xela_sensor_stream__functions.c
[2.612s] -- Up-to-date: /workspace/LeapXELA_Hardware_ws/install/xela_server_ros2/include/xela_server_ros2/xela_server_ros2/srv/xela_sensor_stream.h
[2.612s] -- Up-to-date: /workspace/LeapXELA_Hardware_ws/install/xela_server_ros2/include/xela_server_ros2/xela_server_ros2/msg
[2.612s] -- Up-to-date: /workspace/LeapXELA_Hardware_ws/install/xela_server_ros2/include/xela_server_ros2/xela_server_ros2/msg/detail
[2.612s] -- Up-to-date: /workspace/LeapXELA_Hardware_ws/install/xela_server_ros2/include/xela_server_ros2/xela_server_ros2/msg/detail/forces__struct.h
[2.613s] -- Up-to-date: /workspace/LeapXELA_Hardware_ws/install/xela_server_ros2/include/xela_server_ros2/xela_server_ros2/msg/detail/taxel__functions.c
[2.613s] -- Up-to-date: /workspace/LeapXELA_Hardware_ws/install/xela_server_ros2/include/xela_server_ros2/xela_server_ros2/msg/detail/sens_stream__functions.h
[2.613s] -- Up-to-date: /workspace/LeapXELA_Hardware_ws/install/xela_server_ros2/include/xela_server_ros2/xela_server_ros2/msg/detail/forces__functions.h
[2.613s] -- Up-to-date: /workspace/LeapXELA_Hardware_ws/install/xela_server_ros2/include/xela_server_ros2/xela_server_ros2/msg/detail/sens_stream__struct.h
[2.613s] -- Up-to-date: /workspace/LeapXELA_Hardware_ws/install/xela_server_ros2/include/xela_server_ros2/xela_server_ros2/msg/detail/sensor_full__functions.c
[2.613s] -- Up-to-date: /workspace/LeapXELA_Hardware_ws/install/xela_server_ros2/include/xela_server_ros2/xela_server_ros2/msg/detail/sens_stream__type_support.h
[2.613s] -- Up-to-date: /workspace/LeapXELA_Hardware_ws/install/xela_server_ros2/include/xela_server_ros2/xela_server_ros2/msg/detail/forces__type_support.h
[2.613s] -- Up-to-date: /workspace/LeapXELA_Hardware_ws/install/xela_server_ros2/include/xela_server_ros2/xela_server_ros2/msg/detail/sensor_full__functions.h
[2.614s] -- Up-to-date: /workspace/LeapXELA_Hardware_ws/install/xela_server_ros2/include/xela_server_ros2/xela_server_ros2/msg/detail/forces__functions.c
[2.614s] -- Up-to-date: /workspace/LeapXELA_Hardware_ws/install/xela_server_ros2/include/xela_server_ros2/xela_server_ros2/msg/detail/taxel__functions.h
[2.614s] -- Up-to-date: /workspace/LeapXELA_Hardware_ws/install/xela_server_ros2/include/xela_server_ros2/xela_server_ros2/msg/detail/sens_stream__functions.c
[2.614s] -- Up-to-date: /workspace/LeapXELA_Hardware_ws/install/xela_server_ros2/include/xela_server_ros2/xela_server_ros2/msg/detail/sensor_full__type_support.h
[2.614s] -- Up-to-date: /workspace/LeapXELA_Hardware_ws/install/xela_server_ros2/include/xela_server_ros2/xela_server_ros2/msg/detail/sensor_full__struct.h
[2.614s] -- Up-to-date: /workspace/LeapXELA_Hardware_ws/install/xela_server_ros2/include/xela_server_ros2/xela_server_ros2/msg/detail/taxel__type_support.h
[2.615s] -- Up-to-date: /workspace/LeapXELA_Hardware_ws/install/xela_server_ros2/include/xela_server_ros2/xela_server_ros2/msg/detail/taxel__struct.h
[2.616s] -- Up-to-date: /workspace/LeapXELA_Hardware_ws/install/xela_server_ros2/include/xela_server_ros2/xela_server_ros2/msg/sens_stream.h
[2.616s] -- Up-to-date: /workspace/LeapXELA_Hardware_ws/install/xela_server_ros2/include/xela_server_ros2/xela_server_ros2/msg/sensor_full.h
[2.616s] -- Up-to-date: /workspace/LeapXELA_Hardware_ws/install/xela_server_ros2/include/xela_server_ros2/xela_server_ros2/msg/taxel.h
[2.616s] -- Up-to-date: /workspace/LeapXELA_Hardware_ws/install/xela_server_ros2/include/xela_server_ros2/xela_server_ros2/msg/rosidl_generator_c__visibility_control.h
[2.616s] -- Up-to-date: /workspace/LeapXELA_Hardware_ws/install/xela_server_ros2/include/xela_server_ros2/xela_server_ros2/msg/forces.h
[2.616s] -- Up-to-date: /workspace/LeapXELA_Hardware_ws/install/xela_server_ros2/share/xela_server_ros2/environment/library_path.sh
[2.617s] -- Up-to-date: /workspace/LeapXELA_Hardware_ws/install/xela_server_ros2/share/xela_server_ros2/environment/library_path.dsv
[2.617s] -- Up-to-date: /workspace/LeapXELA_Hardware_ws/install/xela_server_ros2/lib/libxela_server_ros2__rosidl_generator_c.so
[2.617s] -- Up-to-date: /workspace/LeapXELA_Hardware_ws/install/xela_server_ros2/include/xela_server_ros2/xela_server_ros2
[2.617s] -- Up-to-date: /workspace/LeapXELA_Hardware_ws/install/xela_server_ros2/include/xela_server_ros2/xela_server_ros2/srv
[2.617s] -- Up-to-date: /workspace/LeapXELA_Hardware_ws/install/xela_server_ros2/include/xela_server_ros2/xela_server_ros2/srv/detail
[2.617s] -- Up-to-date: /workspace/LeapXELA_Hardware_ws/install/xela_server_ros2/include/xela_server_ros2/xela_server_ros2/srv/detail/xela_sensor_stream__rosidl_typesupport_fastrtps_c.h
[2.617s] -- Up-to-date: /workspace/LeapXELA_Hardware_ws/install/xela_server_ros2/include/xela_server_ros2/xela_server_ros2/msg
[2.618s] -- Up-to-date: /workspace/LeapXELA_Hardware_ws/install/xela_server_ros2/include/xela_server_ros2/xela_server_ros2/msg/detail
[2.618s] -- Up-to-date: /workspace/LeapXELA_Hardware_ws/install/xela_server_ros2/include/xela_server_ros2/xela_server_ros2/msg/detail/sens_stream__rosidl_typesupport_fastrtps_c.h
[2.618s] -- Up-to-date: /workspace/LeapXELA_Hardware_ws/install/xela_server_ros2/include/xela_server_ros2/xela_server_ros2/msg/detail/taxel__rosidl_typesupport_fastrtps_c.h
[2.618s] -- Up-to-date: /workspace/LeapXELA_Hardware_ws/install/xela_server_ros2/include/xela_server_ros2/xela_server_ros2/msg/detail/forces__rosidl_typesupport_fastrtps_c.h
[2.618s] -- Up-to-date: /workspace/LeapXELA_Hardware_ws/install/xela_server_ros2/include/xela_server_ros2/xela_server_ros2/msg/detail/sensor_full__rosidl_typesupport_fastrtps_c.h
[2.618s] -- Up-to-date: /workspace/LeapXELA_Hardware_ws/install/xela_server_ros2/include/xela_server_ros2/xela_server_ros2/msg/rosidl_typesupport_fastrtps_c__visibility_control.h
[2.619s] -- Up-to-date: /workspace/LeapXELA_Hardware_ws/install/xela_server_ros2/lib/libxela_server_ros2__rosidl_typesupport_fastrtps_c.so
[2.619s] -- Up-to-date: /workspace/LeapXELA_Hardware_ws/install/xela_server_ros2/include/xela_server_ros2/xela_server_ros2
[2.620s] -- Up-to-date: /workspace/LeapXELA_Hardware_ws/install/xela_server_ros2/include/xela_server_ros2/xela_server_ros2/srv
[2.620s] -- Up-to-date: /workspace/LeapXELA_Hardware_ws/install/xela_server_ros2/include/xela_server_ros2/xela_server_ros2/srv/detail
[2.623s] -- Up-to-date: /workspace/LeapXELA_Hardware_ws/install/xela_server_ros2/include/xela_server_ros2/xela_server_ros2/srv/detail/xela_sensor_stream__traits.hpp
[2.624s] -- Up-to-date: /workspace/LeapXELA_Hardware_ws/install/xela_server_ros2/include/xela_server_ros2/xela_server_ros2/srv/detail/xela_sensor_stream__struct.hpp
[2.625s] -- Up-to-date: /workspace/LeapXELA_Hardware_ws/install/xela_server_ros2/include/xela_server_ros2/xela_server_ros2/srv/detail/xela_sensor_stream__builder.hpp
[2.625s] -- Up-to-date: /workspace/LeapXELA_Hardware_ws/install/xela_server_ros2/include/xela_server_ros2/xela_server_ros2/srv/detail/xela_sensor_stream__type_support.hpp
[2.625s] -- Up-to-date: /workspace/LeapXELA_Hardware_ws/install/xela_server_ros2/include/xela_server_ros2/xela_server_ros2/srv/xela_sensor_stream.hpp
[2.625s] -- Up-to-date: /workspace/LeapXELA_Hardware_ws/install/xela_server_ros2/include/xela_server_ros2/xela_server_ros2/msg
[2.625s] -- Up-to-date: /workspace/LeapXELA_Hardware_ws/install/xela_server_ros2/include/xela_server_ros2/xela_server_ros2/msg/detail
[2.625s] -- Up-to-date: /workspace/LeapXELA_Hardware_ws/install/xela_server_ros2/include/xela_server_ros2/xela_server_ros2/msg/detail/forces__type_support.hpp
[2.625s] -- Up-to-date: /workspace/LeapXELA_Hardware_ws/install/xela_server_ros2/include/xela_server_ros2/xela_server_ros2/msg/detail/forces__struct.hpp
[2.626s] -- Up-to-date: /workspace/LeapXELA_Hardware_ws/install/xela_server_ros2/include/xela_server_ros2/xela_server_ros2/msg/detail/sensor_full__type_support.hpp
[2.626s] -- Up-to-date: /workspace/LeapXELA_Hardware_ws/install/xela_server_ros2/include/xela_server_ros2/xela_server_ros2/msg/detail/taxel__struct.hpp
[2.626s] -- Up-to-date: /workspace/LeapXELA_Hardware_ws/install/xela_server_ros2/include/xela_server_ros2/xela_server_ros2/msg/detail/sens_stream__builder.hpp
[2.626s] -- Up-to-date: /workspace/LeapXELA_Hardware_ws/install/xela_server_ros2/include/xela_server_ros2/xela_server_ros2/msg/detail/taxel__builder.hpp
[2.626s] -- Up-to-date: /workspace/LeapXELA_Hardware_ws/install/xela_server_ros2/include/xela_server_ros2/xela_server_ros2/msg/detail/sens_stream__traits.hpp
[2.626s] -- Up-to-date: /workspace/LeapXELA_Hardware_ws/install/xela_server_ros2/include/xela_server_ros2/xela_server_ros2/msg/detail/forces__builder.hpp
[2.626s] -- Up-to-date: /workspace/LeapXELA_Hardware_ws/install/xela_server_ros2/include/xela_server_ros2/xela_server_ros2/msg/detail/sensor_full__struct.hpp
[2.626s] -- Up-to-date: /workspace/LeapXELA_Hardware_ws/install/xela_server_ros2/include/xela_server_ros2/xela_server_ros2/msg/detail/sensor_full__traits.hpp
[2.626s] -- Up-to-date: /workspace/LeapXELA_Hardware_ws/install/xela_server_ros2/include/xela_server_ros2/xela_server_ros2/msg/detail/forces__traits.hpp
[2.626s] -- Up-to-date: /workspace/LeapXELA_Hardware_ws/install/xela_server_ros2/include/xela_server_ros2/xela_server_ros2/msg/detail/taxel__traits.hpp
[2.627s] -- Up-to-date: /workspace/LeapXELA_Hardware_ws/install/xela_server_ros2/include/xela_server_ros2/xela_server_ros2/msg/detail/sens_stream__struct.hpp
[2.627s] -- Up-to-date: /workspace/LeapXELA_Hardware_ws/install/xela_server_ros2/include/xela_server_ros2/xela_server_ros2/msg/detail/taxel__type_support.hpp
[2.627s] -- Up-to-date: /workspace/LeapXELA_Hardware_ws/install/xela_server_ros2/include/xela_server_ros2/xela_server_ros2/msg/detail/sens_stream__type_support.hpp
[2.627s] -- Up-to-date: /workspace/LeapXELA_Hardware_ws/install/xela_server_ros2/include/xela_server_ros2/xela_server_ros2/msg/detail/sensor_full__builder.hpp
[2.627s] -- Up-to-date: /workspace/LeapXELA_Hardware_ws/install/xela_server_ros2/include/xela_server_ros2/xela_server_ros2/msg/forces.hpp
[2.627s] -- Up-to-date: /workspace/LeapXELA_Hardware_ws/install/xela_server_ros2/include/xela_server_ros2/xela_server_ros2/msg/sensor_full.hpp
[2.627s] -- Up-to-date: /workspace/LeapXELA_Hardware_ws/install/xela_server_ros2/include/xela_server_ros2/xela_server_ros2/msg/rosidl_generator_cpp__visibility_control.hpp
[2.627s] -- Up-to-date: /workspace/LeapXELA_Hardware_ws/install/xela_server_ros2/include/xela_server_ros2/xela_server_ros2/msg/taxel.hpp
[2.627s] -- Up-to-date: /workspace/LeapXELA_Hardware_ws/install/xela_server_ros2/include/xela_server_ros2/xela_server_ros2/msg/sens_stream.hpp
[2.627s] -- Up-to-date: /workspace/LeapXELA_Hardware_ws/install/xela_server_ros2/include/xela_server_ros2/xela_server_ros2
[2.628s] -- Up-to-date: /workspace/LeapXELA_Hardware_ws/install/xela_server_ros2/include/xela_server_ros2/xela_server_ros2/srv
[2.628s] -- Up-to-date: /workspace/LeapXELA_Hardware_ws/install/xela_server_ros2/include/xela_server_ros2/xela_server_ros2/srv/detail
[2.628s] -- Up-to-date: /workspace/LeapXELA_Hardware_ws/install/xela_server_ros2/include/xela_server_ros2/xela_server_ros2/srv/detail/xela_sensor_stream__rosidl_typesupport_fastrtps_cpp.hpp
[2.628s] -- Up-to-date: /workspace/LeapXELA_Hardware_ws/install/xela_server_ros2/include/xela_server_ros2/xela_server_ros2/srv/detail/dds_fastrtps
[2.628s] -- Up-to-date: /workspace/LeapXELA_Hardware_ws/install/xela_server_ros2/include/xela_server_ros2/xela_server_ros2/msg
[2.628s] -- Up-to-date: /workspace/LeapXELA_Hardware_ws/install/xela_server_ros2/include/xela_server_ros2/xela_server_ros2/msg/detail
[2.628s] -- Up-to-date: /workspace/LeapXELA_Hardware_ws/install/xela_server_ros2/include/xela_server_ros2/xela_server_ros2/msg/detail/sens_stream__rosidl_typesupport_fastrtps_cpp.hpp
[2.628s] -- Up-to-date: /workspace/LeapXELA_Hardware_ws/install/xela_server_ros2/include/xela_server_ros2/xela_server_ros2/msg/detail/sensor_full__rosidl_typesupport_fastrtps_cpp.hpp
[2.628s] -- Up-to-date: /workspace/LeapXELA_Hardware_ws/install/xela_server_ros2/include/xela_server_ros2/xela_server_ros2/msg/detail/forces__rosidl_typesupport_fastrtps_cpp.hpp
[2.628s] -- Up-to-date: /workspace/LeapXELA_Hardware_ws/install/xela_server_ros2/include/xela_server_ros2/xela_server_ros2/msg/detail/taxel__rosidl_typesupport_fastrtps_cpp.hpp
[2.629s] -- Up-to-date: /workspace/LeapXELA_Hardware_ws/install/xela_server_ros2/include/xela_server_ros2/xela_server_ros2/msg/detail/dds_fastrtps
[2.629s] -- Up-to-date: /workspace/LeapXELA_Hardware_ws/install/xela_server_ros2/include/xela_server_ros2/xela_server_ros2/msg/rosidl_typesupport_fastrtps_cpp__visibility_control.h
[2.629s] -- Up-to-date: /workspace/LeapXELA_Hardware_ws/install/xela_server_ros2/lib/libxela_server_ros2__rosidl_typesupport_fastrtps_cpp.so
[2.629s] -- Up-to-date: /workspace/LeapXELA_Hardware_ws/install/xela_server_ros2/include/xela_server_ros2/xela_server_ros2
[2.629s] -- Up-to-date: /workspace/LeapXELA_Hardware_ws/install/xela_server_ros2/include/xela_server_ros2/xela_server_ros2/srv
[2.629s] -- Up-to-date: /workspace/LeapXELA_Hardware_ws/install/xela_server_ros2/include/xela_server_ros2/xela_server_ros2/srv/detail
[2.629s] -- Up-to-date: /workspace/LeapXELA_Hardware_ws/install/xela_server_ros2/include/xela_server_ros2/xela_server_ros2/srv/detail/xela_sensor_stream__type_support.c
[2.630s] -- Up-to-date: /workspace/LeapXELA_Hardware_ws/install/xela_server_ros2/include/xela_server_ros2/xela_server_ros2/srv/detail/xela_sensor_stream__rosidl_typesupport_introspection_c.h
[2.630s] -- Up-to-date: /workspace/LeapXELA_Hardware_ws/install/xela_server_ros2/include/xela_server_ros2/xela_server_ros2/msg
[2.630s] -- Up-to-date: /workspace/LeapXELA_Hardware_ws/install/xela_server_ros2/include/xela_server_ros2/xela_server_ros2/msg/detail
[2.630s] -- Up-to-date: /workspace/LeapXELA_Hardware_ws/install/xela_server_ros2/include/xela_server_ros2/xela_server_ros2/msg/detail/taxel__rosidl_typesupport_introspection_c.h
[2.630s] -- Up-to-date: /workspace/LeapXELA_Hardware_ws/install/xela_server_ros2/include/xela_server_ros2/xela_server_ros2/msg/detail/sensor_full__rosidl_typesupport_introspection_c.h
[2.630s] -- Up-to-date: /workspace/LeapXELA_Hardware_ws/install/xela_server_ros2/include/xela_server_ros2/xela_server_ros2/msg/detail/sens_stream__rosidl_typesupport_introspection_c.h
[2.631s] -- Up-to-date: /workspace/LeapXELA_Hardware_ws/install/xela_server_ros2/include/xela_server_ros2/xela_server_ros2/msg/detail/forces__type_support.c
[2.631s] -- Up-to-date: /workspace/LeapXELA_Hardware_ws/install/xela_server_ros2/include/xela_server_ros2/xela_server_ros2/msg/detail/forces__rosidl_typesupport_introspection_c.h
[2.631s] -- Up-to-date: /workspace/LeapXELA_Hardware_ws/install/xela_server_ros2/include/xela_server_ros2/xela_server_ros2/msg/detail/sensor_full__type_support.c
[2.631s] -- Up-to-date: /workspace/LeapXELA_Hardware_ws/install/xela_server_ros2/include/xela_server_ros2/xela_server_ros2/msg/detail/sens_stream__type_support.c
[2.631s] -- Up-to-date: /workspace/LeapXELA_Hardware_ws/install/xela_server_ros2/include/xela_server_ros2/xela_server_ros2/msg/detail/taxel__type_support.c
[2.631s] -- Up-to-date: /workspace/LeapXELA_Hardware_ws/install/xela_server_ros2/include/xela_server_ros2/xela_server_ros2/msg/rosidl_typesupport_introspection_c__visibility_control.h
[2.631s] -- Up-to-date: /workspace/LeapXELA_Hardware_ws/install/xela_server_ros2/lib/libxela_server_ros2__rosidl_typesupport_introspection_c.so
[2.631s] -- Up-to-date: /workspace/LeapXELA_Hardware_ws/install/xela_server_ros2/lib/libxela_server_ros2__rosidl_typesupport_c.so
[2.631s] -- Up-to-date: /workspace/LeapXELA_Hardware_ws/install/xela_server_ros2/include/xela_server_ros2/xela_server_ros2
[2.631s] -- Up-to-date: /workspace/LeapXELA_Hardware_ws/install/xela_server_ros2/include/xela_server_ros2/xela_server_ros2/srv
[2.631s] -- Up-to-date: /workspace/LeapXELA_Hardware_ws/install/xela_server_ros2/include/xela_server_ros2/xela_server_ros2/srv/detail
[2.632s] -- Up-to-date: /workspace/LeapXELA_Hardware_ws/install/xela_server_ros2/include/xela_server_ros2/xela_server_ros2/srv/detail/xela_sensor_stream__type_support.cpp
[2.632s] -- Up-to-date: /workspace/LeapXELA_Hardware_ws/install/xela_server_ros2/include/xela_server_ros2/xela_server_ros2/srv/detail/xela_sensor_stream__rosidl_typesupport_introspection_cpp.hpp
[2.632s] -- Up-to-date: /workspace/LeapXELA_Hardware_ws/install/xela_server_ros2/include/xela_server_ros2/xela_server_ros2/msg
[2.632s] -- Up-to-date: /workspace/LeapXELA_Hardware_ws/install/xela_server_ros2/include/xela_server_ros2/xela_server_ros2/msg/detail
[2.632s] -- Up-to-date: /workspace/LeapXELA_Hardware_ws/install/xela_server_ros2/include/xela_server_ros2/xela_server_ros2/msg/detail/taxel__type_support.cpp
[2.632s] -- Up-to-date: /workspace/LeapXELA_Hardware_ws/install/xela_server_ros2/include/xela_server_ros2/xela_server_ros2/msg/detail/sens_stream__rosidl_typesupport_introspection_cpp.hpp
[2.632s] -- Up-to-date: /workspace/LeapXELA_Hardware_ws/install/xela_server_ros2/include/xela_server_ros2/xela_server_ros2/msg/detail/sensor_full__rosidl_typesupport_introspection_cpp.hpp
[2.632s] -- Up-to-date: /workspace/LeapXELA_Hardware_ws/install/xela_server_ros2/include/xela_server_ros2/xela_server_ros2/msg/detail/taxel__rosidl_typesupport_introspection_cpp.hpp
[2.632s] -- Up-to-date: /workspace/LeapXELA_Hardware_ws/install/xela_server_ros2/include/xela_server_ros2/xela_server_ros2/msg/detail/forces__rosidl_typesupport_introspection_cpp.hpp
[2.632s] -- Up-to-date: /workspace/LeapXELA_Hardware_ws/install/xela_server_ros2/include/xela_server_ros2/xela_server_ros2/msg/detail/sensor_full__type_support.cpp
[2.633s] -- Up-to-date: /workspace/LeapXELA_Hardware_ws/install/xela_server_ros2/include/xela_server_ros2/xela_server_ros2/msg/detail/forces__type_support.cpp
[2.633s] -- Up-to-date: /workspace/LeapXELA_Hardware_ws/install/xela_server_ros2/include/xela_server_ros2/xela_server_ros2/msg/detail/sens_stream__type_support.cpp
[2.633s] -- Up-to-date: /workspace/LeapXELA_Hardware_ws/install/xela_server_ros2/lib/libxela_server_ros2__rosidl_typesupport_introspection_cpp.so
[2.633s] -- Up-to-date: /workspace/LeapXELA_Hardware_ws/install/xela_server_ros2/lib/libxela_server_ros2__rosidl_typesupport_cpp.so
[2.633s] -- Up-to-date: /workspace/LeapXELA_Hardware_ws/install/xela_server_ros2/share/xela_server_ros2/environment/pythonpath.sh
[2.633s] -- Up-to-date: /workspace/LeapXELA_Hardware_ws/install/xela_server_ros2/share/xela_server_ros2/environment/pythonpath.dsv
[2.633s] -- Up-to-date: /workspace/LeapXELA_Hardware_ws/install/xela_server_ros2/local/lib/python3.10/dist-packages/xela_server_ros2-1.5.0-py3.10.egg-info
[2.633s] -- Installing: /workspace/LeapXELA_Hardware_ws/install/xela_server_ros2/local/lib/python3.10/dist-packages/xela_server_ros2-1.5.0-py3.10.egg-info/dependency_links.txt
[2.633s] -- Installing: /workspace/LeapXELA_Hardware_ws/install/xela_server_ros2/local/lib/python3.10/dist-packages/xela_server_ros2-1.5.0-py3.10.egg-info/SOURCES.txt
[2.634s] -- Installing: /workspace/LeapXELA_Hardware_ws/install/xela_server_ros2/local/lib/python3.10/dist-packages/xela_server_ros2-1.5.0-py3.10.egg-info/PKG-INFO
[2.634s] -- Installing: /workspace/LeapXELA_Hardware_ws/install/xela_server_ros2/local/lib/python3.10/dist-packages/xela_server_ros2-1.5.0-py3.10.egg-info/top_level.txt
[2.634s] -- Up-to-date: /workspace/LeapXELA_Hardware_ws/install/xela_server_ros2/local/lib/python3.10/dist-packages/xela_server_ros2
[2.634s] -- Up-to-date: /workspace/LeapXELA_Hardware_ws/install/xela_server_ros2/local/lib/python3.10/dist-packages/xela_server_ros2/__init__.py
[2.634s] -- Up-to-date: /workspace/LeapXELA_Hardware_ws/install/xela_server_ros2/local/lib/python3.10/dist-packages/xela_server_ros2/_xela_server_ros2_s.ep.rosidl_typesupport_c.c
[2.634s] -- Up-to-date: /workspace/LeapXELA_Hardware_ws/install/xela_server_ros2/local/lib/python3.10/dist-packages/xela_server_ros2/xela_server_ros2_s__rosidl_typesupport_c.cpython-310-x86_64-linux-gnu.so
[2.634s] -- Up-to-date: /workspace/LeapXELA_Hardware_ws/install/xela_server_ros2/local/lib/python3.10/dist-packages/xela_server_ros2/xela_server_ros2_s__rosidl_typesupport_fastrtps_c.cpython-310-x86_64-linux-gnu.so
[2.634s] -- Up-to-date: /workspace/LeapXELA_Hardware_ws/install/xela_server_ros2/local/lib/python3.10/dist-packages/xela_server_ros2/_xela_server_ros2_s.ep.rosidl_typesupport_introspection_c.c
[2.634s] -- Up-to-date: /workspace/LeapXELA_Hardware_ws/install/xela_server_ros2/local/lib/python3.10/dist-packages/xela_server_ros2/libxela_server_ros2__rosidl_generator_py.so
[2.635s] -- Up-to-date: /workspace/LeapXELA_Hardware_ws/install/xela_server_ros2/local/lib/python3.10/dist-packages/xela_server_ros2/_xela_server_ros2_s.ep.rosidl_typesupport_fastrtps_c.c
[2.635s] -- Up-to-date: /workspace/LeapXELA_Hardware_ws/install/xela_server_ros2/local/lib/python3.10/dist-packages/xela_server_ros2/srv
[2.635s] -- Up-to-date: /workspace/LeapXELA_Hardware_ws/install/xela_server_ros2/local/lib/python3.10/dist-packages/xela_server_ros2/srv/__init__.py
[2.635s] -- Up-to-date: /workspace/LeapXELA_Hardware_ws/install/xela_server_ros2/local/lib/python3.10/dist-packages/xela_server_ros2/srv/_xela_sensor_stream_s.c
[2.635s] -- Up-to-date: /workspace/LeapXELA_Hardware_ws/install/xela_server_ros2/local/lib/python3.10/dist-packages/xela_server_ros2/srv/_xela_sensor_stream.py
[2.635s] -- Up-to-date: /workspace/LeapXELA_Hardware_ws/install/xela_server_ros2/local/lib/python3.10/dist-packages/xela_server_ros2/xela_server_ros2_s__rosidl_typesupport_introspection_c.cpython-310-x86_64-linux-gnu.so
[2.635s] -- Up-to-date: /workspace/LeapXELA_Hardware_ws/install/xela_server_ros2/local/lib/python3.10/dist-packages/xela_server_ros2/msg
[2.635s] -- Up-to-date: /workspace/LeapXELA_Hardware_ws/install/xela_server_ros2/local/lib/python3.10/dist-packages/xela_server_ros2/msg/_taxel_s.c
[2.635s] -- Up-to-date: /workspace/LeapXELA_Hardware_ws/install/xela_server_ros2/local/lib/python3.10/dist-packages/xela_server_ros2/msg/__init__.py
[2.635s] -- Up-to-date: /workspace/LeapXELA_Hardware_ws/install/xela_server_ros2/local/lib/python3.10/dist-packages/xela_server_ros2/msg/_sens_stream.py
[2.636s] -- Up-to-date: /workspace/LeapXELA_Hardware_ws/install/xela_server_ros2/local/lib/python3.10/dist-packages/xela_server_ros2/msg/_forces.py
[2.636s] -- Up-to-date: /workspace/LeapXELA_Hardware_ws/install/xela_server_ros2/local/lib/python3.10/dist-packages/xela_server_ros2/msg/_sensor_full_s.c
[2.636s] -- Up-to-date: /workspace/LeapXELA_Hardware_ws/install/xela_server_ros2/local/lib/python3.10/dist-packages/xela_server_ros2/msg/_sens_stream_s.c
[2.636s] -- Up-to-date: /workspace/LeapXELA_Hardware_ws/install/xela_server_ros2/local/lib/python3.10/dist-packages/xela_server_ros2/msg/_sensor_full.py
[2.636s] -- Up-to-date: /workspace/LeapXELA_Hardware_ws/install/xela_server_ros2/local/lib/python3.10/dist-packages/xela_server_ros2/msg/_forces_s.c
[2.636s] -- Up-to-date: /workspace/LeapXELA_Hardware_ws/install/xela_server_ros2/local/lib/python3.10/dist-packages/xela_server_ros2/msg/_taxel.py
[2.675s] Listing '/workspace/LeapXELA_Hardware_ws/install/xela_server_ros2/local/lib/python3.10/dist-packages/xela_server_ros2'...
[2.676s] Listing '/workspace/LeapXELA_Hardware_ws/install/xela_server_ros2/local/lib/python3.10/dist-packages/xela_server_ros2/msg'...
[2.676s] Listing '/workspace/LeapXELA_Hardware_ws/install/xela_server_ros2/local/lib/python3.10/dist-packages/xela_server_ros2/srv'...
[2.684s] -- Up-to-date: /workspace/LeapXELA_Hardware_ws/install/xela_server_ros2/local/lib/python3.10/dist-packages/xela_server_ros2/xela_server_ros2_s__rosidl_typesupport_fastrtps_c.cpython-310-x86_64-linux-gnu.so
[2.684s] -- Up-to-date: /workspace/LeapXELA_Hardware_ws/install/xela_server_ros2/local/lib/python3.10/dist-packages/xela_server_ros2/xela_server_ros2_s__rosidl_typesupport_introspection_c.cpython-310-x86_64-linux-gnu.so
[2.685s] -- Up-to-date: /workspace/LeapXELA_Hardware_ws/install/xela_server_ros2/local/lib/python3.10/dist-packages/xela_server_ros2/xela_server_ros2_s__rosidl_typesupport_c.cpython-310-x86_64-linux-gnu.so
[2.685s] -- Up-to-date: /workspace/LeapXELA_Hardware_ws/install/xela_server_ros2/lib/libxela_server_ros2__rosidl_generator_py.so
[2.687s] -- Up-to-date: /workspace/LeapXELA_Hardware_ws/install/xela_server_ros2/share/ament_index/resource_index/rust_packages/xela_server_ros2
[2.687s] -- Up-to-date: /workspace/LeapXELA_Hardware_ws/install/xela_server_ros2/share/xela_server_ros2/rust
[2.687s] -- Up-to-date: /workspace/LeapXELA_Hardware_ws/install/xela_server_ros2/share/xela_server_ros2/rust/Cargo.toml
[2.688s] -- Up-to-date: /workspace/LeapXELA_Hardware_ws/install/xela_server_ros2/share/xela_server_ros2/rust/src
[2.688s] -- Up-to-date: /workspace/LeapXELA_Hardware_ws/install/xela_server_ros2/share/xela_server_ros2/rust/src/lib.rs
[2.688s] -- Up-to-date: /workspace/LeapXELA_Hardware_ws/install/xela_server_ros2/share/xela_server_ros2/rust/src/msg.rs
[2.688s] -- Up-to-date: /workspace/LeapXELA_Hardware_ws/install/xela_server_ros2/share/xela_server_ros2/rust/src/srv
[2.688s] -- Up-to-date: /workspace/LeapXELA_Hardware_ws/install/xela_server_ros2/share/xela_server_ros2/rust/src/srv/rmw.rs
[2.689s] -- Up-to-date: /workspace/LeapXELA_Hardware_ws/install/xela_server_ros2/share/xela_server_ros2/rust/src/msg
[2.689s] -- Up-to-date: /workspace/LeapXELA_Hardware_ws/install/xela_server_ros2/share/xela_server_ros2/rust/src/msg/rmw.rs
[2.689s] -- Up-to-date: /workspace/LeapXELA_Hardware_ws/install/xela_server_ros2/share/xela_server_ros2/rust/src/srv.rs
[2.689s] -- Up-to-date: /workspace/LeapXELA_Hardware_ws/install/xela_server_ros2/share/xela_server_ros2/rust/build.rs
[2.690s] -- Up-to-date: /workspace/LeapXELA_Hardware_ws/install/xela_server_ros2/share/xela_server_ros2/msg/SensorFull.idl
[2.690s] -- Up-to-date: /workspace/LeapXELA_Hardware_ws/install/xela_server_ros2/share/xela_server_ros2/msg/SensStream.idl
[2.690s] -- Up-to-date: /workspace/LeapXELA_Hardware_ws/install/xela_server_ros2/share/xela_server_ros2/msg/Taxel.idl
[2.690s] -- Up-to-date: /workspace/LeapXELA_Hardware_ws/install/xela_server_ros2/share/xela_server_ros2/msg/Forces.idl
[2.691s] -- Up-to-date: /workspace/LeapXELA_Hardware_ws/install/xela_server_ros2/share/xela_server_ros2/srv/XelaSensorStream.idl
[2.691s] -- Up-to-date: /workspace/LeapXELA_Hardware_ws/install/xela_server_ros2/share/xela_server_ros2/msg/SensorFull.msg
[2.691s] -- Up-to-date: /workspace/LeapXELA_Hardware_ws/install/xela_server_ros2/share/xela_server_ros2/msg/SensStream.msg
[2.691s] -- Up-to-date: /workspace/LeapXELA_Hardware_ws/install/xela_server_ros2/share/xela_server_ros2/msg/Taxel.msg
[2.691s] -- Up-to-date: /workspace/LeapXELA_Hardware_ws/install/xela_server_ros2/share/xela_server_ros2/msg/Forces.msg
[2.691s] -- Up-to-date: /workspace/LeapXELA_Hardware_ws/install/xela_server_ros2/share/xela_server_ros2/srv/XelaSensorStream.srv
[2.692s] -- Up-to-date: /workspace/LeapXELA_Hardware_ws/install/xela_server_ros2/share/xela_server_ros2/srv/XelaSensorStream_Request.msg
[2.692s] -- Up-to-date: /workspace/LeapXELA_Hardware_ws/install/xela_server_ros2/share/xela_server_ros2/srv/XelaSensorStream_Response.msg
[2.692s] -- Up-to-date: /workspace/LeapXELA_Hardware_ws/install/xela_server_ros2/lib/xela_server_ros2/xela_server
[2.692s] -- Up-to-date: /workspace/LeapXELA_Hardware_ws/install/xela_server_ros2/lib/xela_server_ros2/xela_service
[2.692s] -- Up-to-date: /workspace/LeapXELA_Hardware_ws/install/xela_server_ros2/share/xela_server_ros2
[2.693s] -- Up-to-date: /workspace/LeapXELA_Hardware_ws/install/xela_server_ros2/share/xela_server_ros2/service.launch
[2.693s] -- Up-to-date: /workspace/LeapXELA_Hardware_ws/install/xela_server_ros2/share/ament_index/resource_index/package_run_dependencies/xela_server_ros2
[2.693s] -- Up-to-date: /workspace/LeapXELA_Hardware_ws/install/xela_server_ros2/share/ament_index/resource_index/parent_prefix_path/xela_server_ros2
[2.694s] -- Up-to-date: /workspace/LeapXELA_Hardware_ws/install/xela_server_ros2/share/xela_server_ros2/environment/ament_prefix_path.sh
[2.695s] -- Up-to-date: /workspace/LeapXELA_Hardware_ws/install/xela_server_ros2/share/xela_server_ros2/environment/ament_prefix_path.dsv
[2.695s] -- Up-to-date: /workspace/LeapXELA_Hardware_ws/install/xela_server_ros2/share/xela_server_ros2/environment/path.sh
[2.695s] -- Up-to-date: /workspace/LeapXELA_Hardware_ws/install/xela_server_ros2/share/xela_server_ros2/environment/path.dsv
[2.695s] -- Up-to-date: /workspace/LeapXELA_Hardware_ws/install/xela_server_ros2/share/xela_server_ros2/local_setup.bash
[2.695s] -- Up-to-date: /workspace/LeapXELA_Hardware_ws/install/xela_server_ros2/share/xela_server_ros2/local_setup.sh
[2.695s] -- Up-to-date: /workspace/LeapXELA_Hardware_ws/install/xela_server_ros2/share/xela_server_ros2/local_setup.zsh
[2.695s] -- Up-to-date: /workspace/LeapXELA_Hardware_ws/install/xela_server_ros2/share/xela_server_ros2/local_setup.dsv
[2.697s] -- Installing: /workspace/LeapXELA_Hardware_ws/install/xela_server_ros2/share/xela_server_ros2/package.dsv
[2.697s] -- Up-to-date: /workspace/LeapXELA_Hardware_ws/install/xela_server_ros2/share/ament_index/resource_index/packages/xela_server_ros2
[2.697s] -- Up-to-date: /workspace/LeapXELA_Hardware_ws/install/xela_server_ros2/share/xela_server_ros2/cmake/export_xela_server_ros2__rosidl_generator_cExport.cmake
[2.698s] -- Up-to-date: /workspace/LeapXELA_Hardware_ws/install/xela_server_ros2/share/xela_server_ros2/cmake/export_xela_server_ros2__rosidl_generator_cExport-noconfig.cmake
[2.698s] -- Up-to-date: /workspace/LeapXELA_Hardware_ws/install/xela_server_ros2/share/xela_server_ros2/cmake/export_xela_server_ros2__rosidl_typesupport_fastrtps_cExport.cmake
[2.698s] -- Up-to-date: /workspace/LeapXELA_Hardware_ws/install/xela_server_ros2/share/xela_server_ros2/cmake/export_xela_server_ros2__rosidl_typesupport_fastrtps_cExport-noconfig.cmake
[2.698s] -- Up-to-date: /workspace/LeapXELA_Hardware_ws/install/xela_server_ros2/share/xela_server_ros2/cmake/export_xela_server_ros2__rosidl_generator_cppExport.cmake
[2.698s] -- Up-to-date: /workspace/LeapXELA_Hardware_ws/install/xela_server_ros2/share/xela_server_ros2/cmake/export_xela_server_ros2__rosidl_typesupport_fastrtps_cppExport.cmake
[2.699s] -- Up-to-date: /workspace/LeapXELA_Hardware_ws/install/xela_server_ros2/share/xela_server_ros2/cmake/export_xela_server_ros2__rosidl_typesupport_fastrtps_cppExport-noconfig.cmake
[2.699s] -- Up-to-date: /workspace/LeapXELA_Hardware_ws/install/xela_server_ros2/share/xela_server_ros2/cmake/xela_server_ros2__rosidl_typesupport_introspection_cExport.cmake
[2.699s] -- Up-to-date: /workspace/LeapXELA_Hardware_ws/install/xela_server_ros2/share/xela_server_ros2/cmake/xela_server_ros2__rosidl_typesupport_introspection_cExport-noconfig.cmake
[2.700s] -- Up-to-date: /workspace/LeapXELA_Hardware_ws/install/xela_server_ros2/share/xela_server_ros2/cmake/xela_server_ros2__rosidl_typesupport_cExport.cmake
[2.700s] -- Up-to-date: /workspace/LeapXELA_Hardware_ws/install/xela_server_ros2/share/xela_server_ros2/cmake/xela_server_ros2__rosidl_typesupport_cExport-noconfig.cmake
[2.700s] -- Up-to-date: /workspace/LeapXELA_Hardware_ws/install/xela_server_ros2/share/xela_server_ros2/cmake/xela_server_ros2__rosidl_typesupport_introspection_cppExport.cmake
[2.700s] -- Up-to-date: /workspace/LeapXELA_Hardware_ws/install/xela_server_ros2/share/xela_server_ros2/cmake/xela_server_ros2__rosidl_typesupport_introspection_cppExport-noconfig.cmake
[2.701s] -- Up-to-date: /workspace/LeapXELA_Hardware_ws/install/xela_server_ros2/share/xela_server_ros2/cmake/xela_server_ros2__rosidl_typesupport_cppExport.cmake
[2.702s] -- Up-to-date: /workspace/LeapXELA_Hardware_ws/install/xela_server_ros2/share/xela_server_ros2/cmake/xela_server_ros2__rosidl_typesupport_cppExport-noconfig.cmake
[2.702s] -- Up-to-date: /workspace/LeapXELA_Hardware_ws/install/xela_server_ros2/share/xela_server_ros2/cmake/export_xela_server_ros2__rosidl_generator_pyExport.cmake
[2.702s] -- Up-to-date: /workspace/LeapXELA_Hardware_ws/install/xela_server_ros2/share/xela_server_ros2/cmake/export_xela_server_ros2__rosidl_generator_pyExport-noconfig.cmake
[2.702s] -- Up-to-date: /workspace/LeapXELA_Hardware_ws/install/xela_server_ros2/share/xela_server_ros2/cmake/rosidl_cmake-extras.cmake
[2.703s] -- Up-to-date: /workspace/LeapXELA_Hardware_ws/install/xela_server_ros2/share/xela_server_ros2/cmake/ament_cmake_export_dependencies-extras.cmake
[2.703s] -- Up-to-date: /workspace/LeapXELA_Hardware_ws/install/xela_server_ros2/share/xela_server_ros2/cmake/ament_cmake_export_include_directories-extras.cmake
[2.703s] -- Up-to-date: /workspace/LeapXELA_Hardware_ws/install/xela_server_ros2/share/xela_server_ros2/cmake/ament_cmake_export_libraries-extras.cmake
[2.703s] -- Up-to-date: /workspace/LeapXELA_Hardware_ws/install/xela_server_ros2/share/xela_server_ros2/cmake/ament_cmake_export_targets-extras.cmake
[2.703s] -- Up-to-date: /workspace/LeapXELA_Hardware_ws/install/xela_server_ros2/share/xela_server_ros2/cmake/rosidl_cmake_export_typesupport_targets-extras.cmake
[2.703s] -- Up-to-date: /workspace/LeapXELA_Hardware_ws/install/xela_server_ros2/share/xela_server_ros2/cmake/rosidl_cmake_export_typesupport_libraries-extras.cmake
[2.704s] -- Up-to-date: /workspace/LeapXELA_Hardware_ws/install/xela_server_ros2/share/xela_server_ros2/cmake/xela_server_ros2Config.cmake
[2.704s] -- Up-to-date: /workspace/LeapXELA_Hardware_ws/install/xela_server_ros2/share/xela_server_ros2/cmake/xela_server_ros2Config-version.cmake
[2.704s] -- Up-to-date: /workspace/LeapXELA_Hardware_ws/install/xela_server_ros2/share/xela_server_ros2/package.xml
[2.704s] Invoked command in '/workspace/LeapXELA_Hardware_ws/build/xela_server_ros2' returned '0': CMAKE_PREFIX_PATH=/opt/ros/humble /usr/bin/cmake --install /workspace/LeapXELA_Hardware_ws/build/xela_server_ros2
