[0.024s] Invoking command in '/workspace/xela_ws/LeapXELA_Hardware_ws/ros_ws/src/build/leap_hand': /usr/bin/cmake /workspace/xela_ws/LeapXELA_Hardware_ws/ros_ws/src/LEAP_Hand_API/ros2_module -DCMAKE_INSTALL_PREFIX=/workspace/xela_ws/LeapXELA_Hardware_ws/ros_ws/src/install/leap_hand
[0.064s] [31mCMake Error at CMakeLists.txt:5 (find_package):
[0.066s]   By not providing "Findament_cmake.cmake" in CMAKE_MODULE_PATH this project
[0.067s]   has asked CMake to find a package configuration file provided by
[0.067s]   "ament_cmake", but CMake did not find one.
[0.067s] 
[0.067s]   Could not find a package configuration file provided by "ament_cmake" with
[0.067s]   any of the following names:
[0.067s] 
[0.067s]     ament_cmakeConfig.cmake
[0.067s]     ament_cmake-config.cmake
[0.068s] 
[0.068s]   Add the installation prefix of "ament_cmake" to CMAKE_PREFIX_PATH or set
[0.068s]   "ament_cmake_DIR" to a directory containing one of the above files.  If
[0.068s]   "ament_cmake" provides a separate development package or SDK, be sure it
[0.068s]   has been installed.
[0.069s] 
[0.069s] [0m
[0.069s] -- Configuring incomplete, errors occurred!
[0.069s] See also "/workspace/xela_ws/LeapXELA_Hardware_ws/ros_ws/src/build/leap_hand/CMakeFiles/CMakeOutput.log".
[0.076s] Invoked command in '/workspace/xela_ws/LeapXELA_Hardware_ws/ros_ws/src/build/leap_hand' returned '1': /usr/bin/cmake /workspace/xela_ws/LeapXELA_Hardware_ws/ros_ws/src/LEAP_Hand_API/ros2_module -DCMAKE_INSTALL_PREFIX=/workspace/xela_ws/LeapXELA_Hardware_ws/ros_ws/src/install/leap_hand
