[0.017s] Invoking command in '/home/mamad/PhD/LeapXELA_Hardware_ws/build/xela_server_ros2': CMAKE_PREFIX_PATH=${CMAKE_PREFIX_PATH}:/opt/ros/rolling CONDA_PROMPT_MODIFIER=(base) DEBUGINFOD_URLS=https://debuginfod.ubuntu.com /usr/bin/cmake /home/mamad/PhD/LeapXELA_Hardware_ws/ros_ws/src/xela_server_ros2 -DCMAKE_INSTALL_PREFIX=/home/mamad/PhD/LeapXELA_Hardware_ws/install/xela_server_ros2
[0.272s] -- The C compiler identification is GNU 13.3.0
[0.454s] -- The CXX compiler identification is GNU 13.3.0
[0.490s] -- Detecting C compiler ABI info
[0.645s] -- Detecting C compiler ABI info - done
[0.667s] -- Check for working C compiler: /usr/bin/cc - skipped
[0.668s] -- Detecting C compile features
[0.669s] -- Detecting C compile features - done
[0.685s] -- Detecting CXX compiler ABI info
[0.864s] -- Detecting CXX compiler ABI info - done
[0.882s] -- Check for working CXX compiler: /usr/bin/c++ - skipped
[0.882s] -- Detecting CXX compile features
[0.883s] -- Detecting CXX compile features - done
[0.888s] -- Found rclcpp: 29.6.0 (/opt/ros/rolling/share/rclcpp/cmake)
[1.077s] -- Found Python3: /home/mamad/miniconda3/bin/python3 (found version "3.13.11") found components: Interpreter 
[1.329s] -- Found rosidl_generator_c: 4.10.0 (/opt/ros/rolling/share/rosidl_generator_c/cmake)
[1.353s] -- Found rosidl_generator_cpp: 4.10.0 (/opt/ros/rolling/share/rosidl_generator_cpp/cmake)
[1.388s] -- Using all available rosidl_typesupport_c: rosidl_typesupport_fastrtps_c;rosidl_typesupport_introspection_c
[1.425s] -- Using all available rosidl_typesupport_cpp: rosidl_typesupport_fastrtps_cpp;rosidl_typesupport_introspection_cpp
[1.592s] -- Found rmw_implementation_cmake: 7.9.0 (/opt/ros/rolling/share/rmw_implementation_cmake/cmake)
[1.597s] -- Found rmw_cyclonedds_cpp: 4.1.0 (/opt/ros/rolling/share/rmw_cyclonedds_cpp/cmake)
[1.672s] -- Using RMW implementation 'rmw_cyclonedds_cpp' as default
[1.812s] -- Found rclpy: 9.2.0 (/opt/ros/rolling/share/rclpy/cmake)
[1.814s] -- Found std_msgs: 5.7.0 (/opt/ros/rolling/share/std_msgs/cmake)
[1.843s] -- Found geometry_msgs: 5.7.0 (/opt/ros/rolling/share/geometry_msgs/cmake)
[1.880s] -- Found rosidl_default_generators: 1.8.0 (/opt/ros/rolling/share/rosidl_default_generators/cmake)
[1.903s] -- Found rosidl_adapter: 4.10.0 (/opt/ros/rolling/share/rosidl_adapter/cmake)
[2.203s] -- Configuring incomplete, errors occurred!
[2.204s] [31mCMake Error at /opt/ros/rolling/share/rosidl_adapter/cmake/rosidl_adapt_interfaces.cmake:57 (message):
[2.205s]   execute_process(/home/mamad/miniconda3/bin/python3 -m rosidl_adapter
[2.205s]   --package-name xela_server_ros2 --arguments-file
[2.205s]   /home/mamad/PhD/LeapXELA_Hardware_ws/build/xela_server_ros2/rosidl_adapter__arguments__xela_server_ros2.json
[2.205s]   --output-dir
[2.205s]   /home/mamad/PhD/LeapXELA_Hardware_ws/build/xela_server_ros2/rosidl_adapter/xela_server_ros2
[2.206s]   --output-file
[2.206s]   /home/mamad/PhD/LeapXELA_Hardware_ws/build/xela_server_ros2/rosidl_adapter/xela_server_ros2.idls)
[2.206s]   returned error code 1:
[2.206s] 
[2.206s]   Traceback (most recent call last):
[2.206s] 
[2.207s]     File "<frozen runpy>", line 198, in _run_module_as_main
[2.207s]     File "<frozen runpy>", line 88, in _run_code
[2.207s]     File "/opt/ros/rolling/lib/python3.12/site-packages/rosidl_adapter/__main__.py", line 19, in <module>
[2.207s]       main()
[2.208s]       ~~~~^^
[2.208s]     File "/opt/ros/rolling/lib/python3.12/site-packages/rosidl_adapter/main.py", line 54, in main
[2.208s]       abs_idl_file = convert_to_idl(
[2.208s]           pathlib.Path(basepath), args.package_name,
[2.208s]           pathlib.Path(relative_path), output_dir)
[2.209s]     File "/opt/ros/rolling/lib/python3.12/site-packages/rosidl_adapter/__init__.py", line 21, in convert_to_idl
[2.210s]       from rosidl_adapter.msg import convert_msg_to_idl
[2.210s]     File "/opt/ros/rolling/lib/python3.12/site-packages/rosidl_adapter/msg/__init__.py", line 19, in <module>
[2.210s]       from rosidl_adapter.resource import expand_template, MsgData
[2.210s]     File "/opt/ros/rolling/lib/python3.12/site-packages/rosidl_adapter/resource/__init__.py", line 21, in <module>
[2.210s]       import em
[2.211s] 
[2.211s]   ModuleNotFoundError: No module named 'em'
[2.211s] 
[2.211s] Call Stack (most recent call first):
[2.211s]   /opt/ros/rolling/share/rosidl_cmake/cmake/rosidl_generate_interfaces.cmake:132 (rosidl_adapt_interfaces)
[2.211s]   CMakeLists.txt:22 (rosidl_generate_interfaces)
[2.212s] 
[2.212s] [0m
