running egg_info
writing ../../../../build/oculusTeleop/oculusTeleop.egg-info/PKG-INFO
writing dependency_links to ../../../../build/oculusTeleop/oculusTeleop.egg-info/dependency_links.txt
writing entry points to ../../../../build/oculusTeleop/oculusTeleop.egg-info/entry_points.txt
writing requirements to ../../../../build/oculusTeleop/oculusTeleop.egg-info/requires.txt
writing top-level names to ../../../../build/oculusTeleop/oculusTeleop.egg-info/top_level.txt
reading manifest file '../../../../build/oculusTeleop/oculusTeleop.egg-info/SOURCES.txt'
writing manifest file '../../../../build/oculusTeleop/oculusTeleop.egg-info/SOURCES.txt'
running build
running build_py
copying oculusTeleop/sim_to_hardware_conversion.py -> /workspace/LeapXELA_Hardware_ws/build/oculusTeleop/build/lib/oculusTeleop
running install
running install_lib
copying /workspace/LeapXELA_Hardware_ws/build/oculusTeleop/build/lib/oculusTeleop/sim_to_hardware_conversion.py -> /workspace/LeapXELA_Hardware_ws/install/oculusTeleop/lib/python3.10/site-packages/oculusTeleop
byte-compiling /workspace/LeapXELA_Hardware_ws/install/oculusTeleop/lib/python3.10/site-packages/oculusTeleop/sim_to_hardware_conversion.py to sim_to_hardware_conversion.cpython-310.pyc
running install_data
running install_egg_info
removing '/workspace/LeapXELA_Hardware_ws/install/oculusTeleop/lib/python3.10/site-packages/oculusTeleop-0.0.0-py3.10.egg-info' (and everything under it)
Copying ../../../../build/oculusTeleop/oculusTeleop.egg-info to /workspace/LeapXELA_Hardware_ws/install/oculusTeleop/lib/python3.10/site-packages/oculusTeleop-0.0.0-py3.10.egg-info
running install_scripts
Installing avp_leap_server script to /workspace/LeapXELA_Hardware_ws/install/oculusTeleop/lib/oculusTeleop
Installing avp_leap_xela_server script to /workspace/LeapXELA_Hardware_ws/install/oculusTeleop/lib/oculusTeleop
Installing convert_sim_to_hardware script to /workspace/LeapXELA_Hardware_ws/install/oculusTeleop/lib/oculusTeleop
Installing leap_xela_client script to /workspace/LeapXELA_Hardware_ws/install/oculusTeleop/lib/oculusTeleop
Installing quest_client script to /workspace/LeapXELA_Hardware_ws/install/oculusTeleop/lib/oculusTeleop
Installing quest_streamer script to /workspace/LeapXELA_Hardware_ws/install/oculusTeleop/lib/oculusTeleop
writing list of installed files to '/workspace/LeapXELA_Hardware_ws/build/oculusTeleop/install.log'
