[1.631s] Invoking command in '/workspace/LeapXELA_Hardware_ws/ros_ws/src/xela_telelop/oculusTeleop': AMENT_PREFIX_PATH=/workspace/LeapXELA_Hardware_ws/install/xela_description:/workspace/LeapXELA_Hardware_ws/install/leap_description:${AMENT_PREFIX_PATH} PYTHONPATH=/workspace/LeapXELA_Hardware_ws/build/oculusTeleop/prefix_override:/usr/lib/python3/dist-packages/colcon_core/task/python/colcon_distutils_commands:/workspace/LeapXELA_Hardware_ws/install/oculusTeleop/lib/python3.10/site-packages:/workspace/LeapXELA_Hardware_ws/install/xela_description/lib/python3.10/site-packages:/workspace/LeapXELA_Hardware_ws/install/leap_description/lib/python3.10/site-packages:/opt/ros/humble/lib/python3.10/site-packages:/opt/ros/humble/local/lib/python3.10/dist-packages:/usr/local/lib /usr/bin/python3 -W ignore:setup.py install is deprecated -W ignore:easy_install command is deprecated setup.py egg_info --egg-base ../../../../build/oculusTeleop build --build-base /workspace/LeapXELA_Hardware_ws/build/oculusTeleop/build install --record /workspace/LeapXELA_Hardware_ws/build/oculusTeleop/install.log --single-version-externally-managed install_data
[2.069s] running egg_info
[2.071s] writing ../../../../build/oculusTeleop/oculusTeleop.egg-info/PKG-INFO
[2.071s] writing dependency_links to ../../../../build/oculusTeleop/oculusTeleop.egg-info/dependency_links.txt
[2.071s] writing entry points to ../../../../build/oculusTeleop/oculusTeleop.egg-info/entry_points.txt
[2.071s] writing requirements to ../../../../build/oculusTeleop/oculusTeleop.egg-info/requires.txt
[2.071s] writing top-level names to ../../../../build/oculusTeleop/oculusTeleop.egg-info/top_level.txt
[2.078s] reading manifest file '../../../../build/oculusTeleop/oculusTeleop.egg-info/SOURCES.txt'
[2.082s] writing manifest file '../../../../build/oculusTeleop/oculusTeleop.egg-info/SOURCES.txt'
[2.082s] running build
[2.082s] running build_py
[2.083s] copying oculusTeleop/sim_to_hardware_conversion.py -> /workspace/LeapXELA_Hardware_ws/build/oculusTeleop/build/lib/oculusTeleop
[2.100s] running install
[2.101s] running install_lib
[2.104s] copying /workspace/LeapXELA_Hardware_ws/build/oculusTeleop/build/lib/oculusTeleop/sim_to_hardware_conversion.py -> /workspace/LeapXELA_Hardware_ws/install/oculusTeleop/lib/python3.10/site-packages/oculusTeleop
[2.108s] byte-compiling /workspace/LeapXELA_Hardware_ws/install/oculusTeleop/lib/python3.10/site-packages/oculusTeleop/sim_to_hardware_conversion.py to sim_to_hardware_conversion.cpython-310.pyc
[2.112s] running install_data
[2.112s] running install_egg_info
[2.115s] removing '/workspace/LeapXELA_Hardware_ws/install/oculusTeleop/lib/python3.10/site-packages/oculusTeleop-0.0.0-py3.10.egg-info' (and everything under it)
[2.115s] Copying ../../../../build/oculusTeleop/oculusTeleop.egg-info to /workspace/LeapXELA_Hardware_ws/install/oculusTeleop/lib/python3.10/site-packages/oculusTeleop-0.0.0-py3.10.egg-info
[2.117s] running install_scripts
[2.160s] Installing avp_leap_server script to /workspace/LeapXELA_Hardware_ws/install/oculusTeleop/lib/oculusTeleop
[2.161s] Installing avp_leap_xela_server script to /workspace/LeapXELA_Hardware_ws/install/oculusTeleop/lib/oculusTeleop
[2.161s] Installing convert_sim_to_hardware script to /workspace/LeapXELA_Hardware_ws/install/oculusTeleop/lib/oculusTeleop
[2.161s] Installing leap_xela_client script to /workspace/LeapXELA_Hardware_ws/install/oculusTeleop/lib/oculusTeleop
[2.161s] Installing quest_client script to /workspace/LeapXELA_Hardware_ws/install/oculusTeleop/lib/oculusTeleop
[2.162s] Installing quest_streamer script to /workspace/LeapXELA_Hardware_ws/install/oculusTeleop/lib/oculusTeleop
[2.163s] writing list of installed files to '/workspace/LeapXELA_Hardware_ws/build/oculusTeleop/install.log'
[2.198s] Invoked command in '/workspace/LeapXELA_Hardware_ws/ros_ws/src/xela_telelop/oculusTeleop' returned '0': AMENT_PREFIX_PATH=/workspace/LeapXELA_Hardware_ws/install/xela_description:/workspace/LeapXELA_Hardware_ws/install/leap_description:${AMENT_PREFIX_PATH} PYTHONPATH=/workspace/LeapXELA_Hardware_ws/build/oculusTeleop/prefix_override:/usr/lib/python3/dist-packages/colcon_core/task/python/colcon_distutils_commands:/workspace/LeapXELA_Hardware_ws/install/oculusTeleop/lib/python3.10/site-packages:/workspace/LeapXELA_Hardware_ws/install/xela_description/lib/python3.10/site-packages:/workspace/LeapXELA_Hardware_ws/install/leap_description/lib/python3.10/site-packages:/opt/ros/humble/lib/python3.10/site-packages:/opt/ros/humble/local/lib/python3.10/dist-packages:/usr/local/lib /usr/bin/python3 -W ignore:setup.py install is deprecated -W ignore:easy_install command is deprecated setup.py egg_info --egg-base ../../../../build/oculusTeleop build --build-base /workspace/LeapXELA_Hardware_ws/build/oculusTeleop/build install --record /workspace/LeapXELA_Hardware_ws/build/oculusTeleop/install.log --single-version-externally-managed install_data
