[  1%] Built target leap_hand__cpp
[  1%] Built target ament_cmake_python_copy_leap_hand
[35m[1mConsolidate compiler generated dependencies of target leap_hand__rosidl_typesupport_introspection_cpp[0m
[ 12%] Built target leap_hand__rosidl_typesupport_introspection_cpp
running egg_info
writing leap_hand.egg-info/PKG-INFO
writing dependency_links to leap_hand.egg-info/dependency_links.txt
writing top-level names to leap_hand.egg-info/top_level.txt
reading manifest file 'leap_hand.egg-info/SOURCES.txt'
writing manifest file 'leap_hand.egg-info/SOURCES.txt'
[ 12%] Built target ament_cmake_python_build_leap_hand_egg
[35m[1mConsolidate compiler generated dependencies of target leap_hand__rosidl_typesupport_fastrtps_cpp[0m
[ 23%] Built target leap_hand__rosidl_typesupport_fastrtps_cpp
[35m[1mConsolidate compiler generated dependencies of target leap_hand__rosidl_typesupport_cpp[0m
[ 33%] Built target leap_hand__rosidl_typesupport_cpp
[ 35%] Built target leap_hand__rs
[35m[1mConsolidate compiler generated dependencies of target leap_hand__rosidl_generator_c[0m
[ 46%] Built target leap_hand__rosidl_generator_c
[35m[1mConsolidate compiler generated dependencies of target leap_hand__rosidl_typesupport_fastrtps_c[0m
[ 57%] Built target leap_hand__rosidl_typesupport_fastrtps_c
[35m[1mConsolidate compiler generated dependencies of target leap_hand__rosidl_typesupport_c[0m
[ 67%] Built target leap_hand__rosidl_typesupport_c
[35m[1mConsolidate compiler generated dependencies of target leap_hand__rosidl_typesupport_introspection_c[0m
[ 78%] Built target leap_hand__rosidl_typesupport_introspection_c
[ 78%] Built target leap_hand
[ 80%] Built target leap_hand__py
[35m[1mConsolidate compiler generated dependencies of target leap_hand__rosidl_generator_py[0m
[ 89%] Built target leap_hand__rosidl_generator_py
[35m[1mConsolidate compiler generated dependencies of target leap_hand__rosidl_typesupport_fastrtps_c__pyext[0m
[ 92%] Built target leap_hand__rosidl_typesupport_fastrtps_c__pyext
[35m[1mConsolidate compiler generated dependencies of target leap_hand__rosidl_typesupport_c__pyext[0m
[ 96%] Built target leap_hand__rosidl_typesupport_c__pyext
[35m[1mConsolidate compiler generated dependencies of target leap_hand__rosidl_typesupport_introspection_c__pyext[0m
[100%] Built target leap_hand__rosidl_typesupport_introspection_c__pyext
-- Install configuration: ""
-- Up-to-date: /workspace/LeapXELA_Hardware_ws/install/leap_hand/share/ament_index/resource_index/rosidl_interfaces/leap_hand
-- Up-to-date: /workspace/LeapXELA_Hardware_ws/install/leap_hand/include/leap_hand/leap_hand
-- Up-to-date: /workspace/LeapXELA_Hardware_ws/install/leap_hand/include/leap_hand/leap_hand/srv
-- Up-to-date: /workspace/LeapXELA_Hardware_ws/install/leap_hand/include/leap_hand/leap_hand/srv/leap_state.h
-- Up-to-date: /workspace/LeapXELA_Hardware_ws/install/leap_hand/include/leap_hand/leap_hand/srv/detail
-- Up-to-date: /workspace/LeapXELA_Hardware_ws/install/leap_hand/include/leap_hand/leap_hand/srv/detail/leap_state__functions.c
-- Up-to-date: /workspace/LeapXELA_Hardware_ws/install/leap_hand/include/leap_hand/leap_hand/srv/detail/leap_velocity__functions.c
-- Up-to-date: /workspace/LeapXELA_Hardware_ws/install/leap_hand/include/leap_hand/leap_hand/srv/detail/leap_effort__struct.h
-- Up-to-date: /workspace/LeapXELA_Hardware_ws/install/leap_hand/include/leap_hand/leap_hand/srv/detail/leap_state__functions.h
-- Up-to-date: /workspace/LeapXELA_Hardware_ws/install/leap_hand/include/leap_hand/leap_hand/srv/detail/leap_effort__type_support.h
-- Up-to-date: /workspace/LeapXELA_Hardware_ws/install/leap_hand/include/leap_hand/leap_hand/srv/detail/leap_velocity__type_support.h
-- Up-to-date: /workspace/LeapXELA_Hardware_ws/install/leap_hand/include/leap_hand/leap_hand/srv/detail/leap_position__functions.c
-- Up-to-date: /workspace/LeapXELA_Hardware_ws/install/leap_hand/include/leap_hand/leap_hand/srv/detail/leap_velocity__struct.h
-- Up-to-date: /workspace/LeapXELA_Hardware_ws/install/leap_hand/include/leap_hand/leap_hand/srv/detail/leap_velocity__functions.h
-- Up-to-date: /workspace/LeapXELA_Hardware_ws/install/leap_hand/include/leap_hand/leap_hand/srv/detail/leap_effort__functions.h
-- Up-to-date: /workspace/LeapXELA_Hardware_ws/install/leap_hand/include/leap_hand/leap_hand/srv/detail/leap_state__type_support.h
-- Up-to-date: /workspace/LeapXELA_Hardware_ws/install/leap_hand/include/leap_hand/leap_hand/srv/detail/leap_position__type_support.h
-- Up-to-date: /workspace/LeapXELA_Hardware_ws/install/leap_hand/include/leap_hand/leap_hand/srv/detail/leap_position__functions.h
-- Up-to-date: /workspace/LeapXELA_Hardware_ws/install/leap_hand/include/leap_hand/leap_hand/srv/detail/leap_position__struct.h
-- Up-to-date: /workspace/LeapXELA_Hardware_ws/install/leap_hand/include/leap_hand/leap_hand/srv/detail/leap_effort__functions.c
-- Up-to-date: /workspace/LeapXELA_Hardware_ws/install/leap_hand/include/leap_hand/leap_hand/srv/detail/leap_state__struct.h
-- Up-to-date: /workspace/LeapXELA_Hardware_ws/install/leap_hand/include/leap_hand/leap_hand/srv/leap_effort.h
-- Up-to-date: /workspace/LeapXELA_Hardware_ws/install/leap_hand/include/leap_hand/leap_hand/srv/leap_position.h
-- Up-to-date: /workspace/LeapXELA_Hardware_ws/install/leap_hand/include/leap_hand/leap_hand/srv/leap_velocity.h
-- Up-to-date: /workspace/LeapXELA_Hardware_ws/install/leap_hand/include/leap_hand/leap_hand/msg
-- Up-to-date: /workspace/LeapXELA_Hardware_ws/install/leap_hand/include/leap_hand/leap_hand/msg/rosidl_generator_c__visibility_control.h
-- Up-to-date: /workspace/LeapXELA_Hardware_ws/install/leap_hand/share/leap_hand/environment/library_path.sh
-- Up-to-date: /workspace/LeapXELA_Hardware_ws/install/leap_hand/share/leap_hand/environment/library_path.dsv
-- Up-to-date: /workspace/LeapXELA_Hardware_ws/install/leap_hand/lib/libleap_hand__rosidl_generator_c.so
-- Up-to-date: /workspace/LeapXELA_Hardware_ws/install/leap_hand/include/leap_hand/leap_hand
-- Up-to-date: /workspace/LeapXELA_Hardware_ws/install/leap_hand/include/leap_hand/leap_hand/srv
-- Up-to-date: /workspace/LeapXELA_Hardware_ws/install/leap_hand/include/leap_hand/leap_hand/srv/detail
-- Up-to-date: /workspace/LeapXELA_Hardware_ws/install/leap_hand/include/leap_hand/leap_hand/srv/detail/leap_effort__rosidl_typesupport_fastrtps_c.h
-- Up-to-date: /workspace/LeapXELA_Hardware_ws/install/leap_hand/include/leap_hand/leap_hand/srv/detail/leap_velocity__rosidl_typesupport_fastrtps_c.h
-- Up-to-date: /workspace/LeapXELA_Hardware_ws/install/leap_hand/include/leap_hand/leap_hand/srv/detail/leap_state__rosidl_typesupport_fastrtps_c.h
-- Up-to-date: /workspace/LeapXELA_Hardware_ws/install/leap_hand/include/leap_hand/leap_hand/srv/detail/leap_position__rosidl_typesupport_fastrtps_c.h
-- Up-to-date: /workspace/LeapXELA_Hardware_ws/install/leap_hand/include/leap_hand/leap_hand/msg
-- Up-to-date: /workspace/LeapXELA_Hardware_ws/install/leap_hand/include/leap_hand/leap_hand/msg/rosidl_typesupport_fastrtps_c__visibility_control.h
-- Up-to-date: /workspace/LeapXELA_Hardware_ws/install/leap_hand/lib/libleap_hand__rosidl_typesupport_fastrtps_c.so
-- Up-to-date: /workspace/LeapXELA_Hardware_ws/install/leap_hand/include/leap_hand/leap_hand
-- Up-to-date: /workspace/LeapXELA_Hardware_ws/install/leap_hand/include/leap_hand/leap_hand/srv
-- Up-to-date: /workspace/LeapXELA_Hardware_ws/install/leap_hand/include/leap_hand/leap_hand/srv/detail
-- Up-to-date: /workspace/LeapXELA_Hardware_ws/install/leap_hand/include/leap_hand/leap_hand/srv/detail/leap_position__type_support.hpp
-- Up-to-date: /workspace/LeapXELA_Hardware_ws/install/leap_hand/include/leap_hand/leap_hand/srv/detail/leap_velocity__builder.hpp
-- Up-to-date: /workspace/LeapXELA_Hardware_ws/install/leap_hand/include/leap_hand/leap_hand/srv/detail/leap_state__type_support.hpp
-- Up-to-date: /workspace/LeapXELA_Hardware_ws/install/leap_hand/include/leap_hand/leap_hand/srv/detail/leap_position__builder.hpp
-- Up-to-date: /workspace/LeapXELA_Hardware_ws/install/leap_hand/include/leap_hand/leap_hand/srv/detail/leap_position__struct.hpp
-- Up-to-date: /workspace/LeapXELA_Hardware_ws/install/leap_hand/include/leap_hand/leap_hand/srv/detail/leap_effort__traits.hpp
-- Up-to-date: /workspace/LeapXELA_Hardware_ws/install/leap_hand/include/leap_hand/leap_hand/srv/detail/leap_effort__type_support.hpp
-- Up-to-date: /workspace/LeapXELA_Hardware_ws/install/leap_hand/include/leap_hand/leap_hand/srv/detail/leap_position__traits.hpp
-- Up-to-date: /workspace/LeapXELA_Hardware_ws/install/leap_hand/include/leap_hand/leap_hand/srv/detail/leap_state__traits.hpp
-- Up-to-date: /workspace/LeapXELA_Hardware_ws/install/leap_hand/include/leap_hand/leap_hand/srv/detail/leap_state__struct.hpp
-- Up-to-date: /workspace/LeapXELA_Hardware_ws/install/leap_hand/include/leap_hand/leap_hand/srv/detail/leap_effort__builder.hpp
-- Up-to-date: /workspace/LeapXELA_Hardware_ws/install/leap_hand/include/leap_hand/leap_hand/srv/detail/leap_velocity__traits.hpp
-- Up-to-date: /workspace/LeapXELA_Hardware_ws/install/leap_hand/include/leap_hand/leap_hand/srv/detail/leap_state__builder.hpp
-- Up-to-date: /workspace/LeapXELA_Hardware_ws/install/leap_hand/include/leap_hand/leap_hand/srv/detail/leap_velocity__struct.hpp
-- Up-to-date: /workspace/LeapXELA_Hardware_ws/install/leap_hand/include/leap_hand/leap_hand/srv/detail/leap_velocity__type_support.hpp
-- Up-to-date: /workspace/LeapXELA_Hardware_ws/install/leap_hand/include/leap_hand/leap_hand/srv/detail/leap_effort__struct.hpp
-- Up-to-date: /workspace/LeapXELA_Hardware_ws/install/leap_hand/include/leap_hand/leap_hand/srv/leap_velocity.hpp
-- Up-to-date: /workspace/LeapXELA_Hardware_ws/install/leap_hand/include/leap_hand/leap_hand/srv/leap_state.hpp
-- Up-to-date: /workspace/LeapXELA_Hardware_ws/install/leap_hand/include/leap_hand/leap_hand/srv/leap_effort.hpp
-- Up-to-date: /workspace/LeapXELA_Hardware_ws/install/leap_hand/include/leap_hand/leap_hand/srv/leap_position.hpp
-- Up-to-date: /workspace/LeapXELA_Hardware_ws/install/leap_hand/include/leap_hand/leap_hand/msg
-- Up-to-date: /workspace/LeapXELA_Hardware_ws/install/leap_hand/include/leap_hand/leap_hand/msg/rosidl_generator_cpp__visibility_control.hpp
-- Up-to-date: /workspace/LeapXELA_Hardware_ws/install/leap_hand/include/leap_hand/leap_hand
-- Up-to-date: /workspace/LeapXELA_Hardware_ws/install/leap_hand/include/leap_hand/leap_hand/srv
-- Up-to-date: /workspace/LeapXELA_Hardware_ws/install/leap_hand/include/leap_hand/leap_hand/srv/detail
-- Up-to-date: /workspace/LeapXELA_Hardware_ws/install/leap_hand/include/leap_hand/leap_hand/srv/detail/leap_velocity__rosidl_typesupport_fastrtps_cpp.hpp
-- Up-to-date: /workspace/LeapXELA_Hardware_ws/install/leap_hand/include/leap_hand/leap_hand/srv/detail/leap_position__rosidl_typesupport_fastrtps_cpp.hpp
-- Up-to-date: /workspace/LeapXELA_Hardware_ws/install/leap_hand/include/leap_hand/leap_hand/srv/detail/leap_state__rosidl_typesupport_fastrtps_cpp.hpp
-- Up-to-date: /workspace/LeapXELA_Hardware_ws/install/leap_hand/include/leap_hand/leap_hand/srv/detail/leap_effort__rosidl_typesupport_fastrtps_cpp.hpp
-- Up-to-date: /workspace/LeapXELA_Hardware_ws/install/leap_hand/include/leap_hand/leap_hand/srv/detail/dds_fastrtps
-- Up-to-date: /workspace/LeapXELA_Hardware_ws/install/leap_hand/include/leap_hand/leap_hand/msg
-- Up-to-date: /workspace/LeapXELA_Hardware_ws/install/leap_hand/include/leap_hand/leap_hand/msg/rosidl_typesupport_fastrtps_cpp__visibility_control.h
-- Up-to-date: /workspace/LeapXELA_Hardware_ws/install/leap_hand/lib/libleap_hand__rosidl_typesupport_fastrtps_cpp.so
-- Up-to-date: /workspace/LeapXELA_Hardware_ws/install/leap_hand/include/leap_hand/leap_hand
-- Up-to-date: /workspace/LeapXELA_Hardware_ws/install/leap_hand/include/leap_hand/leap_hand/srv
-- Up-to-date: /workspace/LeapXELA_Hardware_ws/install/leap_hand/include/leap_hand/leap_hand/srv/detail
-- Up-to-date: /workspace/LeapXELA_Hardware_ws/install/leap_hand/include/leap_hand/leap_hand/srv/detail/leap_state__type_support.c
-- Up-to-date: /workspace/LeapXELA_Hardware_ws/install/leap_hand/include/leap_hand/leap_hand/srv/detail/leap_velocity__type_support.c
-- Up-to-date: /workspace/LeapXELA_Hardware_ws/install/leap_hand/include/leap_hand/leap_hand/srv/detail/leap_state__rosidl_typesupport_introspection_c.h
-- Up-to-date: /workspace/LeapXELA_Hardware_ws/install/leap_hand/include/leap_hand/leap_hand/srv/detail/leap_position__type_support.c
-- Up-to-date: /workspace/LeapXELA_Hardware_ws/install/leap_hand/include/leap_hand/leap_hand/srv/detail/leap_position__rosidl_typesupport_introspection_c.h
-- Up-to-date: /workspace/LeapXELA_Hardware_ws/install/leap_hand/include/leap_hand/leap_hand/srv/detail/leap_velocity__rosidl_typesupport_introspection_c.h
-- Up-to-date: /workspace/LeapXELA_Hardware_ws/install/leap_hand/include/leap_hand/leap_hand/srv/detail/leap_effort__rosidl_typesupport_introspection_c.h
-- Up-to-date: /workspace/LeapXELA_Hardware_ws/install/leap_hand/include/leap_hand/leap_hand/srv/detail/leap_effort__type_support.c
-- Up-to-date: /workspace/LeapXELA_Hardware_ws/install/leap_hand/include/leap_hand/leap_hand/msg
-- Up-to-date: /workspace/LeapXELA_Hardware_ws/install/leap_hand/include/leap_hand/leap_hand/msg/rosidl_typesupport_introspection_c__visibility_control.h
-- Up-to-date: /workspace/LeapXELA_Hardware_ws/install/leap_hand/lib/libleap_hand__rosidl_typesupport_introspection_c.so
-- Up-to-date: /workspace/LeapXELA_Hardware_ws/install/leap_hand/lib/libleap_hand__rosidl_typesupport_c.so
-- Up-to-date: /workspace/LeapXELA_Hardware_ws/install/leap_hand/include/leap_hand/leap_hand
-- Up-to-date: /workspace/LeapXELA_Hardware_ws/install/leap_hand/include/leap_hand/leap_hand/srv
-- Up-to-date: /workspace/LeapXELA_Hardware_ws/install/leap_hand/include/leap_hand/leap_hand/srv/detail
-- Up-to-date: /workspace/LeapXELA_Hardware_ws/install/leap_hand/include/leap_hand/leap_hand/srv/detail/leap_position__type_support.cpp
-- Up-to-date: /workspace/LeapXELA_Hardware_ws/install/leap_hand/include/leap_hand/leap_hand/srv/detail/leap_state__rosidl_typesupport_introspection_cpp.hpp
-- Up-to-date: /workspace/LeapXELA_Hardware_ws/install/leap_hand/include/leap_hand/leap_hand/srv/detail/leap_velocity__rosidl_typesupport_introspection_cpp.hpp
-- Up-to-date: /workspace/LeapXELA_Hardware_ws/install/leap_hand/include/leap_hand/leap_hand/srv/detail/leap_state__type_support.cpp
-- Up-to-date: /workspace/LeapXELA_Hardware_ws/install/leap_hand/include/leap_hand/leap_hand/srv/detail/leap_effort__rosidl_typesupport_introspection_cpp.hpp
-- Up-to-date: /workspace/LeapXELA_Hardware_ws/install/leap_hand/include/leap_hand/leap_hand/srv/detail/leap_effort__type_support.cpp
-- Up-to-date: /workspace/LeapXELA_Hardware_ws/install/leap_hand/include/leap_hand/leap_hand/srv/detail/leap_velocity__type_support.cpp
-- Up-to-date: /workspace/LeapXELA_Hardware_ws/install/leap_hand/include/leap_hand/leap_hand/srv/detail/leap_position__rosidl_typesupport_introspection_cpp.hpp
-- Up-to-date: /workspace/LeapXELA_Hardware_ws/install/leap_hand/lib/libleap_hand__rosidl_typesupport_introspection_cpp.so
-- Up-to-date: /workspace/LeapXELA_Hardware_ws/install/leap_hand/lib/libleap_hand__rosidl_typesupport_cpp.so
-- Up-to-date: /workspace/LeapXELA_Hardware_ws/install/leap_hand/share/leap_hand/environment/pythonpath.sh
-- Up-to-date: /workspace/LeapXELA_Hardware_ws/install/leap_hand/share/leap_hand/environment/pythonpath.dsv
-- Up-to-date: /workspace/LeapXELA_Hardware_ws/install/leap_hand/local/lib/python3.10/dist-packages/leap_hand-0.0.0-py3.10.egg-info
-- Installing: /workspace/LeapXELA_Hardware_ws/install/leap_hand/local/lib/python3.10/dist-packages/leap_hand-0.0.0-py3.10.egg-info/dependency_links.txt
-- Installing: /workspace/LeapXELA_Hardware_ws/install/leap_hand/local/lib/python3.10/dist-packages/leap_hand-0.0.0-py3.10.egg-info/SOURCES.txt
-- Installing: /workspace/LeapXELA_Hardware_ws/install/leap_hand/local/lib/python3.10/dist-packages/leap_hand-0.0.0-py3.10.egg-info/PKG-INFO
-- Installing: /workspace/LeapXELA_Hardware_ws/install/leap_hand/local/lib/python3.10/dist-packages/leap_hand-0.0.0-py3.10.egg-info/top_level.txt
-- Up-to-date: /workspace/LeapXELA_Hardware_ws/install/leap_hand/local/lib/python3.10/dist-packages/leap_hand
-- Up-to-date: /workspace/LeapXELA_Hardware_ws/install/leap_hand/local/lib/python3.10/dist-packages/leap_hand/__init__.py
-- Up-to-date: /workspace/LeapXELA_Hardware_ws/install/leap_hand/local/lib/python3.10/dist-packages/leap_hand/_leap_hand_s.ep.rosidl_typesupport_c.c
-- Up-to-date: /workspace/LeapXELA_Hardware_ws/install/leap_hand/local/lib/python3.10/dist-packages/leap_hand/_leap_hand_s.ep.rosidl_typesupport_introspection_c.c
-- Up-to-date: /workspace/LeapXELA_Hardware_ws/install/leap_hand/local/lib/python3.10/dist-packages/leap_hand/leap_hand_s__rosidl_typesupport_c.cpython-310-x86_64-linux-gnu.so
-- Up-to-date: /workspace/LeapXELA_Hardware_ws/install/leap_hand/local/lib/python3.10/dist-packages/leap_hand/_leap_hand_s.ep.rosidl_typesupport_fastrtps_c.c
-- Up-to-date: /workspace/LeapXELA_Hardware_ws/install/leap_hand/local/lib/python3.10/dist-packages/leap_hand/leap_hand_s__rosidl_typesupport_introspection_c.cpython-310-x86_64-linux-gnu.so
-- Up-to-date: /workspace/LeapXELA_Hardware_ws/install/leap_hand/local/lib/python3.10/dist-packages/leap_hand/srv
-- Up-to-date: /workspace/LeapXELA_Hardware_ws/install/leap_hand/local/lib/python3.10/dist-packages/leap_hand/srv/__init__.py
-- Up-to-date: /workspace/LeapXELA_Hardware_ws/install/leap_hand/local/lib/python3.10/dist-packages/leap_hand/srv/_leap_position.py
-- Up-to-date: /workspace/LeapXELA_Hardware_ws/install/leap_hand/local/lib/python3.10/dist-packages/leap_hand/srv/_leap_effort_s.c
-- Up-to-date: /workspace/LeapXELA_Hardware_ws/install/leap_hand/local/lib/python3.10/dist-packages/leap_hand/srv/_leap_position_s.c
-- Up-to-date: /workspace/LeapXELA_Hardware_ws/install/leap_hand/local/lib/python3.10/dist-packages/leap_hand/srv/_leap_state.py
-- Up-to-date: /workspace/LeapXELA_Hardware_ws/install/leap_hand/local/lib/python3.10/dist-packages/leap_hand/srv/_leap_velocity_s.c
-- Up-to-date: /workspace/LeapXELA_Hardware_ws/install/leap_hand/local/lib/python3.10/dist-packages/leap_hand/srv/_leap_state_s.c
-- Up-to-date: /workspace/LeapXELA_Hardware_ws/install/leap_hand/local/lib/python3.10/dist-packages/leap_hand/srv/_leap_velocity.py
-- Up-to-date: /workspace/LeapXELA_Hardware_ws/install/leap_hand/local/lib/python3.10/dist-packages/leap_hand/srv/_leap_effort.py
-- Up-to-date: /workspace/LeapXELA_Hardware_ws/install/leap_hand/local/lib/python3.10/dist-packages/leap_hand/leap_hand_s__rosidl_typesupport_fastrtps_c.cpython-310-x86_64-linux-gnu.so
-- Up-to-date: /workspace/LeapXELA_Hardware_ws/install/leap_hand/local/lib/python3.10/dist-packages/leap_hand/libleap_hand__rosidl_generator_py.so
Listing '/workspace/LeapXELA_Hardware_ws/install/leap_hand/local/lib/python3.10/dist-packages/leap_hand'...
Listing '/workspace/LeapXELA_Hardware_ws/install/leap_hand/local/lib/python3.10/dist-packages/leap_hand/srv'...
-- Up-to-date: /workspace/LeapXELA_Hardware_ws/install/leap_hand/local/lib/python3.10/dist-packages/leap_hand/leap_hand_s__rosidl_typesupport_fastrtps_c.cpython-310-x86_64-linux-gnu.so
-- Up-to-date: /workspace/LeapXELA_Hardware_ws/install/leap_hand/local/lib/python3.10/dist-packages/leap_hand/leap_hand_s__rosidl_typesupport_introspection_c.cpython-310-x86_64-linux-gnu.so
-- Up-to-date: /workspace/LeapXELA_Hardware_ws/install/leap_hand/local/lib/python3.10/dist-packages/leap_hand/leap_hand_s__rosidl_typesupport_c.cpython-310-x86_64-linux-gnu.so
-- Up-to-date: /workspace/LeapXELA_Hardware_ws/install/leap_hand/lib/libleap_hand__rosidl_generator_py.so
-- Up-to-date: /workspace/LeapXELA_Hardware_ws/install/leap_hand/share/ament_index/resource_index/rust_packages/leap_hand
-- Up-to-date: /workspace/LeapXELA_Hardware_ws/install/leap_hand/share/leap_hand/rust
-- Up-to-date: /workspace/LeapXELA_Hardware_ws/install/leap_hand/share/leap_hand/rust/Cargo.toml
-- Up-to-date: /workspace/LeapXELA_Hardware_ws/install/leap_hand/share/leap_hand/rust/src
-- Up-to-date: /workspace/LeapXELA_Hardware_ws/install/leap_hand/share/leap_hand/rust/src/lib.rs
-- Up-to-date: /workspace/LeapXELA_Hardware_ws/install/leap_hand/share/leap_hand/rust/src/srv
-- Up-to-date: /workspace/LeapXELA_Hardware_ws/install/leap_hand/share/leap_hand/rust/src/srv/rmw.rs
-- Up-to-date: /workspace/LeapXELA_Hardware_ws/install/leap_hand/share/leap_hand/rust/src/srv.rs
-- Up-to-date: /workspace/LeapXELA_Hardware_ws/install/leap_hand/share/leap_hand/rust/build.rs
-- Up-to-date: /workspace/LeapXELA_Hardware_ws/install/leap_hand/share/leap_hand/srv/LeapVelocity.idl
-- Up-to-date: /workspace/LeapXELA_Hardware_ws/install/leap_hand/share/leap_hand/srv/LeapPosition.idl
-- Up-to-date: /workspace/LeapXELA_Hardware_ws/install/leap_hand/share/leap_hand/srv/LeapEffort.idl
-- Up-to-date: /workspace/LeapXELA_Hardware_ws/install/leap_hand/share/leap_hand/srv/LeapState.idl
-- Up-to-date: /workspace/LeapXELA_Hardware_ws/install/leap_hand/share/leap_hand/srv/LeapVelocity.srv
-- Up-to-date: /workspace/LeapXELA_Hardware_ws/install/leap_hand/share/leap_hand/srv/LeapVelocity_Request.msg
-- Up-to-date: /workspace/LeapXELA_Hardware_ws/install/leap_hand/share/leap_hand/srv/LeapVelocity_Response.msg
-- Up-to-date: /workspace/LeapXELA_Hardware_ws/install/leap_hand/share/leap_hand/srv/LeapPosition.srv
-- Up-to-date: /workspace/LeapXELA_Hardware_ws/install/leap_hand/share/leap_hand/srv/LeapPosition_Request.msg
-- Up-to-date: /workspace/LeapXELA_Hardware_ws/install/leap_hand/share/leap_hand/srv/LeapPosition_Response.msg
-- Up-to-date: /workspace/LeapXELA_Hardware_ws/install/leap_hand/share/leap_hand/srv/LeapEffort.srv
-- Up-to-date: /workspace/LeapXELA_Hardware_ws/install/leap_hand/share/leap_hand/srv/LeapEffort_Request.msg
-- Up-to-date: /workspace/LeapXELA_Hardware_ws/install/leap_hand/share/leap_hand/srv/LeapEffort_Response.msg
-- Up-to-date: /workspace/LeapXELA_Hardware_ws/install/leap_hand/share/leap_hand/srv/LeapState.srv
-- Up-to-date: /workspace/LeapXELA_Hardware_ws/install/leap_hand/share/leap_hand/srv/LeapState_Request.msg
-- Up-to-date: /workspace/LeapXELA_Hardware_ws/install/leap_hand/share/leap_hand/srv/LeapState_Response.msg
-- Up-to-date: /workspace/LeapXELA_Hardware_ws/install/leap_hand/share/ament_index/resource_index/package_run_dependencies/leap_hand
-- Up-to-date: /workspace/LeapXELA_Hardware_ws/install/leap_hand/share/ament_index/resource_index/parent_prefix_path/leap_hand
-- Up-to-date: /workspace/LeapXELA_Hardware_ws/install/leap_hand/share/leap_hand/environment/ament_prefix_path.sh
-- Up-to-date: /workspace/LeapXELA_Hardware_ws/install/leap_hand/share/leap_hand/environment/ament_prefix_path.dsv
-- Up-to-date: /workspace/LeapXELA_Hardware_ws/install/leap_hand/share/leap_hand/environment/path.sh
-- Up-to-date: /workspace/LeapXELA_Hardware_ws/install/leap_hand/share/leap_hand/environment/path.dsv
-- Up-to-date: /workspace/LeapXELA_Hardware_ws/install/leap_hand/share/leap_hand/local_setup.bash
-- Up-to-date: /workspace/LeapXELA_Hardware_ws/install/leap_hand/share/leap_hand/local_setup.sh
-- Up-to-date: /workspace/LeapXELA_Hardware_ws/install/leap_hand/share/leap_hand/local_setup.zsh
-- Up-to-date: /workspace/LeapXELA_Hardware_ws/install/leap_hand/share/leap_hand/local_setup.dsv
-- Installing: /workspace/LeapXELA_Hardware_ws/install/leap_hand/share/leap_hand/package.dsv
-- Up-to-date: /workspace/LeapXELA_Hardware_ws/install/leap_hand/share/ament_index/resource_index/packages/leap_hand
-- Up-to-date: /workspace/LeapXELA_Hardware_ws/install/leap_hand/share/leap_hand/cmake/export_leap_hand__rosidl_generator_cExport.cmake
-- Up-to-date: /workspace/LeapXELA_Hardware_ws/install/leap_hand/share/leap_hand/cmake/export_leap_hand__rosidl_generator_cExport-noconfig.cmake
-- Up-to-date: /workspace/LeapXELA_Hardware_ws/install/leap_hand/share/leap_hand/cmake/export_leap_hand__rosidl_typesupport_fastrtps_cExport.cmake
-- Up-to-date: /workspace/LeapXELA_Hardware_ws/install/leap_hand/share/leap_hand/cmake/export_leap_hand__rosidl_typesupport_fastrtps_cExport-noconfig.cmake
-- Up-to-date: /workspace/LeapXELA_Hardware_ws/install/leap_hand/share/leap_hand/cmake/export_leap_hand__rosidl_generator_cppExport.cmake
-- Up-to-date: /workspace/LeapXELA_Hardware_ws/install/leap_hand/share/leap_hand/cmake/export_leap_hand__rosidl_typesupport_fastrtps_cppExport.cmake
-- Up-to-date: /workspace/LeapXELA_Hardware_ws/install/leap_hand/share/leap_hand/cmake/export_leap_hand__rosidl_typesupport_fastrtps_cppExport-noconfig.cmake
-- Up-to-date: /workspace/LeapXELA_Hardware_ws/install/leap_hand/share/leap_hand/cmake/leap_hand__rosidl_typesupport_introspection_cExport.cmake
-- Up-to-date: /workspace/LeapXELA_Hardware_ws/install/leap_hand/share/leap_hand/cmake/leap_hand__rosidl_typesupport_introspection_cExport-noconfig.cmake
-- Up-to-date: /workspace/LeapXELA_Hardware_ws/install/leap_hand/share/leap_hand/cmake/leap_hand__rosidl_typesupport_cExport.cmake
-- Up-to-date: /workspace/LeapXELA_Hardware_ws/install/leap_hand/share/leap_hand/cmake/leap_hand__rosidl_typesupport_cExport-noconfig.cmake
-- Up-to-date: /workspace/LeapXELA_Hardware_ws/install/leap_hand/share/leap_hand/cmake/leap_hand__rosidl_typesupport_introspection_cppExport.cmake
-- Up-to-date: /workspace/LeapXELA_Hardware_ws/install/leap_hand/share/leap_hand/cmake/leap_hand__rosidl_typesupport_introspection_cppExport-noconfig.cmake
-- Up-to-date: /workspace/LeapXELA_Hardware_ws/install/leap_hand/share/leap_hand/cmake/leap_hand__rosidl_typesupport_cppExport.cmake
-- Up-to-date: /workspace/LeapXELA_Hardware_ws/install/leap_hand/share/leap_hand/cmake/leap_hand__rosidl_typesupport_cppExport-noconfig.cmake
-- Up-to-date: /workspace/LeapXELA_Hardware_ws/install/leap_hand/share/leap_hand/cmake/export_leap_hand__rosidl_generator_pyExport.cmake
-- Up-to-date: /workspace/LeapXELA_Hardware_ws/install/leap_hand/share/leap_hand/cmake/export_leap_hand__rosidl_generator_pyExport-noconfig.cmake
-- Up-to-date: /workspace/LeapXELA_Hardware_ws/install/leap_hand/share/leap_hand/cmake/rosidl_cmake-extras.cmake
-- Up-to-date: /workspace/LeapXELA_Hardware_ws/install/leap_hand/share/leap_hand/cmake/ament_cmake_export_dependencies-extras.cmake
-- Up-to-date: /workspace/LeapXELA_Hardware_ws/install/leap_hand/share/leap_hand/cmake/ament_cmake_export_include_directories-extras.cmake
-- Up-to-date: /workspace/LeapXELA_Hardware_ws/install/leap_hand/share/leap_hand/cmake/ament_cmake_export_libraries-extras.cmake
-- Up-to-date: /workspace/LeapXELA_Hardware_ws/install/leap_hand/share/leap_hand/cmake/ament_cmake_export_targets-extras.cmake
-- Up-to-date: /workspace/LeapXELA_Hardware_ws/install/leap_hand/share/leap_hand/cmake/rosidl_cmake_export_typesupport_targets-extras.cmake
-- Up-to-date: /workspace/LeapXELA_Hardware_ws/install/leap_hand/share/leap_hand/cmake/rosidl_cmake_export_typesupport_libraries-extras.cmake
-- Up-to-date: /workspace/LeapXELA_Hardware_ws/install/leap_hand/share/leap_hand/cmake/leap_handConfig.cmake
-- Up-to-date: /workspace/LeapXELA_Hardware_ws/install/leap_hand/share/leap_hand/cmake/leap_handConfig-version.cmake
-- Up-to-date: /workspace/LeapXELA_Hardware_ws/install/leap_hand/share/leap_hand/package.xml
-- Up-to-date: /workspace/LeapXELA_Hardware_ws/install/leap_hand/lib/leap_hand/leaphand_node.py
-- Up-to-date: /workspace/LeapXELA_Hardware_ws/install/leap_hand/lib/leap_hand/ros2_example.py
-- Up-to-date: /workspace/LeapXELA_Hardware_ws/install/leap_hand/lib/leap_hand/keyboard_node.py
-- Up-to-date: /workspace/LeapXELA_Hardware_ws/install/leap_hand/lib/leap_hand/base.py
-- Up-to-date: /workspace/LeapXELA_Hardware_ws/install/leap_hand/share/leap_hand/config/pose.json
-- Up-to-date: /workspace/LeapXELA_Hardware_ws/install/leap_hand/lib/leap_hand/leap_hand_utils
-- Up-to-date: /workspace/LeapXELA_Hardware_ws/install/leap_hand/lib/leap_hand/leap_hand_utils/__init__.py
-- Up-to-date: /workspace/LeapXELA_Hardware_ws/install/leap_hand/lib/leap_hand/leap_hand_utils/dynamixel_client.py
-- Up-to-date: /workspace/LeapXELA_Hardware_ws/install/leap_hand/lib/leap_hand/leap_hand_utils/leap_hand_utils.py
-- Up-to-date: /workspace/LeapXELA_Hardware_ws/install/leap_hand/share/leap_hand/launch
-- Up-to-date: /workspace/LeapXELA_Hardware_ws/install/leap_hand/share/leap_hand/launch/launch_leap.py
-- Up-to-date: /workspace/LeapXELA_Hardware_ws/install/leap_hand/share/leap_hand/launch/launch_leap_keyboard.py
