[1.940s] Invoking command in '/workspace/LeapXELA_Hardware_ws/build/leap_hand': CMAKE_PREFIX_PATH=/opt/ros/humble /usr/bin/cmake --build /workspace/LeapXELA_Hardware_ws/build/leap_hand -- -j16 -l16
[2.021s] [  1%] Built target leap_hand__cpp
[2.070s] [  1%] Built target ament_cmake_python_copy_leap_hand
[2.089s] [35m[1mConsolidate compiler generated dependencies of target leap_hand__rosidl_typesupport_introspection_cpp[0m
[2.113s] [ 12%] Built target leap_hand__rosidl_typesupport_introspection_cpp
[2.545s] running egg_info
[2.550s] writing leap_hand.egg-info/PKG-INFO
[2.551s] writing dependency_links to leap_hand.egg-info/dependency_links.txt
[2.551s] writing top-level names to leap_hand.egg-info/top_level.txt
[2.554s] reading manifest file 'leap_hand.egg-info/SOURCES.txt'
[2.555s] writing manifest file 'leap_hand.egg-info/SOURCES.txt'
[2.618s] [ 12%] Built target ament_cmake_python_build_leap_hand_egg
[2.622s] [35m[1mConsolidate compiler generated dependencies of target leap_hand__rosidl_typesupport_fastrtps_cpp[0m
[2.648s] [ 23%] Built target leap_hand__rosidl_typesupport_fastrtps_cpp
[2.666s] [35m[1mConsolidate compiler generated dependencies of target leap_hand__rosidl_typesupport_cpp[0m
[2.690s] [ 33%] Built target leap_hand__rosidl_typesupport_cpp
[2.722s] [ 35%] Built target leap_hand__rs
[2.740s] [35m[1mConsolidate compiler generated dependencies of target leap_hand__rosidl_generator_c[0m
[2.761s] [ 46%] Built target leap_hand__rosidl_generator_c
[2.779s] [35m[1mConsolidate compiler generated dependencies of target leap_hand__rosidl_typesupport_fastrtps_c[0m
[2.806s] [ 57%] Built target leap_hand__rosidl_typesupport_fastrtps_c
[2.823s] [35m[1mConsolidate compiler generated dependencies of target leap_hand__rosidl_typesupport_c[0m
[2.842s] [ 67%] Built target leap_hand__rosidl_typesupport_c
[2.862s] [35m[1mConsolidate compiler generated dependencies of target leap_hand__rosidl_typesupport_introspection_c[0m
[2.882s] [ 78%] Built target leap_hand__rosidl_typesupport_introspection_c
[2.913s] [ 78%] Built target leap_hand
[2.943s] [ 80%] Built target leap_hand__py
[2.960s] [35m[1mConsolidate compiler generated dependencies of target leap_hand__rosidl_generator_py[0m
[2.982s] [ 89%] Built target leap_hand__rosidl_generator_py
[2.999s] [35m[1mConsolidate compiler generated dependencies of target leap_hand__rosidl_typesupport_fastrtps_c__pyext[0m
[3.019s] [ 92%] Built target leap_hand__rosidl_typesupport_fastrtps_c__pyext
[3.037s] [35m[1mConsolidate compiler generated dependencies of target leap_hand__rosidl_typesupport_c__pyext[0m
[3.057s] [ 96%] Built target leap_hand__rosidl_typesupport_c__pyext
[3.074s] [35m[1mConsolidate compiler generated dependencies of target leap_hand__rosidl_typesupport_introspection_c__pyext[0m
[3.095s] [100%] Built target leap_hand__rosidl_typesupport_introspection_c__pyext
[3.217s] Invoked command in '/workspace/LeapXELA_Hardware_ws/build/leap_hand' returned '0': CMAKE_PREFIX_PATH=/opt/ros/humble /usr/bin/cmake --build /workspace/LeapXELA_Hardware_ws/build/leap_hand -- -j16 -l16
[3.221s] Invoking command in '/workspace/LeapXELA_Hardware_ws/build/leap_hand': CMAKE_PREFIX_PATH=/opt/ros/humble /usr/bin/cmake --install /workspace/LeapXELA_Hardware_ws/build/leap_hand
[3.270s] -- Install configuration: ""
[3.271s] -- Up-to-date: /workspace/LeapXELA_Hardware_ws/install/leap_hand/share/ament_index/resource_index/rosidl_interfaces/leap_hand
[3.271s] -- Up-to-date: /workspace/LeapXELA_Hardware_ws/install/leap_hand/include/leap_hand/leap_hand
[3.271s] -- Up-to-date: /workspace/LeapXELA_Hardware_ws/install/leap_hand/include/leap_hand/leap_hand/srv
[3.272s] -- Up-to-date: /workspace/LeapXELA_Hardware_ws/install/leap_hand/include/leap_hand/leap_hand/srv/leap_state.h
[3.272s] -- Up-to-date: /workspace/LeapXELA_Hardware_ws/install/leap_hand/include/leap_hand/leap_hand/srv/detail
[3.272s] -- Up-to-date: /workspace/LeapXELA_Hardware_ws/install/leap_hand/include/leap_hand/leap_hand/srv/detail/leap_state__functions.c
[3.272s] -- Up-to-date: /workspace/LeapXELA_Hardware_ws/install/leap_hand/include/leap_hand/leap_hand/srv/detail/leap_velocity__functions.c
[3.272s] -- Up-to-date: /workspace/LeapXELA_Hardware_ws/install/leap_hand/include/leap_hand/leap_hand/srv/detail/leap_effort__struct.h
[3.273s] -- Up-to-date: /workspace/LeapXELA_Hardware_ws/install/leap_hand/include/leap_hand/leap_hand/srv/detail/leap_state__functions.h
[3.273s] -- Up-to-date: /workspace/LeapXELA_Hardware_ws/install/leap_hand/include/leap_hand/leap_hand/srv/detail/leap_effort__type_support.h
[3.273s] -- Up-to-date: /workspace/LeapXELA_Hardware_ws/install/leap_hand/include/leap_hand/leap_hand/srv/detail/leap_velocity__type_support.h
[3.274s] -- Up-to-date: /workspace/LeapXELA_Hardware_ws/install/leap_hand/include/leap_hand/leap_hand/srv/detail/leap_position__functions.c
[3.274s] -- Up-to-date: /workspace/LeapXELA_Hardware_ws/install/leap_hand/include/leap_hand/leap_hand/srv/detail/leap_velocity__struct.h
[3.275s] -- Up-to-date: /workspace/LeapXELA_Hardware_ws/install/leap_hand/include/leap_hand/leap_hand/srv/detail/leap_velocity__functions.h
[3.275s] -- Up-to-date: /workspace/LeapXELA_Hardware_ws/install/leap_hand/include/leap_hand/leap_hand/srv/detail/leap_effort__functions.h
[3.276s] -- Up-to-date: /workspace/LeapXELA_Hardware_ws/install/leap_hand/include/leap_hand/leap_hand/srv/detail/leap_state__type_support.h
[3.276s] -- Up-to-date: /workspace/LeapXELA_Hardware_ws/install/leap_hand/include/leap_hand/leap_hand/srv/detail/leap_position__type_support.h
[3.276s] -- Up-to-date: /workspace/LeapXELA_Hardware_ws/install/leap_hand/include/leap_hand/leap_hand/srv/detail/leap_position__functions.h
[3.276s] -- Up-to-date: /workspace/LeapXELA_Hardware_ws/install/leap_hand/include/leap_hand/leap_hand/srv/detail/leap_position__struct.h
[3.276s] -- Up-to-date: /workspace/LeapXELA_Hardware_ws/install/leap_hand/include/leap_hand/leap_hand/srv/detail/leap_effort__functions.c
[3.277s] -- Up-to-date: /workspace/LeapXELA_Hardware_ws/install/leap_hand/include/leap_hand/leap_hand/srv/detail/leap_state__struct.h
[3.277s] -- Up-to-date: /workspace/LeapXELA_Hardware_ws/install/leap_hand/include/leap_hand/leap_hand/srv/leap_effort.h
[3.277s] -- Up-to-date: /workspace/LeapXELA_Hardware_ws/install/leap_hand/include/leap_hand/leap_hand/srv/leap_position.h
[3.277s] -- Up-to-date: /workspace/LeapXELA_Hardware_ws/install/leap_hand/include/leap_hand/leap_hand/srv/leap_velocity.h
[3.277s] -- Up-to-date: /workspace/LeapXELA_Hardware_ws/install/leap_hand/include/leap_hand/leap_hand/msg
[3.277s] -- Up-to-date: /workspace/LeapXELA_Hardware_ws/install/leap_hand/include/leap_hand/leap_hand/msg/rosidl_generator_c__visibility_control.h
[3.277s] -- Up-to-date: /workspace/LeapXELA_Hardware_ws/install/leap_hand/share/leap_hand/environment/library_path.sh
[3.277s] -- Up-to-date: /workspace/LeapXELA_Hardware_ws/install/leap_hand/share/leap_hand/environment/library_path.dsv
[3.277s] -- Up-to-date: /workspace/LeapXELA_Hardware_ws/install/leap_hand/lib/libleap_hand__rosidl_generator_c.so
[3.278s] -- Up-to-date: /workspace/LeapXELA_Hardware_ws/install/leap_hand/include/leap_hand/leap_hand
[3.278s] -- Up-to-date: /workspace/LeapXELA_Hardware_ws/install/leap_hand/include/leap_hand/leap_hand/srv
[3.278s] -- Up-to-date: /workspace/LeapXELA_Hardware_ws/install/leap_hand/include/leap_hand/leap_hand/srv/detail
[3.278s] -- Up-to-date: /workspace/LeapXELA_Hardware_ws/install/leap_hand/include/leap_hand/leap_hand/srv/detail/leap_effort__rosidl_typesupport_fastrtps_c.h
[3.278s] -- Up-to-date: /workspace/LeapXELA_Hardware_ws/install/leap_hand/include/leap_hand/leap_hand/srv/detail/leap_velocity__rosidl_typesupport_fastrtps_c.h
[3.278s] -- Up-to-date: /workspace/LeapXELA_Hardware_ws/install/leap_hand/include/leap_hand/leap_hand/srv/detail/leap_state__rosidl_typesupport_fastrtps_c.h
[3.278s] -- Up-to-date: /workspace/LeapXELA_Hardware_ws/install/leap_hand/include/leap_hand/leap_hand/srv/detail/leap_position__rosidl_typesupport_fastrtps_c.h
[3.278s] -- Up-to-date: /workspace/LeapXELA_Hardware_ws/install/leap_hand/include/leap_hand/leap_hand/msg
[3.279s] -- Up-to-date: /workspace/LeapXELA_Hardware_ws/install/leap_hand/include/leap_hand/leap_hand/msg/rosidl_typesupport_fastrtps_c__visibility_control.h
[3.279s] -- Up-to-date: /workspace/LeapXELA_Hardware_ws/install/leap_hand/lib/libleap_hand__rosidl_typesupport_fastrtps_c.so
[3.279s] -- Up-to-date: /workspace/LeapXELA_Hardware_ws/install/leap_hand/include/leap_hand/leap_hand
[3.279s] -- Up-to-date: /workspace/LeapXELA_Hardware_ws/install/leap_hand/include/leap_hand/leap_hand/srv
[3.279s] -- Up-to-date: /workspace/LeapXELA_Hardware_ws/install/leap_hand/include/leap_hand/leap_hand/srv/detail
[3.279s] -- Up-to-date: /workspace/LeapXELA_Hardware_ws/install/leap_hand/include/leap_hand/leap_hand/srv/detail/leap_position__type_support.hpp
[3.279s] -- Up-to-date: /workspace/LeapXELA_Hardware_ws/install/leap_hand/include/leap_hand/leap_hand/srv/detail/leap_velocity__builder.hpp
[3.279s] -- Up-to-date: /workspace/LeapXELA_Hardware_ws/install/leap_hand/include/leap_hand/leap_hand/srv/detail/leap_state__type_support.hpp
[3.280s] -- Up-to-date: /workspace/LeapXELA_Hardware_ws/install/leap_hand/include/leap_hand/leap_hand/srv/detail/leap_position__builder.hpp
[3.280s] -- Up-to-date: /workspace/LeapXELA_Hardware_ws/install/leap_hand/include/leap_hand/leap_hand/srv/detail/leap_position__struct.hpp
[3.280s] -- Up-to-date: /workspace/LeapXELA_Hardware_ws/install/leap_hand/include/leap_hand/leap_hand/srv/detail/leap_effort__traits.hpp
[3.280s] -- Up-to-date: /workspace/LeapXELA_Hardware_ws/install/leap_hand/include/leap_hand/leap_hand/srv/detail/leap_effort__type_support.hpp
[3.280s] -- Up-to-date: /workspace/LeapXELA_Hardware_ws/install/leap_hand/include/leap_hand/leap_hand/srv/detail/leap_position__traits.hpp
[3.280s] -- Up-to-date: /workspace/LeapXELA_Hardware_ws/install/leap_hand/include/leap_hand/leap_hand/srv/detail/leap_state__traits.hpp
[3.280s] -- Up-to-date: /workspace/LeapXELA_Hardware_ws/install/leap_hand/include/leap_hand/leap_hand/srv/detail/leap_state__struct.hpp
[3.280s] -- Up-to-date: /workspace/LeapXELA_Hardware_ws/install/leap_hand/include/leap_hand/leap_hand/srv/detail/leap_effort__builder.hpp
[3.281s] -- Up-to-date: /workspace/LeapXELA_Hardware_ws/install/leap_hand/include/leap_hand/leap_hand/srv/detail/leap_velocity__traits.hpp
[3.281s] -- Up-to-date: /workspace/LeapXELA_Hardware_ws/install/leap_hand/include/leap_hand/leap_hand/srv/detail/leap_state__builder.hpp
[3.281s] -- Up-to-date: /workspace/LeapXELA_Hardware_ws/install/leap_hand/include/leap_hand/leap_hand/srv/detail/leap_velocity__struct.hpp
[3.281s] -- Up-to-date: /workspace/LeapXELA_Hardware_ws/install/leap_hand/include/leap_hand/leap_hand/srv/detail/leap_velocity__type_support.hpp
[3.281s] -- Up-to-date: /workspace/LeapXELA_Hardware_ws/install/leap_hand/include/leap_hand/leap_hand/srv/detail/leap_effort__struct.hpp
[3.281s] -- Up-to-date: /workspace/LeapXELA_Hardware_ws/install/leap_hand/include/leap_hand/leap_hand/srv/leap_velocity.hpp
[3.281s] -- Up-to-date: /workspace/LeapXELA_Hardware_ws/install/leap_hand/include/leap_hand/leap_hand/srv/leap_state.hpp
[3.281s] -- Up-to-date: /workspace/LeapXELA_Hardware_ws/install/leap_hand/include/leap_hand/leap_hand/srv/leap_effort.hpp
[3.282s] -- Up-to-date: /workspace/LeapXELA_Hardware_ws/install/leap_hand/include/leap_hand/leap_hand/srv/leap_position.hpp
[3.282s] -- Up-to-date: /workspace/LeapXELA_Hardware_ws/install/leap_hand/include/leap_hand/leap_hand/msg
[3.282s] -- Up-to-date: /workspace/LeapXELA_Hardware_ws/install/leap_hand/include/leap_hand/leap_hand/msg/rosidl_generator_cpp__visibility_control.hpp
[3.282s] -- Up-to-date: /workspace/LeapXELA_Hardware_ws/install/leap_hand/include/leap_hand/leap_hand
[3.282s] -- Up-to-date: /workspace/LeapXELA_Hardware_ws/install/leap_hand/include/leap_hand/leap_hand/srv
[3.282s] -- Up-to-date: /workspace/LeapXELA_Hardware_ws/install/leap_hand/include/leap_hand/leap_hand/srv/detail
[3.282s] -- Up-to-date: /workspace/LeapXELA_Hardware_ws/install/leap_hand/include/leap_hand/leap_hand/srv/detail/leap_velocity__rosidl_typesupport_fastrtps_cpp.hpp
[3.282s] -- Up-to-date: /workspace/LeapXELA_Hardware_ws/install/leap_hand/include/leap_hand/leap_hand/srv/detail/leap_position__rosidl_typesupport_fastrtps_cpp.hpp
[3.282s] -- Up-to-date: /workspace/LeapXELA_Hardware_ws/install/leap_hand/include/leap_hand/leap_hand/srv/detail/leap_state__rosidl_typesupport_fastrtps_cpp.hpp
[3.282s] -- Up-to-date: /workspace/LeapXELA_Hardware_ws/install/leap_hand/include/leap_hand/leap_hand/srv/detail/leap_effort__rosidl_typesupport_fastrtps_cpp.hpp
[3.283s] -- Up-to-date: /workspace/LeapXELA_Hardware_ws/install/leap_hand/include/leap_hand/leap_hand/srv/detail/dds_fastrtps
[3.283s] -- Up-to-date: /workspace/LeapXELA_Hardware_ws/install/leap_hand/include/leap_hand/leap_hand/msg
[3.283s] -- Up-to-date: /workspace/LeapXELA_Hardware_ws/install/leap_hand/include/leap_hand/leap_hand/msg/rosidl_typesupport_fastrtps_cpp__visibility_control.h
[3.283s] -- Up-to-date: /workspace/LeapXELA_Hardware_ws/install/leap_hand/lib/libleap_hand__rosidl_typesupport_fastrtps_cpp.so
[3.283s] -- Up-to-date: /workspace/LeapXELA_Hardware_ws/install/leap_hand/include/leap_hand/leap_hand
[3.283s] -- Up-to-date: /workspace/LeapXELA_Hardware_ws/install/leap_hand/include/leap_hand/leap_hand/srv
[3.283s] -- Up-to-date: /workspace/LeapXELA_Hardware_ws/install/leap_hand/include/leap_hand/leap_hand/srv/detail
[3.284s] -- Up-to-date: /workspace/LeapXELA_Hardware_ws/install/leap_hand/include/leap_hand/leap_hand/srv/detail/leap_state__type_support.c
[3.284s] -- Up-to-date: /workspace/LeapXELA_Hardware_ws/install/leap_hand/include/leap_hand/leap_hand/srv/detail/leap_velocity__type_support.c
[3.284s] -- Up-to-date: /workspace/LeapXELA_Hardware_ws/install/leap_hand/include/leap_hand/leap_hand/srv/detail/leap_state__rosidl_typesupport_introspection_c.h
[3.284s] -- Up-to-date: /workspace/LeapXELA_Hardware_ws/install/leap_hand/include/leap_hand/leap_hand/srv/detail/leap_position__type_support.c
[3.285s] -- Up-to-date: /workspace/LeapXELA_Hardware_ws/install/leap_hand/include/leap_hand/leap_hand/srv/detail/leap_position__rosidl_typesupport_introspection_c.h
[3.285s] -- Up-to-date: /workspace/LeapXELA_Hardware_ws/install/leap_hand/include/leap_hand/leap_hand/srv/detail/leap_velocity__rosidl_typesupport_introspection_c.h
[3.285s] -- Up-to-date: /workspace/LeapXELA_Hardware_ws/install/leap_hand/include/leap_hand/leap_hand/srv/detail/leap_effort__rosidl_typesupport_introspection_c.h
[3.285s] -- Up-to-date: /workspace/LeapXELA_Hardware_ws/install/leap_hand/include/leap_hand/leap_hand/srv/detail/leap_effort__type_support.c
[3.285s] -- Up-to-date: /workspace/LeapXELA_Hardware_ws/install/leap_hand/include/leap_hand/leap_hand/msg
[3.285s] -- Up-to-date: /workspace/LeapXELA_Hardware_ws/install/leap_hand/include/leap_hand/leap_hand/msg/rosidl_typesupport_introspection_c__visibility_control.h
[3.285s] -- Up-to-date: /workspace/LeapXELA_Hardware_ws/install/leap_hand/lib/libleap_hand__rosidl_typesupport_introspection_c.so
[3.285s] -- Up-to-date: /workspace/LeapXELA_Hardware_ws/install/leap_hand/lib/libleap_hand__rosidl_typesupport_c.so
[3.286s] -- Up-to-date: /workspace/LeapXELA_Hardware_ws/install/leap_hand/include/leap_hand/leap_hand
[3.286s] -- Up-to-date: /workspace/LeapXELA_Hardware_ws/install/leap_hand/include/leap_hand/leap_hand/srv
[3.286s] -- Up-to-date: /workspace/LeapXELA_Hardware_ws/install/leap_hand/include/leap_hand/leap_hand/srv/detail
[3.286s] -- Up-to-date: /workspace/LeapXELA_Hardware_ws/install/leap_hand/include/leap_hand/leap_hand/srv/detail/leap_position__type_support.cpp
[3.286s] -- Up-to-date: /workspace/LeapXELA_Hardware_ws/install/leap_hand/include/leap_hand/leap_hand/srv/detail/leap_state__rosidl_typesupport_introspection_cpp.hpp
[3.286s] -- Up-to-date: /workspace/LeapXELA_Hardware_ws/install/leap_hand/include/leap_hand/leap_hand/srv/detail/leap_velocity__rosidl_typesupport_introspection_cpp.hpp
[3.286s] -- Up-to-date: /workspace/LeapXELA_Hardware_ws/install/leap_hand/include/leap_hand/leap_hand/srv/detail/leap_state__type_support.cpp
[3.287s] -- Up-to-date: /workspace/LeapXELA_Hardware_ws/install/leap_hand/include/leap_hand/leap_hand/srv/detail/leap_effort__rosidl_typesupport_introspection_cpp.hpp
[3.287s] -- Up-to-date: /workspace/LeapXELA_Hardware_ws/install/leap_hand/include/leap_hand/leap_hand/srv/detail/leap_effort__type_support.cpp
[3.287s] -- Up-to-date: /workspace/LeapXELA_Hardware_ws/install/leap_hand/include/leap_hand/leap_hand/srv/detail/leap_velocity__type_support.cpp
[3.287s] -- Up-to-date: /workspace/LeapXELA_Hardware_ws/install/leap_hand/include/leap_hand/leap_hand/srv/detail/leap_position__rosidl_typesupport_introspection_cpp.hpp
[3.287s] -- Up-to-date: /workspace/LeapXELA_Hardware_ws/install/leap_hand/lib/libleap_hand__rosidl_typesupport_introspection_cpp.so
[3.287s] -- Up-to-date: /workspace/LeapXELA_Hardware_ws/install/leap_hand/lib/libleap_hand__rosidl_typesupport_cpp.so
[3.287s] -- Up-to-date: /workspace/LeapXELA_Hardware_ws/install/leap_hand/share/leap_hand/environment/pythonpath.sh
[3.287s] -- Up-to-date: /workspace/LeapXELA_Hardware_ws/install/leap_hand/share/leap_hand/environment/pythonpath.dsv
[3.287s] -- Up-to-date: /workspace/LeapXELA_Hardware_ws/install/leap_hand/local/lib/python3.10/dist-packages/leap_hand-0.0.0-py3.10.egg-info
[3.288s] -- Installing: /workspace/LeapXELA_Hardware_ws/install/leap_hand/local/lib/python3.10/dist-packages/leap_hand-0.0.0-py3.10.egg-info/dependency_links.txt
[3.288s] -- Installing: /workspace/LeapXELA_Hardware_ws/install/leap_hand/local/lib/python3.10/dist-packages/leap_hand-0.0.0-py3.10.egg-info/SOURCES.txt
[3.288s] -- Installing: /workspace/LeapXELA_Hardware_ws/install/leap_hand/local/lib/python3.10/dist-packages/leap_hand-0.0.0-py3.10.egg-info/PKG-INFO
[3.288s] -- Installing: /workspace/LeapXELA_Hardware_ws/install/leap_hand/local/lib/python3.10/dist-packages/leap_hand-0.0.0-py3.10.egg-info/top_level.txt
[3.288s] -- Up-to-date: /workspace/LeapXELA_Hardware_ws/install/leap_hand/local/lib/python3.10/dist-packages/leap_hand
[3.288s] -- Up-to-date: /workspace/LeapXELA_Hardware_ws/install/leap_hand/local/lib/python3.10/dist-packages/leap_hand/__init__.py
[3.288s] -- Up-to-date: /workspace/LeapXELA_Hardware_ws/install/leap_hand/local/lib/python3.10/dist-packages/leap_hand/_leap_hand_s.ep.rosidl_typesupport_c.c
[3.288s] -- Up-to-date: /workspace/LeapXELA_Hardware_ws/install/leap_hand/local/lib/python3.10/dist-packages/leap_hand/_leap_hand_s.ep.rosidl_typesupport_introspection_c.c
[3.289s] -- Up-to-date: /workspace/LeapXELA_Hardware_ws/install/leap_hand/local/lib/python3.10/dist-packages/leap_hand/leap_hand_s__rosidl_typesupport_c.cpython-310-x86_64-linux-gnu.so
[3.289s] -- Up-to-date: /workspace/LeapXELA_Hardware_ws/install/leap_hand/local/lib/python3.10/dist-packages/leap_hand/_leap_hand_s.ep.rosidl_typesupport_fastrtps_c.c
[3.289s] -- Up-to-date: /workspace/LeapXELA_Hardware_ws/install/leap_hand/local/lib/python3.10/dist-packages/leap_hand/leap_hand_s__rosidl_typesupport_introspection_c.cpython-310-x86_64-linux-gnu.so
[3.289s] -- Up-to-date: /workspace/LeapXELA_Hardware_ws/install/leap_hand/local/lib/python3.10/dist-packages/leap_hand/srv
[3.289s] -- Up-to-date: /workspace/LeapXELA_Hardware_ws/install/leap_hand/local/lib/python3.10/dist-packages/leap_hand/srv/__init__.py
[3.289s] -- Up-to-date: /workspace/LeapXELA_Hardware_ws/install/leap_hand/local/lib/python3.10/dist-packages/leap_hand/srv/_leap_position.py
[3.289s] -- Up-to-date: /workspace/LeapXELA_Hardware_ws/install/leap_hand/local/lib/python3.10/dist-packages/leap_hand/srv/_leap_effort_s.c
[3.290s] -- Up-to-date: /workspace/LeapXELA_Hardware_ws/install/leap_hand/local/lib/python3.10/dist-packages/leap_hand/srv/_leap_position_s.c
[3.290s] -- Up-to-date: /workspace/LeapXELA_Hardware_ws/install/leap_hand/local/lib/python3.10/dist-packages/leap_hand/srv/_leap_state.py
[3.290s] -- Up-to-date: /workspace/LeapXELA_Hardware_ws/install/leap_hand/local/lib/python3.10/dist-packages/leap_hand/srv/_leap_velocity_s.c
[3.290s] -- Up-to-date: /workspace/LeapXELA_Hardware_ws/install/leap_hand/local/lib/python3.10/dist-packages/leap_hand/srv/_leap_state_s.c
[3.290s] -- Up-to-date: /workspace/LeapXELA_Hardware_ws/install/leap_hand/local/lib/python3.10/dist-packages/leap_hand/srv/_leap_velocity.py
[3.290s] -- Up-to-date: /workspace/LeapXELA_Hardware_ws/install/leap_hand/local/lib/python3.10/dist-packages/leap_hand/srv/_leap_effort.py
[3.290s] -- Up-to-date: /workspace/LeapXELA_Hardware_ws/install/leap_hand/local/lib/python3.10/dist-packages/leap_hand/leap_hand_s__rosidl_typesupport_fastrtps_c.cpython-310-x86_64-linux-gnu.so
[3.290s] -- Up-to-date: /workspace/LeapXELA_Hardware_ws/install/leap_hand/local/lib/python3.10/dist-packages/leap_hand/libleap_hand__rosidl_generator_py.so
[3.305s] Listing '/workspace/LeapXELA_Hardware_ws/install/leap_hand/local/lib/python3.10/dist-packages/leap_hand'...
[3.305s] Listing '/workspace/LeapXELA_Hardware_ws/install/leap_hand/local/lib/python3.10/dist-packages/leap_hand/srv'...
[3.314s] -- Up-to-date: /workspace/LeapXELA_Hardware_ws/install/leap_hand/local/lib/python3.10/dist-packages/leap_hand/leap_hand_s__rosidl_typesupport_fastrtps_c.cpython-310-x86_64-linux-gnu.so
[3.314s] -- Up-to-date: /workspace/LeapXELA_Hardware_ws/install/leap_hand/local/lib/python3.10/dist-packages/leap_hand/leap_hand_s__rosidl_typesupport_introspection_c.cpython-310-x86_64-linux-gnu.so
[3.314s] -- Up-to-date: /workspace/LeapXELA_Hardware_ws/install/leap_hand/local/lib/python3.10/dist-packages/leap_hand/leap_hand_s__rosidl_typesupport_c.cpython-310-x86_64-linux-gnu.so
[3.315s] -- Up-to-date: /workspace/LeapXELA_Hardware_ws/install/leap_hand/lib/libleap_hand__rosidl_generator_py.so
[3.315s] -- Up-to-date: /workspace/LeapXELA_Hardware_ws/install/leap_hand/share/ament_index/resource_index/rust_packages/leap_hand
[3.316s] -- Up-to-date: /workspace/LeapXELA_Hardware_ws/install/leap_hand/share/leap_hand/rust
[3.316s] -- Up-to-date: /workspace/LeapXELA_Hardware_ws/install/leap_hand/share/leap_hand/rust/Cargo.toml
[3.316s] -- Up-to-date: /workspace/LeapXELA_Hardware_ws/install/leap_hand/share/leap_hand/rust/src
[3.316s] -- Up-to-date: /workspace/LeapXELA_Hardware_ws/install/leap_hand/share/leap_hand/rust/src/lib.rs
[3.316s] -- Up-to-date: /workspace/LeapXELA_Hardware_ws/install/leap_hand/share/leap_hand/rust/src/srv
[3.316s] -- Up-to-date: /workspace/LeapXELA_Hardware_ws/install/leap_hand/share/leap_hand/rust/src/srv/rmw.rs
[3.317s] -- Up-to-date: /workspace/LeapXELA_Hardware_ws/install/leap_hand/share/leap_hand/rust/src/srv.rs
[3.318s] -- Up-to-date: /workspace/LeapXELA_Hardware_ws/install/leap_hand/share/leap_hand/rust/build.rs
[3.320s] -- Up-to-date: /workspace/LeapXELA_Hardware_ws/install/leap_hand/share/leap_hand/srv/LeapVelocity.idl
[3.320s] -- Up-to-date: /workspace/LeapXELA_Hardware_ws/install/leap_hand/share/leap_hand/srv/LeapPosition.idl
[3.320s] -- Up-to-date: /workspace/LeapXELA_Hardware_ws/install/leap_hand/share/leap_hand/srv/LeapEffort.idl
[3.320s] -- Up-to-date: /workspace/LeapXELA_Hardware_ws/install/leap_hand/share/leap_hand/srv/LeapState.idl
[3.321s] -- Up-to-date: /workspace/LeapXELA_Hardware_ws/install/leap_hand/share/leap_hand/srv/LeapVelocity.srv
[3.321s] -- Up-to-date: /workspace/LeapXELA_Hardware_ws/install/leap_hand/share/leap_hand/srv/LeapVelocity_Request.msg
[3.321s] -- Up-to-date: /workspace/LeapXELA_Hardware_ws/install/leap_hand/share/leap_hand/srv/LeapVelocity_Response.msg
[3.321s] -- Up-to-date: /workspace/LeapXELA_Hardware_ws/install/leap_hand/share/leap_hand/srv/LeapPosition.srv
[3.321s] -- Up-to-date: /workspace/LeapXELA_Hardware_ws/install/leap_hand/share/leap_hand/srv/LeapPosition_Request.msg
[3.321s] -- Up-to-date: /workspace/LeapXELA_Hardware_ws/install/leap_hand/share/leap_hand/srv/LeapPosition_Response.msg
[3.322s] -- Up-to-date: /workspace/LeapXELA_Hardware_ws/install/leap_hand/share/leap_hand/srv/LeapEffort.srv
[3.322s] -- Up-to-date: /workspace/LeapXELA_Hardware_ws/install/leap_hand/share/leap_hand/srv/LeapEffort_Request.msg
[3.322s] -- Up-to-date: /workspace/LeapXELA_Hardware_ws/install/leap_hand/share/leap_hand/srv/LeapEffort_Response.msg
[3.322s] -- Up-to-date: /workspace/LeapXELA_Hardware_ws/install/leap_hand/share/leap_hand/srv/LeapState.srv
[3.322s] -- Up-to-date: /workspace/LeapXELA_Hardware_ws/install/leap_hand/share/leap_hand/srv/LeapState_Request.msg
[3.322s] -- Up-to-date: /workspace/LeapXELA_Hardware_ws/install/leap_hand/share/leap_hand/srv/LeapState_Response.msg
[3.323s] -- Up-to-date: /workspace/LeapXELA_Hardware_ws/install/leap_hand/share/ament_index/resource_index/package_run_dependencies/leap_hand
[3.323s] -- Up-to-date: /workspace/LeapXELA_Hardware_ws/install/leap_hand/share/ament_index/resource_index/parent_prefix_path/leap_hand
[3.323s] -- Up-to-date: /workspace/LeapXELA_Hardware_ws/install/leap_hand/share/leap_hand/environment/ament_prefix_path.sh
[3.323s] -- Up-to-date: /workspace/LeapXELA_Hardware_ws/install/leap_hand/share/leap_hand/environment/ament_prefix_path.dsv
[3.324s] -- Up-to-date: /workspace/LeapXELA_Hardware_ws/install/leap_hand/share/leap_hand/environment/path.sh
[3.324s] -- Up-to-date: /workspace/LeapXELA_Hardware_ws/install/leap_hand/share/leap_hand/environment/path.dsv
[3.325s] -- Up-to-date: /workspace/LeapXELA_Hardware_ws/install/leap_hand/share/leap_hand/local_setup.bash
[3.325s] -- Up-to-date: /workspace/LeapXELA_Hardware_ws/install/leap_hand/share/leap_hand/local_setup.sh
[3.325s] -- Up-to-date: /workspace/LeapXELA_Hardware_ws/install/leap_hand/share/leap_hand/local_setup.zsh
[3.325s] -- Up-to-date: /workspace/LeapXELA_Hardware_ws/install/leap_hand/share/leap_hand/local_setup.dsv
[3.325s] -- Installing: /workspace/LeapXELA_Hardware_ws/install/leap_hand/share/leap_hand/package.dsv
[3.326s] -- Up-to-date: /workspace/LeapXELA_Hardware_ws/install/leap_hand/share/ament_index/resource_index/packages/leap_hand
[3.327s] -- Up-to-date: /workspace/LeapXELA_Hardware_ws/install/leap_hand/share/leap_hand/cmake/export_leap_hand__rosidl_generator_cExport.cmake
[3.327s] -- Up-to-date: /workspace/LeapXELA_Hardware_ws/install/leap_hand/share/leap_hand/cmake/export_leap_hand__rosidl_generator_cExport-noconfig.cmake
[3.327s] -- Up-to-date: /workspace/LeapXELA_Hardware_ws/install/leap_hand/share/leap_hand/cmake/export_leap_hand__rosidl_typesupport_fastrtps_cExport.cmake
[3.327s] -- Up-to-date: /workspace/LeapXELA_Hardware_ws/install/leap_hand/share/leap_hand/cmake/export_leap_hand__rosidl_typesupport_fastrtps_cExport-noconfig.cmake
[3.327s] -- Up-to-date: /workspace/LeapXELA_Hardware_ws/install/leap_hand/share/leap_hand/cmake/export_leap_hand__rosidl_generator_cppExport.cmake
[3.327s] -- Up-to-date: /workspace/LeapXELA_Hardware_ws/install/leap_hand/share/leap_hand/cmake/export_leap_hand__rosidl_typesupport_fastrtps_cppExport.cmake
[3.328s] -- Up-to-date: /workspace/LeapXELA_Hardware_ws/install/leap_hand/share/leap_hand/cmake/export_leap_hand__rosidl_typesupport_fastrtps_cppExport-noconfig.cmake
[3.328s] -- Up-to-date: /workspace/LeapXELA_Hardware_ws/install/leap_hand/share/leap_hand/cmake/leap_hand__rosidl_typesupport_introspection_cExport.cmake
[3.328s] -- Up-to-date: /workspace/LeapXELA_Hardware_ws/install/leap_hand/share/leap_hand/cmake/leap_hand__rosidl_typesupport_introspection_cExport-noconfig.cmake
[3.328s] -- Up-to-date: /workspace/LeapXELA_Hardware_ws/install/leap_hand/share/leap_hand/cmake/leap_hand__rosidl_typesupport_cExport.cmake
[3.329s] -- Up-to-date: /workspace/LeapXELA_Hardware_ws/install/leap_hand/share/leap_hand/cmake/leap_hand__rosidl_typesupport_cExport-noconfig.cmake
[3.329s] -- Up-to-date: /workspace/LeapXELA_Hardware_ws/install/leap_hand/share/leap_hand/cmake/leap_hand__rosidl_typesupport_introspection_cppExport.cmake
[3.329s] -- Up-to-date: /workspace/LeapXELA_Hardware_ws/install/leap_hand/share/leap_hand/cmake/leap_hand__rosidl_typesupport_introspection_cppExport-noconfig.cmake
[3.329s] -- Up-to-date: /workspace/LeapXELA_Hardware_ws/install/leap_hand/share/leap_hand/cmake/leap_hand__rosidl_typesupport_cppExport.cmake
[3.329s] -- Up-to-date: /workspace/LeapXELA_Hardware_ws/install/leap_hand/share/leap_hand/cmake/leap_hand__rosidl_typesupport_cppExport-noconfig.cmake
[3.330s] -- Up-to-date: /workspace/LeapXELA_Hardware_ws/install/leap_hand/share/leap_hand/cmake/export_leap_hand__rosidl_generator_pyExport.cmake
[3.330s] -- Up-to-date: /workspace/LeapXELA_Hardware_ws/install/leap_hand/share/leap_hand/cmake/export_leap_hand__rosidl_generator_pyExport-noconfig.cmake
[3.330s] -- Up-to-date: /workspace/LeapXELA_Hardware_ws/install/leap_hand/share/leap_hand/cmake/rosidl_cmake-extras.cmake
[3.330s] -- Up-to-date: /workspace/LeapXELA_Hardware_ws/install/leap_hand/share/leap_hand/cmake/ament_cmake_export_dependencies-extras.cmake
[3.331s] -- Up-to-date: /workspace/LeapXELA_Hardware_ws/install/leap_hand/share/leap_hand/cmake/ament_cmake_export_include_directories-extras.cmake
[3.331s] -- Up-to-date: /workspace/LeapXELA_Hardware_ws/install/leap_hand/share/leap_hand/cmake/ament_cmake_export_libraries-extras.cmake
[3.331s] -- Up-to-date: /workspace/LeapXELA_Hardware_ws/install/leap_hand/share/leap_hand/cmake/ament_cmake_export_targets-extras.cmake
[3.331s] -- Up-to-date: /workspace/LeapXELA_Hardware_ws/install/leap_hand/share/leap_hand/cmake/rosidl_cmake_export_typesupport_targets-extras.cmake
[3.331s] -- Up-to-date: /workspace/LeapXELA_Hardware_ws/install/leap_hand/share/leap_hand/cmake/rosidl_cmake_export_typesupport_libraries-extras.cmake
[3.332s] -- Up-to-date: /workspace/LeapXELA_Hardware_ws/install/leap_hand/share/leap_hand/cmake/leap_handConfig.cmake
[3.332s] -- Up-to-date: /workspace/LeapXELA_Hardware_ws/install/leap_hand/share/leap_hand/cmake/leap_handConfig-version.cmake
[3.332s] -- Up-to-date: /workspace/LeapXELA_Hardware_ws/install/leap_hand/share/leap_hand/package.xml
[3.332s] -- Up-to-date: /workspace/LeapXELA_Hardware_ws/install/leap_hand/lib/leap_hand/leaphand_node.py
[3.333s] -- Up-to-date: /workspace/LeapXELA_Hardware_ws/install/leap_hand/lib/leap_hand/ros2_example.py
[3.333s] -- Up-to-date: /workspace/LeapXELA_Hardware_ws/install/leap_hand/lib/leap_hand/keyboard_node.py
[3.333s] -- Up-to-date: /workspace/LeapXELA_Hardware_ws/install/leap_hand/lib/leap_hand/base.py
[3.333s] -- Up-to-date: /workspace/LeapXELA_Hardware_ws/install/leap_hand/share/leap_hand/config/pose.json
[3.334s] -- Up-to-date: /workspace/LeapXELA_Hardware_ws/install/leap_hand/lib/leap_hand/leap_hand_utils
[3.334s] -- Up-to-date: /workspace/LeapXELA_Hardware_ws/install/leap_hand/lib/leap_hand/leap_hand_utils/__init__.py
[3.334s] -- Up-to-date: /workspace/LeapXELA_Hardware_ws/install/leap_hand/lib/leap_hand/leap_hand_utils/dynamixel_client.py
[3.334s] -- Up-to-date: /workspace/LeapXELA_Hardware_ws/install/leap_hand/lib/leap_hand/leap_hand_utils/leap_hand_utils.py
[3.335s] -- Up-to-date: /workspace/LeapXELA_Hardware_ws/install/leap_hand/share/leap_hand/launch
[3.335s] -- Up-to-date: /workspace/LeapXELA_Hardware_ws/install/leap_hand/share/leap_hand/launch/launch_leap.py
[3.335s] -- Up-to-date: /workspace/LeapXELA_Hardware_ws/install/leap_hand/share/leap_hand/launch/launch_leap_keyboard.py
[4.286s] Invoked command in '/workspace/LeapXELA_Hardware_ws/build/leap_hand' returned '0': CMAKE_PREFIX_PATH=/opt/ros/humble /usr/bin/cmake --install /workspace/LeapXELA_Hardware_ws/build/leap_hand
