[0.015s] Invoking command in '/workspace/LeapXELA_Hardware_ws/build/xela_point_cloud_representation': AMENT_PREFIX_PATH=/workspace/LeapXELA_Hardware_ws/install/xela_description:${AMENT_PREFIX_PATH} CMAKE_PREFIX_PATH=/opt/ros/humble PYTHONPATH=/workspace/LeapXELA_Hardware_ws/install/xela_description/lib/python3.10/site-packages:/opt/ros/humble/lib/python3.10/site-packages:/opt/ros/humble/local/lib/python3.10/dist-packages:/usr/local/lib /usr/bin/cmake /workspace/LeapXELA_Hardware_ws/ros_ws/src/xela_point_cloud_representation -DCMAKE_INSTALL_PREFIX=/workspace/LeapXELA_Hardware_ws/install/xela_point_cloud_representation
[0.108s] -- The C compiler identification is GNU 11.4.0
[0.205s] -- The CXX compiler identification is GNU 11.4.0
[0.217s] -- Detecting C compiler ABI info
[0.326s] -- Detecting C compiler ABI info - done
[0.345s] -- Check for working C compiler: /usr/bin/cc - skipped
[0.345s] -- Detecting C compile features
[0.346s] -- Detecting C compile features - done
[0.350s] -- Detecting CXX compiler ABI info
[0.480s] -- Detecting CXX compiler ABI info - done
[0.492s] -- Check for working CXX compiler: /usr/bin/c++ - skipped
[0.493s] -- Detecting CXX compile features
[0.494s] -- Detecting CXX compile features - done
[0.497s] -- Found ament_cmake: 1.3.14 (/opt/ros/humble/share/ament_cmake/cmake)
[0.832s] -- Found Python3: /usr/bin/python3 (found version "3.10.12") found components: Interpreter 
[0.993s] -- Found ament_index_cpp: 1.4.1 (/opt/ros/humble/share/ament_index_cpp/cmake)
[0.996s] -- Found rclcpp: 16.0.19 (/opt/ros/humble/share/rclcpp/cmake)
[1.056s] -- Found rosidl_generator_c: 3.1.8 (/opt/ros/humble/share/rosidl_generator_c/cmake)
[1.063s] -- Found rosidl_adapter: 3.1.8 (/opt/ros/humble/share/rosidl_adapter/cmake)
[1.076s] -- Found rosidl_generator_cpp: 3.1.8 (/opt/ros/humble/share/rosidl_generator_cpp/cmake)
[1.094s] -- Using all available rosidl_typesupport_c: rosidl_typesupport_fastrtps_c;rosidl_typesupport_introspection_c
[1.148s] -- Using all available rosidl_typesupport_cpp: rosidl_typesupport_fastrtps_cpp;rosidl_typesupport_introspection_cpp
[1.523s] -- Found rmw_implementation_cmake: 6.1.2 (/opt/ros/humble/share/rmw_implementation_cmake/cmake)
[1.543s] -- Found rmw_fastrtps_cpp: 6.2.10 (/opt/ros/humble/share/rmw_fastrtps_cpp/cmake)
[2.041s] -- Found OpenSSL: /usr/lib/x86_64-linux-gnu/libcrypto.so (found version "3.0.2")  
[2.119s] -- Found FastRTPS: /opt/ros/humble/include  
[2.232s] -- Using RMW implementation 'rmw_fastrtps_cpp' as default
[2.307s] -- Looking for pthread.h
[2.441s] -- Looking for pthread.h - found
[2.441s] -- Performing Test CMAKE_HAVE_LIBC_PTHREAD
[2.568s] -- Performing Test CMAKE_HAVE_LIBC_PTHREAD - Success
[2.570s] -- Found Threads: TRUE  
[2.934s] -- Found rosidl_default_generators: 1.2.1 (/opt/ros/humble/share/rosidl_default_generators/cmake)
[2.985s] -- Found sensor_msgs: 4.9.1 (/opt/ros/humble/share/sensor_msgs/cmake)
[3.234s] [33mCMake Warning (dev) at /usr/share/cmake-3.22/Modules/FindOpenGL.cmake:315 (message):
[3.234s]   Policy CMP0072 is not set: FindOpenGL prefers GLVND by default when
[3.234s]   available.  Run "cmake --help-policy CMP0072" for policy details.  Use the
[3.235s]   cmake_policy command to set the policy and suppress this warning.
[3.235s] 
[3.235s]   FindOpenGL found both a legacy GL library:
[3.235s] 
[3.235s]     OPENGL_gl_LIBRARY: /usr/lib/x86_64-linux-gnu/libGL.so
[3.235s] 
[3.235s]   and GLVND libraries for OpenGL and GLX:
[3.236s] 
[3.236s]     OPENGL_opengl_LIBRARY: /usr/lib/x86_64-linux-gnu/libOpenGL.so
[3.236s]     OPENGL_glx_LIBRARY: /usr/lib/x86_64-linux-gnu/libGLX.so
[3.236s] 
[3.236s]   OpenGL_GL_PREFERENCE has not been set to "GLVND" or "LEGACY", so for
[3.236s]   compatibility with CMake 3.10 and below the legacy GL library will be used.
[3.236s] Call Stack (most recent call first):
[3.237s]   CMakeLists.txt:14 (find_package)
[3.237s] This warning is for project developers.  Use -Wno-dev to suppress it.
[3.237s] [0m
[3.237s] -- Found OpenGL: /usr/lib/x86_64-linux-gnu/libOpenGL.so   
[3.747s] -- Found ament_cmake_ros: 0.10.0 (/opt/ros/humble/share/ament_cmake_ros/cmake)
[4.402s] -- Using all available rosidl_typesupport_c: rosidl_typesupport_fastrtps_c;rosidl_typesupport_introspection_c
[4.647s] -- Using all available rosidl_typesupport_cpp: rosidl_typesupport_fastrtps_cpp;rosidl_typesupport_introspection_cpp
[4.697s] -- Found PythonInterp: /usr/bin/python3 (found suitable version "3.10.12", minimum required is "3.6") 
[4.699s] -- Found python_cmake_module: 0.10.0 (/opt/ros/humble/share/python_cmake_module/cmake)
[4.752s] -- Found PythonLibs: /usr/lib/x86_64-linux-gnu/libpython3.10.so (found suitable version "3.10.12", minimum required is "3.5") 
[4.752s] -- Using PYTHON_EXECUTABLE: /usr/bin/python3
[4.752s] -- Using PYTHON_INCLUDE_DIRS: /usr/include/python3.10
[4.752s] -- Using PYTHON_LIBRARIES: /usr/lib/x86_64-linux-gnu/libpython3.10.so
[4.803s] -- Found PythonExtra: .so  
[5.000s] [0mCMake Deprecation Warning at /opt/ros/humble/share/rosidl_cmake/cmake/rosidl_target_interfaces.cmake:32 (message):
[5.000s]   Use rosidl_get_typesupport_target() and target_link_libraries() instead of
[5.000s]   rosidl_target_interfaces()
[5.000s] Call Stack (most recent call first):
[5.000s]   CMakeLists.txt:39 (rosidl_target_interfaces)
[5.000s] 
[5.001s] [0m
[5.010s] -- Configuring done
[5.069s] -- Generating done
[5.090s] -- Build files have been written to: /workspace/LeapXELA_Hardware_ws/build/xela_point_cloud_representation
[5.107s] Invoked command in '/workspace/LeapXELA_Hardware_ws/build/xela_point_cloud_representation' returned '0': AMENT_PREFIX_PATH=/workspace/LeapXELA_Hardware_ws/install/xela_description:${AMENT_PREFIX_PATH} CMAKE_PREFIX_PATH=/opt/ros/humble PYTHONPATH=/workspace/LeapXELA_Hardware_ws/install/xela_description/lib/python3.10/site-packages:/opt/ros/humble/lib/python3.10/site-packages:/opt/ros/humble/local/lib/python3.10/dist-packages:/usr/local/lib /usr/bin/cmake /workspace/LeapXELA_Hardware_ws/ros_ws/src/xela_point_cloud_representation -DCMAKE_INSTALL_PREFIX=/workspace/LeapXELA_Hardware_ws/install/xela_point_cloud_representation
[5.109s] Invoking command in '/workspace/LeapXELA_Hardware_ws/build/xela_point_cloud_representation': AMENT_PREFIX_PATH=/workspace/LeapXELA_Hardware_ws/install/xela_description:${AMENT_PREFIX_PATH} CMAKE_PREFIX_PATH=/opt/ros/humble PYTHONPATH=/workspace/LeapXELA_Hardware_ws/install/xela_description/lib/python3.10/site-packages:/opt/ros/humble/lib/python3.10/site-packages:/opt/ros/humble/local/lib/python3.10/dist-packages:/usr/local/lib /usr/bin/cmake --build /workspace/LeapXELA_Hardware_ws/build/xela_point_cloud_representation -- -j16 -l16
[5.187s] [  2%] [34m[1mGenerating Rust code for ROS interfaces[0m
[5.629s] [  2%] Built target xela_point_cloud_representation__rs
[5.670s] [  2%] Built target ament_cmake_python_copy_xela_point_cloud_representation
[5.699s] [  4%] [34m[1mGenerating C++ code for ROS interfaces[0m
[6.229s] [  4%] Built target xela_point_cloud_representation__cpp
[6.639s] running egg_info
[6.641s] creating xela_point_cloud_representation.egg-info
[6.642s] writing xela_point_cloud_representation.egg-info/PKG-INFO
[6.642s] writing dependency_links to xela_point_cloud_representation.egg-info/dependency_links.txt
[6.642s] writing top-level names to xela_point_cloud_representation.egg-info/top_level.txt
[6.643s] writing manifest file 'xela_point_cloud_representation.egg-info/SOURCES.txt'
[6.648s] reading manifest file 'xela_point_cloud_representation.egg-info/SOURCES.txt'
[6.649s] writing manifest file 'xela_point_cloud_representation.egg-info/SOURCES.txt'
[6.694s] [  4%] Built target ament_cmake_python_build_xela_point_cloud_representation_egg
[6.709s] [  6%] [34m[1mGenerating C++ type support dispatch for ROS interfaces[0m
[7.091s] [  9%] [32mBuilding CXX object CMakeFiles/xela_point_cloud_representation__rosidl_typesupport_cpp.dir/rosidl_typesupport_cpp/xela_point_cloud_representation/msg/texel__type_support.cpp.o[0m
[7.491s] [ 11%] [32mBuilding CXX object CMakeFiles/xela_point_cloud_representation__rosidl_typesupport_cpp.dir/rosidl_typesupport_cpp/xela_point_cloud_representation/msg/hand_sensors__type_support.cpp.o[0m
[7.881s] [ 13%] [32m[1mLinking CXX shared library libxela_point_cloud_representation__rosidl_typesupport_cpp.so[0m
[7.947s] [ 13%] Built target xela_point_cloud_representation__rosidl_typesupport_cpp
[7.962s] [ 16%] [34m[1mGenerating C++ introspection for ROS interfaces[0m
[8.385s] [ 18%] [32mBuilding CXX object CMakeFiles/xela_point_cloud_representation__rosidl_typesupport_introspection_cpp.dir/rosidl_typesupport_introspection_cpp/xela_point_cloud_representation/msg/detail/texel__type_support.cpp.o[0m
[8.984s] [ 20%] [32mBuilding CXX object CMakeFiles/xela_point_cloud_representation__rosidl_typesupport_introspection_cpp.dir/rosidl_typesupport_introspection_cpp/xela_point_cloud_representation/msg/detail/hand_sensors__type_support.cpp.o[0m
[9.620s] [ 23%] [32m[1mLinking CXX shared library libxela_point_cloud_representation__rosidl_typesupport_introspection_cpp.so[0m
[9.737s] [ 23%] Built target xela_point_cloud_representation__rosidl_typesupport_introspection_cpp
[9.753s] [ 25%] [34m[1mGenerating C++ type support for eProsima Fast-RTPS[0m
[10.195s] [ 27%] [32mBuilding CXX object CMakeFiles/xela_point_cloud_representation__rosidl_typesupport_fastrtps_cpp.dir/rosidl_typesupport_fastrtps_cpp/xela_point_cloud_representation/msg/detail/dds_fastrtps/texel__type_support.cpp.o[0m
[10.848s] [ 30%] [32mBuilding CXX object CMakeFiles/xela_point_cloud_representation__rosidl_typesupport_fastrtps_cpp.dir/rosidl_typesupport_fastrtps_cpp/xela_point_cloud_representation/msg/detail/dds_fastrtps/hand_sensors__type_support.cpp.o[0m
[11.534s] [ 32%] [32m[1mLinking CXX shared library libxela_point_cloud_representation__rosidl_typesupport_fastrtps_cpp.so[0m
[11.651s] [ 32%] Built target xela_point_cloud_representation__rosidl_typesupport_fastrtps_cpp
[11.667s] [ 34%] [34m[1mGenerating C code for ROS interfaces[0m
[12.313s] [ 37%] [32mBuilding C object CMakeFiles/xela_point_cloud_representation__rosidl_generator_c.dir/rosidl_generator_c/xela_point_cloud_representation/msg/detail/texel__functions.c.o[0m
[12.462s] [ 39%] [32mBuilding C object CMakeFiles/xela_point_cloud_representation__rosidl_generator_c.dir/rosidl_generator_c/xela_point_cloud_representation/msg/detail/hand_sensors__functions.c.o[0m
[12.548s] [ 41%] [32m[1mLinking C shared library libxela_point_cloud_representation__rosidl_generator_c.so[0m
[12.611s] [ 41%] Built target xela_point_cloud_representation__rosidl_generator_c
[12.627s] [ 44%] [34m[1mGenerating C type support for eProsima Fast-RTPS[0m
[13.233s] [ 46%] [32mBuilding CXX object CMakeFiles/xela_point_cloud_representation__rosidl_typesupport_fastrtps_c.dir/rosidl_typesupport_fastrtps_c/xela_point_cloud_representation/msg/detail/texel__type_support_c.cpp.o[0m
[13.851s] [ 48%] [32mBuilding CXX object CMakeFiles/xela_point_cloud_representation__rosidl_typesupport_fastrtps_c.dir/rosidl_typesupport_fastrtps_c/xela_point_cloud_representation/msg/detail/hand_sensors__type_support_c.cpp.o[0m
[14.447s] [ 51%] [32m[1mLinking CXX shared library libxela_point_cloud_representation__rosidl_typesupport_fastrtps_c.so[0m
[14.576s] [ 51%] Built target xela_point_cloud_representation__rosidl_typesupport_fastrtps_c
[14.591s] [ 53%] [34m[1mGenerating C type support dispatch for ROS interfaces[0m
[14.991s] [ 55%] [32mBuilding CXX object CMakeFiles/xela_point_cloud_representation__rosidl_typesupport_c.dir/rosidl_typesupport_c/xela_point_cloud_representation/msg/texel__type_support.cpp.o[0m
[15.047s] [ 58%] [32mBuilding CXX object CMakeFiles/xela_point_cloud_representation__rosidl_typesupport_c.dir/rosidl_typesupport_c/xela_point_cloud_representation/msg/hand_sensors__type_support.cpp.o[0m
[15.093s] [ 60%] [32m[1mLinking CXX shared library libxela_point_cloud_representation__rosidl_typesupport_c.so[0m
[15.155s] [ 60%] Built target xela_point_cloud_representation__rosidl_typesupport_c
[15.171s] [ 62%] [34m[1mGenerating C introspection for ROS interfaces[0m
[15.636s] [ 65%] [32mBuilding C object CMakeFiles/xela_point_cloud_representation__rosidl_typesupport_introspection_c.dir/rosidl_typesupport_introspection_c/xela_point_cloud_representation/msg/detail/texel__type_support.c.o[0m
[15.698s] [ 67%] [32mBuilding C object CMakeFiles/xela_point_cloud_representation__rosidl_typesupport_introspection_c.dir/rosidl_typesupport_introspection_c/xela_point_cloud_representation/msg/detail/hand_sensors__type_support.c.o[0m
[15.761s] [ 69%] [32m[1mLinking C shared library libxela_point_cloud_representation__rosidl_typesupport_introspection_c.so[0m
[15.807s] [ 69%] Built target xela_point_cloud_representation__rosidl_typesupport_introspection_c
[15.836s] [ 69%] Built target xela_point_cloud_representation
[15.866s] [ 72%] [34m[1mGenerating Python code for ROS interfaces[0m
[16.543s] [ 72%] Built target xela_point_cloud_representation__py
[16.575s] [ 74%] [32mBuilding CXX object CMakeFiles/process_hand_sensors_into_pointcloud.dir/src/process_hand_sensors_into_pointcloud.cc.o[0m
[38.388s] [ 76%] [32mBuilding CXX object CMakeFiles/process_hand_sensors_into_pointcloud.dir/src/camera_control.cc.o[0m
[39.323s] [ 79%] [32m[1mLinking CXX executable process_hand_sensors_into_pointcloud[0m
[40.534s] [ 79%] Built target process_hand_sensors_into_pointcloud
[40.566s] [ 81%] [32mBuilding C object CMakeFiles/xela_point_cloud_representation__rosidl_generator_py.dir/rosidl_generator_py/xela_point_cloud_representation/msg/_texel_s.c.o[0m
[40.743s] [ 83%] [32mBuilding C object CMakeFiles/xela_point_cloud_representation__rosidl_generator_py.dir/rosidl_generator_py/xela_point_cloud_representation/msg/_hand_sensors_s.c.o[0m
[40.908s] [ 86%] [32m[1mLinking C shared library rosidl_generator_py/xela_point_cloud_representation/libxela_point_cloud_representation__rosidl_generator_py.so[0m
[40.978s] [ 86%] Built target xela_point_cloud_representation__rosidl_generator_py
[41.009s] [ 88%] [32mBuilding C object CMakeFiles/xela_point_cloud_representation__rosidl_typesupport_fastrtps_c__pyext.dir/rosidl_generator_py/xela_point_cloud_representation/_xela_point_cloud_representation_s.ep.rosidl_typesupport_fastrtps_c.c.o[0m
[41.175s] [ 90%] [32m[1mLinking C shared library rosidl_generator_py/xela_point_cloud_representation/xela_point_cloud_representation_s__rosidl_typesupport_fastrtps_c.cpython-310-x86_64-linux-gnu.so[0m
[41.231s] [ 90%] Built target xela_point_cloud_representation__rosidl_typesupport_fastrtps_c__pyext
[41.263s] [ 93%] [32mBuilding C object CMakeFiles/xela_point_cloud_representation__rosidl_typesupport_c__pyext.dir/rosidl_generator_py/xela_point_cloud_representation/_xela_point_cloud_representation_s.ep.rosidl_typesupport_c.c.o[0m
[41.418s] [ 95%] [32m[1mLinking C shared library rosidl_generator_py/xela_point_cloud_representation/xela_point_cloud_representation_s__rosidl_typesupport_c.cpython-310-x86_64-linux-gnu.so[0m
[41.473s] [ 95%] Built target xela_point_cloud_representation__rosidl_typesupport_c__pyext
[41.503s] [ 97%] [32mBuilding C object CMakeFiles/xela_point_cloud_representation__rosidl_typesupport_introspection_c__pyext.dir/rosidl_generator_py/xela_point_cloud_representation/_xela_point_cloud_representation_s.ep.rosidl_typesupport_introspection_c.c.o[0m
[41.661s] [100%] [32m[1mLinking C shared library rosidl_generator_py/xela_point_cloud_representation/xela_point_cloud_representation_s__rosidl_typesupport_introspection_c.cpython-310-x86_64-linux-gnu.so[0m
[41.716s] [100%] Built target xela_point_cloud_representation__rosidl_typesupport_introspection_c__pyext
[41.734s] Invoked command in '/workspace/LeapXELA_Hardware_ws/build/xela_point_cloud_representation' returned '0': AMENT_PREFIX_PATH=/workspace/LeapXELA_Hardware_ws/install/xela_description:${AMENT_PREFIX_PATH} CMAKE_PREFIX_PATH=/opt/ros/humble PYTHONPATH=/workspace/LeapXELA_Hardware_ws/install/xela_description/lib/python3.10/site-packages:/opt/ros/humble/lib/python3.10/site-packages:/opt/ros/humble/local/lib/python3.10/dist-packages:/usr/local/lib /usr/bin/cmake --build /workspace/LeapXELA_Hardware_ws/build/xela_point_cloud_representation -- -j16 -l16
[41.738s] Invoking command in '/workspace/LeapXELA_Hardware_ws/build/xela_point_cloud_representation': AMENT_PREFIX_PATH=/workspace/LeapXELA_Hardware_ws/install/xela_description:${AMENT_PREFIX_PATH} CMAKE_PREFIX_PATH=/opt/ros/humble PYTHONPATH=/workspace/LeapXELA_Hardware_ws/install/xela_description/lib/python3.10/site-packages:/opt/ros/humble/lib/python3.10/site-packages:/opt/ros/humble/local/lib/python3.10/dist-packages:/usr/local/lib /usr/bin/cmake --install /workspace/LeapXELA_Hardware_ws/build/xela_point_cloud_representation
[41.750s] -- Install configuration: ""
[41.750s] -- Installing: /workspace/LeapXELA_Hardware_ws/install/xela_point_cloud_representation/share/ament_index/resource_index/rosidl_interfaces/xela_point_cloud_representation
[41.750s] -- Installing: /workspace/LeapXELA_Hardware_ws/install/xela_point_cloud_representation/include/xela_point_cloud_representation/xela_point_cloud_representation
[41.751s] -- Installing: /workspace/LeapXELA_Hardware_ws/install/xela_point_cloud_representation/include/xela_point_cloud_representation/xela_point_cloud_representation/msg
[41.751s] -- Installing: /workspace/LeapXELA_Hardware_ws/install/xela_point_cloud_representation/include/xela_point_cloud_representation/xela_point_cloud_representation/msg/detail
[41.751s] -- Installing: /workspace/LeapXELA_Hardware_ws/install/xela_point_cloud_representation/include/xela_point_cloud_representation/xela_point_cloud_representation/msg/detail/texel__functions.h
[41.751s] -- Installing: /workspace/LeapXELA_Hardware_ws/install/xela_point_cloud_representation/include/xela_point_cloud_representation/xela_point_cloud_representation/msg/detail/hand_sensors__struct.h
[41.751s] -- Installing: /workspace/LeapXELA_Hardware_ws/install/xela_point_cloud_representation/include/xela_point_cloud_representation/xela_point_cloud_representation/msg/detail/texel__functions.c
[41.752s] -- Installing: /workspace/LeapXELA_Hardware_ws/install/xela_point_cloud_representation/include/xela_point_cloud_representation/xela_point_cloud_representation/msg/detail/hand_sensors__functions.c
[41.752s] -- Installing: /workspace/LeapXELA_Hardware_ws/install/xela_point_cloud_representation/include/xela_point_cloud_representation/xela_point_cloud_representation/msg/detail/hand_sensors__functions.h
[41.752s] -- Installing: /workspace/LeapXELA_Hardware_ws/install/xela_point_cloud_representation/include/xela_point_cloud_representation/xela_point_cloud_representation/msg/detail/hand_sensors__type_support.h
[41.752s] -- Installing: /workspace/LeapXELA_Hardware_ws/install/xela_point_cloud_representation/include/xela_point_cloud_representation/xela_point_cloud_representation/msg/detail/texel__struct.h
[41.752s] -- Installing: /workspace/LeapXELA_Hardware_ws/install/xela_point_cloud_representation/include/xela_point_cloud_representation/xela_point_cloud_representation/msg/detail/texel__type_support.h
[41.752s] -- Installing: /workspace/LeapXELA_Hardware_ws/install/xela_point_cloud_representation/include/xela_point_cloud_representation/xela_point_cloud_representation/msg/hand_sensors.h
[41.753s] -- Installing: /workspace/LeapXELA_Hardware_ws/install/xela_point_cloud_representation/include/xela_point_cloud_representation/xela_point_cloud_representation/msg/texel.h
[41.753s] -- Installing: /workspace/LeapXELA_Hardware_ws/install/xela_point_cloud_representation/include/xela_point_cloud_representation/xela_point_cloud_representation/msg/rosidl_generator_c__visibility_control.h
[41.753s] -- Installing: /workspace/LeapXELA_Hardware_ws/install/xela_point_cloud_representation/share/xela_point_cloud_representation/environment/library_path.sh
[41.753s] -- Installing: /workspace/LeapXELA_Hardware_ws/install/xela_point_cloud_representation/share/xela_point_cloud_representation/environment/library_path.dsv
[41.753s] -- Installing: /workspace/LeapXELA_Hardware_ws/install/xela_point_cloud_representation/lib/libxela_point_cloud_representation__rosidl_generator_c.so
[41.754s] -- Set runtime path of "/workspace/LeapXELA_Hardware_ws/install/xela_point_cloud_representation/lib/libxela_point_cloud_representation__rosidl_generator_c.so" to ""
[41.754s] -- Up-to-date: /workspace/LeapXELA_Hardware_ws/install/xela_point_cloud_representation/include/xela_point_cloud_representation/xela_point_cloud_representation
[41.754s] -- Up-to-date: /workspace/LeapXELA_Hardware_ws/install/xela_point_cloud_representation/include/xela_point_cloud_representation/xela_point_cloud_representation/msg
[41.754s] -- Up-to-date: /workspace/LeapXELA_Hardware_ws/install/xela_point_cloud_representation/include/xela_point_cloud_representation/xela_point_cloud_representation/msg/detail
[41.754s] -- Installing: /workspace/LeapXELA_Hardware_ws/install/xela_point_cloud_representation/include/xela_point_cloud_representation/xela_point_cloud_representation/msg/detail/hand_sensors__rosidl_typesupport_fastrtps_c.h
[41.754s] -- Installing: /workspace/LeapXELA_Hardware_ws/install/xela_point_cloud_representation/include/xela_point_cloud_representation/xela_point_cloud_representation/msg/detail/texel__rosidl_typesupport_fastrtps_c.h
[41.755s] -- Installing: /workspace/LeapXELA_Hardware_ws/install/xela_point_cloud_representation/include/xela_point_cloud_representation/xela_point_cloud_representation/msg/rosidl_typesupport_fastrtps_c__visibility_control.h
[41.755s] -- Installing: /workspace/LeapXELA_Hardware_ws/install/xela_point_cloud_representation/lib/libxela_point_cloud_representation__rosidl_typesupport_fastrtps_c.so
[41.755s] -- Set runtime path of "/workspace/LeapXELA_Hardware_ws/install/xela_point_cloud_representation/lib/libxela_point_cloud_representation__rosidl_typesupport_fastrtps_c.so" to ""
[41.755s] -- Up-to-date: /workspace/LeapXELA_Hardware_ws/install/xela_point_cloud_representation/include/xela_point_cloud_representation/xela_point_cloud_representation
[41.755s] -- Up-to-date: /workspace/LeapXELA_Hardware_ws/install/xela_point_cloud_representation/include/xela_point_cloud_representation/xela_point_cloud_representation/msg
[41.756s] -- Up-to-date: /workspace/LeapXELA_Hardware_ws/install/xela_point_cloud_representation/include/xela_point_cloud_representation/xela_point_cloud_representation/msg/detail
[41.756s] -- Installing: /workspace/LeapXELA_Hardware_ws/install/xela_point_cloud_representation/include/xela_point_cloud_representation/xela_point_cloud_representation/msg/detail/hand_sensors__builder.hpp
[41.756s] -- Installing: /workspace/LeapXELA_Hardware_ws/install/xela_point_cloud_representation/include/xela_point_cloud_representation/xela_point_cloud_representation/msg/detail/texel__traits.hpp
[41.756s] -- Installing: /workspace/LeapXELA_Hardware_ws/install/xela_point_cloud_representation/include/xela_point_cloud_representation/xela_point_cloud_representation/msg/detail/hand_sensors__struct.hpp
[41.757s] -- Installing: /workspace/LeapXELA_Hardware_ws/install/xela_point_cloud_representation/include/xela_point_cloud_representation/xela_point_cloud_representation/msg/detail/hand_sensors__traits.hpp
[41.757s] -- Installing: /workspace/LeapXELA_Hardware_ws/install/xela_point_cloud_representation/include/xela_point_cloud_representation/xela_point_cloud_representation/msg/detail/hand_sensors__type_support.hpp
[41.757s] -- Installing: /workspace/LeapXELA_Hardware_ws/install/xela_point_cloud_representation/include/xela_point_cloud_representation/xela_point_cloud_representation/msg/detail/texel__struct.hpp
[41.757s] -- Installing: /workspace/LeapXELA_Hardware_ws/install/xela_point_cloud_representation/include/xela_point_cloud_representation/xela_point_cloud_representation/msg/detail/texel__builder.hpp
[41.757s] -- Installing: /workspace/LeapXELA_Hardware_ws/install/xela_point_cloud_representation/include/xela_point_cloud_representation/xela_point_cloud_representation/msg/detail/texel__type_support.hpp
[41.757s] -- Installing: /workspace/LeapXELA_Hardware_ws/install/xela_point_cloud_representation/include/xela_point_cloud_representation/xela_point_cloud_representation/msg/hand_sensors.hpp
[41.758s] -- Installing: /workspace/LeapXELA_Hardware_ws/install/xela_point_cloud_representation/include/xela_point_cloud_representation/xela_point_cloud_representation/msg/texel.hpp
[41.758s] -- Installing: /workspace/LeapXELA_Hardware_ws/install/xela_point_cloud_representation/include/xela_point_cloud_representation/xela_point_cloud_representation/msg/rosidl_generator_cpp__visibility_control.hpp
[41.758s] -- Up-to-date: /workspace/LeapXELA_Hardware_ws/install/xela_point_cloud_representation/include/xela_point_cloud_representation/xela_point_cloud_representation
[41.758s] -- Up-to-date: /workspace/LeapXELA_Hardware_ws/install/xela_point_cloud_representation/include/xela_point_cloud_representation/xela_point_cloud_representation/msg
[41.758s] -- Up-to-date: /workspace/LeapXELA_Hardware_ws/install/xela_point_cloud_representation/include/xela_point_cloud_representation/xela_point_cloud_representation/msg/detail
[41.758s] -- Installing: /workspace/LeapXELA_Hardware_ws/install/xela_point_cloud_representation/include/xela_point_cloud_representation/xela_point_cloud_representation/msg/detail/hand_sensors__rosidl_typesupport_fastrtps_cpp.hpp
[41.758s] -- Installing: /workspace/LeapXELA_Hardware_ws/install/xela_point_cloud_representation/include/xela_point_cloud_representation/xela_point_cloud_representation/msg/detail/texel__rosidl_typesupport_fastrtps_cpp.hpp
[41.758s] -- Installing: /workspace/LeapXELA_Hardware_ws/install/xela_point_cloud_representation/include/xela_point_cloud_representation/xela_point_cloud_representation/msg/detail/dds_fastrtps
[41.759s] -- Installing: /workspace/LeapXELA_Hardware_ws/install/xela_point_cloud_representation/include/xela_point_cloud_representation/xela_point_cloud_representation/msg/rosidl_typesupport_fastrtps_cpp__visibility_control.h
[41.759s] -- Installing: /workspace/LeapXELA_Hardware_ws/install/xela_point_cloud_representation/lib/libxela_point_cloud_representation__rosidl_typesupport_fastrtps_cpp.so
[41.759s] -- Set runtime path of "/workspace/LeapXELA_Hardware_ws/install/xela_point_cloud_representation/lib/libxela_point_cloud_representation__rosidl_typesupport_fastrtps_cpp.so" to ""
[41.759s] -- Up-to-date: /workspace/LeapXELA_Hardware_ws/install/xela_point_cloud_representation/include/xela_point_cloud_representation/xela_point_cloud_representation
[41.759s] -- Up-to-date: /workspace/LeapXELA_Hardware_ws/install/xela_point_cloud_representation/include/xela_point_cloud_representation/xela_point_cloud_representation/msg
[41.759s] -- Up-to-date: /workspace/LeapXELA_Hardware_ws/install/xela_point_cloud_representation/include/xela_point_cloud_representation/xela_point_cloud_representation/msg/detail
[41.759s] -- Installing: /workspace/LeapXELA_Hardware_ws/install/xela_point_cloud_representation/include/xela_point_cloud_representation/xela_point_cloud_representation/msg/detail/hand_sensors__type_support.c
[41.759s] -- Installing: /workspace/LeapXELA_Hardware_ws/install/xela_point_cloud_representation/include/xela_point_cloud_representation/xela_point_cloud_representation/msg/detail/texel__rosidl_typesupport_introspection_c.h
[41.760s] -- Installing: /workspace/LeapXELA_Hardware_ws/install/xela_point_cloud_representation/include/xela_point_cloud_representation/xela_point_cloud_representation/msg/detail/texel__type_support.c
[41.760s] -- Installing: /workspace/LeapXELA_Hardware_ws/install/xela_point_cloud_representation/include/xela_point_cloud_representation/xela_point_cloud_representation/msg/detail/hand_sensors__rosidl_typesupport_introspection_c.h
[41.760s] -- Installing: /workspace/LeapXELA_Hardware_ws/install/xela_point_cloud_representation/include/xela_point_cloud_representation/xela_point_cloud_representation/msg/rosidl_typesupport_introspection_c__visibility_control.h
[41.760s] -- Installing: /workspace/LeapXELA_Hardware_ws/install/xela_point_cloud_representation/lib/libxela_point_cloud_representation__rosidl_typesupport_introspection_c.so
[41.760s] -- Set runtime path of "/workspace/LeapXELA_Hardware_ws/install/xela_point_cloud_representation/lib/libxela_point_cloud_representation__rosidl_typesupport_introspection_c.so" to ""
[41.761s] -- Installing: /workspace/LeapXELA_Hardware_ws/install/xela_point_cloud_representation/lib/libxela_point_cloud_representation__rosidl_typesupport_c.so
[41.761s] -- Set runtime path of "/workspace/LeapXELA_Hardware_ws/install/xela_point_cloud_representation/lib/libxela_point_cloud_representation__rosidl_typesupport_c.so" to ""
[41.761s] -- Up-to-date: /workspace/LeapXELA_Hardware_ws/install/xela_point_cloud_representation/include/xela_point_cloud_representation/xela_point_cloud_representation
[41.761s] -- Up-to-date: /workspace/LeapXELA_Hardware_ws/install/xela_point_cloud_representation/include/xela_point_cloud_representation/xela_point_cloud_representation/msg
[41.761s] -- Up-to-date: /workspace/LeapXELA_Hardware_ws/install/xela_point_cloud_representation/include/xela_point_cloud_representation/xela_point_cloud_representation/msg/detail
[41.761s] -- Installing: /workspace/LeapXELA_Hardware_ws/install/xela_point_cloud_representation/include/xela_point_cloud_representation/xela_point_cloud_representation/msg/detail/texel__rosidl_typesupport_introspection_cpp.hpp
[41.762s] -- Installing: /workspace/LeapXELA_Hardware_ws/install/xela_point_cloud_representation/include/xela_point_cloud_representation/xela_point_cloud_representation/msg/detail/texel__type_support.cpp
[41.762s] -- Installing: /workspace/LeapXELA_Hardware_ws/install/xela_point_cloud_representation/include/xela_point_cloud_representation/xela_point_cloud_representation/msg/detail/hand_sensors__type_support.cpp
[41.762s] -- Installing: /workspace/LeapXELA_Hardware_ws/install/xela_point_cloud_representation/include/xela_point_cloud_representation/xela_point_cloud_representation/msg/detail/hand_sensors__rosidl_typesupport_introspection_cpp.hpp
[41.762s] -- Installing: /workspace/LeapXELA_Hardware_ws/install/xela_point_cloud_representation/lib/libxela_point_cloud_representation__rosidl_typesupport_introspection_cpp.so
[41.762s] -- Set runtime path of "/workspace/LeapXELA_Hardware_ws/install/xela_point_cloud_representation/lib/libxela_point_cloud_representation__rosidl_typesupport_introspection_cpp.so" to ""
[41.762s] -- Installing: /workspace/LeapXELA_Hardware_ws/install/xela_point_cloud_representation/lib/libxela_point_cloud_representation__rosidl_typesupport_cpp.so
[41.763s] -- Set runtime path of "/workspace/LeapXELA_Hardware_ws/install/xela_point_cloud_representation/lib/libxela_point_cloud_representation__rosidl_typesupport_cpp.so" to ""
[41.763s] -- Installing: /workspace/LeapXELA_Hardware_ws/install/xela_point_cloud_representation/share/xela_point_cloud_representation/environment/pythonpath.sh
[41.763s] -- Installing: /workspace/LeapXELA_Hardware_ws/install/xela_point_cloud_representation/share/xela_point_cloud_representation/environment/pythonpath.dsv
[41.763s] -- Installing: /workspace/LeapXELA_Hardware_ws/install/xela_point_cloud_representation/local/lib/python3.10/dist-packages/xela_point_cloud_representation-0.0.0-py3.10.egg-info
[41.763s] -- Installing: /workspace/LeapXELA_Hardware_ws/install/xela_point_cloud_representation/local/lib/python3.10/dist-packages/xela_point_cloud_representation-0.0.0-py3.10.egg-info/dependency_links.txt
[41.764s] -- Installing: /workspace/LeapXELA_Hardware_ws/install/xela_point_cloud_representation/local/lib/python3.10/dist-packages/xela_point_cloud_representation-0.0.0-py3.10.egg-info/SOURCES.txt
[41.764s] -- Installing: /workspace/LeapXELA_Hardware_ws/install/xela_point_cloud_representation/local/lib/python3.10/dist-packages/xela_point_cloud_representation-0.0.0-py3.10.egg-info/PKG-INFO
[41.764s] -- Installing: /workspace/LeapXELA_Hardware_ws/install/xela_point_cloud_representation/local/lib/python3.10/dist-packages/xela_point_cloud_representation-0.0.0-py3.10.egg-info/top_level.txt
[41.764s] -- Installing: /workspace/LeapXELA_Hardware_ws/install/xela_point_cloud_representation/local/lib/python3.10/dist-packages/xela_point_cloud_representation
[41.764s] -- Installing: /workspace/LeapXELA_Hardware_ws/install/xela_point_cloud_representation/local/lib/python3.10/dist-packages/xela_point_cloud_representation/xela_point_cloud_representation_s__rosidl_typesupport_c.cpython-310-x86_64-linux-gnu.so
[41.764s] -- Installing: /workspace/LeapXELA_Hardware_ws/install/xela_point_cloud_representation/local/lib/python3.10/dist-packages/xela_point_cloud_representation/__init__.py
[41.764s] -- Installing: /workspace/LeapXELA_Hardware_ws/install/xela_point_cloud_representation/local/lib/python3.10/dist-packages/xela_point_cloud_representation/libxela_point_cloud_representation__rosidl_generator_py.so
[41.765s] -- Installing: /workspace/LeapXELA_Hardware_ws/install/xela_point_cloud_representation/local/lib/python3.10/dist-packages/xela_point_cloud_representation/_xela_point_cloud_representation_s.ep.rosidl_typesupport_introspection_c.c
[41.765s] -- Installing: /workspace/LeapXELA_Hardware_ws/install/xela_point_cloud_representation/local/lib/python3.10/dist-packages/xela_point_cloud_representation/_xela_point_cloud_representation_s.ep.rosidl_typesupport_fastrtps_c.c
[41.765s] -- Installing: /workspace/LeapXELA_Hardware_ws/install/xela_point_cloud_representation/local/lib/python3.10/dist-packages/xela_point_cloud_representation/xela_point_cloud_representation_s__rosidl_typesupport_introspection_c.cpython-310-x86_64-linux-gnu.so
[41.765s] -- Installing: /workspace/LeapXELA_Hardware_ws/install/xela_point_cloud_representation/local/lib/python3.10/dist-packages/xela_point_cloud_representation/msg
[41.765s] -- Installing: /workspace/LeapXELA_Hardware_ws/install/xela_point_cloud_representation/local/lib/python3.10/dist-packages/xela_point_cloud_representation/msg/__init__.py
[41.765s] -- Installing: /workspace/LeapXELA_Hardware_ws/install/xela_point_cloud_representation/local/lib/python3.10/dist-packages/xela_point_cloud_representation/msg/_hand_sensors_s.c
[41.766s] -- Installing: /workspace/LeapXELA_Hardware_ws/install/xela_point_cloud_representation/local/lib/python3.10/dist-packages/xela_point_cloud_representation/msg/_hand_sensors.py
[41.766s] -- Installing: /workspace/LeapXELA_Hardware_ws/install/xela_point_cloud_representation/local/lib/python3.10/dist-packages/xela_point_cloud_representation/msg/_texel_s.c
[41.766s] -- Installing: /workspace/LeapXELA_Hardware_ws/install/xela_point_cloud_representation/local/lib/python3.10/dist-packages/xela_point_cloud_representation/msg/_texel.py
[41.766s] -- Installing: /workspace/LeapXELA_Hardware_ws/install/xela_point_cloud_representation/local/lib/python3.10/dist-packages/xela_point_cloud_representation/xela_point_cloud_representation_s__rosidl_typesupport_fastrtps_c.cpython-310-x86_64-linux-gnu.so
[41.766s] -- Installing: /workspace/LeapXELA_Hardware_ws/install/xela_point_cloud_representation/local/lib/python3.10/dist-packages/xela_point_cloud_representation/_xela_point_cloud_representation_s.ep.rosidl_typesupport_c.c
[41.832s] Listing '/workspace/LeapXELA_Hardware_ws/install/xela_point_cloud_representation/local/lib/python3.10/dist-packages/xela_point_cloud_representation'...
[41.832s] Compiling '/workspace/LeapXELA_Hardware_ws/install/xela_point_cloud_representation/local/lib/python3.10/dist-packages/xela_point_cloud_representation/__init__.py'...
[41.833s] Listing '/workspace/LeapXELA_Hardware_ws/install/xela_point_cloud_representation/local/lib/python3.10/dist-packages/xela_point_cloud_representation/msg'...
[41.833s] Compiling '/workspace/LeapXELA_Hardware_ws/install/xela_point_cloud_representation/local/lib/python3.10/dist-packages/xela_point_cloud_representation/msg/__init__.py'...
[41.833s] Compiling '/workspace/LeapXELA_Hardware_ws/install/xela_point_cloud_representation/local/lib/python3.10/dist-packages/xela_point_cloud_representation/msg/_hand_sensors.py'...
[41.833s] Compiling '/workspace/LeapXELA_Hardware_ws/install/xela_point_cloud_representation/local/lib/python3.10/dist-packages/xela_point_cloud_representation/msg/_texel.py'...
[41.840s] -- Installing: /workspace/LeapXELA_Hardware_ws/install/xela_point_cloud_representation/local/lib/python3.10/dist-packages/xela_point_cloud_representation/xela_point_cloud_representation_s__rosidl_typesupport_fastrtps_c.cpython-310-x86_64-linux-gnu.so
[41.841s] -- Set runtime path of "/workspace/LeapXELA_Hardware_ws/install/xela_point_cloud_representation/local/lib/python3.10/dist-packages/xela_point_cloud_representation/xela_point_cloud_representation_s__rosidl_typesupport_fastrtps_c.cpython-310-x86_64-linux-gnu.so" to ""
[41.841s] -- Installing: /workspace/LeapXELA_Hardware_ws/install/xela_point_cloud_representation/local/lib/python3.10/dist-packages/xela_point_cloud_representation/xela_point_cloud_representation_s__rosidl_typesupport_introspection_c.cpython-310-x86_64-linux-gnu.so
[41.842s] -- Set runtime path of "/workspace/LeapXELA_Hardware_ws/install/xela_point_cloud_representation/local/lib/python3.10/dist-packages/xela_point_cloud_representation/xela_point_cloud_representation_s__rosidl_typesupport_introspection_c.cpython-310-x86_64-linux-gnu.so" to ""
[41.842s] -- Installing: /workspace/LeapXELA_Hardware_ws/install/xela_point_cloud_representation/local/lib/python3.10/dist-packages/xela_point_cloud_representation/xela_point_cloud_representation_s__rosidl_typesupport_c.cpython-310-x86_64-linux-gnu.so
[41.842s] -- Set runtime path of "/workspace/LeapXELA_Hardware_ws/install/xela_point_cloud_representation/local/lib/python3.10/dist-packages/xela_point_cloud_representation/xela_point_cloud_representation_s__rosidl_typesupport_c.cpython-310-x86_64-linux-gnu.so" to ""
[41.842s] -- Installing: /workspace/LeapXELA_Hardware_ws/install/xela_point_cloud_representation/lib/libxela_point_cloud_representation__rosidl_generator_py.so
[41.843s] -- Set runtime path of "/workspace/LeapXELA_Hardware_ws/install/xela_point_cloud_representation/lib/libxela_point_cloud_representation__rosidl_generator_py.so" to ""
[41.843s] -- Installing: /workspace/LeapXELA_Hardware_ws/install/xela_point_cloud_representation/share/ament_index/resource_index/rust_packages/xela_point_cloud_representation
[41.843s] -- Installing: /workspace/LeapXELA_Hardware_ws/install/xela_point_cloud_representation/share/xela_point_cloud_representation/rust
[41.843s] -- Installing: /workspace/LeapXELA_Hardware_ws/install/xela_point_cloud_representation/share/xela_point_cloud_representation/rust/Cargo.toml
[41.843s] -- Installing: /workspace/LeapXELA_Hardware_ws/install/xela_point_cloud_representation/share/xela_point_cloud_representation/rust/src
[41.844s] -- Installing: /workspace/LeapXELA_Hardware_ws/install/xela_point_cloud_representation/share/xela_point_cloud_representation/rust/src/lib.rs
[41.844s] -- Installing: /workspace/LeapXELA_Hardware_ws/install/xela_point_cloud_representation/share/xela_point_cloud_representation/rust/src/msg.rs
[41.844s] -- Installing: /workspace/LeapXELA_Hardware_ws/install/xela_point_cloud_representation/share/xela_point_cloud_representation/rust/src/msg
[41.844s] -- Installing: /workspace/LeapXELA_Hardware_ws/install/xela_point_cloud_representation/share/xela_point_cloud_representation/rust/src/msg/rmw.rs
[41.844s] -- Installing: /workspace/LeapXELA_Hardware_ws/install/xela_point_cloud_representation/share/xela_point_cloud_representation/rust/build.rs
[41.844s] -- Installing: /workspace/LeapXELA_Hardware_ws/install/xela_point_cloud_representation/share/xela_point_cloud_representation/msg/Texel.idl
[41.844s] -- Installing: /workspace/LeapXELA_Hardware_ws/install/xela_point_cloud_representation/share/xela_point_cloud_representation/msg/HandSensors.idl
[41.844s] -- Installing: /workspace/LeapXELA_Hardware_ws/install/xela_point_cloud_representation/share/xela_point_cloud_representation/msg/Texel.msg
[41.844s] -- Installing: /workspace/LeapXELA_Hardware_ws/install/xela_point_cloud_representation/share/xela_point_cloud_representation/msg/HandSensors.msg
[41.845s] -- Installing: /workspace/LeapXELA_Hardware_ws/install/xela_point_cloud_representation/lib/xela_point_cloud_representation/process_hand_sensors_into_pointcloud
[41.853s] -- Set runtime path of "/workspace/LeapXELA_Hardware_ws/install/xela_point_cloud_representation/lib/xela_point_cloud_representation/process_hand_sensors_into_pointcloud" to ""
[41.853s] -- Installing: /workspace/LeapXELA_Hardware_ws/install/xela_point_cloud_representation/lib/xela_point_cloud_representation/hand_controller.py
[41.854s] -- Installing: /workspace/LeapXELA_Hardware_ws/install/xela_point_cloud_representation/lib/xela_point_cloud_representation/hand_touch_point_cloud.py
[41.854s] -- Installing: /workspace/LeapXELA_Hardware_ws/install/xela_point_cloud_representation/lib/xela_point_cloud_representation/leap_taxel_map.py
[41.854s] -- Installing: /workspace/LeapXELA_Hardware_ws/install/xela_point_cloud_representation/lib/xela_point_cloud_representation/sensor_value_publisher_fake.py
[41.854s] -- Installing: /workspace/LeapXELA_Hardware_ws/install/xela_point_cloud_representation/lib/xela_point_cloud_representation/leap_sensor_taxel_map.json
[41.854s] -- Up-to-date: /workspace/LeapXELA_Hardware_ws/install/xela_point_cloud_representation/include/
[41.854s] -- Up-to-date: /workspace/LeapXELA_Hardware_ws/install/xela_point_cloud_representation/include//xela_point_cloud_representation
[41.854s] -- Installing: /workspace/LeapXELA_Hardware_ws/install/xela_point_cloud_representation/include//xela_point_cloud_representation/process_hand_sensors_into_pointcloud.h
[41.854s] -- Installing: /workspace/LeapXELA_Hardware_ws/install/xela_point_cloud_representation/include//xela_point_cloud_representation/camera_control.hpp
[41.855s] -- Installing: /workspace/LeapXELA_Hardware_ws/install/xela_point_cloud_representation/share/xela_point_cloud_representation/launch
[41.855s] -- Installing: /workspace/LeapXELA_Hardware_ws/install/xela_point_cloud_representation/share/xela_point_cloud_representation/launch/launch_perline_noise_publisher.py
[41.855s] -- Installing: /workspace/LeapXELA_Hardware_ws/install/xela_point_cloud_representation/share/xela_point_cloud_representation/launch/launch_hand_touch_point_cloud.py
[41.855s] -- Installing: /workspace/LeapXELA_Hardware_ws/install/xela_point_cloud_representation/share/xela_point_cloud_representation/launch/launch_demo.py
[41.855s] -- Installing: /workspace/LeapXELA_Hardware_ws/install/xela_point_cloud_representation/share/xela_point_cloud_representation/launch/launch_pointcloud_proccessing.py
[41.855s] -- Installing: /workspace/LeapXELA_Hardware_ws/install/xela_point_cloud_representation/share/xela_point_cloud_representation/launch/launch_hand_controller.py
[41.855s] -- Installing: /workspace/LeapXELA_Hardware_ws/install/xela_point_cloud_representation/share/ament_index/resource_index/package_run_dependencies/xela_point_cloud_representation
[41.856s] -- Installing: /workspace/LeapXELA_Hardware_ws/install/xela_point_cloud_representation/share/ament_index/resource_index/parent_prefix_path/xela_point_cloud_representation
[41.856s] -- Installing: /workspace/LeapXELA_Hardware_ws/install/xela_point_cloud_representation/share/xela_point_cloud_representation/environment/ament_prefix_path.sh
[41.856s] -- Installing: /workspace/LeapXELA_Hardware_ws/install/xela_point_cloud_representation/share/xela_point_cloud_representation/environment/ament_prefix_path.dsv
[41.856s] -- Installing: /workspace/LeapXELA_Hardware_ws/install/xela_point_cloud_representation/share/xela_point_cloud_representation/environment/path.sh
[41.856s] -- Installing: /workspace/LeapXELA_Hardware_ws/install/xela_point_cloud_representation/share/xela_point_cloud_representation/environment/path.dsv
[41.856s] -- Installing: /workspace/LeapXELA_Hardware_ws/install/xela_point_cloud_representation/share/xela_point_cloud_representation/local_setup.bash
[41.856s] -- Installing: /workspace/LeapXELA_Hardware_ws/install/xela_point_cloud_representation/share/xela_point_cloud_representation/local_setup.sh
[41.857s] -- Installing: /workspace/LeapXELA_Hardware_ws/install/xela_point_cloud_representation/share/xela_point_cloud_representation/local_setup.zsh
[41.857s] -- Installing: /workspace/LeapXELA_Hardware_ws/install/xela_point_cloud_representation/share/xela_point_cloud_representation/local_setup.dsv
[41.857s] -- Installing: /workspace/LeapXELA_Hardware_ws/install/xela_point_cloud_representation/share/xela_point_cloud_representation/package.dsv
[41.857s] -- Installing: /workspace/LeapXELA_Hardware_ws/install/xela_point_cloud_representation/share/ament_index/resource_index/packages/xela_point_cloud_representation
[41.858s] -- Installing: /workspace/LeapXELA_Hardware_ws/install/xela_point_cloud_representation/share/xela_point_cloud_representation/cmake/export_xela_point_cloud_representation__rosidl_generator_cExport.cmake
[41.858s] -- Installing: /workspace/LeapXELA_Hardware_ws/install/xela_point_cloud_representation/share/xela_point_cloud_representation/cmake/export_xela_point_cloud_representation__rosidl_generator_cExport-noconfig.cmake
[41.859s] -- Installing: /workspace/LeapXELA_Hardware_ws/install/xela_point_cloud_representation/share/xela_point_cloud_representation/cmake/export_xela_point_cloud_representation__rosidl_typesupport_fastrtps_cExport.cmake
[41.859s] -- Installing: /workspace/LeapXELA_Hardware_ws/install/xela_point_cloud_representation/share/xela_point_cloud_representation/cmake/export_xela_point_cloud_representation__rosidl_typesupport_fastrtps_cExport-noconfig.cmake
[41.859s] -- Installing: /workspace/LeapXELA_Hardware_ws/install/xela_point_cloud_representation/share/xela_point_cloud_representation/cmake/export_xela_point_cloud_representation__rosidl_generator_cppExport.cmake
[41.859s] -- Installing: /workspace/LeapXELA_Hardware_ws/install/xela_point_cloud_representation/share/xela_point_cloud_representation/cmake/export_xela_point_cloud_representation__rosidl_typesupport_fastrtps_cppExport.cmake
[41.859s] -- Installing: /workspace/LeapXELA_Hardware_ws/install/xela_point_cloud_representation/share/xela_point_cloud_representation/cmake/export_xela_point_cloud_representation__rosidl_typesupport_fastrtps_cppExport-noconfig.cmake
[41.860s] -- Installing: /workspace/LeapXELA_Hardware_ws/install/xela_point_cloud_representation/share/xela_point_cloud_representation/cmake/xela_point_cloud_representation__rosidl_typesupport_introspection_cExport.cmake
[41.860s] -- Installing: /workspace/LeapXELA_Hardware_ws/install/xela_point_cloud_representation/share/xela_point_cloud_representation/cmake/xela_point_cloud_representation__rosidl_typesupport_introspection_cExport-noconfig.cmake
[41.860s] -- Installing: /workspace/LeapXELA_Hardware_ws/install/xela_point_cloud_representation/share/xela_point_cloud_representation/cmake/xela_point_cloud_representation__rosidl_typesupport_cExport.cmake
[41.860s] -- Installing: /workspace/LeapXELA_Hardware_ws/install/xela_point_cloud_representation/share/xela_point_cloud_representation/cmake/xela_point_cloud_representation__rosidl_typesupport_cExport-noconfig.cmake
[41.860s] -- Installing: /workspace/LeapXELA_Hardware_ws/install/xela_point_cloud_representation/share/xela_point_cloud_representation/cmake/xela_point_cloud_representation__rosidl_typesupport_introspection_cppExport.cmake
[41.860s] -- Installing: /workspace/LeapXELA_Hardware_ws/install/xela_point_cloud_representation/share/xela_point_cloud_representation/cmake/xela_point_cloud_representation__rosidl_typesupport_introspection_cppExport-noconfig.cmake
[41.861s] -- Installing: /workspace/LeapXELA_Hardware_ws/install/xela_point_cloud_representation/share/xela_point_cloud_representation/cmake/xela_point_cloud_representation__rosidl_typesupport_cppExport.cmake
[41.861s] -- Installing: /workspace/LeapXELA_Hardware_ws/install/xela_point_cloud_representation/share/xela_point_cloud_representation/cmake/xela_point_cloud_representation__rosidl_typesupport_cppExport-noconfig.cmake
[41.861s] -- Installing: /workspace/LeapXELA_Hardware_ws/install/xela_point_cloud_representation/share/xela_point_cloud_representation/cmake/export_xela_point_cloud_representation__rosidl_generator_pyExport.cmake
[41.861s] -- Installing: /workspace/LeapXELA_Hardware_ws/install/xela_point_cloud_representation/share/xela_point_cloud_representation/cmake/export_xela_point_cloud_representation__rosidl_generator_pyExport-noconfig.cmake
[41.862s] -- Installing: /workspace/LeapXELA_Hardware_ws/install/xela_point_cloud_representation/share/xela_point_cloud_representation/cmake/rosidl_cmake-extras.cmake
[41.862s] -- Installing: /workspace/LeapXELA_Hardware_ws/install/xela_point_cloud_representation/share/xela_point_cloud_representation/cmake/ament_cmake_export_include_directories-extras.cmake
[41.862s] -- Installing: /workspace/LeapXELA_Hardware_ws/install/xela_point_cloud_representation/share/xela_point_cloud_representation/cmake/ament_cmake_export_libraries-extras.cmake
[41.862s] -- Installing: /workspace/LeapXELA_Hardware_ws/install/xela_point_cloud_representation/share/xela_point_cloud_representation/cmake/ament_cmake_export_targets-extras.cmake
[41.862s] -- Installing: /workspace/LeapXELA_Hardware_ws/install/xela_point_cloud_representation/share/xela_point_cloud_representation/cmake/rosidl_cmake_export_typesupport_targets-extras.cmake
[41.863s] -- Installing: /workspace/LeapXELA_Hardware_ws/install/xela_point_cloud_representation/share/xela_point_cloud_representation/cmake/ament_cmake_export_dependencies-extras.cmake
[41.863s] -- Installing: /workspace/LeapXELA_Hardware_ws/install/xela_point_cloud_representation/share/xela_point_cloud_representation/cmake/rosidl_cmake_export_typesupport_libraries-extras.cmake
[41.863s] -- Installing: /workspace/LeapXELA_Hardware_ws/install/xela_point_cloud_representation/share/xela_point_cloud_representation/cmake/xela_point_cloud_representationConfig.cmake
[41.863s] -- Installing: /workspace/LeapXELA_Hardware_ws/install/xela_point_cloud_representation/share/xela_point_cloud_representation/cmake/xela_point_cloud_representationConfig-version.cmake
[41.863s] -- Installing: /workspace/LeapXELA_Hardware_ws/install/xela_point_cloud_representation/share/xela_point_cloud_representation/package.xml
[41.868s] Invoked command in '/workspace/LeapXELA_Hardware_ws/build/xela_point_cloud_representation' returned '0': AMENT_PREFIX_PATH=/workspace/LeapXELA_Hardware_ws/install/xela_description:${AMENT_PREFIX_PATH} CMAKE_PREFIX_PATH=/opt/ros/humble PYTHONPATH=/workspace/LeapXELA_Hardware_ws/install/xela_description/lib/python3.10/site-packages:/opt/ros/humble/lib/python3.10/site-packages:/opt/ros/humble/local/lib/python3.10/dist-packages:/usr/local/lib /usr/bin/cmake --install /workspace/LeapXELA_Hardware_ws/build/xela_point_cloud_representation
