[0.058s] Invoking command in '/workspace/LeapXELA_Hardware_ws/ros_ws/src/build/xela_server_ros2': CMAKE_PREFIX_PATH=/opt/ros/humble /usr/bin/cmake /workspace/LeapXELA_Hardware_ws/ros_ws/src/xela_server_ros2 -DCMAKE_INSTALL_PREFIX=/workspace/LeapXELA_Hardware_ws/ros_ws/src/install/xela_server_ros2
[1.224s] -- The C compiler identification is GNU 11.4.0
[1.224s] -- The CXX compiler identification is GNU 11.4.0
[1.225s] -- Detecting C compiler ABI info
[1.225s] -- Detecting C compiler ABI info - done
[1.225s] -- Check for working C compiler: /usr/bin/cc - skipped
[1.225s] -- Detecting C compile features
[1.225s] -- Detecting C compile features - done
[1.225s] -- Detecting CXX compiler ABI info
[1.225s] -- Detecting CXX compiler ABI info - done
[1.226s] -- Check for working CXX compiler: /usr/bin/c++ - skipped
[1.226s] -- Detecting CXX compile features
[1.226s] -- Detecting CXX compile features - done
[1.227s] -- Found rclcpp: 16.0.19 (/opt/ros/humble/share/rclcpp/cmake)
[1.227s] -- Found Python3: /usr/bin/python3 (found version "3.10.12") found components: Interpreter 
[1.319s] -- Found rosidl_generator_c: 3.1.8 (/opt/ros/humble/share/rosidl_generator_c/cmake)
[1.327s] -- Found rosidl_adapter: 3.1.8 (/opt/ros/humble/share/rosidl_adapter/cmake)
[1.348s] -- Found rosidl_generator_cpp: 3.1.8 (/opt/ros/humble/share/rosidl_generator_cpp/cmake)
[1.375s] -- Using all available rosidl_typesupport_c: rosidl_typesupport_fastrtps_c;rosidl_typesupport_introspection_c
[1.403s] -- Using all available rosidl_typesupport_cpp: rosidl_typesupport_fastrtps_cpp;rosidl_typesupport_introspection_cpp
[1.493s] -- Found rmw_implementation_cmake: 6.1.2 (/opt/ros/humble/share/rmw_implementation_cmake/cmake)
[1.497s] -- Found rmw_fastrtps_cpp: 6.2.10 (/opt/ros/humble/share/rmw_fastrtps_cpp/cmake)
[1.666s] -- Found OpenSSL: /usr/lib/x86_64-linux-gnu/libcrypto.so (found version "3.0.2")  
[1.720s] -- Found FastRTPS: /opt/ros/humble/include  
[1.818s] -- Using RMW implementation 'rmw_fastrtps_cpp' as default
[1.838s] -- Looking for pthread.h
[1.978s] -- Looking for pthread.h - found
[1.978s] -- Performing Test CMAKE_HAVE_LIBC_PTHREAD
[2.110s] -- Performing Test CMAKE_HAVE_LIBC_PTHREAD - Success
[2.112s] -- Found Threads: TRUE  
[2.212s] -- Found rclpy: 3.3.21 (/opt/ros/humble/share/rclpy/cmake)
[2.214s] -- Found geometry_msgs: 4.9.1 (/opt/ros/humble/share/geometry_msgs/cmake)
[2.246s] -- Found rosidl_default_generators: 1.2.1 (/opt/ros/humble/share/rosidl_default_generators/cmake)
[3.040s] -- Found ament_cmake_ros: 0.10.0 (/opt/ros/humble/share/ament_cmake_ros/cmake)
[3.989s] -- Using all available rosidl_typesupport_c: rosidl_typesupport_fastrtps_c;rosidl_typesupport_introspection_c
[4.347s] -- Using all available rosidl_typesupport_cpp: rosidl_typesupport_fastrtps_cpp;rosidl_typesupport_introspection_cpp
[4.403s] -- Found PythonInterp: /usr/bin/python3 (found suitable version "3.10.12", minimum required is "3.6") 
[4.405s] -- Found python_cmake_module: 0.10.0 (/opt/ros/humble/share/python_cmake_module/cmake)
[4.480s] -- Found PythonLibs: /usr/lib/x86_64-linux-gnu/libpython3.10.so (found suitable version "3.10.12", minimum required is "3.5") 
[4.480s] -- Using PYTHON_EXECUTABLE: /usr/bin/python3
[4.481s] -- Using PYTHON_INCLUDE_DIRS: /usr/include/python3.10
[4.481s] -- Using PYTHON_LIBRARIES: /usr/lib/x86_64-linux-gnu/libpython3.10.so
[4.535s] -- Found PythonExtra: .so  
[4.898s] -- Configuring done
[4.982s] -- Generating done
[5.013s] -- Build files have been written to: /workspace/LeapXELA_Hardware_ws/ros_ws/src/build/xela_server_ros2
[5.033s] Invoked command in '/workspace/LeapXELA_Hardware_ws/ros_ws/src/build/xela_server_ros2' returned '0': CMAKE_PREFIX_PATH=/opt/ros/humble /usr/bin/cmake /workspace/LeapXELA_Hardware_ws/ros_ws/src/xela_server_ros2 -DCMAKE_INSTALL_PREFIX=/workspace/LeapXELA_Hardware_ws/ros_ws/src/install/xela_server_ros2
[5.037s] Invoking command in '/workspace/LeapXELA_Hardware_ws/ros_ws/src/build/xela_server_ros2': CMAKE_PREFIX_PATH=/opt/ros/humble /usr/bin/cmake --build /workspace/LeapXELA_Hardware_ws/ros_ws/src/build/xela_server_ros2 -- -j16 -l16
[5.120s] [  1%] [34m[1mGenerating C code for ROS interfaces[0m
[5.151s] [  3%] [34m[1mGenerating Rust code for ROS interfaces[0m
[5.154s] [  4%] [34m[1mGenerating C++ code for ROS interfaces[0m
[5.166s] [  4%] Built target ament_cmake_python_copy_xela_server_ros2
[5.739s] running egg_info
[5.740s] creating xela_server_ros2.egg-info
[5.741s] writing xela_server_ros2.egg-info/PKG-INFO
[5.741s] writing dependency_links to xela_server_ros2.egg-info/dependency_links.txt
[5.742s] writing top-level names to xela_server_ros2.egg-info/top_level.txt
[5.742s] writing manifest file 'xela_server_ros2.egg-info/SOURCES.txt'
[5.745s] reading manifest file 'xela_server_ros2.egg-info/SOURCES.txt'
[5.746s] writing manifest file 'xela_server_ros2.egg-info/SOURCES.txt'
[5.802s] [  4%] Built target ament_cmake_python_build_xela_server_ros2_egg
[5.915s] [  4%] Built target xela_server_ros2__rs
[6.456s] [  4%] Built target xela_server_ros2__cpp
[6.500s] [  6%] [34m[1mGenerating C++ type support dispatch for ROS interfaces[0m
[6.501s] [  7%] [34m[1mGenerating C++ type support for eProsima Fast-RTPS[0m
[6.501s] [  9%] [34m[1mGenerating C++ introspection for ROS interfaces[0m
[6.557s] [ 10%] [32mBuilding C object CMakeFiles/xela_server_ros2__rosidl_generator_c.dir/rosidl_generator_c/xela_server_ros2/msg/detail/forces__functions.c.o[0m
[6.558s] [ 12%] [32mBuilding C object CMakeFiles/xela_server_ros2__rosidl_generator_c.dir/rosidl_generator_c/xela_server_ros2/srv/detail/xela_sensor_stream__functions.c.o[0m
[6.561s] [ 14%] [32mBuilding C object CMakeFiles/xela_server_ros2__rosidl_generator_c.dir/rosidl_generator_c/xela_server_ros2/msg/detail/sensor_full__functions.c.o[0m
[6.562s] [ 15%] [32mBuilding C object CMakeFiles/xela_server_ros2__rosidl_generator_c.dir/rosidl_generator_c/xela_server_ros2/msg/detail/taxel__functions.c.o[0m
[6.563s] [ 17%] [32mBuilding C object CMakeFiles/xela_server_ros2__rosidl_generator_c.dir/rosidl_generator_c/xela_server_ros2/msg/detail/sens_stream__functions.c.o[0m
[6.721s] [ 18%] [32m[1mLinking C shared library libxela_server_ros2__rosidl_generator_c.so[0m
[6.799s] [ 18%] Built target xela_server_ros2__rosidl_generator_c
[6.828s] [ 20%] [34m[1mGenerating C type support dispatch for ROS interfaces[0m
[6.829s] [ 21%] [34m[1mGenerating C type support for eProsima Fast-RTPS[0m
[6.833s] [ 23%] [34m[1mGenerating C introspection for ROS interfaces[0m
[7.566s] [ 25%] [32mBuilding CXX object CMakeFiles/xela_server_ros2__rosidl_typesupport_cpp.dir/rosidl_typesupport_cpp/xela_server_ros2/msg/sensor_full__type_support.cpp.o[0m
[7.569s] [ 26%] [32mBuilding CXX object CMakeFiles/xela_server_ros2__rosidl_typesupport_cpp.dir/rosidl_typesupport_cpp/xela_server_ros2/msg/sens_stream__type_support.cpp.o[0m
[7.572s] [ 28%] [32mBuilding CXX object CMakeFiles/xela_server_ros2__rosidl_typesupport_cpp.dir/rosidl_typesupport_cpp/xela_server_ros2/msg/taxel__type_support.cpp.o[0m
[7.582s] [ 29%] [32mBuilding CXX object CMakeFiles/xela_server_ros2__rosidl_typesupport_cpp.dir/rosidl_typesupport_cpp/xela_server_ros2/srv/xela_sensor_stream__type_support.cpp.o[0m
[7.584s] [ 31%] [32mBuilding CXX object CMakeFiles/xela_server_ros2__rosidl_typesupport_cpp.dir/rosidl_typesupport_cpp/xela_server_ros2/msg/forces__type_support.cpp.o[0m
[8.186s] [ 32%] [32mBuilding CXX object CMakeFiles/xela_server_ros2__rosidl_typesupport_introspection_cpp.dir/rosidl_typesupport_introspection_cpp/xela_server_ros2/msg/detail/sensor_full__type_support.cpp.o[0m
[8.186s] [ 34%] [32mBuilding CXX object CMakeFiles/xela_server_ros2__rosidl_typesupport_introspection_cpp.dir/rosidl_typesupport_introspection_cpp/xela_server_ros2/msg/detail/sens_stream__type_support.cpp.o[0m
[8.186s] [ 35%] [32mBuilding CXX object CMakeFiles/xela_server_ros2__rosidl_typesupport_introspection_cpp.dir/rosidl_typesupport_introspection_cpp/xela_server_ros2/msg/detail/taxel__type_support.cpp.o[0m
[8.194s] [ 37%] [32mBuilding CXX object CMakeFiles/xela_server_ros2__rosidl_typesupport_introspection_cpp.dir/rosidl_typesupport_introspection_cpp/xela_server_ros2/srv/detail/xela_sensor_stream__type_support.cpp.o[0m
[8.219s] [ 39%] [32mBuilding CXX object CMakeFiles/xela_server_ros2__rosidl_typesupport_introspection_cpp.dir/rosidl_typesupport_introspection_cpp/xela_server_ros2/msg/detail/forces__type_support.cpp.o[0m
[8.309s] [ 40%] [32mBuilding CXX object CMakeFiles/xela_server_ros2__rosidl_typesupport_c.dir/rosidl_typesupport_c/xela_server_ros2/msg/sens_stream__type_support.cpp.o[0m
[8.345s] [ 42%] [32mBuilding CXX object CMakeFiles/xela_server_ros2__rosidl_typesupport_c.dir/rosidl_typesupport_c/xela_server_ros2/msg/sensor_full__type_support.cpp.o[0m
[8.346s] [ 43%] [32mBuilding CXX object CMakeFiles/xela_server_ros2__rosidl_typesupport_c.dir/rosidl_typesupport_c/xela_server_ros2/msg/taxel__type_support.cpp.o[0m
[8.512s] [ 45%] [32mBuilding CXX object CMakeFiles/xela_server_ros2__rosidl_typesupport_c.dir/rosidl_typesupport_c/xela_server_ros2/msg/forces__type_support.cpp.o[0m
[8.547s] [ 46%] [32mBuilding CXX object CMakeFiles/xela_server_ros2__rosidl_typesupport_c.dir/rosidl_typesupport_c/xela_server_ros2/srv/xela_sensor_stream__type_support.cpp.o[0m
[8.706s] [ 48%] [32m[1mLinking CXX shared library libxela_server_ros2__rosidl_typesupport_c.so[0m
[8.743s] [ 50%] [32mBuilding CXX object CMakeFiles/xela_server_ros2__rosidl_typesupport_fastrtps_cpp.dir/rosidl_typesupport_fastrtps_cpp/xela_server_ros2/msg/detail/dds_fastrtps/sensor_full__type_support.cpp.o[0m
[8.750s] [ 51%] [32mBuilding CXX object CMakeFiles/xela_server_ros2__rosidl_typesupport_fastrtps_cpp.dir/rosidl_typesupport_fastrtps_cpp/xela_server_ros2/msg/detail/dds_fastrtps/sens_stream__type_support.cpp.o[0m
[8.762s] [ 53%] [32mBuilding CXX object CMakeFiles/xela_server_ros2__rosidl_typesupport_fastrtps_cpp.dir/rosidl_typesupport_fastrtps_cpp/xela_server_ros2/msg/detail/dds_fastrtps/taxel__type_support.cpp.o[0m
[8.763s] [ 54%] [32mBuilding CXX object CMakeFiles/xela_server_ros2__rosidl_typesupport_fastrtps_cpp.dir/rosidl_typesupport_fastrtps_cpp/xela_server_ros2/msg/detail/dds_fastrtps/forces__type_support.cpp.o[0m
[8.910s] [ 54%] Built target xela_server_ros2__rosidl_typesupport_c
[8.964s] [ 56%] [32mBuilding CXX object CMakeFiles/xela_server_ros2__rosidl_typesupport_fastrtps_cpp.dir/rosidl_typesupport_fastrtps_cpp/xela_server_ros2/srv/detail/dds_fastrtps/xela_sensor_stream__type_support.cpp.o[0m
[9.275s] [ 57%] [32mBuilding C object CMakeFiles/xela_server_ros2__rosidl_typesupport_introspection_c.dir/rosidl_typesupport_introspection_c/xela_server_ros2/msg/detail/sensor_full__type_support.c.o[0m
[9.352s] [ 59%] [32mBuilding C object CMakeFiles/xela_server_ros2__rosidl_typesupport_introspection_c.dir/rosidl_typesupport_introspection_c/xela_server_ros2/msg/detail/sens_stream__type_support.c.o[0m
[9.428s] [ 60%] [32mBuilding CXX object CMakeFiles/xela_server_ros2__rosidl_typesupport_fastrtps_c.dir/rosidl_typesupport_fastrtps_c/xela_server_ros2/msg/detail/sensor_full__type_support_c.cpp.o[0m
[9.468s] [ 62%] [32mBuilding C object CMakeFiles/xela_server_ros2__rosidl_typesupport_introspection_c.dir/rosidl_typesupport_introspection_c/xela_server_ros2/msg/detail/taxel__type_support.c.o[0m
[9.606s] [ 64%] [32mBuilding C object CMakeFiles/xela_server_ros2__rosidl_typesupport_introspection_c.dir/rosidl_typesupport_introspection_c/xela_server_ros2/msg/detail/forces__type_support.c.o[0m
[9.621s] [ 65%] [32mBuilding CXX object CMakeFiles/xela_server_ros2__rosidl_typesupport_fastrtps_c.dir/rosidl_typesupport_fastrtps_c/xela_server_ros2/msg/detail/sens_stream__type_support_c.cpp.o[0m
[9.677s] [ 67%] [32mBuilding CXX object CMakeFiles/xela_server_ros2__rosidl_typesupport_fastrtps_c.dir/rosidl_typesupport_fastrtps_c/xela_server_ros2/msg/detail/taxel__type_support_c.cpp.o[0m
[9.774s] [ 68%] [32mBuilding C object CMakeFiles/xela_server_ros2__rosidl_typesupport_introspection_c.dir/rosidl_typesupport_introspection_c/xela_server_ros2/srv/detail/xela_sensor_stream__type_support.c.o[0m
[9.780s] [ 70%] [32mBuilding CXX object CMakeFiles/xela_server_ros2__rosidl_typesupport_fastrtps_c.dir/rosidl_typesupport_fastrtps_c/xela_server_ros2/msg/detail/forces__type_support_c.cpp.o[0m
[9.961s] [ 71%] [32m[1mLinking C shared library libxela_server_ros2__rosidl_typesupport_introspection_c.so[0m
[10.214s] [ 71%] Built target xela_server_ros2__rosidl_typesupport_introspection_c
[10.282s] [ 73%] [32mBuilding CXX object CMakeFiles/xela_server_ros2__rosidl_typesupport_fastrtps_c.dir/rosidl_typesupport_fastrtps_c/xela_server_ros2/srv/detail/xela_sensor_stream__type_support_c.cpp.o[0m
[10.525s] [ 75%] [32m[1mLinking CXX shared library libxela_server_ros2__rosidl_typesupport_cpp.so[0m
[10.734s] [ 75%] Built target xela_server_ros2__rosidl_typesupport_cpp
[10.968s] [ 76%] [32m[1mLinking CXX shared library libxela_server_ros2__rosidl_typesupport_fastrtps_cpp.so[0m
[11.138s] [ 76%] Built target xela_server_ros2__rosidl_typesupport_fastrtps_cpp
[11.276s] [ 78%] [32m[1mLinking CXX shared library libxela_server_ros2__rosidl_typesupport_introspection_cpp.so[0m
[11.413s] [ 79%] [32m[1mLinking CXX shared library libxela_server_ros2__rosidl_typesupport_fastrtps_c.so[0m
[11.432s] [ 79%] Built target xela_server_ros2__rosidl_typesupport_introspection_cpp
[11.555s] [ 79%] Built target xela_server_ros2__rosidl_typesupport_fastrtps_c
[11.588s] [ 79%] Built target xela_server_ros2
[11.627s] [ 81%] [34m[1mGenerating Python code for ROS interfaces[0m
[13.027s] [ 81%] Built target xela_server_ros2__py
[13.065s] [ 82%] [32mBuilding C object CMakeFiles/xela_server_ros2__rosidl_generator_py.dir/rosidl_generator_py/xela_server_ros2/msg/_sensor_full_s.c.o[0m
[13.066s] [ 84%] [32mBuilding C object CMakeFiles/xela_server_ros2__rosidl_generator_py.dir/rosidl_generator_py/xela_server_ros2/msg/_sens_stream_s.c.o[0m
[13.066s] [ 85%] [32mBuilding C object CMakeFiles/xela_server_ros2__rosidl_generator_py.dir/rosidl_generator_py/xela_server_ros2/msg/_taxel_s.c.o[0m
[13.067s] [ 87%] [32mBuilding C object CMakeFiles/xela_server_ros2__rosidl_generator_py.dir/rosidl_generator_py/xela_server_ros2/msg/_forces_s.c.o[0m
[13.067s] [ 89%] [32mBuilding C object CMakeFiles/xela_server_ros2__rosidl_generator_py.dir/rosidl_generator_py/xela_server_ros2/srv/_xela_sensor_stream_s.c.o[0m
[13.344s] [ 90%] [32m[1mLinking C shared library rosidl_generator_py/xela_server_ros2/libxela_server_ros2__rosidl_generator_py.so[0m
[13.430s] [ 90%] Built target xela_server_ros2__rosidl_generator_py
[13.467s] [ 92%] [32mBuilding C object CMakeFiles/xela_server_ros2__rosidl_typesupport_introspection_c__pyext.dir/rosidl_generator_py/xela_server_ros2/_xela_server_ros2_s.ep.rosidl_typesupport_introspection_c.c.o[0m
[13.467s] [ 93%] [32mBuilding C object CMakeFiles/xela_server_ros2__rosidl_typesupport_fastrtps_c__pyext.dir/rosidl_generator_py/xela_server_ros2/_xela_server_ros2_s.ep.rosidl_typesupport_fastrtps_c.c.o[0m
[13.468s] [ 95%] [32mBuilding C object CMakeFiles/xela_server_ros2__rosidl_typesupport_c__pyext.dir/rosidl_generator_py/xela_server_ros2/_xela_server_ros2_s.ep.rosidl_typesupport_c.c.o[0m
[13.706s] [ 96%] [32m[1mLinking C shared library rosidl_generator_py/xela_server_ros2/xela_server_ros2_s__rosidl_typesupport_introspection_c.cpython-310-x86_64-linux-gnu.so[0m
[13.734s] [ 98%] [32m[1mLinking C shared library rosidl_generator_py/xela_server_ros2/xela_server_ros2_s__rosidl_typesupport_c.cpython-310-x86_64-linux-gnu.so[0m
[13.736s] [100%] [32m[1mLinking C shared library rosidl_generator_py/xela_server_ros2/xela_server_ros2_s__rosidl_typesupport_fastrtps_c.cpython-310-x86_64-linux-gnu.so[0m
[13.787s] [100%] Built target xela_server_ros2__rosidl_typesupport_introspection_c__pyext
[13.808s] [100%] Built target xela_server_ros2__rosidl_typesupport_c__pyext
[13.810s] [100%] Built target xela_server_ros2__rosidl_typesupport_fastrtps_c__pyext
[13.831s] Invoked command in '/workspace/LeapXELA_Hardware_ws/ros_ws/src/build/xela_server_ros2' returned '0': CMAKE_PREFIX_PATH=/opt/ros/humble /usr/bin/cmake --build /workspace/LeapXELA_Hardware_ws/ros_ws/src/build/xela_server_ros2 -- -j16 -l16
[13.834s] Invoking command in '/workspace/LeapXELA_Hardware_ws/ros_ws/src/build/xela_server_ros2': CMAKE_PREFIX_PATH=/opt/ros/humble /usr/bin/cmake --install /workspace/LeapXELA_Hardware_ws/ros_ws/src/build/xela_server_ros2
[13.851s] -- Install configuration: ""
[13.851s] -- Installing: /workspace/LeapXELA_Hardware_ws/ros_ws/src/install/xela_server_ros2/share/ament_index/resource_index/rosidl_interfaces/xela_server_ros2
[13.851s] -- Installing: /workspace/LeapXELA_Hardware_ws/ros_ws/src/install/xela_server_ros2/include/xela_server_ros2/xela_server_ros2
[13.852s] -- Installing: /workspace/LeapXELA_Hardware_ws/ros_ws/src/install/xela_server_ros2/include/xela_server_ros2/xela_server_ros2/srv
[13.852s] -- Installing: /workspace/LeapXELA_Hardware_ws/ros_ws/src/install/xela_server_ros2/include/xela_server_ros2/xela_server_ros2/srv/detail
[13.852s] -- Installing: /workspace/LeapXELA_Hardware_ws/ros_ws/src/install/xela_server_ros2/include/xela_server_ros2/xela_server_ros2/srv/detail/xela_sensor_stream__struct.h
[13.853s] -- Installing: /workspace/LeapXELA_Hardware_ws/ros_ws/src/install/xela_server_ros2/include/xela_server_ros2/xela_server_ros2/srv/detail/xela_sensor_stream__type_support.h
[13.853s] -- Installing: /workspace/LeapXELA_Hardware_ws/ros_ws/src/install/xela_server_ros2/include/xela_server_ros2/xela_server_ros2/srv/detail/xela_sensor_stream__functions.h
[13.853s] -- Installing: /workspace/LeapXELA_Hardware_ws/ros_ws/src/install/xela_server_ros2/include/xela_server_ros2/xela_server_ros2/srv/detail/xela_sensor_stream__functions.c
[13.853s] -- Installing: /workspace/LeapXELA_Hardware_ws/ros_ws/src/install/xela_server_ros2/include/xela_server_ros2/xela_server_ros2/srv/xela_sensor_stream.h
[13.854s] -- Installing: /workspace/LeapXELA_Hardware_ws/ros_ws/src/install/xela_server_ros2/include/xela_server_ros2/xela_server_ros2/msg
[13.854s] -- Installing: /workspace/LeapXELA_Hardware_ws/ros_ws/src/install/xela_server_ros2/include/xela_server_ros2/xela_server_ros2/msg/detail
[13.854s] -- Installing: /workspace/LeapXELA_Hardware_ws/ros_ws/src/install/xela_server_ros2/include/xela_server_ros2/xela_server_ros2/msg/detail/forces__struct.h
[13.854s] -- Installing: /workspace/LeapXELA_Hardware_ws/ros_ws/src/install/xela_server_ros2/include/xela_server_ros2/xela_server_ros2/msg/detail/taxel__functions.c
[13.854s] -- Installing: /workspace/LeapXELA_Hardware_ws/ros_ws/src/install/xela_server_ros2/include/xela_server_ros2/xela_server_ros2/msg/detail/sens_stream__functions.h
[13.854s] -- Installing: /workspace/LeapXELA_Hardware_ws/ros_ws/src/install/xela_server_ros2/include/xela_server_ros2/xela_server_ros2/msg/detail/forces__functions.h
[13.855s] -- Installing: /workspace/LeapXELA_Hardware_ws/ros_ws/src/install/xela_server_ros2/include/xela_server_ros2/xela_server_ros2/msg/detail/sens_stream__struct.h
[13.855s] -- Installing: /workspace/LeapXELA_Hardware_ws/ros_ws/src/install/xela_server_ros2/include/xela_server_ros2/xela_server_ros2/msg/detail/sensor_full__functions.c
[13.855s] -- Installing: /workspace/LeapXELA_Hardware_ws/ros_ws/src/install/xela_server_ros2/include/xela_server_ros2/xela_server_ros2/msg/detail/sens_stream__type_support.h
[13.856s] -- Installing: /workspace/LeapXELA_Hardware_ws/ros_ws/src/install/xela_server_ros2/include/xela_server_ros2/xela_server_ros2/msg/detail/forces__type_support.h
[13.856s] -- Installing: /workspace/LeapXELA_Hardware_ws/ros_ws/src/install/xela_server_ros2/include/xela_server_ros2/xela_server_ros2/msg/detail/sensor_full__functions.h
[13.856s] -- Installing: /workspace/LeapXELA_Hardware_ws/ros_ws/src/install/xela_server_ros2/include/xela_server_ros2/xela_server_ros2/msg/detail/forces__functions.c
[13.856s] -- Installing: /workspace/LeapXELA_Hardware_ws/ros_ws/src/install/xela_server_ros2/include/xela_server_ros2/xela_server_ros2/msg/detail/taxel__functions.h
[13.856s] -- Installing: /workspace/LeapXELA_Hardware_ws/ros_ws/src/install/xela_server_ros2/include/xela_server_ros2/xela_server_ros2/msg/detail/sens_stream__functions.c
[13.857s] -- Installing: /workspace/LeapXELA_Hardware_ws/ros_ws/src/install/xela_server_ros2/include/xela_server_ros2/xela_server_ros2/msg/detail/sensor_full__type_support.h
[13.857s] -- Installing: /workspace/LeapXELA_Hardware_ws/ros_ws/src/install/xela_server_ros2/include/xela_server_ros2/xela_server_ros2/msg/detail/sensor_full__struct.h
[13.857s] -- Installing: /workspace/LeapXELA_Hardware_ws/ros_ws/src/install/xela_server_ros2/include/xela_server_ros2/xela_server_ros2/msg/detail/taxel__type_support.h
[13.857s] -- Installing: /workspace/LeapXELA_Hardware_ws/ros_ws/src/install/xela_server_ros2/include/xela_server_ros2/xela_server_ros2/msg/detail/taxel__struct.h
[13.857s] -- Installing: /workspace/LeapXELA_Hardware_ws/ros_ws/src/install/xela_server_ros2/include/xela_server_ros2/xela_server_ros2/msg/sens_stream.h
[13.857s] -- Installing: /workspace/LeapXELA_Hardware_ws/ros_ws/src/install/xela_server_ros2/include/xela_server_ros2/xela_server_ros2/msg/sensor_full.h
[13.858s] -- Installing: /workspace/LeapXELA_Hardware_ws/ros_ws/src/install/xela_server_ros2/include/xela_server_ros2/xela_server_ros2/msg/taxel.h
[13.858s] -- Installing: /workspace/LeapXELA_Hardware_ws/ros_ws/src/install/xela_server_ros2/include/xela_server_ros2/xela_server_ros2/msg/rosidl_generator_c__visibility_control.h
[13.858s] -- Installing: /workspace/LeapXELA_Hardware_ws/ros_ws/src/install/xela_server_ros2/include/xela_server_ros2/xela_server_ros2/msg/forces.h
[13.858s] -- Installing: /workspace/LeapXELA_Hardware_ws/ros_ws/src/install/xela_server_ros2/share/xela_server_ros2/environment/library_path.sh
[13.858s] -- Installing: /workspace/LeapXELA_Hardware_ws/ros_ws/src/install/xela_server_ros2/share/xela_server_ros2/environment/library_path.dsv
[13.858s] -- Installing: /workspace/LeapXELA_Hardware_ws/ros_ws/src/install/xela_server_ros2/lib/libxela_server_ros2__rosidl_generator_c.so
[13.859s] -- Set runtime path of "/workspace/LeapXELA_Hardware_ws/ros_ws/src/install/xela_server_ros2/lib/libxela_server_ros2__rosidl_generator_c.so" to ""
[13.859s] -- Up-to-date: /workspace/LeapXELA_Hardware_ws/ros_ws/src/install/xela_server_ros2/include/xela_server_ros2/xela_server_ros2
[13.859s] -- Up-to-date: /workspace/LeapXELA_Hardware_ws/ros_ws/src/install/xela_server_ros2/include/xela_server_ros2/xela_server_ros2/srv
[13.859s] -- Up-to-date: /workspace/LeapXELA_Hardware_ws/ros_ws/src/install/xela_server_ros2/include/xela_server_ros2/xela_server_ros2/srv/detail
[13.859s] -- Installing: /workspace/LeapXELA_Hardware_ws/ros_ws/src/install/xela_server_ros2/include/xela_server_ros2/xela_server_ros2/srv/detail/xela_sensor_stream__rosidl_typesupport_fastrtps_c.h
[13.859s] -- Up-to-date: /workspace/LeapXELA_Hardware_ws/ros_ws/src/install/xela_server_ros2/include/xela_server_ros2/xela_server_ros2/msg
[13.860s] -- Up-to-date: /workspace/LeapXELA_Hardware_ws/ros_ws/src/install/xela_server_ros2/include/xela_server_ros2/xela_server_ros2/msg/detail
[13.860s] -- Installing: /workspace/LeapXELA_Hardware_ws/ros_ws/src/install/xela_server_ros2/include/xela_server_ros2/xela_server_ros2/msg/detail/sens_stream__rosidl_typesupport_fastrtps_c.h
[13.860s] -- Installing: /workspace/LeapXELA_Hardware_ws/ros_ws/src/install/xela_server_ros2/include/xela_server_ros2/xela_server_ros2/msg/detail/taxel__rosidl_typesupport_fastrtps_c.h
[13.860s] -- Installing: /workspace/LeapXELA_Hardware_ws/ros_ws/src/install/xela_server_ros2/include/xela_server_ros2/xela_server_ros2/msg/detail/forces__rosidl_typesupport_fastrtps_c.h
[13.860s] -- Installing: /workspace/LeapXELA_Hardware_ws/ros_ws/src/install/xela_server_ros2/include/xela_server_ros2/xela_server_ros2/msg/detail/sensor_full__rosidl_typesupport_fastrtps_c.h
[13.861s] -- Installing: /workspace/LeapXELA_Hardware_ws/ros_ws/src/install/xela_server_ros2/include/xela_server_ros2/xela_server_ros2/msg/rosidl_typesupport_fastrtps_c__visibility_control.h
[13.861s] -- Installing: /workspace/LeapXELA_Hardware_ws/ros_ws/src/install/xela_server_ros2/lib/libxela_server_ros2__rosidl_typesupport_fastrtps_c.so
[13.861s] -- Set runtime path of "/workspace/LeapXELA_Hardware_ws/ros_ws/src/install/xela_server_ros2/lib/libxela_server_ros2__rosidl_typesupport_fastrtps_c.so" to ""
[13.861s] -- Up-to-date: /workspace/LeapXELA_Hardware_ws/ros_ws/src/install/xela_server_ros2/include/xela_server_ros2/xela_server_ros2
[13.861s] -- Up-to-date: /workspace/LeapXELA_Hardware_ws/ros_ws/src/install/xela_server_ros2/include/xela_server_ros2/xela_server_ros2/srv
[13.862s] -- Up-to-date: /workspace/LeapXELA_Hardware_ws/ros_ws/src/install/xela_server_ros2/include/xela_server_ros2/xela_server_ros2/srv/detail
[13.862s] -- Installing: /workspace/LeapXELA_Hardware_ws/ros_ws/src/install/xela_server_ros2/include/xela_server_ros2/xela_server_ros2/srv/detail/xela_sensor_stream__traits.hpp
[13.862s] -- Installing: /workspace/LeapXELA_Hardware_ws/ros_ws/src/install/xela_server_ros2/include/xela_server_ros2/xela_server_ros2/srv/detail/xela_sensor_stream__struct.hpp
[13.862s] -- Installing: /workspace/LeapXELA_Hardware_ws/ros_ws/src/install/xela_server_ros2/include/xela_server_ros2/xela_server_ros2/srv/detail/xela_sensor_stream__builder.hpp
[13.862s] -- Installing: /workspace/LeapXELA_Hardware_ws/ros_ws/src/install/xela_server_ros2/include/xela_server_ros2/xela_server_ros2/srv/detail/xela_sensor_stream__type_support.hpp
[13.862s] -- Installing: /workspace/LeapXELA_Hardware_ws/ros_ws/src/install/xela_server_ros2/include/xela_server_ros2/xela_server_ros2/srv/xela_sensor_stream.hpp
[13.862s] -- Up-to-date: /workspace/LeapXELA_Hardware_ws/ros_ws/src/install/xela_server_ros2/include/xela_server_ros2/xela_server_ros2/msg
[13.863s] -- Up-to-date: /workspace/LeapXELA_Hardware_ws/ros_ws/src/install/xela_server_ros2/include/xela_server_ros2/xela_server_ros2/msg/detail
[13.863s] -- Installing: /workspace/LeapXELA_Hardware_ws/ros_ws/src/install/xela_server_ros2/include/xela_server_ros2/xela_server_ros2/msg/detail/forces__type_support.hpp
[13.863s] -- Installing: /workspace/LeapXELA_Hardware_ws/ros_ws/src/install/xela_server_ros2/include/xela_server_ros2/xela_server_ros2/msg/detail/forces__struct.hpp
[13.863s] -- Installing: /workspace/LeapXELA_Hardware_ws/ros_ws/src/install/xela_server_ros2/include/xela_server_ros2/xela_server_ros2/msg/detail/sensor_full__type_support.hpp
[13.863s] -- Installing: /workspace/LeapXELA_Hardware_ws/ros_ws/src/install/xela_server_ros2/include/xela_server_ros2/xela_server_ros2/msg/detail/taxel__struct.hpp
[13.863s] -- Installing: /workspace/LeapXELA_Hardware_ws/ros_ws/src/install/xela_server_ros2/include/xela_server_ros2/xela_server_ros2/msg/detail/sens_stream__builder.hpp
[13.863s] -- Installing: /workspace/LeapXELA_Hardware_ws/ros_ws/src/install/xela_server_ros2/include/xela_server_ros2/xela_server_ros2/msg/detail/taxel__builder.hpp
[13.864s] -- Installing: /workspace/LeapXELA_Hardware_ws/ros_ws/src/install/xela_server_ros2/include/xela_server_ros2/xela_server_ros2/msg/detail/sens_stream__traits.hpp
[13.864s] -- Installing: /workspace/LeapXELA_Hardware_ws/ros_ws/src/install/xela_server_ros2/include/xela_server_ros2/xela_server_ros2/msg/detail/forces__builder.hpp
[13.864s] -- Installing: /workspace/LeapXELA_Hardware_ws/ros_ws/src/install/xela_server_ros2/include/xela_server_ros2/xela_server_ros2/msg/detail/sensor_full__struct.hpp
[13.864s] -- Installing: /workspace/LeapXELA_Hardware_ws/ros_ws/src/install/xela_server_ros2/include/xela_server_ros2/xela_server_ros2/msg/detail/sensor_full__traits.hpp
[13.864s] -- Installing: /workspace/LeapXELA_Hardware_ws/ros_ws/src/install/xela_server_ros2/include/xela_server_ros2/xela_server_ros2/msg/detail/forces__traits.hpp
[13.864s] -- Installing: /workspace/LeapXELA_Hardware_ws/ros_ws/src/install/xela_server_ros2/include/xela_server_ros2/xela_server_ros2/msg/detail/taxel__traits.hpp
[13.865s] -- Installing: /workspace/LeapXELA_Hardware_ws/ros_ws/src/install/xela_server_ros2/include/xela_server_ros2/xela_server_ros2/msg/detail/sens_stream__struct.hpp
[13.865s] -- Installing: /workspace/LeapXELA_Hardware_ws/ros_ws/src/install/xela_server_ros2/include/xela_server_ros2/xela_server_ros2/msg/detail/taxel__type_support.hpp
[13.865s] -- Installing: /workspace/LeapXELA_Hardware_ws/ros_ws/src/install/xela_server_ros2/include/xela_server_ros2/xela_server_ros2/msg/detail/sens_stream__type_support.hpp
[13.865s] -- Installing: /workspace/LeapXELA_Hardware_ws/ros_ws/src/install/xela_server_ros2/include/xela_server_ros2/xela_server_ros2/msg/detail/sensor_full__builder.hpp
[13.865s] -- Installing: /workspace/LeapXELA_Hardware_ws/ros_ws/src/install/xela_server_ros2/include/xela_server_ros2/xela_server_ros2/msg/forces.hpp
[13.866s] -- Installing: /workspace/LeapXELA_Hardware_ws/ros_ws/src/install/xela_server_ros2/include/xela_server_ros2/xela_server_ros2/msg/sensor_full.hpp
[13.866s] -- Installing: /workspace/LeapXELA_Hardware_ws/ros_ws/src/install/xela_server_ros2/include/xela_server_ros2/xela_server_ros2/msg/rosidl_generator_cpp__visibility_control.hpp
[13.866s] -- Installing: /workspace/LeapXELA_Hardware_ws/ros_ws/src/install/xela_server_ros2/include/xela_server_ros2/xela_server_ros2/msg/taxel.hpp
[13.866s] -- Installing: /workspace/LeapXELA_Hardware_ws/ros_ws/src/install/xela_server_ros2/include/xela_server_ros2/xela_server_ros2/msg/sens_stream.hpp
[13.867s] -- Up-to-date: /workspace/LeapXELA_Hardware_ws/ros_ws/src/install/xela_server_ros2/include/xela_server_ros2/xela_server_ros2
[13.867s] -- Up-to-date: /workspace/LeapXELA_Hardware_ws/ros_ws/src/install/xela_server_ros2/include/xela_server_ros2/xela_server_ros2/srv
[13.867s] -- Up-to-date: /workspace/LeapXELA_Hardware_ws/ros_ws/src/install/xela_server_ros2/include/xela_server_ros2/xela_server_ros2/srv/detail
[13.867s] -- Installing: /workspace/LeapXELA_Hardware_ws/ros_ws/src/install/xela_server_ros2/include/xela_server_ros2/xela_server_ros2/srv/detail/xela_sensor_stream__rosidl_typesupport_fastrtps_cpp.hpp
[13.867s] -- Installing: /workspace/LeapXELA_Hardware_ws/ros_ws/src/install/xela_server_ros2/include/xela_server_ros2/xela_server_ros2/srv/detail/dds_fastrtps
[13.867s] -- Up-to-date: /workspace/LeapXELA_Hardware_ws/ros_ws/src/install/xela_server_ros2/include/xela_server_ros2/xela_server_ros2/msg
[13.868s] -- Up-to-date: /workspace/LeapXELA_Hardware_ws/ros_ws/src/install/xela_server_ros2/include/xela_server_ros2/xela_server_ros2/msg/detail
[13.868s] -- Installing: /workspace/LeapXELA_Hardware_ws/ros_ws/src/install/xela_server_ros2/include/xela_server_ros2/xela_server_ros2/msg/detail/sens_stream__rosidl_typesupport_fastrtps_cpp.hpp
[13.868s] -- Installing: /workspace/LeapXELA_Hardware_ws/ros_ws/src/install/xela_server_ros2/include/xela_server_ros2/xela_server_ros2/msg/detail/sensor_full__rosidl_typesupport_fastrtps_cpp.hpp
[13.868s] -- Installing: /workspace/LeapXELA_Hardware_ws/ros_ws/src/install/xela_server_ros2/include/xela_server_ros2/xela_server_ros2/msg/detail/forces__rosidl_typesupport_fastrtps_cpp.hpp
[13.868s] -- Installing: /workspace/LeapXELA_Hardware_ws/ros_ws/src/install/xela_server_ros2/include/xela_server_ros2/xela_server_ros2/msg/detail/taxel__rosidl_typesupport_fastrtps_cpp.hpp
[13.869s] -- Installing: /workspace/LeapXELA_Hardware_ws/ros_ws/src/install/xela_server_ros2/include/xela_server_ros2/xela_server_ros2/msg/detail/dds_fastrtps
[13.869s] -- Installing: /workspace/LeapXELA_Hardware_ws/ros_ws/src/install/xela_server_ros2/include/xela_server_ros2/xela_server_ros2/msg/rosidl_typesupport_fastrtps_cpp__visibility_control.h
[13.869s] -- Installing: /workspace/LeapXELA_Hardware_ws/ros_ws/src/install/xela_server_ros2/lib/libxela_server_ros2__rosidl_typesupport_fastrtps_cpp.so
[13.869s] -- Set runtime path of "/workspace/LeapXELA_Hardware_ws/ros_ws/src/install/xela_server_ros2/lib/libxela_server_ros2__rosidl_typesupport_fastrtps_cpp.so" to ""
[13.869s] -- Up-to-date: /workspace/LeapXELA_Hardware_ws/ros_ws/src/install/xela_server_ros2/include/xela_server_ros2/xela_server_ros2
[13.870s] -- Up-to-date: /workspace/LeapXELA_Hardware_ws/ros_ws/src/install/xela_server_ros2/include/xela_server_ros2/xela_server_ros2/srv
[13.870s] -- Up-to-date: /workspace/LeapXELA_Hardware_ws/ros_ws/src/install/xela_server_ros2/include/xela_server_ros2/xela_server_ros2/srv/detail
[13.870s] -- Installing: /workspace/LeapXELA_Hardware_ws/ros_ws/src/install/xela_server_ros2/include/xela_server_ros2/xela_server_ros2/srv/detail/xela_sensor_stream__type_support.c
[13.870s] -- Installing: /workspace/LeapXELA_Hardware_ws/ros_ws/src/install/xela_server_ros2/include/xela_server_ros2/xela_server_ros2/srv/detail/xela_sensor_stream__rosidl_typesupport_introspection_c.h
[13.870s] -- Up-to-date: /workspace/LeapXELA_Hardware_ws/ros_ws/src/install/xela_server_ros2/include/xela_server_ros2/xela_server_ros2/msg
[13.870s] -- Up-to-date: /workspace/LeapXELA_Hardware_ws/ros_ws/src/install/xela_server_ros2/include/xela_server_ros2/xela_server_ros2/msg/detail
[13.870s] -- Installing: /workspace/LeapXELA_Hardware_ws/ros_ws/src/install/xela_server_ros2/include/xela_server_ros2/xela_server_ros2/msg/detail/taxel__rosidl_typesupport_introspection_c.h
[13.871s] -- Installing: /workspace/LeapXELA_Hardware_ws/ros_ws/src/install/xela_server_ros2/include/xela_server_ros2/xela_server_ros2/msg/detail/sensor_full__rosidl_typesupport_introspection_c.h
[13.871s] -- Installing: /workspace/LeapXELA_Hardware_ws/ros_ws/src/install/xela_server_ros2/include/xela_server_ros2/xela_server_ros2/msg/detail/sens_stream__rosidl_typesupport_introspection_c.h
[13.871s] -- Installing: /workspace/LeapXELA_Hardware_ws/ros_ws/src/install/xela_server_ros2/include/xela_server_ros2/xela_server_ros2/msg/detail/forces__type_support.c
[13.871s] -- Installing: /workspace/LeapXELA_Hardware_ws/ros_ws/src/install/xela_server_ros2/include/xela_server_ros2/xela_server_ros2/msg/detail/forces__rosidl_typesupport_introspection_c.h
[13.871s] -- Installing: /workspace/LeapXELA_Hardware_ws/ros_ws/src/install/xela_server_ros2/include/xela_server_ros2/xela_server_ros2/msg/detail/sensor_full__type_support.c
[13.871s] -- Installing: /workspace/LeapXELA_Hardware_ws/ros_ws/src/install/xela_server_ros2/include/xela_server_ros2/xela_server_ros2/msg/detail/sens_stream__type_support.c
[13.872s] -- Installing: /workspace/LeapXELA_Hardware_ws/ros_ws/src/install/xela_server_ros2/include/xela_server_ros2/xela_server_ros2/msg/detail/taxel__type_support.c
[13.872s] -- Installing: /workspace/LeapXELA_Hardware_ws/ros_ws/src/install/xela_server_ros2/include/xela_server_ros2/xela_server_ros2/msg/rosidl_typesupport_introspection_c__visibility_control.h
[13.872s] -- Installing: /workspace/LeapXELA_Hardware_ws/ros_ws/src/install/xela_server_ros2/lib/libxela_server_ros2__rosidl_typesupport_introspection_c.so
[13.872s] -- Set runtime path of "/workspace/LeapXELA_Hardware_ws/ros_ws/src/install/xela_server_ros2/lib/libxela_server_ros2__rosidl_typesupport_introspection_c.so" to ""
[13.872s] -- Installing: /workspace/LeapXELA_Hardware_ws/ros_ws/src/install/xela_server_ros2/lib/libxela_server_ros2__rosidl_typesupport_c.so
[13.872s] -- Set runtime path of "/workspace/LeapXELA_Hardware_ws/ros_ws/src/install/xela_server_ros2/lib/libxela_server_ros2__rosidl_typesupport_c.so" to ""
[13.872s] -- Up-to-date: /workspace/LeapXELA_Hardware_ws/ros_ws/src/install/xela_server_ros2/include/xela_server_ros2/xela_server_ros2
[13.873s] -- Up-to-date: /workspace/LeapXELA_Hardware_ws/ros_ws/src/install/xela_server_ros2/include/xela_server_ros2/xela_server_ros2/srv
[13.873s] -- Up-to-date: /workspace/LeapXELA_Hardware_ws/ros_ws/src/install/xela_server_ros2/include/xela_server_ros2/xela_server_ros2/srv/detail
[13.873s] -- Installing: /workspace/LeapXELA_Hardware_ws/ros_ws/src/install/xela_server_ros2/include/xela_server_ros2/xela_server_ros2/srv/detail/xela_sensor_stream__type_support.cpp
[13.873s] -- Installing: /workspace/LeapXELA_Hardware_ws/ros_ws/src/install/xela_server_ros2/include/xela_server_ros2/xela_server_ros2/srv/detail/xela_sensor_stream__rosidl_typesupport_introspection_cpp.hpp
[13.873s] -- Up-to-date: /workspace/LeapXELA_Hardware_ws/ros_ws/src/install/xela_server_ros2/include/xela_server_ros2/xela_server_ros2/msg
[13.874s] -- Up-to-date: /workspace/LeapXELA_Hardware_ws/ros_ws/src/install/xela_server_ros2/include/xela_server_ros2/xela_server_ros2/msg/detail
[13.874s] -- Installing: /workspace/LeapXELA_Hardware_ws/ros_ws/src/install/xela_server_ros2/include/xela_server_ros2/xela_server_ros2/msg/detail/taxel__type_support.cpp
[13.874s] -- Installing: /workspace/LeapXELA_Hardware_ws/ros_ws/src/install/xela_server_ros2/include/xela_server_ros2/xela_server_ros2/msg/detail/sens_stream__rosidl_typesupport_introspection_cpp.hpp
[13.874s] -- Installing: /workspace/LeapXELA_Hardware_ws/ros_ws/src/install/xela_server_ros2/include/xela_server_ros2/xela_server_ros2/msg/detail/sensor_full__rosidl_typesupport_introspection_cpp.hpp
[13.874s] -- Installing: /workspace/LeapXELA_Hardware_ws/ros_ws/src/install/xela_server_ros2/include/xela_server_ros2/xela_server_ros2/msg/detail/taxel__rosidl_typesupport_introspection_cpp.hpp
[13.874s] -- Installing: /workspace/LeapXELA_Hardware_ws/ros_ws/src/install/xela_server_ros2/include/xela_server_ros2/xela_server_ros2/msg/detail/forces__rosidl_typesupport_introspection_cpp.hpp
[13.874s] -- Installing: /workspace/LeapXELA_Hardware_ws/ros_ws/src/install/xela_server_ros2/include/xela_server_ros2/xela_server_ros2/msg/detail/sensor_full__type_support.cpp
[13.874s] -- Installing: /workspace/LeapXELA_Hardware_ws/ros_ws/src/install/xela_server_ros2/include/xela_server_ros2/xela_server_ros2/msg/detail/forces__type_support.cpp
[13.875s] -- Installing: /workspace/LeapXELA_Hardware_ws/ros_ws/src/install/xela_server_ros2/include/xela_server_ros2/xela_server_ros2/msg/detail/sens_stream__type_support.cpp
[13.875s] -- Installing: /workspace/LeapXELA_Hardware_ws/ros_ws/src/install/xela_server_ros2/lib/libxela_server_ros2__rosidl_typesupport_introspection_cpp.so
[13.875s] -- Set runtime path of "/workspace/LeapXELA_Hardware_ws/ros_ws/src/install/xela_server_ros2/lib/libxela_server_ros2__rosidl_typesupport_introspection_cpp.so" to ""
[13.875s] -- Installing: /workspace/LeapXELA_Hardware_ws/ros_ws/src/install/xela_server_ros2/lib/libxela_server_ros2__rosidl_typesupport_cpp.so
[13.876s] -- Set runtime path of "/workspace/LeapXELA_Hardware_ws/ros_ws/src/install/xela_server_ros2/lib/libxela_server_ros2__rosidl_typesupport_cpp.so" to ""
[13.876s] -- Installing: /workspace/LeapXELA_Hardware_ws/ros_ws/src/install/xela_server_ros2/share/xela_server_ros2/environment/pythonpath.sh
[13.876s] -- Installing: /workspace/LeapXELA_Hardware_ws/ros_ws/src/install/xela_server_ros2/share/xela_server_ros2/environment/pythonpath.dsv
[13.876s] -- Installing: /workspace/LeapXELA_Hardware_ws/ros_ws/src/install/xela_server_ros2/local/lib/python3.10/dist-packages/xela_server_ros2-1.5.0-py3.10.egg-info
[13.877s] -- Installing: /workspace/LeapXELA_Hardware_ws/ros_ws/src/install/xela_server_ros2/local/lib/python3.10/dist-packages/xela_server_ros2-1.5.0-py3.10.egg-info/dependency_links.txt
[13.877s] -- Installing: /workspace/LeapXELA_Hardware_ws/ros_ws/src/install/xela_server_ros2/local/lib/python3.10/dist-packages/xela_server_ros2-1.5.0-py3.10.egg-info/SOURCES.txt
[13.877s] -- Installing: /workspace/LeapXELA_Hardware_ws/ros_ws/src/install/xela_server_ros2/local/lib/python3.10/dist-packages/xela_server_ros2-1.5.0-py3.10.egg-info/PKG-INFO
[13.877s] -- Installing: /workspace/LeapXELA_Hardware_ws/ros_ws/src/install/xela_server_ros2/local/lib/python3.10/dist-packages/xela_server_ros2-1.5.0-py3.10.egg-info/top_level.txt
[13.877s] -- Installing: /workspace/LeapXELA_Hardware_ws/ros_ws/src/install/xela_server_ros2/local/lib/python3.10/dist-packages/xela_server_ros2
[13.878s] -- Installing: /workspace/LeapXELA_Hardware_ws/ros_ws/src/install/xela_server_ros2/local/lib/python3.10/dist-packages/xela_server_ros2/__init__.py
[13.878s] -- Installing: /workspace/LeapXELA_Hardware_ws/ros_ws/src/install/xela_server_ros2/local/lib/python3.10/dist-packages/xela_server_ros2/_xela_server_ros2_s.ep.rosidl_typesupport_c.c
[13.878s] -- Installing: /workspace/LeapXELA_Hardware_ws/ros_ws/src/install/xela_server_ros2/local/lib/python3.10/dist-packages/xela_server_ros2/xela_server_ros2_s__rosidl_typesupport_c.cpython-310-x86_64-linux-gnu.so
[13.878s] -- Installing: /workspace/LeapXELA_Hardware_ws/ros_ws/src/install/xela_server_ros2/local/lib/python3.10/dist-packages/xela_server_ros2/xela_server_ros2_s__rosidl_typesupport_fastrtps_c.cpython-310-x86_64-linux-gnu.so
[13.878s] -- Installing: /workspace/LeapXELA_Hardware_ws/ros_ws/src/install/xela_server_ros2/local/lib/python3.10/dist-packages/xela_server_ros2/_xela_server_ros2_s.ep.rosidl_typesupport_introspection_c.c
[13.878s] -- Installing: /workspace/LeapXELA_Hardware_ws/ros_ws/src/install/xela_server_ros2/local/lib/python3.10/dist-packages/xela_server_ros2/libxela_server_ros2__rosidl_generator_py.so
[13.879s] -- Installing: /workspace/LeapXELA_Hardware_ws/ros_ws/src/install/xela_server_ros2/local/lib/python3.10/dist-packages/xela_server_ros2/_xela_server_ros2_s.ep.rosidl_typesupport_fastrtps_c.c
[13.879s] -- Installing: /workspace/LeapXELA_Hardware_ws/ros_ws/src/install/xela_server_ros2/local/lib/python3.10/dist-packages/xela_server_ros2/srv
[13.879s] -- Installing: /workspace/LeapXELA_Hardware_ws/ros_ws/src/install/xela_server_ros2/local/lib/python3.10/dist-packages/xela_server_ros2/srv/__init__.py
[13.879s] -- Installing: /workspace/LeapXELA_Hardware_ws/ros_ws/src/install/xela_server_ros2/local/lib/python3.10/dist-packages/xela_server_ros2/srv/_xela_sensor_stream_s.c
[13.879s] -- Installing: /workspace/LeapXELA_Hardware_ws/ros_ws/src/install/xela_server_ros2/local/lib/python3.10/dist-packages/xela_server_ros2/srv/_xela_sensor_stream.py
[13.879s] -- Installing: /workspace/LeapXELA_Hardware_ws/ros_ws/src/install/xela_server_ros2/local/lib/python3.10/dist-packages/xela_server_ros2/xela_server_ros2_s__rosidl_typesupport_introspection_c.cpython-310-x86_64-linux-gnu.so
[13.880s] -- Installing: /workspace/LeapXELA_Hardware_ws/ros_ws/src/install/xela_server_ros2/local/lib/python3.10/dist-packages/xela_server_ros2/msg
[13.880s] -- Installing: /workspace/LeapXELA_Hardware_ws/ros_ws/src/install/xela_server_ros2/local/lib/python3.10/dist-packages/xela_server_ros2/msg/_taxel_s.c
[13.880s] -- Installing: /workspace/LeapXELA_Hardware_ws/ros_ws/src/install/xela_server_ros2/local/lib/python3.10/dist-packages/xela_server_ros2/msg/__init__.py
[13.880s] -- Installing: /workspace/LeapXELA_Hardware_ws/ros_ws/src/install/xela_server_ros2/local/lib/python3.10/dist-packages/xela_server_ros2/msg/_sens_stream.py
[13.880s] -- Installing: /workspace/LeapXELA_Hardware_ws/ros_ws/src/install/xela_server_ros2/local/lib/python3.10/dist-packages/xela_server_ros2/msg/_forces.py
[13.880s] -- Installing: /workspace/LeapXELA_Hardware_ws/ros_ws/src/install/xela_server_ros2/local/lib/python3.10/dist-packages/xela_server_ros2/msg/_sensor_full_s.c
[13.880s] -- Installing: /workspace/LeapXELA_Hardware_ws/ros_ws/src/install/xela_server_ros2/local/lib/python3.10/dist-packages/xela_server_ros2/msg/_sens_stream_s.c
[13.880s] -- Installing: /workspace/LeapXELA_Hardware_ws/ros_ws/src/install/xela_server_ros2/local/lib/python3.10/dist-packages/xela_server_ros2/msg/_sensor_full.py
[13.881s] -- Installing: /workspace/LeapXELA_Hardware_ws/ros_ws/src/install/xela_server_ros2/local/lib/python3.10/dist-packages/xela_server_ros2/msg/_forces_s.c
[13.881s] -- Installing: /workspace/LeapXELA_Hardware_ws/ros_ws/src/install/xela_server_ros2/local/lib/python3.10/dist-packages/xela_server_ros2/msg/_taxel.py
[13.968s] Listing '/workspace/LeapXELA_Hardware_ws/ros_ws/src/install/xela_server_ros2/local/lib/python3.10/dist-packages/xela_server_ros2'...
[13.969s] Compiling '/workspace/LeapXELA_Hardware_ws/ros_ws/src/install/xela_server_ros2/local/lib/python3.10/dist-packages/xela_server_ros2/__init__.py'...
[13.969s] Listing '/workspace/LeapXELA_Hardware_ws/ros_ws/src/install/xela_server_ros2/local/lib/python3.10/dist-packages/xela_server_ros2/msg'...
[13.969s] Compiling '/workspace/LeapXELA_Hardware_ws/ros_ws/src/install/xela_server_ros2/local/lib/python3.10/dist-packages/xela_server_ros2/msg/__init__.py'...
[13.969s] Compiling '/workspace/LeapXELA_Hardware_ws/ros_ws/src/install/xela_server_ros2/local/lib/python3.10/dist-packages/xela_server_ros2/msg/_forces.py'...
[13.969s] Compiling '/workspace/LeapXELA_Hardware_ws/ros_ws/src/install/xela_server_ros2/local/lib/python3.10/dist-packages/xela_server_ros2/msg/_sens_stream.py'...
[13.969s] Compiling '/workspace/LeapXELA_Hardware_ws/ros_ws/src/install/xela_server_ros2/local/lib/python3.10/dist-packages/xela_server_ros2/msg/_sensor_full.py'...
[13.969s] Compiling '/workspace/LeapXELA_Hardware_ws/ros_ws/src/install/xela_server_ros2/local/lib/python3.10/dist-packages/xela_server_ros2/msg/_taxel.py'...
[13.969s] Listing '/workspace/LeapXELA_Hardware_ws/ros_ws/src/install/xela_server_ros2/local/lib/python3.10/dist-packages/xela_server_ros2/srv'...
[13.969s] Compiling '/workspace/LeapXELA_Hardware_ws/ros_ws/src/install/xela_server_ros2/local/lib/python3.10/dist-packages/xela_server_ros2/srv/__init__.py'...
[13.969s] Compiling '/workspace/LeapXELA_Hardware_ws/ros_ws/src/install/xela_server_ros2/local/lib/python3.10/dist-packages/xela_server_ros2/srv/_xela_sensor_stream.py'...
[13.977s] -- Installing: /workspace/LeapXELA_Hardware_ws/ros_ws/src/install/xela_server_ros2/local/lib/python3.10/dist-packages/xela_server_ros2/xela_server_ros2_s__rosidl_typesupport_fastrtps_c.cpython-310-x86_64-linux-gnu.so
[13.978s] -- Set runtime path of "/workspace/LeapXELA_Hardware_ws/ros_ws/src/install/xela_server_ros2/local/lib/python3.10/dist-packages/xela_server_ros2/xela_server_ros2_s__rosidl_typesupport_fastrtps_c.cpython-310-x86_64-linux-gnu.so" to ""
[13.978s] -- Installing: /workspace/LeapXELA_Hardware_ws/ros_ws/src/install/xela_server_ros2/local/lib/python3.10/dist-packages/xela_server_ros2/xela_server_ros2_s__rosidl_typesupport_introspection_c.cpython-310-x86_64-linux-gnu.so
[13.979s] -- Set runtime path of "/workspace/LeapXELA_Hardware_ws/ros_ws/src/install/xela_server_ros2/local/lib/python3.10/dist-packages/xela_server_ros2/xela_server_ros2_s__rosidl_typesupport_introspection_c.cpython-310-x86_64-linux-gnu.so" to ""
[13.979s] -- Installing: /workspace/LeapXELA_Hardware_ws/ros_ws/src/install/xela_server_ros2/local/lib/python3.10/dist-packages/xela_server_ros2/xela_server_ros2_s__rosidl_typesupport_c.cpython-310-x86_64-linux-gnu.so
[13.979s] -- Set runtime path of "/workspace/LeapXELA_Hardware_ws/ros_ws/src/install/xela_server_ros2/local/lib/python3.10/dist-packages/xela_server_ros2/xela_server_ros2_s__rosidl_typesupport_c.cpython-310-x86_64-linux-gnu.so" to ""
[13.980s] -- Installing: /workspace/LeapXELA_Hardware_ws/ros_ws/src/install/xela_server_ros2/lib/libxela_server_ros2__rosidl_generator_py.so
[13.980s] -- Set runtime path of "/workspace/LeapXELA_Hardware_ws/ros_ws/src/install/xela_server_ros2/lib/libxela_server_ros2__rosidl_generator_py.so" to ""
[13.980s] -- Installing: /workspace/LeapXELA_Hardware_ws/ros_ws/src/install/xela_server_ros2/share/ament_index/resource_index/rust_packages/xela_server_ros2
[13.980s] -- Installing: /workspace/LeapXELA_Hardware_ws/ros_ws/src/install/xela_server_ros2/share/xela_server_ros2/rust
[13.981s] -- Installing: /workspace/LeapXELA_Hardware_ws/ros_ws/src/install/xela_server_ros2/share/xela_server_ros2/rust/Cargo.toml
[13.981s] -- Installing: /workspace/LeapXELA_Hardware_ws/ros_ws/src/install/xela_server_ros2/share/xela_server_ros2/rust/src
[13.981s] -- Installing: /workspace/LeapXELA_Hardware_ws/ros_ws/src/install/xela_server_ros2/share/xela_server_ros2/rust/src/lib.rs
[13.981s] -- Installing: /workspace/LeapXELA_Hardware_ws/ros_ws/src/install/xela_server_ros2/share/xela_server_ros2/rust/src/msg.rs
[13.981s] -- Installing: /workspace/LeapXELA_Hardware_ws/ros_ws/src/install/xela_server_ros2/share/xela_server_ros2/rust/src/srv
[13.982s] -- Installing: /workspace/LeapXELA_Hardware_ws/ros_ws/src/install/xela_server_ros2/share/xela_server_ros2/rust/src/srv/rmw.rs
[13.982s] -- Installing: /workspace/LeapXELA_Hardware_ws/ros_ws/src/install/xela_server_ros2/share/xela_server_ros2/rust/src/msg
[13.982s] -- Installing: /workspace/LeapXELA_Hardware_ws/ros_ws/src/install/xela_server_ros2/share/xela_server_ros2/rust/src/msg/rmw.rs
[13.982s] -- Installing: /workspace/LeapXELA_Hardware_ws/ros_ws/src/install/xela_server_ros2/share/xela_server_ros2/rust/src/srv.rs
[13.982s] -- Installing: /workspace/LeapXELA_Hardware_ws/ros_ws/src/install/xela_server_ros2/share/xela_server_ros2/rust/build.rs
[13.982s] -- Installing: /workspace/LeapXELA_Hardware_ws/ros_ws/src/install/xela_server_ros2/share/xela_server_ros2/msg/SensorFull.idl
[13.983s] -- Installing: /workspace/LeapXELA_Hardware_ws/ros_ws/src/install/xela_server_ros2/share/xela_server_ros2/msg/SensStream.idl
[13.983s] -- Installing: /workspace/LeapXELA_Hardware_ws/ros_ws/src/install/xela_server_ros2/share/xela_server_ros2/msg/Taxel.idl
[13.983s] -- Installing: /workspace/LeapXELA_Hardware_ws/ros_ws/src/install/xela_server_ros2/share/xela_server_ros2/msg/Forces.idl
[13.983s] -- Installing: /workspace/LeapXELA_Hardware_ws/ros_ws/src/install/xela_server_ros2/share/xela_server_ros2/srv/XelaSensorStream.idl
[13.983s] -- Installing: /workspace/LeapXELA_Hardware_ws/ros_ws/src/install/xela_server_ros2/share/xela_server_ros2/msg/SensorFull.msg
[13.984s] -- Installing: /workspace/LeapXELA_Hardware_ws/ros_ws/src/install/xela_server_ros2/share/xela_server_ros2/msg/SensStream.msg
[13.984s] -- Installing: /workspace/LeapXELA_Hardware_ws/ros_ws/src/install/xela_server_ros2/share/xela_server_ros2/msg/Taxel.msg
[13.984s] -- Installing: /workspace/LeapXELA_Hardware_ws/ros_ws/src/install/xela_server_ros2/share/xela_server_ros2/msg/Forces.msg
[13.984s] -- Installing: /workspace/LeapXELA_Hardware_ws/ros_ws/src/install/xela_server_ros2/share/xela_server_ros2/srv/XelaSensorStream.srv
[13.984s] -- Installing: /workspace/LeapXELA_Hardware_ws/ros_ws/src/install/xela_server_ros2/share/xela_server_ros2/srv/XelaSensorStream_Request.msg
[13.984s] -- Installing: /workspace/LeapXELA_Hardware_ws/ros_ws/src/install/xela_server_ros2/share/xela_server_ros2/srv/XelaSensorStream_Response.msg
[13.985s] -- Installing: /workspace/LeapXELA_Hardware_ws/ros_ws/src/install/xela_server_ros2/lib/xela_server_ros2/xela_server
[13.985s] -- Installing: /workspace/LeapXELA_Hardware_ws/ros_ws/src/install/xela_server_ros2/lib/xela_server_ros2/xela_service
[13.985s] -- Up-to-date: /workspace/LeapXELA_Hardware_ws/ros_ws/src/install/xela_server_ros2/share/xela_server_ros2
[13.985s] -- Installing: /workspace/LeapXELA_Hardware_ws/ros_ws/src/install/xela_server_ros2/share/xela_server_ros2/service.launch
[13.985s] -- Installing: /workspace/LeapXELA_Hardware_ws/ros_ws/src/install/xela_server_ros2/share/ament_index/resource_index/package_run_dependencies/xela_server_ros2
[13.985s] -- Installing: /workspace/LeapXELA_Hardware_ws/ros_ws/src/install/xela_server_ros2/share/ament_index/resource_index/parent_prefix_path/xela_server_ros2
[13.985s] -- Installing: /workspace/LeapXELA_Hardware_ws/ros_ws/src/install/xela_server_ros2/share/xela_server_ros2/environment/ament_prefix_path.sh
[13.986s] -- Installing: /workspace/LeapXELA_Hardware_ws/ros_ws/src/install/xela_server_ros2/share/xela_server_ros2/environment/ament_prefix_path.dsv
[13.986s] -- Installing: /workspace/LeapXELA_Hardware_ws/ros_ws/src/install/xela_server_ros2/share/xela_server_ros2/environment/path.sh
[13.986s] -- Installing: /workspace/LeapXELA_Hardware_ws/ros_ws/src/install/xela_server_ros2/share/xela_server_ros2/environment/path.dsv
[13.986s] -- Installing: /workspace/LeapXELA_Hardware_ws/ros_ws/src/install/xela_server_ros2/share/xela_server_ros2/local_setup.bash
[13.986s] -- Installing: /workspace/LeapXELA_Hardware_ws/ros_ws/src/install/xela_server_ros2/share/xela_server_ros2/local_setup.sh
[13.986s] -- Installing: /workspace/LeapXELA_Hardware_ws/ros_ws/src/install/xela_server_ros2/share/xela_server_ros2/local_setup.zsh
[13.987s] -- Installing: /workspace/LeapXELA_Hardware_ws/ros_ws/src/install/xela_server_ros2/share/xela_server_ros2/local_setup.dsv
[13.987s] -- Installing: /workspace/LeapXELA_Hardware_ws/ros_ws/src/install/xela_server_ros2/share/xela_server_ros2/package.dsv
[13.987s] -- Installing: /workspace/LeapXELA_Hardware_ws/ros_ws/src/install/xela_server_ros2/share/ament_index/resource_index/packages/xela_server_ros2
[13.987s] -- Installing: /workspace/LeapXELA_Hardware_ws/ros_ws/src/install/xela_server_ros2/share/xela_server_ros2/cmake/export_xela_server_ros2__rosidl_generator_cExport.cmake
[13.987s] -- Installing: /workspace/LeapXELA_Hardware_ws/ros_ws/src/install/xela_server_ros2/share/xela_server_ros2/cmake/export_xela_server_ros2__rosidl_generator_cExport-noconfig.cmake
[13.988s] -- Installing: /workspace/LeapXELA_Hardware_ws/ros_ws/src/install/xela_server_ros2/share/xela_server_ros2/cmake/export_xela_server_ros2__rosidl_typesupport_fastrtps_cExport.cmake
[13.988s] -- Installing: /workspace/LeapXELA_Hardware_ws/ros_ws/src/install/xela_server_ros2/share/xela_server_ros2/cmake/export_xela_server_ros2__rosidl_typesupport_fastrtps_cExport-noconfig.cmake
[13.988s] -- Installing: /workspace/LeapXELA_Hardware_ws/ros_ws/src/install/xela_server_ros2/share/xela_server_ros2/cmake/export_xela_server_ros2__rosidl_generator_cppExport.cmake
[13.988s] -- Installing: /workspace/LeapXELA_Hardware_ws/ros_ws/src/install/xela_server_ros2/share/xela_server_ros2/cmake/export_xela_server_ros2__rosidl_typesupport_fastrtps_cppExport.cmake
[13.989s] -- Installing: /workspace/LeapXELA_Hardware_ws/ros_ws/src/install/xela_server_ros2/share/xela_server_ros2/cmake/export_xela_server_ros2__rosidl_typesupport_fastrtps_cppExport-noconfig.cmake
[13.989s] -- Installing: /workspace/LeapXELA_Hardware_ws/ros_ws/src/install/xela_server_ros2/share/xela_server_ros2/cmake/xela_server_ros2__rosidl_typesupport_introspection_cExport.cmake
[13.989s] -- Installing: /workspace/LeapXELA_Hardware_ws/ros_ws/src/install/xela_server_ros2/share/xela_server_ros2/cmake/xela_server_ros2__rosidl_typesupport_introspection_cExport-noconfig.cmake
[13.989s] -- Installing: /workspace/LeapXELA_Hardware_ws/ros_ws/src/install/xela_server_ros2/share/xela_server_ros2/cmake/xela_server_ros2__rosidl_typesupport_cExport.cmake
[13.989s] -- Installing: /workspace/LeapXELA_Hardware_ws/ros_ws/src/install/xela_server_ros2/share/xela_server_ros2/cmake/xela_server_ros2__rosidl_typesupport_cExport-noconfig.cmake
[13.990s] -- Installing: /workspace/LeapXELA_Hardware_ws/ros_ws/src/install/xela_server_ros2/share/xela_server_ros2/cmake/xela_server_ros2__rosidl_typesupport_introspection_cppExport.cmake
[13.990s] -- Installing: /workspace/LeapXELA_Hardware_ws/ros_ws/src/install/xela_server_ros2/share/xela_server_ros2/cmake/xela_server_ros2__rosidl_typesupport_introspection_cppExport-noconfig.cmake
[13.990s] -- Installing: /workspace/LeapXELA_Hardware_ws/ros_ws/src/install/xela_server_ros2/share/xela_server_ros2/cmake/xela_server_ros2__rosidl_typesupport_cppExport.cmake
[13.990s] -- Installing: /workspace/LeapXELA_Hardware_ws/ros_ws/src/install/xela_server_ros2/share/xela_server_ros2/cmake/xela_server_ros2__rosidl_typesupport_cppExport-noconfig.cmake
[13.990s] -- Installing: /workspace/LeapXELA_Hardware_ws/ros_ws/src/install/xela_server_ros2/share/xela_server_ros2/cmake/export_xela_server_ros2__rosidl_generator_pyExport.cmake
[13.990s] -- Installing: /workspace/LeapXELA_Hardware_ws/ros_ws/src/install/xela_server_ros2/share/xela_server_ros2/cmake/export_xela_server_ros2__rosidl_generator_pyExport-noconfig.cmake
[13.991s] -- Installing: /workspace/LeapXELA_Hardware_ws/ros_ws/src/install/xela_server_ros2/share/xela_server_ros2/cmake/rosidl_cmake-extras.cmake
[13.991s] -- Installing: /workspace/LeapXELA_Hardware_ws/ros_ws/src/install/xela_server_ros2/share/xela_server_ros2/cmake/ament_cmake_export_dependencies-extras.cmake
[13.991s] -- Installing: /workspace/LeapXELA_Hardware_ws/ros_ws/src/install/xela_server_ros2/share/xela_server_ros2/cmake/ament_cmake_export_include_directories-extras.cmake
[13.991s] -- Installing: /workspace/LeapXELA_Hardware_ws/ros_ws/src/install/xela_server_ros2/share/xela_server_ros2/cmake/ament_cmake_export_libraries-extras.cmake
[13.991s] -- Installing: /workspace/LeapXELA_Hardware_ws/ros_ws/src/install/xela_server_ros2/share/xela_server_ros2/cmake/ament_cmake_export_targets-extras.cmake
[13.991s] -- Installing: /workspace/LeapXELA_Hardware_ws/ros_ws/src/install/xela_server_ros2/share/xela_server_ros2/cmake/rosidl_cmake_export_typesupport_targets-extras.cmake
[13.991s] -- Installing: /workspace/LeapXELA_Hardware_ws/ros_ws/src/install/xela_server_ros2/share/xela_server_ros2/cmake/rosidl_cmake_export_typesupport_libraries-extras.cmake
[13.992s] -- Installing: /workspace/LeapXELA_Hardware_ws/ros_ws/src/install/xela_server_ros2/share/xela_server_ros2/cmake/xela_server_ros2Config.cmake
[13.992s] -- Installing: /workspace/LeapXELA_Hardware_ws/ros_ws/src/install/xela_server_ros2/share/xela_server_ros2/cmake/xela_server_ros2Config-version.cmake
[13.992s] -- Installing: /workspace/LeapXELA_Hardware_ws/ros_ws/src/install/xela_server_ros2/share/xela_server_ros2/package.xml
[13.997s] Invoked command in '/workspace/LeapXELA_Hardware_ws/ros_ws/src/build/xela_server_ros2' returned '0': CMAKE_PREFIX_PATH=/opt/ros/humble /usr/bin/cmake --install /workspace/LeapXELA_Hardware_ws/ros_ws/src/build/xela_server_ros2
