[1.836s] Invoking command in '/workspace/LeapXELA_Hardware_ws/build/mujoco_c_example': /usr/bin/cmake /workspace/LeapXELA_Hardware_ws/mujoco_c_example -DCMAKE_INSTALL_PREFIX=/workspace/LeapXELA_Hardware_ws/install/mujoco_c_example
[2.512s] -- The CXX compiler identification is GNU 11.4.0
[2.590s] -- Detecting CXX compiler ABI info
[2.764s] -- Detecting CXX compiler ABI info - done
[2.781s] -- Check for working CXX compiler: /usr/bin/c++ - skipped
[2.782s] -- Detecting CXX compile features
[2.782s] -- Detecting CXX compile features - done
[2.921s] -- Found OpenGL: /usr/lib/x86_64-linux-gnu/libOpenGL.so   
[2.987s] -- Configuring done
[3.003s] -- Generating done
[3.006s] -- Build files have been written to: /workspace/LeapXELA_Hardware_ws/build/mujoco_c_example
[3.011s] Invoked command in '/workspace/LeapXELA_Hardware_ws/build/mujoco_c_example' returned '0': /usr/bin/cmake /workspace/LeapXELA_Hardware_ws/mujoco_c_example -DCMAKE_INSTALL_PREFIX=/workspace/LeapXELA_Hardware_ws/install/mujoco_c_example
[3.014s] Invoking command in '/workspace/LeapXELA_Hardware_ws/build/mujoco_c_example': /usr/bin/cmake --build /workspace/LeapXELA_Hardware_ws/build/mujoco_c_example -- -j16 -l16
[3.090s] [ 25%] [32mBuilding CXX object CMakeFiles/load_model.dir/load_model.cc.o[0m
[4.465s] [ 50%] [32m[1mLinking CXX executable load_model[0m
[4.598s] [ 50%] Built target load_model
[4.630s] [ 75%] [32mBuilding CXX object CMakeFiles/load_only.dir/load_only.cc.o[0m
[5.115s] [100%] [32m[1mLinking CXX executable load_only[0m
[5.236s] [100%] Built target load_only
[5.253s] Invoked command in '/workspace/LeapXELA_Hardware_ws/build/mujoco_c_example' returned '0': /usr/bin/cmake --build /workspace/LeapXELA_Hardware_ws/build/mujoco_c_example -- -j16 -l16
