/workspace/LeapXELA_Hardware_ws/install/avp_stream/lib/python3.10/site-packages/avp_stream/__init__.py
/workspace/LeapXELA_Hardware_ws/install/avp_stream/lib/python3.10/site-packages/avp_stream/sim_latency_test.py
/workspace/LeapXELA_Hardware_ws/install/avp_stream/lib/python3.10/site-packages/avp_stream/streamer.py
/workspace/LeapXELA_Hardware_ws/install/avp_stream/lib/python3.10/site-packages/avp_stream/benchmark_rate.py
/workspace/LeapXELA_Hardware_ws/install/avp_stream/lib/python3.10/site-packages/avp_stream/calibration_server.py
/workspace/LeapXELA_Hardware_ws/install/avp_stream/lib/python3.10/site-packages/avp_stream/verification_engine.py
/workspace/LeapXELA_Hardware_ws/install/avp_stream/lib/python3.10/site-packages/avp_stream/prepare_calibration.py
/workspace/LeapXELA_Hardware_ws/install/avp_stream/lib/python3.10/site-packages/avp_stream/bridge_avp.py
/workspace/LeapXELA_Hardware_ws/install/avp_stream/lib/python3.10/site-packages/avp_stream/latency_test.py
/workspace/LeapXELA_Hardware_ws/install/avp_stream/lib/python3.10/site-packages/avp_stream/run_calibration.py
/workspace/LeapXELA_Hardware_ws/install/avp_stream/lib/python3.10/site-packages/avp_stream/plot_benchmarks.py
/workspace/LeapXELA_Hardware_ws/install/avp_stream/lib/python3.10/site-packages/avp_stream/datasets/__init__.py
/workspace/LeapXELA_Hardware_ws/install/avp_stream/lib/python3.10/site-packages/avp_stream/datasets/models.py
/workspace/LeapXELA_Hardware_ws/install/avp_stream/lib/python3.10/site-packages/avp_stream/datasets/cloudkit.py
/workspace/LeapXELA_Hardware_ws/install/avp_stream/lib/python3.10/site-packages/avp_stream/datasets/downloaders.py
/workspace/LeapXELA_Hardware_ws/install/avp_stream/lib/python3.10/site-packages/avp_stream/mujoco_msg/__init__.py
/workspace/LeapXELA_Hardware_ws/install/avp_stream/lib/python3.10/site-packages/avp_stream/mujoco_msg/mujoco_ar_pb2.py
/workspace/LeapXELA_Hardware_ws/install/avp_stream/lib/python3.10/site-packages/avp_stream/mujoco_msg/upload_xml.py
/workspace/LeapXELA_Hardware_ws/install/avp_stream/lib/python3.10/site-packages/avp_stream/mujoco_msg/mujoco_ar_pb2_grpc.py
/workspace/LeapXELA_Hardware_ws/install/avp_stream/lib/python3.10/site-packages/avp_stream/grpc_msg/__init__.py
/workspace/LeapXELA_Hardware_ws/install/avp_stream/lib/python3.10/site-packages/avp_stream/grpc_msg/handtracking_pb2_grpc.py
/workspace/LeapXELA_Hardware_ws/install/avp_stream/lib/python3.10/site-packages/avp_stream/grpc_msg/handtracking_pb2.py
/workspace/LeapXELA_Hardware_ws/install/avp_stream/lib/python3.10/site-packages/avp_stream/utils/__init__.py
/workspace/LeapXELA_Hardware_ws/install/avp_stream/lib/python3.10/site-packages/avp_stream/utils/latency_benchmark.py
/workspace/LeapXELA_Hardware_ws/install/avp_stream/lib/python3.10/site-packages/avp_stream/utils/se3_utils.py
/workspace/LeapXELA_Hardware_ws/install/avp_stream/lib/python3.10/site-packages/avp_stream/utils/isaac_utils.py
/workspace/LeapXELA_Hardware_ws/install/avp_stream/lib/python3.10/site-packages/avp_stream/utils/isaac_usdz_export.py
/workspace/LeapXELA_Hardware_ws/install/avp_stream/lib/python3.10/site-packages/avp_stream/utils/recording_loader.py
/workspace/LeapXELA_Hardware_ws/install/avp_stream/lib/python3.10/site-packages/avp_stream/utils/plot_benchmark.py
/workspace/LeapXELA_Hardware_ws/install/avp_stream/lib/python3.10/site-packages/avp_stream/utils/grpc_utils.py
/workspace/LeapXELA_Hardware_ws/install/avp_stream/lib/python3.10/site-packages/avp_stream/utils/trn_constants.py
/workspace/LeapXELA_Hardware_ws/install/avp_stream/lib/python3.10/site-packages/avp_stream/__pycache__/__init__.cpython-310.pyc
/workspace/LeapXELA_Hardware_ws/install/avp_stream/lib/python3.10/site-packages/avp_stream/__pycache__/sim_latency_test.cpython-310.pyc
/workspace/LeapXELA_Hardware_ws/install/avp_stream/lib/python3.10/site-packages/avp_stream/__pycache__/streamer.cpython-310.pyc
/workspace/LeapXELA_Hardware_ws/install/avp_stream/lib/python3.10/site-packages/avp_stream/__pycache__/benchmark_rate.cpython-310.pyc
/workspace/LeapXELA_Hardware_ws/install/avp_stream/lib/python3.10/site-packages/avp_stream/__pycache__/calibration_server.cpython-310.pyc
/workspace/LeapXELA_Hardware_ws/install/avp_stream/lib/python3.10/site-packages/avp_stream/__pycache__/verification_engine.cpython-310.pyc
/workspace/LeapXELA_Hardware_ws/install/avp_stream/lib/python3.10/site-packages/avp_stream/__pycache__/prepare_calibration.cpython-310.pyc
/workspace/LeapXELA_Hardware_ws/install/avp_stream/lib/python3.10/site-packages/avp_stream/__pycache__/bridge_avp.cpython-310.pyc
/workspace/LeapXELA_Hardware_ws/install/avp_stream/lib/python3.10/site-packages/avp_stream/__pycache__/latency_test.cpython-310.pyc
/workspace/LeapXELA_Hardware_ws/install/avp_stream/lib/python3.10/site-packages/avp_stream/__pycache__/run_calibration.cpython-310.pyc
/workspace/LeapXELA_Hardware_ws/install/avp_stream/lib/python3.10/site-packages/avp_stream/__pycache__/plot_benchmarks.cpython-310.pyc
/workspace/LeapXELA_Hardware_ws/install/avp_stream/lib/python3.10/site-packages/avp_stream/datasets/__pycache__/__init__.cpython-310.pyc
/workspace/LeapXELA_Hardware_ws/install/avp_stream/lib/python3.10/site-packages/avp_stream/datasets/__pycache__/models.cpython-310.pyc
/workspace/LeapXELA_Hardware_ws/install/avp_stream/lib/python3.10/site-packages/avp_stream/datasets/__pycache__/cloudkit.cpython-310.pyc
/workspace/LeapXELA_Hardware_ws/install/avp_stream/lib/python3.10/site-packages/avp_stream/datasets/__pycache__/downloaders.cpython-310.pyc
/workspace/LeapXELA_Hardware_ws/install/avp_stream/lib/python3.10/site-packages/avp_stream/mujoco_msg/__pycache__/__init__.cpython-310.pyc
/workspace/LeapXELA_Hardware_ws/install/avp_stream/lib/python3.10/site-packages/avp_stream/mujoco_msg/__pycache__/mujoco_ar_pb2.cpython-310.pyc
/workspace/LeapXELA_Hardware_ws/install/avp_stream/lib/python3.10/site-packages/avp_stream/mujoco_msg/__pycache__/upload_xml.cpython-310.pyc
/workspace/LeapXELA_Hardware_ws/install/avp_stream/lib/python3.10/site-packages/avp_stream/mujoco_msg/__pycache__/mujoco_ar_pb2_grpc.cpython-310.pyc
/workspace/LeapXELA_Hardware_ws/install/avp_stream/lib/python3.10/site-packages/avp_stream/grpc_msg/__pycache__/__init__.cpython-310.pyc
/workspace/LeapXELA_Hardware_ws/install/avp_stream/lib/python3.10/site-packages/avp_stream/grpc_msg/__pycache__/handtracking_pb2_grpc.cpython-310.pyc
/workspace/LeapXELA_Hardware_ws/install/avp_stream/lib/python3.10/site-packages/avp_stream/grpc_msg/__pycache__/handtracking_pb2.cpython-310.pyc
/workspace/LeapXELA_Hardware_ws/install/avp_stream/lib/python3.10/site-packages/avp_stream/utils/__pycache__/__init__.cpython-310.pyc
/workspace/LeapXELA_Hardware_ws/install/avp_stream/lib/python3.10/site-packages/avp_stream/utils/__pycache__/latency_benchmark.cpython-310.pyc
/workspace/LeapXELA_Hardware_ws/install/avp_stream/lib/python3.10/site-packages/avp_stream/utils/__pycache__/se3_utils.cpython-310.pyc
/workspace/LeapXELA_Hardware_ws/install/avp_stream/lib/python3.10/site-packages/avp_stream/utils/__pycache__/isaac_utils.cpython-310.pyc
/workspace/LeapXELA_Hardware_ws/install/avp_stream/lib/python3.10/site-packages/avp_stream/utils/__pycache__/isaac_usdz_export.cpython-310.pyc
/workspace/LeapXELA_Hardware_ws/install/avp_stream/lib/python3.10/site-packages/avp_stream/utils/__pycache__/recording_loader.cpython-310.pyc
/workspace/LeapXELA_Hardware_ws/install/avp_stream/lib/python3.10/site-packages/avp_stream/utils/__pycache__/plot_benchmark.cpython-310.pyc
/workspace/LeapXELA_Hardware_ws/install/avp_stream/lib/python3.10/site-packages/avp_stream/utils/__pycache__/grpc_utils.cpython-310.pyc
/workspace/LeapXELA_Hardware_ws/install/avp_stream/lib/python3.10/site-packages/avp_stream/utils/__pycache__/trn_constants.cpython-310.pyc
/workspace/LeapXELA_Hardware_ws/install/avp_stream/lib/python3.10/site-packages/avp_stream-2.50-py3.10.egg-info/dependency_links.txt
/workspace/LeapXELA_Hardware_ws/install/avp_stream/lib/python3.10/site-packages/avp_stream-2.50-py3.10.egg-info/SOURCES.txt
/workspace/LeapXELA_Hardware_ws/install/avp_stream/lib/python3.10/site-packages/avp_stream-2.50-py3.10.egg-info/PKG-INFO
/workspace/LeapXELA_Hardware_ws/install/avp_stream/lib/python3.10/site-packages/avp_stream-2.50-py3.10.egg-info/requires.txt
/workspace/LeapXELA_Hardware_ws/install/avp_stream/lib/python3.10/site-packages/avp_stream-2.50-py3.10.egg-info/entry_points.txt
/workspace/LeapXELA_Hardware_ws/install/avp_stream/lib/python3.10/site-packages/avp_stream-2.50-py3.10.egg-info/top_level.txt
/workspace/LeapXELA_Hardware_ws/install/avp_stream/bin/avp
/workspace/LeapXELA_Hardware_ws/install/avp_stream/bin/setup-avp-wired
