[0.017s] Invoking command in '/home/mamad/PhD/LeapXELA_Hardware_ws/build/xela_server_ros2': CMAKE_PREFIX_PATH=${CMAKE_PREFIX_PATH}:/opt/ros/rolling CONDA_PROMPT_MODIFIER=(base) DEBUGINFOD_URLS=https://debuginfod.ubuntu.com /usr/bin/cmake /home/mamad/PhD/LeapXELA_Hardware_ws/ros_ws/src/xela_server_ros2 -DCMAKE_INSTALL_PREFIX=/home/mamad/PhD/LeapXELA_Hardware_ws/install/xela_server_ros2
[0.039s] -- Found rclcpp: 29.6.0 (/opt/ros/rolling/share/rclcpp/cmake)
[0.406s] -- Found rosidl_generator_c: 4.10.0 (/opt/ros/rolling/share/rosidl_generator_c/cmake)
[0.421s] -- Found rosidl_generator_cpp: 4.10.0 (/opt/ros/rolling/share/rosidl_generator_cpp/cmake)
[0.439s] -- Using all available rosidl_typesupport_c: rosidl_typesupport_fastrtps_c;rosidl_typesupport_introspection_c
[0.461s] -- Using all available rosidl_typesupport_cpp: rosidl_typesupport_fastrtps_cpp;rosidl_typesupport_introspection_cpp
[0.580s] -- Found rmw_implementation_cmake: 7.9.0 (/opt/ros/rolling/share/rmw_implementation_cmake/cmake)
[0.582s] -- Found rmw_cyclonedds_cpp: 4.1.0 (/opt/ros/rolling/share/rmw_cyclonedds_cpp/cmake)
[0.628s] -- Using RMW implementation 'rmw_cyclonedds_cpp' as default
[0.729s] -- Found rclpy: 9.2.0 (/opt/ros/rolling/share/rclpy/cmake)
[0.729s] -- Found std_msgs: 5.7.0 (/opt/ros/rolling/share/std_msgs/cmake)
[0.751s] -- Found geometry_msgs: 5.7.0 (/opt/ros/rolling/share/geometry_msgs/cmake)
[0.775s] -- Found rosidl_default_generators: 1.8.0 (/opt/ros/rolling/share/rosidl_default_generators/cmake)
[0.788s] -- Found rosidl_adapter: 4.10.0 (/opt/ros/rolling/share/rosidl_adapter/cmake)
[1.075s] [31mCMake Error at /opt/ros/rolling/share/rosidl_adapter/cmake/rosidl_adapt_interfaces.cmake:57 (message):
[1.075s]   execute_process(/home/mamad/miniconda3/bin/python3 -m rosidl_adapter
[1.076s]   --package-name xela_server_ros2 --arguments-file
[1.076s]   /home/mamad/PhD/LeapXELA_Hardware_ws/build/xela_server_ros2/rosidl_adapter__arguments__xela_server_ros2.json
[1.076s]   --output-dir
[1.076s]   /home/mamad/PhD/LeapXELA_Hardware_ws/build/xela_server_ros2/rosidl_adapter/xela_server_ros2
[1.076s]   --output-file
[1.076s]   /home/mamad/PhD/LeapXELA_Hardware_ws/build/xela_server_ros2/rosidl_adapter/xela_server_ros2.idls)
[1.076s]   returned error code 1:
[1.076s] 
[1.076s]   Traceback (most recent call last):
[1.077s] 
[1.077s]     File "<frozen runpy>", line 198, in _run_module_as_main
[1.077s]     File "<frozen runpy>", line 88, in _run_code
[1.077s]     File "/opt/ros/rolling/lib/python3.12/site-packages/rosidl_adapter/__main__.py", line 19, in <module>
[1.077s]       main()
[1.077s]       ~~~~^^
[1.077s]     File "/opt/ros/rolling/lib/python3.12/site-packages/rosidl_adapter/main.py", line 54, in main
[1.077s]       abs_idl_file = convert_to_idl(
[1.077s]           pathlib.Path(basepath), args.package_name,
[1.077s]           pathlib.Path(relative_path), output_dir)
[1.078s]     File "/opt/ros/rolling/lib/python3.12/site-packages/rosidl_adapter/__init__.py", line 21, in convert_to_idl
[1.078s]       from rosidl_adapter.msg import convert_msg_to_idl
[1.078s]     File "/opt/ros/rolling/lib/python3.12/site-packages/rosidl_adapter/msg/__init__.py", line 19, in <module>
[1.078s]       from rosidl_adapter.resource import expand_template, MsgData
[1.078s]     File "/opt/ros/rolling/lib/python3.12/site-packages/rosidl_adapter/resource/__init__.py", line 21, in <module>
[1.078s]       import em
[1.078s] 
[1.078s]   ModuleNotFoundError: No module named 'em'
[1.078s] 
[1.079s] Call Stack (most recent call first):
[1.079s]   /opt/ros/rolling/share/rosidl_cmake/cmake/rosidl_generate_interfaces.cmake:132 (rosidl_adapt_interfaces)
[1.079s]   CMakeLists.txt:22 (rosidl_generate_interfaces)
[1.079s] 
[1.079s] [0m
[1.079s] -- Configuring incomplete, errors occurred!
